/public3/home/scg5914/software-scg5914/LSW/1/data/data2/std_data/def2svp_b3lyp/cat_12.xyz
converged SCF energy = -2329.75421151896
**** MO energy ****
MO #1   energy= -77.2042003749053  occ= 2
MO #2   energy= -19.1851129889841  occ= 2
MO #3   energy= -19.1689325668585  occ= 2
MO #4   energy= -19.1652900924655  occ= 2
MO #5   energy= -19.1650552720029  occ= 2
MO #6   energy= -19.1527758665412  occ= 2
MO #7   energy= -19.1488587979833  occ= 2
MO #8   energy= -19.1387006168195  occ= 2
MO #9   energy= -19.0742579106968  occ= 2
MO #10  energy= -10.254113447342   occ= 2
MO #11  energy= -10.2525096529973  occ= 2
MO #12  energy= -10.2504508884176  occ= 2
MO #13  energy= -10.2491160934998  occ= 2
MO #14  energy= -10.2411610409589  occ= 2
MO #15  energy= -10.2408031927701  occ= 2
MO #16  energy= -10.2298129609914  occ= 2
MO #17  energy= -10.229750868207   occ= 2
MO #18  energy= -10.2268617160759  occ= 2
MO #19  energy= -10.2143135664632  occ= 2
MO #20  energy= -10.197618365412   occ= 2
MO #21  energy= -10.1961428456472  occ= 2
MO #22  energy= -10.194429403415   occ= 2
MO #23  energy= -10.1936435109275  occ= 2
MO #24  energy= -10.1912598038916  occ= 2
MO #25  energy= -10.1906698727873  occ= 2
MO #26  energy= -10.1897554337325  occ= 2
MO #27  energy= -10.1877354285956  occ= 2
MO #28  energy= -10.1873975649883  occ= 2
MO #29  energy= -10.1862338251883  occ= 2
MO #30  energy= -10.185018503708   occ= 2
MO #31  energy= -10.1848750069974  occ= 2
MO #32  energy= -10.1841363199074  occ= 2
MO #33  energy= -10.1837859929348  occ= 2
MO #34  energy= -10.1831038125128  occ= 2
MO #35  energy= -10.1829277448361  occ= 2
MO #36  energy= -10.1807318163648  occ= 2
MO #37  energy= -10.1778823146186  occ= 2
MO #38  energy= -10.1777082691306  occ= 2
MO #39  energy= -10.177106299061   occ= 2
MO #40  energy= -10.1767486641733  occ= 2
MO #41  energy= -10.1759088565928  occ= 2
MO #42  energy= -10.1729136740678  occ= 2
MO #43  energy= -10.1666816915003  occ= 2
MO #44  energy= -10.1627259938646  occ= 2
MO #45  energy= -10.1596938268482  occ= 2
MO #46  energy= -6.67943382814243  occ= 2
MO #47  energy= -4.84720892953797  occ= 2
MO #48  energy= -4.84669098319918  occ= 2
MO #49  energy= -4.84449403919869  occ= 2
MO #50  energy= -1.10344681153437  occ= 2
MO #51  energy= -1.07455932331446  occ= 2
MO #52  energy= -1.06215412503173  occ= 2
MO #53  energy= -1.04562178615015  occ= 2
MO #54  energy= -1.04031700465819  occ= 2
MO #55  energy= -1.03583351508528  occ= 2
MO #56  energy= -1.02482879651484  occ= 2
MO #57  energy= -0.947069004733778 occ= 2
MO #58  energy= -0.880219590688272 occ= 2
MO #59  energy= -0.866320556444498 occ= 2
MO #60  energy= -0.858708254741462 occ= 2
MO #61  energy= -0.8377925732112   occ= 2
MO #62  energy= -0.823644208623281 occ= 2
MO #63  energy= -0.813098991218744 occ= 2
MO #64  energy= -0.796504392605873 occ= 2
MO #65  energy= -0.770457585601026 occ= 2
MO #66  energy= -0.759847816419247 occ= 2
MO #67  energy= -0.75636504413647  occ= 2
MO #68  energy= -0.749630313445458 occ= 2
MO #69  energy= -0.734873746485522 occ= 2
MO #70  energy= -0.734703757082783 occ= 2
MO #71  energy= -0.726039435064391 occ= 2
MO #72  energy= -0.717683442728405 occ= 2
MO #73  energy= -0.707838124941051 occ= 2
MO #74  energy= -0.699824709714707 occ= 2
MO #75  energy= -0.687047866093807 occ= 2
MO #76  energy= -0.682886701772383 occ= 2
MO #77  energy= -0.665656655805875 occ= 2
MO #78  energy= -0.659472019708453 occ= 2
MO #79  energy= -0.636798077880354 occ= 2
MO #80  energy= -0.625457076505567 occ= 2
MO #81  energy= -0.620251520908839 occ= 2
MO #82  energy= -0.610405104252745 occ= 2
MO #83  energy= -0.595586343466907 occ= 2
MO #84  energy= -0.591711439235404 occ= 2
MO #85  energy= -0.590471200299564 occ= 2
MO #86  energy= -0.579575899729292 occ= 2
MO #87  energy= -0.569950786645773 occ= 2
MO #88  energy= -0.56673086483352  occ= 2
MO #89  energy= -0.561788108914404 occ= 2
MO #90  energy= -0.551822177765165 occ= 2
MO #91  energy= -0.546976048556738 occ= 2
MO #92  energy= -0.531518277226358 occ= 2
MO #93  energy= -0.52792171668658  occ= 2
MO #94  energy= -0.515126684938923 occ= 2
MO #95  energy= -0.512337685062781 occ= 2
MO #96  energy= -0.511375877511883 occ= 2
MO #97  energy= -0.500239990257129 occ= 2
MO #98  energy= -0.492452067130445 occ= 2
MO #99  energy= -0.490704376641014 occ= 2
MO #100 energy= -0.486066773144773 occ= 2
MO #101 energy= -0.478594344211732 occ= 2
MO #102 energy= -0.476082191933689 occ= 2
MO #103 energy= -0.475392950100076 occ= 2
MO #104 energy= -0.473936919180216 occ= 2
MO #105 energy= -0.471112991675101 occ= 2
MO #106 energy= -0.463080796759684 occ= 2
MO #107 energy= -0.459483693243397 occ= 2
MO #108 energy= -0.454854779539767 occ= 2
MO #109 energy= -0.452009833104422 occ= 2
MO #110 energy= -0.449782839685476 occ= 2
MO #111 energy= -0.44633066611276  occ= 2
MO #112 energy= -0.442821056594504 occ= 2
MO #113 energy= -0.434255472543598 occ= 2
MO #114 energy= -0.431197606737837 occ= 2
MO #115 energy= -0.429138792311043 occ= 2
MO #116 energy= -0.42595205096187  occ= 2
MO #117 energy= -0.424020573571036 occ= 2
MO #118 energy= -0.418592504713367 occ= 2
MO #119 energy= -0.417620970738493 occ= 2
MO #120 energy= -0.41110915850873  occ= 2
MO #121 energy= -0.405177028771207 occ= 2
MO #122 energy= -0.398083773179943 occ= 2
MO #123 energy= -0.396284478379344 occ= 2
MO #124 energy= -0.394831668012622 occ= 2
MO #125 energy= -0.392101445948579 occ= 2
MO #126 energy= -0.389013796267649 occ= 2
MO #127 energy= -0.387003592481373 occ= 2
MO #128 energy= -0.383759431975068 occ= 2
MO #129 energy= -0.377638095103853 occ= 2
MO #130 energy= -0.373766382527211 occ= 2
MO #131 energy= -0.370117815620002 occ= 2
MO #132 energy= -0.368580610634947 occ= 2
MO #133 energy= -0.365294317314312 occ= 2
MO #134 energy= -0.360211338434803 occ= 2
MO #135 energy= -0.357582870898859 occ= 2
MO #136 energy= -0.355063617561867 occ= 2
MO #137 energy= -0.350547884754381 occ= 2
MO #138 energy= -0.347806627574427 occ= 2
MO #139 energy= -0.344378972329709 occ= 2
MO #140 energy= -0.342551931946679 occ= 2
MO #141 energy= -0.333034776096768 occ= 2
MO #142 energy= -0.330940455164575 occ= 2
MO #143 energy= -0.322760827189251 occ= 2
MO #144 energy= -0.321210297195353 occ= 2
MO #145 energy= -0.318350991004343 occ= 2
MO #146 energy= -0.316368028302034 occ= 2
MO #147 energy= -0.316184379770172 occ= 2
MO #148 energy= -0.313155846238567 occ= 2
MO #149 energy= -0.30665739130697  occ= 2
MO #150 energy= -0.291952365479238 occ= 2
MO #151 energy= -0.287530431989228 occ= 2
MO #152 energy= -0.286425341441001 occ= 2
MO #153 energy= -0.281741504750137 occ= 2
MO #154 energy= -0.277312798168564 occ= 2
MO #155 energy= -0.245528492460984 occ= 2
MO #156 energy= -0.239419778266989 occ= 2
MO #157 energy= -0.23719124483881  occ= 2
MO #158 energy= -0.229274532068894 occ= 2
MO #159 energy= -0.219161431587365 occ= 2
MO #160 energy= -0.211168105827323 occ= 2
MO #161 energy= -0.206051729604601 occ= 2
MO #162 energy= -0.203895008062481 occ= 2
MO #163 energy= -0.0479453010699703 occ= 0
MO #164 energy= -0.0353823085753361 occ= 0
MO #165 energy= -0.0150163130389773 occ= 0
MO #166 energy= -0.00960262329803761 occ= 0
MO #167 energy= -0.00538200707494011 occ= 0
MO #168 energy= 0.00831319480892917 occ= 0
MO #169 energy= 0.0152778957914254 occ= 0
MO #170 energy= 0.0245419011689006 occ= 0
MO #171 energy= 0.0327265898778539 occ= 0
MO #172 energy= 0.0420954412950365 occ= 0
MO #173 energy= 0.0564575261557027 occ= 0
MO #174 energy= 0.0625583976380193 occ= 0
MO #175 energy= 0.0712773050394956 occ= 0
MO #176 energy= 0.0731597463158788 occ= 0
MO #177 energy= 0.0745674507932152 occ= 0
MO #178 energy= 0.0792243834090464 occ= 0
MO #179 energy= 0.086684514359189  occ= 0
MO #180 energy= 0.0870562789127171 occ= 0
MO #181 energy= 0.094943885893841  occ= 0
MO #182 energy= 0.0985150643075798 occ= 0
MO #183 energy= 0.100019163471407  occ= 0
MO #184 energy= 0.102772301695904  occ= 0
MO #185 energy= 0.106234531973492  occ= 0
MO #186 energy= 0.111522453223165  occ= 0
MO #187 energy= 0.112860248501832  occ= 0
MO #188 energy= 0.119324053726035  occ= 0
MO #189 energy= 0.12306868038224   occ= 0
MO #190 energy= 0.127136995394187  occ= 0
MO #191 energy= 0.128640496489873  occ= 0
MO #192 energy= 0.129304591410785  occ= 0
MO #193 energy= 0.130133025162078  occ= 0
MO #194 energy= 0.135212466367847  occ= 0
MO #195 energy= 0.135693168846802  occ= 0
MO #196 energy= 0.139370785995883  occ= 0
MO #197 energy= 0.141454968347112  occ= 0
MO #198 energy= 0.145360958759029  occ= 0
MO #199 energy= 0.147218628727429  occ= 0
MO #200 energy= 0.147756760842815  occ= 0
MO #201 energy= 0.152364110311136  occ= 0
MO #202 energy= 0.156202663151035  occ= 0
MO #203 energy= 0.158285972876213  occ= 0
MO #204 energy= 0.159433231797809  occ= 0
MO #205 energy= 0.164018513360262  occ= 0
MO #206 energy= 0.166953721316522  occ= 0
MO #207 energy= 0.168307126553908  occ= 0
MO #208 energy= 0.17005975797102   occ= 0
MO #209 energy= 0.172020795564499  occ= 0
MO #210 energy= 0.181440170189795  occ= 0
MO #211 energy= 0.186209127401091  occ= 0
MO #212 energy= 0.189126953323192  occ= 0
MO #213 energy= 0.190822501569602  occ= 0
MO #214 energy= 0.20022600179101   occ= 0
MO #215 energy= 0.205963144768009  occ= 0
MO #216 energy= 0.216924820441325  occ= 0
MO #217 energy= 0.227586458556146  occ= 0
MO #218 energy= 0.230446651981929  occ= 0
MO #219 energy= 0.243117735058756  occ= 0
MO #220 energy= 0.252122858315527  occ= 0
MO #221 energy= 0.257939217812058  occ= 0
MO #222 energy= 0.265313984921055  occ= 0
MO #223 energy= 0.268991226520002  occ= 0
MO #224 energy= 0.277373579705786  occ= 0
MO #225 energy= 0.279757035783934  occ= 0
MO #226 energy= 0.290192158287939  occ= 0
MO #227 energy= 0.292301435186424  occ= 0
MO #228 energy= 0.294841906469279  occ= 0
MO #229 energy= 0.297196452230144  occ= 0
MO #230 energy= 0.300356000673142  occ= 0
MO #231 energy= 0.304306014273518  occ= 0
MO #232 energy= 0.307825860067403  occ= 0
MO #233 energy= 0.311184673994938  occ= 0
MO #234 energy= 0.313434777383912  occ= 0
MO #235 energy= 0.31485764314204   occ= 0
MO #236 energy= 0.318214505101738  occ= 0
MO #237 energy= 0.319400523844187  occ= 0
MO #238 energy= 0.324799891918345  occ= 0
MO #239 energy= 0.332591537190154  occ= 0
MO #240 energy= 0.336413927195377  occ= 0
MO #241 energy= 0.341648918474211  occ= 0
MO #242 energy= 0.34550621928538   occ= 0
MO #243 energy= 0.346163254901073  occ= 0
MO #244 energy= 0.353063079295609  occ= 0
MO #245 energy= 0.355124789095647  occ= 0
MO #246 energy= 0.359494003429805  occ= 0
MO #247 energy= 0.368892318251308  occ= 0
MO #248 energy= 0.371519517239056  occ= 0
MO #249 energy= 0.376530061456403  occ= 0
MO #250 energy= 0.378285577257805  occ= 0
MO #251 energy= 0.382636855879222  occ= 0
MO #252 energy= 0.390413769040046  occ= 0
MO #253 energy= 0.394949363871448  occ= 0
MO #254 energy= 0.40016219127146   occ= 0
MO #255 energy= 0.409244057095559  occ= 0
MO #256 energy= 0.413002644504263  occ= 0
MO #257 energy= 0.4157738815831    occ= 0
MO #258 energy= 0.419548047916776  occ= 0
MO #259 energy= 0.426154511633286  occ= 0
MO #260 energy= 0.428474705884704  occ= 0
MO #261 energy= 0.432420139387011  occ= 0
MO #262 energy= 0.433075554941565  occ= 0
MO #263 energy= 0.438527609095396  occ= 0
MO #264 energy= 0.442786499529708  occ= 0
MO #265 energy= 0.446921861232967  occ= 0
MO #266 energy= 0.448796583786267  occ= 0
MO #267 energy= 0.452446241980943  occ= 0
MO #268 energy= 0.457049156035913  occ= 0
MO #269 energy= 0.458726929383682  occ= 0
MO #270 energy= 0.459173619084359  occ= 0
MO #271 energy= 0.464250294367272  occ= 0
MO #272 energy= 0.465999571639383  occ= 0
MO #273 energy= 0.467226683273517  occ= 0
MO #274 energy= 0.470060258109536  occ= 0
MO #275 energy= 0.473147580491518  occ= 0
MO #276 energy= 0.476217720672121  occ= 0
MO #277 energy= 0.47736977466144   occ= 0
MO #278 energy= 0.478531248867747  occ= 0
MO #279 energy= 0.483047567686495  occ= 0
MO #280 energy= 0.485865324580554  occ= 0
MO #281 energy= 0.487946395908803  occ= 0
MO #282 energy= 0.490219133789896  occ= 0
MO #283 energy= 0.490738625742674  occ= 0
MO #284 energy= 0.494733626258634  occ= 0
MO #285 energy= 0.500436245082107  occ= 0
MO #286 energy= 0.502173647337235  occ= 0
MO #287 energy= 0.506654669267749  occ= 0
MO #288 energy= 0.510189038136304  occ= 0
MO #289 energy= 0.513979087226152  occ= 0
MO #290 energy= 0.514433360857182  occ= 0
MO #291 energy= 0.519301376961462  occ= 0
MO #292 energy= 0.520850229474166  occ= 0
MO #293 energy= 0.528619788731802  occ= 0
MO #294 energy= 0.530680168523526  occ= 0
MO #295 energy= 0.534948891124539  occ= 0
MO #296 energy= 0.541839317111283  occ= 0
MO #297 energy= 0.549936038916056  occ= 0
MO #298 energy= 0.551960035496528  occ= 0
MO #299 energy= 0.55579551549824   occ= 0
MO #300 energy= 0.558871455157276  occ= 0
MO #301 energy= 0.562606130962677  occ= 0
MO #302 energy= 0.564186020794491  occ= 0
MO #303 energy= 0.566058985957327  occ= 0
MO #304 energy= 0.571385818277165  occ= 0
MO #305 energy= 0.574976250614621  occ= 0
MO #306 energy= 0.579472195376395  occ= 0
MO #307 energy= 0.580830200334705  occ= 0
MO #308 energy= 0.587965447927855  occ= 0
MO #309 energy= 0.593125718766065  occ= 0
MO #310 energy= 0.594798550241179  occ= 0
MO #311 energy= 0.596253341258551  occ= 0
MO #312 energy= 0.605532748107997  occ= 0
MO #313 energy= 0.605941919919529  occ= 0
MO #314 energy= 0.610219949447515  occ= 0
MO #315 energy= 0.613456124150156  occ= 0
MO #316 energy= 0.616029244439657  occ= 0
MO #317 energy= 0.622494416457817  occ= 0
MO #318 energy= 0.623764869725455  occ= 0
MO #319 energy= 0.626230774536996  occ= 0
MO #320 energy= 0.627608838040431  occ= 0
MO #321 energy= 0.631851302762224  occ= 0
MO #322 energy= 0.63518818319155   occ= 0
MO #323 energy= 0.639985238191868  occ= 0
MO #324 energy= 0.642444493944578  occ= 0
MO #325 energy= 0.644211690249394  occ= 0
MO #326 energy= 0.645042928581051  occ= 0
MO #327 energy= 0.649656835064802  occ= 0
MO #328 energy= 0.650640872830108  occ= 0
MO #329 energy= 0.654126572676904  occ= 0
MO #330 energy= 0.655410922158221  occ= 0
MO #331 energy= 0.659231690454946  occ= 0
MO #332 energy= 0.6600266946906    occ= 0
MO #333 energy= 0.661293214924665  occ= 0
MO #334 energy= 0.663132219313222  occ= 0
MO #335 energy= 0.666821495644559  occ= 0
MO #336 energy= 0.670841841085158  occ= 0
MO #337 energy= 0.671438039368201  occ= 0
MO #338 energy= 0.673123144354732  occ= 0
MO #339 energy= 0.677127303414273  occ= 0
MO #340 energy= 0.677696950841004  occ= 0
MO #341 energy= 0.681225148808967  occ= 0
MO #342 energy= 0.682531330264253  occ= 0
MO #343 energy= 0.684263710679927  occ= 0
MO #344 energy= 0.68638955778757   occ= 0
MO #345 energy= 0.689728656695443  occ= 0
MO #346 energy= 0.689958175752017  occ= 0
MO #347 energy= 0.692555322548096  occ= 0
MO #348 energy= 0.695748988061389  occ= 0
MO #349 energy= 0.699368419475976  occ= 0
MO #350 energy= 0.702088031256081  occ= 0
MO #351 energy= 0.711250047940081  occ= 0
MO #352 energy= 0.713281786077897  occ= 0
MO #353 energy= 0.71442130360681   occ= 0
MO #354 energy= 0.718909826816634  occ= 0
MO #355 energy= 0.723292965053028  occ= 0
MO #356 energy= 0.726236570251881  occ= 0
MO #357 energy= 0.735552725096704  occ= 0
MO #358 energy= 0.738996093846041  occ= 0
MO #359 energy= 0.741411169321603  occ= 0
MO #360 energy= 0.742048128051687  occ= 0
MO #361 energy= 0.746842208277021  occ= 0
MO #362 energy= 0.751676456471373  occ= 0
MO #363 energy= 0.752444342334164  occ= 0
MO #364 energy= 0.758112939049025  occ= 0
MO #365 energy= 0.759964963870737  occ= 0
MO #366 energy= 0.763206086577166  occ= 0
MO #367 energy= 0.766612349701096  occ= 0
MO #368 energy= 0.767008390247416  occ= 0
MO #369 energy= 0.772263111858312  occ= 0
MO #370 energy= 0.781693086383906  occ= 0
MO #371 energy= 0.783411316279786  occ= 0
MO #372 energy= 0.784086667948367  occ= 0
MO #373 energy= 0.790942385691914  occ= 0
MO #374 energy= 0.793839773599396  occ= 0
MO #375 energy= 0.79895451083471   occ= 0
MO #376 energy= 0.800628307242183  occ= 0
MO #377 energy= 0.813090415570582  occ= 0
MO #378 energy= 0.821673862453435  occ= 0
MO #379 energy= 0.824961255592524  occ= 0
MO #380 energy= 0.831247507947572  occ= 0
MO #381 energy= 0.835213997846017  occ= 0
MO #382 energy= 0.836963496545039  occ= 0
MO #383 energy= 0.841484827122589  occ= 0
MO #384 energy= 0.845224037302239  occ= 0
MO #385 energy= 0.851630611406395  occ= 0
MO #386 energy= 0.858937638602661  occ= 0
MO #387 energy= 0.86307892018562   occ= 0
MO #388 energy= 0.868954579999357  occ= 0
MO #389 energy= 0.876456219605983  occ= 0
MO #390 energy= 0.88645531685108   occ= 0
MO #391 energy= 0.89091348412996   occ= 0
MO #392 energy= 0.899346945020485  occ= 0
MO #393 energy= 0.902918224864113  occ= 0
MO #394 energy= 0.906850794618708  occ= 0
MO #395 energy= 0.915509464547533  occ= 0
MO #396 energy= 0.923747151720547  occ= 0
MO #397 energy= 0.931402141091062  occ= 0
MO #398 energy= 0.933371955464852  occ= 0
MO #399 energy= 0.944416005812274  occ= 0
MO #400 energy= 0.945622359578138  occ= 0
MO #401 energy= 0.952248743191615  occ= 0
MO #402 energy= 0.959709311656272  occ= 0
MO #403 energy= 0.963940579238688  occ= 0
MO #404 energy= 0.970987993173621  occ= 0
MO #405 energy= 0.973294884606705  occ= 0
MO #406 energy= 0.97848823149361   occ= 0
MO #407 energy= 0.99788217962055   occ= 0
MO #408 energy= 1.00630505466528   occ= 0
MO #409 energy= 1.021954222091     occ= 0
MO #410 energy= 1.03040989883801   occ= 0
MO #411 energy= 1.03443253048847   occ= 0
MO #412 energy= 1.05091067199186   occ= 0
MO #413 energy= 1.05396440638206   occ= 0
MO #414 energy= 1.05989050449347   occ= 0
MO #415 energy= 1.07225133097905   occ= 0
MO #416 energy= 1.07454732165796   occ= 0
MO #417 energy= 1.07724333806801   occ= 0
MO #418 energy= 1.08252370485713   occ= 0
MO #419 energy= 1.09583819994202   occ= 0
MO #420 energy= 1.10095719607559   occ= 0
MO #421 energy= 1.1036172158692    occ= 0
MO #422 energy= 1.10749686058383   occ= 0
MO #423 energy= 1.11407564562776   occ= 0
MO #424 energy= 1.12350153239503   occ= 0
MO #425 energy= 1.13041758762587   occ= 0
MO #426 energy= 1.13428188398716   occ= 0
MO #427 energy= 1.14024259930522   occ= 0
MO #428 energy= 1.14687654517142   occ= 0
MO #429 energy= 1.1568785514401    occ= 0
MO #430 energy= 1.15889142716109   occ= 0
MO #431 energy= 1.16556300057151   occ= 0
MO #432 energy= 1.17055751225207   occ= 0
MO #433 energy= 1.17790719520189   occ= 0
MO #434 energy= 1.18285953752842   occ= 0
MO #435 energy= 1.18671657762431   occ= 0
MO #436 energy= 1.19492280313504   occ= 0
MO #437 energy= 1.20249130827692   occ= 0
MO #438 energy= 1.20522646481428   occ= 0
MO #439 energy= 1.21285595887634   occ= 0
MO #440 energy= 1.21593725179455   occ= 0
MO #441 energy= 1.21802175769164   occ= 0
MO #442 energy= 1.22335355029372   occ= 0
MO #443 energy= 1.22607345475037   occ= 0
MO #444 energy= 1.23250166463905   occ= 0
MO #445 energy= 1.2389010010836    occ= 0
MO #446 energy= 1.24490843767597   occ= 0
MO #447 energy= 1.24939672012554   occ= 0
MO #448 energy= 1.25323249739474   occ= 0
MO #449 energy= 1.25614520174573   occ= 0
MO #450 energy= 1.25922909241239   occ= 0
MO #451 energy= 1.26304678659364   occ= 0
MO #452 energy= 1.26929544732493   occ= 0
MO #453 energy= 1.27212290663454   occ= 0
MO #454 energy= 1.2748009283913    occ= 0
MO #455 energy= 1.28574896331955   occ= 0
MO #456 energy= 1.2896391850853    occ= 0
MO #457 energy= 1.29180695213583   occ= 0
MO #458 energy= 1.29309270341127   occ= 0
MO #459 energy= 1.30184450559263   occ= 0
MO #460 energy= 1.30249537878014   occ= 0
MO #461 energy= 1.31066644141797   occ= 0
MO #462 energy= 1.31095159165924   occ= 0
MO #463 energy= 1.31600668182034   occ= 0
MO #464 energy= 1.32556359539856   occ= 0
MO #465 energy= 1.32941312018809   occ= 0
MO #466 energy= 1.33161458863866   occ= 0
MO #467 energy= 1.34256284103665   occ= 0
MO #468 energy= 1.34656819698159   occ= 0
MO #469 energy= 1.35343846719793   occ= 0
MO #470 energy= 1.36071662452559   occ= 0
MO #471 energy= 1.37878095519033   occ= 0
MO #472 energy= 1.38888471373817   occ= 0
MO #473 energy= 1.39609330748491   occ= 0
MO #474 energy= 1.39838469949633   occ= 0
MO #475 energy= 1.40391943740369   occ= 0
MO #476 energy= 1.41341523016403   occ= 0
MO #477 energy= 1.42348788549398   occ= 0
MO #478 energy= 1.42879693375146   occ= 0
MO #479 energy= 1.44010621754334   occ= 0
MO #480 energy= 1.45608986333679   occ= 0
MO #481 energy= 1.4635211035293    occ= 0
MO #482 energy= 1.46793852372155   occ= 0
MO #483 energy= 1.47955450010904   occ= 0
MO #484 energy= 1.49082212401936   occ= 0
MO #485 energy= 1.50097235795744   occ= 0
MO #486 energy= 1.50173049204674   occ= 0
MO #487 energy= 1.50955406262048   occ= 0
MO #488 energy= 1.51318544722763   occ= 0
MO #489 energy= 1.52109589091974   occ= 0
MO #490 energy= 1.52417309951373   occ= 0
MO #491 energy= 1.5309331227543    occ= 0
MO #492 energy= 1.53448075131107   occ= 0
MO #493 energy= 1.53925671075315   occ= 0
MO #494 energy= 1.54626673491484   occ= 0
MO #495 energy= 1.55218046639726   occ= 0
MO #496 energy= 1.55972694747728   occ= 0
MO #497 energy= 1.5734055154332    occ= 0
MO #498 energy= 1.57593160808097   occ= 0
MO #499 energy= 1.58734251781896   occ= 0
MO #500 energy= 1.58978197314379   occ= 0
MO #501 energy= 1.60358247378613   occ= 0
MO #502 energy= 1.6135124067909    occ= 0
MO #503 energy= 1.62362779567241   occ= 0
MO #504 energy= 1.64600846233652   occ= 0
MO #505 energy= 1.64817735833807   occ= 0
MO #506 energy= 1.65750098350459   occ= 0
MO #507 energy= 1.66307903610832   occ= 0
MO #508 energy= 1.6701930361323    occ= 0
MO #509 energy= 1.6717297212438    occ= 0
MO #510 energy= 1.68010467380063   occ= 0
MO #511 energy= 1.68756596039783   occ= 0
MO #512 energy= 1.68870258133237   occ= 0
MO #513 energy= 1.69345820318043   occ= 0
MO #514 energy= 1.69642836773425   occ= 0
MO #515 energy= 1.70216061010815   occ= 0
MO #516 energy= 1.70433926241758   occ= 0
MO #517 energy= 1.7083880395264    occ= 0
MO #518 energy= 1.71192918341817   occ= 0
MO #519 energy= 1.7146647086987    occ= 0
MO #520 energy= 1.72180673617493   occ= 0
MO #521 energy= 1.72351697340315   occ= 0
MO #522 energy= 1.72837916878401   occ= 0
MO #523 energy= 1.72995986556077   occ= 0
MO #524 energy= 1.73195092840412   occ= 0
MO #525 energy= 1.73414065162019   occ= 0
MO #526 energy= 1.74068557123255   occ= 0
MO #527 energy= 1.74320175836441   occ= 0
MO #528 energy= 1.74507603109744   occ= 0
MO #529 energy= 1.74821209477262   occ= 0
MO #530 energy= 1.7521860220801    occ= 0
MO #531 energy= 1.75390043045666   occ= 0
MO #532 energy= 1.75706579101519   occ= 0
MO #533 energy= 1.76267862038011   occ= 0
MO #534 energy= 1.76320224551413   occ= 0
MO #535 energy= 1.7643323853939    occ= 0
MO #536 energy= 1.76814300412016   occ= 0
MO #537 energy= 1.77034623114195   occ= 0
MO #538 energy= 1.77343217573414   occ= 0
MO #539 energy= 1.7757610254008    occ= 0
MO #540 energy= 1.78032736535836   occ= 0
MO #541 energy= 1.7833024615314    occ= 0
MO #542 energy= 1.78471003724886   occ= 0
MO #543 energy= 1.78791282978434   occ= 0
MO #544 energy= 1.79557125501063   occ= 0
MO #545 energy= 1.79814234546941   occ= 0
MO #546 energy= 1.80585784921797   occ= 0
MO #547 energy= 1.8077357045865    occ= 0
MO #548 energy= 1.80999660732803   occ= 0
MO #549 energy= 1.81333094592439   occ= 0
MO #550 energy= 1.81689956821326   occ= 0
MO #551 energy= 1.81744176557727   occ= 0
MO #552 energy= 1.82387803171365   occ= 0
MO #553 energy= 1.82534298109876   occ= 0
MO #554 energy= 1.82740392966086   occ= 0
MO #555 energy= 1.83243958227748   occ= 0
MO #556 energy= 1.83593077179149   occ= 0
MO #557 energy= 1.83729695012943   occ= 0
MO #558 energy= 1.84173337506264   occ= 0
MO #559 energy= 1.8500897187038    occ= 0
MO #560 energy= 1.85070065790082   occ= 0
MO #561 energy= 1.85846512988907   occ= 0
MO #562 energy= 1.86664526784746   occ= 0
MO #563 energy= 1.87409556428453   occ= 0
MO #564 energy= 1.88030268333906   occ= 0
MO #565 energy= 1.8864243047901    occ= 0
MO #566 energy= 1.88851141563028   occ= 0
MO #567 energy= 1.89515612862786   occ= 0
MO #568 energy= 1.89768202317192   occ= 0
MO #569 energy= 1.89953502656766   occ= 0
MO #570 energy= 1.9058641912007    occ= 0
MO #571 energy= 1.91455445760509   occ= 0
MO #572 energy= 1.92233304824601   occ= 0
MO #573 energy= 1.92516689608625   occ= 0
MO #574 energy= 1.93656316119714   occ= 0
MO #575 energy= 1.93956046448254   occ= 0
MO #576 energy= 1.94172087148015   occ= 0
MO #577 energy= 1.94995887011321   occ= 0
MO #578 energy= 1.95338624134861   occ= 0
MO #579 energy= 1.95669174601537   occ= 0
MO #580 energy= 1.96400342722992   occ= 0
MO #581 energy= 1.96523868397617   occ= 0
MO #582 energy= 1.96946581213146   occ= 0
MO #583 energy= 1.97511185937666   occ= 0
MO #584 energy= 1.98195158363734   occ= 0
MO #585 energy= 1.99077910435871   occ= 0
MO #586 energy= 1.99369817948097   occ= 0
MO #587 energy= 1.99897661290893   occ= 0
MO #588 energy= 2.00262928409969   occ= 0
MO #589 energy= 2.01120211052337   occ= 0
MO #590 energy= 2.01325471475415   occ= 0
MO #591 energy= 2.025654574878     occ= 0
MO #592 energy= 2.03007487576243   occ= 0
MO #593 energy= 2.0426170123404    occ= 0
MO #594 energy= 2.04757081874896   occ= 0
MO #595 energy= 2.06121808989008   occ= 0
MO #596 energy= 2.06248705827888   occ= 0
MO #597 energy= 2.06966009710216   occ= 0
MO #598 energy= 2.08200100647189   occ= 0
MO #599 energy= 2.08777956796003   occ= 0
MO #600 energy= 2.08909859452449   occ= 0
MO #601 energy= 2.09493746366069   occ= 0
MO #602 energy= 2.09631908537019   occ= 0
MO #603 energy= 2.09911140102764   occ= 0
MO #604 energy= 2.11669610099939   occ= 0
MO #605 energy= 2.11970788568414   occ= 0
MO #606 energy= 2.12105405896238   occ= 0
MO #607 energy= 2.12771872372906   occ= 0
MO #608 energy= 2.13726113236711   occ= 0
MO #609 energy= 2.14317289897959   occ= 0
MO #610 energy= 2.15084808752091   occ= 0
MO #611 energy= 2.16236767602542   occ= 0
MO #612 energy= 2.16543961036604   occ= 0
MO #613 energy= 2.17312520453121   occ= 0
MO #614 energy= 2.17621137094731   occ= 0
MO #615 energy= 2.18341826620941   occ= 0
MO #616 energy= 2.19154573307427   occ= 0
MO #617 energy= 2.19271339156083   occ= 0
MO #618 energy= 2.1966489116958    occ= 0
MO #619 energy= 2.19877008764968   occ= 0
MO #620 energy= 2.20318540946023   occ= 0
MO #621 energy= 2.20962491053855   occ= 0
MO #622 energy= 2.21157175523498   occ= 0
MO #623 energy= 2.21374416369466   occ= 0
MO #624 energy= 2.21746536984943   occ= 0
MO #625 energy= 2.22373649164171   occ= 0
MO #626 energy= 2.2268691582372    occ= 0
MO #627 energy= 2.23333017556044   occ= 0
MO #628 energy= 2.24545814414224   occ= 0
MO #629 energy= 2.2479443043257    occ= 0
MO #630 energy= 2.25537863100821   occ= 0
MO #631 energy= 2.25983072787703   occ= 0
MO #632 energy= 2.26450274854928   occ= 0
MO #633 energy= 2.2767099412718    occ= 0
MO #634 energy= 2.28328788699232   occ= 0
MO #635 energy= 2.30113754460382   occ= 0
MO #636 energy= 2.30505071767176   occ= 0
MO #637 energy= 2.30795054827282   occ= 0
MO #638 energy= 2.31395014428804   occ= 0
MO #639 energy= 2.31724733043356   occ= 0
MO #640 energy= 2.32459707357672   occ= 0
MO #641 energy= 2.32716087049089   occ= 0
MO #642 energy= 2.32821882915613   occ= 0
MO #643 energy= 2.33043741861654   occ= 0
MO #644 energy= 2.33757672330297   occ= 0
MO #645 energy= 2.34111333480423   occ= 0
MO #646 energy= 2.34592230599274   occ= 0
MO #647 energy= 2.36145516005516   occ= 0
MO #648 energy= 2.3643398890634    occ= 0
MO #649 energy= 2.36764398578478   occ= 0
MO #650 energy= 2.36783776419024   occ= 0
MO #651 energy= 2.37922781522764   occ= 0
MO #652 energy= 2.38280342098101   occ= 0
MO #653 energy= 2.39572345067381   occ= 0
MO #654 energy= 2.39829318118489   occ= 0
MO #655 energy= 2.40218914279133   occ= 0
MO #656 energy= 2.40551808854152   occ= 0
MO #657 energy= 2.41393016543202   occ= 0
MO #658 energy= 2.41868452260303   occ= 0
MO #659 energy= 2.42052044332154   occ= 0
MO #660 energy= 2.43002803154056   occ= 0
MO #661 energy= 2.43617019108455   occ= 0
MO #662 energy= 2.44494373518468   occ= 0
MO #663 energy= 2.45956511065756   occ= 0
MO #664 energy= 2.46120393636814   occ= 0
MO #665 energy= 2.46911629472697   occ= 0
MO #666 energy= 2.48694021486378   occ= 0
MO #667 energy= 2.50365129994851   occ= 0
MO #668 energy= 2.51198917367783   occ= 0
MO #669 energy= 2.56402724803082   occ= 0
MO #670 energy= 2.57173086209417   occ= 0
MO #671 energy= 2.5793268546442    occ= 0
MO #672 energy= 2.59243511392573   occ= 0
MO #673 energy= 2.59425524632533   occ= 0
MO #674 energy= 2.60485776679612   occ= 0
MO #675 energy= 2.61176681567993   occ= 0
MO #676 energy= 2.61612764029381   occ= 0
MO #677 energy= 2.61900487026187   occ= 0
MO #678 energy= 2.62781725027811   occ= 0
MO #679 energy= 2.63387641160238   occ= 0
MO #680 energy= 2.63584562986046   occ= 0
MO #681 energy= 2.64007624518448   occ= 0
MO #682 energy= 2.64191423091202   occ= 0
MO #683 energy= 2.64685368125918   occ= 0
MO #684 energy= 2.65534803470037   occ= 0
MO #685 energy= 2.6584355479361    occ= 0
MO #686 energy= 2.66493300485704   occ= 0
MO #687 energy= 2.66889117431845   occ= 0
MO #688 energy= 2.6757932762979    occ= 0
MO #689 energy= 2.67730132501568   occ= 0
MO #690 energy= 2.68181042631171   occ= 0
MO #691 energy= 2.68573900073516   occ= 0
MO #692 energy= 2.69293565649225   occ= 0
MO #693 energy= 2.6967430587908    occ= 0
MO #694 energy= 2.69807392791164   occ= 0
MO #695 energy= 2.70751604188366   occ= 0
MO #696 energy= 2.71239991045945   occ= 0
MO #697 energy= 2.71858100180767   occ= 0
MO #698 energy= 2.73259089394449   occ= 0
MO #699 energy= 2.7341664360292    occ= 0
MO #700 energy= 2.7439570216529    occ= 0
MO #701 energy= 2.75071318420522   occ= 0
MO #702 energy= 2.76009685526913   occ= 0
MO #703 energy= 2.76333012297997   occ= 0
MO #704 energy= 2.76460389788489   occ= 0
MO #705 energy= 2.77024878968749   occ= 0
MO #706 energy= 2.77578941587448   occ= 0
MO #707 energy= 2.79166921826655   occ= 0
MO #708 energy= 2.79682015972497   occ= 0
MO #709 energy= 2.80442715861231   occ= 0
MO #710 energy= 2.80891733924649   occ= 0
MO #711 energy= 2.81468323937334   occ= 0
MO #712 energy= 2.82077922366833   occ= 0
MO #713 energy= 2.82244427490422   occ= 0
MO #714 energy= 2.82656966118137   occ= 0
MO #715 energy= 2.83465988496234   occ= 0
MO #716 energy= 2.84486370011472   occ= 0
MO #717 energy= 2.85765881639528   occ= 0
MO #718 energy= 2.86785466647243   occ= 0
MO #719 energy= 2.8690030914226    occ= 0
MO #720 energy= 2.87769782648578   occ= 0
MO #721 energy= 2.88267132692807   occ= 0
MO #722 energy= 2.88823596607109   occ= 0
MO #723 energy= 2.89516714664805   occ= 0
MO #724 energy= 2.898881805772     occ= 0
MO #725 energy= 2.90813443022198   occ= 0
MO #726 energy= 2.91072968967427   occ= 0
MO #727 energy= 2.92319571119151   occ= 0
MO #728 energy= 2.9326589690926    occ= 0
MO #729 energy= 2.93995199684734   occ= 0
MO #730 energy= 2.94990920936258   occ= 0
MO #731 energy= 2.95938319191639   occ= 0
MO #732 energy= 2.96974177739741   occ= 0
MO #733 energy= 2.97018105158028   occ= 0
MO #734 energy= 2.98417832982194   occ= 0
MO #735 energy= 2.9933881356886    occ= 0
MO #736 energy= 3.00591647553049   occ= 0
MO #737 energy= 3.01005939289622   occ= 0
MO #738 energy= 3.01490603828317   occ= 0
MO #739 energy= 3.02336830406798   occ= 0
MO #740 energy= 3.02785109903083   occ= 0
MO #741 energy= 3.03038805212034   occ= 0
MO #742 energy= 3.04366592789681   occ= 0
MO #743 energy= 3.05500233364471   occ= 0
MO #744 energy= 3.05869068760423   occ= 0
MO #745 energy= 3.08303871481759   occ= 0
MO #746 energy= 3.08376377636121   occ= 0
MO #747 energy= 3.08980110241952   occ= 0
MO #748 energy= 3.09603601613708   occ= 0
MO #749 energy= 3.09712543457359   occ= 0
MO #750 energy= 3.10219858400654   occ= 0
MO #751 energy= 3.12541902551362   occ= 0
MO #752 energy= 3.15642556513882   occ= 0
MO #753 energy= 3.16950241494273   occ= 0
MO #754 energy= 3.17436136658857   occ= 0
MO #755 energy= 3.18736840731723   occ= 0
MO #756 energy= 3.19615044639233   occ= 0
MO #757 energy= 3.19997790883757   occ= 0
MO #758 energy= 3.20987797770348   occ= 0
MO #759 energy= 3.2461436471314    occ= 0
MO #760 energy= 3.25974683055876   occ= 0
MO #761 energy= 3.32365245766308   occ= 0
MO #762 energy= 3.34680731498872   occ= 0
MO #763 energy= 3.37544809909667   occ= 0
MO #764 energy= 3.39127984863345   occ= 0
MO #765 energy= 3.41895116588808   occ= 0
MO #766 energy= 3.43221739377603   occ= 0
MO #767 energy= 3.45908877978371   occ= 0
MO #768 energy= 3.49512757045179   occ= 0
MO #769 energy= 3.51202129053565   occ= 0
MO #770 energy= 3.54374005301931   occ= 0
MO #771 energy= 3.54809915169231   occ= 0
MO #772 energy= 3.58020735046267   occ= 0
MO #773 energy= 3.58962757296283   occ= 0
MO #774 energy= 3.60969887116986   occ= 0
MO #775 energy= 3.67185385119751   occ= 0
MO #776 energy= 3.70458891987997   occ= 0
MO #777 energy= 3.74228066341822   occ= 0
MO #778 energy= 3.76402325820733   occ= 0
MO #779 energy= 3.78479304788185   occ= 0
 ** Mulliken atomic charges  **
charge of  0O =     -0.78192
charge of  1P =      1.76049
charge of  2O =     -0.66291
charge of  3O =     -0.53845
charge of  4C =      0.17990
charge of  5C =     -0.00311
charge of  6C =     -0.05545
charge of  7C =      0.19837
charge of  8O =     -0.34642
charge of  9C =     -0.07380
charge of  10C =     -0.17715
charge of  11C =     -0.07819
charge of  12C =     -0.17704
charge of  13C =      0.21997
charge of  14O =     -0.33152
charge of  15C =     -0.06971
charge of  16C =     -0.09522
charge of  17C =      0.00656
charge of  18C =      0.00308
charge of  19C =     -0.10302
charge of  20C =     -0.10103
charge of  21C =     -0.10465
charge of  22C =     -0.10341
charge of  23C =     -0.02401
charge of  24C =     -0.03407
charge of  25C =      0.18994
charge of  26O =     -0.54425
charge of  27C =      0.01385
charge of  28C =     -0.06466
charge of  29C =      0.22916
charge of  30O =     -0.34077
charge of  31C =     -0.07008
charge of  32C =     -0.17543
charge of  33C =     -0.08041
charge of  34C =     -0.18919
charge of  35C =      0.21415
charge of  36O =     -0.33927
charge of  37C =     -0.06789
charge of  38C =     -0.08775
charge of  39C =      0.00799
charge of  40C =      0.00146
charge of  41C =     -0.10728
charge of  42C =     -0.10331
charge of  43C =     -0.10689
charge of  44C =     -0.10111
charge of  45H =      0.33273
charge of  46H =      0.09893
charge of  47H =      0.10000
charge of  48H =      0.11905
charge of  49H =      0.10553
charge of  50H =      0.10668
charge of  51H =      0.10563
charge of  52H =      0.09042
charge of  53H =      0.11879
charge of  54H =      0.09616
charge of  55H =      0.10436
charge of  56H =      0.11371
charge of  57H =      0.10319
charge of  58H =      0.10187
charge of  59H =      0.09883
charge of  60H =      0.08150
charge of  61H =      0.11147
charge of  62H =      0.11134
charge of  63H =      0.10238
charge of  64H =      0.10095
charge of  65H =      0.09940
charge of  66H =      0.08861
charge of  67H =      0.11352
charge of  68H =      0.09141
charge of  69H =      0.10782
charge of  70H =      0.10873
charge of  71H =      0.10092
charge of  72H =      0.10065
charge of  73H =      0.09984
Dipole moment(X, Y, Z, Debye): -3.20431,  2.66820, -1.67928
def2-svp b3lyp 216.03593015670776
