/public3/home/scg5914/software-scg5914/LSW/1/data/data2/std_data/def2svp_b3lyp/cat_23.xyz
converged SCF energy = -2179.49476021707
**** MO energy ****
MO #1   energy= -77.221712822229   occ= 2
MO #2   energy= -19.185205055093   occ= 2
MO #3   energy= -19.1806392803668  occ= 2
MO #4   energy= -19.1740416829455  occ= 2
MO #5   energy= -19.1340156232889  occ= 2
MO #6   energy= -19.1149378089126  occ= 2
MO #7   energy= -19.0939103674709  occ= 2
MO #8   energy= -10.2595550325577  occ= 2
MO #9   energy= -10.2561107413679  occ= 2
MO #10  energy= -10.2356245280985  occ= 2
MO #11  energy= -10.2298341015716  occ= 2
MO #12  energy= -10.2211627891822  occ= 2
MO #13  energy= -10.2065075339955  occ= 2
MO #14  energy= -10.2051367986674  occ= 2
MO #15  energy= -10.202174900467   occ= 2
MO #16  energy= -10.201391853646   occ= 2
MO #17  energy= -10.2005340264811  occ= 2
MO #18  energy= -10.2000729259778  occ= 2
MO #19  energy= -10.1993813148209  occ= 2
MO #20  energy= -10.1977171584455  occ= 2
MO #21  energy= -10.1967955922859  occ= 2
MO #22  energy= -10.1935538086659  occ= 2
MO #23  energy= -10.1924347474091  occ= 2
MO #24  energy= -10.1919657857096  occ= 2
MO #25  energy= -10.1906270041361  occ= 2
MO #26  energy= -10.1899308604188  occ= 2
MO #27  energy= -10.1896004255041  occ= 2
MO #28  energy= -10.1892752495352  occ= 2
MO #29  energy= -10.1886814667455  occ= 2
MO #30  energy= -10.1883028287458  occ= 2
MO #31  energy= -10.18827216624    occ= 2
MO #32  energy= -10.1880091898642  occ= 2
MO #33  energy= -10.1871473619502  occ= 2
MO #34  energy= -10.1863009753777  occ= 2
MO #35  energy= -10.1837067954467  occ= 2
MO #36  energy= -10.1828239989184  occ= 2
MO #37  energy= -10.1808434210345  occ= 2
MO #38  energy= -10.1796300177059  occ= 2
MO #39  energy= -10.1787875664984  occ= 2
MO #40  energy= -10.1785467181772  occ= 2
MO #41  energy= -10.1773467243823  occ= 2
MO #42  energy= -10.1771048538032  occ= 2
MO #43  energy= -10.1731969049015  occ= 2
MO #44  energy= -6.69729470805923  occ= 2
MO #45  energy= -4.86481379114713  occ= 2
MO #46  energy= -4.86439038537855  occ= 2
MO #47  energy= -4.86264100633885  occ= 2
MO #48  energy= -1.1220690141853   occ= 2
MO #49  energy= -1.05816201506603  occ= 2
MO #50  energy= -1.0479742685438   occ= 2
MO #51  energy= -1.02918138745624  occ= 2
MO #52  energy= -1.00825903442289  occ= 2
MO #53  energy= -0.963226590139835 occ= 2
MO #54  energy= -0.890285036270528 occ= 2
MO #55  energy= -0.877384230212348 occ= 2
MO #56  energy= -0.859177959428827 occ= 2
MO #57  energy= -0.853667366846444 occ= 2
MO #58  energy= -0.831810418739448 occ= 2
MO #59  energy= -0.823928212186457 occ= 2
MO #60  energy= -0.806354632843261 occ= 2
MO #61  energy= -0.773700617544491 occ= 2
MO #62  energy= -0.766862215290192 occ= 2
MO #63  energy= -0.761012319525593 occ= 2
MO #64  energy= -0.756484003456033 occ= 2
MO #65  energy= -0.748487563660425 occ= 2
MO #66  energy= -0.742107848158603 occ= 2
MO #67  energy= -0.728163906224497 occ= 2
MO #68  energy= -0.719140387626044 occ= 2
MO #69  energy= -0.704552052582888 occ= 2
MO #70  energy= -0.701031100441548 occ= 2
MO #71  energy= -0.691097677998989 occ= 2
MO #72  energy= -0.67559893779081  occ= 2
MO #73  energy= -0.64699871351931  occ= 2
MO #74  energy= -0.640302984019148 occ= 2
MO #75  energy= -0.63591085606736  occ= 2
MO #76  energy= -0.630005125459276 occ= 2
MO #77  energy= -0.62469358204859  occ= 2
MO #78  energy= -0.619496114528278 occ= 2
MO #79  energy= -0.603978129612162 occ= 2
MO #80  energy= -0.593599880238765 occ= 2
MO #81  energy= -0.589286962844514 occ= 2
MO #82  energy= -0.579308948880785 occ= 2
MO #83  energy= -0.575383338501059 occ= 2
MO #84  energy= -0.567385492804376 occ= 2
MO #85  energy= -0.563215509813192 occ= 2
MO #86  energy= -0.556427933605427 occ= 2
MO #87  energy= -0.537009440808463 occ= 2
MO #88  energy= -0.527233282069712 occ= 2
MO #89  energy= -0.519922025924253 occ= 2
MO #90  energy= -0.515158651118555 occ= 2
MO #91  energy= -0.497848067183029 occ= 2
MO #92  energy= -0.493021341038145 occ= 2
MO #93  energy= -0.48980593473884  occ= 2
MO #94  energy= -0.484152175665924 occ= 2
MO #95  energy= -0.48346457625784  occ= 2
MO #96  energy= -0.477919761528849 occ= 2
MO #97  energy= -0.47646460154818  occ= 2
MO #98  energy= -0.472364591449079 occ= 2
MO #99  energy= -0.464846827423692 occ= 2
MO #100 energy= -0.46268446182728  occ= 2
MO #101 energy= -0.45732386911521  occ= 2
MO #102 energy= -0.455023088047636 occ= 2
MO #103 energy= -0.452636478464286 occ= 2
MO #104 energy= -0.450657001981216 occ= 2
MO #105 energy= -0.445892230927163 occ= 2
MO #106 energy= -0.443682419139507 occ= 2
MO #107 energy= -0.440880107991491 occ= 2
MO #108 energy= -0.434749343710894 occ= 2
MO #109 energy= -0.432883045401433 occ= 2
MO #110 energy= -0.43162708994801  occ= 2
MO #111 energy= -0.42778056261886  occ= 2
MO #112 energy= -0.426751603709482 occ= 2
MO #113 energy= -0.422384717381683 occ= 2
MO #114 energy= -0.418066660328731 occ= 2
MO #115 energy= -0.406460192400084 occ= 2
MO #116 energy= -0.40333826433116  occ= 2
MO #117 energy= -0.400400043966946 occ= 2
MO #118 energy= -0.397514332583738 occ= 2
MO #119 energy= -0.395725421096552 occ= 2
MO #120 energy= -0.394313237130507 occ= 2
MO #121 energy= -0.389941200481424 occ= 2
MO #122 energy= -0.382197541279128 occ= 2
MO #123 energy= -0.380861712265641 occ= 2
MO #124 energy= -0.375488486141763 occ= 2
MO #125 energy= -0.368124704679202 occ= 2
MO #126 energy= -0.364881460648865 occ= 2
MO #127 energy= -0.362142759123616 occ= 2
MO #128 energy= -0.360592301702175 occ= 2
MO #129 energy= -0.355951835725699 occ= 2
MO #130 energy= -0.352050527723717 occ= 2
MO #131 energy= -0.349978181707949 occ= 2
MO #132 energy= -0.34737956974447  occ= 2
MO #133 energy= -0.34410738841084  occ= 2
MO #134 energy= -0.342758198783991 occ= 2
MO #135 energy= -0.333174433388572 occ= 2
MO #136 energy= -0.331286526285053 occ= 2
MO #137 energy= -0.327768888633112 occ= 2
MO #138 energy= -0.32509021715466  occ= 2
MO #139 energy= -0.320441327289877 occ= 2
MO #140 energy= -0.305941679711376 occ= 2
MO #141 energy= -0.302488087338193 occ= 2
MO #142 energy= -0.298715810263252 occ= 2
MO #143 energy= -0.296194140421258 occ= 2
MO #144 energy= -0.288538382824554 occ= 2
MO #145 energy= -0.2691331302833   occ= 2
MO #146 energy= -0.263001364870303 occ= 2
MO #147 energy= -0.262322546080568 occ= 2
MO #148 energy= -0.247326796535926 occ= 2
MO #149 energy= -0.245383376244763 occ= 2
MO #150 energy= -0.240682394463664 occ= 2
MO #151 energy= -0.237774651964284 occ= 2
MO #152 energy= -0.234982854357727 occ= 2
MO #153 energy= -0.223994657281051 occ= 2
MO #154 energy= -0.216722743561785 occ= 2
MO #155 energy= -0.0596968140587284 occ= 0
MO #156 energy= -0.0488809415625495 occ= 0
MO #157 energy= -0.029590140228879 occ= 0
MO #158 energy= -0.0235834509353213 occ= 0
MO #159 energy= -0.00598734581402748 occ= 0
MO #160 energy= -5.60774401170829e-05 occ= 0
MO #161 energy= 0.00508234620370895 occ= 0
MO #162 energy= 0.00933583263260068 occ= 0
MO #163 energy= 0.0149096999011944 occ= 0
MO #164 energy= 0.0305252451677159 occ= 0
MO #165 energy= 0.0421303845350664 occ= 0
MO #166 energy= 0.0594443693928038 occ= 0
MO #167 energy= 0.0689679547096113 occ= 0
MO #168 energy= 0.071037913498429  occ= 0
MO #169 energy= 0.0767149642516889 occ= 0
MO #170 energy= 0.0772698316647474 occ= 0
MO #171 energy= 0.0877380405527934 occ= 0
MO #172 energy= 0.0888029661285993 occ= 0
MO #173 energy= 0.0917434243198845 occ= 0
MO #174 energy= 0.0923175444102952 occ= 0
MO #175 energy= 0.0951019200602625 occ= 0
MO #176 energy= 0.100243728645478  occ= 0
MO #177 energy= 0.10574237949701   occ= 0
MO #178 energy= 0.109934477234745  occ= 0
MO #179 energy= 0.115118217129498  occ= 0
MO #180 energy= 0.11747502245633   occ= 0
MO #181 energy= 0.121416623870935  occ= 0
MO #182 energy= 0.122609290542134  occ= 0
MO #183 energy= 0.125191023083402  occ= 0
MO #184 energy= 0.128520134586393  occ= 0
MO #185 energy= 0.131440571453447  occ= 0
MO #186 energy= 0.133512565297767  occ= 0
MO #187 energy= 0.138817310096422  occ= 0
MO #188 energy= 0.139833864118969  occ= 0
MO #189 energy= 0.142075631054289  occ= 0
MO #190 energy= 0.145886556435405  occ= 0
MO #191 energy= 0.146855311865311  occ= 0
MO #192 energy= 0.150921093206237  occ= 0
MO #193 energy= 0.152009694162269  occ= 0
MO #194 energy= 0.155625478451844  occ= 0
MO #195 energy= 0.161184814124186  occ= 0
MO #196 energy= 0.162428275455336  occ= 0
MO #197 energy= 0.163556645109092  occ= 0
MO #198 energy= 0.165576999152312  occ= 0
MO #199 energy= 0.1696863671741    occ= 0
MO #200 energy= 0.179234365054043  occ= 0
MO #201 energy= 0.186343234937113  occ= 0
MO #202 energy= 0.191753895656398  occ= 0
MO #203 energy= 0.19877582229597   occ= 0
MO #204 energy= 0.203065399088433  occ= 0
MO #205 energy= 0.205401736423026  occ= 0
MO #206 energy= 0.213381640401707  occ= 0
MO #207 energy= 0.22869648202588   occ= 0
MO #208 energy= 0.233875856034275  occ= 0
MO #209 energy= 0.244810856771939  occ= 0
MO #210 energy= 0.252357054728497  occ= 0
MO #211 energy= 0.253019330390958  occ= 0
MO #212 energy= 0.258382261608162  occ= 0
MO #213 energy= 0.264515908058214  occ= 0
MO #214 energy= 0.267658254844825  occ= 0
MO #215 energy= 0.273801186423331  occ= 0
MO #216 energy= 0.274579386881499  occ= 0
MO #217 energy= 0.277498671865358  occ= 0
MO #218 energy= 0.283326075112682  occ= 0
MO #219 energy= 0.288430885435081  occ= 0
MO #220 energy= 0.290847160277004  occ= 0
MO #221 energy= 0.296027467850763  occ= 0
MO #222 energy= 0.298745836018568  occ= 0
MO #223 energy= 0.301845107204376  occ= 0
MO #224 energy= 0.305734975586851  occ= 0
MO #225 energy= 0.307223250706368  occ= 0
MO #226 energy= 0.308277437022955  occ= 0
MO #227 energy= 0.311664718736642  occ= 0
MO #228 energy= 0.313440187340097  occ= 0
MO #229 energy= 0.315102043789196  occ= 0
MO #230 energy= 0.322233308443889  occ= 0
MO #231 energy= 0.324691976142449  occ= 0
MO #232 energy= 0.337550803026626  occ= 0
MO #233 energy= 0.340803505140336  occ= 0
MO #234 energy= 0.344918357413607  occ= 0
MO #235 energy= 0.353270807106325  occ= 0
MO #236 energy= 0.354873556174464  occ= 0
MO #237 energy= 0.357023274031114  occ= 0
MO #238 energy= 0.362374347212675  occ= 0
MO #239 energy= 0.368538113025896  occ= 0
MO #240 energy= 0.370532119647064  occ= 0
MO #241 energy= 0.374051351297999  occ= 0
MO #242 energy= 0.38541970429597   occ= 0
MO #243 energy= 0.39157994667577   occ= 0
MO #244 energy= 0.392783994111924  occ= 0
MO #245 energy= 0.397843154632372  occ= 0
MO #246 energy= 0.401353851665034  occ= 0
MO #247 energy= 0.403173017360391  occ= 0
MO #248 energy= 0.405950121127445  occ= 0
MO #249 energy= 0.411354538177995  occ= 0
MO #250 energy= 0.41464847237726   occ= 0
MO #251 energy= 0.421492226736863  occ= 0
MO #252 energy= 0.423783834482457  occ= 0
MO #253 energy= 0.431274051797277  occ= 0
MO #254 energy= 0.434015560022025  occ= 0
MO #255 energy= 0.43885121902051   occ= 0
MO #256 energy= 0.443476109399465  occ= 0
MO #257 energy= 0.447642776267552  occ= 0
MO #258 energy= 0.451491053622383  occ= 0
MO #259 energy= 0.451711434877738  occ= 0
MO #260 energy= 0.456483512118775  occ= 0
MO #261 energy= 0.459172229403118  occ= 0
MO #262 energy= 0.462724746070636  occ= 0
MO #263 energy= 0.465744030606527  occ= 0
MO #264 energy= 0.470455809197543  occ= 0
MO #265 energy= 0.471163134492665  occ= 0
MO #266 energy= 0.473542820306844  occ= 0
MO #267 energy= 0.474849709373149  occ= 0
MO #268 energy= 0.478799470469883  occ= 0
MO #269 energy= 0.481818232622492  occ= 0
MO #270 energy= 0.483384324512414  occ= 0
MO #271 energy= 0.487451596999202  occ= 0
MO #272 energy= 0.489220920258174  occ= 0
MO #273 energy= 0.490432966597393  occ= 0
MO #274 energy= 0.492416578865862  occ= 0
MO #275 energy= 0.495515294335866  occ= 0
MO #276 energy= 0.496461690291105  occ= 0
MO #277 energy= 0.498927875277581  occ= 0
MO #278 energy= 0.502414243356931  occ= 0
MO #279 energy= 0.505955671985786  occ= 0
MO #280 energy= 0.508063406051801  occ= 0
MO #281 energy= 0.510192498302142  occ= 0
MO #282 energy= 0.51189017196293   occ= 0
MO #283 energy= 0.519051002171766  occ= 0
MO #284 energy= 0.525412495289475  occ= 0
MO #285 energy= 0.534767172009137  occ= 0
MO #286 energy= 0.539001535678294  occ= 0
MO #287 energy= 0.542592553183209  occ= 0
MO #288 energy= 0.543341321960954  occ= 0
MO #289 energy= 0.548394839884908  occ= 0
MO #290 energy= 0.550531635699605  occ= 0
MO #291 energy= 0.556770849516666  occ= 0
MO #292 energy= 0.560763423136435  occ= 0
MO #293 energy= 0.566611232962596  occ= 0
MO #294 energy= 0.570196943946042  occ= 0
MO #295 energy= 0.574507718578255  occ= 0
MO #296 energy= 0.582358517173004  occ= 0
MO #297 energy= 0.587413163307603  occ= 0
MO #298 energy= 0.592168022552827  occ= 0
MO #299 energy= 0.595273061069526  occ= 0
MO #300 energy= 0.598958367691449  occ= 0
MO #301 energy= 0.601962146108107  occ= 0
MO #302 energy= 0.603455488145171  occ= 0
MO #303 energy= 0.610491476540855  occ= 0
MO #304 energy= 0.611745857011242  occ= 0
MO #305 energy= 0.614305233122864  occ= 0
MO #306 energy= 0.616342675061862  occ= 0
MO #307 energy= 0.62071638359542   occ= 0
MO #308 energy= 0.625614686685288  occ= 0
MO #309 energy= 0.629589189052942  occ= 0
MO #310 energy= 0.632936763533164  occ= 0
MO #311 energy= 0.636452557776772  occ= 0
MO #312 energy= 0.637115562269908  occ= 0
MO #313 energy= 0.640308992423009  occ= 0
MO #314 energy= 0.640871078178466  occ= 0
MO #315 energy= 0.645129395648414  occ= 0
MO #316 energy= 0.647425430919094  occ= 0
MO #317 energy= 0.652705967106049  occ= 0
MO #318 energy= 0.6538341705932    occ= 0
MO #319 energy= 0.655629626451312  occ= 0
MO #320 energy= 0.659164872999866  occ= 0
MO #321 energy= 0.661835956360873  occ= 0
MO #322 energy= 0.663767471243948  occ= 0
MO #323 energy= 0.667068115789911  occ= 0
MO #324 energy= 0.668726497416488  occ= 0
MO #325 energy= 0.670055300269714  occ= 0
MO #326 energy= 0.671576147754245  occ= 0
MO #327 energy= 0.672238539372209  occ= 0
MO #328 energy= 0.674006259933135  occ= 0
MO #329 energy= 0.677366835562029  occ= 0
MO #330 energy= 0.678930211184299  occ= 0
MO #331 energy= 0.68081724473575   occ= 0
MO #332 energy= 0.684905489779178  occ= 0
MO #333 energy= 0.687063863686861  occ= 0
MO #334 energy= 0.688733848367802  occ= 0
MO #335 energy= 0.689485100171911  occ= 0
MO #336 energy= 0.694036990636963  occ= 0
MO #337 energy= 0.696973021583022  occ= 0
MO #338 energy= 0.702197845807185  occ= 0
MO #339 energy= 0.703081820309243  occ= 0
MO #340 energy= 0.706259891739102  occ= 0
MO #341 energy= 0.709288040685178  occ= 0
MO #342 energy= 0.709751235681534  occ= 0
MO #343 energy= 0.713070791483319  occ= 0
MO #344 energy= 0.713996409624563  occ= 0
MO #345 energy= 0.726187529265236  occ= 0
MO #346 energy= 0.730476217408035  occ= 0
MO #347 energy= 0.732687188214483  occ= 0
MO #348 energy= 0.735487888616927  occ= 0
MO #349 energy= 0.739696258476041  occ= 0
MO #350 energy= 0.743311195018274  occ= 0
MO #351 energy= 0.745320763239099  occ= 0
MO #352 energy= 0.746497956217357  occ= 0
MO #353 energy= 0.751253734534239  occ= 0
MO #354 energy= 0.755655601543245  occ= 0
MO #355 energy= 0.75693743859985   occ= 0
MO #356 energy= 0.759441766841582  occ= 0
MO #357 energy= 0.765231714076191  occ= 0
MO #358 energy= 0.766762511287253  occ= 0
MO #359 energy= 0.772817751595604  occ= 0
MO #360 energy= 0.778026796233273  occ= 0
MO #361 energy= 0.782463321768266  occ= 0
MO #362 energy= 0.789453287076719  occ= 0
MO #363 energy= 0.792351302026058  occ= 0
MO #364 energy= 0.797680882796197  occ= 0
MO #365 energy= 0.802043403067834  occ= 0
MO #366 energy= 0.809907428455424  occ= 0
MO #367 energy= 0.813664471579168  occ= 0
MO #368 energy= 0.817947477150095  occ= 0
MO #369 energy= 0.820682610303506  occ= 0
MO #370 energy= 0.823421910524258  occ= 0
MO #371 energy= 0.828744210687835  occ= 0
MO #372 energy= 0.832677649202302  occ= 0
MO #373 energy= 0.837837531085542  occ= 0
MO #374 energy= 0.844862333123935  occ= 0
MO #375 energy= 0.847202624127157  occ= 0
MO #376 energy= 0.855441783611184  occ= 0
MO #377 energy= 0.865144499709777  occ= 0
MO #378 energy= 0.866677931468868  occ= 0
MO #379 energy= 0.873991414451701  occ= 0
MO #380 energy= 0.879747109425557  occ= 0
MO #381 energy= 0.885412948067633  occ= 0
MO #382 energy= 0.890894933979427  occ= 0
MO #383 energy= 0.894015167714317  occ= 0
MO #384 energy= 0.897206680096196  occ= 0
MO #385 energy= 0.913158170929827  occ= 0
MO #386 energy= 0.92206073596396   occ= 0
MO #387 energy= 0.929928145293417  occ= 0
MO #388 energy= 0.9345920350641    occ= 0
MO #389 energy= 0.941036548227388  occ= 0
MO #390 energy= 0.951079062266877  occ= 0
MO #391 energy= 0.959924762338859  occ= 0
MO #392 energy= 0.963636409010441  occ= 0
MO #393 energy= 0.969694282943554  occ= 0
MO #394 energy= 0.974977708766653  occ= 0
MO #395 energy= 0.980331352732416  occ= 0
MO #396 energy= 0.986977384879552  occ= 0
MO #397 energy= 0.998205418884152  occ= 0
MO #398 energy= 1.00721615519254   occ= 0
MO #399 energy= 1.01831152656266   occ= 0
MO #400 energy= 1.03273627273446   occ= 0
MO #401 energy= 1.03969663005854   occ= 0
MO #402 energy= 1.04658748417426   occ= 0
MO #403 energy= 1.06488303574557   occ= 0
MO #404 energy= 1.07797486049242   occ= 0
MO #405 energy= 1.08214012322751   occ= 0
MO #406 energy= 1.08594585151715   occ= 0
MO #407 energy= 1.10330540408814   occ= 0
MO #408 energy= 1.10923750951221   occ= 0
MO #409 energy= 1.11180902999113   occ= 0
MO #410 energy= 1.11577741258735   occ= 0
MO #411 energy= 1.12415552976392   occ= 0
MO #412 energy= 1.12817813642057   occ= 0
MO #413 energy= 1.1392544138801    occ= 0
MO #414 energy= 1.14534553041945   occ= 0
MO #415 energy= 1.14991765845085   occ= 0
MO #416 energy= 1.16082216405464   occ= 0
MO #417 energy= 1.16282094954055   occ= 0
MO #418 energy= 1.16969925817479   occ= 0
MO #419 energy= 1.17591228063086   occ= 0
MO #420 energy= 1.18706245998558   occ= 0
MO #421 energy= 1.19125718006388   occ= 0
MO #422 energy= 1.19587287369036   occ= 0
MO #423 energy= 1.19805479660631   occ= 0
MO #424 energy= 1.20483709772053   occ= 0
MO #425 energy= 1.20687675287472   occ= 0
MO #426 energy= 1.21039426749359   occ= 0
MO #427 energy= 1.22403541198002   occ= 0
MO #428 energy= 1.2263226946378    occ= 0
MO #429 energy= 1.22878930447531   occ= 0
MO #430 energy= 1.23860719582679   occ= 0
MO #431 energy= 1.23978804946858   occ= 0
MO #432 energy= 1.24328970101552   occ= 0
MO #433 energy= 1.25048997701396   occ= 0
MO #434 energy= 1.25362930991807   occ= 0
MO #435 energy= 1.2568477153359    occ= 0
MO #436 energy= 1.26296174070551   occ= 0
MO #437 energy= 1.26912262976344   occ= 0
MO #438 energy= 1.27279631214729   occ= 0
MO #439 energy= 1.27525001747665   occ= 0
MO #440 energy= 1.27600105279219   occ= 0
MO #441 energy= 1.2817097822206    occ= 0
MO #442 energy= 1.28744849785912   occ= 0
MO #443 energy= 1.29546964906804   occ= 0
MO #444 energy= 1.29670317452632   occ= 0
MO #445 energy= 1.29775044874356   occ= 0
MO #446 energy= 1.3016294155905    occ= 0
MO #447 energy= 1.3067116270851    occ= 0
MO #448 energy= 1.31174251669797   occ= 0
MO #449 energy= 1.31272583876106   occ= 0
MO #450 energy= 1.31541347757164   occ= 0
MO #451 energy= 1.32079596116847   occ= 0
MO #452 energy= 1.32355707047834   occ= 0
MO #453 energy= 1.33033304758433   occ= 0
MO #454 energy= 1.3353234136115    occ= 0
MO #455 energy= 1.34306702426705   occ= 0
MO #456 energy= 1.35552027358171   occ= 0
MO #457 energy= 1.36290240744713   occ= 0
MO #458 energy= 1.36990612607866   occ= 0
MO #459 energy= 1.37254696618457   occ= 0
MO #460 energy= 1.39074120771072   occ= 0
MO #461 energy= 1.39827217667536   occ= 0
MO #462 energy= 1.40769174373225   occ= 0
MO #463 energy= 1.41376730630883   occ= 0
MO #464 energy= 1.41965224700385   occ= 0
MO #465 energy= 1.43879549251914   occ= 0
MO #466 energy= 1.44976233762872   occ= 0
MO #467 energy= 1.45973110896085   occ= 0
MO #468 energy= 1.47211824761287   occ= 0
MO #469 energy= 1.4787885305152    occ= 0
MO #470 energy= 1.49121396517671   occ= 0
MO #471 energy= 1.49900238944736   occ= 0
MO #472 energy= 1.51452638584111   occ= 0
MO #473 energy= 1.51897644027927   occ= 0
MO #474 energy= 1.52436979377968   occ= 0
MO #475 energy= 1.52680009002058   occ= 0
MO #476 energy= 1.52802920702923   occ= 0
MO #477 energy= 1.53434729111968   occ= 0
MO #478 energy= 1.54218512985997   occ= 0
MO #479 energy= 1.54540303149769   occ= 0
MO #480 energy= 1.56212901040238   occ= 0
MO #481 energy= 1.57031141436083   occ= 0
MO #482 energy= 1.57735688640569   occ= 0
MO #483 energy= 1.58343397247012   occ= 0
MO #484 energy= 1.58448344819831   occ= 0
MO #485 energy= 1.60110110398886   occ= 0
MO #486 energy= 1.61270670825896   occ= 0
MO #487 energy= 1.62064983833031   occ= 0
MO #488 energy= 1.62720643312804   occ= 0
MO #489 energy= 1.63861530170394   occ= 0
MO #490 energy= 1.64608398391156   occ= 0
MO #491 energy= 1.65587099145273   occ= 0
MO #492 energy= 1.65793218317902   occ= 0
MO #493 energy= 1.66207032648684   occ= 0
MO #494 energy= 1.66542692769875   occ= 0
MO #495 energy= 1.67481721044527   occ= 0
MO #496 energy= 1.67839156832082   occ= 0
MO #497 energy= 1.69087550122457   occ= 0
MO #498 energy= 1.69394686274196   occ= 0
MO #499 energy= 1.69743822197933   occ= 0
MO #500 energy= 1.70550526812768   occ= 0
MO #501 energy= 1.70676457110092   occ= 0
MO #502 energy= 1.71489001788533   occ= 0
MO #503 energy= 1.7193437274734    occ= 0
MO #504 energy= 1.71949434154817   occ= 0
MO #505 energy= 1.72309669318916   occ= 0
MO #506 energy= 1.72871085382933   occ= 0
MO #507 energy= 1.73080523489982   occ= 0
MO #508 energy= 1.73522272726816   occ= 0
MO #509 energy= 1.73953976158545   occ= 0
MO #510 energy= 1.7406095573879    occ= 0
MO #511 energy= 1.74162057987377   occ= 0
MO #512 energy= 1.74415976702377   occ= 0
MO #513 energy= 1.74639499906617   occ= 0
MO #514 energy= 1.75109238018348   occ= 0
MO #515 energy= 1.75416658967071   occ= 0
MO #516 energy= 1.75815957553119   occ= 0
MO #517 energy= 1.75991273792555   occ= 0
MO #518 energy= 1.76362174212644   occ= 0
MO #519 energy= 1.76734455941253   occ= 0
MO #520 energy= 1.77132928842669   occ= 0
MO #521 energy= 1.77246382688049   occ= 0
MO #522 energy= 1.77383103101609   occ= 0
MO #523 energy= 1.77670450673177   occ= 0
MO #524 energy= 1.77810408894765   occ= 0
MO #525 energy= 1.78189550090758   occ= 0
MO #526 energy= 1.78291413830808   occ= 0
MO #527 energy= 1.78511555702318   occ= 0
MO #528 energy= 1.79448895703033   occ= 0
MO #529 energy= 1.80023338806126   occ= 0
MO #530 energy= 1.80226662237986   occ= 0
MO #531 energy= 1.80559210034676   occ= 0
MO #532 energy= 1.81083265323326   occ= 0
MO #533 energy= 1.81822593427328   occ= 0
MO #534 energy= 1.82699391829604   occ= 0
MO #535 energy= 1.82838551937269   occ= 0
MO #536 energy= 1.83167491722322   occ= 0
MO #537 energy= 1.838557412772     occ= 0
MO #538 energy= 1.84137727423425   occ= 0
MO #539 energy= 1.84675214913328   occ= 0
MO #540 energy= 1.85106141723348   occ= 0
MO #541 energy= 1.85153590559222   occ= 0
MO #542 energy= 1.86564820271149   occ= 0
MO #543 energy= 1.86665872252371   occ= 0
MO #544 energy= 1.87159392911218   occ= 0
MO #545 energy= 1.87691804609853   occ= 0
MO #546 energy= 1.87940974521786   occ= 0
MO #547 energy= 1.88687369325216   occ= 0
MO #548 energy= 1.89190864216958   occ= 0
MO #549 energy= 1.90601402024344   occ= 0
MO #550 energy= 1.90988571869323   occ= 0
MO #551 energy= 1.91389589631426   occ= 0
MO #552 energy= 1.91934633913011   occ= 0
MO #553 energy= 1.92249117899858   occ= 0
MO #554 energy= 1.92797835331317   occ= 0
MO #555 energy= 1.93940376890294   occ= 0
MO #556 energy= 1.94529247542665   occ= 0
MO #557 energy= 1.94651107647901   occ= 0
MO #558 energy= 1.94971341109968   occ= 0
MO #559 energy= 1.95863049170599   occ= 0
MO #560 energy= 1.96088389191511   occ= 0
MO #561 energy= 1.964097015285     occ= 0
MO #562 energy= 1.97207952645475   occ= 0
MO #563 energy= 1.97535725138272   occ= 0
MO #564 energy= 1.97861722307241   occ= 0
MO #565 energy= 1.98007835186947   occ= 0
MO #566 energy= 1.98416720504717   occ= 0
MO #567 energy= 1.99089617309075   occ= 0
MO #568 energy= 1.99919058344441   occ= 0
MO #569 energy= 2.00171875537714   occ= 0
MO #570 energy= 2.00708533601112   occ= 0
MO #571 energy= 2.013334946359     occ= 0
MO #572 energy= 2.01698484337536   occ= 0
MO #573 energy= 2.01939654254792   occ= 0
MO #574 energy= 2.02733367847424   occ= 0
MO #575 energy= 2.0341001605641    occ= 0
MO #576 energy= 2.04231458333377   occ= 0
MO #577 energy= 2.04838261194365   occ= 0
MO #578 energy= 2.05944049361258   occ= 0
MO #579 energy= 2.06353457710721   occ= 0
MO #580 energy= 2.06510051136807   occ= 0
MO #581 energy= 2.0723884735213    occ= 0
MO #582 energy= 2.07908303026534   occ= 0
MO #583 energy= 2.09995943670321   occ= 0
MO #584 energy= 2.10695812901858   occ= 0
MO #585 energy= 2.10924414394304   occ= 0
MO #586 energy= 2.11261521543647   occ= 0
MO #587 energy= 2.12114959583307   occ= 0
MO #588 energy= 2.12558024193796   occ= 0
MO #589 energy= 2.13593798870715   occ= 0
MO #590 energy= 2.1376022219884    occ= 0
MO #591 energy= 2.1447291033771    occ= 0
MO #592 energy= 2.15249515528736   occ= 0
MO #593 energy= 2.15585257061417   occ= 0
MO #594 energy= 2.15738986365154   occ= 0
MO #595 energy= 2.1652461229655    occ= 0
MO #596 energy= 2.17255069406633   occ= 0
MO #597 energy= 2.17506020249627   occ= 0
MO #598 energy= 2.18244773501133   occ= 0
MO #599 energy= 2.18589621688484   occ= 0
MO #600 energy= 2.1889483616679    occ= 0
MO #601 energy= 2.1900755078233    occ= 0
MO #602 energy= 2.19357227935975   occ= 0
MO #603 energy= 2.19640063305451   occ= 0
MO #604 energy= 2.20244274014311   occ= 0
MO #605 energy= 2.20740008780661   occ= 0
MO #606 energy= 2.21107650040199   occ= 0
MO #607 energy= 2.22001289569301   occ= 0
MO #608 energy= 2.22485616492985   occ= 0
MO #609 energy= 2.22899159916376   occ= 0
MO #610 energy= 2.2294121484755    occ= 0
MO #611 energy= 2.25200303013431   occ= 0
MO #612 energy= 2.25654340565067   occ= 0
MO #613 energy= 2.26797377782741   occ= 0
MO #614 energy= 2.27330696577585   occ= 0
MO #615 energy= 2.28031546403175   occ= 0
MO #616 energy= 2.28187899404305   occ= 0
MO #617 energy= 2.28781194762479   occ= 0
MO #618 energy= 2.29407362296184   occ= 0
MO #619 energy= 2.30805882623237   occ= 0
MO #620 energy= 2.32302104603745   occ= 0
MO #621 energy= 2.32655295232097   occ= 0
MO #622 energy= 2.32848328090847   occ= 0
MO #623 energy= 2.33188976213782   occ= 0
MO #624 energy= 2.33464476882431   occ= 0
MO #625 energy= 2.34054647993324   occ= 0
MO #626 energy= 2.34732463037504   occ= 0
MO #627 energy= 2.3536360669766    occ= 0
MO #628 energy= 2.35809000707804   occ= 0
MO #629 energy= 2.36419437813582   occ= 0
MO #630 energy= 2.37038135450535   occ= 0
MO #631 energy= 2.37764771008308   occ= 0
MO #632 energy= 2.38289911073074   occ= 0
MO #633 energy= 2.38753187744953   occ= 0
MO #634 energy= 2.39045029369627   occ= 0
MO #635 energy= 2.39485953366445   occ= 0
MO #636 energy= 2.39929576755617   occ= 0
MO #637 energy= 2.40381952210067   occ= 0
MO #638 energy= 2.40892524552094   occ= 0
MO #639 energy= 2.41815879157263   occ= 0
MO #640 energy= 2.42429975146063   occ= 0
MO #641 energy= 2.42837990278245   occ= 0
MO #642 energy= 2.44965461315237   occ= 0
MO #643 energy= 2.46138138550391   occ= 0
MO #644 energy= 2.46659087639079   occ= 0
MO #645 energy= 2.49174807649944   occ= 0
MO #646 energy= 2.49941039812641   occ= 0
MO #647 energy= 2.51056459947133   occ= 0
MO #648 energy= 2.51651357985208   occ= 0
MO #649 energy= 2.54115229049682   occ= 0
MO #650 energy= 2.55526116709802   occ= 0
MO #651 energy= 2.55593281951424   occ= 0
MO #652 energy= 2.56310632957312   occ= 0
MO #653 energy= 2.56861191477079   occ= 0
MO #654 energy= 2.58182062264661   occ= 0
MO #655 energy= 2.58822717902632   occ= 0
MO #656 energy= 2.60243284934624   occ= 0
MO #657 energy= 2.60785501933798   occ= 0
MO #658 energy= 2.61264201659589   occ= 0
MO #659 energy= 2.62219157951466   occ= 0
MO #660 energy= 2.63325471871671   occ= 0
MO #661 energy= 2.64209954200168   occ= 0
MO #662 energy= 2.64662278802682   occ= 0
MO #663 energy= 2.64937162578046   occ= 0
MO #664 energy= 2.65577058182883   occ= 0
MO #665 energy= 2.65782518685912   occ= 0
MO #666 energy= 2.66075103673272   occ= 0
MO #667 energy= 2.66651311372456   occ= 0
MO #668 energy= 2.67135885170967   occ= 0
MO #669 energy= 2.67369812474856   occ= 0
MO #670 energy= 2.67867080544506   occ= 0
MO #671 energy= 2.68754674951393   occ= 0
MO #672 energy= 2.692035423621     occ= 0
MO #673 energy= 2.69827600957343   occ= 0
MO #674 energy= 2.70067165219484   occ= 0
MO #675 energy= 2.70509565752251   occ= 0
MO #676 energy= 2.70685284132616   occ= 0
MO #677 energy= 2.71291521877786   occ= 0
MO #678 energy= 2.72237920097852   occ= 0
MO #679 energy= 2.72969129743216   occ= 0
MO #680 energy= 2.73524523817208   occ= 0
MO #681 energy= 2.73964549250745   occ= 0
MO #682 energy= 2.75688199607036   occ= 0
MO #683 energy= 2.75818582776868   occ= 0
MO #684 energy= 2.75944656764579   occ= 0
MO #685 energy= 2.7660594605264    occ= 0
MO #686 energy= 2.77107985625436   occ= 0
MO #687 energy= 2.77596666667065   occ= 0
MO #688 energy= 2.78993325790663   occ= 0
MO #689 energy= 2.80466350320488   occ= 0
MO #690 energy= 2.81054467305479   occ= 0
MO #691 energy= 2.81924718834567   occ= 0
MO #692 energy= 2.82429847068816   occ= 0
MO #693 energy= 2.83695104086139   occ= 0
MO #694 energy= 2.8479432340396    occ= 0
MO #695 energy= 2.85179456782532   occ= 0
MO #696 energy= 2.85554581185623   occ= 0
MO #697 energy= 2.86094152068093   occ= 0
MO #698 energy= 2.87583477287507   occ= 0
MO #699 energy= 2.8815170383518    occ= 0
MO #700 energy= 2.88959527252821   occ= 0
MO #701 energy= 2.89772086142049   occ= 0
MO #702 energy= 2.90331152977928   occ= 0
MO #703 energy= 2.90793676132049   occ= 0
MO #704 energy= 2.91292909338073   occ= 0
MO #705 energy= 2.91855873710644   occ= 0
MO #706 energy= 2.92648465051465   occ= 0
MO #707 energy= 2.93201057935151   occ= 0
MO #708 energy= 2.93848345316106   occ= 0
MO #709 energy= 2.95270550624625   occ= 0
MO #710 energy= 2.96726442682664   occ= 0
MO #711 energy= 2.97018763630995   occ= 0
MO #712 energy= 2.99238825895056   occ= 0
MO #713 energy= 2.99599387678881   occ= 0
MO #714 energy= 2.99850456775952   occ= 0
MO #715 energy= 3.00645223521389   occ= 0
MO #716 energy= 3.0114533364991    occ= 0
MO #717 energy= 3.01432088074017   occ= 0
MO #718 energy= 3.05904846670475   occ= 0
MO #719 energy= 3.06142278179738   occ= 0
MO #720 energy= 3.07155329762693   occ= 0
MO #721 energy= 3.08333714919688   occ= 0
MO #722 energy= 3.08745663339496   occ= 0
MO #723 energy= 3.09579847028428   occ= 0
MO #724 energy= 3.12546803100936   occ= 0
MO #725 energy= 3.13491215160677   occ= 0
MO #726 energy= 3.1387532715811    occ= 0
MO #727 energy= 3.1441248582069    occ= 0
MO #728 energy= 3.15501701142182   occ= 0
MO #729 energy= 3.17764640882543   occ= 0
MO #730 energy= 3.17888688392177   occ= 0
MO #731 energy= 3.18779263209917   occ= 0
MO #732 energy= 3.19281692252721   occ= 0
MO #733 energy= 3.21507568923654   occ= 0
MO #734 energy= 3.21962652458964   occ= 0
MO #735 energy= 3.25148380358159   occ= 0
MO #736 energy= 3.30432490906798   occ= 0
MO #737 energy= 3.31901167038347   occ= 0
MO #738 energy= 3.33991577486518   occ= 0
MO #739 energy= 3.36937346970296   occ= 0
MO #740 energy= 3.38077915846489   occ= 0
MO #741 energy= 3.40425954080753   occ= 0
MO #742 energy= 3.47524695198266   occ= 0
MO #743 energy= 3.51372413768726   occ= 0
MO #744 energy= 3.52836925300863   occ= 0
MO #745 energy= 3.56299982239806   occ= 0
MO #746 energy= 3.58240425862228   occ= 0
MO #747 energy= 3.64447773908111   occ= 0
MO #748 energy= 3.6513565523124    occ= 0
MO #749 energy= 3.68404651463748   occ= 0
MO #750 energy= 3.69561169265875   occ= 0
MO #751 energy= 3.71436603918703   occ= 0
 ** Mulliken atomic charges  **
charge of  0O =     -0.78521
charge of  1P =      1.75854
charge of  2O =     -0.65059
charge of  3O =     -0.53509
charge of  4C =      0.17670
charge of  5C =     -0.00570
charge of  6C =      0.00850
charge of  7C =     -0.10599
charge of  8C =      0.01586
charge of  9C =      0.04093
charge of  10O =     -0.39521
charge of  11C =     -0.06604
charge of  12C =     -0.11340
charge of  13C =     -0.09890
charge of  14C =     -0.10073
charge of  15C =     -0.10150
charge of  16C =      0.00887
charge of  17C =      0.00247
charge of  18C =     -0.10470
charge of  19C =     -0.09902
charge of  20C =     -0.10176
charge of  21C =     -0.10104
charge of  22C =     -0.02397
charge of  23C =     -0.02632
charge of  24C =      0.17480
charge of  25O =     -0.54004
charge of  26C =     -0.00432
charge of  27C =      0.00797
charge of  28C =     -0.10397
charge of  29C =     -0.10119
charge of  30C =     -0.11281
charge of  31C =      0.00584
charge of  32C =      0.03597
charge of  33O =     -0.40265
charge of  34C =     -0.07905
charge of  35C =     -0.10254
charge of  36C =     -0.10220
charge of  37C =      0.00939
charge of  38C =      0.00183
charge of  39C =     -0.10538
charge of  40C =     -0.09899
charge of  41C =     -0.10161
charge of  42C =     -0.10069
charge of  43H =      0.35282
charge of  44H =      0.10845
charge of  45H =      0.07532
charge of  46H =      0.07899
charge of  47H =      0.07795
charge of  48H =      0.10950
charge of  49H =      0.07838
charge of  50H =      0.09662
charge of  51H =      0.10323
charge of  52H =      0.11022
charge of  53H =      0.10894
charge of  54H =      0.11156
charge of  55H =      0.10459
charge of  56H =      0.10395
charge of  57H =      0.10187
charge of  58H =      0.10400
charge of  59H =      0.09951
charge of  60H =      0.09537
charge of  61H =      0.07202
charge of  62H =      0.10716
charge of  63H =      0.07151
charge of  64H =      0.10411
charge of  65H =      0.10969
charge of  66H =      0.10821
charge of  67H =      0.10773
charge of  68H =      0.11102
charge of  69H =      0.10440
charge of  70H =      0.10399
charge of  71H =      0.10182
Dipole moment(X, Y, Z, Debye):  1.86989,  3.18238, -0.69997
def2-svp b3lyp 192.13603520393372
