/public3/home/scg5914/software-scg5914/LSW/1/data/data2/std_data/def2svp_b3lyp/cat_11.xyz
converged SCF energy = -2695.82782110622
**** MO energy ****
MO #1   energy= -77.2233361499327  occ= 2
MO #2   energy= -24.713841640584   occ= 2
MO #3   energy= -24.7088967033277  occ= 2
MO #4   energy= -24.7084733249066  occ= 2
MO #5   energy= -24.7064015161029  occ= 2
MO #6   energy= -24.7049179198732  occ= 2
MO #7   energy= -24.7029851961667  occ= 2
MO #8   energy= -19.2010402369146  occ= 2
MO #9   energy= -19.2006013309848  occ= 2
MO #10  energy= -19.1885475912911  occ= 2
MO #11  energy= -19.1837317019976  occ= 2
MO #12  energy= -19.1776196171823  occ= 2
MO #13  energy= -19.0951365836644  occ= 2
MO #14  energy= -10.4734125376791  occ= 2
MO #15  energy= -10.4712153207501  occ= 2
MO #16  energy= -10.2679068472677  occ= 2
MO #17  energy= -10.2652872500442  occ= 2
MO #18  energy= -10.2632829257205  occ= 2
MO #19  energy= -10.2597446627853  occ= 2
MO #20  energy= -10.2119293049315  occ= 2
MO #21  energy= -10.2114060561063  occ= 2
MO #22  energy= -10.2110858449583  occ= 2
MO #23  energy= -10.2081708801119  occ= 2
MO #24  energy= -10.206879732082   occ= 2
MO #25  energy= -10.2056747080765  occ= 2
MO #26  energy= -10.2035585600396  occ= 2
MO #27  energy= -10.2035429046728  occ= 2
MO #28  energy= -10.2028121994762  occ= 2
MO #29  energy= -10.2022101759535  occ= 2
MO #30  energy= -10.2021527399134  occ= 2
MO #31  energy= -10.2017835550624  occ= 2
MO #32  energy= -10.2016699812611  occ= 2
MO #33  energy= -10.1993581313109  occ= 2
MO #34  energy= -10.197494047119   occ= 2
MO #35  energy= -10.1971355057984  occ= 2
MO #36  energy= -10.1959158921864  occ= 2
MO #37  energy= -10.1947098523559  occ= 2
MO #38  energy= -10.1944300061972  occ= 2
MO #39  energy= -10.1943698392831  occ= 2
MO #40  energy= -10.1939238840695  occ= 2
MO #41  energy= -10.1938532898715  occ= 2
MO #42  energy= -10.1928479673675  occ= 2
MO #43  energy= -10.1913421013771  occ= 2
MO #44  energy= -10.190820644487   occ= 2
MO #45  energy= -10.1901061171934  occ= 2
MO #46  energy= -10.1892189025586  occ= 2
MO #47  energy= -10.189028360941   occ= 2
MO #48  energy= -6.69918903965906  occ= 2
MO #49  energy= -4.86668510249648  occ= 2
MO #50  energy= -4.86630794473341  occ= 2
MO #51  energy= -4.86444911403527  occ= 2
MO #52  energy= -1.30704082638027  occ= 2
MO #53  energy= -1.30408044528763  occ= 2
MO #54  energy= -1.20568213867752  occ= 2
MO #55  energy= -1.20145173852511  occ= 2
MO #56  energy= -1.19473694450525  occ= 2
MO #57  energy= -1.19229053130985  occ= 2
MO #58  energy= -1.12523450168417  occ= 2
MO #59  energy= -1.10553971435363  occ= 2
MO #60  energy= -1.10455495306334  occ= 2
MO #61  energy= -1.06128655297976  occ= 2
MO #62  energy= -1.0511018136527   occ= 2
MO #63  energy= -0.965666135862257 occ= 2
MO #64  energy= -0.895678710230386 occ= 2
MO #65  energy= -0.884396121056288 occ= 2
MO #66  energy= -0.875189229529137 occ= 2
MO #67  energy= -0.868580975010738 occ= 2
MO #68  energy= -0.837239481228827 occ= 2
MO #69  energy= -0.829698125191336 occ= 2
MO #70  energy= -0.812972084294984 occ= 2
MO #71  energy= -0.781623746150565 occ= 2
MO #72  energy= -0.776487791172645 occ= 2
MO #73  energy= -0.769628711017924 occ= 2
MO #74  energy= -0.765351989953794 occ= 2
MO #75  energy= -0.763881474697121 occ= 2
MO #76  energy= -0.747494215125469 occ= 2
MO #77  energy= -0.736468018753814 occ= 2
MO #78  energy= -0.73123066558309  occ= 2
MO #79  energy= -0.71365146071811  occ= 2
MO #80  energy= -0.693074545050682 occ= 2
MO #81  energy= -0.690803032597755 occ= 2
MO #82  energy= -0.67957948311769  occ= 2
MO #83  energy= -0.653156360394657 occ= 2
MO #84  energy= -0.645769968156279 occ= 2
MO #85  energy= -0.644312968856434 occ= 2
MO #86  energy= -0.640789947274731 occ= 2
MO #87  energy= -0.635507461247818 occ= 2
MO #88  energy= -0.628450110717299 occ= 2
MO #89  energy= -0.6149179596809   occ= 2
MO #90  energy= -0.609742264072022 occ= 2
MO #91  energy= -0.606947935684924 occ= 2
MO #92  energy= -0.598555912891913 occ= 2
MO #93  energy= -0.595892053305434 occ= 2
MO #94  energy= -0.590261894485537 occ= 2
MO #95  energy= -0.587875388519372 occ= 2
MO #96  energy= -0.581355266664532 occ= 2
MO #97  energy= -0.579402143017762 occ= 2
MO #98  energy= -0.572957778055932 occ= 2
MO #99  energy= -0.568257833635151 occ= 2
MO #100 energy= -0.558417358703287 occ= 2
MO #101 energy= -0.5435393573109   occ= 2
MO #102 energy= -0.534215183425716 occ= 2
MO #103 energy= -0.524793629550482 occ= 2
MO #104 energy= -0.520133334846437 occ= 2
MO #105 energy= -0.501349148218933 occ= 2
MO #106 energy= -0.497097988895251 occ= 2
MO #107 energy= -0.492332401867656 occ= 2
MO #108 energy= -0.490249101261321 occ= 2
MO #109 energy= -0.487746843934563 occ= 2
MO #110 energy= -0.483711399900751 occ= 2
MO #111 energy= -0.479026401419311 occ= 2
MO #112 energy= -0.468692273373884 occ= 2
MO #113 energy= -0.468141092819328 occ= 2
MO #114 energy= -0.465371061376683 occ= 2
MO #115 energy= -0.464776462215431 occ= 2
MO #116 energy= -0.460260856748338 occ= 2
MO #117 energy= -0.459037392681265 occ= 2
MO #118 energy= -0.45471013305705  occ= 2
MO #119 energy= -0.453006070196227 occ= 2
MO #120 energy= -0.452577091521898 occ= 2
MO #121 energy= -0.450976723477438 occ= 2
MO #122 energy= -0.448499076215408 occ= 2
MO #123 energy= -0.44626196825596  occ= 2
MO #124 energy= -0.44261699972117  occ= 2
MO #125 energy= -0.44098520865338  occ= 2
MO #126 energy= -0.438496294798058 occ= 2
MO #127 energy= -0.436940042765842 occ= 2
MO #128 energy= -0.433326686580312 occ= 2
MO #129 energy= -0.430813368741518 occ= 2
MO #130 energy= -0.430750088910341 occ= 2
MO #131 energy= -0.420279144343651 occ= 2
MO #132 energy= -0.417567787337867 occ= 2
MO #133 energy= -0.412701677667284 occ= 2
MO #134 energy= -0.408529502394289 occ= 2
MO #135 energy= -0.405480984061034 occ= 2
MO #136 energy= -0.40205310072145  occ= 2
MO #137 energy= -0.401828563538168 occ= 2
MO #138 energy= -0.4003254188945   occ= 2
MO #139 energy= -0.399008100381005 occ= 2
MO #140 energy= -0.396659221363368 occ= 2
MO #141 energy= -0.395022371123288 occ= 2
MO #142 energy= -0.394561098206034 occ= 2
MO #143 energy= -0.384321198400367 occ= 2
MO #144 energy= -0.382559098169978 occ= 2
MO #145 energy= -0.378581001889836 occ= 2
MO #146 energy= -0.375079661503059 occ= 2
MO #147 energy= -0.372936468842287 occ= 2
MO #148 energy= -0.369895797437963 occ= 2
MO #149 energy= -0.363438719784688 occ= 2
MO #150 energy= -0.362621446936967 occ= 2
MO #151 energy= -0.358657295102971 occ= 2
MO #152 energy= -0.355662880494992 occ= 2
MO #153 energy= -0.35231373082805  occ= 2
MO #154 energy= -0.348258463160292 occ= 2
MO #155 energy= -0.338479400544989 occ= 2
MO #156 energy= -0.337005471879126 occ= 2
MO #157 energy= -0.333358013209625 occ= 2
MO #158 energy= -0.331378099611281 occ= 2
MO #159 energy= -0.307591332517356 occ= 2
MO #160 energy= -0.305514044853159 occ= 2
MO #161 energy= -0.301796954791473 occ= 2
MO #162 energy= -0.291848386089828 occ= 2
MO #163 energy= -0.277994953895925 occ= 2
MO #164 energy= -0.268760210200735 occ= 2
MO #165 energy= -0.26335169298038  occ= 2
MO #166 energy= -0.25438031911743  occ= 2
MO #167 energy= -0.247837733546226 occ= 2
MO #168 energy= -0.242139399510248 occ= 2
MO #169 energy= -0.23052191814545  occ= 2
MO #170 energy= -0.221654900213822 occ= 2
MO #171 energy= -0.0644299300554797 occ= 0
MO #172 energy= -0.0527004243100393 occ= 0
MO #173 energy= -0.0361964244965971 occ= 0
MO #174 energy= -0.028443002213682 occ= 0
MO #175 energy= -0.0191488913631088 occ= 0
MO #176 energy= -0.0101886073621979 occ= 0
MO #177 energy= -0.0070610106183603 occ= 0
MO #178 energy= -0.0021656907170347 occ= 0
MO #179 energy= 0.0111991706114394 occ= 0
MO #180 energy= 0.0260199928700854 occ= 0
MO #181 energy= 0.040561803989372  occ= 0
MO #182 energy= 0.0602805906429148 occ= 0
MO #183 energy= 0.0633822793086555 occ= 0
MO #184 energy= 0.0649829108554113 occ= 0
MO #185 energy= 0.0709761194612188 occ= 0
MO #186 energy= 0.0811606935116618 occ= 0
MO #187 energy= 0.0846062084409601 occ= 0
MO #188 energy= 0.0863398154730414 occ= 0
MO #189 energy= 0.092159629211797  occ= 0
MO #190 energy= 0.100692652780124  occ= 0
MO #191 energy= 0.102789724534066  occ= 0
MO #192 energy= 0.104832003877503  occ= 0
MO #193 energy= 0.11304842671046   occ= 0
MO #194 energy= 0.11858014340441   occ= 0
MO #195 energy= 0.12176560436333   occ= 0
MO #196 energy= 0.12733362613106   occ= 0
MO #197 energy= 0.13303964708955   occ= 0
MO #198 energy= 0.137007831196734  occ= 0
MO #199 energy= 0.137361187830237  occ= 0
MO #200 energy= 0.141412828561098  occ= 0
MO #201 energy= 0.143958903691468  occ= 0
MO #202 energy= 0.14689452564476   occ= 0
MO #203 energy= 0.150937472650982  occ= 0
MO #204 energy= 0.153011299649743  occ= 0
MO #205 energy= 0.156339194632858  occ= 0
MO #206 energy= 0.158514893680728  occ= 0
MO #207 energy= 0.161891305536745  occ= 0
MO #208 energy= 0.165170649314142  occ= 0
MO #209 energy= 0.171514151783797  occ= 0
MO #210 energy= 0.178343951542855  occ= 0
MO #211 energy= 0.186918274295369  occ= 0
MO #212 energy= 0.189489629648273  occ= 0
MO #213 energy= 0.192997171918052  occ= 0
MO #214 energy= 0.201332178253532  occ= 0
MO #215 energy= 0.204176361209012  occ= 0
MO #216 energy= 0.207769072367715  occ= 0
MO #217 energy= 0.213595084468905  occ= 0
MO #218 energy= 0.240343436506985  occ= 0
MO #219 energy= 0.244144342052531  occ= 0
MO #220 energy= 0.245495772169193  occ= 0
MO #221 energy= 0.248940915425907  occ= 0
MO #222 energy= 0.255993269744956  occ= 0
MO #223 energy= 0.260874126270288  occ= 0
MO #224 energy= 0.265795438470842  occ= 0
MO #225 energy= 0.274697094716774  occ= 0
MO #226 energy= 0.277711622687927  occ= 0
MO #227 energy= 0.279096417517478  occ= 0
MO #228 energy= 0.282159693045334  occ= 0
MO #229 energy= 0.283581285510667  occ= 0
MO #230 energy= 0.286731062836412  occ= 0
MO #231 energy= 0.289549501899484  occ= 0
MO #232 energy= 0.292091770357015  occ= 0
MO #233 energy= 0.292875328189735  occ= 0
MO #234 energy= 0.294947069971667  occ= 0
MO #235 energy= 0.296869303329716  occ= 0
MO #236 energy= 0.300425241135006  occ= 0
MO #237 energy= 0.308258771162614  occ= 0
MO #238 energy= 0.313659894190167  occ= 0
MO #239 energy= 0.316132270432617  occ= 0
MO #240 energy= 0.320198750410058  occ= 0
MO #241 energy= 0.325885478961273  occ= 0
MO #242 energy= 0.329102702940925  occ= 0
MO #243 energy= 0.333452147618512  occ= 0
MO #244 energy= 0.334445315653957  occ= 0
MO #245 energy= 0.342547183593384  occ= 0
MO #246 energy= 0.344141434576554  occ= 0
MO #247 energy= 0.348009426016836  occ= 0
MO #248 energy= 0.35123025093837   occ= 0
MO #249 energy= 0.354104136760784  occ= 0
MO #250 energy= 0.36136020969446   occ= 0
MO #251 energy= 0.366118647788317  occ= 0
MO #252 energy= 0.370015739051007  occ= 0
MO #253 energy= 0.370771650471874  occ= 0
MO #254 energy= 0.380003437997055  occ= 0
MO #255 energy= 0.381975496168309  occ= 0
MO #256 energy= 0.385639386509894  occ= 0
MO #257 energy= 0.389843630286178  occ= 0
MO #258 energy= 0.395568699951044  occ= 0
MO #259 energy= 0.398617025886428  occ= 0
MO #260 energy= 0.404223842044405  occ= 0
MO #261 energy= 0.40778138475777   occ= 0
MO #262 energy= 0.408727391692522  occ= 0
MO #263 energy= 0.414896913752877  occ= 0
MO #264 energy= 0.417623955975494  occ= 0
MO #265 energy= 0.430022304106138  occ= 0
MO #266 energy= 0.437227171557942  occ= 0
MO #267 energy= 0.442732055784489  occ= 0
MO #268 energy= 0.445812043258898  occ= 0
MO #269 energy= 0.449677317449162  occ= 0
MO #270 energy= 0.449883659058596  occ= 0
MO #271 energy= 0.453939252721297  occ= 0
MO #272 energy= 0.456068219198488  occ= 0
MO #273 energy= 0.458722360154509  occ= 0
MO #274 energy= 0.463174911104557  occ= 0
MO #275 energy= 0.463859347024015  occ= 0
MO #276 energy= 0.466889887704697  occ= 0
MO #277 energy= 0.468498865765049  occ= 0
MO #278 energy= 0.474249094168648  occ= 0
MO #279 energy= 0.476164902170641  occ= 0
MO #280 energy= 0.477812323424096  occ= 0
MO #281 energy= 0.479693962043531  occ= 0
MO #282 energy= 0.482603518062571  occ= 0
MO #283 energy= 0.485824902916255  occ= 0
MO #284 energy= 0.48633391457932   occ= 0
MO #285 energy= 0.489551339313634  occ= 0
MO #286 energy= 0.492253777779968  occ= 0
MO #287 energy= 0.495020584770215  occ= 0
MO #288 energy= 0.498474917009618  occ= 0
MO #289 energy= 0.503290815395781  occ= 0
MO #290 energy= 0.506556898835386  occ= 0
MO #291 energy= 0.509127039802368  occ= 0
MO #292 energy= 0.516817786546654  occ= 0
MO #293 energy= 0.518629842017604  occ= 0
MO #294 energy= 0.524168810025853  occ= 0
MO #295 energy= 0.525733656101339  occ= 0
MO #296 energy= 0.530903020456961  occ= 0
MO #297 energy= 0.532862483892582  occ= 0
MO #298 energy= 0.538161375542779  occ= 0
MO #299 energy= 0.543095356870824  occ= 0
MO #300 energy= 0.547635322499059  occ= 0
MO #301 energy= 0.549171869748352  occ= 0
MO #302 energy= 0.552913460603207  occ= 0
MO #303 energy= 0.561674173798927  occ= 0
MO #304 energy= 0.563884189348388  occ= 0
MO #305 energy= 0.569893836461944  occ= 0
MO #306 energy= 0.577392440342025  occ= 0
MO #307 energy= 0.57748043404817   occ= 0
MO #308 energy= 0.582484663212974  occ= 0
MO #309 energy= 0.586887089316654  occ= 0
MO #310 energy= 0.594511245176573  occ= 0
MO #311 energy= 0.599139671121682  occ= 0
MO #312 energy= 0.600331327403994  occ= 0
MO #313 energy= 0.606812116207508  occ= 0
MO #314 energy= 0.613379190690607  occ= 0
MO #315 energy= 0.616842230158489  occ= 0
MO #316 energy= 0.62028356055232   occ= 0
MO #317 energy= 0.625779967402418  occ= 0
MO #318 energy= 0.626360771012318  occ= 0
MO #319 energy= 0.632976552460724  occ= 0
MO #320 energy= 0.634826060576988  occ= 0
MO #321 energy= 0.637299409998312  occ= 0
MO #322 energy= 0.639786087298691  occ= 0
MO #323 energy= 0.647056104421086  occ= 0
MO #324 energy= 0.649231939765014  occ= 0
MO #325 energy= 0.653647251145229  occ= 0
MO #326 energy= 0.657556775100353  occ= 0
MO #327 energy= 0.658061789947827  occ= 0
MO #328 energy= 0.660495054137802  occ= 0
MO #329 energy= 0.663601782464618  occ= 0
MO #330 energy= 0.668492455830603  occ= 0
MO #331 energy= 0.670909026627851  occ= 0
MO #332 energy= 0.673392071246718  occ= 0
MO #333 energy= 0.677382397447236  occ= 0
MO #334 energy= 0.67962006263425   occ= 0
MO #335 energy= 0.686571802061876  occ= 0
MO #336 energy= 0.69021386142198   occ= 0
MO #337 energy= 0.693019623707884  occ= 0
MO #338 energy= 0.695903209210122  occ= 0
MO #339 energy= 0.704971535116204  occ= 0
MO #340 energy= 0.708833079414993  occ= 0
MO #341 energy= 0.712475986850141  occ= 0
MO #342 energy= 0.713930452042587  occ= 0
MO #343 energy= 0.721168929849816  occ= 0
MO #344 energy= 0.721568809842604  occ= 0
MO #345 energy= 0.723527810104244  occ= 0
MO #346 energy= 0.729088872362391  occ= 0
MO #347 energy= 0.734376409819757  occ= 0
MO #348 energy= 0.737270257492477  occ= 0
MO #349 energy= 0.740970211458884  occ= 0
MO #350 energy= 0.744596967061822  occ= 0
MO #351 energy= 0.74797092234805   occ= 0
MO #352 energy= 0.749204782666977  occ= 0
MO #353 energy= 0.754294261737032  occ= 0
MO #354 energy= 0.756410652071216  occ= 0
MO #355 energy= 0.758767063365593  occ= 0
MO #356 energy= 0.764795125086131  occ= 0
MO #357 energy= 0.770310877038152  occ= 0
MO #358 energy= 0.772755078577629  occ= 0
MO #359 energy= 0.778991785086067  occ= 0
MO #360 energy= 0.785261039765457  occ= 0
MO #361 energy= 0.794517018481699  occ= 0
MO #362 energy= 0.803503403695457  occ= 0
MO #363 energy= 0.805125152800508  occ= 0
MO #364 energy= 0.809908730086531  occ= 0
MO #365 energy= 0.815341475565767  occ= 0
MO #366 energy= 0.818649269469275  occ= 0
MO #367 energy= 0.822241422145939  occ= 0
MO #368 energy= 0.826845798665249  occ= 0
MO #369 energy= 0.833686217443601  occ= 0
MO #370 energy= 0.837720640946591  occ= 0
MO #371 energy= 0.844976931310151  occ= 0
MO #372 energy= 0.850561579918851  occ= 0
MO #373 energy= 0.861503332330919  occ= 0
MO #374 energy= 0.868274601846359  occ= 0
MO #375 energy= 0.877861919800388  occ= 0
MO #376 energy= 0.880209953464011  occ= 0
MO #377 energy= 0.887749419080504  occ= 0
MO #378 energy= 0.893637047373725  occ= 0
MO #379 energy= 0.895297885430574  occ= 0
MO #380 energy= 0.91029366583046   occ= 0
MO #381 energy= 0.916758438390664  occ= 0
MO #382 energy= 0.918997057061258  occ= 0
MO #383 energy= 0.924761227504118  occ= 0
MO #384 energy= 0.934182423537285  occ= 0
MO #385 energy= 0.935295459258338  occ= 0
MO #386 energy= 0.937778805648859  occ= 0
MO #387 energy= 0.94614811125435   occ= 0
MO #388 energy= 0.959162039469958  occ= 0
MO #389 energy= 0.960049444815054  occ= 0
MO #390 energy= 0.981592544829554  occ= 0
MO #391 energy= 0.989171339759699  occ= 0
MO #392 energy= 0.999109645233539  occ= 0
MO #393 energy= 1.00750873464048   occ= 0
MO #394 energy= 1.01568569382953   occ= 0
MO #395 energy= 1.0278967658283    occ= 0
MO #396 energy= 1.03367057471992   occ= 0
MO #397 energy= 1.04058396356124   occ= 0
MO #398 energy= 1.04389304970293   occ= 0
MO #399 energy= 1.05383299215885   occ= 0
MO #400 energy= 1.06118582642491   occ= 0
MO #401 energy= 1.06798028666327   occ= 0
MO #402 energy= 1.08334851832339   occ= 0
MO #403 energy= 1.08938798221878   occ= 0
MO #404 energy= 1.10028665928102   occ= 0
MO #405 energy= 1.10309266307922   occ= 0
MO #406 energy= 1.10560637717657   occ= 0
MO #407 energy= 1.1120084667789    occ= 0
MO #408 energy= 1.11836838721848   occ= 0
MO #409 energy= 1.1212831915541    occ= 0
MO #410 energy= 1.1226613515371    occ= 0
MO #411 energy= 1.13044900721132   occ= 0
MO #412 energy= 1.13461335682449   occ= 0
MO #413 energy= 1.14247314322476   occ= 0
MO #414 energy= 1.1516117337789    occ= 0
MO #415 energy= 1.15504288304547   occ= 0
MO #416 energy= 1.16080225534751   occ= 0
MO #417 energy= 1.17037834042606   occ= 0
MO #418 energy= 1.17414589445427   occ= 0
MO #419 energy= 1.17825132681038   occ= 0
MO #420 energy= 1.18497497368969   occ= 0
MO #421 energy= 1.19080753885688   occ= 0
MO #422 energy= 1.19479142804682   occ= 0
MO #423 energy= 1.19536550334476   occ= 0
MO #424 energy= 1.20121742757554   occ= 0
MO #425 energy= 1.20499142345747   occ= 0
MO #426 energy= 1.2054103802673    occ= 0
MO #427 energy= 1.21058269125562   occ= 0
MO #428 energy= 1.21462353859826   occ= 0
MO #429 energy= 1.2225279204398    occ= 0
MO #430 energy= 1.2323488787198    occ= 0
MO #431 energy= 1.23883533116949   occ= 0
MO #432 energy= 1.24766403493389   occ= 0
MO #433 energy= 1.24942879132758   occ= 0
MO #434 energy= 1.25162421767705   occ= 0
MO #435 energy= 1.25394613361429   occ= 0
MO #436 energy= 1.2561440108468    occ= 0
MO #437 energy= 1.25721493078238   occ= 0
MO #438 energy= 1.26044815259264   occ= 0
MO #439 energy= 1.26490571493312   occ= 0
MO #440 energy= 1.26923285040989   occ= 0
MO #441 energy= 1.2733931122475    occ= 0
MO #442 energy= 1.27878015292153   occ= 0
MO #443 energy= 1.28910921445699   occ= 0
MO #444 energy= 1.29210457966011   occ= 0
MO #445 energy= 1.29482426040352   occ= 0
MO #446 energy= 1.29916053040538   occ= 0
MO #447 energy= 1.30343270161935   occ= 0
MO #448 energy= 1.30687926889289   occ= 0
MO #449 energy= 1.30862171268067   occ= 0
MO #450 energy= 1.31250254440282   occ= 0
MO #451 energy= 1.32263763871926   occ= 0
MO #452 energy= 1.33082216392313   occ= 0
MO #453 energy= 1.33355324839281   occ= 0
MO #454 energy= 1.34544574580271   occ= 0
MO #455 energy= 1.34803642410663   occ= 0
MO #456 energy= 1.35519721894976   occ= 0
MO #457 energy= 1.35766011240457   occ= 0
MO #458 energy= 1.36562267549547   occ= 0
MO #459 energy= 1.3726123430004    occ= 0
MO #460 energy= 1.38350207985423   occ= 0
MO #461 energy= 1.38654202924093   occ= 0
MO #462 energy= 1.39292472286842   occ= 0
MO #463 energy= 1.39450020365605   occ= 0
MO #464 energy= 1.40743820526072   occ= 0
MO #465 energy= 1.41090002144154   occ= 0
MO #466 energy= 1.41829213738889   occ= 0
MO #467 energy= 1.43106169889584   occ= 0
MO #468 energy= 1.43990731739902   occ= 0
MO #469 energy= 1.44388438136766   occ= 0
MO #470 energy= 1.45966691947659   occ= 0
MO #471 energy= 1.46927666932512   occ= 0
MO #472 energy= 1.47814607447361   occ= 0
MO #473 energy= 1.48493183820541   occ= 0
MO #474 energy= 1.49387165267931   occ= 0
MO #475 energy= 1.49730762314954   occ= 0
MO #476 energy= 1.50409691409247   occ= 0
MO #477 energy= 1.51453083329809   occ= 0
MO #478 energy= 1.52258042694018   occ= 0
MO #479 energy= 1.53172382188102   occ= 0
MO #480 energy= 1.53370991686224   occ= 0
MO #481 energy= 1.53951903863857   occ= 0
MO #482 energy= 1.54979662455907   occ= 0
MO #483 energy= 1.56108916903127   occ= 0
MO #484 energy= 1.56514275696078   occ= 0
MO #485 energy= 1.57494794674524   occ= 0
MO #486 energy= 1.57810853762944   occ= 0
MO #487 energy= 1.59018300694453   occ= 0
MO #488 energy= 1.59842713241206   occ= 0
MO #489 energy= 1.61283852635526   occ= 0
MO #490 energy= 1.62415231552943   occ= 0
MO #491 energy= 1.63273930935103   occ= 0
MO #492 energy= 1.63901648305511   occ= 0
MO #493 energy= 1.64174682382071   occ= 0
MO #494 energy= 1.65168454057851   occ= 0
MO #495 energy= 1.66065489224179   occ= 0
MO #496 energy= 1.66834618297335   occ= 0
MO #497 energy= 1.67743700110671   occ= 0
MO #498 energy= 1.68170377892419   occ= 0
MO #499 energy= 1.68610407895065   occ= 0
MO #500 energy= 1.69149965911931   occ= 0
MO #501 energy= 1.70133720184364   occ= 0
MO #502 energy= 1.70416854340704   occ= 0
MO #503 energy= 1.70674837060459   occ= 0
MO #504 energy= 1.70885550601856   occ= 0
MO #505 energy= 1.7125113687831    occ= 0
MO #506 energy= 1.71455518606335   occ= 0
MO #507 energy= 1.71738822658396   occ= 0
MO #508 energy= 1.72446293336417   occ= 0
MO #509 energy= 1.7268949361014    occ= 0
MO #510 energy= 1.73019174374851   occ= 0
MO #511 energy= 1.73464278194059   occ= 0
MO #512 energy= 1.73775452822876   occ= 0
MO #513 energy= 1.73964909293804   occ= 0
MO #514 energy= 1.74281073797175   occ= 0
MO #515 energy= 1.74869199538045   occ= 0
MO #516 energy= 1.75331429629748   occ= 0
MO #517 energy= 1.7547469468045    occ= 0
MO #518 energy= 1.75601535311652   occ= 0
MO #519 energy= 1.75806328484794   occ= 0
MO #520 energy= 1.75894118006416   occ= 0
MO #521 energy= 1.76651180079516   occ= 0
MO #522 energy= 1.77089428015047   occ= 0
MO #523 energy= 1.77285544588285   occ= 0
MO #524 energy= 1.77833561403066   occ= 0
MO #525 energy= 1.78213620311287   occ= 0
MO #526 energy= 1.78964735178753   occ= 0
MO #527 energy= 1.79294290825143   occ= 0
MO #528 energy= 1.79560626033268   occ= 0
MO #529 energy= 1.79766857830831   occ= 0
MO #530 energy= 1.80208409995539   occ= 0
MO #531 energy= 1.80792659239805   occ= 0
MO #532 energy= 1.81111889662568   occ= 0
MO #533 energy= 1.81598562193364   occ= 0
MO #534 energy= 1.82343415583152   occ= 0
MO #535 energy= 1.82630077378152   occ= 0
MO #536 energy= 1.82950179331171   occ= 0
MO #537 energy= 1.83790771040643   occ= 0
MO #538 energy= 1.84168668665612   occ= 0
MO #539 energy= 1.84277466128786   occ= 0
MO #540 energy= 1.85591255636822   occ= 0
MO #541 energy= 1.86079899365422   occ= 0
MO #542 energy= 1.8693114396616    occ= 0
MO #543 energy= 1.8764286745976    occ= 0
MO #544 energy= 1.88172615567313   occ= 0
MO #545 energy= 1.89083532001099   occ= 0
MO #546 energy= 1.90513313092838   occ= 0
MO #547 energy= 1.91240275403734   occ= 0
MO #548 energy= 1.92601005426586   occ= 0
MO #549 energy= 1.93766167928557   occ= 0
MO #550 energy= 1.93982352858757   occ= 0
MO #551 energy= 1.94104850457665   occ= 0
MO #552 energy= 1.94623944345057   occ= 0
MO #553 energy= 1.95016742355356   occ= 0
MO #554 energy= 1.95086188870999   occ= 0
MO #555 energy= 1.95359439853494   occ= 0
MO #556 energy= 1.95467879817896   occ= 0
MO #557 energy= 1.95882691153681   occ= 0
MO #558 energy= 1.96225897288012   occ= 0
MO #559 energy= 1.96270218368716   occ= 0
MO #560 energy= 1.97019512147855   occ= 0
MO #561 energy= 1.97407813557291   occ= 0
MO #562 energy= 1.98555109052123   occ= 0
MO #563 energy= 1.98697839494613   occ= 0
MO #564 energy= 1.99292356685262   occ= 0
MO #565 energy= 1.99616705543621   occ= 0
MO #566 energy= 1.99898706600566   occ= 0
MO #567 energy= 2.00539004764752   occ= 0
MO #568 energy= 2.01065166429983   occ= 0
MO #569 energy= 2.01393588861731   occ= 0
MO #570 energy= 2.01573051203316   occ= 0
MO #571 energy= 2.02284933144264   occ= 0
MO #572 energy= 2.0304753704491    occ= 0
MO #573 energy= 2.03947670904652   occ= 0
MO #574 energy= 2.04320488897873   occ= 0
MO #575 energy= 2.04676116081479   occ= 0
MO #576 energy= 2.05904343453006   occ= 0
MO #577 energy= 2.0642315590002    occ= 0
MO #578 energy= 2.07110633971109   occ= 0
MO #579 energy= 2.07723423051754   occ= 0
MO #580 energy= 2.08810485979329   occ= 0
MO #581 energy= 2.09866326628261   occ= 0
MO #582 energy= 2.10336709154143   occ= 0
MO #583 energy= 2.10835270424506   occ= 0
MO #584 energy= 2.11522537790624   occ= 0
MO #585 energy= 2.11825254883809   occ= 0
MO #586 energy= 2.12693960477461   occ= 0
MO #587 energy= 2.12881830331324   occ= 0
MO #588 energy= 2.13757670516607   occ= 0
MO #589 energy= 2.14288832431934   occ= 0
MO #590 energy= 2.15143641106104   occ= 0
MO #591 energy= 2.15632424212975   occ= 0
MO #592 energy= 2.16235891560237   occ= 0
MO #593 energy= 2.17043465421025   occ= 0
MO #594 energy= 2.17162111217781   occ= 0
MO #595 energy= 2.17492498365462   occ= 0
MO #596 energy= 2.17937697694068   occ= 0
MO #597 energy= 2.19572153705562   occ= 0
MO #598 energy= 2.19821217155016   occ= 0
MO #599 energy= 2.20458629427316   occ= 0
MO #600 energy= 2.20584470285791   occ= 0
MO #601 energy= 2.21540306284635   occ= 0
MO #602 energy= 2.22064036044747   occ= 0
MO #603 energy= 2.22844138423155   occ= 0
MO #604 energy= 2.23512387622808   occ= 0
MO #605 energy= 2.24638244486639   occ= 0
MO #606 energy= 2.24966983012913   occ= 0
MO #607 energy= 2.26073083964748   occ= 0
MO #608 energy= 2.26343022541127   occ= 0
MO #609 energy= 2.28020352014287   occ= 0
MO #610 energy= 2.28263796688897   occ= 0
MO #611 energy= 2.28947418579317   occ= 0
MO #612 energy= 2.29829148641529   occ= 0
MO #613 energy= 2.30333550231403   occ= 0
MO #614 energy= 2.30520818694313   occ= 0
MO #615 energy= 2.3122402724122    occ= 0
MO #616 energy= 2.31803038643515   occ= 0
MO #617 energy= 2.32149942905911   occ= 0
MO #618 energy= 2.32525074584962   occ= 0
MO #619 energy= 2.32625525503437   occ= 0
MO #620 energy= 2.33398605670427   occ= 0
MO #621 energy= 2.34088197573667   occ= 0
MO #622 energy= 2.35124805728025   occ= 0
MO #623 energy= 2.36517163802944   occ= 0
MO #624 energy= 2.37711479215705   occ= 0
MO #625 energy= 2.38353183053803   occ= 0
MO #626 energy= 2.38598482098658   occ= 0
MO #627 energy= 2.39605722855995   occ= 0
MO #628 energy= 2.3994796281199    occ= 0
MO #629 energy= 2.40276898442142   occ= 0
MO #630 energy= 2.41528627071319   occ= 0
MO #631 energy= 2.41950731118786   occ= 0
MO #632 energy= 2.44736599548142   occ= 0
MO #633 energy= 2.48354755988908   occ= 0
MO #634 energy= 2.49399830749482   occ= 0
MO #635 energy= 2.50233598904945   occ= 0
MO #636 energy= 2.51153726898998   occ= 0
MO #637 energy= 2.53110005341029   occ= 0
MO #638 energy= 2.54850676912665   occ= 0
MO #639 energy= 2.5532562332647    occ= 0
MO #640 energy= 2.5659394296063    occ= 0
MO #641 energy= 2.5766403840185    occ= 0
MO #642 energy= 2.58761080181946   occ= 0
MO #643 energy= 2.59860830034571   occ= 0
MO #644 energy= 2.60080153141591   occ= 0
MO #645 energy= 2.60625820286975   occ= 0
MO #646 energy= 2.61493608943003   occ= 0
MO #647 energy= 2.6198131080546    occ= 0
MO #648 energy= 2.62503404791939   occ= 0
MO #649 energy= 2.6310864466421    occ= 0
MO #650 energy= 2.63625733379086   occ= 0
MO #651 energy= 2.64283902206703   occ= 0
MO #652 energy= 2.64673861297157   occ= 0
MO #653 energy= 2.65567659168385   occ= 0
MO #654 energy= 2.65791155258569   occ= 0
MO #655 energy= 2.66543846152228   occ= 0
MO #656 energy= 2.66803682149585   occ= 0
MO #657 energy= 2.67148229086364   occ= 0
MO #658 energy= 2.67796182203818   occ= 0
MO #659 energy= 2.69015333068735   occ= 0
MO #660 energy= 2.69262177496411   occ= 0
MO #661 energy= 2.6999424984496    occ= 0
MO #662 energy= 2.71087009246811   occ= 0
MO #663 energy= 2.71669715405922   occ= 0
MO #664 energy= 2.72310735633664   occ= 0
MO #665 energy= 2.72948973138907   occ= 0
MO #666 energy= 2.7352209414625    occ= 0
MO #667 energy= 2.74463294784854   occ= 0
MO #668 energy= 2.75235475694064   occ= 0
MO #669 energy= 2.75394881189341   occ= 0
MO #670 energy= 2.75531778339133   occ= 0
MO #671 energy= 2.76061141892114   occ= 0
MO #672 energy= 2.76369313403083   occ= 0
MO #673 energy= 2.77876276164548   occ= 0
MO #674 energy= 2.79302527061431   occ= 0
MO #675 energy= 2.80548311291828   occ= 0
MO #676 energy= 2.81478540590619   occ= 0
MO #677 energy= 2.83231039322464   occ= 0
MO #678 energy= 2.83765782153709   occ= 0
MO #679 energy= 2.84721581341091   occ= 0
MO #680 energy= 2.84935756565744   occ= 0
MO #681 energy= 2.86622890987441   occ= 0
MO #682 energy= 2.86780665352871   occ= 0
MO #683 energy= 2.87332161046007   occ= 0
MO #684 energy= 2.88419697143496   occ= 0
MO #685 energy= 2.89831040498453   occ= 0
MO #686 energy= 2.90692664482488   occ= 0
MO #687 energy= 2.91605890258214   occ= 0
MO #688 energy= 2.92579931284988   occ= 0
MO #689 energy= 2.93173361271963   occ= 0
MO #690 energy= 2.94338482078259   occ= 0
MO #691 energy= 2.94758141522222   occ= 0
MO #692 energy= 2.96819578337904   occ= 0
MO #693 energy= 2.97725986686352   occ= 0
MO #694 energy= 2.98236740737702   occ= 0
MO #695 energy= 2.98530574591727   occ= 0
MO #696 energy= 2.99633633418257   occ= 0
MO #697 energy= 3.001727419546     occ= 0
MO #698 energy= 3.00931987535752   occ= 0
MO #699 energy= 3.01255074930616   occ= 0
MO #700 energy= 3.01382882541706   occ= 0
MO #701 energy= 3.01420200130198   occ= 0
MO #702 energy= 3.04530271206466   occ= 0
MO #703 energy= 3.0471321342983    occ= 0
MO #704 energy= 3.04862984982099   occ= 0
MO #705 energy= 3.05223426213917   occ= 0
MO #706 energy= 3.05504623120808   occ= 0
MO #707 energy= 3.0580370644554    occ= 0
MO #708 energy= 3.06288260720879   occ= 0
MO #709 energy= 3.06604741574048   occ= 0
MO #710 energy= 3.06954571822397   occ= 0
MO #711 energy= 3.07965182371742   occ= 0
MO #712 energy= 3.08170398267218   occ= 0
MO #713 energy= 3.08334448333023   occ= 0
MO #714 energy= 3.09202939247844   occ= 0
MO #715 energy= 3.09628789368969   occ= 0
MO #716 energy= 3.10390613529579   occ= 0
MO #717 energy= 3.10490188571624   occ= 0
MO #718 energy= 3.14097906920667   occ= 0
MO #719 energy= 3.14387145726026   occ= 0
MO #720 energy= 3.16787943577698   occ= 0
MO #721 energy= 3.17620825404002   occ= 0
MO #722 energy= 3.17776958625331   occ= 0
MO #723 energy= 3.18336758960875   occ= 0
MO #724 energy= 3.19081851287224   occ= 0
MO #725 energy= 3.19235131538176   occ= 0
MO #726 energy= 3.20531051486434   occ= 0
MO #727 energy= 3.21912904031542   occ= 0
MO #728 energy= 3.24357922773428   occ= 0
MO #729 energy= 3.25300474757627   occ= 0
MO #730 energy= 3.26377518424648   occ= 0
MO #731 energy= 3.30741805056626   occ= 0
MO #732 energy= 3.35532479146201   occ= 0
MO #733 energy= 3.36411561376222   occ= 0
MO #734 energy= 3.37104823770407   occ= 0
MO #735 energy= 3.37989284452276   occ= 0
MO #736 energy= 3.38286491128815   occ= 0
MO #737 energy= 3.40438009572825   occ= 0
MO #738 energy= 3.443741111876     occ= 0
MO #739 energy= 3.52275598158347   occ= 0
MO #740 energy= 3.52883293313521   occ= 0
MO #741 energy= 3.56092389210411   occ= 0
MO #742 energy= 3.5664610592795    occ= 0
MO #743 energy= 3.5734943152256    occ= 0
MO #744 energy= 3.58540433882981   occ= 0
MO #745 energy= 3.61026861703801   occ= 0
MO #746 energy= 3.61941492677257   occ= 0
MO #747 energy= 3.65926102528458   occ= 0
MO #748 energy= 3.68316444708218   occ= 0
MO #749 energy= 3.68835908820782   occ= 0
MO #750 energy= 3.69414978934476   occ= 0
MO #751 energy= 3.70349541992881   occ= 0
MO #752 energy= 3.75307486670198   occ= 0
MO #753 energy= 3.77313174826987   occ= 0
MO #754 energy= 3.86282247508843   occ= 0
MO #755 energy= 3.88091751096248   occ= 0
MO #756 energy= 3.90634753514643   occ= 0
MO #757 energy= 3.91827099871478   occ= 0
 ** Mulliken atomic charges  **
charge of  0O =     -0.77703
charge of  1P =      1.75198
charge of  2O =     -0.65276
charge of  3O =     -0.53618
charge of  4C =      0.18679
charge of  5C =     -0.00763
charge of  6C =     -0.00694
charge of  7C =      0.19270
charge of  8O =     -0.32133
charge of  9C =      0.88929
charge of  10F =     -0.24556
charge of  11F =     -0.25540
charge of  12F =     -0.28185
charge of  13C =     -0.12855
charge of  14C =     -0.09053
charge of  15C =     -0.10470
charge of  16C =     -0.09321
charge of  17C =     -0.10068
charge of  18C =      0.00842
charge of  19C =      0.00452
charge of  20C =     -0.10418
charge of  21C =     -0.09702
charge of  22C =     -0.10081
charge of  23C =     -0.10082
charge of  24C =     -0.02140
charge of  25C =     -0.02719
charge of  26C =      0.17541
charge of  27O =     -0.54361
charge of  28C =     -0.00817
charge of  29C =     -0.00903
charge of  30C =     -0.08904
charge of  31C =     -0.11011
charge of  32C =     -0.08885
charge of  33C =     -0.13404
charge of  34C =      0.20162
charge of  35O =     -0.31235
charge of  36C =      0.88761
charge of  37F =     -0.25497
charge of  38F =     -0.24854
charge of  39F =     -0.28422
charge of  40C =     -0.08605
charge of  41C =      0.00989
charge of  42C =      0.00471
charge of  43C =     -0.10468
charge of  44C =     -0.09586
charge of  45C =     -0.10045
charge of  46C =     -0.09824
charge of  47H =      0.35334
charge of  48H =      0.12120
charge of  49H =      0.10944
charge of  50H =      0.10630
charge of  51H =      0.10997
charge of  52H =      0.10663
charge of  53H =      0.11243
charge of  54H =      0.10565
charge of  55H =      0.10497
charge of  56H =      0.10155
charge of  57H =      0.11045
charge of  58H =      0.10419
charge of  59H =      0.10752
charge of  60H =      0.11999
charge of  61H =      0.11045
charge of  62H =      0.11145
charge of  63H =      0.10548
charge of  64H =      0.10498
charge of  65H =      0.10299
Dipole moment(X, Y, Z, Debye):  0.77187,  5.64080,  1.62494
def2-svp b3lyp 192.5536403656006
