/public3/home/scg5914/software-scg5914/LSW/1/data/data2/std_data/def2svp_b3lyp/cat_35.xyz
converged SCF energy = -3302.20353764711
**** MO energy ****
MO #1   energy= -77.232185852616   occ= 2
MO #2   energy= -24.7260178589403  occ= 2
MO #3   energy= -24.7247516731583  occ= 2
MO #4   energy= -24.7217990565874  occ= 2
MO #5   energy= -24.7199367366332  occ= 2
MO #6   energy= -24.718170829062   occ= 2
MO #7   energy= -24.7148344650549  occ= 2
MO #8   energy= -24.7140212118967  occ= 2
MO #9   energy= -24.7138058828799  occ= 2
MO #10  energy= -24.712607915573   occ= 2
MO #11  energy= -24.7116657195312  occ= 2
MO #12  energy= -24.7098485077763  occ= 2
MO #13  energy= -24.7016174329096  occ= 2
MO #14  energy= -19.1943131131518  occ= 2
MO #15  energy= -19.1932453630672  occ= 2
MO #16  energy= -19.186932034999   occ= 2
MO #17  energy= -19.0994036002796  occ= 2
MO #18  energy= -10.4373253277912  occ= 2
MO #19  energy= -10.4340265899754  occ= 2
MO #20  energy= -10.4326184324125  occ= 2
MO #21  energy= -10.4247629922469  occ= 2
MO #22  energy= -10.2614803966874  occ= 2
MO #23  energy= -10.2612214275385  occ= 2
MO #24  energy= -10.2243370246189  occ= 2
MO #25  energy= -10.2231707002041  occ= 2
MO #26  energy= -10.2197673361122  occ= 2
MO #27  energy= -10.2191411278334  occ= 2
MO #28  energy= -10.2162303027087  occ= 2
MO #29  energy= -10.2161058404908  occ= 2
MO #30  energy= -10.214136755318   occ= 2
MO #31  energy= -10.2112733525564  occ= 2
MO #32  energy= -10.2107156717034  occ= 2
MO #33  energy= -10.2106182186315  occ= 2
MO #34  energy= -10.2089162580589  occ= 2
MO #35  energy= -10.2086307507387  occ= 2
MO #36  energy= -10.2084112651454  occ= 2
MO #37  energy= -10.2083664798816  occ= 2
MO #38  energy= -10.2083494881774  occ= 2
MO #39  energy= -10.2078597673639  occ= 2
MO #40  energy= -10.2071973180008  occ= 2
MO #41  energy= -10.2064490441626  occ= 2
MO #42  energy= -10.2039013557416  occ= 2
MO #43  energy= -10.2036715992852  occ= 2
MO #44  energy= -10.199842750201   occ= 2
MO #45  energy= -10.1996953476717  occ= 2
MO #46  energy= -10.1970819319442  occ= 2
MO #47  energy= -10.1948983577273  occ= 2
MO #48  energy= -10.1942060945795  occ= 2
MO #49  energy= -10.1930919008354  occ= 2
MO #50  energy= -10.1927088197893  occ= 2
MO #51  energy= -10.1922530379451  occ= 2
MO #52  energy= -10.1893437738632  occ= 2
MO #53  energy= -10.1883500585329  occ= 2
MO #54  energy= -10.1880086251714  occ= 2
MO #55  energy= -10.1877958081125  occ= 2
MO #56  energy= -6.70746771761364  occ= 2
MO #57  energy= -4.87502226551249  occ= 2
MO #58  energy= -4.87461532955496  occ= 2
MO #59  energy= -4.87275331618735  occ= 2
MO #60  energy= -1.30509184808091  occ= 2
MO #61  energy= -1.30042175718171  occ= 2
MO #62  energy= -1.29904456287438  occ= 2
MO #63  energy= -1.29172771834528  occ= 2
MO #64  energy= -1.21272227278818  occ= 2
MO #65  energy= -1.20795092714341  occ= 2
MO #66  energy= -1.20693180030316  occ= 2
MO #67  energy= -1.20611323924264  occ= 2
MO #68  energy= -1.20119545013225  occ= 2
MO #69  energy= -1.2004211878347   occ= 2
MO #70  energy= -1.20004679891051  occ= 2
MO #71  energy= -1.19051052593094  occ= 2
MO #72  energy= -1.12925953309408  occ= 2
MO #73  energy= -1.06816766028063  occ= 2
MO #74  energy= -1.05780090890105  occ= 2
MO #75  energy= -0.971739341050044 occ= 2
MO #76  energy= -0.897307599463542 occ= 2
MO #77  energy= -0.892705219787627 occ= 2
MO #78  energy= -0.887224313396201 occ= 2
MO #79  energy= -0.875839058290651 occ= 2
MO #80  energy= -0.83567269347646  occ= 2
MO #81  energy= -0.833296261777748 occ= 2
MO #82  energy= -0.8203650957808   occ= 2
MO #83  energy= -0.806908171545723 occ= 2
MO #84  energy= -0.803300428944163 occ= 2
MO #85  energy= -0.801181342604355 occ= 2
MO #86  energy= -0.792934452997049 occ= 2
MO #87  energy= -0.765211299653872 occ= 2
MO #88  energy= -0.759872018207591 occ= 2
MO #89  energy= -0.756157616242607 occ= 2
MO #90  energy= -0.743100117949517 occ= 2
MO #91  energy= -0.724209844142795 occ= 2
MO #92  energy= -0.709082298634262 occ= 2
MO #93  energy= -0.707578970030925 occ= 2
MO #94  energy= -0.700379013606714 occ= 2
MO #95  energy= -0.699363557943179 occ= 2
MO #96  energy= -0.69562924345124  occ= 2
MO #97  energy= -0.69310877558656  occ= 2
MO #98  energy= -0.683434153672211 occ= 2
MO #99  energy= -0.647399831862445 occ= 2
MO #100 energy= -0.642560547636379 occ= 2
MO #101 energy= -0.641290370719997 occ= 2
MO #102 energy= -0.640346547819394 occ= 2
MO #103 energy= -0.634839222919494 occ= 2
MO #104 energy= -0.632631768513167 occ= 2
MO #105 energy= -0.625918640967711 occ= 2
MO #106 energy= -0.616706703783971 occ= 2
MO #107 energy= -0.61065681588769  occ= 2
MO #108 energy= -0.600041767971055 occ= 2
MO #109 energy= -0.59578500262605  occ= 2
MO #110 energy= -0.595381924002802 occ= 2
MO #111 energy= -0.594424197430702 occ= 2
MO #112 energy= -0.59117002467514  occ= 2
MO #113 energy= -0.589981985430359 occ= 2
MO #114 energy= -0.589206161714377 occ= 2
MO #115 energy= -0.586454507167113 occ= 2
MO #116 energy= -0.581771451863299 occ= 2
MO #117 energy= -0.580997037572468 occ= 2
MO #118 energy= -0.570837108903067 occ= 2
MO #119 energy= -0.569561233208958 occ= 2
MO #120 energy= -0.565280273306916 occ= 2
MO #121 energy= -0.553573317404304 occ= 2
MO #122 energy= -0.536850351331625 occ= 2
MO #123 energy= -0.535532712273684 occ= 2
MO #124 energy= -0.533927243983607 occ= 2
MO #125 energy= -0.523749275884625 occ= 2
MO #126 energy= -0.518803504890768 occ= 2
MO #127 energy= -0.516581018585384 occ= 2
MO #128 energy= -0.51289867406423  occ= 2
MO #129 energy= -0.503379903293328 occ= 2
MO #130 energy= -0.496296041837841 occ= 2
MO #131 energy= -0.492240241250411 occ= 2
MO #132 energy= -0.484084808147678 occ= 2
MO #133 energy= -0.478807983008497 occ= 2
MO #134 energy= -0.476473742513131 occ= 2
MO #135 energy= -0.475117809540175 occ= 2
MO #136 energy= -0.474008164580026 occ= 2
MO #137 energy= -0.470183962325722 occ= 2
MO #138 energy= -0.469878830629307 occ= 2
MO #139 energy= -0.468625135044119 occ= 2
MO #140 energy= -0.467270390396785 occ= 2
MO #141 energy= -0.466648845728176 occ= 2
MO #142 energy= -0.462908625664346 occ= 2
MO #143 energy= -0.461423211237197 occ= 2
MO #144 energy= -0.459942749826164 occ= 2
MO #145 energy= -0.45903710274063  occ= 2
MO #146 energy= -0.451884258595521 occ= 2
MO #147 energy= -0.449124498889456 occ= 2
MO #148 energy= -0.44692211941226  occ= 2
MO #149 energy= -0.445649851883784 occ= 2
MO #150 energy= -0.442273670912003 occ= 2
MO #151 energy= -0.43917955682663  occ= 2
MO #152 energy= -0.436280562477416 occ= 2
MO #153 energy= -0.434053177566691 occ= 2
MO #154 energy= -0.430275024413438 occ= 2
MO #155 energy= -0.429768798785039 occ= 2
MO #156 energy= -0.428870742210743 occ= 2
MO #157 energy= -0.428430116463754 occ= 2
MO #158 energy= -0.424387172211422 occ= 2
MO #159 energy= -0.422827516396142 occ= 2
MO #160 energy= -0.421873895524737 occ= 2
MO #161 energy= -0.418912555843499 occ= 2
MO #162 energy= -0.41820444834112  occ= 2
MO #163 energy= -0.416383820634275 occ= 2
MO #164 energy= -0.415862972116454 occ= 2
MO #165 energy= -0.414271850627937 occ= 2
MO #166 energy= -0.413414166470066 occ= 2
MO #167 energy= -0.413065178957766 occ= 2
MO #168 energy= -0.411598453198238 occ= 2
MO #169 energy= -0.409334319321883 occ= 2
MO #170 energy= -0.407354064804263 occ= 2
MO #171 energy= -0.407166786049262 occ= 2
MO #172 energy= -0.405962296306214 occ= 2
MO #173 energy= -0.400476548955087 occ= 2
MO #174 energy= -0.400147165949811 occ= 2
MO #175 energy= -0.397927925212991 occ= 2
MO #176 energy= -0.397530419313413 occ= 2
MO #177 energy= -0.396133948145089 occ= 2
MO #178 energy= -0.393475093324134 occ= 2
MO #179 energy= -0.390182618662867 occ= 2
MO #180 energy= -0.383813538921808 occ= 2
MO #181 energy= -0.382546721540202 occ= 2
MO #182 energy= -0.37671049262912  occ= 2
MO #183 energy= -0.373657646752413 occ= 2
MO #184 energy= -0.369513206085678 occ= 2
MO #185 energy= -0.365039486870344 occ= 2
MO #186 energy= -0.362320620490853 occ= 2
MO #187 energy= -0.357164227457006 occ= 2
MO #188 energy= -0.351226576955246 occ= 2
MO #189 energy= -0.348923954806665 occ= 2
MO #190 energy= -0.346657112486652 occ= 2
MO #191 energy= -0.343553410928805 occ= 2
MO #192 energy= -0.342204893781407 occ= 2
MO #193 energy= -0.331204869198168 occ= 2
MO #194 energy= -0.327291295032104 occ= 2
MO #195 energy= -0.325752832523568 occ= 2
MO #196 energy= -0.323053416373323 occ= 2
MO #197 energy= -0.314968318757319 occ= 2
MO #198 energy= -0.307984944737174 occ= 2
MO #199 energy= -0.287791958803971 occ= 2
MO #200 energy= -0.282759203934308 occ= 2
MO #201 energy= -0.275481682640976 occ= 2
MO #202 energy= -0.271563376073731 occ= 2
MO #203 energy= -0.268394262962632 occ= 2
MO #204 energy= -0.249628556118529 occ= 2
MO #205 energy= -0.245468656207124 occ= 2
MO #206 energy= -0.244268875239843 occ= 2
MO #207 energy= -0.0521085980805757 occ= 0
MO #208 energy= -0.0473443447783788 occ= 0
MO #209 energy= -0.0427520433333978 occ= 0
MO #210 energy= -0.03768302243678  occ= 0
MO #211 energy= -0.0306290613249756 occ= 0
MO #212 energy= -0.0219024690874798 occ= 0
MO #213 energy= -0.0109622352733644 occ= 0
MO #214 energy= -0.00849788427105344 occ= 0
MO #215 energy= 0.0389749738432748 occ= 0
MO #216 energy= 0.0417995639208309 occ= 0
MO #217 energy= 0.053661639890976  occ= 0
MO #218 energy= 0.0608596784805536 occ= 0
MO #219 energy= 0.0646734011262278 occ= 0
MO #220 energy= 0.0728686291292079 occ= 0
MO #221 energy= 0.0733412966975551 occ= 0
MO #222 energy= 0.0768490891333731 occ= 0
MO #223 energy= 0.0826956044310877 occ= 0
MO #224 energy= 0.0883101075980945 occ= 0
MO #225 energy= 0.0890577279208399 occ= 0
MO #226 energy= 0.0930382234269629 occ= 0
MO #227 energy= 0.0954089830577028 occ= 0
MO #228 energy= 0.103406241057315  occ= 0
MO #229 energy= 0.103866343768848  occ= 0
MO #230 energy= 0.10682168707218   occ= 0
MO #231 energy= 0.109741456296889  occ= 0
MO #232 energy= 0.111708792489073  occ= 0
MO #233 energy= 0.114177361557412  occ= 0
MO #234 energy= 0.115790127142767  occ= 0
MO #235 energy= 0.121889315850024  occ= 0
MO #236 energy= 0.123043417753248  occ= 0
MO #237 energy= 0.124189611669869  occ= 0
MO #238 energy= 0.128058373442342  occ= 0
MO #239 energy= 0.129320264520192  occ= 0
MO #240 energy= 0.131591393980725  occ= 0
MO #241 energy= 0.137506056367536  occ= 0
MO #242 energy= 0.138634194437127  occ= 0
MO #243 energy= 0.140725387879641  occ= 0
MO #244 energy= 0.142630172141014  occ= 0
MO #245 energy= 0.14472895886731   occ= 0
MO #246 energy= 0.147520801755451  occ= 0
MO #247 energy= 0.153533623068604  occ= 0
MO #248 energy= 0.156733100891622  occ= 0
MO #249 energy= 0.157087467905438  occ= 0
MO #250 energy= 0.160883711951309  occ= 0
MO #251 energy= 0.164171721529483  occ= 0
MO #252 energy= 0.167228566135054  occ= 0
MO #253 energy= 0.1716546371009    occ= 0
MO #254 energy= 0.182884743600874  occ= 0
MO #255 energy= 0.188486183900639  occ= 0
MO #256 energy= 0.191084325264939  occ= 0
MO #257 energy= 0.194750687043852  occ= 0
MO #258 energy= 0.199743508666165  occ= 0
MO #259 energy= 0.204242415509412  occ= 0
MO #260 energy= 0.205539900280536  occ= 0
MO #261 energy= 0.207359249067072  occ= 0
MO #262 energy= 0.210379312419716  occ= 0
MO #263 energy= 0.213032133472333  occ= 0
MO #264 energy= 0.21429576178831   occ= 0
MO #265 energy= 0.217919620680105  occ= 0
MO #266 energy= 0.22011047483526   occ= 0
MO #267 energy= 0.220546866881197  occ= 0
MO #268 energy= 0.225452026213329  occ= 0
MO #269 energy= 0.22854986449181   occ= 0
MO #270 energy= 0.2302827258672    occ= 0
MO #271 energy= 0.232736820013989  occ= 0
MO #272 energy= 0.238715656646693  occ= 0
MO #273 energy= 0.241456903455937  occ= 0
MO #274 energy= 0.243411906856911  occ= 0
MO #275 energy= 0.244669191152686  occ= 0
MO #276 energy= 0.252133002998455  occ= 0
MO #277 energy= 0.255363049291569  occ= 0
MO #278 energy= 0.258370814154203  occ= 0
MO #279 energy= 0.265454915884067  occ= 0
MO #280 energy= 0.267290549712438  occ= 0
MO #281 energy= 0.26849207970325   occ= 0
MO #282 energy= 0.271618149681065  occ= 0
MO #283 energy= 0.27228169077195   occ= 0
MO #284 energy= 0.272949637248311  occ= 0
MO #285 energy= 0.277168084747351  occ= 0
MO #286 energy= 0.282658024656857  occ= 0
MO #287 energy= 0.286198468894296  occ= 0
MO #288 energy= 0.293198864921952  occ= 0
MO #289 energy= 0.299273567299345  occ= 0
MO #290 energy= 0.302955502494344  occ= 0
MO #291 energy= 0.317727153441866  occ= 0
MO #292 energy= 0.320526415360081  occ= 0
MO #293 energy= 0.322383537933726  occ= 0
MO #294 energy= 0.326000425678122  occ= 0
MO #295 energy= 0.32938900116561   occ= 0
MO #296 energy= 0.335220660669727  occ= 0
MO #297 energy= 0.337270154190783  occ= 0
MO #298 energy= 0.33774908685123   occ= 0
MO #299 energy= 0.342738261605403  occ= 0
MO #300 energy= 0.34442420074462   occ= 0
MO #301 energy= 0.354069689137578  occ= 0
MO #302 energy= 0.357668126367148  occ= 0
MO #303 energy= 0.358816691052453  occ= 0
MO #304 energy= 0.361402983851341  occ= 0
MO #305 energy= 0.365058966006248  occ= 0
MO #306 energy= 0.371616585770684  occ= 0
MO #307 energy= 0.376626023621487  occ= 0
MO #308 energy= 0.379550429649002  occ= 0
MO #309 energy= 0.383679694874538  occ= 0
MO #310 energy= 0.385762048236607  occ= 0
MO #311 energy= 0.390047009303384  occ= 0
MO #312 energy= 0.392432647962068  occ= 0
MO #313 energy= 0.403364217502943  occ= 0
MO #314 energy= 0.411636192230501  occ= 0
MO #315 energy= 0.414014250330772  occ= 0
MO #316 energy= 0.416691829596624  occ= 0
MO #317 energy= 0.418433201860086  occ= 0
MO #318 energy= 0.420787739059843  occ= 0
MO #319 energy= 0.425953643186485  occ= 0
MO #320 energy= 0.429853042653709  occ= 0
MO #321 energy= 0.432074146375132  occ= 0
MO #322 energy= 0.43301061110435   occ= 0
MO #323 energy= 0.436075668983305  occ= 0
MO #324 energy= 0.437350935273903  occ= 0
MO #325 energy= 0.439133576467335  occ= 0
MO #326 energy= 0.441452974609433  occ= 0
MO #327 energy= 0.444154341597543  occ= 0
MO #328 energy= 0.449087991703468  occ= 0
MO #329 energy= 0.454841982196095  occ= 0
MO #330 energy= 0.455562303655288  occ= 0
MO #331 energy= 0.457082491632887  occ= 0
MO #332 energy= 0.46061695232741   occ= 0
MO #333 energy= 0.466180415408374  occ= 0
MO #334 energy= 0.468451361687714  occ= 0
MO #335 energy= 0.469949083966584  occ= 0
MO #336 energy= 0.475351326190717  occ= 0
MO #337 energy= 0.476754095668494  occ= 0
MO #338 energy= 0.478783829489561  occ= 0
MO #339 energy= 0.485547462308792  occ= 0
MO #340 energy= 0.493722852934529  occ= 0
MO #341 energy= 0.499156888685916  occ= 0
MO #342 energy= 0.501246001091615  occ= 0
MO #343 energy= 0.50289082681973   occ= 0
MO #344 energy= 0.507617302648204  occ= 0
MO #345 energy= 0.515630715158206  occ= 0
MO #346 energy= 0.518110178771387  occ= 0
MO #347 energy= 0.521897618984367  occ= 0
MO #348 energy= 0.523713574169219  occ= 0
MO #349 energy= 0.532179573486673  occ= 0
MO #350 energy= 0.534671756751203  occ= 0
MO #351 energy= 0.536717742512128  occ= 0
MO #352 energy= 0.545019275284231  occ= 0
MO #353 energy= 0.547416138741843  occ= 0
MO #354 energy= 0.555846399800855  occ= 0
MO #355 energy= 0.560716441355637  occ= 0
MO #356 energy= 0.56682636739914   occ= 0
MO #357 energy= 0.56866975749823   occ= 0
MO #358 energy= 0.573529462315392  occ= 0
MO #359 energy= 0.575499715741456  occ= 0
MO #360 energy= 0.583815456371132  occ= 0
MO #361 energy= 0.589024286425421  occ= 0
MO #362 energy= 0.592532345185522  occ= 0
MO #363 energy= 0.595226042738097  occ= 0
MO #364 energy= 0.600097983118725  occ= 0
MO #365 energy= 0.601496143583954  occ= 0
MO #366 energy= 0.605007194609101  occ= 0
MO #367 energy= 0.607356506275075  occ= 0
MO #368 energy= 0.610130240240645  occ= 0
MO #369 energy= 0.61321509726682   occ= 0
MO #370 energy= 0.619370738717373  occ= 0
MO #371 energy= 0.623183442536939  occ= 0
MO #372 energy= 0.625683324384774  occ= 0
MO #373 energy= 0.629311620416031  occ= 0
MO #374 energy= 0.630501207111241  occ= 0
MO #375 energy= 0.632027154924988  occ= 0
MO #376 energy= 0.634784677243817  occ= 0
MO #377 energy= 0.636972723579902  occ= 0
MO #378 energy= 0.640075681506478  occ= 0
MO #379 energy= 0.642138337631913  occ= 0
MO #380 energy= 0.644488613730272  occ= 0
MO #381 energy= 0.644985306578911  occ= 0
MO #382 energy= 0.648390745342292  occ= 0
MO #383 energy= 0.65019119732822   occ= 0
MO #384 energy= 0.653531233982657  occ= 0
MO #385 energy= 0.654042068855077  occ= 0
MO #386 energy= 0.654700755966586  occ= 0
MO #387 energy= 0.658223412671486  occ= 0
MO #388 energy= 0.660295407709552  occ= 0
MO #389 energy= 0.662766920594632  occ= 0
MO #390 energy= 0.664563506205929  occ= 0
MO #391 energy= 0.665937020073901  occ= 0
MO #392 energy= 0.670596447069753  occ= 0
MO #393 energy= 0.672506740118096  occ= 0
MO #394 energy= 0.674912322198557  occ= 0
MO #395 energy= 0.677470763965793  occ= 0
MO #396 energy= 0.679428335702919  occ= 0
MO #397 energy= 0.681416539816522  occ= 0
MO #398 energy= 0.682349845662297  occ= 0
MO #399 energy= 0.683666066712961  occ= 0
MO #400 energy= 0.684991704779617  occ= 0
MO #401 energy= 0.687795429702443  occ= 0
MO #402 energy= 0.691474927665212  occ= 0
MO #403 energy= 0.693288396988848  occ= 0
MO #404 energy= 0.693712544318911  occ= 0
MO #405 energy= 0.696309479401081  occ= 0
MO #406 energy= 0.698463417377714  occ= 0
MO #407 energy= 0.699637763493138  occ= 0
MO #408 energy= 0.701528373173235  occ= 0
MO #409 energy= 0.703417963964865  occ= 0
MO #410 energy= 0.707815549220664  occ= 0
MO #411 energy= 0.710376760627299  occ= 0
MO #412 energy= 0.712792836383403  occ= 0
MO #413 energy= 0.713876229837376  occ= 0
MO #414 energy= 0.718068859201848  occ= 0
MO #415 energy= 0.719220370047495  occ= 0
MO #416 energy= 0.720563066526398  occ= 0
MO #417 energy= 0.72389972609739   occ= 0
MO #418 energy= 0.727921944961712  occ= 0
MO #419 energy= 0.728848003297926  occ= 0
MO #420 energy= 0.732501438776255  occ= 0
MO #421 energy= 0.739485081660555  occ= 0
MO #422 energy= 0.745259731571973  occ= 0
MO #423 energy= 0.749393425213434  occ= 0
MO #424 energy= 0.752323894621073  occ= 0
MO #425 energy= 0.757389022012411  occ= 0
MO #426 energy= 0.759423270943791  occ= 0
MO #427 energy= 0.765107854713322  occ= 0
MO #428 energy= 0.768162772084449  occ= 0
MO #429 energy= 0.768557882634212  occ= 0
MO #430 energy= 0.771303332027671  occ= 0
MO #431 energy= 0.782661658993689  occ= 0
MO #432 energy= 0.789721019384468  occ= 0
MO #433 energy= 0.798917020976342  occ= 0
MO #434 energy= 0.803858279219595  occ= 0
MO #435 energy= 0.808369740505004  occ= 0
MO #436 energy= 0.808815951342425  occ= 0
MO #437 energy= 0.810183211534419  occ= 0
MO #438 energy= 0.825120246444543  occ= 0
MO #439 energy= 0.828298366472703  occ= 0
MO #440 energy= 0.829675021327517  occ= 0
MO #441 energy= 0.833710658079358  occ= 0
MO #442 energy= 0.83789889668476   occ= 0
MO #443 energy= 0.841323405322258  occ= 0
MO #444 energy= 0.85008370291205   occ= 0
MO #445 energy= 0.855341000528597  occ= 0
MO #446 energy= 0.868000705996204  occ= 0
MO #447 energy= 0.873024326549983  occ= 0
MO #448 energy= 0.879204448624717  occ= 0
MO #449 energy= 0.885274242615989  occ= 0
MO #450 energy= 0.887544001833883  occ= 0
MO #451 energy= 0.894149556050056  occ= 0
MO #452 energy= 0.907545281134175  occ= 0
MO #453 energy= 0.916382813994048  occ= 0
MO #454 energy= 0.918424802033108  occ= 0
MO #455 energy= 0.930312566698046  occ= 0
MO #456 energy= 0.940198772463755  occ= 0
MO #457 energy= 0.948092786160857  occ= 0
MO #458 energy= 0.952091266723656  occ= 0
MO #459 energy= 0.966722455422088  occ= 0
MO #460 energy= 0.974314429280758  occ= 0
MO #461 energy= 0.980272057000641  occ= 0
MO #462 energy= 0.997158339115007  occ= 0
MO #463 energy= 0.99896335635821   occ= 0
MO #464 energy= 1.00242973313494   occ= 0
MO #465 energy= 1.00621557493149   occ= 0
MO #466 energy= 1.00799201757218   occ= 0
MO #467 energy= 1.02259740308912   occ= 0
MO #468 energy= 1.02949560029876   occ= 0
MO #469 energy= 1.04221494650568   occ= 0
MO #470 energy= 1.04964330788788   occ= 0
MO #471 energy= 1.05197694539151   occ= 0
MO #472 energy= 1.0654765412096    occ= 0
MO #473 energy= 1.06662924284774   occ= 0
MO #474 energy= 1.07492134202677   occ= 0
MO #475 energy= 1.07631085297925   occ= 0
MO #476 energy= 1.07862377896495   occ= 0
MO #477 energy= 1.08041928201385   occ= 0
MO #478 energy= 1.08361911993781   occ= 0
MO #479 energy= 1.08754217205375   occ= 0
MO #480 energy= 1.09159981548695   occ= 0
MO #481 energy= 1.0985960233817    occ= 0
MO #482 energy= 1.10350162061612   occ= 0
MO #483 energy= 1.10762281175978   occ= 0
MO #484 energy= 1.10972556842185   occ= 0
MO #485 energy= 1.11388303277851   occ= 0
MO #486 energy= 1.11713301036238   occ= 0
MO #487 energy= 1.11902196140251   occ= 0
MO #488 energy= 1.12455037072782   occ= 0
MO #489 energy= 1.12732927924666   occ= 0
MO #490 energy= 1.13161604885313   occ= 0
MO #491 energy= 1.13786164579064   occ= 0
MO #492 energy= 1.14360905265969   occ= 0
MO #493 energy= 1.15115779369923   occ= 0
MO #494 energy= 1.15523506184547   occ= 0
MO #495 energy= 1.16021520981261   occ= 0
MO #496 energy= 1.16558488074931   occ= 0
MO #497 energy= 1.16735774310738   occ= 0
MO #498 energy= 1.17072091094568   occ= 0
MO #499 energy= 1.17564735686064   occ= 0
MO #500 energy= 1.18485236848996   occ= 0
MO #501 energy= 1.19262408280205   occ= 0
MO #502 energy= 1.19528432325759   occ= 0
MO #503 energy= 1.20267920644242   occ= 0
MO #504 energy= 1.20723063177945   occ= 0
MO #505 energy= 1.21138911425977   occ= 0
MO #506 energy= 1.21448469514597   occ= 0
MO #507 energy= 1.22601587029785   occ= 0
MO #508 energy= 1.23267685285826   occ= 0
MO #509 energy= 1.23527017089271   occ= 0
MO #510 energy= 1.23983253633332   occ= 0
MO #511 energy= 1.24664047676953   occ= 0
MO #512 energy= 1.24748815045676   occ= 0
MO #513 energy= 1.25451230263527   occ= 0
MO #514 energy= 1.2623928003873    occ= 0
MO #515 energy= 1.26712910963743   occ= 0
MO #516 energy= 1.26851017549826   occ= 0
MO #517 energy= 1.2730077884436    occ= 0
MO #518 energy= 1.2752019551406    occ= 0
MO #519 energy= 1.27700575962036   occ= 0
MO #520 energy= 1.2819143190652    occ= 0
MO #521 energy= 1.28554556706198   occ= 0
MO #522 energy= 1.28877823372249   occ= 0
MO #523 energy= 1.2948357111218    occ= 0
MO #524 energy= 1.29789241287171   occ= 0
MO #525 energy= 1.30254233997059   occ= 0
MO #526 energy= 1.31001966384174   occ= 0
MO #527 energy= 1.31186760145074   occ= 0
MO #528 energy= 1.31778134201152   occ= 0
MO #529 energy= 1.31999468623563   occ= 0
MO #530 energy= 1.32369451043927   occ= 0
MO #531 energy= 1.32717134317639   occ= 0
MO #532 energy= 1.33033571795294   occ= 0
MO #533 energy= 1.33322879437794   occ= 0
MO #534 energy= 1.33789676000613   occ= 0
MO #535 energy= 1.34316716708241   occ= 0
MO #536 energy= 1.34669698044061   occ= 0
MO #537 energy= 1.34843781111276   occ= 0
MO #538 energy= 1.35465647396286   occ= 0
MO #539 energy= 1.35580053273338   occ= 0
MO #540 energy= 1.36196210346467   occ= 0
MO #541 energy= 1.36668109039721   occ= 0
MO #542 energy= 1.37067750095795   occ= 0
MO #543 energy= 1.37786759356623   occ= 0
MO #544 energy= 1.382827017477     occ= 0
MO #545 energy= 1.38744768111652   occ= 0
MO #546 energy= 1.39224562702376   occ= 0
MO #547 energy= 1.40283937867017   occ= 0
MO #548 energy= 1.40499402311894   occ= 0
MO #549 energy= 1.41008924094447   occ= 0
MO #550 energy= 1.42073677275018   occ= 0
MO #551 energy= 1.42845314575457   occ= 0
MO #552 energy= 1.43925321287196   occ= 0
MO #553 energy= 1.44849622240908   occ= 0
MO #554 energy= 1.44903602131536   occ= 0
MO #555 energy= 1.45239359928084   occ= 0
MO #556 energy= 1.46182597134627   occ= 0
MO #557 energy= 1.4646716906969    occ= 0
MO #558 energy= 1.46810323316064   occ= 0
MO #559 energy= 1.47247663923974   occ= 0
MO #560 energy= 1.4777688658383    occ= 0
MO #561 energy= 1.48484352474093   occ= 0
MO #562 energy= 1.48634037219796   occ= 0
MO #563 energy= 1.49045942725871   occ= 0
MO #564 energy= 1.4931066681039    occ= 0
MO #565 energy= 1.49771916026062   occ= 0
MO #566 energy= 1.50138665008455   occ= 0
MO #567 energy= 1.50400693605947   occ= 0
MO #568 energy= 1.50785773150082   occ= 0
MO #569 energy= 1.51396147569071   occ= 0
MO #570 energy= 1.51933788959414   occ= 0
MO #571 energy= 1.52738644620991   occ= 0
MO #572 energy= 1.5322385344921    occ= 0
MO #573 energy= 1.53594766623246   occ= 0
MO #574 energy= 1.5440487352268    occ= 0
MO #575 energy= 1.55631343229877   occ= 0
MO #576 energy= 1.5572677443611    occ= 0
MO #577 energy= 1.56023807482183   occ= 0
MO #578 energy= 1.56611062002227   occ= 0
MO #579 energy= 1.57594243767543   occ= 0
MO #580 energy= 1.58275065786293   occ= 0
MO #581 energy= 1.59732715223971   occ= 0
MO #582 energy= 1.6051723868929    occ= 0
MO #583 energy= 1.61545211255179   occ= 0
MO #584 energy= 1.61821525509219   occ= 0
MO #585 energy= 1.62283150547238   occ= 0
MO #586 energy= 1.62457820120494   occ= 0
MO #587 energy= 1.63373736665949   occ= 0
MO #588 energy= 1.63753771020945   occ= 0
MO #589 energy= 1.64021671833786   occ= 0
MO #590 energy= 1.6450562196157    occ= 0
MO #591 energy= 1.64582524613156   occ= 0
MO #592 energy= 1.65638212239985   occ= 0
MO #593 energy= 1.65990380243715   occ= 0
MO #594 energy= 1.66881097780786   occ= 0
MO #595 energy= 1.67228975706857   occ= 0
MO #596 energy= 1.67446489811665   occ= 0
MO #597 energy= 1.6805151577402    occ= 0
MO #598 energy= 1.68179729178543   occ= 0
MO #599 energy= 1.6898355053005    occ= 0
MO #600 energy= 1.69462753897194   occ= 0
MO #601 energy= 1.69955978881981   occ= 0
MO #602 energy= 1.70236711357054   occ= 0
MO #603 energy= 1.70624751882399   occ= 0
MO #604 energy= 1.70876098671197   occ= 0
MO #605 energy= 1.71328865362904   occ= 0
MO #606 energy= 1.7204252323864    occ= 0
MO #607 energy= 1.72292038377988   occ= 0
MO #608 energy= 1.72662874639259   occ= 0
MO #609 energy= 1.72902573079544   occ= 0
MO #610 energy= 1.73087959580839   occ= 0
MO #611 energy= 1.73930080134432   occ= 0
MO #612 energy= 1.74076392701093   occ= 0
MO #613 energy= 1.74314199152891   occ= 0
MO #614 energy= 1.74373833857905   occ= 0
MO #615 energy= 1.74711493151129   occ= 0
MO #616 energy= 1.75363293124433   occ= 0
MO #617 energy= 1.75427248176443   occ= 0
MO #618 energy= 1.75942932942064   occ= 0
MO #619 energy= 1.76245004380952   occ= 0
MO #620 energy= 1.76772322709926   occ= 0
MO #621 energy= 1.76945964513367   occ= 0
MO #622 energy= 1.7723186461354    occ= 0
MO #623 energy= 1.77513115634931   occ= 0
MO #624 energy= 1.77708183451635   occ= 0
MO #625 energy= 1.78036761144031   occ= 0
MO #626 energy= 1.78504467294465   occ= 0
MO #627 energy= 1.7919813396141    occ= 0
MO #628 energy= 1.79583331122984   occ= 0
MO #629 energy= 1.79663804758264   occ= 0
MO #630 energy= 1.80445795257552   occ= 0
MO #631 energy= 1.80814709349366   occ= 0
MO #632 energy= 1.81069300668015   occ= 0
MO #633 energy= 1.81778133476447   occ= 0
MO #634 energy= 1.82118217257258   occ= 0
MO #635 energy= 1.82493011734451   occ= 0
MO #636 energy= 1.82986809561788   occ= 0
MO #637 energy= 1.8415092357222    occ= 0
MO #638 energy= 1.84228857659512   occ= 0
MO #639 energy= 1.84266300176855   occ= 0
MO #640 energy= 1.84556437423821   occ= 0
MO #641 energy= 1.84736670257199   occ= 0
MO #642 energy= 1.85213656157477   occ= 0
MO #643 energy= 1.85390025259645   occ= 0
MO #644 energy= 1.85517363386586   occ= 0
MO #645 energy= 1.86122960600714   occ= 0
MO #646 energy= 1.86341501093441   occ= 0
MO #647 energy= 1.86590630916483   occ= 0
MO #648 energy= 1.87259799306351   occ= 0
MO #649 energy= 1.87419880165759   occ= 0
MO #650 energy= 1.87698769915876   occ= 0
MO #651 energy= 1.880324999946     occ= 0
MO #652 energy= 1.88207345650286   occ= 0
MO #653 energy= 1.88981310374009   occ= 0
MO #654 energy= 1.8928392489324    occ= 0
MO #655 energy= 1.89357766067306   occ= 0
MO #656 energy= 1.89492788319278   occ= 0
MO #657 energy= 1.89692681536943   occ= 0
MO #658 energy= 1.90138547113133   occ= 0
MO #659 energy= 1.90218731259573   occ= 0
MO #660 energy= 1.90624642251866   occ= 0
MO #661 energy= 1.90958286513113   occ= 0
MO #662 energy= 1.91363499738052   occ= 0
MO #663 energy= 1.91427976351536   occ= 0
MO #664 energy= 1.91702449518355   occ= 0
MO #665 energy= 1.92161843098457   occ= 0
MO #666 energy= 1.9241022808502    occ= 0
MO #667 energy= 1.92988755721644   occ= 0
MO #668 energy= 1.93085016349843   occ= 0
MO #669 energy= 1.933968550061     occ= 0
MO #670 energy= 1.94222175468115   occ= 0
MO #671 energy= 1.94340179264665   occ= 0
MO #672 energy= 1.95013102314401   occ= 0
MO #673 energy= 1.95115789383304   occ= 0
MO #674 energy= 1.96046866968426   occ= 0
MO #675 energy= 1.96646139931609   occ= 0
MO #676 energy= 1.97336286758023   occ= 0
MO #677 energy= 1.97830074523858   occ= 0
MO #678 energy= 1.99142652094579   occ= 0
MO #679 energy= 1.99496886074709   occ= 0
MO #680 energy= 1.99912746496486   occ= 0
MO #681 energy= 2.00446184818464   occ= 0
MO #682 energy= 2.0107851337783    occ= 0
MO #683 energy= 2.01425697944655   occ= 0
MO #684 energy= 2.01723804317252   occ= 0
MO #685 energy= 2.01904841304712   occ= 0
MO #686 energy= 2.0250707979262    occ= 0
MO #687 energy= 2.03150784144217   occ= 0
MO #688 energy= 2.03792406638572   occ= 0
MO #689 energy= 2.04344396689044   occ= 0
MO #690 energy= 2.05142865661467   occ= 0
MO #691 energy= 2.05544841525349   occ= 0
MO #692 energy= 2.05783415516346   occ= 0
MO #693 energy= 2.05880059335901   occ= 0
MO #694 energy= 2.0669053048259    occ= 0
MO #695 energy= 2.07117785637017   occ= 0
MO #696 energy= 2.07273334818812   occ= 0
MO #697 energy= 2.08239157165417   occ= 0
MO #698 energy= 2.08285233872911   occ= 0
MO #699 energy= 2.09098094139032   occ= 0
MO #700 energy= 2.09595891503205   occ= 0
MO #701 energy= 2.0990016603389    occ= 0
MO #702 energy= 2.10312305374934   occ= 0
MO #703 energy= 2.10501998900054   occ= 0
MO #704 energy= 2.1142938453468    occ= 0
MO #705 energy= 2.11876441443832   occ= 0
MO #706 energy= 2.13091508689115   occ= 0
MO #707 energy= 2.13269889746122   occ= 0
MO #708 energy= 2.14401789425306   occ= 0
MO #709 energy= 2.14465816964155   occ= 0
MO #710 energy= 2.15292054257971   occ= 0
MO #711 energy= 2.15494641831338   occ= 0
MO #712 energy= 2.169171001183     occ= 0
MO #713 energy= 2.17486360029848   occ= 0
MO #714 energy= 2.1769360053373    occ= 0
MO #715 energy= 2.18397555945531   occ= 0
MO #716 energy= 2.18912173176472   occ= 0
MO #717 energy= 2.19694588405412   occ= 0
MO #718 energy= 2.19985487952281   occ= 0
MO #719 energy= 2.20188819112196   occ= 0
MO #720 energy= 2.2122749916612    occ= 0
MO #721 energy= 2.21546946586441   occ= 0
MO #722 energy= 2.22065584830305   occ= 0
MO #723 energy= 2.22476032600666   occ= 0
MO #724 energy= 2.23023343862404   occ= 0
MO #725 energy= 2.23808748554642   occ= 0
MO #726 energy= 2.24248976216674   occ= 0
MO #727 energy= 2.24734502805401   occ= 0
MO #728 energy= 2.25157621587562   occ= 0
MO #729 energy= 2.2581360074808    occ= 0
MO #730 energy= 2.26313060124003   occ= 0
MO #731 energy= 2.27041960321217   occ= 0
MO #732 energy= 2.2785806389997    occ= 0
MO #733 energy= 2.28459935876477   occ= 0
MO #734 energy= 2.29133424085382   occ= 0
MO #735 energy= 2.2921328681317    occ= 0
MO #736 energy= 2.29850850140468   occ= 0
MO #737 energy= 2.30381858613431   occ= 0
MO #738 energy= 2.31002823637803   occ= 0
MO #739 energy= 2.31810955609659   occ= 0
MO #740 energy= 2.31881103078975   occ= 0
MO #741 energy= 2.32365797647299   occ= 0
MO #742 energy= 2.32519589571494   occ= 0
MO #743 energy= 2.33018593298787   occ= 0
MO #744 energy= 2.33348082362661   occ= 0
MO #745 energy= 2.3408902111698    occ= 0
MO #746 energy= 2.34834192675528   occ= 0
MO #747 energy= 2.35830947492966   occ= 0
MO #748 energy= 2.37038138419689   occ= 0
MO #749 energy= 2.39042990741952   occ= 0
MO #750 energy= 2.39678170869314   occ= 0
MO #751 energy= 2.40764447708166   occ= 0
MO #752 energy= 2.41127971805714   occ= 0
MO #753 energy= 2.4316198564963    occ= 0
MO #754 energy= 2.43671322707131   occ= 0
MO #755 energy= 2.44667441561762   occ= 0
MO #756 energy= 2.45035227194813   occ= 0
MO #757 energy= 2.45966684616254   occ= 0
MO #758 energy= 2.46264668564453   occ= 0
MO #759 energy= 2.46702998934717   occ= 0
MO #760 energy= 2.47681414247042   occ= 0
MO #761 energy= 2.48204143737186   occ= 0
MO #762 energy= 2.48391335179678   occ= 0
MO #763 energy= 2.48753701596068   occ= 0
MO #764 energy= 2.49618908373412   occ= 0
MO #765 energy= 2.49887087047793   occ= 0
MO #766 energy= 2.50543819289978   occ= 0
MO #767 energy= 2.54230113661788   occ= 0
MO #768 energy= 2.55318950042654   occ= 0
MO #769 energy= 2.55612352077577   occ= 0
MO #770 energy= 2.56384064859873   occ= 0
MO #771 energy= 2.57000653518766   occ= 0
MO #772 energy= 2.58750941725388   occ= 0
MO #773 energy= 2.59082837933149   occ= 0
MO #774 energy= 2.59270828110223   occ= 0
MO #775 energy= 2.5965111199306    occ= 0
MO #776 energy= 2.60159752776087   occ= 0
MO #777 energy= 2.60661077571856   occ= 0
MO #778 energy= 2.6115853267308    occ= 0
MO #779 energy= 2.61548231249116   occ= 0
MO #780 energy= 2.61777773151568   occ= 0
MO #781 energy= 2.62180624258599   occ= 0
MO #782 energy= 2.62764715010825   occ= 0
MO #783 energy= 2.63228710470484   occ= 0
MO #784 energy= 2.63747318229782   occ= 0
MO #785 energy= 2.64721173736998   occ= 0
MO #786 energy= 2.65231199547686   occ= 0
MO #787 energy= 2.6542845196695    occ= 0
MO #788 energy= 2.65607890754007   occ= 0
MO #789 energy= 2.66407855189226   occ= 0
MO #790 energy= 2.67402731562543   occ= 0
MO #791 energy= 2.68001979353113   occ= 0
MO #792 energy= 2.68891891439397   occ= 0
MO #793 energy= 2.69129525224328   occ= 0
MO #794 energy= 2.70662215085603   occ= 0
MO #795 energy= 2.71038439786565   occ= 0
MO #796 energy= 2.71920031762778   occ= 0
MO #797 energy= 2.72529783549991   occ= 0
MO #798 energy= 2.74751908355862   occ= 0
MO #799 energy= 2.75176302307127   occ= 0
MO #800 energy= 2.78433951759386   occ= 0
MO #801 energy= 2.78739963207591   occ= 0
MO #802 energy= 2.79046850885867   occ= 0
MO #803 energy= 2.79902809063572   occ= 0
MO #804 energy= 2.80146048972441   occ= 0
MO #805 energy= 2.8122860609536    occ= 0
MO #806 energy= 2.81805687999314   occ= 0
MO #807 energy= 2.8202059352892    occ= 0
MO #808 energy= 2.8372962252251    occ= 0
MO #809 energy= 2.84376665440536   occ= 0
MO #810 energy= 2.85335665625647   occ= 0
MO #811 energy= 2.85962384648972   occ= 0
MO #812 energy= 2.86597557652566   occ= 0
MO #813 energy= 2.86999573509466   occ= 0
MO #814 energy= 2.87852955277215   occ= 0
MO #815 energy= 2.88129300007763   occ= 0
MO #816 energy= 2.88931406666655   occ= 0
MO #817 energy= 2.89409732544834   occ= 0
MO #818 energy= 2.90458084783496   occ= 0
MO #819 energy= 2.91215041589154   occ= 0
MO #820 energy= 2.93243082584379   occ= 0
MO #821 energy= 2.93686454302407   occ= 0
MO #822 energy= 2.95082979915614   occ= 0
MO #823 energy= 2.95569917062914   occ= 0
MO #824 energy= 2.96177099816747   occ= 0
MO #825 energy= 2.9700181157349    occ= 0
MO #826 energy= 2.98539154773552   occ= 0
MO #827 energy= 2.98775399768941   occ= 0
MO #828 energy= 2.99887345260626   occ= 0
MO #829 energy= 3.00032616014727   occ= 0
MO #830 energy= 3.00362766660642   occ= 0
MO #831 energy= 3.00619489371237   occ= 0
MO #832 energy= 3.0066738905753    occ= 0
MO #833 energy= 3.01327853869216   occ= 0
MO #834 energy= 3.01510322748552   occ= 0
MO #835 energy= 3.0185834144217    occ= 0
MO #836 energy= 3.02093451993877   occ= 0
MO #837 energy= 3.02554159242435   occ= 0
MO #838 energy= 3.03022528539396   occ= 0
MO #839 energy= 3.0314720480667    occ= 0
MO #840 energy= 3.03237577699893   occ= 0
MO #841 energy= 3.03341062049171   occ= 0
MO #842 energy= 3.03725306997782   occ= 0
MO #843 energy= 3.03884994504837   occ= 0
MO #844 energy= 3.03919530797523   occ= 0
MO #845 energy= 3.04038467798111   occ= 0
MO #846 energy= 3.0418799773021    occ= 0
MO #847 energy= 3.04422284129572   occ= 0
MO #848 energy= 3.04559406788356   occ= 0
MO #849 energy= 3.04669471259506   occ= 0
MO #850 energy= 3.04854894149869   occ= 0
MO #851 energy= 3.04886570813766   occ= 0
MO #852 energy= 3.05278316245234   occ= 0
MO #853 energy= 3.05312322492362   occ= 0
MO #854 energy= 3.05379025101065   occ= 0
MO #855 energy= 3.05468892318257   occ= 0
MO #856 energy= 3.05784428153616   occ= 0
MO #857 energy= 3.05927515885944   occ= 0
MO #858 energy= 3.06171404353529   occ= 0
MO #859 energy= 3.06349227224188   occ= 0
MO #860 energy= 3.06496680011327   occ= 0
MO #861 energy= 3.06960487709409   occ= 0
MO #862 energy= 3.08130796147429   occ= 0
MO #863 energy= 3.08219319505912   occ= 0
MO #864 energy= 3.08248281008632   occ= 0
MO #865 energy= 3.08627759500566   occ= 0
MO #866 energy= 3.08752205545148   occ= 0
MO #867 energy= 3.0981382372551    occ= 0
MO #868 energy= 3.10189619181875   occ= 0
MO #869 energy= 3.10478914840139   occ= 0
MO #870 energy= 3.12177994846515   occ= 0
MO #871 energy= 3.12295461468904   occ= 0
MO #872 energy= 3.1314491918493    occ= 0
MO #873 energy= 3.14645147622087   occ= 0
MO #874 energy= 3.15568751752719   occ= 0
MO #875 energy= 3.15953514674129   occ= 0
MO #876 energy= 3.16093913844864   occ= 0
MO #877 energy= 3.16734926851152   occ= 0
MO #878 energy= 3.17093403026188   occ= 0
MO #879 energy= 3.18226627541338   occ= 0
MO #880 energy= 3.18696797601291   occ= 0
MO #881 energy= 3.22308023027803   occ= 0
MO #882 energy= 3.22516399348089   occ= 0
MO #883 energy= 3.23864393696255   occ= 0
MO #884 energy= 3.27574576320221   occ= 0
MO #885 energy= 3.28220219428439   occ= 0
MO #886 energy= 3.29287812785254   occ= 0
MO #887 energy= 3.33491383144464   occ= 0
MO #888 energy= 3.3569094404892    occ= 0
MO #889 energy= 3.36855948971011   occ= 0
MO #890 energy= 3.41634886483766   occ= 0
MO #891 energy= 3.41691348515009   occ= 0
MO #892 energy= 3.44361325275676   occ= 0
MO #893 energy= 3.44643548840341   occ= 0
MO #894 energy= 3.46051567928392   occ= 0
MO #895 energy= 3.52466143272571   occ= 0
MO #896 energy= 3.5259159995377    occ= 0
MO #897 energy= 3.53108861351289   occ= 0
MO #898 energy= 3.53164607671384   occ= 0
MO #899 energy= 3.55560507053045   occ= 0
MO #900 energy= 3.56355267674714   occ= 0
MO #901 energy= 3.57888213818582   occ= 0
MO #902 energy= 3.58153955197042   occ= 0
MO #903 energy= 3.58758808832989   occ= 0
MO #904 energy= 3.59046639177577   occ= 0
MO #905 energy= 3.59276803582206   occ= 0
MO #906 energy= 3.62274190571949   occ= 0
MO #907 energy= 3.65363375308033   occ= 0
MO #908 energy= 3.65734983261616   occ= 0
MO #909 energy= 3.676973506055     occ= 0
MO #910 energy= 3.67951244943088   occ= 0
MO #911 energy= 3.70931899370684   occ= 0
MO #912 energy= 3.83476996251091   occ= 0
MO #913 energy= 3.83556394141592   occ= 0
MO #914 energy= 3.83915194884763   occ= 0
MO #915 energy= 3.85001461989959   occ= 0
MO #916 energy= 3.87401677351147   occ= 0
MO #917 energy= 3.875326310505     occ= 0
MO #918 energy= 3.89918742253973   occ= 0
MO #919 energy= 3.90237730954945   occ= 0
 ** Mulliken atomic charges  **
charge of  0O =     -0.78904
charge of  1P =      1.75548
charge of  2O =     -0.66211
charge of  3O =     -0.54581
charge of  4C =      0.17046
charge of  5C =     -0.00115
charge of  6C =     -0.17615
charge of  7C =      0.03929
charge of  8C =     -0.08134
charge of  9C =     -0.01278
charge of  10C =      0.74836
charge of  11F =     -0.25982
charge of  12F =     -0.26393
charge of  13F =     -0.27479
charge of  14C =     -0.08071
charge of  15C =     -0.02357
charge of  16C =      0.74988
charge of  17F =     -0.28415
charge of  18F =     -0.25334
charge of  19F =     -0.26304
charge of  20C =     -0.09374
charge of  21C =     -0.11815
charge of  22C =      0.00463
charge of  23C =      0.00331
charge of  24C =     -0.17188
charge of  25C =     -0.15846
charge of  26C =     -0.15907
charge of  27C =     -0.16945
charge of  28C =     -0.03042
charge of  29C =     -0.02789
charge of  30C =      0.16569
charge of  31O =     -0.53409
charge of  32C =     -0.00228
charge of  33C =     -0.18131
charge of  34C =      0.03785
charge of  35C =     -0.10099
charge of  36C =     -0.02967
charge of  37C =      0.74749
charge of  38F =     -0.26916
charge of  39F =     -0.26672
charge of  40F =     -0.26014
charge of  41C =     -0.09996
charge of  42C =     -0.02827
charge of  43C =      0.74789
charge of  44F =     -0.26228
charge of  45F =     -0.26624
charge of  46F =     -0.26735
charge of  47C =     -0.09132
charge of  48C =     -0.11442
charge of  49C =      0.00595
charge of  50C =     -0.00045
charge of  51C =     -0.17013
charge of  52C =     -0.15818
charge of  53C =     -0.15974
charge of  54C =     -0.16931
charge of  55H =      0.35424
charge of  56H =      0.10669
charge of  57H =      0.10608
charge of  58H =      0.11153
charge of  59H =      0.12459
charge of  60H =      0.10769
charge of  61H =      0.09655
charge of  62H =      0.10102
charge of  63H =      0.09819
charge of  64H =      0.08918
charge of  65H =      0.07938
charge of  66H =      0.08904
charge of  67H =      0.08436
charge of  68H =      0.09528
charge of  69H =      0.09579
charge of  70H =      0.11704
charge of  71H =      0.10633
charge of  72H =      0.11102
charge of  73H =      0.12745
charge of  74H =      0.12606
charge of  75H =      0.09963
charge of  76H =      0.10113
charge of  77H =      0.09148
charge of  78H =      0.08391
charge of  79H =      0.08879
charge of  80H =      0.08041
charge of  81H =      0.08969
charge of  82H =      0.09757
charge of  83H =      0.09640
Dipole moment(X, Y, Z, Debye): -6.82901, -1.85150,  0.93097
def2-svp b3lyp 192.15166687965393
