/public3/home/scg5914/software-scg5914/LSW/1/data/data2/std_data/def2svp_b3lyp/cat_22.xyz
converged SCF energy = -3252.72441118456
**** MO energy ****
MO #1   energy= -77.2165814440027  occ= 2
MO #2   energy= -19.1809019100849  occ= 2
MO #3   energy= -19.1799504034261  occ= 2
MO #4   energy= -19.1740028216633  occ= 2
MO #5   energy= -19.1613656333239  occ= 2
MO #6   energy= -19.1559249532173  occ= 2
MO #7   energy= -19.1542971551829  occ= 2
MO #8   energy= -19.1541574148507  occ= 2
MO #9   energy= -19.0868270022685  occ= 2
MO #10  energy= -10.2613181635151  occ= 2
MO #11  energy= -10.2561713246312  occ= 2
MO #12  energy= -10.2436713879218  occ= 2
MO #13  energy= -10.2415322243276  occ= 2
MO #14  energy= -10.2373739470597  occ= 2
MO #15  energy= -10.2372525900289  occ= 2
MO #16  energy= -10.2361450496292  occ= 2
MO #17  energy= -10.2358130005268  occ= 2
MO #18  energy= -10.2355517616489  occ= 2
MO #19  energy= -10.2354970421183  occ= 2
MO #20  energy= -10.2082646106705  occ= 2
MO #21  energy= -10.2063089326531  occ= 2
MO #22  energy= -10.2049736251204  occ= 2
MO #23  energy= -10.2038872972236  occ= 2
MO #24  energy= -10.2006624819388  occ= 2
MO #25  energy= -10.1999086471224  occ= 2
MO #26  energy= -10.199229947296   occ= 2
MO #27  energy= -10.1973080588015  occ= 2
MO #28  energy= -10.1961113231562  occ= 2
MO #29  energy= -10.1946624529576  occ= 2
MO #30  energy= -10.1932778404925  occ= 2
MO #31  energy= -10.1922471601257  occ= 2
MO #32  energy= -10.1918744386264  occ= 2
MO #33  energy= -10.1913637054383  occ= 2
MO #34  energy= -10.1902012329757  occ= 2
MO #35  energy= -10.1899135941261  occ= 2
MO #36  energy= -10.1889759351753  occ= 2
MO #37  energy= -10.1884403355062  occ= 2
MO #38  energy= -10.1880368505704  occ= 2
MO #39  energy= -10.1870660485018  occ= 2
MO #40  energy= -10.1870132546922  occ= 2
MO #41  energy= -10.1866162811331  occ= 2
MO #42  energy= -10.1851478872392  occ= 2
MO #43  energy= -10.1846365429439  occ= 2
MO #44  energy= -10.1845076574171  occ= 2
MO #45  energy= -10.1844927009724  occ= 2
MO #46  energy= -10.1831794625376  occ= 2
MO #47  energy= -10.1800142015826  occ= 2
MO #48  energy= -10.1798901177686  occ= 2
MO #49  energy= -10.1798537505338  occ= 2
MO #50  energy= -10.1798204009266  occ= 2
MO #51  energy= -10.1796773616017  occ= 2
MO #52  energy= -10.178892352436   occ= 2
MO #53  energy= -10.178357044584   occ= 2
MO #54  energy= -10.1781591035346  occ= 2
MO #55  energy= -10.1773583868023  occ= 2
MO #56  energy= -10.1773276178894  occ= 2
MO #57  energy= -10.1771732355524  occ= 2
MO #58  energy= -10.176793908246   occ= 2
MO #59  energy= -10.1766296523251  occ= 2
MO #60  energy= -10.1766080984139  occ= 2
MO #61  energy= -10.1755324527375  occ= 2
MO #62  energy= -10.1750479152915  occ= 2
MO #63  energy= -10.1749432003315  occ= 2
MO #64  energy= -10.1734944709375  occ= 2
MO #65  energy= -10.1719682419232  occ= 2
MO #66  energy= -10.1712209942884  occ= 2
MO #67  energy= -10.1711926086485  occ= 2
MO #68  energy= -10.1710803622919  occ= 2
MO #69  energy= -10.1706006018417  occ= 2
MO #70  energy= -6.69224646068021  occ= 2
MO #71  energy= -4.85981584610311  occ= 2
MO #72  energy= -4.85964187701477  occ= 2
MO #73  energy= -4.85722748347377  occ= 2
MO #74  energy= -1.11856886846833  occ= 2
MO #75  energy= -1.05725869595035  occ= 2
MO #76  energy= -1.05475074261888  occ= 2
MO #77  energy= -1.05142676661371  occ= 2
MO #78  energy= -1.05016942590163  occ= 2
MO #79  energy= -1.04979639286701  occ= 2
MO #80  energy= -1.04376725498869  occ= 2
MO #81  energy= -0.960660545810037 occ= 2
MO #82  energy= -0.891472522337727 occ= 2
MO #83  energy= -0.878629695560086 occ= 2
MO #84  energy= -0.870001616750592 occ= 2
MO #85  energy= -0.863106903336712 occ= 2
MO #86  energy= -0.852771807012384 occ= 2
MO #87  energy= -0.847993064699528 occ= 2
MO #88  energy= -0.843319015983665 occ= 2
MO #89  energy= -0.839085971274476 occ= 2
MO #90  energy= -0.830825135242203 occ= 2
MO #91  energy= -0.82247780087445  occ= 2
MO #92  energy= -0.807207924723353 occ= 2
MO #93  energy= -0.780306961252106 occ= 2
MO #94  energy= -0.77463200163671  occ= 2
MO #95  energy= -0.774024540297813 occ= 2
MO #96  energy= -0.76885125744557  occ= 2
MO #97  energy= -0.761067424303307 occ= 2
MO #98  energy= -0.749355007669225 occ= 2
MO #99  energy= -0.745875715480042 occ= 2
MO #100 energy= -0.743661129132243 occ= 2
MO #101 energy= -0.740554484074892 occ= 2
MO #102 energy= -0.739822922236962 occ= 2
MO #103 energy= -0.737982033782267 occ= 2
MO #104 energy= -0.735356953476574 occ= 2
MO #105 energy= -0.725210466457514 occ= 2
MO #106 energy= -0.723336964496246 occ= 2
MO #107 energy= -0.717946427594911 occ= 2
MO #108 energy= -0.717145569773032 occ= 2
MO #109 energy= -0.705621184982716 occ= 2
MO #110 energy= -0.687181270867042 occ= 2
MO #111 energy= -0.681378337686212 occ= 2
MO #112 energy= -0.680054940212895 occ= 2
MO #113 energy= -0.678668117893062 occ= 2
MO #114 energy= -0.669846104331535 occ= 2
MO #115 energy= -0.644920274094606 occ= 2
MO #116 energy= -0.638435850750782 occ= 2
MO #117 energy= -0.630964571912377 occ= 2
MO #118 energy= -0.624029882420498 occ= 2
MO #119 energy= -0.618930546793577 occ= 2
MO #120 energy= -0.610197606077586 occ= 2
MO #121 energy= -0.608604090458727 occ= 2
MO #122 energy= -0.608179312925698 occ= 2
MO #123 energy= -0.605039368907788 occ= 2
MO #124 energy= -0.602921991101624 occ= 2
MO #125 energy= -0.601144240449644 occ= 2
MO #126 energy= -0.592724474002571 occ= 2
MO #127 energy= -0.587281365316364 occ= 2
MO #128 energy= -0.583013377095221 occ= 2
MO #129 energy= -0.576464229209736 occ= 2
MO #130 energy= -0.572716505705251 occ= 2
MO #131 energy= -0.565281840502671 occ= 2
MO #132 energy= -0.562791193653261 occ= 2
MO #133 energy= -0.560251813359242 occ= 2
MO #134 energy= -0.55689948301805  occ= 2
MO #135 energy= -0.542444158432683 occ= 2
MO #136 energy= -0.537846583618557 occ= 2
MO #137 energy= -0.536708156281613 occ= 2
MO #138 energy= -0.532054189564508 occ= 2
MO #139 energy= -0.529929076390309 occ= 2
MO #140 energy= -0.522384632329976 occ= 2
MO #141 energy= -0.52134930503694  occ= 2
MO #142 energy= -0.513292973421094 occ= 2
MO #143 energy= -0.497217741294776 occ= 2
MO #144 energy= -0.494214945333509 occ= 2
MO #145 energy= -0.491507414734208 occ= 2
MO #146 energy= -0.489425962378869 occ= 2
MO #147 energy= -0.486677383941488 occ= 2
MO #148 energy= -0.483145676752157 occ= 2
MO #149 energy= -0.480845138673253 occ= 2
MO #150 energy= -0.479280362014064 occ= 2
MO #151 energy= -0.476117466857246 occ= 2
MO #152 energy= -0.472903658246728 occ= 2
MO #153 energy= -0.471001603870658 occ= 2
MO #154 energy= -0.468106437044209 occ= 2
MO #155 energy= -0.46654300093273  occ= 2
MO #156 energy= -0.466469339238913 occ= 2
MO #157 energy= -0.465457589664273 occ= 2
MO #158 energy= -0.463280561842452 occ= 2
MO #159 energy= -0.457894366803492 occ= 2
MO #160 energy= -0.454148987198108 occ= 2
MO #161 energy= -0.452582686389119 occ= 2
MO #162 energy= -0.452400321281236 occ= 2
MO #163 energy= -0.448774891973499 occ= 2
MO #164 energy= -0.44577255319585  occ= 2
MO #165 energy= -0.443923866552042 occ= 2
MO #166 energy= -0.439854488008835 occ= 2
MO #167 energy= -0.438635943037117 occ= 2
MO #168 energy= -0.437137202436366 occ= 2
MO #169 energy= -0.436253038719476 occ= 2
MO #170 energy= -0.43587653014511  occ= 2
MO #171 energy= -0.42869985605906  occ= 2
MO #172 energy= -0.427666288710484 occ= 2
MO #173 energy= -0.425472232213341 occ= 2
MO #174 energy= -0.422573891338847 occ= 2
MO #175 energy= -0.420292673310485 occ= 2
MO #176 energy= -0.419059769593314 occ= 2
MO #177 energy= -0.418463687501812 occ= 2
MO #178 energy= -0.417484552369857 occ= 2
MO #179 energy= -0.412626166282889 occ= 2
MO #180 energy= -0.410956941353142 occ= 2
MO #181 energy= -0.410122029675688 occ= 2
MO #182 energy= -0.409282693478019 occ= 2
MO #183 energy= -0.405516721726222 occ= 2
MO #184 energy= -0.402843445576327 occ= 2
MO #185 energy= -0.39931978954158  occ= 2
MO #186 energy= -0.391407641260984 occ= 2
MO #187 energy= -0.387939941326542 occ= 2
MO #188 energy= -0.386793325931732 occ= 2
MO #189 energy= -0.384119861063832 occ= 2
MO #190 energy= -0.382445372935838 occ= 2
MO #191 energy= -0.38104666845473  occ= 2
MO #192 energy= -0.380432268252534 occ= 2
MO #193 energy= -0.379504005478403 occ= 2
MO #194 energy= -0.377496314517104 occ= 2
MO #195 energy= -0.376240890623223 occ= 2
MO #196 energy= -0.374967174571084 occ= 2
MO #197 energy= -0.369937924622832 occ= 2
MO #198 energy= -0.367520441590768 occ= 2
MO #199 energy= -0.365379143690947 occ= 2
MO #200 energy= -0.362733672165582 occ= 2
MO #201 energy= -0.36132467694511  occ= 2
MO #202 energy= -0.358880485748728 occ= 2
MO #203 energy= -0.35738197159026  occ= 2
MO #204 energy= -0.353236292692104 occ= 2
MO #205 energy= -0.352767045161201 occ= 2
MO #206 energy= -0.351354280492506 occ= 2
MO #207 energy= -0.345821333148767 occ= 2
MO #208 energy= -0.344275921711639 occ= 2
MO #209 energy= -0.341037835400859 occ= 2
MO #210 energy= -0.338504562695802 occ= 2
MO #211 energy= -0.331896398262451 occ= 2
MO #212 energy= -0.331075806063027 occ= 2
MO #213 energy= -0.328217065886431 occ= 2
MO #214 energy= -0.326644993882571 occ= 2
MO #215 energy= -0.325729023267777 occ= 2
MO #216 energy= -0.324126049856579 occ= 2
MO #217 energy= -0.322480572742957 occ= 2
MO #218 energy= -0.319676601794052 occ= 2
MO #219 energy= -0.319052576923019 occ= 2
MO #220 energy= -0.31726768337654  occ= 2
MO #221 energy= -0.315437801597641 occ= 2
MO #222 energy= -0.312285979096976 occ= 2
MO #223 energy= -0.3031182401379   occ= 2
MO #224 energy= -0.298958874168663 occ= 2
MO #225 energy= -0.297275259278281 occ= 2
MO #226 energy= -0.289552550446874 occ= 2
MO #227 energy= -0.272136635756323 occ= 2
MO #228 energy= -0.265112023419687 occ= 2
MO #229 energy= -0.263002126181478 occ= 2
MO #230 energy= -0.258284348951896 occ= 2
MO #231 energy= -0.256178840532912 occ= 2
MO #232 energy= -0.251316188444412 occ= 2
MO #233 energy= -0.249974373686706 occ= 2
MO #234 energy= -0.249458351743034 occ= 2
MO #235 energy= -0.242084110292309 occ= 2
MO #236 energy= -0.235847474074688 occ= 2
MO #237 energy= -0.226804756946274 occ= 2
MO #238 energy= -0.218391786649595 occ= 2
MO #239 energy= -0.21324553498787  occ= 2
MO #240 energy= -0.207863781603327 occ= 2
MO #241 energy= -0.205284948717276 occ= 2
MO #242 energy= -0.201124096481083 occ= 2
MO #243 energy= -0.0623289499288798 occ= 0
MO #244 energy= -0.0508754798693081 occ= 0
MO #245 energy= -0.033444249384151 occ= 0
MO #246 energy= -0.0269566107367561 occ= 0
MO #247 energy= -0.0266277589004165 occ= 0
MO #248 energy= -0.0179631591620668 occ= 0
MO #249 energy= -0.00843260606585789 occ= 0
MO #250 energy= -0.00768534780940394 occ= 0
MO #251 energy= -0.00345475118228382 occ= 0
MO #252 energy= -0.00028288690633098 occ= 0
MO #253 energy= 0.000810101775770116 occ= 0
MO #254 energy= 0.00161642727256992 occ= 0
MO #255 energy= 0.0133458474371668 occ= 0
MO #256 energy= 0.0198543140368336 occ= 0
MO #257 energy= 0.027019940701539  occ= 0
MO #258 energy= 0.0310153558811955 occ= 0
MO #259 energy= 0.0343518960290207 occ= 0
MO #260 energy= 0.0452283768056532 occ= 0
MO #261 energy= 0.0485675681941808 occ= 0
MO #262 energy= 0.0640282420948649 occ= 0
MO #263 energy= 0.0668652263049131 occ= 0
MO #264 energy= 0.0671583727563537 occ= 0
MO #265 energy= 0.0685861432328472 occ= 0
MO #266 energy= 0.0699271722963924 occ= 0
MO #267 energy= 0.0709274337257088 occ= 0
MO #268 energy= 0.077813631960778  occ= 0
MO #269 energy= 0.0819826271091596 occ= 0
MO #270 energy= 0.0833754817851063 occ= 0
MO #271 energy= 0.0888394902827076 occ= 0
MO #272 energy= 0.0913707431372003 occ= 0
MO #273 energy= 0.0928972581281732 occ= 0
MO #274 energy= 0.0937167141465308 occ= 0
MO #275 energy= 0.0951147517847661 occ= 0
MO #276 energy= 0.0993642323695011 occ= 0
MO #277 energy= 0.104037221207253  occ= 0
MO #278 energy= 0.105722563412193  occ= 0
MO #279 energy= 0.107363761895524  occ= 0
MO #280 energy= 0.111545793821745  occ= 0
MO #281 energy= 0.114878024791212  occ= 0
MO #282 energy= 0.116393285769491  occ= 0
MO #283 energy= 0.119121924908306  occ= 0
MO #284 energy= 0.121453241915092  occ= 0
MO #285 energy= 0.122097544234364  occ= 0
MO #286 energy= 0.124485809223792  occ= 0
MO #287 energy= 0.130441073682969  occ= 0
MO #288 energy= 0.130693957899027  occ= 0
MO #289 energy= 0.132428759404766  occ= 0
MO #290 energy= 0.133283202563682  occ= 0
MO #291 energy= 0.13406401904973   occ= 0
MO #292 energy= 0.135176346504397  occ= 0
MO #293 energy= 0.1360186941792    occ= 0
MO #294 energy= 0.136852510839417  occ= 0
MO #295 energy= 0.137610997433525  occ= 0
MO #296 energy= 0.138119093288864  occ= 0
MO #297 energy= 0.139653157924075  occ= 0
MO #298 energy= 0.139914089763595  occ= 0
MO #299 energy= 0.14099660692      occ= 0
MO #300 energy= 0.141721514972509  occ= 0
MO #301 energy= 0.145745221238074  occ= 0
MO #302 energy= 0.147234738894535  occ= 0
MO #303 energy= 0.149087818343061  occ= 0
MO #304 energy= 0.150946651854677  occ= 0
MO #305 energy= 0.153352444654521  occ= 0
MO #306 energy= 0.157502185488159  occ= 0
MO #307 energy= 0.160593073695895  occ= 0
MO #308 energy= 0.161395431162326  occ= 0
MO #309 energy= 0.163815447920709  occ= 0
MO #310 energy= 0.164311679650937  occ= 0
MO #311 energy= 0.170107870215389  occ= 0
MO #312 energy= 0.170518025506239  occ= 0
MO #313 energy= 0.175759901906898  occ= 0
MO #314 energy= 0.176519784143222  occ= 0
MO #315 energy= 0.178696418045807  occ= 0
MO #316 energy= 0.18107547602697   occ= 0
MO #317 energy= 0.18490337800817   occ= 0
MO #318 energy= 0.188886391329371  occ= 0
MO #319 energy= 0.189582278257852  occ= 0
MO #320 energy= 0.191379001499668  occ= 0
MO #321 energy= 0.196914571675084  occ= 0
MO #322 energy= 0.200122154749243  occ= 0
MO #323 energy= 0.209061974833034  occ= 0
MO #324 energy= 0.215780243333091  occ= 0
MO #325 energy= 0.217364357249537  occ= 0
MO #326 energy= 0.238809544816993  occ= 0
MO #327 energy= 0.24456559365959   occ= 0
MO #328 energy= 0.245977977277929  occ= 0
MO #329 energy= 0.246670669678268  occ= 0
MO #330 energy= 0.249106802168401  occ= 0
MO #331 energy= 0.253485282225065  occ= 0
MO #332 energy= 0.262423500628022  occ= 0
MO #333 energy= 0.265154914135374  occ= 0
MO #334 energy= 0.269081465110658  occ= 0
MO #335 energy= 0.271220161668058  occ= 0
MO #336 energy= 0.272257532304398  occ= 0
MO #337 energy= 0.275455632494191  occ= 0
MO #338 energy= 0.276620309456889  occ= 0
MO #339 energy= 0.278182414192869  occ= 0
MO #340 energy= 0.279612168686496  occ= 0
MO #341 energy= 0.281027612366632  occ= 0
MO #342 energy= 0.284302439748343  occ= 0
MO #343 energy= 0.284504908814279  occ= 0
MO #344 energy= 0.289756506667339  occ= 0
MO #345 energy= 0.292577697380373  occ= 0
MO #346 energy= 0.295652545324083  occ= 0
MO #347 energy= 0.297192149399313  occ= 0
MO #348 energy= 0.29793857261476   occ= 0
MO #349 energy= 0.300798947928987  occ= 0
MO #350 energy= 0.301490495148692  occ= 0
MO #351 energy= 0.302065304564216  occ= 0
MO #352 energy= 0.303489311207879  occ= 0
MO #353 energy= 0.305237153769698  occ= 0
MO #354 energy= 0.309118917404359  occ= 0
MO #355 energy= 0.310530440240852  occ= 0
MO #356 energy= 0.312879540892094  occ= 0
MO #357 energy= 0.31762688883976   occ= 0
MO #358 energy= 0.319407630569861  occ= 0
MO #359 energy= 0.320794419107906  occ= 0
MO #360 energy= 0.324250375808568  occ= 0
MO #361 energy= 0.329483511859681  occ= 0
MO #362 energy= 0.331893724662174  occ= 0
MO #363 energy= 0.332115101109725  occ= 0
MO #364 energy= 0.335168289381517  occ= 0
MO #365 energy= 0.339063184624981  occ= 0
MO #366 energy= 0.339212896610519  occ= 0
MO #367 energy= 0.340813634480076  occ= 0
MO #368 energy= 0.342850433077361  occ= 0
MO #369 energy= 0.344036086790014  occ= 0
MO #370 energy= 0.345278224228112  occ= 0
MO #371 energy= 0.348367439838715  occ= 0
MO #372 energy= 0.352167508666285  occ= 0
MO #373 energy= 0.35544893449108   occ= 0
MO #374 energy= 0.358094375381252  occ= 0
MO #375 energy= 0.35924437829131   occ= 0
MO #376 energy= 0.359775402052259  occ= 0
MO #377 energy= 0.365580276354234  occ= 0
MO #378 energy= 0.367380522346995  occ= 0
MO #379 energy= 0.369296777507182  occ= 0
MO #380 energy= 0.37048219009216   occ= 0
MO #381 energy= 0.373282222523434  occ= 0
MO #382 energy= 0.378792379551045  occ= 0
MO #383 energy= 0.382945902107887  occ= 0
MO #384 energy= 0.385325734979366  occ= 0
MO #385 energy= 0.387647988373704  occ= 0
MO #386 energy= 0.389905918191613  occ= 0
MO #387 energy= 0.391786526733731  occ= 0
MO #388 energy= 0.395218951295015  occ= 0
MO #389 energy= 0.398845277854406  occ= 0
MO #390 energy= 0.404287407754795  occ= 0
MO #391 energy= 0.406606894111149  occ= 0
MO #392 energy= 0.408789623115025  occ= 0
MO #393 energy= 0.410077588274509  occ= 0
MO #394 energy= 0.413498562195425  occ= 0
MO #395 energy= 0.415792615634747  occ= 0
MO #396 energy= 0.421530743923662  occ= 0
MO #397 energy= 0.421831952378329  occ= 0
MO #398 energy= 0.423098079009206  occ= 0
MO #399 energy= 0.424824193007168  occ= 0
MO #400 energy= 0.425809506561074  occ= 0
MO #401 energy= 0.427062461644776  occ= 0
MO #402 energy= 0.434785771958769  occ= 0
MO #403 energy= 0.441264167519845  occ= 0
MO #404 energy= 0.442125778474419  occ= 0
MO #405 energy= 0.445384879585114  occ= 0
MO #406 energy= 0.446315438896724  occ= 0
MO #407 energy= 0.448854658130743  occ= 0
MO #408 energy= 0.449917620864378  occ= 0
MO #409 energy= 0.450862919026627  occ= 0
MO #410 energy= 0.451313852702931  occ= 0
MO #411 energy= 0.452017999310406  occ= 0
MO #412 energy= 0.454729719411237  occ= 0
MO #413 energy= 0.45554435627645   occ= 0
MO #414 energy= 0.457671556943423  occ= 0
MO #415 energy= 0.459416817618353  occ= 0
MO #416 energy= 0.463342606607831  occ= 0
MO #417 energy= 0.465969768401511  occ= 0
MO #418 energy= 0.46653062733209   occ= 0
MO #419 energy= 0.466685744446953  occ= 0
MO #420 energy= 0.468246186653783  occ= 0
MO #421 energy= 0.470391886927275  occ= 0
MO #422 energy= 0.470651504673452  occ= 0
MO #423 energy= 0.471859821868937  occ= 0
MO #424 energy= 0.473900200070094  occ= 0
MO #425 energy= 0.478299230286797  occ= 0
MO #426 energy= 0.48017291445049   occ= 0
MO #427 energy= 0.481937930534178  occ= 0
MO #428 energy= 0.484032971344613  occ= 0
MO #429 energy= 0.486761905453691  occ= 0
MO #430 energy= 0.487800460720626  occ= 0
MO #431 energy= 0.488678899518387  occ= 0
MO #432 energy= 0.489656606744404  occ= 0
MO #433 energy= 0.490688940637389  occ= 0
MO #434 energy= 0.491289736058765  occ= 0
MO #435 energy= 0.494424289364082  occ= 0
MO #436 energy= 0.495823759211262  occ= 0
MO #437 energy= 0.497545356969643  occ= 0
MO #438 energy= 0.50102335499506   occ= 0
MO #439 energy= 0.501478146495964  occ= 0
MO #440 energy= 0.503260369809855  occ= 0
MO #441 energy= 0.505647561975256  occ= 0
MO #442 energy= 0.507022786439503  occ= 0
MO #443 energy= 0.509344740917434  occ= 0
MO #444 energy= 0.512878564320465  occ= 0
MO #445 energy= 0.514424386775114  occ= 0
MO #446 energy= 0.517519815889874  occ= 0
MO #447 energy= 0.517903912126049  occ= 0
MO #448 energy= 0.521381094079501  occ= 0
MO #449 energy= 0.52584150140071   occ= 0
MO #450 energy= 0.527123203944909  occ= 0
MO #451 energy= 0.528942637974727  occ= 0
MO #452 energy= 0.530688706734877  occ= 0
MO #453 energy= 0.534187630227136  occ= 0
MO #454 energy= 0.53551134020406   occ= 0
MO #455 energy= 0.539445452376919  occ= 0
MO #456 energy= 0.546502861275851  occ= 0
MO #457 energy= 0.547038015539387  occ= 0
MO #458 energy= 0.549312794640255  occ= 0
MO #459 energy= 0.55138969454568   occ= 0
MO #460 energy= 0.551908673463505  occ= 0
MO #461 energy= 0.554229111375119  occ= 0
MO #462 energy= 0.556340029691148  occ= 0
MO #463 energy= 0.558462978718305  occ= 0
MO #464 energy= 0.562409654659479  occ= 0
MO #465 energy= 0.564433443020377  occ= 0
MO #466 energy= 0.569805338530504  occ= 0
MO #467 energy= 0.574630631187002  occ= 0
MO #468 energy= 0.57917047702448   occ= 0
MO #469 energy= 0.584681951060396  occ= 0
MO #470 energy= 0.585987894386455  occ= 0
MO #471 energy= 0.588862565524792  occ= 0
MO #472 energy= 0.591227664716473  occ= 0
MO #473 energy= 0.594363587331814  occ= 0
MO #474 energy= 0.595482637767642  occ= 0
MO #475 energy= 0.597530779614877  occ= 0
MO #476 energy= 0.600138837864878  occ= 0
MO #477 energy= 0.602001316705955  occ= 0
MO #478 energy= 0.604515867270102  occ= 0
MO #479 energy= 0.606738353499169  occ= 0
MO #480 energy= 0.609520767814747  occ= 0
MO #481 energy= 0.611283636023361  occ= 0
MO #482 energy= 0.614140935921396  occ= 0
MO #483 energy= 0.615630312445324  occ= 0
MO #484 energy= 0.617936928340545  occ= 0
MO #485 energy= 0.618490883665306  occ= 0
MO #486 energy= 0.620221655660891  occ= 0
MO #487 energy= 0.623134822140172  occ= 0
MO #488 energy= 0.625232737174693  occ= 0
MO #489 energy= 0.626533827416458  occ= 0
MO #490 energy= 0.629743227697617  occ= 0
MO #491 energy= 0.63001403795616   occ= 0
MO #492 energy= 0.631038513824606  occ= 0
MO #493 energy= 0.631882209986529  occ= 0
MO #494 energy= 0.633511414698206  occ= 0
MO #495 energy= 0.635430586110498  occ= 0
MO #496 energy= 0.636666558159388  occ= 0
MO #497 energy= 0.63944399153039   occ= 0
MO #498 energy= 0.643399300405843  occ= 0
MO #499 energy= 0.645509828426547  occ= 0
MO #500 energy= 0.647516524427697  occ= 0
MO #501 energy= 0.648147875797748  occ= 0
MO #502 energy= 0.649755062048975  occ= 0
MO #503 energy= 0.650715718887344  occ= 0
MO #504 energy= 0.652460225156087  occ= 0
MO #505 energy= 0.653819384509889  occ= 0
MO #506 energy= 0.654348560563176  occ= 0
MO #507 energy= 0.655272926395375  occ= 0
MO #508 energy= 0.657065030936357  occ= 0
MO #509 energy= 0.65765440372514   occ= 0
MO #510 energy= 0.65865317616256   occ= 0
MO #511 energy= 0.659497793045961  occ= 0
MO #512 energy= 0.661991587148446  occ= 0
MO #513 energy= 0.664266848433895  occ= 0
MO #514 energy= 0.665359017608832  occ= 0
MO #515 energy= 0.666210470007839  occ= 0
MO #516 energy= 0.667729861382016  occ= 0
MO #517 energy= 0.669905053759589  occ= 0
MO #518 energy= 0.670619067689656  occ= 0
MO #519 energy= 0.671685203565653  occ= 0
MO #520 energy= 0.67389787921828   occ= 0
MO #521 energy= 0.675475788984806  occ= 0
MO #522 energy= 0.677411710362382  occ= 0
MO #523 energy= 0.679358078564274  occ= 0
MO #524 energy= 0.680586087836519  occ= 0
MO #525 energy= 0.68146848464514   occ= 0
MO #526 energy= 0.681638757479482  occ= 0
MO #527 energy= 0.684406843146031  occ= 0
MO #528 energy= 0.686829828208379  occ= 0
MO #529 energy= 0.688157574738635  occ= 0
MO #530 energy= 0.691698756568776  occ= 0
MO #531 energy= 0.6930689695808    occ= 0
MO #532 energy= 0.694714363389786  occ= 0
MO #533 energy= 0.696557134418673  occ= 0
MO #534 energy= 0.697621616897917  occ= 0
MO #535 energy= 0.700233411752125  occ= 0
MO #536 energy= 0.701406453732027  occ= 0
MO #537 energy= 0.70468552029481   occ= 0
MO #538 energy= 0.705796433325811  occ= 0
MO #539 energy= 0.708371152395082  occ= 0
MO #540 energy= 0.71098948392849   occ= 0
MO #541 energy= 0.712348264954406  occ= 0
MO #542 energy= 0.715088275391611  occ= 0
MO #543 energy= 0.717046433000743  occ= 0
MO #544 energy= 0.720182016881221  occ= 0
MO #545 energy= 0.721806490020374  occ= 0
MO #546 energy= 0.724067961665396  occ= 0
MO #547 energy= 0.724944361404669  occ= 0
MO #548 energy= 0.727982167202763  occ= 0
MO #549 energy= 0.731049375007052  occ= 0
MO #550 energy= 0.732890395173323  occ= 0
MO #551 energy= 0.735034751942125  occ= 0
MO #552 energy= 0.735939599171706  occ= 0
MO #553 energy= 0.737443146100083  occ= 0
MO #554 energy= 0.739703256934297  occ= 0
MO #555 energy= 0.745749620348993  occ= 0
MO #556 energy= 0.747804551443901  occ= 0
MO #557 energy= 0.749594276516759  occ= 0
MO #558 energy= 0.750534653629696  occ= 0
MO #559 energy= 0.750873039299468  occ= 0
MO #560 energy= 0.752099754220576  occ= 0
MO #561 energy= 0.756893859200892  occ= 0
MO #562 energy= 0.759219852299286  occ= 0
MO #563 energy= 0.762118386323216  occ= 0
MO #564 energy= 0.764736226608355  occ= 0
MO #565 energy= 0.766845491832284  occ= 0
MO #566 energy= 0.767649021657617  occ= 0
MO #567 energy= 0.767874181086382  occ= 0
MO #568 energy= 0.772521975682094  occ= 0
MO #569 energy= 0.774122652949996  occ= 0
MO #570 energy= 0.779462644686053  occ= 0
MO #571 energy= 0.780754264842934  occ= 0
MO #572 energy= 0.783494787622361  occ= 0
MO #573 energy= 0.78862797115138   occ= 0
MO #574 energy= 0.792353038503013  occ= 0
MO #575 energy= 0.794876487690744  occ= 0
MO #576 energy= 0.798131245438549  occ= 0
MO #577 energy= 0.799514998889052  occ= 0
MO #578 energy= 0.808317301238135  occ= 0
MO #579 energy= 0.810426543576028  occ= 0
MO #580 energy= 0.81172478481298   occ= 0
MO #581 energy= 0.812664827922529  occ= 0
MO #582 energy= 0.816078206136169  occ= 0
MO #583 energy= 0.819132403805124  occ= 0
MO #584 energy= 0.821084993857862  occ= 0
MO #585 energy= 0.82223166457641   occ= 0
MO #586 energy= 0.8265200729012    occ= 0
MO #587 energy= 0.829587789805684  occ= 0
MO #588 energy= 0.833663009182706  occ= 0
MO #589 energy= 0.834396868246271  occ= 0
MO #590 energy= 0.837714508196524  occ= 0
MO #591 energy= 0.840222719767079  occ= 0
MO #592 energy= 0.8428423887276    occ= 0
MO #593 energy= 0.845170838598478  occ= 0
MO #594 energy= 0.846046677699846  occ= 0
MO #595 energy= 0.84926783773707   occ= 0
MO #596 energy= 0.853077520198569  occ= 0
MO #597 energy= 0.856181645285598  occ= 0
MO #598 energy= 0.857949714014826  occ= 0
MO #599 energy= 0.865178287173964  occ= 0
MO #600 energy= 0.867222209285626  occ= 0
MO #601 energy= 0.869478359206935  occ= 0
MO #602 energy= 0.871160342969197  occ= 0
MO #603 energy= 0.876991579938512  occ= 0
MO #604 energy= 0.880712121913298  occ= 0
MO #605 energy= 0.883402655591626  occ= 0
MO #606 energy= 0.887730624978942  occ= 0
MO #607 energy= 0.893957405462139  occ= 0
MO #608 energy= 0.897570197318276  occ= 0
MO #609 energy= 0.902678396515273  occ= 0
MO #610 energy= 0.90411770894212   occ= 0
MO #611 energy= 0.908535552050153  occ= 0
MO #612 energy= 0.916767234726123  occ= 0
MO #613 energy= 0.919538128353574  occ= 0
MO #614 energy= 0.923972110376359  occ= 0
MO #615 energy= 0.929534082985879  occ= 0
MO #616 energy= 0.932991161453296  occ= 0
MO #617 energy= 0.940546137502615  occ= 0
MO #618 energy= 0.943267691889881  occ= 0
MO #619 energy= 0.94583956171645   occ= 0
MO #620 energy= 0.953763088638404  occ= 0
MO #621 energy= 0.954008538152638  occ= 0
MO #622 energy= 0.958674778295244  occ= 0
MO #623 energy= 0.963962175199606  occ= 0
MO #624 energy= 0.964931636542418  occ= 0
MO #625 energy= 0.969337571920075  occ= 0
MO #626 energy= 0.975282887180721  occ= 0
MO #627 energy= 0.981345715747469  occ= 0
MO #628 energy= 0.984275456422737  occ= 0
MO #629 energy= 0.994394847586569  occ= 0
MO #630 energy= 1.00043598195181   occ= 0
MO #631 energy= 1.00511639352847   occ= 0
MO #632 energy= 1.00979751996502   occ= 0
MO #633 energy= 1.01614413291273   occ= 0
MO #634 energy= 1.01671701454226   occ= 0
MO #635 energy= 1.02350857391164   occ= 0
MO #636 energy= 1.02386440034676   occ= 0
MO #637 energy= 1.02679937306225   occ= 0
MO #638 energy= 1.02826540332805   occ= 0
MO #639 energy= 1.03173535042864   occ= 0
MO #640 energy= 1.03608509202313   occ= 0
MO #641 energy= 1.03881211157456   occ= 0
MO #642 energy= 1.04638553460461   occ= 0
MO #643 energy= 1.05172416551978   occ= 0
MO #644 energy= 1.05359954698827   occ= 0
MO #645 energy= 1.06031381328843   occ= 0
MO #646 energy= 1.06722771993292   occ= 0
MO #647 energy= 1.06916322601918   occ= 0
MO #648 energy= 1.07513144518095   occ= 0
MO #649 energy= 1.08396517644094   occ= 0
MO #650 energy= 1.09190715330168   occ= 0
MO #651 energy= 1.09957391129693   occ= 0
MO #652 energy= 1.10418165258568   occ= 0
MO #653 energy= 1.10863659671131   occ= 0
MO #654 energy= 1.11267719607848   occ= 0
MO #655 energy= 1.11385771103883   occ= 0
MO #656 energy= 1.11760735002842   occ= 0
MO #657 energy= 1.11997132925433   occ= 0
MO #658 energy= 1.12493726741737   occ= 0
MO #659 energy= 1.12633465771193   occ= 0
MO #660 energy= 1.13203651428134   occ= 0
MO #661 energy= 1.13812008931576   occ= 0
MO #662 energy= 1.13847152296186   occ= 0
MO #663 energy= 1.14482784128199   occ= 0
MO #664 energy= 1.16029596528655   occ= 0
MO #665 energy= 1.16207950686546   occ= 0
MO #666 energy= 1.16390980542709   occ= 0
MO #667 energy= 1.16899663068948   occ= 0
MO #668 energy= 1.17509482711055   occ= 0
MO #669 energy= 1.18327666060318   occ= 0
MO #670 energy= 1.18564803601078   occ= 0
MO #671 energy= 1.19368631831175   occ= 0
MO #672 energy= 1.19849693060719   occ= 0
MO #673 energy= 1.20013159560723   occ= 0
MO #674 energy= 1.20675537094727   occ= 0
MO #675 energy= 1.20938332350885   occ= 0
MO #676 energy= 1.2139587647647    occ= 0
MO #677 energy= 1.21613145217786   occ= 0
MO #678 energy= 1.21664145674861   occ= 0
MO #679 energy= 1.2184997253203    occ= 0
MO #680 energy= 1.2220159976068    occ= 0
MO #681 energy= 1.22427633868954   occ= 0
MO #682 energy= 1.2293117916066    occ= 0
MO #683 energy= 1.23242211608697   occ= 0
MO #684 energy= 1.23850030117159   occ= 0
MO #685 energy= 1.2440128158154    occ= 0
MO #686 energy= 1.24733175811224   occ= 0
MO #687 energy= 1.24916926137615   occ= 0
MO #688 energy= 1.2536250448411    occ= 0
MO #689 energy= 1.25499621440482   occ= 0
MO #690 energy= 1.2560068887132    occ= 0
MO #691 energy= 1.25694952584688   occ= 0
MO #692 energy= 1.25843608746197   occ= 0
MO #693 energy= 1.25924710033904   occ= 0
MO #694 energy= 1.26116496297057   occ= 0
MO #695 energy= 1.26351041570626   occ= 0
MO #696 energy= 1.26509317292873   occ= 0
MO #697 energy= 1.26745175600776   occ= 0
MO #698 energy= 1.26958322754267   occ= 0
MO #699 energy= 1.27132515301541   occ= 0
MO #700 energy= 1.27485870309939   occ= 0
MO #701 energy= 1.27675648005425   occ= 0
MO #702 energy= 1.28011853138047   occ= 0
MO #703 energy= 1.28077313346017   occ= 0
MO #704 energy= 1.28304599035028   occ= 0
MO #705 energy= 1.2883129276564    occ= 0
MO #706 energy= 1.2886016647679    occ= 0
MO #707 energy= 1.28991970539114   occ= 0
MO #708 energy= 1.29240316578136   occ= 0
MO #709 energy= 1.29414282171132   occ= 0
MO #710 energy= 1.29575974608719   occ= 0
MO #711 energy= 1.30008101642157   occ= 0
MO #712 energy= 1.3030507590175    occ= 0
MO #713 energy= 1.30734121185312   occ= 0
MO #714 energy= 1.30922958630518   occ= 0
MO #715 energy= 1.31092182485431   occ= 0
MO #716 energy= 1.31459808742045   occ= 0
MO #717 energy= 1.31775717484428   occ= 0
MO #718 energy= 1.31961904011606   occ= 0
MO #719 energy= 1.32233895963951   occ= 0
MO #720 energy= 1.32328118151935   occ= 0
MO #721 energy= 1.32644103901923   occ= 0
MO #722 energy= 1.32760049087496   occ= 0
MO #723 energy= 1.33118786354739   occ= 0
MO #724 energy= 1.33181147951356   occ= 0
MO #725 energy= 1.3354518128705    occ= 0
MO #726 energy= 1.33811715736648   occ= 0
MO #727 energy= 1.33987652265918   occ= 0
MO #728 energy= 1.3428694445865    occ= 0
MO #729 energy= 1.34998594711747   occ= 0
MO #730 energy= 1.35410101567939   occ= 0
MO #731 energy= 1.36469562935434   occ= 0
MO #732 energy= 1.36747012640446   occ= 0
MO #733 energy= 1.37119281741307   occ= 0
MO #734 energy= 1.38208733587411   occ= 0
MO #735 energy= 1.38980478759646   occ= 0
MO #736 energy= 1.40216458060383   occ= 0
MO #737 energy= 1.4161836430381    occ= 0
MO #738 energy= 1.42162925855018   occ= 0
MO #739 energy= 1.43879790216832   occ= 0
MO #740 energy= 1.44430940543475   occ= 0
MO #741 energy= 1.45830152790021   occ= 0
MO #742 energy= 1.46874820309428   occ= 0
MO #743 energy= 1.47373614999595   occ= 0
MO #744 energy= 1.4755228800147    occ= 0
MO #745 energy= 1.48047931909198   occ= 0
MO #746 energy= 1.48155841546353   occ= 0
MO #747 energy= 1.48376557114997   occ= 0
MO #748 energy= 1.48526566433368   occ= 0
MO #749 energy= 1.4946432998131    occ= 0
MO #750 energy= 1.4948101152474    occ= 0
MO #751 energy= 1.51163475205136   occ= 0
MO #752 energy= 1.51235352685077   occ= 0
MO #753 energy= 1.51595813208411   occ= 0
MO #754 energy= 1.51757627471456   occ= 0
MO #755 energy= 1.5177989377233    occ= 0
MO #756 energy= 1.51896668535067   occ= 0
MO #757 energy= 1.5270275044352    occ= 0
MO #758 energy= 1.53130063695007   occ= 0
MO #759 energy= 1.53914003820913   occ= 0
MO #760 energy= 1.5451174965488    occ= 0
MO #761 energy= 1.55338305174421   occ= 0
MO #762 energy= 1.55855997832269   occ= 0
MO #763 energy= 1.56197991118935   occ= 0
MO #764 energy= 1.56474988781579   occ= 0
MO #765 energy= 1.56670561414626   occ= 0
MO #766 energy= 1.57311678981199   occ= 0
MO #767 energy= 1.57670747059394   occ= 0
MO #768 energy= 1.57864272679469   occ= 0
MO #769 energy= 1.58878498160417   occ= 0
MO #770 energy= 1.60231060104652   occ= 0
MO #771 energy= 1.60803649225483   occ= 0
MO #772 energy= 1.61398116757303   occ= 0
MO #773 energy= 1.62232702358877   occ= 0
MO #774 energy= 1.62448753045105   occ= 0
MO #775 energy= 1.63337111735625   occ= 0
MO #776 energy= 1.64080037222765   occ= 0
MO #777 energy= 1.64315905507198   occ= 0
MO #778 energy= 1.64655655656164   occ= 0
MO #779 energy= 1.64807684374877   occ= 0
MO #780 energy= 1.6508551339635    occ= 0
MO #781 energy= 1.65449191006518   occ= 0
MO #782 energy= 1.65885326574319   occ= 0
MO #783 energy= 1.66199138447115   occ= 0
MO #784 energy= 1.66988192940484   occ= 0
MO #785 energy= 1.67226849765228   occ= 0
MO #786 energy= 1.67649403327658   occ= 0
MO #787 energy= 1.68211014263347   occ= 0
MO #788 energy= 1.68672443817681   occ= 0
MO #789 energy= 1.69026892868785   occ= 0
MO #790 energy= 1.6934814974986    occ= 0
MO #791 energy= 1.69870110948113   occ= 0
MO #792 energy= 1.70178745235532   occ= 0
MO #793 energy= 1.70571004308223   occ= 0
MO #794 energy= 1.70650153459745   occ= 0
MO #795 energy= 1.70831326566372   occ= 0
MO #796 energy= 1.71025244319475   occ= 0
MO #797 energy= 1.71160378603244   occ= 0
MO #798 energy= 1.71357583368125   occ= 0
MO #799 energy= 1.71488934357053   occ= 0
MO #800 energy= 1.71788205096533   occ= 0
MO #801 energy= 1.71808418709694   occ= 0
MO #802 energy= 1.72357171905522   occ= 0
MO #803 energy= 1.72496726493894   occ= 0
MO #804 energy= 1.72617637543706   occ= 0
MO #805 energy= 1.7277339600617    occ= 0
MO #806 energy= 1.73146407174879   occ= 0
MO #807 energy= 1.73371054135838   occ= 0
MO #808 energy= 1.73625219751181   occ= 0
MO #809 energy= 1.73847095993304   occ= 0
MO #810 energy= 1.73929124561019   occ= 0
MO #811 energy= 1.74031727913767   occ= 0
MO #812 energy= 1.74397446000034   occ= 0
MO #813 energy= 1.74613439631533   occ= 0
MO #814 energy= 1.74698182924516   occ= 0
MO #815 energy= 1.75285349970006   occ= 0
MO #816 energy= 1.75449533653232   occ= 0
MO #817 energy= 1.75466957247477   occ= 0
MO #818 energy= 1.75632304745251   occ= 0
MO #819 energy= 1.76044640381804   occ= 0
MO #820 energy= 1.76117616001982   occ= 0
MO #821 energy= 1.761737536818     occ= 0
MO #822 energy= 1.76358943089586   occ= 0
MO #823 energy= 1.76464370670887   occ= 0
MO #824 energy= 1.76688078259506   occ= 0
MO #825 energy= 1.7677961076274    occ= 0
MO #826 energy= 1.76885151182139   occ= 0
MO #827 energy= 1.77049475923301   occ= 0
MO #828 energy= 1.77156547119134   occ= 0
MO #829 energy= 1.77327291125331   occ= 0
MO #830 energy= 1.77375708444438   occ= 0
MO #831 energy= 1.77430169331624   occ= 0
MO #832 energy= 1.77736330864478   occ= 0
MO #833 energy= 1.78041595535039   occ= 0
MO #834 energy= 1.78281110847617   occ= 0
MO #835 energy= 1.78395759887689   occ= 0
MO #836 energy= 1.78500647024437   occ= 0
MO #837 energy= 1.78861455007902   occ= 0
MO #838 energy= 1.79124246819232   occ= 0
MO #839 energy= 1.79633685151573   occ= 0
MO #840 energy= 1.79758508729758   occ= 0
MO #841 energy= 1.79920446820959   occ= 0
MO #842 energy= 1.80098735628733   occ= 0
MO #843 energy= 1.80183008403634   occ= 0
MO #844 energy= 1.80274756297524   occ= 0
MO #845 energy= 1.80574594480294   occ= 0
MO #846 energy= 1.81132417268988   occ= 0
MO #847 energy= 1.8127746325136    occ= 0
MO #848 energy= 1.81511495855096   occ= 0
MO #849 energy= 1.81645811291739   occ= 0
MO #850 energy= 1.81786427704778   occ= 0
MO #851 energy= 1.8196926227199    occ= 0
MO #852 energy= 1.82267274801887   occ= 0
MO #853 energy= 1.82432483156886   occ= 0
MO #854 energy= 1.82680151296942   occ= 0
MO #855 energy= 1.83126946522961   occ= 0
MO #856 energy= 1.83470364821305   occ= 0
MO #857 energy= 1.83807953188005   occ= 0
MO #858 energy= 1.83980086387979   occ= 0
MO #859 energy= 1.84386587971014   occ= 0
MO #860 energy= 1.84941140150866   occ= 0
MO #861 energy= 1.85179427998032   occ= 0
MO #862 energy= 1.85743618133216   occ= 0
MO #863 energy= 1.86221319182905   occ= 0
MO #864 energy= 1.8690375454645    occ= 0
MO #865 energy= 1.87297951963244   occ= 0
MO #866 energy= 1.88000153249913   occ= 0
MO #867 energy= 1.88535889753275   occ= 0
MO #868 energy= 1.88869577119137   occ= 0
MO #869 energy= 1.88968847393707   occ= 0
MO #870 energy= 1.89198087534917   occ= 0
MO #871 energy= 1.8926666585185    occ= 0
MO #872 energy= 1.89421973224553   occ= 0
MO #873 energy= 1.89889025072434   occ= 0
MO #874 energy= 1.90005643840506   occ= 0
MO #875 energy= 1.90411037111875   occ= 0
MO #876 energy= 1.90856416701249   occ= 0
MO #877 energy= 1.91086407660408   occ= 0
MO #878 energy= 1.91540498458189   occ= 0
MO #879 energy= 1.91788233976489   occ= 0
MO #880 energy= 1.91942793024139   occ= 0
MO #881 energy= 1.92560806171128   occ= 0
MO #882 energy= 1.92899067353216   occ= 0
MO #883 energy= 1.93552188512694   occ= 0
MO #884 energy= 1.93757343918986   occ= 0
MO #885 energy= 1.93956842840229   occ= 0
MO #886 energy= 1.9408182796666    occ= 0
MO #887 energy= 1.942805333201     occ= 0
MO #888 energy= 1.94835375060792   occ= 0
MO #889 energy= 1.95041347068186   occ= 0
MO #890 energy= 1.95291739244768   occ= 0
MO #891 energy= 1.95501680465342   occ= 0
MO #892 energy= 1.95699794304509   occ= 0
MO #893 energy= 1.9587537293962    occ= 0
MO #894 energy= 1.9610764912782    occ= 0
MO #895 energy= 1.96131089557989   occ= 0
MO #896 energy= 1.96433581937685   occ= 0
MO #897 energy= 1.96580479583221   occ= 0
MO #898 energy= 1.97043168857583   occ= 0
MO #899 energy= 1.97476533275611   occ= 0
MO #900 energy= 1.9799713016028    occ= 0
MO #901 energy= 1.98099554696557   occ= 0
MO #902 energy= 1.98330595316895   occ= 0
MO #903 energy= 1.99188316810981   occ= 0
MO #904 energy= 1.99285183367448   occ= 0
MO #905 energy= 1.99487932813256   occ= 0
MO #906 energy= 1.99790926394419   occ= 0
MO #907 energy= 1.9996168600398    occ= 0
MO #908 energy= 1.99978227516089   occ= 0
MO #909 energy= 2.00160229265508   occ= 0
MO #910 energy= 2.00215902038182   occ= 0
MO #911 energy= 2.00445850280619   occ= 0
MO #912 energy= 2.00874930261908   occ= 0
MO #913 energy= 2.01725413566901   occ= 0
MO #914 energy= 2.02153633020459   occ= 0
MO #915 energy= 2.02947468926277   occ= 0
MO #916 energy= 2.03562032160394   occ= 0
MO #917 energy= 2.04671037814334   occ= 0
MO #918 energy= 2.05075448502957   occ= 0
MO #919 energy= 2.05289457241397   occ= 0
MO #920 energy= 2.05925229627997   occ= 0
MO #921 energy= 2.06371265651417   occ= 0
MO #922 energy= 2.07120209179581   occ= 0
MO #923 energy= 2.07886640411359   occ= 0
MO #924 energy= 2.0826320400368    occ= 0
MO #925 energy= 2.09282592318035   occ= 0
MO #926 energy= 2.09611805976167   occ= 0
MO #927 energy= 2.09851484886738   occ= 0
MO #928 energy= 2.10041917040074   occ= 0
MO #929 energy= 2.10648940171404   occ= 0
MO #930 energy= 2.10866740406333   occ= 0
MO #931 energy= 2.11386040127522   occ= 0
MO #932 energy= 2.11566819555425   occ= 0
MO #933 energy= 2.1267450883726    occ= 0
MO #934 energy= 2.13168977606086   occ= 0
MO #935 energy= 2.13417339534838   occ= 0
MO #936 energy= 2.14088140575118   occ= 0
MO #937 energy= 2.14420055025249   occ= 0
MO #938 energy= 2.14542692931638   occ= 0
MO #939 energy= 2.14765839187042   occ= 0
MO #940 energy= 2.15012405201008   occ= 0
MO #941 energy= 2.15171606652926   occ= 0
MO #942 energy= 2.15683443456891   occ= 0
MO #943 energy= 2.16043016175169   occ= 0
MO #944 energy= 2.1620330743645    occ= 0
MO #945 energy= 2.16349520084573   occ= 0
MO #946 energy= 2.16551576891716   occ= 0
MO #947 energy= 2.16580148045132   occ= 0
MO #948 energy= 2.16941863356939   occ= 0
MO #949 energy= 2.17039562985571   occ= 0
MO #950 energy= 2.17401455275051   occ= 0
MO #951 energy= 2.17466680272278   occ= 0
MO #952 energy= 2.17714420818713   occ= 0
MO #953 energy= 2.18087636435748   occ= 0
MO #954 energy= 2.18166655147652   occ= 0
MO #955 energy= 2.18679162352795   occ= 0
MO #956 energy= 2.18908508198957   occ= 0
MO #957 energy= 2.19546578854741   occ= 0
MO #958 energy= 2.19902539548423   occ= 0
MO #959 energy= 2.20266061371313   occ= 0
MO #960 energy= 2.20389155687717   occ= 0
MO #961 energy= 2.20497757394433   occ= 0
MO #962 energy= 2.20594291107666   occ= 0
MO #963 energy= 2.20778254033492   occ= 0
MO #964 energy= 2.2109092450402    occ= 0
MO #965 energy= 2.21516156607274   occ= 0
MO #966 energy= 2.22022898041641   occ= 0
MO #967 energy= 2.22386404810201   occ= 0
MO #968 energy= 2.22558062727112   occ= 0
MO #969 energy= 2.23456181875142   occ= 0
MO #970 energy= 2.23983079586663   occ= 0
MO #971 energy= 2.25156303474454   occ= 0
MO #972 energy= 2.2533713570748    occ= 0
MO #973 energy= 2.2601894179108    occ= 0
MO #974 energy= 2.26184231789733   occ= 0
MO #975 energy= 2.26577802568705   occ= 0
MO #976 energy= 2.26781891244558   occ= 0
MO #977 energy= 2.27588810711327   occ= 0
MO #978 energy= 2.28063021379375   occ= 0
MO #979 energy= 2.28466664155844   occ= 0
MO #980 energy= 2.2868302214314    occ= 0
MO #981 energy= 2.28749650390898   occ= 0
MO #982 energy= 2.28994763749449   occ= 0
MO #983 energy= 2.29030568300448   occ= 0
MO #984 energy= 2.29386456052963   occ= 0
MO #985 energy= 2.30280129766063   occ= 0
MO #986 energy= 2.30893306702036   occ= 0
MO #987 energy= 2.31482907742588   occ= 0
MO #988 energy= 2.3187004975769    occ= 0
MO #989 energy= 2.31898482174155   occ= 0
MO #990 energy= 2.32243867487083   occ= 0
MO #991 energy= 2.32315462862014   occ= 0
MO #992 energy= 2.32725947198468   occ= 0
MO #993 energy= 2.32783031528468   occ= 0
MO #994 energy= 2.32905944219421   occ= 0
MO #995 energy= 2.33105596868107   occ= 0
MO #996 energy= 2.33215158275838   occ= 0
MO #997 energy= 2.33372087455777   occ= 0
MO #998 energy= 2.33569932303221   occ= 0
MO #999 energy= 2.33688308382731   occ= 0
MO #1000 energy= 2.33813372825464   occ= 0
MO #1001 energy= 2.33834602739126   occ= 0
MO #1002 energy= 2.34389764940174   occ= 0
MO #1003 energy= 2.34699268859581   occ= 0
MO #1004 energy= 2.35562615785097   occ= 0
MO #1005 energy= 2.35846548036801   occ= 0
MO #1006 energy= 2.36543843250744   occ= 0
MO #1007 energy= 2.36708118545472   occ= 0
MO #1008 energy= 2.37176014924231   occ= 0
MO #1009 energy= 2.37383483889068   occ= 0
MO #1010 energy= 2.37509289217568   occ= 0
MO #1011 energy= 2.37736343131988   occ= 0
MO #1012 energy= 2.37862008371319   occ= 0
MO #1013 energy= 2.37994152350095   occ= 0
MO #1014 energy= 2.38252445987201   occ= 0
MO #1015 energy= 2.38597477054798   occ= 0
MO #1016 energy= 2.38880395057405   occ= 0
MO #1017 energy= 2.39017785243192   occ= 0
MO #1018 energy= 2.39414082463741   occ= 0
MO #1019 energy= 2.3977437276207    occ= 0
MO #1020 energy= 2.40481208017153   occ= 0
MO #1021 energy= 2.40692271627705   occ= 0
MO #1022 energy= 2.41273087129266   occ= 0
MO #1023 energy= 2.41904376420976   occ= 0
MO #1024 energy= 2.42989763648496   occ= 0
MO #1025 energy= 2.43573084259361   occ= 0
MO #1026 energy= 2.4445613584208    occ= 0
MO #1027 energy= 2.44546738381987   occ= 0
MO #1028 energy= 2.45052989429286   occ= 0
MO #1029 energy= 2.46887263798529   occ= 0
MO #1030 energy= 2.4793814246992    occ= 0
MO #1031 energy= 2.49372092497993   occ= 0
MO #1032 energy= 2.50160283461012   occ= 0
MO #1033 energy= 2.51466729385539   occ= 0
MO #1034 energy= 2.51974011011687   occ= 0
MO #1035 energy= 2.5416236033175    occ= 0
MO #1036 energy= 2.54707310186421   occ= 0
MO #1037 energy= 2.55200087435959   occ= 0
MO #1038 energy= 2.55490958052361   occ= 0
MO #1039 energy= 2.55850718940424   occ= 0
MO #1040 energy= 2.56267293708014   occ= 0
MO #1041 energy= 2.56751600528648   occ= 0
MO #1042 energy= 2.57379954501551   occ= 0
MO #1043 energy= 2.58175032303636   occ= 0
MO #1044 energy= 2.58572050516171   occ= 0
MO #1045 energy= 2.59261154831063   occ= 0
MO #1046 energy= 2.60517190900807   occ= 0
MO #1047 energy= 2.60799028559537   occ= 0
MO #1048 energy= 2.61423656201654   occ= 0
MO #1049 energy= 2.62061743993479   occ= 0
MO #1050 energy= 2.6234598335059    occ= 0
MO #1051 energy= 2.62857191097323   occ= 0
MO #1052 energy= 2.63319422142675   occ= 0
MO #1053 energy= 2.63459317913867   occ= 0
MO #1054 energy= 2.6395291160828    occ= 0
MO #1055 energy= 2.64906852763351   occ= 0
MO #1056 energy= 2.65011633209646   occ= 0
MO #1057 energy= 2.65254742238475   occ= 0
MO #1058 energy= 2.65463073660262   occ= 0
MO #1059 energy= 2.65964674796522   occ= 0
MO #1060 energy= 2.66115130096422   occ= 0
MO #1061 energy= 2.6623706308299    occ= 0
MO #1062 energy= 2.66528178403802   occ= 0
MO #1063 energy= 2.66708183473094   occ= 0
MO #1064 energy= 2.66791013481036   occ= 0
MO #1065 energy= 2.66899404946214   occ= 0
MO #1066 energy= 2.67025835422301   occ= 0
MO #1067 energy= 2.67448516620167   occ= 0
MO #1068 energy= 2.67664089042243   occ= 0
MO #1069 energy= 2.67837814467498   occ= 0
MO #1070 energy= 2.68276756610716   occ= 0
MO #1071 energy= 2.68474492555854   occ= 0
MO #1072 energy= 2.68538115495015   occ= 0
MO #1073 energy= 2.68645484739324   occ= 0
MO #1074 energy= 2.68823013560981   occ= 0
MO #1075 energy= 2.68953573407661   occ= 0
MO #1076 energy= 2.69400260577706   occ= 0
MO #1077 energy= 2.69610374622761   occ= 0
MO #1078 energy= 2.69969248590954   occ= 0
MO #1079 energy= 2.70264172665836   occ= 0
MO #1080 energy= 2.708136805097     occ= 0
MO #1081 energy= 2.71474447714103   occ= 0
MO #1082 energy= 2.71571150878766   occ= 0
MO #1083 energy= 2.72233052775042   occ= 0
MO #1084 energy= 2.72619902890508   occ= 0
MO #1085 energy= 2.72903590174296   occ= 0
MO #1086 energy= 2.73291983612147   occ= 0
MO #1087 energy= 2.7344309827172    occ= 0
MO #1088 energy= 2.74786242466388   occ= 0
MO #1089 energy= 2.75903974170424   occ= 0
MO #1090 energy= 2.76055135051022   occ= 0
MO #1091 energy= 2.76565474094793   occ= 0
MO #1092 energy= 2.76700024343651   occ= 0
MO #1093 energy= 2.7705192821362    occ= 0
MO #1094 energy= 2.77478237684237   occ= 0
MO #1095 energy= 2.77814597458139   occ= 0
MO #1096 energy= 2.78556747624513   occ= 0
MO #1097 energy= 2.80179043528448   occ= 0
MO #1098 energy= 2.80519618033363   occ= 0
MO #1099 energy= 2.80636311749459   occ= 0
MO #1100 energy= 2.80694831447439   occ= 0
MO #1101 energy= 2.80715405748876   occ= 0
MO #1102 energy= 2.80814385776077   occ= 0
MO #1103 energy= 2.82565244722649   occ= 0
MO #1104 energy= 2.83353183235492   occ= 0
MO #1105 energy= 2.83572370679121   occ= 0
MO #1106 energy= 2.83660994820698   occ= 0
MO #1107 energy= 2.85367533266413   occ= 0
MO #1108 energy= 2.85894527241814   occ= 0
MO #1109 energy= 2.86829546297709   occ= 0
MO #1110 energy= 2.88171717241085   occ= 0
MO #1111 energy= 2.88354934155007   occ= 0
MO #1112 energy= 2.88575351122948   occ= 0
MO #1113 energy= 2.88944894782545   occ= 0
MO #1114 energy= 2.89132749041092   occ= 0
MO #1115 energy= 2.89307976463122   occ= 0
MO #1116 energy= 2.8943561057729    occ= 0
MO #1117 energy= 2.89447540723858   occ= 0
MO #1118 energy= 2.89610175292272   occ= 0
MO #1119 energy= 2.8965733370551    occ= 0
MO #1120 energy= 2.90022885299638   occ= 0
MO #1121 energy= 2.90689791199187   occ= 0
MO #1122 energy= 2.90915643257791   occ= 0
MO #1123 energy= 2.91307305388658   occ= 0
MO #1124 energy= 2.91850542246374   occ= 0
MO #1125 energy= 2.92037101799469   occ= 0
MO #1126 energy= 2.92185481049082   occ= 0
MO #1127 energy= 2.92368724664696   occ= 0
MO #1128 energy= 2.92708796376019   occ= 0
MO #1129 energy= 2.92786217353904   occ= 0
MO #1130 energy= 2.94008753183116   occ= 0
MO #1131 energy= 2.94621892940778   occ= 0
MO #1132 energy= 2.94875013344244   occ= 0
MO #1133 energy= 2.95166520092021   occ= 0
MO #1134 energy= 2.96087292874226   occ= 0
MO #1135 energy= 2.96501162828256   occ= 0
MO #1136 energy= 2.97193006289083   occ= 0
MO #1137 energy= 2.97367074161203   occ= 0
MO #1138 energy= 2.98751954999247   occ= 0
MO #1139 energy= 2.99963188579578   occ= 0
MO #1140 energy= 3.00975491198849   occ= 0
MO #1141 energy= 3.02458012064465   occ= 0
MO #1142 energy= 3.03681400913042   occ= 0
MO #1143 energy= 3.04502611794194   occ= 0
MO #1144 energy= 3.05554752494863   occ= 0
MO #1145 energy= 3.05697760377972   occ= 0
MO #1146 energy= 3.06197706024887   occ= 0
MO #1147 energy= 3.0737235951617    occ= 0
MO #1148 energy= 3.08749803082789   occ= 0
MO #1149 energy= 3.09017257186937   occ= 0
MO #1150 energy= 3.09208633802798   occ= 0
MO #1151 energy= 3.09426986586716   occ= 0
MO #1152 energy= 3.09454973485445   occ= 0
MO #1153 energy= 3.09788901963558   occ= 0
MO #1154 energy= 3.10060946644239   occ= 0
MO #1155 energy= 3.10318902958838   occ= 0
MO #1156 energy= 3.11939064924958   occ= 0
MO #1157 energy= 3.12367296106164   occ= 0
MO #1158 energy= 3.14797583894985   occ= 0
MO #1159 energy= 3.16208360352557   occ= 0
MO #1160 energy= 3.16584820260888   occ= 0
MO #1161 energy= 3.17565330808832   occ= 0
MO #1162 energy= 3.18031554187057   occ= 0
MO #1163 energy= 3.18903713994154   occ= 0
MO #1164 energy= 3.1922895647059    occ= 0
MO #1165 energy= 3.20048944101666   occ= 0
MO #1166 energy= 3.21186801630877   occ= 0
MO #1167 energy= 3.22924525167522   occ= 0
MO #1168 energy= 3.24605034554191   occ= 0
MO #1169 energy= 3.25017110470548   occ= 0
MO #1170 energy= 3.25941882878617   occ= 0
MO #1171 energy= 3.30457936196853   occ= 0
MO #1172 energy= 3.359064094312     occ= 0
MO #1173 energy= 3.36745332595907   occ= 0
MO #1174 energy= 3.3718108111494    occ= 0
MO #1175 energy= 3.39637019268098   occ= 0
MO #1176 energy= 3.40067509603886   occ= 0
MO #1177 energy= 3.40971325538075   occ= 0
MO #1178 energy= 3.43009581082319   occ= 0
MO #1179 energy= 3.43154086416462   occ= 0
MO #1180 energy= 3.4675308617559    occ= 0
MO #1181 energy= 3.50351347307066   occ= 0
MO #1182 energy= 3.50703874304593   occ= 0
MO #1183 energy= 3.51125118039741   occ= 0
MO #1184 energy= 3.51210906938588   occ= 0
MO #1185 energy= 3.55717664689896   occ= 0
MO #1186 energy= 3.56974509993343   occ= 0
MO #1187 energy= 3.61738868090598   occ= 0
MO #1188 energy= 3.62595155705501   occ= 0
MO #1189 energy= 3.67049513875708   occ= 0
MO #1190 energy= 3.69727068027929   occ= 0
MO #1191 energy= 3.70454966914448   occ= 0
MO #1192 energy= 3.73617667958718   occ= 0
MO #1193 energy= 3.73959890939826   occ= 0
MO #1194 energy= 3.76043819733763   occ= 0
MO #1195 energy= 3.76447090596826   occ= 0
 ** Mulliken atomic charges  **
charge of  0O =     -0.76013
charge of  1P =      1.75684
charge of  2O =     -0.64175
charge of  3O =     -0.53942
charge of  4C =      0.17052
charge of  5C =     -0.01748
charge of  6C =     -0.00185
charge of  7C =     -0.11051
charge of  8C =      0.02143
charge of  9C =     -0.01491
charge of  10C =     -0.09515
charge of  11C =     -0.12678
charge of  12C =      0.20904
charge of  13O =     -0.33668
charge of  14C =     -0.06952
charge of  15C =     -0.16731
charge of  16C =     -0.09860
charge of  17C =     -0.11756
charge of  18C =      0.01496
charge of  19C =     -0.01210
charge of  20C =     -0.09860
charge of  21C =     -0.12911
charge of  22C =      0.20890
charge of  23O =     -0.33704
charge of  24C =     -0.06990
charge of  25C =     -0.16535
charge of  26C =     -0.09767
charge of  27C =     -0.13262
charge of  28C =     -0.10514
charge of  29C =      0.00737
charge of  30C =      0.00182
charge of  31C =     -0.10394
charge of  32C =     -0.09827
charge of  33C =     -0.10126
charge of  34C =     -0.10195
charge of  35C =     -0.02386
charge of  36C =     -0.02680
charge of  37C =      0.17675
charge of  38O =     -0.55277
charge of  39C =     -0.00194
charge of  40C =      0.01061
charge of  41C =     -0.11089
charge of  42C =      0.01768
charge of  43C =     -0.01068
charge of  44C =     -0.09769
charge of  45C =     -0.12930
charge of  46C =      0.20686
charge of  47O =     -0.33855
charge of  48C =     -0.06935
charge of  49C =     -0.16713
charge of  50C =     -0.09857
charge of  51C =     -0.11795
charge of  52C =      0.01525
charge of  53C =     -0.00966
charge of  54C =     -0.09783
charge of  55C =     -0.16650
charge of  56C =      0.20675
charge of  57O =     -0.33922
charge of  58C =     -0.06942
charge of  59C =     -0.13023
charge of  60C =     -0.09747
charge of  61C =     -0.11270
charge of  62C =     -0.10130
charge of  63C =      0.00953
charge of  64C =      0.00167
charge of  65C =     -0.10519
charge of  66C =     -0.09917
charge of  67C =     -0.10170
charge of  68C =     -0.10070
charge of  69H =      0.34614
charge of  70H =      0.11321
charge of  71H =      0.11270
charge of  72H =      0.11391
charge of  73H =      0.11512
charge of  74H =      0.08985
charge of  75H =      0.09029
charge of  76H =      0.10221
charge of  77H =      0.09964
charge of  78H =      0.10229
charge of  79H =      0.10360
charge of  80H =      0.11093
charge of  81H =      0.11587
charge of  82H =      0.09054
charge of  83H =      0.09147
charge of  84H =      0.10362
charge of  85H =      0.09925
charge of  86H =      0.09635
charge of  87H =      0.10684
charge of  88H =      0.11293
charge of  89H =      0.10533
charge of  90H =      0.10451
charge of  91H =      0.10152
charge of  92H =      0.10118
charge of  93H =      0.11022
charge of  94H =      0.11064
charge of  95H =      0.09010
charge of  96H =      0.11461
charge of  97H =      0.08961
charge of  98H =      0.10181
charge of  99H =      0.10036
charge of  100H =      0.10006
charge of  101H =      0.10097
charge of  102H =      0.10220
charge of  103H =      0.11441
charge of  104H =      0.09043
charge of  105H =      0.08985
charge of  106H =      0.10881
charge of  107H =      0.10495
charge of  108H =      0.10483
charge of  109H =      0.10740
charge of  110H =      0.11041
charge of  111H =      0.10437
charge of  112H =      0.10399
charge of  113H =      0.10185
Dipole moment(X, Y, Z, Debye):  2.98272, -1.67762,  1.57349
def2-svp b3lyp 342.46015453338623
