/public3/home/scg5914/software-scg5914/LSW/1/data/data2/std_data/def2svp_b3lyp/cat_27.xyz
converged SCF energy = -3680.3857164499
**** MO energy ****
MO #1   energy= -77.2282794498728  occ= 2
MO #2   energy= -24.7243789281764  occ= 2
MO #3   energy= -24.72133976264    occ= 2
MO #4   energy= -24.7212034822682  occ= 2
MO #5   energy= -24.7186802273794  occ= 2
MO #6   energy= -24.718537804521   occ= 2
MO #7   energy= -24.717145197784   occ= 2
MO #8   energy= -24.7163887897815  occ= 2
MO #9   energy= -24.7156895872381  occ= 2
MO #10  energy= -24.713670784255   occ= 2
MO #11  energy= -24.7132480017694  occ= 2
MO #12  energy= -24.7129143559293  occ= 2
MO #13  energy= -24.7097958343767  occ= 2
MO #14  energy= -19.1942668965261  occ= 2
MO #15  energy= -19.1920333826249  occ= 2
MO #16  energy= -19.1848874335149  occ= 2
MO #17  energy= -19.0968596428768  occ= 2
MO #18  energy= -10.4372315948682  occ= 2
MO #19  energy= -10.4354102239874  occ= 2
MO #20  energy= -10.4335960498432  occ= 2
MO #21  energy= -10.4321076293355  occ= 2
MO #22  energy= -10.2740912732085  occ= 2
MO #23  energy= -10.2690219716966  occ= 2
MO #24  energy= -10.2292992015603  occ= 2
MO #25  energy= -10.2287472795483  occ= 2
MO #26  energy= -10.2252303958055  occ= 2
MO #27  energy= -10.225053418613   occ= 2
MO #28  energy= -10.2246435144405  occ= 2
MO #29  energy= -10.2244327659862  occ= 2
MO #30  energy= -10.2217362442667  occ= 2
MO #31  energy= -10.2210692358179  occ= 2
MO #32  energy= -10.2207736042773  occ= 2
MO #33  energy= -10.2203912495199  occ= 2
MO #34  energy= -10.2198826007944  occ= 2
MO #35  energy= -10.2194238210851  occ= 2
MO #36  energy= -10.2177387640447  occ= 2
MO #37  energy= -10.2167914955688  occ= 2
MO #38  energy= -10.216164324499   occ= 2
MO #39  energy= -10.2160215109857  occ= 2
MO #40  energy= -10.2134794073749  occ= 2
MO #41  energy= -10.2132403483531  occ= 2
MO #42  energy= -10.2130636140353  occ= 2
MO #43  energy= -10.2126382383557  occ= 2
MO #44  energy= -10.2124241310938  occ= 2
MO #45  energy= -10.2108068589332  occ= 2
MO #46  energy= -10.2085825604676  occ= 2
MO #47  energy= -10.2060509894857  occ= 2
MO #48  energy= -10.2053736911345  occ= 2
MO #49  energy= -10.2053680651065  occ= 2
MO #50  energy= -10.2052050777245  occ= 2
MO #51  energy= -10.2044428262023  occ= 2
MO #52  energy= -10.2039948858091  occ= 2
MO #53  energy= -10.2036141203968  occ= 2
MO #54  energy= -10.2031903745327  occ= 2
MO #55  energy= -10.2028212772103  occ= 2
MO #56  energy= -10.2019514059213  occ= 2
MO #57  energy= -10.2015961142561  occ= 2
MO #58  energy= -10.2003207841365  occ= 2
MO #59  energy= -10.1996872560948  occ= 2
MO #60  energy= -10.1990979616535  occ= 2
MO #61  energy= -10.1985143818186  occ= 2
MO #62  energy= -10.1967168220584  occ= 2
MO #63  energy= -10.1959136768372  occ= 2
MO #64  energy= -10.1956503342494  occ= 2
MO #65  energy= -10.1948469920467  occ= 2
MO #66  energy= -6.70398999679324  occ= 2
MO #67  energy= -4.87160947511498  occ= 2
MO #68  energy= -4.87136714982439  occ= 2
MO #69  energy= -4.86891820081814  occ= 2
MO #70  energy= -1.30346023278733  occ= 2
MO #71  energy= -1.30155517122833  occ= 2
MO #72  energy= -1.29989625552282  occ= 2
MO #73  energy= -1.29835323567727  occ= 2
MO #74  energy= -1.21098228909995  occ= 2
MO #75  energy= -1.20893944295403  occ= 2
MO #76  energy= -1.20739866100853  occ= 2
MO #77  energy= -1.20540579309333  occ= 2
MO #78  energy= -1.20392280161013  occ= 2
MO #79  energy= -1.20227364467367  occ= 2
MO #80  energy= -1.20028487399759  occ= 2
MO #81  energy= -1.19944517439309  occ= 2
MO #82  energy= -1.13017323635477  occ= 2
MO #83  energy= -1.06732551291239  occ= 2
MO #84  energy= -1.05543071434112  occ= 2
MO #85  energy= -0.971413342165771 occ= 2
MO #86  energy= -0.904855901682106 occ= 2
MO #87  energy= -0.902776509771995 occ= 2
MO #88  energy= -0.898535512727431 occ= 2
MO #89  energy= -0.890921129552788 occ= 2
MO #90  energy= -0.877969961671536 occ= 2
MO #91  energy= -0.870752189084158 occ= 2
MO #92  energy= -0.846212706580297 occ= 2
MO #93  energy= -0.839885903475036 occ= 2
MO #94  energy= -0.826066611404585 occ= 2
MO #95  energy= -0.81195387125471  occ= 2
MO #96  energy= -0.808807009947582 occ= 2
MO #97  energy= -0.807706117060297 occ= 2
MO #98  energy= -0.801289822478442 occ= 2
MO #99  energy= -0.774873653228458 occ= 2
MO #100 energy= -0.77206957305231  occ= 2
MO #101 energy= -0.766747711283351 occ= 2
MO #102 energy= -0.762742644752423 occ= 2
MO #103 energy= -0.754573475445938 occ= 2
MO #104 energy= -0.752805846278396 occ= 2
MO #105 energy= -0.738553058604228 occ= 2
MO #106 energy= -0.730400126978308 occ= 2
MO #107 energy= -0.718329778828009 occ= 2
MO #108 energy= -0.710843309104734 occ= 2
MO #109 energy= -0.706937608039387 occ= 2
MO #110 energy= -0.704163020046753 occ= 2
MO #111 energy= -0.700168221073661 occ= 2
MO #112 energy= -0.68426977397859  occ= 2
MO #113 energy= -0.665816492366147 occ= 2
MO #114 energy= -0.660696913617217 occ= 2
MO #115 energy= -0.648721570861308 occ= 2
MO #116 energy= -0.645558564730961 occ= 2
MO #117 energy= -0.644697396140821 occ= 2
MO #118 energy= -0.64239657243484  occ= 2
MO #119 energy= -0.635215539203866 occ= 2
MO #120 energy= -0.63148147612671  occ= 2
MO #121 energy= -0.622028756049617 occ= 2
MO #122 energy= -0.618025311542411 occ= 2
MO #123 energy= -0.615026909197545 occ= 2
MO #124 energy= -0.613747862063853 occ= 2
MO #125 energy= -0.609009776499888 occ= 2
MO #126 energy= -0.597398118220236 occ= 2
MO #127 energy= -0.594637358829617 occ= 2
MO #128 energy= -0.593994085689073 occ= 2
MO #129 energy= -0.593547950984616 occ= 2
MO #130 energy= -0.592157221681058 occ= 2
MO #131 energy= -0.592001345476428 occ= 2
MO #132 energy= -0.590388297254632 occ= 2
MO #133 energy= -0.589079748003038 occ= 2
MO #134 energy= -0.588245738069944 occ= 2
MO #135 energy= -0.585584548674827 occ= 2
MO #136 energy= -0.578957069656348 occ= 2
MO #137 energy= -0.574513953293018 occ= 2
MO #138 energy= -0.572468809472441 occ= 2
MO #139 energy= -0.552795535944754 occ= 2
MO #140 energy= -0.545516932824354 occ= 2
MO #141 energy= -0.539597190256672 occ= 2
MO #142 energy= -0.53631417367027  occ= 2
MO #143 energy= -0.533880274222689 occ= 2
MO #144 energy= -0.532081135857854 occ= 2
MO #145 energy= -0.52289808268093  occ= 2
MO #146 energy= -0.518525998419628 occ= 2
MO #147 energy= -0.506633977356059 occ= 2
MO #148 energy= -0.506251971358515 occ= 2
MO #149 energy= -0.503209195170794 occ= 2
MO #150 energy= -0.500885467744296 occ= 2
MO #151 energy= -0.498950277612619 occ= 2
MO #152 energy= -0.492307057570647 occ= 2
MO #153 energy= -0.485652619000751 occ= 2
MO #154 energy= -0.480949964031957 occ= 2
MO #155 energy= -0.475344467824601 occ= 2
MO #156 energy= -0.47259033875915  occ= 2
MO #157 energy= -0.470702843962615 occ= 2
MO #158 energy= -0.470005324651781 occ= 2
MO #159 energy= -0.469241627740004 occ= 2
MO #160 energy= -0.469007660279805 occ= 2
MO #161 energy= -0.468521619688963 occ= 2
MO #162 energy= -0.467839196836939 occ= 2
MO #163 energy= -0.466171615838701 occ= 2
MO #164 energy= -0.465765056716436 occ= 2
MO #165 energy= -0.465680482420795 occ= 2
MO #166 energy= -0.461416628086616 occ= 2
MO #167 energy= -0.457719018459407 occ= 2
MO #168 energy= -0.455306589121125 occ= 2
MO #169 energy= -0.450153354851941 occ= 2
MO #170 energy= -0.448520364397631 occ= 2
MO #171 energy= -0.445996867098548 occ= 2
MO #172 energy= -0.443339108348707 occ= 2
MO #173 energy= -0.441484224322655 occ= 2
MO #174 energy= -0.440418265759887 occ= 2
MO #175 energy= -0.436673496192069 occ= 2
MO #176 energy= -0.435614475062416 occ= 2
MO #177 energy= -0.433004679495885 occ= 2
MO #178 energy= -0.431559824784418 occ= 2
MO #179 energy= -0.430266059175725 occ= 2
MO #180 energy= -0.429071498332211 occ= 2
MO #181 energy= -0.427990897932749 occ= 2
MO #182 energy= -0.427237120213133 occ= 2
MO #183 energy= -0.425325429019473 occ= 2
MO #184 energy= -0.421419033158283 occ= 2
MO #185 energy= -0.420348473292185 occ= 2
MO #186 energy= -0.42001932100206  occ= 2
MO #187 energy= -0.419575023004959 occ= 2
MO #188 energy= -0.417820075472948 occ= 2
MO #189 energy= -0.416308611796797 occ= 2
MO #190 energy= -0.415071457985126 occ= 2
MO #191 energy= -0.412209711850749 occ= 2
MO #192 energy= -0.409908177308902 occ= 2
MO #193 energy= -0.407912723587666 occ= 2
MO #194 energy= -0.406477516001796 occ= 2
MO #195 energy= -0.405096528284435 occ= 2
MO #196 energy= -0.404793871640522 occ= 2
MO #197 energy= -0.404155282823039 occ= 2
MO #198 energy= -0.399902079554984 occ= 2
MO #199 energy= -0.399473387914776 occ= 2
MO #200 energy= -0.396279492248603 occ= 2
MO #201 energy= -0.393481337745957 occ= 2
MO #202 energy= -0.389206098274811 occ= 2
MO #203 energy= -0.386644369613548 occ= 2
MO #204 energy= -0.381374009268209 occ= 2
MO #205 energy= -0.379728544102243 occ= 2
MO #206 energy= -0.37525406629058  occ= 2
MO #207 energy= -0.373963664976917 occ= 2
MO #208 energy= -0.372232628327363 occ= 2
MO #209 energy= -0.371771754302988 occ= 2
MO #210 energy= -0.366189401030679 occ= 2
MO #211 energy= -0.364956152364885 occ= 2
MO #212 energy= -0.363475357500869 occ= 2
MO #213 energy= -0.35970080817897  occ= 2
MO #214 energy= -0.354766858154115 occ= 2
MO #215 energy= -0.346335522514586 occ= 2
MO #216 energy= -0.344757806245865 occ= 2
MO #217 energy= -0.342168697501133 occ= 2
MO #218 energy= -0.33908282006956  occ= 2
MO #219 energy= -0.318469307758963 occ= 2
MO #220 energy= -0.311049204087082 occ= 2
MO #221 energy= -0.308943090433581 occ= 2
MO #222 energy= -0.305251895361645 occ= 2
MO #223 energy= -0.301448752580617 occ= 2
MO #224 energy= -0.299677066286083 occ= 2
MO #225 energy= -0.293179851766769 occ= 2
MO #226 energy= -0.289065939739613 occ= 2
MO #227 energy= -0.276490887016689 occ= 2
MO #228 energy= -0.274060854640987 occ= 2
MO #229 energy= -0.268928110818067 occ= 2
MO #230 energy= -0.267344705461639 occ= 2
MO #231 energy= -0.249092429488851 occ= 2
MO #232 energy= -0.244523840569882 occ= 2
MO #233 energy= -0.23614802570667  occ= 2
MO #234 energy= -0.22870082114294  occ= 2
MO #235 energy= -0.0767327400685066 occ= 0
MO #236 energy= -0.0673713424508825 occ= 0
MO #237 energy= -0.0579988018137135 occ= 0
MO #238 energy= -0.055438753453869 occ= 0
MO #239 energy= -0.0530516397013113 occ= 0
MO #240 energy= -0.0503518738483241 occ= 0
MO #241 energy= -0.0357576017024749 occ= 0
MO #242 energy= -0.0291631981106779 occ= 0
MO #243 energy= -0.027192085449091 occ= 0
MO #244 energy= -0.0175240191030713 occ= 0
MO #245 energy= -0.0015659185250168 occ= 0
MO #246 energy= 0.00177345641511168 occ= 0
MO #247 energy= 0.00456820188201777 occ= 0
MO #248 energy= 0.0175804935301106 occ= 0
MO #249 energy= 0.0255251090854699 occ= 0
MO #250 energy= 0.0568009929969313 occ= 0
MO #251 energy= 0.0602567663154217 occ= 0
MO #252 energy= 0.0647044096863264 occ= 0
MO #253 energy= 0.0707069276614224 occ= 0
MO #254 energy= 0.0728451101359296 occ= 0
MO #255 energy= 0.0739948753355626 occ= 0
MO #256 energy= 0.0766196273047187 occ= 0
MO #257 energy= 0.0808486548352767 occ= 0
MO #258 energy= 0.0836097860374831 occ= 0
MO #259 energy= 0.086389986117381  occ= 0
MO #260 energy= 0.0893046738975034 occ= 0
MO #261 energy= 0.0899765678893915 occ= 0
MO #262 energy= 0.0974349639859343 occ= 0
MO #263 energy= 0.0979411685964839 occ= 0
MO #264 energy= 0.0993423544562226 occ= 0
MO #265 energy= 0.101866121699599  occ= 0
MO #266 energy= 0.110029876819522  occ= 0
MO #267 energy= 0.112705532700299  occ= 0
MO #268 energy= 0.116384260004602  occ= 0
MO #269 energy= 0.120663254620653  occ= 0
MO #270 energy= 0.122402174043246  occ= 0
MO #271 energy= 0.125368372686376  occ= 0
MO #272 energy= 0.129349764422316  occ= 0
MO #273 energy= 0.132879650820642  occ= 0
MO #274 energy= 0.133746606127688  occ= 0
MO #275 energy= 0.136890106549981  occ= 0
MO #276 energy= 0.136939524936198  occ= 0
MO #277 energy= 0.142035311641352  occ= 0
MO #278 energy= 0.145460262351023  occ= 0
MO #279 energy= 0.147282328846609  occ= 0
MO #280 energy= 0.149720873219041  occ= 0
MO #281 energy= 0.151243473133377  occ= 0
MO #282 energy= 0.153198855816934  occ= 0
MO #283 energy= 0.157671573988507  occ= 0
MO #284 energy= 0.158601936594404  occ= 0
MO #285 energy= 0.164340580036457  occ= 0
MO #286 energy= 0.16812292933785   occ= 0
MO #287 energy= 0.171515329006827  occ= 0
MO #288 energy= 0.172006522489696  occ= 0
MO #289 energy= 0.186208691928424  occ= 0
MO #290 energy= 0.193107796037633  occ= 0
MO #291 energy= 0.197287511249709  occ= 0
MO #292 energy= 0.20071736877019   occ= 0
MO #293 energy= 0.203835703691086  occ= 0
MO #294 energy= 0.204816554351886  occ= 0
MO #295 energy= 0.205535674240386  occ= 0
MO #296 energy= 0.209325275696399  occ= 0
MO #297 energy= 0.211932873207207  occ= 0
MO #298 energy= 0.218655052438396  occ= 0
MO #299 energy= 0.22059622489634   occ= 0
MO #300 energy= 0.229855355200606  occ= 0
MO #301 energy= 0.234560459959151  occ= 0
MO #302 energy= 0.237741493734466  occ= 0
MO #303 energy= 0.241539592447745  occ= 0
MO #304 energy= 0.245364642832543  occ= 0
MO #305 energy= 0.249082120817873  occ= 0
MO #306 energy= 0.254027921399508  occ= 0
MO #307 energy= 0.255297284763765  occ= 0
MO #308 energy= 0.259277229673056  occ= 0
MO #309 energy= 0.259949658191543  occ= 0
MO #310 energy= 0.261399021697308  occ= 0
MO #311 energy= 0.263769063610739  occ= 0
MO #312 energy= 0.266477256866706  occ= 0
MO #313 energy= 0.267719032170376  occ= 0
MO #314 energy= 0.26944009463136   occ= 0
MO #315 energy= 0.272178890976562  occ= 0
MO #316 energy= 0.275472944269487  occ= 0
MO #317 energy= 0.275576982761836  occ= 0
MO #318 energy= 0.280858317813851  occ= 0
MO #319 energy= 0.282521865317198  occ= 0
MO #320 energy= 0.284765201307651  occ= 0
MO #321 energy= 0.285043729125279  occ= 0
MO #322 energy= 0.287290629681112  occ= 0
MO #323 energy= 0.288565058576983  occ= 0
MO #324 energy= 0.29369130444766   occ= 0
MO #325 energy= 0.295192436024815  occ= 0
MO #326 energy= 0.298484804822093  occ= 0
MO #327 energy= 0.301898285485695  occ= 0
MO #328 energy= 0.304720881655115  occ= 0
MO #329 energy= 0.310238496848608  occ= 0
MO #330 energy= 0.313710965188244  occ= 0
MO #331 energy= 0.314094457027293  occ= 0
MO #332 energy= 0.318871467185898  occ= 0
MO #333 energy= 0.322259268921949  occ= 0
MO #334 energy= 0.323281126276975  occ= 0
MO #335 energy= 0.327704934799607  occ= 0
MO #336 energy= 0.333691996039724  occ= 0
MO #337 energy= 0.337269604969231  occ= 0
MO #338 energy= 0.340075672322837  occ= 0
MO #339 energy= 0.342336047076802  occ= 0
MO #340 energy= 0.344077499896983  occ= 0
MO #341 energy= 0.344903913340447  occ= 0
MO #342 energy= 0.346245293044903  occ= 0
MO #343 energy= 0.349748467007586  occ= 0
MO #344 energy= 0.350997720181654  occ= 0
MO #345 energy= 0.353911746953716  occ= 0
MO #346 energy= 0.356192350953402  occ= 0
MO #347 energy= 0.360148790746191  occ= 0
MO #348 energy= 0.366375087902596  occ= 0
MO #349 energy= 0.36715139871524   occ= 0
MO #350 energy= 0.370502136222599  occ= 0
MO #351 energy= 0.372921918916534  occ= 0
MO #352 energy= 0.375180100159596  occ= 0
MO #353 energy= 0.375922685426555  occ= 0
MO #354 energy= 0.37806554645482   occ= 0
MO #355 energy= 0.381119064901306  occ= 0
MO #356 energy= 0.387374702105885  occ= 0
MO #357 energy= 0.388704775499509  occ= 0
MO #358 energy= 0.391692619403215  occ= 0
MO #359 energy= 0.398931230383059  occ= 0
MO #360 energy= 0.400438751560314  occ= 0
MO #361 energy= 0.406138326340842  occ= 0
MO #362 energy= 0.409653798669374  occ= 0
MO #363 energy= 0.418078284203011  occ= 0
MO #364 energy= 0.419735825355435  occ= 0
MO #365 energy= 0.421371278831711  occ= 0
MO #366 energy= 0.4226415402972    occ= 0
MO #367 energy= 0.42673472715652   occ= 0
MO #368 energy= 0.430295971562891  occ= 0
MO #369 energy= 0.430642036696415  occ= 0
MO #370 energy= 0.436767274080347  occ= 0
MO #371 energy= 0.438242305218029  occ= 0
MO #372 energy= 0.442832984369917  occ= 0
MO #373 energy= 0.44391385820478   occ= 0
MO #374 energy= 0.445926155716314  occ= 0
MO #375 energy= 0.450845376591545  occ= 0
MO #376 energy= 0.452262140669789  occ= 0
MO #377 energy= 0.457293782049458  occ= 0
MO #378 energy= 0.459092660192734  occ= 0
MO #379 energy= 0.459824518783318  occ= 0
MO #380 energy= 0.46143930703815   occ= 0
MO #381 energy= 0.462081738876156  occ= 0
MO #382 energy= 0.46534452016527   occ= 0
MO #383 energy= 0.467698719894303  occ= 0
MO #384 energy= 0.468322331380459  occ= 0
MO #385 energy= 0.469999512293068  occ= 0
MO #386 energy= 0.472797607179562  occ= 0
MO #387 energy= 0.474872104487582  occ= 0
MO #388 energy= 0.475343754049371  occ= 0
MO #389 energy= 0.477999535673615  occ= 0
MO #390 energy= 0.479809499459165  occ= 0
MO #391 energy= 0.481448192485844  occ= 0
MO #392 energy= 0.48216142977797   occ= 0
MO #393 energy= 0.482732495571198  occ= 0
MO #394 energy= 0.486141485106875  occ= 0
MO #395 energy= 0.490113965049049  occ= 0
MO #396 energy= 0.491965119290658  occ= 0
MO #397 energy= 0.494911146692425  occ= 0
MO #398 energy= 0.500464391499993  occ= 0
MO #399 energy= 0.502515645121771  occ= 0
MO #400 energy= 0.506178478502373  occ= 0
MO #401 energy= 0.51313759570885   occ= 0
MO #402 energy= 0.519384186530684  occ= 0
MO #403 energy= 0.520919195486119  occ= 0
MO #404 energy= 0.524031940749656  occ= 0
MO #405 energy= 0.526532241803432  occ= 0
MO #406 energy= 0.53233279499807   occ= 0
MO #407 energy= 0.535282086446697  occ= 0
MO #408 energy= 0.537966069850178  occ= 0
MO #409 energy= 0.541411250579893  occ= 0
MO #410 energy= 0.545279646196482  occ= 0
MO #411 energy= 0.54965790596932   occ= 0
MO #412 energy= 0.551827245883438  occ= 0
MO #413 energy= 0.555703297150719  occ= 0
MO #414 energy= 0.562530142444712  occ= 0
MO #415 energy= 0.564269972653332  occ= 0
MO #416 energy= 0.569746138627877  occ= 0
MO #417 energy= 0.571785310666873  occ= 0
MO #418 energy= 0.573846830150007  occ= 0
MO #419 energy= 0.578384679864203  occ= 0
MO #420 energy= 0.583223400941275  occ= 0
MO #421 energy= 0.58554672839267   occ= 0
MO #422 energy= 0.587909218110137  occ= 0
MO #423 energy= 0.590049172444243  occ= 0
MO #424 energy= 0.591966729543246  occ= 0
MO #425 energy= 0.598616923467472  occ= 0
MO #426 energy= 0.600623006030908  occ= 0
MO #427 energy= 0.603790177274657  occ= 0
MO #428 energy= 0.606269553107617  occ= 0
MO #429 energy= 0.610679948792996  occ= 0
MO #430 energy= 0.612825654737804  occ= 0
MO #431 energy= 0.616545371284097  occ= 0
MO #432 energy= 0.620399261768418  occ= 0
MO #433 energy= 0.622298235673757  occ= 0
MO #434 energy= 0.623528394179283  occ= 0
MO #435 energy= 0.624088143658094  occ= 0
MO #436 energy= 0.629652030377087  occ= 0
MO #437 energy= 0.633450758731875  occ= 0
MO #438 energy= 0.634964435341792  occ= 0
MO #439 energy= 0.636152847433567  occ= 0
MO #440 energy= 0.637640697553333  occ= 0
MO #441 energy= 0.638157766108478  occ= 0
MO #442 energy= 0.64089562354046   occ= 0
MO #443 energy= 0.644939412924434  occ= 0
MO #444 energy= 0.647152564350504  occ= 0
MO #445 energy= 0.647927947811206  occ= 0
MO #446 energy= 0.649895219357358  occ= 0
MO #447 energy= 0.652104450846124  occ= 0
MO #448 energy= 0.654158675727181  occ= 0
MO #449 energy= 0.655020658889427  occ= 0
MO #450 energy= 0.657301572688777  occ= 0
MO #451 energy= 0.658319169095507  occ= 0
MO #452 energy= 0.660467617507839  occ= 0
MO #453 energy= 0.662669706640604  occ= 0
MO #454 energy= 0.664465429956338  occ= 0
MO #455 energy= 0.665166208380742  occ= 0
MO #456 energy= 0.668562211975025  occ= 0
MO #457 energy= 0.66940904561686   occ= 0
MO #458 energy= 0.670487783477923  occ= 0
MO #459 energy= 0.671733348591213  occ= 0
MO #460 energy= 0.678189142953919  occ= 0
MO #461 energy= 0.678629830422682  occ= 0
MO #462 energy= 0.68211220149104   occ= 0
MO #463 energy= 0.68361071238283   occ= 0
MO #464 energy= 0.687276240477948  occ= 0
MO #465 energy= 0.689304382447034  occ= 0
MO #466 energy= 0.693043070560942  occ= 0
MO #467 energy= 0.694887091442181  occ= 0
MO #468 energy= 0.695305122968831  occ= 0
MO #469 energy= 0.697933290645462  occ= 0
MO #470 energy= 0.698704260699311  occ= 0
MO #471 energy= 0.702009312830131  occ= 0
MO #472 energy= 0.706479383926652  occ= 0
MO #473 energy= 0.711781413859239  occ= 0
MO #474 energy= 0.712585830368362  occ= 0
MO #475 energy= 0.714979241735118  occ= 0
MO #476 energy= 0.717763142525458  occ= 0
MO #477 energy= 0.71853465899095   occ= 0
MO #478 energy= 0.721195321346059  occ= 0
MO #479 energy= 0.727490276520252  occ= 0
MO #480 energy= 0.732639088696279  occ= 0
MO #481 energy= 0.73602770759224   occ= 0
MO #482 energy= 0.73887518886332   occ= 0
MO #483 energy= 0.745519710771775  occ= 0
MO #484 energy= 0.747687125684211  occ= 0
MO #485 energy= 0.748714332777125  occ= 0
MO #486 energy= 0.753582326069295  occ= 0
MO #487 energy= 0.757616421120393  occ= 0
MO #488 energy= 0.761229475508917  occ= 0
MO #489 energy= 0.764595014658307  occ= 0
MO #490 energy= 0.771625659018279  occ= 0
MO #491 energy= 0.772292433712137  occ= 0
MO #492 energy= 0.778200891000741  occ= 0
MO #493 energy= 0.78023205140738   occ= 0
MO #494 energy= 0.782623821116778  occ= 0
MO #495 energy= 0.787682536107464  occ= 0
MO #496 energy= 0.790836002937639  occ= 0
MO #497 energy= 0.793677149522928  occ= 0
MO #498 energy= 0.798008867250754  occ= 0
MO #499 energy= 0.799317730661129  occ= 0
MO #500 energy= 0.802745886657562  occ= 0
MO #501 energy= 0.803468679768008  occ= 0
MO #502 energy= 0.807362190119559  occ= 0
MO #503 energy= 0.809534108463775  occ= 0
MO #504 energy= 0.816286093548557  occ= 0
MO #505 energy= 0.820955749226497  occ= 0
MO #506 energy= 0.82450564962324   occ= 0
MO #507 energy= 0.826372063999458  occ= 0
MO #508 energy= 0.83291668301609   occ= 0
MO #509 energy= 0.838640496428796  occ= 0
MO #510 energy= 0.847534487813622  occ= 0
MO #511 energy= 0.848631588423044  occ= 0
MO #512 energy= 0.853491710101005  occ= 0
MO #513 energy= 0.856500510177049  occ= 0
MO #514 energy= 0.85820002111484   occ= 0
MO #515 energy= 0.86151010676788   occ= 0
MO #516 energy= 0.869283806999226  occ= 0
MO #517 energy= 0.87348684048024   occ= 0
MO #518 energy= 0.879344002105722  occ= 0
MO #519 energy= 0.885317405145689  occ= 0
MO #520 energy= 0.89295034478625   occ= 0
MO #521 energy= 0.897171282535266  occ= 0
MO #522 energy= 0.901141545267899  occ= 0
MO #523 energy= 0.910371655690792  occ= 0
MO #524 energy= 0.919068284418867  occ= 0
MO #525 energy= 0.922588393107239  occ= 0
MO #526 energy= 0.92581127647148   occ= 0
MO #527 energy= 0.927639432596581  occ= 0
MO #528 energy= 0.934763512557172  occ= 0
MO #529 energy= 0.937367061595441  occ= 0
MO #530 energy= 0.947582429994435  occ= 0
MO #531 energy= 0.952333557765086  occ= 0
MO #532 energy= 0.952971749769528  occ= 0
MO #533 energy= 0.960335542632635  occ= 0
MO #534 energy= 0.971416577375785  occ= 0
MO #535 energy= 0.984179666112988  occ= 0
MO #536 energy= 0.988465587607954  occ= 0
MO #537 energy= 1.00268086436859   occ= 0
MO #538 energy= 1.00651694891072   occ= 0
MO #539 energy= 1.01106578112664   occ= 0
MO #540 energy= 1.01751806596504   occ= 0
MO #541 energy= 1.02113436889781   occ= 0
MO #542 energy= 1.03068493073719   occ= 0
MO #543 energy= 1.04040827584306   occ= 0
MO #544 energy= 1.04755403135401   occ= 0
MO #545 energy= 1.05154176436198   occ= 0
MO #546 energy= 1.06063902100429   occ= 0
MO #547 energy= 1.06908146548272   occ= 0
MO #548 energy= 1.07263096111853   occ= 0
MO #549 energy= 1.07605526661516   occ= 0
MO #550 energy= 1.0786750214788    occ= 0
MO #551 energy= 1.08320270642507   occ= 0
MO #552 energy= 1.08386354519645   occ= 0
MO #553 energy= 1.0925309553733    occ= 0
MO #554 energy= 1.09530205270381   occ= 0
MO #555 energy= 1.09582856838      occ= 0
MO #556 energy= 1.10053841467733   occ= 0
MO #557 energy= 1.10214437321306   occ= 0
MO #558 energy= 1.10387999141567   occ= 0
MO #559 energy= 1.10726670249797   occ= 0
MO #560 energy= 1.11444214179155   occ= 0
MO #561 energy= 1.11476194170038   occ= 0
MO #562 energy= 1.11743132098078   occ= 0
MO #563 energy= 1.11979508134603   occ= 0
MO #564 energy= 1.12435141230144   occ= 0
MO #565 energy= 1.13042596663633   occ= 0
MO #566 energy= 1.13234397393103   occ= 0
MO #567 energy= 1.13487981729574   occ= 0
MO #568 energy= 1.13822971971239   occ= 0
MO #569 energy= 1.14374513995831   occ= 0
MO #570 energy= 1.15020542279845   occ= 0
MO #571 energy= 1.15400423500883   occ= 0
MO #572 energy= 1.15914263379564   occ= 0
MO #573 energy= 1.16341016374289   occ= 0
MO #574 energy= 1.16541777359474   occ= 0
MO #575 energy= 1.16740008664775   occ= 0
MO #576 energy= 1.1699282927255    occ= 0
MO #577 energy= 1.173873448493     occ= 0
MO #578 energy= 1.18143868820484   occ= 0
MO #579 energy= 1.19100942471223   occ= 0
MO #580 energy= 1.1961120524378    occ= 0
MO #581 energy= 1.20231894366709   occ= 0
MO #582 energy= 1.20476343782296   occ= 0
MO #583 energy= 1.21276593466923   occ= 0
MO #584 energy= 1.22193343799208   occ= 0
MO #585 energy= 1.2243855536417    occ= 0
MO #586 energy= 1.2270346560209    occ= 0
MO #587 energy= 1.22836933167846   occ= 0
MO #588 energy= 1.23046328644102   occ= 0
MO #589 energy= 1.23478628434826   occ= 0
MO #590 energy= 1.23566027923361   occ= 0
MO #591 energy= 1.23857805045902   occ= 0
MO #592 energy= 1.24096655542265   occ= 0
MO #593 energy= 1.24465919200266   occ= 0
MO #594 energy= 1.24619870457475   occ= 0
MO #595 energy= 1.25130526033924   occ= 0
MO #596 energy= 1.25293352850257   occ= 0
MO #597 energy= 1.25414029793524   occ= 0
MO #598 energy= 1.25896196670501   occ= 0
MO #599 energy= 1.26507181785866   occ= 0
MO #600 energy= 1.26646911050348   occ= 0
MO #601 energy= 1.26993804819992   occ= 0
MO #602 energy= 1.27130723794269   occ= 0
MO #603 energy= 1.27481355169981   occ= 0
MO #604 energy= 1.27836331011122   occ= 0
MO #605 energy= 1.28298064277538   occ= 0
MO #606 energy= 1.28572158093241   occ= 0
MO #607 energy= 1.28726390656096   occ= 0
MO #608 energy= 1.29052015230784   occ= 0
MO #609 energy= 1.29512732085158   occ= 0
MO #610 energy= 1.29911877863703   occ= 0
MO #611 energy= 1.30149639950619   occ= 0
MO #612 energy= 1.30673055690196   occ= 0
MO #613 energy= 1.30871829538345   occ= 0
MO #614 energy= 1.30991620115629   occ= 0
MO #615 energy= 1.31414149352951   occ= 0
MO #616 energy= 1.31551572561185   occ= 0
MO #617 energy= 1.31604969527474   occ= 0
MO #618 energy= 1.31988196914863   occ= 0
MO #619 energy= 1.32323173209314   occ= 0
MO #620 energy= 1.32641904835453   occ= 0
MO #621 energy= 1.33537337634299   occ= 0
MO #622 energy= 1.33729808134062   occ= 0
MO #623 energy= 1.34090963294938   occ= 0
MO #624 energy= 1.34689399881047   occ= 0
MO #625 energy= 1.34989305877202   occ= 0
MO #626 energy= 1.35521906876497   occ= 0
MO #627 energy= 1.35770350321181   occ= 0
MO #628 energy= 1.35936937087564   occ= 0
MO #629 energy= 1.3652334889192    occ= 0
MO #630 energy= 1.36736347330918   occ= 0
MO #631 energy= 1.37190489223091   occ= 0
MO #632 energy= 1.37360654746684   occ= 0
MO #633 energy= 1.38198509800435   occ= 0
MO #634 energy= 1.38465057166245   occ= 0
MO #635 energy= 1.39658822003594   occ= 0
MO #636 energy= 1.40508042114182   occ= 0
MO #637 energy= 1.41865889400927   occ= 0
MO #638 energy= 1.42777009803665   occ= 0
MO #639 energy= 1.43634278670162   occ= 0
MO #640 energy= 1.44023467921426   occ= 0
MO #641 energy= 1.4450203492766    occ= 0
MO #642 energy= 1.45458933170788   occ= 0
MO #643 energy= 1.45657372186179   occ= 0
MO #644 energy= 1.46200992156465   occ= 0
MO #645 energy= 1.46360260724022   occ= 0
MO #646 energy= 1.46683911607914   occ= 0
MO #647 energy= 1.47168096047166   occ= 0
MO #648 energy= 1.47354615877503   occ= 0
MO #649 energy= 1.48432373625126   occ= 0
MO #650 energy= 1.48657336883763   occ= 0
MO #651 energy= 1.48983479694484   occ= 0
MO #652 energy= 1.49343308866578   occ= 0
MO #653 energy= 1.49972813234725   occ= 0
MO #654 energy= 1.50730085316189   occ= 0
MO #655 energy= 1.51076669423953   occ= 0
MO #656 energy= 1.51145529903869   occ= 0
MO #657 energy= 1.51643761046039   occ= 0
MO #658 energy= 1.52056871053843   occ= 0
MO #659 energy= 1.52664031849683   occ= 0
MO #660 energy= 1.53378191332246   occ= 0
MO #661 energy= 1.53939404551313   occ= 0
MO #662 energy= 1.54376540343895   occ= 0
MO #663 energy= 1.5525694267254    occ= 0
MO #664 energy= 1.55883088662701   occ= 0
MO #665 energy= 1.5794838476553    occ= 0
MO #666 energy= 1.58642090994361   occ= 0
MO #667 energy= 1.59289358139308   occ= 0
MO #668 energy= 1.60050153965208   occ= 0
MO #669 energy= 1.60774118925412   occ= 0
MO #670 energy= 1.61566637184397   occ= 0
MO #671 energy= 1.61911516184067   occ= 0
MO #672 energy= 1.62418387709742   occ= 0
MO #673 energy= 1.62707885032933   occ= 0
MO #674 energy= 1.63325318189448   occ= 0
MO #675 energy= 1.63700977505607   occ= 0
MO #676 energy= 1.63899964136532   occ= 0
MO #677 energy= 1.64520117798476   occ= 0
MO #678 energy= 1.65016636588785   occ= 0
MO #679 energy= 1.65581872912236   occ= 0
MO #680 energy= 1.65855564559757   occ= 0
MO #681 energy= 1.65971850207362   occ= 0
MO #682 energy= 1.66747331545052   occ= 0
MO #683 energy= 1.66869117018493   occ= 0
MO #684 energy= 1.67426643969844   occ= 0
MO #685 energy= 1.67792953745449   occ= 0
MO #686 energy= 1.68161033540064   occ= 0
MO #687 energy= 1.68443614075749   occ= 0
MO #688 energy= 1.69472080777238   occ= 0
MO #689 energy= 1.69600456633521   occ= 0
MO #690 energy= 1.69723918455714   occ= 0
MO #691 energy= 1.69963074431065   occ= 0
MO #692 energy= 1.70210474478995   occ= 0
MO #693 energy= 1.70268590236836   occ= 0
MO #694 energy= 1.70659238787844   occ= 0
MO #695 energy= 1.7096772471589    occ= 0
MO #696 energy= 1.71046768287532   occ= 0
MO #697 energy= 1.71653095540737   occ= 0
MO #698 energy= 1.71768098384434   occ= 0
MO #699 energy= 1.71913855016815   occ= 0
MO #700 energy= 1.7218201050404    occ= 0
MO #701 energy= 1.7229544050589    occ= 0
MO #702 energy= 1.72680338586562   occ= 0
MO #703 energy= 1.72884530379852   occ= 0
MO #704 energy= 1.73339902096229   occ= 0
MO #705 energy= 1.73525881461478   occ= 0
MO #706 energy= 1.73651661480688   occ= 0
MO #707 energy= 1.73740168145268   occ= 0
MO #708 energy= 1.73899025295246   occ= 0
MO #709 energy= 1.74062510108197   occ= 0
MO #710 energy= 1.74250959886415   occ= 0
MO #711 energy= 1.74859681904828   occ= 0
MO #712 energy= 1.74928085841293   occ= 0
MO #713 energy= 1.75275446502497   occ= 0
MO #714 energy= 1.75824925197669   occ= 0
MO #715 energy= 1.76160128420381   occ= 0
MO #716 energy= 1.76319388852091   occ= 0
MO #717 energy= 1.76646051568485   occ= 0
MO #718 energy= 1.77235236343959   occ= 0
MO #719 energy= 1.77432074238186   occ= 0
MO #720 energy= 1.77723745854262   occ= 0
MO #721 energy= 1.78097973367531   occ= 0
MO #722 energy= 1.78353653449192   occ= 0
MO #723 energy= 1.78479643536744   occ= 0
MO #724 energy= 1.78664664669859   occ= 0
MO #725 energy= 1.78870999343726   occ= 0
MO #726 energy= 1.79382783300684   occ= 0
MO #727 energy= 1.79613028810712   occ= 0
MO #728 energy= 1.79829218937906   occ= 0
MO #729 energy= 1.80503459806792   occ= 0
MO #730 energy= 1.81793008208754   occ= 0
MO #731 energy= 1.82318875545162   occ= 0
MO #732 energy= 1.82562218649923   occ= 0
MO #733 energy= 1.83257984534741   occ= 0
MO #734 energy= 1.83445893921659   occ= 0
MO #735 energy= 1.83616651716545   occ= 0
MO #736 energy= 1.83772631339318   occ= 0
MO #737 energy= 1.84354369407235   occ= 0
MO #738 energy= 1.84717925299284   occ= 0
MO #739 energy= 1.8498747645776    occ= 0
MO #740 energy= 1.85906449517463   occ= 0
MO #741 energy= 1.86338520173255   occ= 0
MO #742 energy= 1.86844363792927   occ= 0
MO #743 energy= 1.87376140776537   occ= 0
MO #744 energy= 1.87474963533597   occ= 0
MO #745 energy= 1.87803625284537   occ= 0
MO #746 energy= 1.88013053429348   occ= 0
MO #747 energy= 1.8872889902763    occ= 0
MO #748 energy= 1.89261587005668   occ= 0
MO #749 energy= 1.89455815249811   occ= 0
MO #750 energy= 1.90035005828247   occ= 0
MO #751 energy= 1.9009187453602    occ= 0
MO #752 energy= 1.90195862532464   occ= 0
MO #753 energy= 1.91243636875761   occ= 0
MO #754 energy= 1.91599856149536   occ= 0
MO #755 energy= 1.9186601224519    occ= 0
MO #756 energy= 1.92003784691175   occ= 0
MO #757 energy= 1.92258169261627   occ= 0
MO #758 energy= 1.92320353036334   occ= 0
MO #759 energy= 1.92636532828877   occ= 0
MO #760 energy= 1.92786878567054   occ= 0
MO #761 energy= 1.93001894947758   occ= 0
MO #762 energy= 1.93306592468294   occ= 0
MO #763 energy= 1.93672576214497   occ= 0
MO #764 energy= 1.94114840799007   occ= 0
MO #765 energy= 1.94743300096367   occ= 0
MO #766 energy= 1.95007619770048   occ= 0
MO #767 energy= 1.95868142899414   occ= 0
MO #768 energy= 1.96148396421105   occ= 0
MO #769 energy= 1.97447676791083   occ= 0
MO #770 energy= 1.97794116769387   occ= 0
MO #771 energy= 1.97951197423632   occ= 0
MO #772 energy= 1.98242075396864   occ= 0
MO #773 energy= 1.98482927832214   occ= 0
MO #774 energy= 1.98585488008509   occ= 0
MO #775 energy= 1.98909058138403   occ= 0
MO #776 energy= 1.99000703167795   occ= 0
MO #777 energy= 1.99706461834352   occ= 0
MO #778 energy= 2.00367038316725   occ= 0
MO #779 energy= 2.00669830116407   occ= 0
MO #780 energy= 2.01168478121981   occ= 0
MO #781 energy= 2.02715468904038   occ= 0
MO #782 energy= 2.03149363533071   occ= 0
MO #783 energy= 2.03527970356579   occ= 0
MO #784 energy= 2.03629615777458   occ= 0
MO #785 energy= 2.04255762157607   occ= 0
MO #786 energy= 2.04532211343699   occ= 0
MO #787 energy= 2.04606638789334   occ= 0
MO #788 energy= 2.04681914662706   occ= 0
MO #789 energy= 2.05356013673121   occ= 0
MO #790 energy= 2.05830192938293   occ= 0
MO #791 energy= 2.06031034016506   occ= 0
MO #792 energy= 2.06693560173129   occ= 0
MO #793 energy= 2.06751616125313   occ= 0
MO #794 energy= 2.07134415837267   occ= 0
MO #795 energy= 2.08323008377331   occ= 0
MO #796 energy= 2.08451229882284   occ= 0
MO #797 energy= 2.09060674309909   occ= 0
MO #798 energy= 2.09694520032747   occ= 0
MO #799 energy= 2.09913025328862   occ= 0
MO #800 energy= 2.10698506596764   occ= 0
MO #801 energy= 2.11303124823874   occ= 0
MO #802 energy= 2.11843434189626   occ= 0
MO #803 energy= 2.12485775157234   occ= 0
MO #804 energy= 2.12630949605992   occ= 0
MO #805 energy= 2.12731858228342   occ= 0
MO #806 energy= 2.1322053022657    occ= 0
MO #807 energy= 2.13437125060528   occ= 0
MO #808 energy= 2.13874891375074   occ= 0
MO #809 energy= 2.14335096489288   occ= 0
MO #810 energy= 2.14778390169574   occ= 0
MO #811 energy= 2.15350255761434   occ= 0
MO #812 energy= 2.15449514351945   occ= 0
MO #813 energy= 2.16116601925529   occ= 0
MO #814 energy= 2.16498821754027   occ= 0
MO #815 energy= 2.16677845519987   occ= 0
MO #816 energy= 2.17087401583479   occ= 0
MO #817 energy= 2.17375037364074   occ= 0
MO #818 energy= 2.18320856434469   occ= 0
MO #819 energy= 2.18550677309367   occ= 0
MO #820 energy= 2.18798728071878   occ= 0
MO #821 energy= 2.19540677523795   occ= 0
MO #822 energy= 2.20122407078579   occ= 0
MO #823 energy= 2.20205190030325   occ= 0
MO #824 energy= 2.20882921375552   occ= 0
MO #825 energy= 2.21214185262361   occ= 0
MO #826 energy= 2.21481420929599   occ= 0
MO #827 energy= 2.21993815255717   occ= 0
MO #828 energy= 2.22540328471133   occ= 0
MO #829 energy= 2.23054267143458   occ= 0
MO #830 energy= 2.23404657571565   occ= 0
MO #831 energy= 2.2363318390262    occ= 0
MO #832 energy= 2.2433816643344    occ= 0
MO #833 energy= 2.24585082494266   occ= 0
MO #834 energy= 2.2597825541915    occ= 0
MO #835 energy= 2.26602277231699   occ= 0
MO #836 energy= 2.2686404398262    occ= 0
MO #837 energy= 2.27610401788113   occ= 0
MO #838 energy= 2.28119672855863   occ= 0
MO #839 energy= 2.28778000091752   occ= 0
MO #840 energy= 2.29449073316722   occ= 0
MO #841 energy= 2.29759168332875   occ= 0
MO #842 energy= 2.30093838216076   occ= 0
MO #843 energy= 2.3023200088986    occ= 0
MO #844 energy= 2.30558844715385   occ= 0
MO #845 energy= 2.30817993334912   occ= 0
MO #846 energy= 2.31202240633503   occ= 0
MO #847 energy= 2.31320478335134   occ= 0
MO #848 energy= 2.31553175689789   occ= 0
MO #849 energy= 2.31992646133745   occ= 0
MO #850 energy= 2.32480441932415   occ= 0
MO #851 energy= 2.32778562726892   occ= 0
MO #852 energy= 2.33807301896809   occ= 0
MO #853 energy= 2.34258494807053   occ= 0
MO #854 energy= 2.35045940557411   occ= 0
MO #855 energy= 2.35676566084817   occ= 0
MO #856 energy= 2.35829349311498   occ= 0
MO #857 energy= 2.36187389800335   occ= 0
MO #858 energy= 2.3671187346634    occ= 0
MO #859 energy= 2.37555515212846   occ= 0
MO #860 energy= 2.37781214442445   occ= 0
MO #861 energy= 2.38286824667139   occ= 0
MO #862 energy= 2.39247986962084   occ= 0
MO #863 energy= 2.39467120339107   occ= 0
MO #864 energy= 2.41326861323448   occ= 0
MO #865 energy= 2.42469579444085   occ= 0
MO #866 energy= 2.43114978963654   occ= 0
MO #867 energy= 2.46375634689581   occ= 0
MO #868 energy= 2.47154151729838   occ= 0
MO #869 energy= 2.47300298026217   occ= 0
MO #870 energy= 2.47487118381695   occ= 0
MO #871 energy= 2.4771389597977    occ= 0
MO #872 energy= 2.47818009786142   occ= 0
MO #873 energy= 2.48288479726734   occ= 0
MO #874 energy= 2.49865676368569   occ= 0
MO #875 energy= 2.51836567516242   occ= 0
MO #876 energy= 2.52974267000626   occ= 0
MO #877 energy= 2.53388302084917   occ= 0
MO #878 energy= 2.53766614474482   occ= 0
MO #879 energy= 2.55430587819578   occ= 0
MO #880 energy= 2.55655010612173   occ= 0
MO #881 energy= 2.56502233285761   occ= 0
MO #882 energy= 2.56552742679273   occ= 0
MO #883 energy= 2.57364253927624   occ= 0
MO #884 energy= 2.5868855021886    occ= 0
MO #885 energy= 2.59306596627004   occ= 0
MO #886 energy= 2.59435473903814   occ= 0
MO #887 energy= 2.60652671294383   occ= 0
MO #888 energy= 2.60996918321803   occ= 0
MO #889 energy= 2.62058846648751   occ= 0
MO #890 energy= 2.62471285175495   occ= 0
MO #891 energy= 2.62821910568133   occ= 0
MO #892 energy= 2.63238590022613   occ= 0
MO #893 energy= 2.63645945341233   occ= 0
MO #894 energy= 2.64055234765948   occ= 0
MO #895 energy= 2.64493342418708   occ= 0
MO #896 energy= 2.64757950437422   occ= 0
MO #897 energy= 2.65479213118455   occ= 0
MO #898 energy= 2.65633690933865   occ= 0
MO #899 energy= 2.66234171660479   occ= 0
MO #900 energy= 2.66610747655159   occ= 0
MO #901 energy= 2.67128003759539   occ= 0
MO #902 energy= 2.67432856685025   occ= 0
MO #903 energy= 2.67806212163528   occ= 0
MO #904 energy= 2.68181349334512   occ= 0
MO #905 energy= 2.68442754086762   occ= 0
MO #906 energy= 2.68879257301275   occ= 0
MO #907 energy= 2.69161513140963   occ= 0
MO #908 energy= 2.70018068886264   occ= 0
MO #909 energy= 2.70132459752058   occ= 0
MO #910 energy= 2.71189799858179   occ= 0
MO #911 energy= 2.7197590051366    occ= 0
MO #912 energy= 2.72165934280247   occ= 0
MO #913 energy= 2.73373411891609   occ= 0
MO #914 energy= 2.74502701139151   occ= 0
MO #915 energy= 2.7462919776501    occ= 0
MO #916 energy= 2.75218639268563   occ= 0
MO #917 energy= 2.75850426005287   occ= 0
MO #918 energy= 2.76604710230606   occ= 0
MO #919 energy= 2.77761979913507   occ= 0
MO #920 energy= 2.78426814117188   occ= 0
MO #921 energy= 2.78607770974349   occ= 0
MO #922 energy= 2.79631052344594   occ= 0
MO #923 energy= 2.79873420920402   occ= 0
MO #924 energy= 2.80229898484669   occ= 0
MO #925 energy= 2.83566372661827   occ= 0
MO #926 energy= 2.84455796690485   occ= 0
MO #927 energy= 2.85139010215762   occ= 0
MO #928 energy= 2.85555964677933   occ= 0
MO #929 energy= 2.85627334215189   occ= 0
MO #930 energy= 2.87190213871514   occ= 0
MO #931 energy= 2.87295040712788   occ= 0
MO #932 energy= 2.88332651032706   occ= 0
MO #933 energy= 2.88934039295075   occ= 0
MO #934 energy= 2.90110390929323   occ= 0
MO #935 energy= 2.90480379028202   occ= 0
MO #936 energy= 2.91179961417888   occ= 0
MO #937 energy= 2.91567328597092   occ= 0
MO #938 energy= 2.92550298358424   occ= 0
MO #939 energy= 2.93417919309682   occ= 0
MO #940 energy= 2.93912966929984   occ= 0
MO #941 energy= 2.94102882205317   occ= 0
MO #942 energy= 2.96082687242266   occ= 0
MO #943 energy= 2.96596249928756   occ= 0
MO #944 energy= 2.97890353860358   occ= 0
MO #945 energy= 2.98807299664923   occ= 0
MO #946 energy= 2.99848849570907   occ= 0
MO #947 energy= 3.00203295086449   occ= 0
MO #948 energy= 3.00226594129362   occ= 0
MO #949 energy= 3.00421377298681   occ= 0
MO #950 energy= 3.00823625369644   occ= 0
MO #951 energy= 3.0087702912976    occ= 0
MO #952 energy= 3.01125717235998   occ= 0
MO #953 energy= 3.01224783209982   occ= 0
MO #954 energy= 3.03452504113185   occ= 0
MO #955 energy= 3.03479551543036   occ= 0
MO #956 energy= 3.03733393222385   occ= 0
MO #957 energy= 3.03810370667272   occ= 0
MO #958 energy= 3.03856166763043   occ= 0
MO #959 energy= 3.04063225789634   occ= 0
MO #960 energy= 3.04142843115972   occ= 0
MO #961 energy= 3.04357329464355   occ= 0
MO #962 energy= 3.04450593675633   occ= 0
MO #963 energy= 3.04515147616641   occ= 0
MO #964 energy= 3.04683947558375   occ= 0
MO #965 energy= 3.05170634514818   occ= 0
MO #966 energy= 3.05189286390155   occ= 0
MO #967 energy= 3.05400612537728   occ= 0
MO #968 energy= 3.05481747913628   occ= 0
MO #969 energy= 3.05696050016106   occ= 0
MO #970 energy= 3.05742885023265   occ= 0
MO #971 energy= 3.05831736137302   occ= 0
MO #972 energy= 3.06096656674401   occ= 0
MO #973 energy= 3.0668280031829    occ= 0
MO #974 energy= 3.07082744239834   occ= 0
MO #975 energy= 3.07570305679499   occ= 0
MO #976 energy= 3.0760353541165    occ= 0
MO #977 energy= 3.07895281207715   occ= 0
MO #978 energy= 3.082924566447     occ= 0
MO #979 energy= 3.08610191321075   occ= 0
MO #980 energy= 3.10145654667142   occ= 0
MO #981 energy= 3.1075762215785    occ= 0
MO #982 energy= 3.13641653706051   occ= 0
MO #983 energy= 3.13798429141976   occ= 0
MO #984 energy= 3.14161058959197   occ= 0
MO #985 energy= 3.15507338275422   occ= 0
MO #986 energy= 3.16400254704491   occ= 0
MO #987 energy= 3.16500738923636   occ= 0
MO #988 energy= 3.16652996565604   occ= 0
MO #989 energy= 3.16754879891963   occ= 0
MO #990 energy= 3.17025184678308   occ= 0
MO #991 energy= 3.173400377313     occ= 0
MO #992 energy= 3.17464632584427   occ= 0
MO #993 energy= 3.17561532236141   occ= 0
MO #994 energy= 3.17761921312464   occ= 0
MO #995 energy= 3.2083694923518    occ= 0
MO #996 energy= 3.21814732559082   occ= 0
MO #997 energy= 3.22092198112001   occ= 0
MO #998 energy= 3.22134945918965   occ= 0
MO #999 energy= 3.24361106375353   occ= 0
MO #1000 energy= 3.27154874073917   occ= 0
MO #1001 energy= 3.29398987101743   occ= 0
MO #1002 energy= 3.33723556769357   occ= 0
MO #1003 energy= 3.34243132244481   occ= 0
MO #1004 energy= 3.35741229413613   occ= 0
MO #1005 energy= 3.39148349645314   occ= 0
MO #1006 energy= 3.40720217111762   occ= 0
MO #1007 energy= 3.41212657862835   occ= 0
MO #1008 energy= 3.44030102179713   occ= 0
MO #1009 energy= 3.44375764657896   occ= 0
MO #1010 energy= 3.45088953542529   occ= 0
MO #1011 energy= 3.51157735647846   occ= 0
MO #1012 energy= 3.51679315469768   occ= 0
MO #1013 energy= 3.52557556176153   occ= 0
MO #1014 energy= 3.52891283509495   occ= 0
MO #1015 energy= 3.53467741216134   occ= 0
MO #1016 energy= 3.53771492767229   occ= 0
MO #1017 energy= 3.56294825879869   occ= 0
MO #1018 energy= 3.57700674929775   occ= 0
MO #1019 energy= 3.58462857490575   occ= 0
MO #1020 energy= 3.58616386963371   occ= 0
MO #1021 energy= 3.58707026602528   occ= 0
MO #1022 energy= 3.58981382230127   occ= 0
MO #1023 energy= 3.63399777922604   occ= 0
MO #1024 energy= 3.64158230668894   occ= 0
MO #1025 energy= 3.65610580527684   occ= 0
MO #1026 energy= 3.65870846746852   occ= 0
MO #1027 energy= 3.66462324124738   occ= 0
MO #1028 energy= 3.67151155024161   occ= 0
MO #1029 energy= 3.67978853419969   occ= 0
MO #1030 energy= 3.69159694767201   occ= 0
MO #1031 energy= 3.70835619449671   occ= 0
MO #1032 energy= 3.83510719455236   occ= 0
MO #1033 energy= 3.8369515924158    occ= 0
MO #1034 energy= 3.84036299190682   occ= 0
MO #1035 energy= 3.84410612985883   occ= 0
MO #1036 energy= 3.86784761865776   occ= 0
MO #1037 energy= 3.87022533357817   occ= 0
MO #1038 energy= 3.89380056374966   occ= 0
MO #1039 energy= 3.89733541612283   occ= 0
 ** Mulliken atomic charges  **
charge of  0O =     -0.75973
charge of  1P =      1.75589
charge of  2O =     -0.64220
charge of  3O =     -0.53915
charge of  4C =      0.17198
charge of  5C =     -0.01948
charge of  6C =      0.00458
charge of  7C =     -0.08794
charge of  8C =     -0.10067
charge of  9C =      0.00601
charge of  10C =      0.02381
charge of  11C =     -0.09105
charge of  12C =     -0.02642
charge of  13C =      0.74806
charge of  14F =     -0.26605
charge of  15F =     -0.25924
charge of  16F =     -0.26789
charge of  17C =     -0.09548
charge of  18C =     -0.02540
charge of  19C =      0.74818
charge of  20F =     -0.26128
charge of  21F =     -0.26202
charge of  22F =     -0.26749
charge of  23C =     -0.09014
charge of  24C =     -0.10546
charge of  25C =     -0.10724
charge of  26C =     -0.10342
charge of  27C =      0.00719
charge of  28C =      0.00250
charge of  29C =     -0.10449
charge of  30C =     -0.09568
charge of  31C =     -0.09928
charge of  32C =     -0.10087
charge of  33C =     -0.02471
charge of  34C =     -0.02578
charge of  35C =      0.17562
charge of  36O =     -0.55551
charge of  37C =     -0.00543
charge of  38C =      0.01272
charge of  39C =     -0.09315
charge of  40C =     -0.10576
charge of  41C =      0.00446
charge of  42C =      0.02578
charge of  43C =     -0.09109
charge of  44C =     -0.02670
charge of  45C =      0.74805
charge of  46F =     -0.26600
charge of  47F =     -0.26301
charge of  48F =     -0.26375
charge of  49C =     -0.09631
charge of  50C =     -0.02703
charge of  51C =      0.74802
charge of  52F =     -0.26727
charge of  53F =     -0.26770
charge of  54F =     -0.25971
charge of  55C =     -0.09119
charge of  56C =     -0.10111
charge of  57C =     -0.08905
charge of  58C =     -0.10000
charge of  59C =      0.00994
charge of  60C =      0.00254
charge of  61C =     -0.10547
charge of  62C =     -0.09639
charge of  63C =     -0.09943
charge of  64C =     -0.09966
charge of  65H =      0.34707
charge of  66H =      0.11702
charge of  67H =      0.10734
charge of  68H =      0.11622
charge of  69H =      0.12873
charge of  70H =      0.12062
charge of  71H =      0.10493
charge of  72H =      0.10213
charge of  73H =      0.10684
charge of  74H =      0.11282
charge of  75H =      0.10713
charge of  76H =      0.10659
charge of  77H =      0.10266
charge of  78H =      0.10773
charge of  79H =      0.10351
charge of  80H =      0.12175
charge of  81H =      0.12716
charge of  82H =      0.11596
charge of  83H =      0.10498
charge of  84H =      0.10894
charge of  85H =      0.10785
charge of  86H =      0.11074
charge of  87H =      0.10618
charge of  88H =      0.10609
charge of  89H =      0.10300
Dipole moment(X, Y, Z, Debye):  7.70765, -3.76679,  4.23770
def2-svp b3lyp 235.09290671348572
