/public3/home/scg5914/software-scg5914/LSW/1/data/data2/std_data/def2svp_b3lyp/cat_6.xyz
converged SCF energy = -3278.21422227234
**** MO energy ****
MO #1   energy= -77.2262866578778  occ= 2
MO #2   energy= -19.1882112601326  occ= 2
MO #3   energy= -19.1868394304299  occ= 2
MO #4   energy= -19.1794654005215  occ= 2
MO #5   energy= -19.0968105856033  occ= 2
MO #6   energy= -10.2607492830822  occ= 2
MO #7   energy= -10.2590237119576  occ= 2
MO #8   energy= -10.2078473152384  occ= 2
MO #9   energy= -10.2072795828276  occ= 2
MO #10  energy= -10.2029316034744  occ= 2
MO #11  energy= -10.2018546786237  occ= 2
MO #12  energy= -10.2015294767181  occ= 2
MO #13  energy= -10.1995958653131  occ= 2
MO #14  energy= -10.1990503262953  occ= 2
MO #15  energy= -10.1978815123029  occ= 2
MO #16  energy= -10.1943519242097  occ= 2
MO #17  energy= -10.1924105411291  occ= 2
MO #18  energy= -10.1920401984795  occ= 2
MO #19  energy= -10.1911548153465  occ= 2
MO #20  energy= -10.190951089703   occ= 2
MO #21  energy= -10.1908298365466  occ= 2
MO #22  energy= -10.1902707736828  occ= 2
MO #23  energy= -10.1899393332865  occ= 2
MO #24  energy= -10.189620997485   occ= 2
MO #25  energy= -10.1890171340318  occ= 2
MO #26  energy= -10.1817828467189  occ= 2
MO #27  energy= -10.1801988441605  occ= 2
MO #28  energy= -10.1797030883569  occ= 2
MO #29  energy= -10.1790779935764  occ= 2
MO #30  energy= -10.1780767441195  occ= 2
MO #31  energy= -10.1759387943172  occ= 2
MO #32  energy= -10.1755304896533  occ= 2
MO #33  energy= -10.1742758423335  occ= 2
MO #34  energy= -10.1740246510311  occ= 2
MO #35  energy= -10.1737949398891  occ= 2
MO #36  energy= -10.1729083335795  occ= 2
MO #37  energy= -10.1725655159099  occ= 2
MO #38  energy= -10.1725457060649  occ= 2
MO #39  energy= -10.1720411599526  occ= 2
MO #40  energy= -10.1709054427431  occ= 2
MO #41  energy= -10.1706534806181  occ= 2
MO #42  energy= -10.1705414310333  occ= 2
MO #43  energy= -10.1695492685135  occ= 2
MO #44  energy= -10.1688748859537  occ= 2
MO #45  energy= -10.1688619476406  occ= 2
MO #46  energy= -10.1687466538488  occ= 2
MO #47  energy= -10.1685566684259  occ= 2
MO #48  energy= -10.1684890419982  occ= 2
MO #49  energy= -10.1684256976556  occ= 2
MO #50  energy= -10.1676451122666  occ= 2
MO #51  energy= -10.1675703096342  occ= 2
MO #52  energy= -10.1674292682106  occ= 2
MO #53  energy= -10.1673396011738  occ= 2
MO #54  energy= -10.1673023180345  occ= 2
MO #55  energy= -10.167293199986   occ= 2
MO #56  energy= -10.1667551120791  occ= 2
MO #57  energy= -10.1664415397175  occ= 2
MO #58  energy= -10.1661435074723  occ= 2
MO #59  energy= -10.1659880672104  occ= 2
MO #60  energy= -10.1654529531837  occ= 2
MO #61  energy= -10.1645214562946  occ= 2
MO #62  energy= -10.1643880246967  occ= 2
MO #63  energy= -10.1643539926048  occ= 2
MO #64  energy= -10.1632872258105  occ= 2
MO #65  energy= -10.1629587092643  occ= 2
MO #66  energy= -10.1628293958024  occ= 2
MO #67  energy= -10.1625142361616  occ= 2
MO #68  energy= -10.1614125063276  occ= 2
MO #69  energy= -10.1609104195867  occ= 2
MO #70  energy= -10.1595466135889  occ= 2
MO #71  energy= -10.1592666530222  occ= 2
MO #72  energy= -10.1563815594186  occ= 2
MO #73  energy= -10.147351729241   occ= 2
MO #74  energy= -6.70165026851083  occ= 2
MO #75  energy= -4.86918536619753  occ= 2
MO #76  energy= -4.86878117720512  occ= 2
MO #77  energy= -4.86699238269689  occ= 2
MO #78  energy= -1.12516661125196  occ= 2
MO #79  energy= -1.06316368709519  occ= 2
MO #80  energy= -1.0530564667365   occ= 2
MO #81  energy= -0.966917945827322 occ= 2
MO #82  energy= -0.89250731444021  occ= 2
MO #83  energy= -0.879128536574348 occ= 2
MO #84  energy= -0.863627490917239 occ= 2
MO #85  energy= -0.85920760811022  occ= 2
MO #86  energy= -0.836085433992308 occ= 2
MO #87  energy= -0.832655107614377 occ= 2
MO #88  energy= -0.828732155198975 occ= 2
MO #89  energy= -0.827689186640065 occ= 2
MO #90  energy= -0.824287535702004 occ= 2
MO #91  energy= -0.821597985294159 occ= 2
MO #92  energy= -0.812386109582639 occ= 2
MO #93  energy= -0.808231001584819 occ= 2
MO #94  energy= -0.802794527614229 occ= 2
MO #95  energy= -0.77072288457202  occ= 2
MO #96  energy= -0.768253912123036 occ= 2
MO #97  energy= -0.763710856027211 occ= 2
MO #98  energy= -0.761893514255958 occ= 2
MO #99  energy= -0.758845955664437 occ= 2
MO #100 energy= -0.749162309469311 occ= 2
MO #101 energy= -0.743072479878823 occ= 2
MO #102 energy= -0.737982965226585 occ= 2
MO #103 energy= -0.731182057416157 occ= 2
MO #104 energy= -0.726568891346735 occ= 2
MO #105 energy= -0.726354244569969 occ= 2
MO #106 energy= -0.72482145302919  occ= 2
MO #107 energy= -0.723246538135475 occ= 2
MO #108 energy= -0.722536914266775 occ= 2
MO #109 energy= -0.719101012506585 occ= 2
MO #110 energy= -0.718367511148666 occ= 2
MO #111 energy= -0.715060663770276 occ= 2
MO #112 energy= -0.698681828245134 occ= 2
MO #113 energy= -0.693652062893125 occ= 2
MO #114 energy= -0.692009014573987 occ= 2
MO #115 energy= -0.688514311390297 occ= 2
MO #116 energy= -0.681290320665587 occ= 2
MO #117 energy= -0.642749110895452 occ= 2
MO #118 energy= -0.638897449355781 occ= 2
MO #119 energy= -0.6320372631547   occ= 2
MO #120 energy= -0.625544054554098 occ= 2
MO #121 energy= -0.622333313021436 occ= 2
MO #122 energy= -0.618244377974281 occ= 2
MO #123 energy= -0.607258653062059 occ= 2
MO #124 energy= -0.606972681348013 occ= 2
MO #125 energy= -0.605277720283324 occ= 2
MO #126 energy= -0.603964217688415 occ= 2
MO #127 energy= -0.603616301456558 occ= 2
MO #128 energy= -0.600825029489642 occ= 2
MO #129 energy= -0.599854595617639 occ= 2
MO #130 energy= -0.599413145709782 occ= 2
MO #131 energy= -0.597234203276722 occ= 2
MO #132 energy= -0.594678908830668 occ= 2
MO #133 energy= -0.587720882409535 occ= 2
MO #134 energy= -0.582337236526076 occ= 2
MO #135 energy= -0.569760944907412 occ= 2
MO #136 energy= -0.567030074102073 occ= 2
MO #137 energy= -0.558754909987605 occ= 2
MO #138 energy= -0.556812423668207 occ= 2
MO #139 energy= -0.553302548922168 occ= 2
MO #140 energy= -0.552952538004403 occ= 2
MO #141 energy= -0.540465137421983 occ= 2
MO #142 energy= -0.533888187134186 occ= 2
MO #143 energy= -0.52498386734962  occ= 2
MO #144 energy= -0.522192412811389 occ= 2
MO #145 energy= -0.517550694904875 occ= 2
MO #146 energy= -0.513790177298029 occ= 2
MO #147 energy= -0.511390752551492 occ= 2
MO #148 energy= -0.510037824185718 occ= 2
MO #149 energy= -0.508126382531903 occ= 2
MO #150 energy= -0.504271606088052 occ= 2
MO #151 energy= -0.495763756449273 occ= 2
MO #152 energy= -0.493352760846363 occ= 2
MO #153 energy= -0.488376728835196 occ= 2
MO #154 energy= -0.484287578099449 occ= 2
MO #155 energy= -0.481882200403526 occ= 2
MO #156 energy= -0.479399970466549 occ= 2
MO #157 energy= -0.478248734023801 occ= 2
MO #158 energy= -0.477533565856465 occ= 2
MO #159 energy= -0.475173002796455 occ= 2
MO #160 energy= -0.471476763507804 occ= 2
MO #161 energy= -0.470083505913885 occ= 2
MO #162 energy= -0.468916969277417 occ= 2
MO #163 energy= -0.464370966982456 occ= 2
MO #164 energy= -0.463841072545239 occ= 2
MO #165 energy= -0.461451145024289 occ= 2
MO #166 energy= -0.457516025210398 occ= 2
MO #167 energy= -0.45695824413109  occ= 2
MO #168 energy= -0.456164201693922 occ= 2
MO #169 energy= -0.453812651669302 occ= 2
MO #170 energy= -0.450239516638906 occ= 2
MO #171 energy= -0.448165840964966 occ= 2
MO #172 energy= -0.446265542563672 occ= 2
MO #173 energy= -0.441761285065544 occ= 2
MO #174 energy= -0.438956882438704 occ= 2
MO #175 energy= -0.436983815171121 occ= 2
MO #176 energy= -0.434873517533854 occ= 2
MO #177 energy= -0.431022965024503 occ= 2
MO #178 energy= -0.429346637966341 occ= 2
MO #179 energy= -0.427556586733107 occ= 2
MO #180 energy= -0.423149736386694 occ= 2
MO #181 energy= -0.422774506449794 occ= 2
MO #182 energy= -0.418008962766909 occ= 2
MO #183 energy= -0.413309165989167 occ= 2
MO #184 energy= -0.413152133347744 occ= 2
MO #185 energy= -0.408948248220119 occ= 2
MO #186 energy= -0.403664926135548 occ= 2
MO #187 energy= -0.40213311172646  occ= 2
MO #188 energy= -0.399295633010908 occ= 2
MO #189 energy= -0.398249327011841 occ= 2
MO #190 energy= -0.396591199409234 occ= 2
MO #191 energy= -0.394907472981856 occ= 2
MO #192 energy= -0.390630059494637 occ= 2
MO #193 energy= -0.390093829286282 occ= 2
MO #194 energy= -0.389245413394317 occ= 2
MO #195 energy= -0.387408719283616 occ= 2
MO #196 energy= -0.385346213910095 occ= 2
MO #197 energy= -0.382941641862755 occ= 2
MO #198 energy= -0.380682742745994 occ= 2
MO #199 energy= -0.377995077868503 occ= 2
MO #200 energy= -0.37642043246498  occ= 2
MO #201 energy= -0.375416334397895 occ= 2
MO #202 energy= -0.374247698488418 occ= 2
MO #203 energy= -0.3730950095402   occ= 2
MO #204 energy= -0.371668644896207 occ= 2
MO #205 energy= -0.370026930425342 occ= 2
MO #206 energy= -0.368388317494528 occ= 2
MO #207 energy= -0.367045113682388 occ= 2
MO #208 energy= -0.366714964189491 occ= 2
MO #209 energy= -0.365016949323519 occ= 2
MO #210 energy= -0.364620372345883 occ= 2
MO #211 energy= -0.36346428905475  occ= 2
MO #212 energy= -0.362492795125327 occ= 2
MO #213 energy= -0.361469381972038 occ= 2
MO #214 energy= -0.361105716039512 occ= 2
MO #215 energy= -0.359714917491859 occ= 2
MO #216 energy= -0.358478687797615 occ= 2
MO #217 energy= -0.357367586062757 occ= 2
MO #218 energy= -0.357183059751447 occ= 2
MO #219 energy= -0.356770987895904 occ= 2
MO #220 energy= -0.355085587159499 occ= 2
MO #221 energy= -0.353462981790665 occ= 2
MO #222 energy= -0.353002146442263 occ= 2
MO #223 energy= -0.35244138981596  occ= 2
MO #224 energy= -0.351807200958027 occ= 2
MO #225 energy= -0.345820524203511 occ= 2
MO #226 energy= -0.343709621245468 occ= 2
MO #227 energy= -0.343333011479029 occ= 2
MO #228 energy= -0.341747520447474 occ= 2
MO #229 energy= -0.339874377648005 occ= 2
MO #230 energy= -0.338396040342227 occ= 2
MO #231 energy= -0.336214371834809 occ= 2
MO #232 energy= -0.3328250665612   occ= 2
MO #233 energy= -0.331921478328003 occ= 2
MO #234 energy= -0.329077311017311 occ= 2
MO #235 energy= -0.326893298002111 occ= 2
MO #236 energy= -0.325900590276096 occ= 2
MO #237 energy= -0.323598884919164 occ= 2
MO #238 energy= -0.320553309814106 occ= 2
MO #239 energy= -0.311478037079975 occ= 2
MO #240 energy= -0.307474632915501 occ= 2
MO #241 energy= -0.305262119638272 occ= 2
MO #242 energy= -0.302644501678681 occ= 2
MO #243 energy= -0.298697782357058 occ= 2
MO #244 energy= -0.298379092096696 occ= 2
MO #245 energy= -0.29775109288767  occ= 2
MO #246 energy= -0.2966603564272   occ= 2
MO #247 energy= -0.295981080534252 occ= 2
MO #248 energy= -0.295576547253468 occ= 2
MO #249 energy= -0.294647321569948 occ= 2
MO #250 energy= -0.293941905372134 occ= 2
MO #251 energy= -0.292900096564949 occ= 2
MO #252 energy= -0.291900997869283 occ= 2
MO #253 energy= -0.291101549500088 occ= 2
MO #254 energy= -0.290123960474146 occ= 2
MO #255 energy= -0.288675764301629 occ= 2
MO #256 energy= -0.287332668255185 occ= 2
MO #257 energy= -0.28351401214456  occ= 2
MO #258 energy= -0.282014745110646 occ= 2
MO #259 energy= -0.281564620360872 occ= 2
MO #260 energy= -0.277981222405489 occ= 2
MO #261 energy= -0.25363346510514  occ= 2
MO #262 energy= -0.249397034238708 occ= 2
MO #263 energy= -0.233054035997862 occ= 2
MO #264 energy= -0.229488388571497 occ= 2
MO #265 energy= -0.228169331626433 occ= 2
MO #266 energy= -0.224463556022488 occ= 2
MO #267 energy= -0.222775943763787 occ= 2
MO #268 energy= -0.217184156048948 occ= 2
MO #269 energy= -0.0608045556812402 occ= 0
MO #270 energy= -0.0484869666794634 occ= 0
MO #271 energy= -0.0254970719734005 occ= 0
MO #272 energy= -0.0194846986662762 occ= 0
MO #273 energy= 0.00020415725264726 occ= 0
MO #274 energy= 0.00393074320904408 occ= 0
MO #275 energy= 0.00506435346632183 occ= 0
MO #276 energy= 0.0117219604622741 occ= 0
MO #277 energy= 0.0136449780641744 occ= 0
MO #278 energy= 0.0264503161728818 occ= 0
MO #279 energy= 0.03058765246154   occ= 0
MO #280 energy= 0.0477914205825752 occ= 0
MO #281 energy= 0.0501400521429857 occ= 0
MO #282 energy= 0.0536210677778633 occ= 0
MO #283 energy= 0.0541451226596599 occ= 0
MO #284 energy= 0.0558664200485928 occ= 0
MO #285 energy= 0.0574971198303028 occ= 0
MO #286 energy= 0.0616350888529292 occ= 0
MO #287 energy= 0.0632400725499818 occ= 0
MO #288 energy= 0.0663304508257244 occ= 0
MO #289 energy= 0.0683420204303725 occ= 0
MO #290 energy= 0.0715330507040844 occ= 0
MO #291 energy= 0.0743879664838275 occ= 0
MO #292 energy= 0.080911530515863  occ= 0
MO #293 energy= 0.0830814918991705 occ= 0
MO #294 energy= 0.0853907408297541 occ= 0
MO #295 energy= 0.0865206620452938 occ= 0
MO #296 energy= 0.0875702460563663 occ= 0
MO #297 energy= 0.0896447782714535 occ= 0
MO #298 energy= 0.0903962822411716 occ= 0
MO #299 energy= 0.0915601344660859 occ= 0
MO #300 energy= 0.0957837311265247 occ= 0
MO #301 energy= 0.0984214095765378 occ= 0
MO #302 energy= 0.100849182981588  occ= 0
MO #303 energy= 0.103299916101543  occ= 0
MO #304 energy= 0.105772044806875  occ= 0
MO #305 energy= 0.107165304473129  occ= 0
MO #306 energy= 0.108494874658358  occ= 0
MO #307 energy= 0.110540170217595  occ= 0
MO #308 energy= 0.112569590110064  occ= 0
MO #309 energy= 0.114268180900031  occ= 0
MO #310 energy= 0.114912866672973  occ= 0
MO #311 energy= 0.117231176329793  occ= 0
MO #312 energy= 0.119283438317072  occ= 0
MO #313 energy= 0.119879103726654  occ= 0
MO #314 energy= 0.121397959852449  occ= 0
MO #315 energy= 0.123013797683265  occ= 0
MO #316 energy= 0.124594602988467  occ= 0
MO #317 energy= 0.125971230918326  occ= 0
MO #318 energy= 0.128314993098159  occ= 0
MO #319 energy= 0.129534469391909  occ= 0
MO #320 energy= 0.133156721424675  occ= 0
MO #321 energy= 0.134988718303883  occ= 0
MO #322 energy= 0.137292374831659  occ= 0
MO #323 energy= 0.138555321538015  occ= 0
MO #324 energy= 0.139521962824119  occ= 0
MO #325 energy= 0.140424044457197  occ= 0
MO #326 energy= 0.141216551979807  occ= 0
MO #327 energy= 0.14221133425185   occ= 0
MO #328 energy= 0.143606079057754  occ= 0
MO #329 energy= 0.145431219721633  occ= 0
MO #330 energy= 0.146828742268764  occ= 0
MO #331 energy= 0.146952077238917  occ= 0
MO #332 energy= 0.1481697265067    occ= 0
MO #333 energy= 0.150369846152502  occ= 0
MO #334 energy= 0.151356822918101  occ= 0
MO #335 energy= 0.153371005052321  occ= 0
MO #336 energy= 0.154993490325335  occ= 0
MO #337 energy= 0.15675482022194   occ= 0
MO #338 energy= 0.159192833032237  occ= 0
MO #339 energy= 0.159941234827423  occ= 0
MO #340 energy= 0.162445915635278  occ= 0
MO #341 energy= 0.162879178590197  occ= 0
MO #342 energy= 0.164305589230844  occ= 0
MO #343 energy= 0.166276727071119  occ= 0
MO #344 energy= 0.167711640101859  occ= 0
MO #345 energy= 0.169534711929299  occ= 0
MO #346 energy= 0.170601842093731  occ= 0
MO #347 energy= 0.172259770422952  occ= 0
MO #348 energy= 0.173205616971162  occ= 0
MO #349 energy= 0.176801032413165  occ= 0
MO #350 energy= 0.178642248647617  occ= 0
MO #351 energy= 0.181181725295915  occ= 0
MO #352 energy= 0.182871543366321  occ= 0
MO #353 energy= 0.185370517324849  occ= 0
MO #354 energy= 0.186117504084419  occ= 0
MO #355 energy= 0.188216359221713  occ= 0
MO #356 energy= 0.189331030627987  occ= 0
MO #357 energy= 0.190586864896411  occ= 0
MO #358 energy= 0.192281129338856  occ= 0
MO #359 energy= 0.195895449579936  occ= 0
MO #360 energy= 0.197483519302995  occ= 0
MO #361 energy= 0.199563300107653  occ= 0
MO #362 energy= 0.202333323683564  occ= 0
MO #363 energy= 0.203605251157378  occ= 0
MO #364 energy= 0.205833612669758  occ= 0
MO #365 energy= 0.207216304591852  occ= 0
MO #366 energy= 0.208065890061604  occ= 0
MO #367 energy= 0.208660956573689  occ= 0
MO #368 energy= 0.210899533777043  occ= 0
MO #369 energy= 0.214305651445148  occ= 0
MO #370 energy= 0.215582084608302  occ= 0
MO #371 energy= 0.216790010724037  occ= 0
MO #372 energy= 0.217014515688616  occ= 0
MO #373 energy= 0.218419995324587  occ= 0
MO #374 energy= 0.220901103729431  occ= 0
MO #375 energy= 0.221802664684645  occ= 0
MO #376 energy= 0.224521025191625  occ= 0
MO #377 energy= 0.225687596868156  occ= 0
MO #378 energy= 0.226916738001242  occ= 0
MO #379 energy= 0.228160841449153  occ= 0
MO #380 energy= 0.228544405807273  occ= 0
MO #381 energy= 0.229506645902917  occ= 0
MO #382 energy= 0.233696740745279  occ= 0
MO #383 energy= 0.237906709336567  occ= 0
MO #384 energy= 0.241238729082126  occ= 0
MO #385 energy= 0.24448941381758   occ= 0
MO #386 energy= 0.247640684755884  occ= 0
MO #387 energy= 0.251448310070518  occ= 0
MO #388 energy= 0.253903025692838  occ= 0
MO #389 energy= 0.257739358118803  occ= 0
MO #390 energy= 0.258869743865396  occ= 0
MO #391 energy= 0.260428267989866  occ= 0
MO #392 energy= 0.264348928670106  occ= 0
MO #393 energy= 0.265615130309903  occ= 0
MO #394 energy= 0.266244279042007  occ= 0
MO #395 energy= 0.267300671129002  occ= 0
MO #396 energy= 0.269762472128154  occ= 0
MO #397 energy= 0.272758676854261  occ= 0
MO #398 energy= 0.274527074019532  occ= 0
MO #399 energy= 0.276574379662243  occ= 0
MO #400 energy= 0.277230119934806  occ= 0
MO #401 energy= 0.278923315183155  occ= 0
MO #402 energy= 0.281809027999509  occ= 0
MO #403 energy= 0.284982644367363  occ= 0
MO #404 energy= 0.289592147128177  occ= 0
MO #405 energy= 0.291119237126389  occ= 0
MO #406 energy= 0.292140307698215  occ= 0
MO #407 energy= 0.294933957718309  occ= 0
MO #408 energy= 0.295093449487624  occ= 0
MO #409 energy= 0.296843141145765  occ= 0
MO #410 energy= 0.297139114853533  occ= 0
MO #411 energy= 0.300256986541474  occ= 0
MO #412 energy= 0.303238549924011  occ= 0
MO #413 energy= 0.305189088130777  occ= 0
MO #414 energy= 0.30727601959158   occ= 0
MO #415 energy= 0.307986762426002  occ= 0
MO #416 energy= 0.310018663359328  occ= 0
MO #417 energy= 0.310810364306531  occ= 0
MO #418 energy= 0.312018045609068  occ= 0
MO #419 energy= 0.315665727637596  occ= 0
MO #420 energy= 0.317218048825791  occ= 0
MO #421 energy= 0.318636308727215  occ= 0
MO #422 energy= 0.322160654320596  occ= 0
MO #423 energy= 0.324347215088233  occ= 0
MO #424 energy= 0.326431330552906  occ= 0
MO #425 energy= 0.32954124307354   occ= 0
MO #426 energy= 0.331210459824098  occ= 0
MO #427 energy= 0.334435366092075  occ= 0
MO #428 energy= 0.337153824872948  occ= 0
MO #429 energy= 0.341188173773797  occ= 0
MO #430 energy= 0.34264177907765   occ= 0
MO #431 energy= 0.345857838181724  occ= 0
MO #432 energy= 0.349167202456327  occ= 0
MO #433 energy= 0.355167615902434  occ= 0
MO #434 energy= 0.358003486169946  occ= 0
MO #435 energy= 0.367075430454599  occ= 0
MO #436 energy= 0.368721526853101  occ= 0
MO #437 energy= 0.37022800032469   occ= 0
MO #438 energy= 0.372240321965534  occ= 0
MO #439 energy= 0.378174969958671  occ= 0
MO #440 energy= 0.380641835842511  occ= 0
MO #441 energy= 0.382476711375538  occ= 0
MO #442 energy= 0.383512347023481  occ= 0
MO #443 energy= 0.385986740675027  occ= 0
MO #444 energy= 0.392019063366467  occ= 0
MO #445 energy= 0.396519004209517  occ= 0
MO #446 energy= 0.400119028965366  occ= 0
MO #447 energy= 0.400659373228741  occ= 0
MO #448 energy= 0.40908864212878   occ= 0
MO #449 energy= 0.412175653936063  occ= 0
MO #450 energy= 0.413488423671391  occ= 0
MO #451 energy= 0.417978379033245  occ= 0
MO #452 energy= 0.422449769292552  occ= 0
MO #453 energy= 0.42509807628971   occ= 0
MO #454 energy= 0.427239998680267  occ= 0
MO #455 energy= 0.429472609303618  occ= 0
MO #456 energy= 0.43344408103333   occ= 0
MO #457 energy= 0.437736910681538  occ= 0
MO #458 energy= 0.438699681277008  occ= 0
MO #459 energy= 0.439828461900472  occ= 0
MO #460 energy= 0.440916637157226  occ= 0
MO #461 energy= 0.442457435369833  occ= 0
MO #462 energy= 0.4428016711466    occ= 0
MO #463 energy= 0.446436620609283  occ= 0
MO #464 energy= 0.446958288518955  occ= 0
MO #465 energy= 0.448507725726143  occ= 0
MO #466 energy= 0.449285722909045  occ= 0
MO #467 energy= 0.450790277780817  occ= 0
MO #468 energy= 0.452355193878552  occ= 0
MO #469 energy= 0.453499090203566  occ= 0
MO #470 energy= 0.45559100298912   occ= 0
MO #471 energy= 0.456882290782266  occ= 0
MO #472 energy= 0.45850478071468   occ= 0
MO #473 energy= 0.460554194573327  occ= 0
MO #474 energy= 0.461076175064771  occ= 0
MO #475 energy= 0.463477105702101  occ= 0
MO #476 energy= 0.465381833575408  occ= 0
MO #477 energy= 0.466935464745898  occ= 0
MO #478 energy= 0.468614473136487  occ= 0
MO #479 energy= 0.470614323802177  occ= 0
MO #480 energy= 0.473553971735298  occ= 0
MO #481 energy= 0.475641888473299  occ= 0
MO #482 energy= 0.476767526374683  occ= 0
MO #483 energy= 0.477431746272628  occ= 0
MO #484 energy= 0.480972620607937  occ= 0
MO #485 energy= 0.482519115847331  occ= 0
MO #486 energy= 0.482867199965165  occ= 0
MO #487 energy= 0.486405296762887  occ= 0
MO #488 energy= 0.488091253495793  occ= 0
MO #489 energy= 0.489068331672946  occ= 0
MO #490 energy= 0.492285125529196  occ= 0
MO #491 energy= 0.493683393050594  occ= 0
MO #492 energy= 0.495193590295698  occ= 0
MO #493 energy= 0.499125871293835  occ= 0
MO #494 energy= 0.500691049190104  occ= 0
MO #495 energy= 0.503560578735273  occ= 0
MO #496 energy= 0.505265499096141  occ= 0
MO #497 energy= 0.50709599041151   occ= 0
MO #498 energy= 0.510438100356323  occ= 0
MO #499 energy= 0.514022423575737  occ= 0
MO #500 energy= 0.514213460744898  occ= 0
MO #501 energy= 0.516091323129536  occ= 0
MO #502 energy= 0.520248464462405  occ= 0
MO #503 energy= 0.52254917899874   occ= 0
MO #504 energy= 0.524990261902873  occ= 0
MO #505 energy= 0.529050461738151  occ= 0
MO #506 energy= 0.531691885181925  occ= 0
MO #507 energy= 0.53495190980387   occ= 0
MO #508 energy= 0.536769210615283  occ= 0
MO #509 energy= 0.539421608356187  occ= 0
MO #510 energy= 0.544564913925852  occ= 0
MO #511 energy= 0.54592442064731   occ= 0
MO #512 energy= 0.547403090269384  occ= 0
MO #513 energy= 0.551619512314013  occ= 0
MO #514 energy= 0.553310573730245  occ= 0
MO #515 energy= 0.557999828527014  occ= 0
MO #516 energy= 0.560918885999548  occ= 0
MO #517 energy= 0.561600294782898  occ= 0
MO #518 energy= 0.566649445813112  occ= 0
MO #519 energy= 0.56870095717072   occ= 0
MO #520 energy= 0.571583246055499  occ= 0
MO #521 energy= 0.574247172088932  occ= 0
MO #522 energy= 0.577660343266258  occ= 0
MO #523 energy= 0.581679547388796  occ= 0
MO #524 energy= 0.582204182825837  occ= 0
MO #525 energy= 0.585319445357545  occ= 0
MO #526 energy= 0.586379562726819  occ= 0
MO #527 energy= 0.591128086589496  occ= 0
MO #528 energy= 0.592529804286604  occ= 0
MO #529 energy= 0.594946659139125  occ= 0
MO #530 energy= 0.597829237442962  occ= 0
MO #531 energy= 0.598952067948888  occ= 0
MO #532 energy= 0.601466730956833  occ= 0
MO #533 energy= 0.603459245753684  occ= 0
MO #534 energy= 0.604114710513451  occ= 0
MO #535 energy= 0.605198633179765  occ= 0
MO #536 energy= 0.60755230582001   occ= 0
MO #537 energy= 0.60968757970848   occ= 0
MO #538 energy= 0.611487697520565  occ= 0
MO #539 energy= 0.612111508705474  occ= 0
MO #540 energy= 0.613376604291284  occ= 0
MO #541 energy= 0.615071757325757  occ= 0
MO #542 energy= 0.615518247729345  occ= 0
MO #543 energy= 0.616375935605931  occ= 0
MO #544 energy= 0.619091310800038  occ= 0
MO #545 energy= 0.621464815420644  occ= 0
MO #546 energy= 0.622464365188968  occ= 0
MO #547 energy= 0.622920644733674  occ= 0
MO #548 energy= 0.625088436796107  occ= 0
MO #549 energy= 0.625967119193307  occ= 0
MO #550 energy= 0.627968496883531  occ= 0
MO #551 energy= 0.629194288144474  occ= 0
MO #552 energy= 0.630836084897834  occ= 0
MO #553 energy= 0.631241678634262  occ= 0
MO #554 energy= 0.632980037601163  occ= 0
MO #555 energy= 0.633844718459021  occ= 0
MO #556 energy= 0.635234044814795  occ= 0
MO #557 energy= 0.636559017023142  occ= 0
MO #558 energy= 0.638436832652045  occ= 0
MO #559 energy= 0.640932873780468  occ= 0
MO #560 energy= 0.642333537134426  occ= 0
MO #561 energy= 0.643179277199966  occ= 0
MO #562 energy= 0.643710532073764  occ= 0
MO #563 energy= 0.644503841377347  occ= 0
MO #564 energy= 0.645679385720047  occ= 0
MO #565 energy= 0.647664371082493  occ= 0
MO #566 energy= 0.649185968257315  occ= 0
MO #567 energy= 0.651122515694004  occ= 0
MO #568 energy= 0.652327874198315  occ= 0
MO #569 energy= 0.654301064150984  occ= 0
MO #570 energy= 0.655491018091553  occ= 0
MO #571 energy= 0.656172692416582  occ= 0
MO #572 energy= 0.656708864872081  occ= 0
MO #573 energy= 0.657700511629137  occ= 0
MO #574 energy= 0.659215665738923  occ= 0
MO #575 energy= 0.661213895796583  occ= 0
MO #576 energy= 0.66318389909761   occ= 0
MO #577 energy= 0.663650158721504  occ= 0
MO #578 energy= 0.66451345266372   occ= 0
MO #579 energy= 0.665809093846471  occ= 0
MO #580 energy= 0.666693725808604  occ= 0
MO #581 energy= 0.668321160273692  occ= 0
MO #582 energy= 0.669667197896267  occ= 0
MO #583 energy= 0.67020596563009   occ= 0
MO #584 energy= 0.671481712915774  occ= 0
MO #585 energy= 0.672546132338557  occ= 0
MO #586 energy= 0.673909531391023  occ= 0
MO #587 energy= 0.674881700465967  occ= 0
MO #588 energy= 0.676267805147794  occ= 0
MO #589 energy= 0.677365621862354  occ= 0
MO #590 energy= 0.677945448510508  occ= 0
MO #591 energy= 0.680208615022964  occ= 0
MO #592 energy= 0.682023448758371  occ= 0
MO #593 energy= 0.682860115669625  occ= 0
MO #594 energy= 0.68416538414715   occ= 0
MO #595 energy= 0.684923010547765  occ= 0
MO #596 energy= 0.686866560631496  occ= 0
MO #597 energy= 0.687773885836825  occ= 0
MO #598 energy= 0.688265157851102  occ= 0
MO #599 energy= 0.689463851965278  occ= 0
MO #600 energy= 0.689923026487417  occ= 0
MO #601 energy= 0.691792006729311  occ= 0
MO #602 energy= 0.692405010278627  occ= 0
MO #603 energy= 0.693847818940906  occ= 0
MO #604 energy= 0.694878503664899  occ= 0
MO #605 energy= 0.695969329293465  occ= 0
MO #606 energy= 0.696338717453211  occ= 0
MO #607 energy= 0.697942368658251  occ= 0
MO #608 energy= 0.698861867565913  occ= 0
MO #609 energy= 0.700685861725657  occ= 0
MO #610 energy= 0.701404341852546  occ= 0
MO #611 energy= 0.702082461997653  occ= 0
MO #612 energy= 0.702445572042554  occ= 0
MO #613 energy= 0.703520614188196  occ= 0
MO #614 energy= 0.704674894736986  occ= 0
MO #615 energy= 0.705840316445148  occ= 0
MO #616 energy= 0.706510976660696  occ= 0
MO #617 energy= 0.707737406370285  occ= 0
MO #618 energy= 0.708894477347514  occ= 0
MO #619 energy= 0.71006631123155   occ= 0
MO #620 energy= 0.710649309826158  occ= 0
MO #621 energy= 0.711829764150119  occ= 0
MO #622 energy= 0.7138159044632    occ= 0
MO #623 energy= 0.714605174125935  occ= 0
MO #624 energy= 0.715996251887114  occ= 0
MO #625 energy= 0.716540795225016  occ= 0
MO #626 energy= 0.717224711945714  occ= 0
MO #627 energy= 0.718863777220551  occ= 0
MO #628 energy= 0.719263030342033  occ= 0
MO #629 energy= 0.720133050723807  occ= 0
MO #630 energy= 0.722421833525592  occ= 0
MO #631 energy= 0.724073010076769  occ= 0
MO #632 energy= 0.724681217257045  occ= 0
MO #633 energy= 0.727324624076755  occ= 0
MO #634 energy= 0.727911960399387  occ= 0
MO #635 energy= 0.72898361642683   occ= 0
MO #636 energy= 0.730145338056637  occ= 0
MO #637 energy= 0.731903615609038  occ= 0
MO #638 energy= 0.732742553935006  occ= 0
MO #639 energy= 0.73301087617432   occ= 0
MO #640 energy= 0.734952009966108  occ= 0
MO #641 energy= 0.735659464843944  occ= 0
MO #642 energy= 0.736894882171353  occ= 0
MO #643 energy= 0.738079420216951  occ= 0
MO #644 energy= 0.740261645604865  occ= 0
MO #645 energy= 0.742009884852821  occ= 0
MO #646 energy= 0.742518043232549  occ= 0
MO #647 energy= 0.743069497146374  occ= 0
MO #648 energy= 0.744789088583685  occ= 0
MO #649 energy= 0.746085003921036  occ= 0
MO #650 energy= 0.748197252151866  occ= 0
MO #651 energy= 0.749359671771616  occ= 0
MO #652 energy= 0.751283322758406  occ= 0
MO #653 energy= 0.752574513540615  occ= 0
MO #654 energy= 0.753704199989417  occ= 0
MO #655 energy= 0.757330767447903  occ= 0
MO #656 energy= 0.759218234788702  occ= 0
MO #657 energy= 0.76095805131764   occ= 0
MO #658 energy= 0.761556554545462  occ= 0
MO #659 energy= 0.76397506607653   occ= 0
MO #660 energy= 0.766499599091952  occ= 0
MO #661 energy= 0.769085406100355  occ= 0
MO #662 energy= 0.769345176080462  occ= 0
MO #663 energy= 0.77745393030291   occ= 0
MO #664 energy= 0.781358023215773  occ= 0
MO #665 energy= 0.782137162556509  occ= 0
MO #666 energy= 0.785613414342085  occ= 0
MO #667 energy= 0.787955936135897  occ= 0
MO #668 energy= 0.789388044664339  occ= 0
MO #669 energy= 0.79217580830464   occ= 0
MO #670 energy= 0.793198281188981  occ= 0
MO #671 energy= 0.795252876616714  occ= 0
MO #672 energy= 0.799316511676802  occ= 0
MO #673 energy= 0.799609465289878  occ= 0
MO #674 energy= 0.803704756882609  occ= 0
MO #675 energy= 0.805972163435559  occ= 0
MO #676 energy= 0.811047554891023  occ= 0
MO #677 energy= 0.813048224834618  occ= 0
MO #678 energy= 0.814252049774351  occ= 0
MO #679 energy= 0.814890980931638  occ= 0
MO #680 energy= 0.81738015999835   occ= 0
MO #681 energy= 0.818676727873     occ= 0
MO #682 energy= 0.820915234833028  occ= 0
MO #683 energy= 0.82364935423746   occ= 0
MO #684 energy= 0.824587821596354  occ= 0
MO #685 energy= 0.825708873361402  occ= 0
MO #686 energy= 0.828575262318065  occ= 0
MO #687 energy= 0.831957671172453  occ= 0
MO #688 energy= 0.833332298108085  occ= 0
MO #689 energy= 0.837528664167642  occ= 0
MO #690 energy= 0.837744953031238  occ= 0
MO #691 energy= 0.842296448578659  occ= 0
MO #692 energy= 0.846510316214238  occ= 0
MO #693 energy= 0.84724133945906   occ= 0
MO #694 energy= 0.848545652821762  occ= 0
MO #695 energy= 0.85339341914736   occ= 0
MO #696 energy= 0.858420560318173  occ= 0
MO #697 energy= 0.859582149503864  occ= 0
MO #698 energy= 0.862923569165477  occ= 0
MO #699 energy= 0.867973724833874  occ= 0
MO #700 energy= 0.869210695323503  occ= 0
MO #701 energy= 0.873183467718669  occ= 0
MO #702 energy= 0.875405962488785  occ= 0
MO #703 energy= 0.877485559652901  occ= 0
MO #704 energy= 0.879042067130243  occ= 0
MO #705 energy= 0.882712848241253  occ= 0
MO #706 energy= 0.885354175440996  occ= 0
MO #707 energy= 0.887174018834661  occ= 0
MO #708 energy= 0.890709071707144  occ= 0
MO #709 energy= 0.897141184230121  occ= 0
MO #710 energy= 0.89800022593741   occ= 0
MO #711 energy= 0.905350748212567  occ= 0
MO #712 energy= 0.907071257428911  occ= 0
MO #713 energy= 0.908367730615227  occ= 0
MO #714 energy= 0.915333705453638  occ= 0
MO #715 energy= 0.916305901152797  occ= 0
MO #716 energy= 0.918859091021361  occ= 0
MO #717 energy= 0.926146951514741  occ= 0
MO #718 energy= 0.931347732916711  occ= 0
MO #719 energy= 0.932110709991355  occ= 0
MO #720 energy= 0.936625166612673  occ= 0
MO #721 energy= 0.938225438065256  occ= 0
MO #722 energy= 0.941364599137434  occ= 0
MO #723 energy= 0.945496788744679  occ= 0
MO #724 energy= 0.951774582890638  occ= 0
MO #725 energy= 0.955245399450029  occ= 0
MO #726 energy= 0.959069581725287  occ= 0
MO #727 energy= 0.963192007095771  occ= 0
MO #728 energy= 0.964975096358546  occ= 0
MO #729 energy= 0.968418982062874  occ= 0
MO #730 energy= 0.973217733040949  occ= 0
MO #731 energy= 0.978549591592341  occ= 0
MO #732 energy= 0.97898616537194   occ= 0
MO #733 energy= 0.98267959810707   occ= 0
MO #734 energy= 0.986428739212071  occ= 0
MO #735 energy= 0.989222072328032  occ= 0
MO #736 energy= 0.992601136680652  occ= 0
MO #737 energy= 0.998012697449058  occ= 0
MO #738 energy= 1.0039539332381    occ= 0
MO #739 energy= 1.00661252474407   occ= 0
MO #740 energy= 1.00873119431767   occ= 0
MO #741 energy= 1.01131720247138   occ= 0
MO #742 energy= 1.01480676792552   occ= 0
MO #743 energy= 1.01748958341787   occ= 0
MO #744 energy= 1.02079402173286   occ= 0
MO #745 energy= 1.02488309004695   occ= 0
MO #746 energy= 1.02591868918756   occ= 0
MO #747 energy= 1.02808086476966   occ= 0
MO #748 energy= 1.02877039678844   occ= 0
MO #749 energy= 1.03545306999352   occ= 0
MO #750 energy= 1.03943517724198   occ= 0
MO #751 energy= 1.04388226665375   occ= 0
MO #752 energy= 1.05170532399515   occ= 0
MO #753 energy= 1.05363114937283   occ= 0
MO #754 energy= 1.05959330418875   occ= 0
MO #755 energy= 1.06697107763162   occ= 0
MO #756 energy= 1.0750996560396    occ= 0
MO #757 energy= 1.07722511212842   occ= 0
MO #758 energy= 1.08288091446345   occ= 0
MO #759 energy= 1.08932086229271   occ= 0
MO #760 energy= 1.09201252117028   occ= 0
MO #761 energy= 1.09961586677445   occ= 0
MO #762 energy= 1.10701913957282   occ= 0
MO #763 energy= 1.10979812551534   occ= 0
MO #764 energy= 1.11589637733236   occ= 0
MO #765 energy= 1.1213032888396    occ= 0
MO #766 energy= 1.12210851770477   occ= 0
MO #767 energy= 1.12739280012707   occ= 0
MO #768 energy= 1.13343756703894   occ= 0
MO #769 energy= 1.13703387360385   occ= 0
MO #770 energy= 1.13924122204835   occ= 0
MO #771 energy= 1.14431497431068   occ= 0
MO #772 energy= 1.14933564912497   occ= 0
MO #773 energy= 1.15662630043798   occ= 0
MO #774 energy= 1.15921854546164   occ= 0
MO #775 energy= 1.16116720975313   occ= 0
MO #776 energy= 1.16262200896184   occ= 0
MO #777 energy= 1.16623069074029   occ= 0
MO #778 energy= 1.17485874511149   occ= 0
MO #779 energy= 1.17764603950113   occ= 0
MO #780 energy= 1.18374471167869   occ= 0
MO #781 energy= 1.18864758617055   occ= 0
MO #782 energy= 1.19069400013863   occ= 0
MO #783 energy= 1.19292912696851   occ= 0
MO #784 energy= 1.19388941250196   occ= 0
MO #785 energy= 1.19816292509701   occ= 0
MO #786 energy= 1.20493124599202   occ= 0
MO #787 energy= 1.20649579816288   occ= 0
MO #788 energy= 1.21225839262748   occ= 0
MO #789 energy= 1.21403244957163   occ= 0
MO #790 energy= 1.22209295614519   occ= 0
MO #791 energy= 1.22599901295959   occ= 0
MO #792 energy= 1.23074860602888   occ= 0
MO #793 energy= 1.23831664884447   occ= 0
MO #794 energy= 1.23892577852745   occ= 0
MO #795 energy= 1.24531236101185   occ= 0
MO #796 energy= 1.24845311844207   occ= 0
MO #797 energy= 1.24987328002044   occ= 0
MO #798 energy= 1.25198410257028   occ= 0
MO #799 energy= 1.25831954098373   occ= 0
MO #800 energy= 1.25936862702265   occ= 0
MO #801 energy= 1.262789686518     occ= 0
MO #802 energy= 1.26630413799388   occ= 0
MO #803 energy= 1.27045705067537   occ= 0
MO #804 energy= 1.27379778803969   occ= 0
MO #805 energy= 1.27594304476824   occ= 0
MO #806 energy= 1.27669713734282   occ= 0
MO #807 energy= 1.28144285064798   occ= 0
MO #808 energy= 1.283549743729     occ= 0
MO #809 energy= 1.28539747215288   occ= 0
MO #810 energy= 1.28850972409628   occ= 0
MO #811 energy= 1.29136660995065   occ= 0
MO #812 energy= 1.29687217795271   occ= 0
MO #813 energy= 1.29978766452018   occ= 0
MO #814 energy= 1.30333966990609   occ= 0
MO #815 energy= 1.30477866362931   occ= 0
MO #816 energy= 1.31042120870021   occ= 0
MO #817 energy= 1.31306151165831   occ= 0
MO #818 energy= 1.31349011000453   occ= 0
MO #819 energy= 1.31532167325816   occ= 0
MO #820 energy= 1.3191918075891    occ= 0
MO #821 energy= 1.32092431568506   occ= 0
MO #822 energy= 1.32200393283108   occ= 0
MO #823 energy= 1.32608627180162   occ= 0
MO #824 energy= 1.32987039900235   occ= 0
MO #825 energy= 1.33169747957992   occ= 0
MO #826 energy= 1.33258845660728   occ= 0
MO #827 energy= 1.33509589997328   occ= 0
MO #828 energy= 1.33877157169153   occ= 0
MO #829 energy= 1.34397443859391   occ= 0
MO #830 energy= 1.34500447156747   occ= 0
MO #831 energy= 1.34770748359133   occ= 0
MO #832 energy= 1.34950487825177   occ= 0
MO #833 energy= 1.3525802078941    occ= 0
MO #834 energy= 1.35395949351213   occ= 0
MO #835 energy= 1.3543626715771    occ= 0
MO #836 energy= 1.35847087089458   occ= 0
MO #837 energy= 1.36221168498985   occ= 0
MO #838 energy= 1.36485816593607   occ= 0
MO #839 energy= 1.36896561745366   occ= 0
MO #840 energy= 1.36985828716261   occ= 0
MO #841 energy= 1.37333424174367   occ= 0
MO #842 energy= 1.37528441090534   occ= 0
MO #843 energy= 1.38174723911953   occ= 0
MO #844 energy= 1.38563038085765   occ= 0
MO #845 energy= 1.38789059283198   occ= 0
MO #846 energy= 1.39232568377453   occ= 0
MO #847 energy= 1.39485845805467   occ= 0
MO #848 energy= 1.39774473521992   occ= 0
MO #849 energy= 1.40206363312009   occ= 0
MO #850 energy= 1.40985685462186   occ= 0
MO #851 energy= 1.41286652695661   occ= 0
MO #852 energy= 1.41642938701689   occ= 0
MO #853 energy= 1.42039465851049   occ= 0
MO #854 energy= 1.42231846078616   occ= 0
MO #855 energy= 1.42754953818028   occ= 0
MO #856 energy= 1.43323111480717   occ= 0
MO #857 energy= 1.43507274317387   occ= 0
MO #858 energy= 1.44039315240177   occ= 0
MO #859 energy= 1.44463816009969   occ= 0
MO #860 energy= 1.44556406243635   occ= 0
MO #861 energy= 1.45241052891844   occ= 0
MO #862 energy= 1.45604363290215   occ= 0
MO #863 energy= 1.45981610461574   occ= 0
MO #864 energy= 1.46303718390674   occ= 0
MO #865 energy= 1.47864455046342   occ= 0
MO #866 energy= 1.48520671000645   occ= 0
MO #867 energy= 1.49673909584701   occ= 0
MO #868 energy= 1.50223872683283   occ= 0
MO #869 energy= 1.50635093698226   occ= 0
MO #870 energy= 1.50724023201187   occ= 0
MO #871 energy= 1.51167876551219   occ= 0
MO #872 energy= 1.52001469695973   occ= 0
MO #873 energy= 1.52534671266983   occ= 0
MO #874 energy= 1.53010772289955   occ= 0
MO #875 energy= 1.53365381018385   occ= 0
MO #876 energy= 1.53523568226887   occ= 0
MO #877 energy= 1.54049181172475   occ= 0
MO #878 energy= 1.54333490501375   occ= 0
MO #879 energy= 1.5525740081391    occ= 0
MO #880 energy= 1.55420020455073   occ= 0
MO #881 energy= 1.55821846528725   occ= 0
MO #882 energy= 1.56198756939546   occ= 0
MO #883 energy= 1.56427637573511   occ= 0
MO #884 energy= 1.56708579603726   occ= 0
MO #885 energy= 1.56863768260359   occ= 0
MO #886 energy= 1.56927883457538   occ= 0
MO #887 energy= 1.57729352431597   occ= 0
MO #888 energy= 1.57859499486646   occ= 0
MO #889 energy= 1.58133417106491   occ= 0
MO #890 energy= 1.5850327744923    occ= 0
MO #891 energy= 1.5903832854446    occ= 0
MO #892 energy= 1.59519963464469   occ= 0
MO #893 energy= 1.60228844390467   occ= 0
MO #894 energy= 1.60351382399759   occ= 0
MO #895 energy= 1.60515749264701   occ= 0
MO #896 energy= 1.61438939648292   occ= 0
MO #897 energy= 1.62223730305405   occ= 0
MO #898 energy= 1.63043240709825   occ= 0
MO #899 energy= 1.63399038260411   occ= 0
MO #900 energy= 1.63932294162789   occ= 0
MO #901 energy= 1.63980579183404   occ= 0
MO #902 energy= 1.64444826135116   occ= 0
MO #903 energy= 1.65174118387786   occ= 0
MO #904 energy= 1.65481206094804   occ= 0
MO #905 energy= 1.65733164195771   occ= 0
MO #906 energy= 1.66244635478709   occ= 0
MO #907 energy= 1.66752518827812   occ= 0
MO #908 energy= 1.67113410432401   occ= 0
MO #909 energy= 1.67779934944339   occ= 0
MO #910 energy= 1.67979040560511   occ= 0
MO #911 energy= 1.68431028643062   occ= 0
MO #912 energy= 1.6905454659552    occ= 0
MO #913 energy= 1.69279844127613   occ= 0
MO #914 energy= 1.69618996510872   occ= 0
MO #915 energy= 1.70475169585628   occ= 0
MO #916 energy= 1.70593260794585   occ= 0
MO #917 energy= 1.70912604659246   occ= 0
MO #918 energy= 1.71369067690403   occ= 0
MO #919 energy= 1.71465528793894   occ= 0
MO #920 energy= 1.71847876187071   occ= 0
MO #921 energy= 1.72035235378416   occ= 0
MO #922 energy= 1.72469029412915   occ= 0
MO #923 energy= 1.72594838404768   occ= 0
MO #924 energy= 1.72686422218565   occ= 0
MO #925 energy= 1.73001990449329   occ= 0
MO #926 energy= 1.73161523463785   occ= 0
MO #927 energy= 1.73300568531095   occ= 0
MO #928 energy= 1.73607492108646   occ= 0
MO #929 energy= 1.73766178717123   occ= 0
MO #930 energy= 1.73931600871208   occ= 0
MO #931 energy= 1.74045155942251   occ= 0
MO #932 energy= 1.74180670985066   occ= 0
MO #933 energy= 1.74281112599043   occ= 0
MO #934 energy= 1.74420026410206   occ= 0
MO #935 energy= 1.74619640161529   occ= 0
MO #936 energy= 1.74770828866173   occ= 0
MO #937 energy= 1.75279778217558   occ= 0
MO #938 energy= 1.75334439929199   occ= 0
MO #939 energy= 1.75504146261024   occ= 0
MO #940 energy= 1.75664442582847   occ= 0
MO #941 energy= 1.75857552176834   occ= 0
MO #942 energy= 1.76079260734624   occ= 0
MO #943 energy= 1.76302351125752   occ= 0
MO #944 energy= 1.76529151916594   occ= 0
MO #945 energy= 1.76715618451442   occ= 0
MO #946 energy= 1.76846809631537   occ= 0
MO #947 energy= 1.76907991965919   occ= 0
MO #948 energy= 1.77067378899068   occ= 0
MO #949 energy= 1.77303381983279   occ= 0
MO #950 energy= 1.77394462238147   occ= 0
MO #951 energy= 1.77665916300967   occ= 0
MO #952 energy= 1.77761419331858   occ= 0
MO #953 energy= 1.77945011767086   occ= 0
MO #954 energy= 1.78041786576855   occ= 0
MO #955 energy= 1.78169342779363   occ= 0
MO #956 energy= 1.78437500418676   occ= 0
MO #957 energy= 1.78643446586105   occ= 0
MO #958 energy= 1.78977928450443   occ= 0
MO #959 energy= 1.79179948200035   occ= 0
MO #960 energy= 1.79412935476261   occ= 0
MO #961 energy= 1.79489490089252   occ= 0
MO #962 energy= 1.79739314105693   occ= 0
MO #963 energy= 1.79894778952906   occ= 0
MO #964 energy= 1.80097141442625   occ= 0
MO #965 energy= 1.80271372250253   occ= 0
MO #966 energy= 1.80308387843293   occ= 0
MO #967 energy= 1.80346286839148   occ= 0
MO #968 energy= 1.80447556001514   occ= 0
MO #969 energy= 1.80605696223311   occ= 0
MO #970 energy= 1.80668440567721   occ= 0
MO #971 energy= 1.80757709784695   occ= 0
MO #972 energy= 1.80973634993647   occ= 0
MO #973 energy= 1.81088828309848   occ= 0
MO #974 energy= 1.81165298145095   occ= 0
MO #975 energy= 1.81394847228803   occ= 0
MO #976 energy= 1.81496624176476   occ= 0
MO #977 energy= 1.81563412983303   occ= 0
MO #978 energy= 1.81669196078449   occ= 0
MO #979 energy= 1.81849735150026   occ= 0
MO #980 energy= 1.82282109569276   occ= 0
MO #981 energy= 1.82449560335357   occ= 0
MO #982 energy= 1.82903337554972   occ= 0
MO #983 energy= 1.82972265059876   occ= 0
MO #984 energy= 1.83090614164937   occ= 0
MO #985 energy= 1.83231290675501   occ= 0
MO #986 energy= 1.83402397641532   occ= 0
MO #987 energy= 1.83527256556683   occ= 0
MO #988 energy= 1.83656525165336   occ= 0
MO #989 energy= 1.8376511502213    occ= 0
MO #990 energy= 1.83848576875539   occ= 0
MO #991 energy= 1.84113912062213   occ= 0
MO #992 energy= 1.84209142267033   occ= 0
MO #993 energy= 1.84323762906069   occ= 0
MO #994 energy= 1.8448192900644    occ= 0
MO #995 energy= 1.84877404108433   occ= 0
MO #996 energy= 1.84952600778577   occ= 0
MO #997 energy= 1.85001069090907   occ= 0
MO #998 energy= 1.85128375553644   occ= 0
MO #999 energy= 1.85210629950385   occ= 0
MO #1000 energy= 1.85432387175728   occ= 0
MO #1001 energy= 1.85461421016497   occ= 0
MO #1002 energy= 1.85634261106961   occ= 0
MO #1003 energy= 1.85739754266446   occ= 0
MO #1004 energy= 1.85942908794295   occ= 0
MO #1005 energy= 1.86020080411038   occ= 0
MO #1006 energy= 1.86286761896351   occ= 0
MO #1007 energy= 1.8636872015155    occ= 0
MO #1008 energy= 1.86658176602391   occ= 0
MO #1009 energy= 1.86861412974392   occ= 0
MO #1010 energy= 1.87136175676838   occ= 0
MO #1011 energy= 1.87291221028243   occ= 0
MO #1012 energy= 1.87652862674536   occ= 0
MO #1013 energy= 1.87932998177551   occ= 0
MO #1014 energy= 1.88103675870455   occ= 0
MO #1015 energy= 1.88361875066923   occ= 0
MO #1016 energy= 1.88396309537381   occ= 0
MO #1017 energy= 1.88463173477063   occ= 0
MO #1018 energy= 1.88676468573776   occ= 0
MO #1019 energy= 1.88883750154754   occ= 0
MO #1020 energy= 1.89039705413402   occ= 0
MO #1021 energy= 1.89124184667609   occ= 0
MO #1022 energy= 1.89299191264354   occ= 0
MO #1023 energy= 1.89396570027208   occ= 0
MO #1024 energy= 1.89635287155197   occ= 0
MO #1025 energy= 1.89732496471547   occ= 0
MO #1026 energy= 1.89896863685554   occ= 0
MO #1027 energy= 1.89979428737546   occ= 0
MO #1028 energy= 1.9021316428385    occ= 0
MO #1029 energy= 1.90412500417497   occ= 0
MO #1030 energy= 1.90665258288955   occ= 0
MO #1031 energy= 1.90965515583278   occ= 0
MO #1032 energy= 1.91213374098809   occ= 0
MO #1033 energy= 1.91344344631308   occ= 0
MO #1034 energy= 1.91562214817909   occ= 0
MO #1035 energy= 1.92162871670555   occ= 0
MO #1036 energy= 1.92371177102113   occ= 0
MO #1037 energy= 1.92568577145616   occ= 0
MO #1038 energy= 1.92854086734898   occ= 0
MO #1039 energy= 1.92962618676554   occ= 0
MO #1040 energy= 1.93207289975998   occ= 0
MO #1041 energy= 1.93347508201272   occ= 0
MO #1042 energy= 1.93478550384919   occ= 0
MO #1043 energy= 1.93666538050895   occ= 0
MO #1044 energy= 1.94030955950438   occ= 0
MO #1045 energy= 1.94447187903937   occ= 0
MO #1046 energy= 1.94531237398227   occ= 0
MO #1047 energy= 1.946044509511     occ= 0
MO #1048 energy= 1.94967067157831   occ= 0
MO #1049 energy= 1.95286361645228   occ= 0
MO #1050 energy= 1.95325158892239   occ= 0
MO #1051 energy= 1.95586498392989   occ= 0
MO #1052 energy= 1.95707822970618   occ= 0
MO #1053 energy= 1.95835965953518   occ= 0
MO #1054 energy= 1.96053127060365   occ= 0
MO #1055 energy= 1.96172068406117   occ= 0
MO #1056 energy= 1.96381026654798   occ= 0
MO #1057 energy= 1.96457156350275   occ= 0
MO #1058 energy= 1.96515117638721   occ= 0
MO #1059 energy= 1.97114814499762   occ= 0
MO #1060 energy= 1.97334777471601   occ= 0
MO #1061 energy= 1.97343225433872   occ= 0
MO #1062 energy= 1.9745828521047    occ= 0
MO #1063 energy= 1.97916622434194   occ= 0
MO #1064 energy= 1.97977444364989   occ= 0
MO #1065 energy= 1.98326940507988   occ= 0
MO #1066 energy= 1.98478217041913   occ= 0
MO #1067 energy= 1.98872034532362   occ= 0
MO #1068 energy= 1.98991154838066   occ= 0
MO #1069 energy= 1.99471211618319   occ= 0
MO #1070 energy= 1.99647136243337   occ= 0
MO #1071 energy= 1.99930407227372   occ= 0
MO #1072 energy= 2.00075508316491   occ= 0
MO #1073 energy= 2.00577688365105   occ= 0
MO #1074 energy= 2.00689607132185   occ= 0
MO #1075 energy= 2.00727761941659   occ= 0
MO #1076 energy= 2.0101804691569    occ= 0
MO #1077 energy= 2.01261631556377   occ= 0
MO #1078 energy= 2.01517069327201   occ= 0
MO #1079 energy= 2.0205772880118    occ= 0
MO #1080 energy= 2.02161979039993   occ= 0
MO #1081 energy= 2.02349247662431   occ= 0
MO #1082 energy= 2.02459592094517   occ= 0
MO #1083 energy= 2.02792135602278   occ= 0
MO #1084 energy= 2.03212911991793   occ= 0
MO #1085 energy= 2.03442333989429   occ= 0
MO #1086 energy= 2.03769181442388   occ= 0
MO #1087 energy= 2.0387577709442    occ= 0
MO #1088 energy= 2.04469165825883   occ= 0
MO #1089 energy= 2.04937413542575   occ= 0
MO #1090 energy= 2.05066030505804   occ= 0
MO #1091 energy= 2.05305121566537   occ= 0
MO #1092 energy= 2.05436831783583   occ= 0
MO #1093 energy= 2.05552822240678   occ= 0
MO #1094 energy= 2.05787111848879   occ= 0
MO #1095 energy= 2.06039450156343   occ= 0
MO #1096 energy= 2.06349194594932   occ= 0
MO #1097 energy= 2.06476428855722   occ= 0
MO #1098 energy= 2.06786273203594   occ= 0
MO #1099 energy= 2.06844631290993   occ= 0
MO #1100 energy= 2.07275391335232   occ= 0
MO #1101 energy= 2.07346493316442   occ= 0
MO #1102 energy= 2.0779399065067    occ= 0
MO #1103 energy= 2.0806223745026    occ= 0
MO #1104 energy= 2.08328032296793   occ= 0
MO #1105 energy= 2.08340427019988   occ= 0
MO #1106 energy= 2.0851485896991    occ= 0
MO #1107 energy= 2.08964044585434   occ= 0
MO #1108 energy= 2.09245722626312   occ= 0
MO #1109 energy= 2.09410753661991   occ= 0
MO #1110 energy= 2.09786256606317   occ= 0
MO #1111 energy= 2.10150103847107   occ= 0
MO #1112 energy= 2.10291262868991   occ= 0
MO #1113 energy= 2.10550046143287   occ= 0
MO #1114 energy= 2.10788140562071   occ= 0
MO #1115 energy= 2.10858623316979   occ= 0
MO #1116 energy= 2.11379132433226   occ= 0
MO #1117 energy= 2.11589406020054   occ= 0
MO #1118 energy= 2.1200684088157    occ= 0
MO #1119 energy= 2.12499850841541   occ= 0
MO #1120 energy= 2.12641028665866   occ= 0
MO #1121 energy= 2.12791486203011   occ= 0
MO #1122 energy= 2.12949370349153   occ= 0
MO #1123 energy= 2.13127766520993   occ= 0
MO #1124 energy= 2.13340061028507   occ= 0
MO #1125 energy= 2.13503252880287   occ= 0
MO #1126 energy= 2.13731759103065   occ= 0
MO #1127 energy= 2.13798739177796   occ= 0
MO #1128 energy= 2.14085513650676   occ= 0
MO #1129 energy= 2.14400630616133   occ= 0
MO #1130 energy= 2.14738098520347   occ= 0
MO #1131 energy= 2.15123799982281   occ= 0
MO #1132 energy= 2.15234249121702   occ= 0
MO #1133 energy= 2.15483386733459   occ= 0
MO #1134 energy= 2.15840945454718   occ= 0
MO #1135 energy= 2.16126855802858   occ= 0
MO #1136 energy= 2.16327559251279   occ= 0
MO #1137 energy= 2.16538380808212   occ= 0
MO #1138 energy= 2.16916967834181   occ= 0
MO #1139 energy= 2.17400564086118   occ= 0
MO #1140 energy= 2.1751131849701    occ= 0
MO #1141 energy= 2.18644393815245   occ= 0
MO #1142 energy= 2.19025939884292   occ= 0
MO #1143 energy= 2.19244883440477   occ= 0
MO #1144 energy= 2.19849248476833   occ= 0
MO #1145 energy= 2.19921658891521   occ= 0
MO #1146 energy= 2.20289122383332   occ= 0
MO #1147 energy= 2.21017057592356   occ= 0
MO #1148 energy= 2.21079891190932   occ= 0
MO #1149 energy= 2.21493269889989   occ= 0
MO #1150 energy= 2.22187064270188   occ= 0
MO #1151 energy= 2.22524814847678   occ= 0
MO #1152 energy= 2.2265531341859    occ= 0
MO #1153 energy= 2.23174717122128   occ= 0
MO #1154 energy= 2.24121523287016   occ= 0
MO #1155 energy= 2.2451414423852    occ= 0
MO #1156 energy= 2.25044588829142   occ= 0
MO #1157 energy= 2.25300436650058   occ= 0
MO #1158 energy= 2.25348989800225   occ= 0
MO #1159 energy= 2.2582491875612    occ= 0
MO #1160 energy= 2.26380924730931   occ= 0
MO #1161 energy= 2.27327057276742   occ= 0
MO #1162 energy= 2.27593371736858   occ= 0
MO #1163 energy= 2.27683607430262   occ= 0
MO #1164 energy= 2.28056814577876   occ= 0
MO #1165 energy= 2.28591484304849   occ= 0
MO #1166 energy= 2.28653297950738   occ= 0
MO #1167 energy= 2.28812392938843   occ= 0
MO #1168 energy= 2.29480456303447   occ= 0
MO #1169 energy= 2.29667144691086   occ= 0
MO #1170 energy= 2.30458622791067   occ= 0
MO #1171 energy= 2.30846033629658   occ= 0
MO #1172 energy= 2.31108552962795   occ= 0
MO #1173 energy= 2.31690462874426   occ= 0
MO #1174 energy= 2.31860092983113   occ= 0
MO #1175 energy= 2.32215044047774   occ= 0
MO #1176 energy= 2.3244233201352    occ= 0
MO #1177 energy= 2.32534560446145   occ= 0
MO #1178 energy= 2.32727502979327   occ= 0
MO #1179 energy= 2.33007117398642   occ= 0
MO #1180 energy= 2.33154131715216   occ= 0
MO #1181 energy= 2.33541254343687   occ= 0
MO #1182 energy= 2.33877558413863   occ= 0
MO #1183 energy= 2.34124826689358   occ= 0
MO #1184 energy= 2.34462287344705   occ= 0
MO #1185 energy= 2.34661225824287   occ= 0
MO #1186 energy= 2.35247168271518   occ= 0
MO #1187 energy= 2.35487284685781   occ= 0
MO #1188 energy= 2.35730451027872   occ= 0
MO #1189 energy= 2.35783655552671   occ= 0
MO #1190 energy= 2.36119366571283   occ= 0
MO #1191 energy= 2.36547802596724   occ= 0
MO #1192 energy= 2.3677776068529    occ= 0
MO #1193 energy= 2.36805481551491   occ= 0
MO #1194 energy= 2.37252574462742   occ= 0
MO #1195 energy= 2.37753312486961   occ= 0
MO #1196 energy= 2.37862644349666   occ= 0
MO #1197 energy= 2.38252806737083   occ= 0
MO #1198 energy= 2.38620753477936   occ= 0
MO #1199 energy= 2.38785463455246   occ= 0
MO #1200 energy= 2.38980848176007   occ= 0
MO #1201 energy= 2.39105436336012   occ= 0
MO #1202 energy= 2.39782550701205   occ= 0
MO #1203 energy= 2.39934669088022   occ= 0
MO #1204 energy= 2.40122872783248   occ= 0
MO #1205 energy= 2.40293303375699   occ= 0
MO #1206 energy= 2.4037222262779    occ= 0
MO #1207 energy= 2.40762967778276   occ= 0
MO #1208 energy= 2.40928299767151   occ= 0
MO #1209 energy= 2.41231950917574   occ= 0
MO #1210 energy= 2.41964580122646   occ= 0
MO #1211 energy= 2.42020745679425   occ= 0
MO #1212 energy= 2.42226635770123   occ= 0
MO #1213 energy= 2.42790037284288   occ= 0
MO #1214 energy= 2.43477736556633   occ= 0
MO #1215 energy= 2.44065725819443   occ= 0
MO #1216 energy= 2.44501639331737   occ= 0
MO #1217 energy= 2.4540995348518    occ= 0
MO #1218 energy= 2.46431491171709   occ= 0
MO #1219 energy= 2.46847219495686   occ= 0
MO #1220 energy= 2.47236073525358   occ= 0
MO #1221 energy= 2.47363032506798   occ= 0
MO #1222 energy= 2.47700663616103   occ= 0
MO #1223 energy= 2.48260376136502   occ= 0
MO #1224 energy= 2.48620054455278   occ= 0
MO #1225 energy= 2.49101248270697   occ= 0
MO #1226 energy= 2.49496579646354   occ= 0
MO #1227 energy= 2.49906819632053   occ= 0
MO #1228 energy= 2.5013897505384    occ= 0
MO #1229 energy= 2.50704307218306   occ= 0
MO #1230 energy= 2.51565940538173   occ= 0
MO #1231 energy= 2.52896611590479   occ= 0
MO #1232 energy= 2.53142579817845   occ= 0
MO #1233 energy= 2.53413280966132   occ= 0
MO #1234 energy= 2.5360679302468    occ= 0
MO #1235 energy= 2.5399184405911    occ= 0
MO #1236 energy= 2.54471836724668   occ= 0
MO #1237 energy= 2.54741404693075   occ= 0
MO #1238 energy= 2.54945350624826   occ= 0
MO #1239 energy= 2.55213367643858   occ= 0
MO #1240 energy= 2.55466851978164   occ= 0
MO #1241 energy= 2.56074696231184   occ= 0
MO #1242 energy= 2.562265601081     occ= 0
MO #1243 energy= 2.56407426793703   occ= 0
MO #1244 energy= 2.56688206263599   occ= 0
MO #1245 energy= 2.5704090859919    occ= 0
MO #1246 energy= 2.57279912490004   occ= 0
MO #1247 energy= 2.57666729012943   occ= 0
MO #1248 energy= 2.58002900567632   occ= 0
MO #1249 energy= 2.58262983782116   occ= 0
MO #1250 energy= 2.58645786151234   occ= 0
MO #1251 energy= 2.58851123308789   occ= 0
MO #1252 energy= 2.59058342458688   occ= 0
MO #1253 energy= 2.59297810016414   occ= 0
MO #1254 energy= 2.59474521681652   occ= 0
MO #1255 energy= 2.60046142111152   occ= 0
MO #1256 energy= 2.60216485520785   occ= 0
MO #1257 energy= 2.60573149494432   occ= 0
MO #1258 energy= 2.60766569385449   occ= 0
MO #1259 energy= 2.60897230910585   occ= 0
MO #1260 energy= 2.61192492870756   occ= 0
MO #1261 energy= 2.61547191489318   occ= 0
MO #1262 energy= 2.61794057279332   occ= 0
MO #1263 energy= 2.61897264210388   occ= 0
MO #1264 energy= 2.62222068538883   occ= 0
MO #1265 energy= 2.62364647069279   occ= 0
MO #1266 energy= 2.62569092092297   occ= 0
MO #1267 energy= 2.62785034435731   occ= 0
MO #1268 energy= 2.62838334934608   occ= 0
MO #1269 energy= 2.63184376798012   occ= 0
MO #1270 energy= 2.63657128583094   occ= 0
MO #1271 energy= 2.6397071751714    occ= 0
MO #1272 energy= 2.64073738549482   occ= 0
MO #1273 energy= 2.64214867880455   occ= 0
MO #1274 energy= 2.64575945844457   occ= 0
MO #1275 energy= 2.64851341800115   occ= 0
MO #1276 energy= 2.65018878487558   occ= 0
MO #1277 energy= 2.65290751256206   occ= 0
MO #1278 energy= 2.65492022817264   occ= 0
MO #1279 energy= 2.65713669452704   occ= 0
MO #1280 energy= 2.66155536161445   occ= 0
MO #1281 energy= 2.66501632954416   occ= 0
MO #1282 energy= 2.66866432216935   occ= 0
MO #1283 energy= 2.66999423908703   occ= 0
MO #1284 energy= 2.67367917961059   occ= 0
MO #1285 energy= 2.67509033390933   occ= 0
MO #1286 energy= 2.67730694375118   occ= 0
MO #1287 energy= 2.68322233028769   occ= 0
MO #1288 energy= 2.68700083591646   occ= 0
MO #1289 energy= 2.69079872830544   occ= 0
MO #1290 energy= 2.69340553629537   occ= 0
MO #1291 energy= 2.69726404838086   occ= 0
MO #1292 energy= 2.70249056885559   occ= 0
MO #1293 energy= 2.70519667751562   occ= 0
MO #1294 energy= 2.70742387994539   occ= 0
MO #1295 energy= 2.71171068959462   occ= 0
MO #1296 energy= 2.71586025281142   occ= 0
MO #1297 energy= 2.71935058062549   occ= 0
MO #1298 energy= 2.7215460790211    occ= 0
MO #1299 energy= 2.72339680810317   occ= 0
MO #1300 energy= 2.72771322014352   occ= 0
MO #1301 energy= 2.73048310212607   occ= 0
MO #1302 energy= 2.73168592096895   occ= 0
MO #1303 energy= 2.73524247320977   occ= 0
MO #1304 energy= 2.7357046093849    occ= 0
MO #1305 energy= 2.74201690386742   occ= 0
MO #1306 energy= 2.74673642033223   occ= 0
MO #1307 energy= 2.75087294084016   occ= 0
MO #1308 energy= 2.7600982608946    occ= 0
MO #1309 energy= 2.76695107513298   occ= 0
MO #1310 energy= 2.76925757053214   occ= 0
MO #1311 energy= 2.79366559864717   occ= 0
MO #1312 energy= 2.8072090905331    occ= 0
MO #1313 energy= 2.80977432120557   occ= 0
MO #1314 energy= 2.81280491200299   occ= 0
MO #1315 energy= 2.81484075826121   occ= 0
MO #1316 energy= 2.82009212576782   occ= 0
MO #1317 energy= 2.82273012358496   occ= 0
MO #1318 energy= 2.82802897317034   occ= 0
MO #1319 energy= 2.83083616039683   occ= 0
MO #1320 energy= 2.83394900918609   occ= 0
MO #1321 energy= 2.84312215019665   occ= 0
MO #1322 energy= 2.85271818589476   occ= 0
MO #1323 energy= 2.85386970567739   occ= 0
MO #1324 energy= 2.8543563812367    occ= 0
MO #1325 energy= 2.85878165783319   occ= 0
MO #1326 energy= 2.8607913647058    occ= 0
MO #1327 energy= 2.86338998572259   occ= 0
MO #1328 energy= 2.86399962786339   occ= 0
MO #1329 energy= 2.87982237531843   occ= 0
MO #1330 energy= 2.88129444764616   occ= 0
MO #1331 energy= 2.88666741859153   occ= 0
MO #1332 energy= 2.88858029699697   occ= 0
MO #1333 energy= 2.89091921463208   occ= 0
MO #1334 energy= 2.89146942833946   occ= 0
MO #1335 energy= 2.90003707532738   occ= 0
MO #1336 energy= 2.9007944503645    occ= 0
MO #1337 energy= 2.91169695026329   occ= 0
MO #1338 energy= 2.91641556179456   occ= 0
MO #1339 energy= 2.91892802292376   occ= 0
MO #1340 energy= 2.9209103800081    occ= 0
MO #1341 energy= 2.92444150479336   occ= 0
MO #1342 energy= 2.92976744255273   occ= 0
MO #1343 energy= 2.93068892424581   occ= 0
MO #1344 energy= 2.93608943779707   occ= 0
MO #1345 energy= 2.93805175488345   occ= 0
MO #1346 energy= 2.94051953149025   occ= 0
MO #1347 energy= 2.94201791608671   occ= 0
MO #1348 energy= 2.94279229991379   occ= 0
MO #1349 energy= 2.94559895261458   occ= 0
MO #1350 energy= 2.94986015861114   occ= 0
MO #1351 energy= 2.95214926144957   occ= 0
MO #1352 energy= 2.95552883879605   occ= 0
MO #1353 energy= 2.95773029717989   occ= 0
MO #1354 energy= 2.96072493764594   occ= 0
MO #1355 energy= 2.96332999227969   occ= 0
MO #1356 energy= 2.96871927693825   occ= 0
MO #1357 energy= 2.9703313091978    occ= 0
MO #1358 energy= 2.97397751071329   occ= 0
MO #1359 energy= 2.97975742021927   occ= 0
MO #1360 energy= 2.99063246387262   occ= 0
MO #1361 energy= 2.99274702362727   occ= 0
MO #1362 energy= 2.99464517433026   occ= 0
MO #1363 energy= 2.99985294186133   occ= 0
MO #1364 energy= 3.00221974160023   occ= 0
MO #1365 energy= 3.00385405327834   occ= 0
MO #1366 energy= 3.0055857210659    occ= 0
MO #1367 energy= 3.0092079758579    occ= 0
MO #1368 energy= 3.01203786491069   occ= 0
MO #1369 energy= 3.0128920408724    occ= 0
MO #1370 energy= 3.01520867045071   occ= 0
MO #1371 energy= 3.02258809282991   occ= 0
MO #1372 energy= 3.02436335380356   occ= 0
MO #1373 energy= 3.02768452610192   occ= 0
MO #1374 energy= 3.03034469875941   occ= 0
MO #1375 energy= 3.03526785805852   occ= 0
MO #1376 energy= 3.03884505349764   occ= 0
MO #1377 energy= 3.04455527471168   occ= 0
MO #1378 energy= 3.04781378411069   occ= 0
MO #1379 energy= 3.0518951869877    occ= 0
MO #1380 energy= 3.05340181345501   occ= 0
MO #1381 energy= 3.06508768443523   occ= 0
MO #1382 energy= 3.06838691059361   occ= 0
MO #1383 energy= 3.07027373997669   occ= 0
MO #1384 energy= 3.07338344355503   occ= 0
MO #1385 energy= 3.07685441377621   occ= 0
MO #1386 energy= 3.08031377979048   occ= 0
MO #1387 energy= 3.08152660943644   occ= 0
MO #1388 energy= 3.08325792505554   occ= 0
MO #1389 energy= 3.08656645353502   occ= 0
MO #1390 energy= 3.0883007344521    occ= 0
MO #1391 energy= 3.08939694307254   occ= 0
MO #1392 energy= 3.0937101581049    occ= 0
MO #1393 energy= 3.09487039623943   occ= 0
MO #1394 energy= 3.09626560495275   occ= 0
MO #1395 energy= 3.09771252418666   occ= 0
MO #1396 energy= 3.10222837684394   occ= 0
MO #1397 energy= 3.10515844033229   occ= 0
MO #1398 energy= 3.11343483018252   occ= 0
MO #1399 energy= 3.11456584854174   occ= 0
MO #1400 energy= 3.11936769684566   occ= 0
MO #1401 energy= 3.1214699447046    occ= 0
MO #1402 energy= 3.12304519238197   occ= 0
MO #1403 energy= 3.12381290413594   occ= 0
MO #1404 energy= 3.13083296267194   occ= 0
MO #1405 energy= 3.13955009161264   occ= 0
MO #1406 energy= 3.14541933038584   occ= 0
MO #1407 energy= 3.15281973644276   occ= 0
MO #1408 energy= 3.16823964014      occ= 0
MO #1409 energy= 3.17659184956715   occ= 0
MO #1410 energy= 3.17938432349793   occ= 0
MO #1411 energy= 3.1859383958467    occ= 0
MO #1412 energy= 3.18905025073166   occ= 0
MO #1413 energy= 3.19236202014736   occ= 0
MO #1414 energy= 3.19343973849071   occ= 0
MO #1415 energy= 3.19638692360351   occ= 0
MO #1416 energy= 3.20323642809795   occ= 0
MO #1417 energy= 3.22738672177549   occ= 0
MO #1418 energy= 3.23922025115929   occ= 0
MO #1419 energy= 3.29480232329759   occ= 0
MO #1420 energy= 3.31107115106017   occ= 0
MO #1421 energy= 3.33258467725972   occ= 0
MO #1422 energy= 3.37717165188979   occ= 0
MO #1423 energy= 3.41430433166443   occ= 0
MO #1424 energy= 3.47152139668981   occ= 0
MO #1425 energy= 3.5567511987635    occ= 0
MO #1426 energy= 3.57105794158905   occ= 0
MO #1427 energy= 3.60943315790084   occ= 0
MO #1428 energy= 3.61974701728627   occ= 0
MO #1429 energy= 3.66918200415441   occ= 0
MO #1430 energy= 3.69681380037975   occ= 0
MO #1431 energy= 3.70565679649396   occ= 0
 ** Mulliken atomic charges  **
charge of  0O =     -0.78364
charge of  1P =      1.76207
charge of  2O =     -0.65032
charge of  3O =     -0.53155
charge of  4C =      0.17839
charge of  5C =     -0.00120
charge of  6C =     -0.03707
charge of  7C =      0.02560
charge of  8C =     -0.06397
charge of  9C =     -0.16978
charge of  10C =     -0.15846
charge of  11C =     -0.16660
charge of  12C =     -0.16665
charge of  13C =     -0.16202
charge of  14C =     -0.13453
charge of  15C =      0.01580
charge of  16C =     -0.06069
charge of  17C =     -0.16694
charge of  18C =     -0.16335
charge of  19C =     -0.15825
charge of  20C =     -0.16198
charge of  21C =     -0.15939
charge of  22C =     -0.13962
charge of  23C =      0.01927
charge of  24C =     -0.06560
charge of  25C =     -0.16993
charge of  26C =     -0.15925
charge of  27C =     -0.16610
charge of  28C =     -0.16556
charge of  29C =     -0.16433
charge of  30C =     -0.10147
charge of  31C =      0.00642
charge of  32C =      0.00141
charge of  33C =     -0.10460
charge of  34C =     -0.09913
charge of  35C =     -0.10189
charge of  36C =     -0.10226
charge of  37C =     -0.02923
charge of  38C =     -0.03101
charge of  39C =      0.17667
charge of  40O =     -0.53458
charge of  41C =      0.00182
charge of  42C =     -0.03815
charge of  43C =      0.02178
charge of  44C =     -0.06407
charge of  45C =     -0.17015
charge of  46C =     -0.15863
charge of  47C =     -0.16643
charge of  48C =     -0.16672
charge of  49C =     -0.16235
charge of  50C =     -0.13840
charge of  51C =      0.02554
charge of  52C =     -0.05893
charge of  53C =     -0.15784
charge of  54C =     -0.16645
charge of  55C =     -0.16566
charge of  56C =     -0.16004
charge of  57C =     -0.17186
charge of  58C =     -0.13777
charge of  59C =      0.02601
charge of  60C =     -0.06190
charge of  61C =     -0.17346
charge of  62C =     -0.16298
charge of  63C =     -0.16282
charge of  64C =     -0.16431
charge of  65C =     -0.16067
charge of  66C =     -0.09974
charge of  67C =      0.00713
charge of  68C =      0.00096
charge of  69C =     -0.10424
charge of  70C =     -0.09927
charge of  71C =     -0.10144
charge of  72C =     -0.10214
charge of  73H =      0.35545
charge of  74H =      0.08247
charge of  75H =      0.08047
charge of  76H =      0.08811
charge of  77H =      0.07600
charge of  78H =      0.08555
charge of  79H =      0.08248
charge of  80H =      0.08063
charge of  81H =      0.07848
charge of  82H =      0.08752
charge of  83H =      0.07561
charge of  84H =      0.10090
charge of  85H =      0.08906
charge of  86H =      0.08935
charge of  87H =      0.08182
charge of  88H =      0.08218
charge of  89H =      0.08163
charge of  90H =      0.08223
charge of  91H =      0.07528
charge of  92H =      0.08208
charge of  93H =      0.08338
charge of  94H =      0.08415
charge of  95H =      0.07807
charge of  96H =      0.08295
charge of  97H =      0.09116
charge of  98H =      0.08809
charge of  99H =      0.07912
charge of  100H =      0.08717
charge of  101H =      0.07677
charge of  102H =      0.08626
charge of  103H =      0.08150
charge of  104H =      0.08217
charge of  105H =      0.08516
charge of  106H =      0.07957
charge of  107H =      0.07300
charge of  108H =      0.09580
charge of  109H =      0.10677
charge of  110H =      0.11095
charge of  111H =      0.10466
charge of  112H =      0.10407
charge of  113H =      0.10136
charge of  114H =      0.08210
charge of  115H =      0.07990
charge of  116H =      0.08909
charge of  117H =      0.07655
charge of  118H =      0.08543
charge of  119H =      0.08201
charge of  120H =      0.08059
charge of  121H =      0.08556
charge of  122H =      0.07874
charge of  123H =      0.09762
charge of  124H =      0.07596
charge of  125H =      0.08710
charge of  126H =      0.07761
charge of  127H =      0.08104
charge of  128H =      0.08607
charge of  129H =      0.08605
charge of  130H =      0.07848
charge of  131H =      0.08286
charge of  132H =      0.08170
charge of  133H =      0.08674
charge of  134H =      0.07771
charge of  135H =      0.09120
charge of  136H =      0.08097
charge of  137H =      0.08983
charge of  138H =      0.08276
charge of  139H =      0.07730
charge of  140H =      0.11226
charge of  141H =      0.08564
charge of  142H =      0.07190
charge of  143H =      0.08285
charge of  144H =      0.08131
charge of  145H =      0.08032
charge of  146H =      0.08010
charge of  147H =      0.07875
charge of  148H =      0.07747
charge of  149H =      0.10674
charge of  150H =      0.11017
charge of  151H =      0.10451
charge of  152H =      0.10419
charge of  153H =      0.10189
Dipole moment(X, Y, Z, Debye): -0.46092, -2.34422,  0.44344
def2-svp b3lyp 569.3102254867554
