/public3/home/scg5914/software-scg5914/LSW/1/data/data2/std_data/def2svp_b3lyp/cat_1.xyz
converged SCF energy = -6561.79855198221
**** MO energy ****
MO #1   energy= -482.794246377761  occ= 2
MO #2   energy= -482.782344092476  occ= 2
MO #3   energy= -77.2196263310177  occ= 2
MO #4   energy= -62.476035139399   occ= 2
MO #5   energy= -62.4641867168357  occ= 2
MO #6   energy= -56.3084763481607  occ= 2
MO #7   energy= -56.3048064503458  occ= 2
MO #8   energy= -56.3045640549562  occ= 2
MO #9   energy= -56.2966609302518  occ= 2
MO #10  energy= -56.292890688701   occ= 2
MO #11  energy= -56.2927291331909  occ= 2
MO #12  energy= -19.1850454436292  occ= 2
MO #13  energy= -19.1823122172404  occ= 2
MO #14  energy= -19.1781423911011  occ= 2
MO #15  energy= -19.0862993674863  occ= 2
MO #16  energy= -10.2684894957157  occ= 2
MO #17  energy= -10.2612240080174  occ= 2
MO #18  energy= -10.2446959855576  occ= 2
MO #19  energy= -10.2377805587181  occ= 2
MO #20  energy= -10.2135406867688  occ= 2
MO #21  energy= -10.2110081256089  occ= 2
MO #22  energy= -10.2084131710551  occ= 2
MO #23  energy= -10.2052707833824  occ= 2
MO #24  energy= -10.2046263499626  occ= 2
MO #25  energy= -10.2013479534023  occ= 2
MO #26  energy= -10.1996497901919  occ= 2
MO #27  energy= -10.1985109660779  occ= 2
MO #28  energy= -10.1966557500991  occ= 2
MO #29  energy= -10.1937947911199  occ= 2
MO #30  energy= -10.1935395360514  occ= 2
MO #31  energy= -10.1927589818748  occ= 2
MO #32  energy= -10.1904126759999  occ= 2
MO #33  energy= -10.1903015628362  occ= 2
MO #34  energy= -10.1869581715041  occ= 2
MO #35  energy= -10.1867824331707  occ= 2
MO #36  energy= -8.69441330955992  occ= 2
MO #37  energy= -8.6826590386333   occ= 2
MO #38  energy= -6.69546149212759  occ= 2
MO #39  energy= -6.52817878179883  occ= 2
MO #40  energy= -6.51660141938678  occ= 2
MO #41  energy= -6.51511873679625  occ= 2
MO #42  energy= -6.51434346646339  occ= 2
MO #43  energy= -6.50311417223504  occ= 2
MO #44  energy= -6.50266709787279  occ= 2
MO #45  energy= -4.86307537741519  occ= 2
MO #46  energy= -4.86285060838857  occ= 2
MO #47  energy= -4.8603482357524   occ= 2
MO #48  energy= -2.64244004654207  occ= 2
MO #49  energy= -2.63885202272795  occ= 2
MO #50  energy= -2.63825588616174  occ= 2
MO #51  energy= -2.63085189485472  occ= 2
MO #52  energy= -2.62792876932329  occ= 2
MO #53  energy= -2.6279191447877   occ= 2
MO #54  energy= -2.6270426166571   occ= 2
MO #55  energy= -2.62671165228569  occ= 2
MO #56  energy= -2.61604257683879  occ= 2
MO #57  energy= -2.6160354817306   occ= 2
MO #58  energy= -1.12150264537931  occ= 2
MO #59  energy= -1.05961802908698  occ= 2
MO #60  energy= -1.05033658170167  occ= 2
MO #61  energy= -0.962467284820182 occ= 2
MO #62  energy= -0.895731369521479 occ= 2
MO #63  energy= -0.881709732400903 occ= 2
MO #64  energy= -0.839482109987454 occ= 2
MO #65  energy= -0.834244866052682 occ= 2
MO #66  energy= -0.820311995707475 occ= 2
MO #67  energy= -0.790062763737309 occ= 2
MO #68  energy= -0.779703465071497 occ= 2
MO #69  energy= -0.765104154488019 occ= 2
MO #70  energy= -0.74678486381857  occ= 2
MO #71  energy= -0.733776701005775 occ= 2
MO #72  energy= -0.724650909810456 occ= 2
MO #73  energy= -0.708748275351262 occ= 2
MO #74  energy= -0.679212880196838 occ= 2
MO #75  energy= -0.646901334243362 occ= 2
MO #76  energy= -0.640439068560749 occ= 2
MO #77  energy= -0.63046981094818  occ= 2
MO #78  energy= -0.616964036950431 occ= 2
MO #79  energy= -0.608369523635143 occ= 2
MO #80  energy= -0.588030983433543 occ= 2
MO #81  energy= -0.582678421559585 occ= 2
MO #82  energy= -0.574441743258431 occ= 2
MO #83  energy= -0.554873636451222 occ= 2
MO #84  energy= -0.532096628879236 occ= 2
MO #85  energy= -0.526700678698926 occ= 2
MO #86  energy= -0.519739948073626 occ= 2
MO #87  energy= -0.498921450158387 occ= 2
MO #88  energy= -0.489222606761339 occ= 2
MO #89  energy= -0.481455560770165 occ= 2
MO #90  energy= -0.475069525897507 occ= 2
MO #91  energy= -0.468743098014478 occ= 2
MO #92  energy= -0.461635271782089 occ= 2
MO #93  energy= -0.453044705830517 occ= 2
MO #94  energy= -0.446310159755553 occ= 2
MO #95  energy= -0.435440489771397 occ= 2
MO #96  energy= -0.432738318748948 occ= 2
MO #97  energy= -0.423562406771707 occ= 2
MO #98  energy= -0.42119209402282  occ= 2
MO #99  energy= -0.417244120802477 occ= 2
MO #100 energy= -0.408992569159919 occ= 2
MO #101 energy= -0.406120986114515 occ= 2
MO #102 energy= -0.402666489738334 occ= 2
MO #103 energy= -0.398032640982893 occ= 2
MO #104 energy= -0.394633486353358 occ= 2
MO #105 energy= -0.391377430559591 occ= 2
MO #106 energy= -0.387700284368348 occ= 2
MO #107 energy= -0.385649947075357 occ= 2
MO #108 energy= -0.379237995367013 occ= 2
MO #109 energy= -0.369167136637278 occ= 2
MO #110 energy= -0.361274498350952 occ= 2
MO #111 energy= -0.353958944885487 occ= 2
MO #112 energy= -0.348221692980873 occ= 2
MO #113 energy= -0.346583822061286 occ= 2
MO #114 energy= -0.341445940487542 occ= 2
MO #115 energy= -0.333184829328875 occ= 2
MO #116 energy= -0.330151676787944 occ= 2
MO #117 energy= -0.326565617326679 occ= 2
MO #118 energy= -0.322231474255558 occ= 2
MO #119 energy= -0.315160836684307 occ= 2
MO #120 energy= -0.306643146524723 occ= 2
MO #121 energy= -0.29975098140572  occ= 2
MO #122 energy= -0.295952005986304 occ= 2
MO #123 energy= -0.288285779088059 occ= 2
MO #124 energy= -0.277303310602341 occ= 2
MO #125 energy= -0.269214906323822 occ= 2
MO #126 energy= -0.250704783111577 occ= 2
MO #127 energy= -0.241983781990107 occ= 2
MO #128 energy= -0.235058801542762 occ= 2
MO #129 energy= -0.0449983263092608 occ= 0
MO #130 energy= -0.0239511653222592 occ= 0
MO #131 energy= -0.0161422227341277 occ= 0
MO #132 energy= -0.010631034596467 occ= 0
MO #133 energy= 0.00360764750515565 occ= 0
MO #134 energy= 0.0161055368488973 occ= 0
MO #135 energy= 0.0354257009453096 occ= 0
MO #136 energy= 0.0414850185413247 occ= 0
MO #137 energy= 0.0545211662317733 occ= 0
MO #138 energy= 0.0703034372072519 occ= 0
MO #139 energy= 0.075263366399478  occ= 0
MO #140 energy= 0.0823394443148052 occ= 0
MO #141 energy= 0.0912247525287833 occ= 0
MO #142 energy= 0.100046994539198  occ= 0
MO #143 energy= 0.103098497290802  occ= 0
MO #144 energy= 0.105006832093825  occ= 0
MO #145 energy= 0.111958289866956  occ= 0
MO #146 energy= 0.118639442709345  occ= 0
MO #147 energy= 0.120499107031998  occ= 0
MO #148 energy= 0.128211080673832  occ= 0
MO #149 energy= 0.130335218157727  occ= 0
MO #150 energy= 0.137551084408473  occ= 0
MO #151 energy= 0.138273910337078  occ= 0
MO #152 energy= 0.142295664096526  occ= 0
MO #153 energy= 0.156507272244932  occ= 0
MO #154 energy= 0.15711202249107   occ= 0
MO #155 energy= 0.158991349223879  occ= 0
MO #156 energy= 0.165968286087279  occ= 0
MO #157 energy= 0.17163251473901   occ= 0
MO #158 energy= 0.177485127439215  occ= 0
MO #159 energy= 0.186279467661645  occ= 0
MO #160 energy= 0.188876198788844  occ= 0
MO #161 energy= 0.196547755664264  occ= 0
MO #162 energy= 0.198977311261592  occ= 0
MO #163 energy= 0.215187648519946  occ= 0
MO #164 energy= 0.221254222310353  occ= 0
MO #165 energy= 0.225659293553981  occ= 0
MO #166 energy= 0.23191756192783   occ= 0
MO #167 energy= 0.236173816484077  occ= 0
MO #168 energy= 0.249400571190256  occ= 0
MO #169 energy= 0.252743906574894  occ= 0
MO #170 energy= 0.269158916305999  occ= 0
MO #171 energy= 0.277369115395366  occ= 0
MO #172 energy= 0.279956805229303  occ= 0
MO #173 energy= 0.287839854457695  occ= 0
MO #174 energy= 0.293075206479383  occ= 0
MO #175 energy= 0.300120526719619  occ= 0
MO #176 energy= 0.30950149189334   occ= 0
MO #177 energy= 0.31347199614541   occ= 0
MO #178 energy= 0.322311740503315  occ= 0
MO #179 energy= 0.326654660933796  occ= 0
MO #180 energy= 0.330012585703517  occ= 0
MO #181 energy= 0.338478575167511  occ= 0
MO #182 energy= 0.346085441874042  occ= 0
MO #183 energy= 0.34888605425176   occ= 0
MO #184 energy= 0.354197525670425  occ= 0
MO #185 energy= 0.359774778218294  occ= 0
MO #186 energy= 0.375668304208623  occ= 0
MO #187 energy= 0.401654887325945  occ= 0
MO #188 energy= 0.407019743014252  occ= 0
MO #189 energy= 0.41249123652894   occ= 0
MO #190 energy= 0.417986858231531  occ= 0
MO #191 energy= 0.420509726014384  occ= 0
MO #192 energy= 0.433042547509673  occ= 0
MO #193 energy= 0.444055309531536  occ= 0
MO #194 energy= 0.446466020778132  occ= 0
MO #195 energy= 0.447715159663979  occ= 0
MO #196 energy= 0.453447929810681  occ= 0
MO #197 energy= 0.456113182502466  occ= 0
MO #198 energy= 0.461336204486968  occ= 0
MO #199 energy= 0.462012838587922  occ= 0
MO #200 energy= 0.466085312225285  occ= 0
MO #201 energy= 0.480984989721541  occ= 0
MO #202 energy= 0.486060492758789  occ= 0
MO #203 energy= 0.491693833605712  occ= 0
MO #204 energy= 0.49583369466282   occ= 0
MO #205 energy= 0.500801734003941  occ= 0
MO #206 energy= 0.50185178660472   occ= 0
MO #207 energy= 0.507408597704584  occ= 0
MO #208 energy= 0.51419995977853   occ= 0
MO #209 energy= 0.518618072473386  occ= 0
MO #210 energy= 0.524433634882974  occ= 0
MO #211 energy= 0.53164305021057   occ= 0
MO #212 energy= 0.533472757244409  occ= 0
MO #213 energy= 0.53780173127613   occ= 0
MO #214 energy= 0.544369310908885  occ= 0
MO #215 energy= 0.551832379304569  occ= 0
MO #216 energy= 0.556735314561958  occ= 0
MO #217 energy= 0.56729009707953   occ= 0
MO #218 energy= 0.572793799203957  occ= 0
MO #219 energy= 0.579608896238025  occ= 0
MO #220 energy= 0.580300384903393  occ= 0
MO #221 energy= 0.583823251709267  occ= 0
MO #222 energy= 0.590175147943238  occ= 0
MO #223 energy= 0.594356390390738  occ= 0
MO #224 energy= 0.599670680859631  occ= 0
MO #225 energy= 0.605504141450966  occ= 0
MO #226 energy= 0.608491228491133  occ= 0
MO #227 energy= 0.613427116384707  occ= 0
MO #228 energy= 0.620773690617251  occ= 0
MO #229 energy= 0.628029644235438  occ= 0
MO #230 energy= 0.629304956097472  occ= 0
MO #231 energy= 0.63601044352657   occ= 0
MO #232 energy= 0.639707660343885  occ= 0
MO #233 energy= 0.640953071249433  occ= 0
MO #234 energy= 0.64659111408784   occ= 0
MO #235 energy= 0.647618077259108  occ= 0
MO #236 energy= 0.649698515052863  occ= 0
MO #237 energy= 0.651229714422535  occ= 0
MO #238 energy= 0.651875652071082  occ= 0
MO #239 energy= 0.657807021479306  occ= 0
MO #240 energy= 0.662931822913898  occ= 0
MO #241 energy= 0.663308684109705  occ= 0
MO #242 energy= 0.670751087388185  occ= 0
MO #243 energy= 0.673248598221557  occ= 0
MO #244 energy= 0.67623125465893   occ= 0
MO #245 energy= 0.680827032176995  occ= 0
MO #246 energy= 0.682492440647785  occ= 0
MO #247 energy= 0.685501882320032  occ= 0
MO #248 energy= 0.686726332740346  occ= 0
MO #249 energy= 0.691852081443087  occ= 0
MO #250 energy= 0.695833608895227  occ= 0
MO #251 energy= 0.698450812366848  occ= 0
MO #252 energy= 0.702908376709786  occ= 0
MO #253 energy= 0.7044566159341    occ= 0
MO #254 energy= 0.70973731595714   occ= 0
MO #255 energy= 0.716859869375293  occ= 0
MO #256 energy= 0.72123458227452   occ= 0
MO #257 energy= 0.721734639847796  occ= 0
MO #258 energy= 0.725116122657971  occ= 0
MO #259 energy= 0.739726574006503  occ= 0
MO #260 energy= 0.74426244171634   occ= 0
MO #261 energy= 0.750430681585791  occ= 0
MO #262 energy= 0.751254036321034  occ= 0
MO #263 energy= 0.756908526495311  occ= 0
MO #264 energy= 0.76666228454675   occ= 0
MO #265 energy= 0.770149761807567  occ= 0
MO #266 energy= 0.774180312970188  occ= 0
MO #267 energy= 0.786763725304971  occ= 0
MO #268 energy= 0.791547351424696  occ= 0
MO #269 energy= 0.801901877759737  occ= 0
MO #270 energy= 0.804293718764319  occ= 0
MO #271 energy= 0.822341646670844  occ= 0
MO #272 energy= 0.826592332156912  occ= 0
MO #273 energy= 0.838951715224399  occ= 0
MO #274 energy= 0.842509906007542  occ= 0
MO #275 energy= 0.847131288044652  occ= 0
MO #276 energy= 0.851205153630613  occ= 0
MO #277 energy= 0.872069626477329  occ= 0
MO #278 energy= 0.877317375217279  occ= 0
MO #279 energy= 0.890929836776346  occ= 0
MO #280 energy= 0.893935699996854  occ= 0
MO #281 energy= 0.910844618342839  occ= 0
MO #282 energy= 0.921465263098341  occ= 0
MO #283 energy= 0.931638893848079  occ= 0
MO #284 energy= 0.932008018947439  occ= 0
MO #285 energy= 0.947240584046487  occ= 0
MO #286 energy= 0.956768534047091  occ= 0
MO #287 energy= 0.972510380470233  occ= 0
MO #288 energy= 0.980050522223772  occ= 0
MO #289 energy= 0.983752674615311  occ= 0
MO #290 energy= 1.00232537083023   occ= 0
MO #291 energy= 1.01537781001086   occ= 0
MO #292 energy= 1.02033585778603   occ= 0
MO #293 energy= 1.02540968556487   occ= 0
MO #294 energy= 1.03450993071989   occ= 0
MO #295 energy= 1.05000590800694   occ= 0
MO #296 energy= 1.07740153310476   occ= 0
MO #297 energy= 1.08561385826296   occ= 0
MO #298 energy= 1.100443941068     occ= 0
MO #299 energy= 1.10489062943026   occ= 0
MO #300 energy= 1.11465915416114   occ= 0
MO #301 energy= 1.12898319748947   occ= 0
MO #302 energy= 1.1463691791652    occ= 0
MO #303 energy= 1.15076767592007   occ= 0
MO #304 energy= 1.16472657052016   occ= 0
MO #305 energy= 1.17399002095538   occ= 0
MO #306 energy= 1.17859237040879   occ= 0
MO #307 energy= 1.18966765014394   occ= 0
MO #308 energy= 1.210464150407     occ= 0
MO #309 energy= 1.21746942394812   occ= 0
MO #310 energy= 1.22563427569584   occ= 0
MO #311 energy= 1.22845654338891   occ= 0
MO #312 energy= 1.23611434213587   occ= 0
MO #313 energy= 1.25629816188822   occ= 0
MO #314 energy= 1.26196945371393   occ= 0
MO #315 energy= 1.26924337562768   occ= 0
MO #316 energy= 1.28528247052437   occ= 0
MO #317 energy= 1.29622131316336   occ= 0
MO #318 energy= 1.29781618981355   occ= 0
MO #319 energy= 1.31610184684194   occ= 0
MO #320 energy= 1.31721029601184   occ= 0
MO #321 energy= 1.33010158578334   occ= 0
MO #322 energy= 1.33736321478449   occ= 0
MO #323 energy= 1.34859278284544   occ= 0
MO #324 energy= 1.35066372433675   occ= 0
MO #325 energy= 1.36058984899009   occ= 0
MO #326 energy= 1.38332783802327   occ= 0
MO #327 energy= 1.39714931345143   occ= 0
MO #328 energy= 1.41616048985751   occ= 0
MO #329 energy= 1.41901630774508   occ= 0
MO #330 energy= 1.4261532303742    occ= 0
MO #331 energy= 1.4517476164163    occ= 0
MO #332 energy= 1.45701806897394   occ= 0
MO #333 energy= 1.46039607139607   occ= 0
MO #334 energy= 1.48401998662806   occ= 0
MO #335 energy= 1.49452100772052   occ= 0
MO #336 energy= 1.50322764365514   occ= 0
MO #337 energy= 1.52715608552456   occ= 0
MO #338 energy= 1.53019010488127   occ= 0
MO #339 energy= 1.5407000965305    occ= 0
MO #340 energy= 1.54962184344439   occ= 0
MO #341 energy= 1.56073420162274   occ= 0
MO #342 energy= 1.58758571401783   occ= 0
MO #343 energy= 1.60428754161624   occ= 0
MO #344 energy= 1.61713923805159   occ= 0
MO #345 energy= 1.6256318139413    occ= 0
MO #346 energy= 1.63108896639397   occ= 0
MO #347 energy= 1.64254672020255   occ= 0
MO #348 energy= 1.6636901619539    occ= 0
MO #349 energy= 1.66854166452139   occ= 0
MO #350 energy= 1.67482881140846   occ= 0
MO #351 energy= 1.68280897147364   occ= 0
MO #352 energy= 1.69247096014069   occ= 0
MO #353 energy= 1.70543981129655   occ= 0
MO #354 energy= 1.71130568109828   occ= 0
MO #355 energy= 1.71632044556655   occ= 0
MO #356 energy= 1.72618036056175   occ= 0
MO #357 energy= 1.72858350193262   occ= 0
MO #358 energy= 1.73194802118197   occ= 0
MO #359 energy= 1.74096666548595   occ= 0
MO #360 energy= 1.75050916796346   occ= 0
MO #361 energy= 1.75880282899747   occ= 0
MO #362 energy= 1.7638682184348    occ= 0
MO #363 energy= 1.76658089071926   occ= 0
MO #364 energy= 1.77733420306493   occ= 0
MO #365 energy= 1.78027356259821   occ= 0
MO #366 energy= 1.78729913396445   occ= 0
MO #367 energy= 1.79311269946578   occ= 0
MO #368 energy= 1.79994506894342   occ= 0
MO #369 energy= 1.80352221363484   occ= 0
MO #370 energy= 1.81456781778182   occ= 0
MO #371 energy= 1.82277252754783   occ= 0
MO #372 energy= 1.82762290857451   occ= 0
MO #373 energy= 1.82895780206328   occ= 0
MO #374 energy= 1.83712807507149   occ= 0
MO #375 energy= 1.84046752648338   occ= 0
MO #376 energy= 1.84833623917366   occ= 0
MO #377 energy= 1.85014810128606   occ= 0
MO #378 energy= 1.85666607961166   occ= 0
MO #379 energy= 1.86672284695016   occ= 0
MO #380 energy= 1.87517913641706   occ= 0
MO #381 energy= 1.88470617831917   occ= 0
MO #382 energy= 1.891500443522     occ= 0
MO #383 energy= 1.89580769621271   occ= 0
MO #384 energy= 1.89689712268327   occ= 0
MO #385 energy= 1.90553905392955   occ= 0
MO #386 energy= 1.91381880587797   occ= 0
MO #387 energy= 1.91556145085855   occ= 0
MO #388 energy= 1.92793625422425   occ= 0
MO #389 energy= 1.93791366756966   occ= 0
MO #390 energy= 1.95140222439384   occ= 0
MO #391 energy= 1.95756984854033   occ= 0
MO #392 energy= 1.96361280087228   occ= 0
MO #393 energy= 1.96979529663026   occ= 0
MO #394 energy= 1.977670458969     occ= 0
MO #395 energy= 1.98524479311631   occ= 0
MO #396 energy= 1.99923007198752   occ= 0
MO #397 energy= 2.01984866727396   occ= 0
MO #398 energy= 2.03379221373125   occ= 0
MO #399 energy= 2.04232096067051   occ= 0
MO #400 energy= 2.04739862860344   occ= 0
MO #401 energy= 2.05984842807549   occ= 0
MO #402 energy= 2.06367988318428   occ= 0
MO #403 energy= 2.09360912449816   occ= 0
MO #404 energy= 2.10231763155206   occ= 0
MO #405 energy= 2.1053850059896    occ= 0
MO #406 energy= 2.12505358827714   occ= 0
MO #407 energy= 2.13148213911327   occ= 0
MO #408 energy= 2.14100778222491   occ= 0
MO #409 energy= 2.14987352560615   occ= 0
MO #410 energy= 2.15795889148336   occ= 0
MO #411 energy= 2.18063263766944   occ= 0
MO #412 energy= 2.19196776123081   occ= 0
MO #413 energy= 2.19903829768634   occ= 0
MO #414 energy= 2.20083062290694   occ= 0
MO #415 energy= 2.21773783501232   occ= 0
MO #416 energy= 2.22758322151559   occ= 0
MO #417 energy= 2.23412484002096   occ= 0
MO #418 energy= 2.25524456235555   occ= 0
MO #419 energy= 2.25619187391365   occ= 0
MO #420 energy= 2.26610195862403   occ= 0
MO #421 energy= 2.27426404686447   occ= 0
MO #422 energy= 2.2874286403845    occ= 0
MO #423 energy= 2.29023802185147   occ= 0
MO #424 energy= 2.29808840748278   occ= 0
MO #425 energy= 2.31253127695938   occ= 0
MO #426 energy= 2.3264905776476    occ= 0
MO #427 energy= 2.34315067014149   occ= 0
MO #428 energy= 2.34773213583577   occ= 0
MO #429 energy= 2.36956955891151   occ= 0
MO #430 energy= 2.38081456298452   occ= 0
MO #431 energy= 2.39886237866527   occ= 0
MO #432 energy= 2.41170117546831   occ= 0
MO #433 energy= 2.41878173441813   occ= 0
MO #434 energy= 2.45412287727271   occ= 0
MO #435 energy= 2.45880959055052   occ= 0
MO #436 energy= 2.46830630305642   occ= 0
MO #437 energy= 2.4863337165226    occ= 0
MO #438 energy= 2.50644136952032   occ= 0
MO #439 energy= 2.52829761954821   occ= 0
MO #440 energy= 2.53135914632813   occ= 0
MO #441 energy= 2.54945686766546   occ= 0
MO #442 energy= 2.56065187592914   occ= 0
MO #443 energy= 2.56777539304198   occ= 0
MO #444 energy= 2.57385040456105   occ= 0
MO #445 energy= 2.57921637158803   occ= 0
MO #446 energy= 2.59339075332653   occ= 0
MO #447 energy= 2.59998065637622   occ= 0
MO #448 energy= 2.6087600718129    occ= 0
MO #449 energy= 2.6124037545754    occ= 0
MO #450 energy= 2.61807295364312   occ= 0
MO #451 energy= 2.63208010833178   occ= 0
MO #452 energy= 2.63863747655983   occ= 0
MO #453 energy= 2.64996493833876   occ= 0
MO #454 energy= 2.66079891103782   occ= 0
MO #455 energy= 2.67599781502451   occ= 0
MO #456 energy= 2.682538522004     occ= 0
MO #457 energy= 2.69186055375597   occ= 0
MO #458 energy= 2.70410425300914   occ= 0
MO #459 energy= 2.72170046383096   occ= 0
MO #460 energy= 2.7234321192018    occ= 0
MO #461 energy= 2.74620425560777   occ= 0
MO #462 energy= 2.76536986830917   occ= 0
MO #463 energy= 2.78751820134665   occ= 0
MO #464 energy= 2.79681792386935   occ= 0
MO #465 energy= 2.79887524860466   occ= 0
MO #466 energy= 2.80820168863125   occ= 0
MO #467 energy= 2.83341372561349   occ= 0
MO #468 energy= 2.84256249830522   occ= 0
MO #469 energy= 2.8468560381867    occ= 0
MO #470 energy= 2.84982224489618   occ= 0
MO #471 energy= 2.87841223981505   occ= 0
MO #472 energy= 2.88619269151959   occ= 0
MO #473 energy= 2.89639485017682   occ= 0
MO #474 energy= 2.91309448531533   occ= 0
MO #475 energy= 2.92526478897077   occ= 0
MO #476 energy= 2.93017288444207   occ= 0
MO #477 energy= 2.94298678831982   occ= 0
MO #478 energy= 2.9516826597332    occ= 0
MO #479 energy= 2.96716306548387   occ= 0
MO #480 energy= 2.98490731795123   occ= 0
MO #481 energy= 2.9969528102237    occ= 0
MO #482 energy= 3.00650915950306   occ= 0
MO #483 energy= 3.00954924535057   occ= 0
MO #484 energy= 3.02568064734051   occ= 0
MO #485 energy= 3.0282079885317    occ= 0
MO #486 energy= 3.03719300836309   occ= 0
MO #487 energy= 3.04585625408469   occ= 0
MO #488 energy= 3.05304012842127   occ= 0
MO #489 energy= 3.0590738204552    occ= 0
MO #490 energy= 3.06760701948699   occ= 0
MO #491 energy= 3.0818068231915    occ= 0
MO #492 energy= 3.11956300896014   occ= 0
MO #493 energy= 3.13279162046735   occ= 0
MO #494 energy= 3.16747517683365   occ= 0
MO #495 energy= 3.22601538674274   occ= 0
MO #496 energy= 3.2529763810176    occ= 0
MO #497 energy= 3.3196766405254    occ= 0
MO #498 energy= 3.34563728980604   occ= 0
MO #499 energy= 3.35674688575952   occ= 0
MO #500 energy= 3.41123473331701   occ= 0
MO #501 energy= 3.42867681071536   occ= 0
MO #502 energy= 3.44984202106635   occ= 0
MO #503 energy= 3.45817304689342   occ= 0
MO #504 energy= 3.46658593518385   occ= 0
MO #505 energy= 3.49950221508976   occ= 0
MO #506 energy= 3.51574710529477   occ= 0
MO #507 energy= 3.55892703014134   occ= 0
MO #508 energy= 3.5959352830931    occ= 0
MO #509 energy= 3.63739264260951   occ= 0
MO #510 energy= 3.6525251574994    occ= 0
MO #511 energy= 3.67099167555533   occ= 0
MO #512 energy= 3.83068558424868   occ= 0
MO #513 energy= 3.84437211628804   occ= 0
 ** Mulliken atomic charges  **
charge of  0O =     -0.75704
charge of  1P =      1.75439
charge of  2O =     -0.63745
charge of  3O =     -0.55022
charge of  4C =      0.16985
charge of  5C =     -0.02016
charge of  6Br =     -0.01560
charge of  7C =     -0.10948
charge of  8C =      0.01399
charge of  9C =      0.00407
charge of  10C =     -0.17417
charge of  11C =     -0.16140
charge of  12C =     -0.16554
charge of  13C =     -0.17121
charge of  14C =     -0.02722
charge of  15C =     -0.02507
charge of  16C =      0.17518
charge of  17O =     -0.53179
charge of  18C =     -0.03410
charge of  19Br =     -0.03443
charge of  20C =     -0.11230
charge of  21C =      0.00503
charge of  22C =      0.00335
charge of  23C =     -0.17122
charge of  24C =     -0.15860
charge of  25C =     -0.15907
charge of  26C =     -0.16827
charge of  27H =      0.34939
charge of  28H =      0.11527
charge of  29H =      0.09909
charge of  30H =      0.08803
charge of  31H =      0.09034
charge of  32H =      0.09416
charge of  33H =      0.08819
charge of  34H =      0.09340
charge of  35H =      0.09570
charge of  36H =      0.09420
charge of  37H =      0.11326
charge of  38H =      0.10120
charge of  39H =      0.09973
charge of  40H =      0.08137
charge of  41H =      0.08979
charge of  42H =      0.08306
charge of  43H =      0.08971
charge of  44H =      0.09527
charge of  45H =      0.09733
Dipole moment(X, Y, Z, Debye):  2.11641,  1.86219,  6.56227
def2-svp b3lyp 62.952147245407104
