/public3/home/scg5914/software-scg5914/LSW/1/data/data2/std_data/def2svp_b3lyp/cat_17.xyz
converged SCF energy = -3223.68948726033
**** MO energy ****
MO #1   energy= -77.2315687149885  occ= 2
MO #2   energy= -24.7230796048155  occ= 2
MO #3   energy= -24.7210678809284  occ= 2
MO #4   energy= -24.7193026527658  occ= 2
MO #5   energy= -24.7174144344187  occ= 2
MO #6   energy= -24.7168701538721  occ= 2
MO #7   energy= -24.7150920519902  occ= 2
MO #8   energy= -24.7147470863317  occ= 2
MO #9   energy= -24.7140339704191  occ= 2
MO #10  energy= -24.7137409880495  occ= 2
MO #11  energy= -24.7124363298658  occ= 2
MO #12  energy= -24.7118265660782  occ= 2
MO #13  energy= -24.707464786951   occ= 2
MO #14  energy= -19.1982003064848  occ= 2
MO #15  energy= -19.1914912437736  occ= 2
MO #16  energy= -19.1873396743473  occ= 2
MO #17  energy= -19.1022510386538  occ= 2
MO #18  energy= -10.4358992035895  occ= 2
MO #19  energy= -10.4335852237449  occ= 2
MO #20  energy= -10.4327538743189  occ= 2
MO #21  energy= -10.4298054028742  occ= 2
MO #22  energy= -10.2699142128655  occ= 2
MO #23  energy= -10.2652382369724  occ= 2
MO #24  energy= -10.2270024865467  occ= 2
MO #25  energy= -10.2256321153881  occ= 2
MO #26  energy= -10.2241242096675  occ= 2
MO #27  energy= -10.2230097327979  occ= 2
MO #28  energy= -10.2219540403637  occ= 2
MO #29  energy= -10.2210803040387  occ= 2
MO #30  energy= -10.2197642668326  occ= 2
MO #31  energy= -10.2191429880903  occ= 2
MO #32  energy= -10.2185089641725  occ= 2
MO #33  energy= -10.2179551618343  occ= 2
MO #34  energy= -10.2159709626304  occ= 2
MO #35  energy= -10.2154909277094  occ= 2
MO #36  energy= -10.2144128422086  occ= 2
MO #37  energy= -10.2139463819903  occ= 2
MO #38  energy= -10.2135351945632  occ= 2
MO #39  energy= -10.2133692389998  occ= 2
MO #40  energy= -10.2116069486202  occ= 2
MO #41  energy= -10.2105223327372  occ= 2
MO #42  energy= -10.2068882957498  occ= 2
MO #43  energy= -10.2061404431584  occ= 2
MO #44  energy= -10.2047843708379  occ= 2
MO #45  energy= -10.2027959934889  occ= 2
MO #46  energy= -10.1990008097619  occ= 2
MO #47  energy= -10.1981299248645  occ= 2
MO #48  energy= -10.1978981260622  occ= 2
MO #49  energy= -10.1974401569612  occ= 2
MO #50  energy= -10.1940241517693  occ= 2
MO #51  energy= -10.1930799804376  occ= 2
MO #52  energy= -10.1917531158679  occ= 2
MO #53  energy= -10.1915808115744  occ= 2
MO #54  energy= -6.70747738813937  occ= 2
MO #55  energy= -4.87502269957183  occ= 2
MO #56  energy= -4.87458023545559  occ= 2
MO #57  energy= -4.87266886332367  occ= 2
MO #58  energy= -1.3022772925889   occ= 2
MO #59  energy= -1.30015543321351  occ= 2
MO #60  energy= -1.29901629638018  occ= 2
MO #61  energy= -1.29629746363979  occ= 2
MO #62  energy= -1.20963805752869  occ= 2
MO #63  energy= -1.20751322576145  occ= 2
MO #64  energy= -1.20591415958184  occ= 2
MO #65  energy= -1.20398858239895  occ= 2
MO #66  energy= -1.20297800686681  occ= 2
MO #67  energy= -1.20103139123142  occ= 2
MO #68  energy= -1.20013217206234  occ= 2
MO #69  energy= -1.19622928435879  occ= 2
MO #70  energy= -1.13349905063608  occ= 2
MO #71  energy= -1.07017417509258  occ= 2
MO #72  energy= -1.05991393225041  occ= 2
MO #73  energy= -0.973051314336493 occ= 2
MO #74  energy= -0.903392312550368 occ= 2
MO #75  energy= -0.898585564471592 occ= 2
MO #76  energy= -0.891473004588545 occ= 2
MO #77  energy= -0.879306319262262 occ= 2
MO #78  energy= -0.837616434382262 occ= 2
MO #79  energy= -0.834458896441399 occ= 2
MO #80  energy= -0.822640742251529 occ= 2
MO #81  energy= -0.809293401407354 occ= 2
MO #82  energy= -0.805455299655453 occ= 2
MO #83  energy= -0.795159297279242 occ= 2
MO #84  energy= -0.787229231437726 occ= 2
MO #85  energy= -0.77104274094312  occ= 2
MO #86  energy= -0.75422131043784  occ= 2
MO #87  energy= -0.746727138149383 occ= 2
MO #88  energy= -0.740920520645349 occ= 2
MO #89  energy= -0.720009522341695 occ= 2
MO #90  energy= -0.7083249634403   occ= 2
MO #91  energy= -0.705560044712942 occ= 2
MO #92  energy= -0.703107854808548 occ= 2
MO #93  energy= -0.699276113167084 occ= 2
MO #94  energy= -0.683152521637255 occ= 2
MO #95  energy= -0.662467342900624 occ= 2
MO #96  energy= -0.659400245296254 occ= 2
MO #97  energy= -0.647575956429802 occ= 2
MO #98  energy= -0.645162269713734 occ= 2
MO #99  energy= -0.64104867582037  occ= 2
MO #100 energy= -0.63637100235793  occ= 2
MO #101 energy= -0.632032146215418 occ= 2
MO #102 energy= -0.627185800664101 occ= 2
MO #103 energy= -0.618183424640848 occ= 2
MO #104 energy= -0.604264954447655 occ= 2
MO #105 energy= -0.59875495209557  occ= 2
MO #106 energy= -0.596038015963891 occ= 2
MO #107 energy= -0.5936369757941   occ= 2
MO #108 energy= -0.592922040492024 occ= 2
MO #109 energy= -0.591340717863222 occ= 2
MO #110 energy= -0.590010842030528 occ= 2
MO #111 energy= -0.589561900690566 occ= 2
MO #112 energy= -0.586550672218785 occ= 2
MO #113 energy= -0.584803611918753 occ= 2
MO #114 energy= -0.583492013406874 occ= 2
MO #115 energy= -0.574721698093309 occ= 2
MO #116 energy= -0.570778966234019 occ= 2
MO #117 energy= -0.55834064351527  occ= 2
MO #118 energy= -0.54007440342552  occ= 2
MO #119 energy= -0.538214137128969 occ= 2
MO #120 energy= -0.534304238928831 occ= 2
MO #121 energy= -0.526870097120652 occ= 2
MO #122 energy= -0.52091767104846  occ= 2
MO #123 energy= -0.519882671624673 occ= 2
MO #124 energy= -0.51628294572388  occ= 2
MO #125 energy= -0.504474866540844 occ= 2
MO #126 energy= -0.494525047371212 occ= 2
MO #127 energy= -0.492850002178003 occ= 2
MO #128 energy= -0.487555266129816 occ= 2
MO #129 energy= -0.48666252776048  occ= 2
MO #130 energy= -0.480569127334744 occ= 2
MO #131 energy= -0.47163114317731  occ= 2
MO #132 energy= -0.470999496299909 occ= 2
MO #133 energy= -0.469646260800261 occ= 2
MO #134 energy= -0.46845184716187  occ= 2
MO #135 energy= -0.467884432899453 occ= 2
MO #136 energy= -0.467601447591279 occ= 2
MO #137 energy= -0.465345324348958 occ= 2
MO #138 energy= -0.464075938681721 occ= 2
MO #139 energy= -0.462900233520559 occ= 2
MO #140 energy= -0.462166835198814 occ= 2
MO #141 energy= -0.460828317003386 occ= 2
MO #142 energy= -0.455146333491323 occ= 2
MO #143 energy= -0.452866242997862 occ= 2
MO #144 energy= -0.451532015991302 occ= 2
MO #145 energy= -0.445111257102739 occ= 2
MO #146 energy= -0.442181978142641 occ= 2
MO #147 energy= -0.435814006959494 occ= 2
MO #148 energy= -0.433311901775418 occ= 2
MO #149 energy= -0.430431213296781 occ= 2
MO #150 energy= -0.429102802466752 occ= 2
MO #151 energy= -0.42772130865311  occ= 2
MO #152 energy= -0.426904017149399 occ= 2
MO #153 energy= -0.426029877304072 occ= 2
MO #154 energy= -0.425639280516351 occ= 2
MO #155 energy= -0.424772865790212 occ= 2
MO #156 energy= -0.420905857522322 occ= 2
MO #157 energy= -0.419506252173317 occ= 2
MO #158 energy= -0.417904180418582 occ= 2
MO #159 energy= -0.416751370776364 occ= 2
MO #160 energy= -0.415705951604855 occ= 2
MO #161 energy= -0.413099231958299 occ= 2
MO #162 energy= -0.410491767368787 occ= 2
MO #163 energy= -0.408826279638168 occ= 2
MO #164 energy= -0.407724407091662 occ= 2
MO #165 energy= -0.407124730013264 occ= 2
MO #166 energy= -0.405359282141001 occ= 2
MO #167 energy= -0.404370039780789 occ= 2
MO #168 energy= -0.403437316551007 occ= 2
MO #169 energy= -0.402429997203582 occ= 2
MO #170 energy= -0.39957650780595  occ= 2
MO #171 energy= -0.395325140622063 occ= 2
MO #172 energy= -0.395189231538476 occ= 2
MO #173 energy= -0.387413565028615 occ= 2
MO #174 energy= -0.385966020362311 occ= 2
MO #175 energy= -0.381159073723772 occ= 2
MO #176 energy= -0.378905816038768 occ= 2
MO #177 energy= -0.374234731454455 occ= 2
MO #178 energy= -0.371900942912182 occ= 2
MO #179 energy= -0.360169841015451 occ= 2
MO #180 energy= -0.357734705682896 occ= 2
MO #181 energy= -0.354805043095749 occ= 2
MO #182 energy= -0.351380804099678 occ= 2
MO #183 energy= -0.350683222022524 occ= 2
MO #184 energy= -0.349961296271152 occ= 2
MO #185 energy= -0.335857681973877 occ= 2
MO #186 energy= -0.332889601230773 occ= 2
MO #187 energy= -0.33177762526827  occ= 2
MO #188 energy= -0.328260588923201 occ= 2
MO #189 energy= -0.315551048064899 occ= 2
MO #190 energy= -0.310538813847689 occ= 2
MO #191 energy= -0.300497508850439 occ= 2
MO #192 energy= -0.292191055836938 occ= 2
MO #193 energy= -0.290677727524096 occ= 2
MO #194 energy= -0.285190721292913 occ= 2
MO #195 energy= -0.270626721266581 occ= 2
MO #196 energy= -0.256422020706545 occ= 2
MO #197 energy= -0.248291179986131 occ= 2
MO #198 energy= -0.246030583463816 occ= 2
MO #199 energy= -0.0618302995758477 occ= 0
MO #200 energy= -0.0574174614375696 occ= 0
MO #201 energy= -0.0498373457014672 occ= 0
MO #202 energy= -0.0451834943003257 occ= 0
MO #203 energy= -0.0393385011873032 occ= 0
MO #204 energy= -0.0222397778490584 occ= 0
MO #205 energy= -0.00940640951772647 occ= 0
MO #206 energy= -0.00391880558650705 occ= 0
MO #207 energy= 0.0311561794005593 occ= 0
MO #208 energy= 0.0381675786427016 occ= 0
MO #209 energy= 0.0511039968911418 occ= 0
MO #210 energy= 0.0618911588711742 occ= 0
MO #211 energy= 0.0684370674348586 occ= 0
MO #212 energy= 0.0723039073549986 occ= 0
MO #213 energy= 0.0764862998376882 occ= 0
MO #214 energy= 0.0801775340881079 occ= 0
MO #215 energy= 0.0832544953100148 occ= 0
MO #216 energy= 0.0889861145979842 occ= 0
MO #217 energy= 0.0904942771367781 occ= 0
MO #218 energy= 0.0925485000035108 occ= 0
MO #219 energy= 0.099107980324472  occ= 0
MO #220 energy= 0.103064101508205  occ= 0
MO #221 energy= 0.108548852301772  occ= 0
MO #222 energy= 0.110034082654448  occ= 0
MO #223 energy= 0.113567638922359  occ= 0
MO #224 energy= 0.114172445799257  occ= 0
MO #225 energy= 0.11953877602913   occ= 0
MO #226 energy= 0.121041713323328  occ= 0
MO #227 energy= 0.122195587034313  occ= 0
MO #228 energy= 0.125029641683811  occ= 0
MO #229 energy= 0.127686000884224  occ= 0
MO #230 energy= 0.131624572185762  occ= 0
MO #231 energy= 0.134675970406528  occ= 0
MO #232 energy= 0.137420629552039  occ= 0
MO #233 energy= 0.141451654381306  occ= 0
MO #234 energy= 0.142326554524511  occ= 0
MO #235 energy= 0.143908732222523  occ= 0
MO #236 energy= 0.147720833591228  occ= 0
MO #237 energy= 0.152197677471113  occ= 0
MO #238 energy= 0.155625269535024  occ= 0
MO #239 energy= 0.157786929246217  occ= 0
MO #240 energy= 0.168418288746059  occ= 0
MO #241 energy= 0.170425093222731  occ= 0
MO #242 energy= 0.171646216849319  occ= 0
MO #243 energy= 0.182601965739925  occ= 0
MO #244 energy= 0.18558881050886   occ= 0
MO #245 energy= 0.193636535015582  occ= 0
MO #246 energy= 0.196576498066088  occ= 0
MO #247 energy= 0.202669167307669  occ= 0
MO #248 energy= 0.202731055213016  occ= 0
MO #249 energy= 0.203923169980952  occ= 0
MO #250 energy= 0.209383122374241  occ= 0
MO #251 energy= 0.211519103901716  occ= 0
MO #252 energy= 0.212502303378762  occ= 0
MO #253 energy= 0.213891640855208  occ= 0
MO #254 energy= 0.217067821647663  occ= 0
MO #255 energy= 0.218886221008135  occ= 0
MO #256 energy= 0.221578815557781  occ= 0
MO #257 energy= 0.22450965373315   occ= 0
MO #258 energy= 0.22539764294725   occ= 0
MO #259 energy= 0.232096461476531  occ= 0
MO #260 energy= 0.236998534518816  occ= 0
MO #261 energy= 0.241735548491473  occ= 0
MO #262 energy= 0.24472097722868   occ= 0
MO #263 energy= 0.245969349534341  occ= 0
MO #264 energy= 0.254838901618497  occ= 0
MO #265 energy= 0.260598134565064  occ= 0
MO #266 energy= 0.261671873362535  occ= 0
MO #267 energy= 0.262218189215149  occ= 0
MO #268 energy= 0.264321356359999  occ= 0
MO #269 energy= 0.266186302790413  occ= 0
MO #270 energy= 0.276758704893058  occ= 0
MO #271 energy= 0.281522650024658  occ= 0
MO #272 energy= 0.283146746743387  occ= 0
MO #273 energy= 0.285750549691468  occ= 0
MO #274 energy= 0.290910706364678  occ= 0
MO #275 energy= 0.299348878613404  occ= 0
MO #276 energy= 0.301100787074916  occ= 0
MO #277 energy= 0.305190343094175  occ= 0
MO #278 energy= 0.308188799378285  occ= 0
MO #279 energy= 0.310121157083365  occ= 0
MO #280 energy= 0.316093235383362  occ= 0
MO #281 energy= 0.319141433044765  occ= 0
MO #282 energy= 0.329189459814008  occ= 0
MO #283 energy= 0.331261187684968  occ= 0
MO #284 energy= 0.33390587711293   occ= 0
MO #285 energy= 0.337211731484285  occ= 0
MO #286 energy= 0.343391084350962  occ= 0
MO #287 energy= 0.344202110740667  occ= 0
MO #288 energy= 0.345554702695946  occ= 0
MO #289 energy= 0.353115237426001  occ= 0
MO #290 energy= 0.356889870114699  occ= 0
MO #291 energy= 0.360089963124714  occ= 0
MO #292 energy= 0.36621637691286   occ= 0
MO #293 energy= 0.372009963633145  occ= 0
MO #294 energy= 0.374122168667173  occ= 0
MO #295 energy= 0.376507697599911  occ= 0
MO #296 energy= 0.380396674136858  occ= 0
MO #297 energy= 0.386772005721032  occ= 0
MO #298 energy= 0.391653991019046  occ= 0
MO #299 energy= 0.395671519850217  occ= 0
MO #300 energy= 0.404385865506734  occ= 0
MO #301 energy= 0.409599938746981  occ= 0
MO #302 energy= 0.415686981127986  occ= 0
MO #303 energy= 0.416554952077403  occ= 0
MO #304 energy= 0.421104770592819  occ= 0
MO #305 energy= 0.423683886914083  occ= 0
MO #306 energy= 0.42568386866655   occ= 0
MO #307 energy= 0.428221862216475  occ= 0
MO #308 energy= 0.43369644465674   occ= 0
MO #309 energy= 0.434999485292877  occ= 0
MO #310 energy= 0.436319725879364  occ= 0
MO #311 energy= 0.438985755196296  occ= 0
MO #312 energy= 0.441595802465283  occ= 0
MO #313 energy= 0.450763986304936  occ= 0
MO #314 energy= 0.4531455420456    occ= 0
MO #315 energy= 0.45540506060556   occ= 0
MO #316 energy= 0.457813661990446  occ= 0
MO #317 energy= 0.462017832551623  occ= 0
MO #318 energy= 0.467837270907326  occ= 0
MO #319 energy= 0.468491430405503  occ= 0
MO #320 energy= 0.471421938052951  occ= 0
MO #321 energy= 0.472798283666318  occ= 0
MO #322 energy= 0.480147124165329  occ= 0
MO #323 energy= 0.483740393109243  occ= 0
MO #324 energy= 0.485877233728466  occ= 0
MO #325 energy= 0.487523905516258  occ= 0
MO #326 energy= 0.492865793485941  occ= 0
MO #327 energy= 0.495702995508979  occ= 0
MO #328 energy= 0.498892038625948  occ= 0
MO #329 energy= 0.514560381150143  occ= 0
MO #330 energy= 0.518138944801624  occ= 0
MO #331 energy= 0.521129492689222  occ= 0
MO #332 energy= 0.52328659479612   occ= 0
MO #333 energy= 0.527359266064317  occ= 0
MO #334 energy= 0.52927544003969   occ= 0
MO #335 energy= 0.532025177497716  occ= 0
MO #336 energy= 0.540925589753376  occ= 0
MO #337 energy= 0.545259094403446  occ= 0
MO #338 energy= 0.546756038436121  occ= 0
MO #339 energy= 0.556982175795831  occ= 0
MO #340 energy= 0.568541640767019  occ= 0
MO #341 energy= 0.573428986550428  occ= 0
MO #342 energy= 0.580973427192663  occ= 0
MO #343 energy= 0.582456529155531  occ= 0
MO #344 energy= 0.587365632779125  occ= 0
MO #345 energy= 0.591525250638858  occ= 0
MO #346 energy= 0.596252365565723  occ= 0
MO #347 energy= 0.598913258335453  occ= 0
MO #348 energy= 0.602291952284872  occ= 0
MO #349 energy= 0.605567890202604  occ= 0
MO #350 energy= 0.607953045057492  occ= 0
MO #351 energy= 0.611888191541231  occ= 0
MO #352 energy= 0.616625819133921  occ= 0
MO #353 energy= 0.61904869429407   occ= 0
MO #354 energy= 0.625750757781029  occ= 0
MO #355 energy= 0.626463232418288  occ= 0
MO #356 energy= 0.627978910748799  occ= 0
MO #357 energy= 0.631111888300574  occ= 0
MO #358 energy= 0.632729380092635  occ= 0
MO #359 energy= 0.634793732923282  occ= 0
MO #360 energy= 0.635393836648184  occ= 0
MO #361 energy= 0.639476089080489  occ= 0
MO #362 energy= 0.641940491341453  occ= 0
MO #363 energy= 0.643532106869062  occ= 0
MO #364 energy= 0.64721546963557   occ= 0
MO #365 energy= 0.647513252654061  occ= 0
MO #366 energy= 0.648821010883501  occ= 0
MO #367 energy= 0.650140053820683  occ= 0
MO #368 energy= 0.651654453665787  occ= 0
MO #369 energy= 0.653776281464642  occ= 0
MO #370 energy= 0.655630225056546  occ= 0
MO #371 energy= 0.656257116247542  occ= 0
MO #372 energy= 0.661764924412827  occ= 0
MO #373 energy= 0.664242316898682  occ= 0
MO #374 energy= 0.665244334004205  occ= 0
MO #375 energy= 0.668419661661752  occ= 0
MO #376 energy= 0.669925784194769  occ= 0
MO #377 energy= 0.67037710689916   occ= 0
MO #378 energy= 0.672534645116876  occ= 0
MO #379 energy= 0.674616954103732  occ= 0
MO #380 energy= 0.679327473122197  occ= 0
MO #381 energy= 0.681133041854314  occ= 0
MO #382 energy= 0.681866907913804  occ= 0
MO #383 energy= 0.684493392258677  occ= 0
MO #384 energy= 0.687996569109459  occ= 0
MO #385 energy= 0.689118944197732  occ= 0
MO #386 energy= 0.689834795788514  occ= 0
MO #387 energy= 0.693033048433216  occ= 0
MO #388 energy= 0.694458226640522  occ= 0
MO #389 energy= 0.696661670374498  occ= 0
MO #390 energy= 0.698779978987172  occ= 0
MO #391 energy= 0.703213701220922  occ= 0
MO #392 energy= 0.708055298519114  occ= 0
MO #393 energy= 0.712948148318044  occ= 0
MO #394 energy= 0.713999663328851  occ= 0
MO #395 energy= 0.714970315787984  occ= 0
MO #396 energy= 0.720241330800172  occ= 0
MO #397 energy= 0.722004443721165  occ= 0
MO #398 energy= 0.723113384905007  occ= 0
MO #399 energy= 0.72710855874914   occ= 0
MO #400 energy= 0.738926609585769  occ= 0
MO #401 energy= 0.742197242957903  occ= 0
MO #402 energy= 0.745126976913928  occ= 0
MO #403 energy= 0.747793064003503  occ= 0
MO #404 energy= 0.754814226324025  occ= 0
MO #405 energy= 0.758195213980971  occ= 0
MO #406 energy= 0.765887123363061  occ= 0
MO #407 energy= 0.769617577611454  occ= 0
MO #408 energy= 0.772225914061132  occ= 0
MO #409 energy= 0.776141669224685  occ= 0
MO #410 energy= 0.779928309470502  occ= 0
MO #411 energy= 0.790614829466755  occ= 0
MO #412 energy= 0.796581213929991  occ= 0
MO #413 energy= 0.799208314845874  occ= 0
MO #414 energy= 0.810113639471085  occ= 0
MO #415 energy= 0.813170052337531  occ= 0
MO #416 energy= 0.81883943496025   occ= 0
MO #417 energy= 0.821841239075804  occ= 0
MO #418 energy= 0.828144424231845  occ= 0
MO #419 energy= 0.833267800071202  occ= 0
MO #420 energy= 0.839536755677601  occ= 0
MO #421 energy= 0.84554356280004   occ= 0
MO #422 energy= 0.850531792514719  occ= 0
MO #423 energy= 0.85684684312802   occ= 0
MO #424 energy= 0.861866793769208  occ= 0
MO #425 energy= 0.877165833585437  occ= 0
MO #426 energy= 0.881963224143127  occ= 0
MO #427 energy= 0.887401096520775  occ= 0
MO #428 energy= 0.892730301402701  occ= 0
MO #429 energy= 0.90264184459713   occ= 0
MO #430 energy= 0.910777775940731  occ= 0
MO #431 energy= 0.917837808652194  occ= 0
MO #432 energy= 0.925110625066948  occ= 0
MO #433 energy= 0.926431739092655  occ= 0
MO #434 energy= 0.935408905867557  occ= 0
MO #435 energy= 0.938075904387169  occ= 0
MO #436 energy= 0.952483432793581  occ= 0
MO #437 energy= 0.957140988346448  occ= 0
MO #438 energy= 0.966169655093786  occ= 0
MO #439 energy= 0.979699622229981  occ= 0
MO #440 energy= 0.989472363021365  occ= 0
MO #441 energy= 0.992344055185298  occ= 0
MO #442 energy= 0.998032830122892  occ= 0
MO #443 energy= 1.00412633041131   occ= 0
MO #444 energy= 1.00852995111325   occ= 0
MO #445 energy= 1.02094953057055   occ= 0
MO #446 energy= 1.02793082671844   occ= 0
MO #447 energy= 1.03268127745983   occ= 0
MO #448 energy= 1.04392934583978   occ= 0
MO #449 energy= 1.04959373897116   occ= 0
MO #450 energy= 1.05742032987194   occ= 0
MO #451 energy= 1.06401314679953   occ= 0
MO #452 energy= 1.07365045487166   occ= 0
MO #453 energy= 1.07701244921146   occ= 0
MO #454 energy= 1.08288359406796   occ= 0
MO #455 energy= 1.09008208580229   occ= 0
MO #456 energy= 1.09469336343964   occ= 0
MO #457 energy= 1.09781342982517   occ= 0
MO #458 energy= 1.09924120858406   occ= 0
MO #459 energy= 1.10183256432831   occ= 0
MO #460 energy= 1.10402638509024   occ= 0
MO #461 energy= 1.11181566465598   occ= 0
MO #462 energy= 1.11419372248377   occ= 0
MO #463 energy= 1.11578227732276   occ= 0
MO #464 energy= 1.12061400014449   occ= 0
MO #465 energy= 1.12474533714752   occ= 0
MO #466 energy= 1.12968933726477   occ= 0
MO #467 energy= 1.13075157275538   occ= 0
MO #468 energy= 1.13340192336628   occ= 0
MO #469 energy= 1.13643090624858   occ= 0
MO #470 energy= 1.13830186770061   occ= 0
MO #471 energy= 1.14648920889943   occ= 0
MO #472 energy= 1.15087212171578   occ= 0
MO #473 energy= 1.15626929980205   occ= 0
MO #474 energy= 1.16367313778828   occ= 0
MO #475 energy= 1.16773844434625   occ= 0
MO #476 energy= 1.17233842022934   occ= 0
MO #477 energy= 1.17733077823032   occ= 0
MO #478 energy= 1.18794324150654   occ= 0
MO #479 energy= 1.20092954609552   occ= 0
MO #480 energy= 1.20841521170653   occ= 0
MO #481 energy= 1.20925881187905   occ= 0
MO #482 energy= 1.21450715960356   occ= 0
MO #483 energy= 1.21905936685334   occ= 0
MO #484 energy= 1.22729390047948   occ= 0
MO #485 energy= 1.23466089465197   occ= 0
MO #486 energy= 1.24139964303815   occ= 0
MO #487 energy= 1.24353226970458   occ= 0
MO #488 energy= 1.24607958510281   occ= 0
MO #489 energy= 1.24952496190136   occ= 0
MO #490 energy= 1.26002896896602   occ= 0
MO #491 energy= 1.26358433788958   occ= 0
MO #492 energy= 1.27037366399194   occ= 0
MO #493 energy= 1.27551976208284   occ= 0
MO #494 energy= 1.27693793757762   occ= 0
MO #495 energy= 1.27898621254055   occ= 0
MO #496 energy= 1.28578072500688   occ= 0
MO #497 energy= 1.29282327824076   occ= 0
MO #498 energy= 1.29869804963038   occ= 0
MO #499 energy= 1.30179634457495   occ= 0
MO #500 energy= 1.31017675342715   occ= 0
MO #501 energy= 1.31528417735356   occ= 0
MO #502 energy= 1.31802314220075   occ= 0
MO #503 energy= 1.32061917990393   occ= 0
MO #504 energy= 1.32306752366565   occ= 0
MO #505 energy= 1.32534551284721   occ= 0
MO #506 energy= 1.33092573326851   occ= 0
MO #507 energy= 1.34026389293385   occ= 0
MO #508 energy= 1.34213082301528   occ= 0
MO #509 energy= 1.34576211175904   occ= 0
MO #510 energy= 1.35225639356189   occ= 0
MO #511 energy= 1.35315531844862   occ= 0
MO #512 energy= 1.35509284342801   occ= 0
MO #513 energy= 1.35892314713103   occ= 0
MO #514 energy= 1.36396371312455   occ= 0
MO #515 energy= 1.36807764278794   occ= 0
MO #516 energy= 1.37168838548805   occ= 0
MO #517 energy= 1.37295314958121   occ= 0
MO #518 energy= 1.37716149552538   occ= 0
MO #519 energy= 1.38070164249061   occ= 0
MO #520 energy= 1.38999323729903   occ= 0
MO #521 energy= 1.39731788698383   occ= 0
MO #522 energy= 1.40660121802916   occ= 0
MO #523 energy= 1.41901390344631   occ= 0
MO #524 energy= 1.42822107897021   occ= 0
MO #525 energy= 1.4313342942527    occ= 0
MO #526 energy= 1.43876103645726   occ= 0
MO #527 energy= 1.44585402231457   occ= 0
MO #528 energy= 1.44792204791945   occ= 0
MO #529 energy= 1.45733431953146   occ= 0
MO #530 energy= 1.45888395395295   occ= 0
MO #531 energy= 1.46119658612815   occ= 0
MO #532 energy= 1.46727512258316   occ= 0
MO #533 energy= 1.47663800257118   occ= 0
MO #534 energy= 1.48123605332528   occ= 0
MO #535 energy= 1.48175846727904   occ= 0
MO #536 energy= 1.48763349638702   occ= 0
MO #537 energy= 1.49293592795395   occ= 0
MO #538 energy= 1.49458312829414   occ= 0
MO #539 energy= 1.5005733529767    occ= 0
MO #540 energy= 1.50356652873867   occ= 0
MO #541 energy= 1.51423070038512   occ= 0
MO #542 energy= 1.51637358463259   occ= 0
MO #543 energy= 1.51882668045661   occ= 0
MO #544 energy= 1.52886250655098   occ= 0
MO #545 energy= 1.53249133333487   occ= 0
MO #546 energy= 1.54007469892499   occ= 0
MO #547 energy= 1.54889500212836   occ= 0
MO #548 energy= 1.55993154317772   occ= 0
MO #549 energy= 1.56923409111218   occ= 0
MO #550 energy= 1.57047637512412   occ= 0
MO #551 energy= 1.58615910684249   occ= 0
MO #552 energy= 1.59672185583116   occ= 0
MO #553 energy= 1.60451073473359   occ= 0
MO #554 energy= 1.60808078518362   occ= 0
MO #555 energy= 1.6142755080932    occ= 0
MO #556 energy= 1.62311785428906   occ= 0
MO #557 energy= 1.62525330255635   occ= 0
MO #558 energy= 1.63073411170389   occ= 0
MO #559 energy= 1.6345222335909    occ= 0
MO #560 energy= 1.63725906559529   occ= 0
MO #561 energy= 1.64127099891111   occ= 0
MO #562 energy= 1.64550283705673   occ= 0
MO #563 energy= 1.64826415839823   occ= 0
MO #564 energy= 1.6519492901885    occ= 0
MO #565 energy= 1.66103703288254   occ= 0
MO #566 energy= 1.66541357607841   occ= 0
MO #567 energy= 1.67457398061539   occ= 0
MO #568 energy= 1.68229413711111   occ= 0
MO #569 energy= 1.68416290227443   occ= 0
MO #570 energy= 1.68779445043122   occ= 0
MO #571 energy= 1.69266594763881   occ= 0
MO #572 energy= 1.69522525942758   occ= 0
MO #573 energy= 1.69895319196972   occ= 0
MO #574 energy= 1.70474270804587   occ= 0
MO #575 energy= 1.70940665293751   occ= 0
MO #576 energy= 1.71451861233803   occ= 0
MO #577 energy= 1.71792392591025   occ= 0
MO #578 energy= 1.72044782202674   occ= 0
MO #579 energy= 1.72229401280404   occ= 0
MO #580 energy= 1.72587745407464   occ= 0
MO #581 energy= 1.73294802169235   occ= 0
MO #582 energy= 1.7378203272321    occ= 0
MO #583 energy= 1.74085081323449   occ= 0
MO #584 energy= 1.74251967224362   occ= 0
MO #585 energy= 1.74585682214807   occ= 0
MO #586 energy= 1.75060120602817   occ= 0
MO #587 energy= 1.75610532408127   occ= 0
MO #588 energy= 1.75965674620204   occ= 0
MO #589 energy= 1.76012071574624   occ= 0
MO #590 energy= 1.76317046763182   occ= 0
MO #591 energy= 1.76708156170954   occ= 0
MO #592 energy= 1.77282505673066   occ= 0
MO #593 energy= 1.77561840775801   occ= 0
MO #594 energy= 1.78002787259533   occ= 0
MO #595 energy= 1.78223699517897   occ= 0
MO #596 energy= 1.79035501583853   occ= 0
MO #597 energy= 1.79363643717409   occ= 0
MO #598 energy= 1.79642696713714   occ= 0
MO #599 energy= 1.80559761144378   occ= 0
MO #600 energy= 1.81218260413512   occ= 0
MO #601 energy= 1.81623947193539   occ= 0
MO #602 energy= 1.81835486739747   occ= 0
MO #603 energy= 1.82772353653795   occ= 0
MO #604 energy= 1.82902117792773   occ= 0
MO #605 energy= 1.83321370530951   occ= 0
MO #606 energy= 1.83631360295124   occ= 0
MO #607 energy= 1.83928923494084   occ= 0
MO #608 energy= 1.84160847962813   occ= 0
MO #609 energy= 1.8429535045201    occ= 0
MO #610 energy= 1.84636570376243   occ= 0
MO #611 energy= 1.85250840663975   occ= 0
MO #612 energy= 1.85542396685623   occ= 0
MO #613 energy= 1.86240568723804   occ= 0
MO #614 energy= 1.86498155661945   occ= 0
MO #615 energy= 1.86804057790868   occ= 0
MO #616 energy= 1.87244606854677   occ= 0
MO #617 energy= 1.87594366705724   occ= 0
MO #618 energy= 1.87757163566121   occ= 0
MO #619 energy= 1.88031388783395   occ= 0
MO #620 energy= 1.8850452627041    occ= 0
MO #621 energy= 1.8890043415482    occ= 0
MO #622 energy= 1.89019664904327   occ= 0
MO #623 energy= 1.89656776716808   occ= 0
MO #624 energy= 1.89666442131905   occ= 0
MO #625 energy= 1.90083916258358   occ= 0
MO #626 energy= 1.90375927913073   occ= 0
MO #627 energy= 1.90632221805098   occ= 0
MO #628 energy= 1.90813192461659   occ= 0
MO #629 energy= 1.91038250278668   occ= 0
MO #630 energy= 1.91545468182267   occ= 0
MO #631 energy= 1.91794353999456   occ= 0
MO #632 energy= 1.92288140809759   occ= 0
MO #633 energy= 1.92607093954414   occ= 0
MO #634 energy= 1.92784935307433   occ= 0
MO #635 energy= 1.93559570957993   occ= 0
MO #636 energy= 1.9416688585762    occ= 0
MO #637 energy= 1.94441780550106   occ= 0
MO #638 energy= 1.9570436693331    occ= 0
MO #639 energy= 1.96109235885082   occ= 0
MO #640 energy= 1.96731385585519   occ= 0
MO #641 energy= 1.97151282568565   occ= 0
MO #642 energy= 1.97810505500847   occ= 0
MO #643 energy= 1.98932422409718   occ= 0
MO #644 energy= 1.99143518678939   occ= 0
MO #645 energy= 1.99615939651259   occ= 0
MO #646 energy= 2.00615821680488   occ= 0
MO #647 energy= 2.01279175651051   occ= 0
MO #648 energy= 2.01409255550875   occ= 0
MO #649 energy= 2.0226647475532    occ= 0
MO #650 energy= 2.02516059504664   occ= 0
MO #651 energy= 2.03113179837144   occ= 0
MO #652 energy= 2.04091717636252   occ= 0
MO #653 energy= 2.04287138347432   occ= 0
MO #654 energy= 2.04359268246293   occ= 0
MO #655 energy= 2.0509981610242    occ= 0
MO #656 energy= 2.05288696642251   occ= 0
MO #657 energy= 2.06029891060357   occ= 0
MO #658 energy= 2.0649336372128    occ= 0
MO #659 energy= 2.06601511277805   occ= 0
MO #660 energy= 2.07122900501163   occ= 0
MO #661 energy= 2.07687320794502   occ= 0
MO #662 energy= 2.0792271845954    occ= 0
MO #663 energy= 2.08599906666908   occ= 0
MO #664 energy= 2.08894588408126   occ= 0
MO #665 energy= 2.09691748864302   occ= 0
MO #666 energy= 2.10647519828385   occ= 0
MO #667 energy= 2.11252223627567   occ= 0
MO #668 energy= 2.12360525864465   occ= 0
MO #669 energy= 2.13119070917533   occ= 0
MO #670 energy= 2.13495836565275   occ= 0
MO #671 energy= 2.13917119645379   occ= 0
MO #672 energy= 2.14726340969019   occ= 0
MO #673 energy= 2.15232559224533   occ= 0
MO #674 energy= 2.16371949181557   occ= 0
MO #675 energy= 2.16663724246594   occ= 0
MO #676 energy= 2.17107478088486   occ= 0
MO #677 energy= 2.17487764636337   occ= 0
MO #678 energy= 2.18352494743058   occ= 0
MO #679 energy= 2.19191342307332   occ= 0
MO #680 energy= 2.19316413820895   occ= 0
MO #681 energy= 2.19800023725769   occ= 0
MO #682 energy= 2.20006789468827   occ= 0
MO #683 energy= 2.20727140216568   occ= 0
MO #684 energy= 2.21049666249101   occ= 0
MO #685 energy= 2.22644438105621   occ= 0
MO #686 energy= 2.23116251380824   occ= 0
MO #687 energy= 2.24062148007689   occ= 0
MO #688 energy= 2.24400861774422   occ= 0
MO #689 energy= 2.25168640956522   occ= 0
MO #690 energy= 2.25451065280689   occ= 0
MO #691 energy= 2.26132160063857   occ= 0
MO #692 energy= 2.27318321805139   occ= 0
MO #693 energy= 2.27518428240035   occ= 0
MO #694 energy= 2.27829862980107   occ= 0
MO #695 energy= 2.28071048062417   occ= 0
MO #696 energy= 2.28522624298512   occ= 0
MO #697 energy= 2.28737346196257   occ= 0
MO #698 energy= 2.29646903740413   occ= 0
MO #699 energy= 2.30748133903284   occ= 0
MO #700 energy= 2.30774846330013   occ= 0
MO #701 energy= 2.31671880822172   occ= 0
MO #702 energy= 2.32065160784256   occ= 0
MO #703 energy= 2.32170695324145   occ= 0
MO #704 energy= 2.33079486637819   occ= 0
MO #705 energy= 2.34374419676608   occ= 0
MO #706 energy= 2.3453227453908    occ= 0
MO #707 energy= 2.36597769748377   occ= 0
MO #708 energy= 2.36961532618194   occ= 0
MO #709 energy= 2.3721329389505    occ= 0
MO #710 energy= 2.38940445593458   occ= 0
MO #711 energy= 2.40196569911067   occ= 0
MO #712 energy= 2.41457775176372   occ= 0
MO #713 energy= 2.43039147128094   occ= 0
MO #714 energy= 2.43816484072582   occ= 0
MO #715 energy= 2.45422592219487   occ= 0
MO #716 energy= 2.45533218533894   occ= 0
MO #717 energy= 2.46598508706082   occ= 0
MO #718 energy= 2.46799699373728   occ= 0
MO #719 energy= 2.47729428353891   occ= 0
MO #720 energy= 2.48250884735249   occ= 0
MO #721 energy= 2.48424767389715   occ= 0
MO #722 energy= 2.48597917828837   occ= 0
MO #723 energy= 2.49167581901102   occ= 0
MO #724 energy= 2.50569635668033   occ= 0
MO #725 energy= 2.51985250554231   occ= 0
MO #726 energy= 2.53702122908847   occ= 0
MO #727 energy= 2.55401651608382   occ= 0
MO #728 energy= 2.55703818161217   occ= 0
MO #729 energy= 2.56254725712671   occ= 0
MO #730 energy= 2.56796181313704   occ= 0
MO #731 energy= 2.57287639078849   occ= 0
MO #732 energy= 2.58654214712491   occ= 0
MO #733 energy= 2.59071529404995   occ= 0
MO #734 energy= 2.59535669157588   occ= 0
MO #735 energy= 2.59795092707839   occ= 0
MO #736 energy= 2.60164859382185   occ= 0
MO #737 energy= 2.60849888303848   occ= 0
MO #738 energy= 2.61920226561278   occ= 0
MO #739 energy= 2.6278664813266    occ= 0
MO #740 energy= 2.6308600419903    occ= 0
MO #741 energy= 2.63723641779      occ= 0
MO #742 energy= 2.64013085599573   occ= 0
MO #743 energy= 2.64790043974618   occ= 0
MO #744 energy= 2.64998281638358   occ= 0
MO #745 energy= 2.65522979468582   occ= 0
MO #746 energy= 2.66099745810983   occ= 0
MO #747 energy= 2.66627397162588   occ= 0
MO #748 energy= 2.67025227185391   occ= 0
MO #749 energy= 2.67590670160327   occ= 0
MO #750 energy= 2.69083996308179   occ= 0
MO #751 energy= 2.69952108465486   occ= 0
MO #752 energy= 2.70801731520403   occ= 0
MO #753 energy= 2.71553972464469   occ= 0
MO #754 energy= 2.73711751524162   occ= 0
MO #755 energy= 2.74085700258376   occ= 0
MO #756 energy= 2.76850678686235   occ= 0
MO #757 energy= 2.7728631643581    occ= 0
MO #758 energy= 2.78571692587902   occ= 0
MO #759 energy= 2.79909456101134   occ= 0
MO #760 energy= 2.79961887828877   occ= 0
MO #761 energy= 2.80485838974389   occ= 0
MO #762 energy= 2.80764721248686   occ= 0
MO #763 energy= 2.81693040508789   occ= 0
MO #764 energy= 2.82729364189765   occ= 0
MO #765 energy= 2.83701925174195   occ= 0
MO #766 energy= 2.85666873896028   occ= 0
MO #767 energy= 2.86370156785464   occ= 0
MO #768 energy= 2.8657260663477    occ= 0
MO #769 energy= 2.86838772666409   occ= 0
MO #770 energy= 2.87916579023015   occ= 0
MO #771 energy= 2.89235845909206   occ= 0
MO #772 energy= 2.90528308716437   occ= 0
MO #773 energy= 2.9124931502005    occ= 0
MO #774 energy= 2.92327233721474   occ= 0
MO #775 energy= 2.92754981392325   occ= 0
MO #776 energy= 2.93532094948548   occ= 0
MO #777 energy= 2.94657631258893   occ= 0
MO #778 energy= 2.95096368263345   occ= 0
MO #779 energy= 2.95975149289488   occ= 0
MO #780 energy= 2.98039853045471   occ= 0
MO #781 energy= 2.98615415435786   occ= 0
MO #782 energy= 2.99513304282502   occ= 0
MO #783 energy= 3.00330480897253   occ= 0
MO #784 energy= 3.00553054552619   occ= 0
MO #785 energy= 3.00581883166448   occ= 0
MO #786 energy= 3.00777488759541   occ= 0
MO #787 energy= 3.00884770691484   occ= 0
MO #788 energy= 3.00952721154481   occ= 0
MO #789 energy= 3.01085006133915   occ= 0
MO #790 energy= 3.01359027884318   occ= 0
MO #791 energy= 3.01835870098118   occ= 0
MO #792 energy= 3.02589542685203   occ= 0
MO #793 energy= 3.03161898786997   occ= 0
MO #794 energy= 3.03471613172878   occ= 0
MO #795 energy= 3.0363036903295    occ= 0
MO #796 energy= 3.03773765656994   occ= 0
MO #797 energy= 3.03936806982668   occ= 0
MO #798 energy= 3.04059279116634   occ= 0
MO #799 energy= 3.04242342397498   occ= 0
MO #800 energy= 3.04389869728763   occ= 0
MO #801 energy= 3.04558974952868   occ= 0
MO #802 energy= 3.04752978736633   occ= 0
MO #803 energy= 3.04774389254275   occ= 0
MO #804 energy= 3.05004057248034   occ= 0
MO #805 energy= 3.05145956792943   occ= 0
MO #806 energy= 3.05326233621303   occ= 0
MO #807 energy= 3.05399295297429   occ= 0
MO #808 energy= 3.05516496237555   occ= 0
MO #809 energy= 3.05748278659559   occ= 0
MO #810 energy= 3.05822372248903   occ= 0
MO #811 energy= 3.05861771061605   occ= 0
MO #812 energy= 3.06711814519849   occ= 0
MO #813 energy= 3.06926855101265   occ= 0
MO #814 energy= 3.07022294937053   occ= 0
MO #815 energy= 3.07155101208253   occ= 0
MO #816 energy= 3.07473138751711   occ= 0
MO #817 energy= 3.08198433114709   occ= 0
MO #818 energy= 3.08394428628741   occ= 0
MO #819 energy= 3.08486386861014   occ= 0
MO #820 energy= 3.09651588921903   occ= 0
MO #821 energy= 3.10606141181441   occ= 0
MO #822 energy= 3.11280443497235   occ= 0
MO #823 energy= 3.11524096592935   occ= 0
MO #824 energy= 3.14022830382896   occ= 0
MO #825 energy= 3.14271276824688   occ= 0
MO #826 energy= 3.15454725290326   occ= 0
MO #827 energy= 3.15514274216151   occ= 0
MO #828 energy= 3.16757492703021   occ= 0
MO #829 energy= 3.16801893360811   occ= 0
MO #830 energy= 3.17045918707095   occ= 0
MO #831 energy= 3.17242134680668   occ= 0
MO #832 energy= 3.17428986695744   occ= 0
MO #833 energy= 3.21262044218954   occ= 0
MO #834 energy= 3.22078208829749   occ= 0
MO #835 energy= 3.22294842673547   occ= 0
MO #836 energy= 3.26249173525787   occ= 0
MO #837 energy= 3.27401612369727   occ= 0
MO #838 energy= 3.31642251011001   occ= 0
MO #839 energy= 3.34306685146138   occ= 0
MO #840 energy= 3.35136948952385   occ= 0
MO #841 energy= 3.38069172514049   occ= 0
MO #842 energy= 3.411585063272     occ= 0
MO #843 energy= 3.4160335538736    occ= 0
MO #844 energy= 3.43407385859617   occ= 0
MO #845 energy= 3.44168416185023   occ= 0
MO #846 energy= 3.44488239144508   occ= 0
MO #847 energy= 3.52025312976572   occ= 0
MO #848 energy= 3.52531949133453   occ= 0
MO #849 energy= 3.5294039554716    occ= 0
MO #850 energy= 3.53250559520338   occ= 0
MO #851 energy= 3.53639553643798   occ= 0
MO #852 energy= 3.5441696026882    occ= 0
MO #853 energy= 3.58387258979237   occ= 0
MO #854 energy= 3.5844596151233    occ= 0
MO #855 energy= 3.58836526132038   occ= 0
MO #856 energy= 3.59004019606796   occ= 0
MO #857 energy= 3.60992505547493   occ= 0
MO #858 energy= 3.6361060704546    occ= 0
MO #859 energy= 3.65814629099377   occ= 0
MO #860 energy= 3.65878651651662   occ= 0
MO #861 energy= 3.68020682247811   occ= 0
MO #862 energy= 3.68391146379875   occ= 0
MO #863 energy= 3.68681585781315   occ= 0
MO #864 energy= 3.8363426548059    occ= 0
MO #865 energy= 3.83690648693822   occ= 0
MO #866 energy= 3.84103642386008   occ= 0
MO #867 energy= 3.84357949477132   occ= 0
MO #868 energy= 3.87040709365104   occ= 0
MO #869 energy= 3.87359556331329   occ= 0
MO #870 energy= 3.89774326754973   occ= 0
MO #871 energy= 3.90124795785597   occ= 0
 ** Mulliken atomic charges  **
charge of  0O =     -0.77338
charge of  1P =      1.75024
charge of  2O =     -0.64995
charge of  3O =     -0.54924
charge of  4C =      0.16885
charge of  5C =     -0.01317
charge of  6C =      0.02547
charge of  7C =     -0.08153
charge of  8C =     -0.03029
charge of  9C =      0.74815
charge of  10F =     -0.27337
charge of  11F =     -0.26647
charge of  12F =     -0.25948
charge of  13C =     -0.09012
charge of  14C =     -0.02501
charge of  15C =      0.74819
charge of  16F =     -0.26168
charge of  17F =     -0.26174
charge of  18F =     -0.27105
charge of  19C =     -0.08048
charge of  20C =     -0.10998
charge of  21C =      0.00784
charge of  22C =      0.00327
charge of  23C =     -0.17041
charge of  24C =     -0.15832
charge of  25C =     -0.15995
charge of  26C =     -0.16979
charge of  27C =     -0.02601
charge of  28C =     -0.02382
charge of  29C =      0.17273
charge of  30O =     -0.53915
charge of  31C =     -0.01651
charge of  32C =      0.02304
charge of  33C =     -0.08250
charge of  34C =     -0.02795
charge of  35C =      0.74828
charge of  36F =     -0.26373
charge of  37F =     -0.26049
charge of  38F =     -0.26738
charge of  39C =     -0.09196
charge of  40C =     -0.02898
charge of  41C =      0.74792
charge of  42F =     -0.25966
charge of  43F =     -0.26697
charge of  44F =     -0.26780
charge of  45C =     -0.08731
charge of  46C =     -0.11103
charge of  47C =      0.00687
charge of  48C =      0.00836
charge of  49C =     -0.17131
charge of  50C =     -0.15891
charge of  51C =     -0.15911
charge of  52C =     -0.16947
charge of  53H =      0.35691
charge of  54H =      0.12150
charge of  55H =      0.12541
charge of  56H =      0.11979
charge of  57H =      0.10321
charge of  58H =      0.09169
charge of  59H =      0.10167
charge of  60H =      0.08513
charge of  61H =      0.09001
charge of  62H =      0.08088
charge of  63H =      0.09091
charge of  64H =      0.09813
charge of  65H =      0.09806
charge of  66H =      0.12769
charge of  67H =      0.12623
charge of  68H =      0.11683
charge of  69H =      0.10362
charge of  70H =      0.09843
charge of  71H =      0.10137
charge of  72H =      0.08093
charge of  73H =      0.09033
charge of  74H =      0.09036
charge of  75H =      0.08388
charge of  76H =      0.09576
charge of  77H =      0.09753
Dipole moment(X, Y, Z, Debye):  7.66847, -2.88700,  1.96903
def2-svp b3lyp 177.92935228347778
