/public3/home/scg5914/software-scg5914/LSW/1/data/data2/std_data/def2svp_b3lyp/cat_7.xyz
converged SCF energy = -2638.25823461516
**** MO energy ****
MO #1   energy= -77.218501979206   occ= 2
MO #2   energy= -19.1827004327475  occ= 2
MO #3   energy= -19.1821312120356  occ= 2
MO #4   energy= -19.172379022001   occ= 2
MO #5   energy= -19.0875051667714  occ= 2
MO #6   energy= -10.2639693512756  occ= 2
MO #7   energy= -10.2600909781879  occ= 2
MO #8   energy= -10.2120553360555  occ= 2
MO #9   energy= -10.2095655385212  occ= 2
MO #10  energy= -10.2084810466585  occ= 2
MO #11  energy= -10.2083863768371  occ= 2
MO #12  energy= -10.2051382459383  occ= 2
MO #13  energy= -10.2038233046402  occ= 2
MO #14  energy= -10.2025815097114  occ= 2
MO #15  energy= -10.2023301226181  occ= 2
MO #16  energy= -10.2012341393068  occ= 2
MO #17  energy= -10.2005070535116  occ= 2
MO #18  energy= -10.1996617219208  occ= 2
MO #19  energy= -10.1971508405195  occ= 2
MO #20  energy= -10.1971262181107  occ= 2
MO #21  energy= -10.196583980267   occ= 2
MO #22  energy= -10.1962974577936  occ= 2
MO #23  energy= -10.1962547601255  occ= 2
MO #24  energy= -10.196039422443   occ= 2
MO #25  energy= -10.1959862733086  occ= 2
MO #26  energy= -10.1958181899272  occ= 2
MO #27  energy= -10.1957981130611  occ= 2
MO #28  energy= -10.1956547491206  occ= 2
MO #29  energy= -10.1947653949937  occ= 2
MO #30  energy= -10.1940535954553  occ= 2
MO #31  energy= -10.1925474185169  occ= 2
MO #32  energy= -10.1921198607253  occ= 2
MO #33  energy= -10.1914742947864  occ= 2
MO #34  energy= -10.1910080996832  occ= 2
MO #35  energy= -10.1909795497207  occ= 2
MO #36  energy= -10.1908254877179  occ= 2
MO #37  energy= -10.1906565553455  occ= 2
MO #38  energy= -10.1903824974205  occ= 2
MO #39  energy= -10.1903616543575  occ= 2
MO #40  energy= -10.1902953326122  occ= 2
MO #41  energy= -10.1894794422582  occ= 2
MO #42  energy= -10.1888788399737  occ= 2
MO #43  energy= -10.1879607251646  occ= 2
MO #44  energy= -10.1871588161562  occ= 2
MO #45  energy= -10.1870605595158  occ= 2
MO #46  energy= -10.1856740492867  occ= 2
MO #47  energy= -10.1853669179344  occ= 2
MO #48  energy= -10.1849928269425  occ= 2
MO #49  energy= -10.1829524428836  occ= 2
MO #50  energy= -10.1822441272069  occ= 2
MO #51  energy= -10.1820517157246  occ= 2
MO #52  energy= -10.1818200622042  occ= 2
MO #53  energy= -10.1814583688273  occ= 2
MO #54  energy= -10.181402067206   occ= 2
MO #55  energy= -10.1812057054529  occ= 2
MO #56  energy= -10.1773982761624  occ= 2
MO #57  energy= -10.1754419845708  occ= 2
MO #58  energy= -6.69397777111668  occ= 2
MO #59  energy= -4.86156950498436  occ= 2
MO #60  energy= -4.861359442732    occ= 2
MO #61  energy= -4.85901239216234  occ= 2
MO #62  energy= -1.11845626818867  occ= 2
MO #63  energy= -1.05646608759282  occ= 2
MO #64  energy= -1.04310025668841  occ= 2
MO #65  energy= -0.962378785459302 occ= 2
MO #66  energy= -0.899078017219236 occ= 2
MO #67  energy= -0.893945198883084 occ= 2
MO #68  energy= -0.88701184170106  occ= 2
MO #69  energy= -0.880099110026208 occ= 2
MO #70  energy= -0.858896569087806 occ= 2
MO #71  energy= -0.849066451000579 occ= 2
MO #72  energy= -0.838598690124342 occ= 2
MO #73  energy= -0.833245801223021 occ= 2
MO #74  energy= -0.828521576056445 occ= 2
MO #75  energy= -0.821862592819575 occ= 2
MO #76  energy= -0.811791905679576 occ= 2
MO #77  energy= -0.797842502498966 occ= 2
MO #78  energy= -0.788171704582621 occ= 2
MO #79  energy= -0.773269923904014 occ= 2
MO #80  energy= -0.766955883314399 occ= 2
MO #81  energy= -0.763125298504884 occ= 2
MO #82  energy= -0.753025213056644 occ= 2
MO #83  energy= -0.747398161600393 occ= 2
MO #84  energy= -0.743790799693005 occ= 2
MO #85  energy= -0.740893314899957 occ= 2
MO #86  energy= -0.734870249482592 occ= 2
MO #87  energy= -0.729379944966154 occ= 2
MO #88  energy= -0.720966417289544 occ= 2
MO #89  energy= -0.716310020663646 occ= 2
MO #90  energy= -0.70532452137206  occ= 2
MO #91  energy= -0.695865403237924 occ= 2
MO #92  energy= -0.67489267159816  occ= 2
MO #93  energy= -0.649766690494004 occ= 2
MO #94  energy= -0.642010604565746 occ= 2
MO #95  energy= -0.635543404937996 occ= 2
MO #96  energy= -0.631532572334141 occ= 2
MO #97  energy= -0.629521533977182 occ= 2
MO #98  energy= -0.626028873022525 occ= 2
MO #99  energy= -0.62122103226084  occ= 2
MO #100 energy= -0.617879693915714 occ= 2
MO #101 energy= -0.617463015895762 occ= 2
MO #102 energy= -0.608703100028753 occ= 2
MO #103 energy= -0.607364491558866 occ= 2
MO #104 energy= -0.603086628374595 occ= 2
MO #105 energy= -0.594632937137452 occ= 2
MO #106 energy= -0.582768143689369 occ= 2
MO #107 energy= -0.576017342028038 occ= 2
MO #108 energy= -0.564387616094406 occ= 2
MO #109 energy= -0.549890417384977 occ= 2
MO #110 energy= -0.542549424464138 occ= 2
MO #111 energy= -0.538824236668456 occ= 2
MO #112 energy= -0.534495711657488 occ= 2
MO #113 energy= -0.527123609385554 occ= 2
MO #114 energy= -0.525972846075747 occ= 2
MO #115 energy= -0.520605572971532 occ= 2
MO #116 energy= -0.516161965753463 occ= 2
MO #117 energy= -0.511461865934402 occ= 2
MO #118 energy= -0.506349539679513 occ= 2
MO #119 energy= -0.504594454711135 occ= 2
MO #120 energy= -0.496928876611349 occ= 2
MO #121 energy= -0.491553557401701 occ= 2
MO #122 energy= -0.489826863532803 occ= 2
MO #123 energy= -0.48829448202921  occ= 2
MO #124 energy= -0.481464139874537 occ= 2
MO #125 energy= -0.474107957140096 occ= 2
MO #126 energy= -0.467186128023003 occ= 2
MO #127 energy= -0.464584248333498 occ= 2
MO #128 energy= -0.45888586362633  occ= 2
MO #129 energy= -0.453941231038822 occ= 2
MO #130 energy= -0.448499388194173 occ= 2
MO #131 energy= -0.447094464844699 occ= 2
MO #132 energy= -0.445470830056336 occ= 2
MO #133 energy= -0.442931985977141 occ= 2
MO #134 energy= -0.440278953325711 occ= 2
MO #135 energy= -0.439096373546116 occ= 2
MO #136 energy= -0.436055806669899 occ= 2
MO #137 energy= -0.4340595891175   occ= 2
MO #138 energy= -0.432771267137703 occ= 2
MO #139 energy= -0.430775366914334 occ= 2
MO #140 energy= -0.426321542476739 occ= 2
MO #141 energy= -0.421965774407913 occ= 2
MO #142 energy= -0.417570024467814 occ= 2
MO #143 energy= -0.416067845879307 occ= 2
MO #144 energy= -0.411795391147166 occ= 2
MO #145 energy= -0.410831140765705 occ= 2
MO #146 energy= -0.409848240620326 occ= 2
MO #147 energy= -0.404540335426437 occ= 2
MO #148 energy= -0.402618151715868 occ= 2
MO #149 energy= -0.401805548604846 occ= 2
MO #150 energy= -0.397332403232592 occ= 2
MO #151 energy= -0.394433683085844 occ= 2
MO #152 energy= -0.392319359595859 occ= 2
MO #153 energy= -0.391228897882628 occ= 2
MO #154 energy= -0.387504895815324 occ= 2
MO #155 energy= -0.385642692213163 occ= 2
MO #156 energy= -0.38089484373191  occ= 2
MO #157 energy= -0.377251077873626 occ= 2
MO #158 energy= -0.374246520158182 occ= 2
MO #159 energy= -0.372386447960564 occ= 2
MO #160 energy= -0.36910110095096  occ= 2
MO #161 energy= -0.365825600838483 occ= 2
MO #162 energy= -0.363729726801664 occ= 2
MO #163 energy= -0.361939485608821 occ= 2
MO #164 energy= -0.360324227449863 occ= 2
MO #165 energy= -0.356803325300355 occ= 2
MO #166 energy= -0.356124238435871 occ= 2
MO #167 energy= -0.352303383339342 occ= 2
MO #168 energy= -0.342634946099906 occ= 2
MO #169 energy= -0.341170415668849 occ= 2
MO #170 energy= -0.337961232012805 occ= 2
MO #171 energy= -0.335755719687914 occ= 2
MO #172 energy= -0.335018262700202 occ= 2
MO #173 energy= -0.330629624137576 occ= 2
MO #174 energy= -0.325760053560427 occ= 2
MO #175 energy= -0.322616499349371 occ= 2
MO #176 energy= -0.315069971907156 occ= 2
MO #177 energy= -0.30760535205397  occ= 2
MO #178 energy= -0.303895809525028 occ= 2
MO #179 energy= -0.301614072922028 occ= 2
MO #180 energy= -0.299576181433075 occ= 2
MO #181 energy= -0.294870833767547 occ= 2
MO #182 energy= -0.291034273660832 occ= 2
MO #183 energy= -0.283354612861572 occ= 2
MO #184 energy= -0.271996795609022 occ= 2
MO #185 energy= -0.265863639189073 occ= 2
MO #186 energy= -0.258501259340871 occ= 2
MO #187 energy= -0.254558647019399 occ= 2
MO #188 energy= -0.251624828737645 occ= 2
MO #189 energy= -0.239912201614217 occ= 2
MO #190 energy= -0.233149644582098 occ= 2
MO #191 energy= -0.229749778155593 occ= 2
MO #192 energy= -0.222250580058384 occ= 2
MO #193 energy= -0.205233322867198 occ= 2
MO #194 energy= -0.195731497911549 occ= 2
MO #195 energy= -0.0689714509061112 occ= 0
MO #196 energy= -0.0640851132887287 occ= 0
MO #197 energy= -0.055128970995765 occ= 0
MO #198 energy= -0.051752239262159 occ= 0
MO #199 energy= -0.0326618951989498 occ= 0
MO #200 energy= -0.0274107834840049 occ= 0
MO #201 energy= -0.0220495778355644 occ= 0
MO #202 energy= -0.0191114390725428 occ= 0
MO #203 energy= -0.0152978143443367 occ= 0
MO #204 energy= -0.00310874087419376 occ= 0
MO #205 energy= 0.00971278977988116 occ= 0
MO #206 energy= 0.010718883136994  occ= 0
MO #207 energy= 0.0204656599426582 occ= 0
MO #208 energy= 0.024982391234061  occ= 0
MO #209 energy= 0.0416118028399294 occ= 0
MO #210 energy= 0.0508655117501106 occ= 0
MO #211 energy= 0.0604507037578071 occ= 0
MO #212 energy= 0.0625256949918996 occ= 0
MO #213 energy= 0.065540929888479  occ= 0
MO #214 energy= 0.0679320613990925 occ= 0
MO #215 energy= 0.0703537725830073 occ= 0
MO #216 energy= 0.0750472391261873 occ= 0
MO #217 energy= 0.0787162969177634 occ= 0
MO #218 energy= 0.0818089458682816 occ= 0
MO #219 energy= 0.083950713430612  occ= 0
MO #220 energy= 0.0873274122831505 occ= 0
MO #221 energy= 0.0888947794429009 occ= 0
MO #222 energy= 0.0911694684916479 occ= 0
MO #223 energy= 0.0936345778310763 occ= 0
MO #224 energy= 0.0978021944697559 occ= 0
MO #225 energy= 0.103987668731819  occ= 0
MO #226 energy= 0.108161089383133  occ= 0
MO #227 energy= 0.108654301379265  occ= 0
MO #228 energy= 0.112728341878055  occ= 0
MO #229 energy= 0.113748951498839  occ= 0
MO #230 energy= 0.116987811942897  occ= 0
MO #231 energy= 0.119496474012075  occ= 0
MO #232 energy= 0.125547560136236  occ= 0
MO #233 energy= 0.127378110332797  occ= 0
MO #234 energy= 0.131310584631021  occ= 0
MO #235 energy= 0.134461165237193  occ= 0
MO #236 energy= 0.137331572555305  occ= 0
MO #237 energy= 0.141250052069046  occ= 0
MO #238 energy= 0.14451557310881   occ= 0
MO #239 energy= 0.146572931008101  occ= 0
MO #240 energy= 0.150569177917316  occ= 0
MO #241 energy= 0.154066946699989  occ= 0
MO #242 energy= 0.158856193465831  occ= 0
MO #243 energy= 0.161431478048506  occ= 0
MO #244 energy= 0.163904039651637  occ= 0
MO #245 energy= 0.167749983810596  occ= 0
MO #246 energy= 0.174221429361485  occ= 0
MO #247 energy= 0.175748676078402  occ= 0
MO #248 energy= 0.178278065388249  occ= 0
MO #249 energy= 0.181214184567524  occ= 0
MO #250 energy= 0.188660081944788  occ= 0
MO #251 energy= 0.193359698957478  occ= 0
MO #252 energy= 0.202132541644949  occ= 0
MO #253 energy= 0.207823104607226  occ= 0
MO #254 energy= 0.228243725062931  occ= 0
MO #255 energy= 0.234200408970308  occ= 0
MO #256 energy= 0.2353248720248    occ= 0
MO #257 energy= 0.242663666422452  occ= 0
MO #258 energy= 0.242865140949504  occ= 0
MO #259 energy= 0.244577833958444  occ= 0
MO #260 energy= 0.250237458111542  occ= 0
MO #261 energy= 0.253978475192893  occ= 0
MO #262 energy= 0.255447068967505  occ= 0
MO #263 energy= 0.256649116836127  occ= 0
MO #264 energy= 0.263268691724598  occ= 0
MO #265 energy= 0.266487631921954  occ= 0
MO #266 energy= 0.268129115667732  occ= 0
MO #267 energy= 0.270761918181719  occ= 0
MO #268 energy= 0.273249792612226  occ= 0
MO #269 energy= 0.275539449689194  occ= 0
MO #270 energy= 0.276841212528286  occ= 0
MO #271 energy= 0.278656119662123  occ= 0
MO #272 energy= 0.282020244192779  occ= 0
MO #273 energy= 0.283761076424811  occ= 0
MO #274 energy= 0.285107830510458  occ= 0
MO #275 energy= 0.286869541769509  occ= 0
MO #276 energy= 0.290345687784155  occ= 0
MO #277 energy= 0.291625824536748  occ= 0
MO #278 energy= 0.29474188561168   occ= 0
MO #279 energy= 0.298530743659704  occ= 0
MO #280 energy= 0.299672872029365  occ= 0
MO #281 energy= 0.307712860952917  occ= 0
MO #282 energy= 0.310179056928969  occ= 0
MO #283 energy= 0.312546737268312  occ= 0
MO #284 energy= 0.315897365646108  occ= 0
MO #285 energy= 0.317944520278709  occ= 0
MO #286 energy= 0.321054315731106  occ= 0
MO #287 energy= 0.323281823399055  occ= 0
MO #288 energy= 0.32679642899839   occ= 0
MO #289 energy= 0.328923154789861  occ= 0
MO #290 energy= 0.329461692042019  occ= 0
MO #291 energy= 0.333120065850501  occ= 0
MO #292 energy= 0.337515198398291  occ= 0
MO #293 energy= 0.338101274270611  occ= 0
MO #294 energy= 0.340036238618485  occ= 0
MO #295 energy= 0.343502438671554  occ= 0
MO #296 energy= 0.346591378906882  occ= 0
MO #297 energy= 0.347858295996451  occ= 0
MO #298 energy= 0.354175905227943  occ= 0
MO #299 energy= 0.3558788570314    occ= 0
MO #300 energy= 0.35790896411181   occ= 0
MO #301 energy= 0.360425261433045  occ= 0
MO #302 energy= 0.363419072114594  occ= 0
MO #303 energy= 0.365587799075707  occ= 0
MO #304 energy= 0.369862638805215  occ= 0
MO #305 energy= 0.372781865686286  occ= 0
MO #306 energy= 0.374484775114965  occ= 0
MO #307 energy= 0.378047756950192  occ= 0
MO #308 energy= 0.379688745492122  occ= 0
MO #309 energy= 0.38199999370828   occ= 0
MO #310 energy= 0.389279590363822  occ= 0
MO #311 energy= 0.391787530686811  occ= 0
MO #312 energy= 0.396535429121792  occ= 0
MO #313 energy= 0.398538294526178  occ= 0
MO #314 energy= 0.399979914127803  occ= 0
MO #315 energy= 0.402005803007363  occ= 0
MO #316 energy= 0.405732415928276  occ= 0
MO #317 energy= 0.407762495923049  occ= 0
MO #318 energy= 0.413041568629728  occ= 0
MO #319 energy= 0.416986443100571  occ= 0
MO #320 energy= 0.419653129564836  occ= 0
MO #321 energy= 0.423665972906864  occ= 0
MO #322 energy= 0.429062617579258  occ= 0
MO #323 energy= 0.432412603957693  occ= 0
MO #324 energy= 0.43537397523162   occ= 0
MO #325 energy= 0.442558583073478  occ= 0
MO #326 energy= 0.443746458854523  occ= 0
MO #327 energy= 0.446458346164949  occ= 0
MO #328 energy= 0.447354033375161  occ= 0
MO #329 energy= 0.451782978203976  occ= 0
MO #330 energy= 0.453019787103411  occ= 0
MO #331 energy= 0.455623660949799  occ= 0
MO #332 energy= 0.458641127765483  occ= 0
MO #333 energy= 0.462510795791862  occ= 0
MO #334 energy= 0.464133495441524  occ= 0
MO #335 energy= 0.465177392479531  occ= 0
MO #336 energy= 0.466312172439982  occ= 0
MO #337 energy= 0.469633529612761  occ= 0
MO #338 energy= 0.472377788637827  occ= 0
MO #339 energy= 0.474490450102949  occ= 0
MO #340 energy= 0.476241013661793  occ= 0
MO #341 energy= 0.477391271036218  occ= 0
MO #342 energy= 0.478349721030555  occ= 0
MO #343 energy= 0.480654550496114  occ= 0
MO #344 energy= 0.482354295594887  occ= 0
MO #345 energy= 0.484110665276593  occ= 0
MO #346 energy= 0.486365387369403  occ= 0
MO #347 energy= 0.488005551524725  occ= 0
MO #348 energy= 0.490958737571064  occ= 0
MO #349 energy= 0.491596114384983  occ= 0
MO #350 energy= 0.493846726684923  occ= 0
MO #351 energy= 0.495961509441151  occ= 0
MO #352 energy= 0.498425660374478  occ= 0
MO #353 energy= 0.499396619555129  occ= 0
MO #354 energy= 0.501407503063277  occ= 0
MO #355 energy= 0.502304327954587  occ= 0
MO #356 energy= 0.5048921488979    occ= 0
MO #357 energy= 0.50815426179012   occ= 0
MO #358 energy= 0.509188707738836  occ= 0
MO #359 energy= 0.513447172577856  occ= 0
MO #360 energy= 0.515526474036017  occ= 0
MO #361 energy= 0.520207153954428  occ= 0
MO #362 energy= 0.521331788226464  occ= 0
MO #363 energy= 0.523171380056056  occ= 0
MO #364 energy= 0.527577858092392  occ= 0
MO #365 energy= 0.52908963800836   occ= 0
MO #366 energy= 0.531692017316385  occ= 0
MO #367 energy= 0.537898696074075  occ= 0
MO #368 energy= 0.5395890733645    occ= 0
MO #369 energy= 0.541697190480713  occ= 0
MO #370 energy= 0.545106435612953  occ= 0
MO #371 energy= 0.548135087131405  occ= 0
MO #372 energy= 0.550397770412824  occ= 0
MO #373 energy= 0.551870446315933  occ= 0
MO #374 energy= 0.555579454243587  occ= 0
MO #375 energy= 0.555829564172073  occ= 0
MO #376 energy= 0.558870227839941  occ= 0
MO #377 energy= 0.56313478379564   occ= 0
MO #378 energy= 0.565330206452039  occ= 0
MO #379 energy= 0.568294361704172  occ= 0
MO #380 energy= 0.574900282560242  occ= 0
MO #381 energy= 0.575481236287043  occ= 0
MO #382 energy= 0.577470906906332  occ= 0
MO #383 energy= 0.581491636352418  occ= 0
MO #384 energy= 0.585476013626812  occ= 0
MO #385 energy= 0.591833261917541  occ= 0
MO #386 energy= 0.593729251210603  occ= 0
MO #387 energy= 0.597426401711227  occ= 0
MO #388 energy= 0.60223435179184   occ= 0
MO #389 energy= 0.603922558044785  occ= 0
MO #390 energy= 0.608953101536868  occ= 0
MO #391 energy= 0.610485934780602  occ= 0
MO #392 energy= 0.613287312192773  occ= 0
MO #393 energy= 0.619306746293537  occ= 0
MO #394 energy= 0.624760379301794  occ= 0
MO #395 energy= 0.626093958610214  occ= 0
MO #396 energy= 0.6318716275365    occ= 0
MO #397 energy= 0.636700356322657  occ= 0
MO #398 energy= 0.638256081593606  occ= 0
MO #399 energy= 0.642991735469098  occ= 0
MO #400 energy= 0.645446690506006  occ= 0
MO #401 energy= 0.64699580773909   occ= 0
MO #402 energy= 0.650314392920204  occ= 0
MO #403 energy= 0.650930202410627  occ= 0
MO #404 energy= 0.652732782829358  occ= 0
MO #405 energy= 0.654796165493941  occ= 0
MO #406 energy= 0.657998614478181  occ= 0
MO #407 energy= 0.659306216195759  occ= 0
MO #408 energy= 0.661928621231506  occ= 0
MO #409 energy= 0.662687972906403  occ= 0
MO #410 energy= 0.664831032654237  occ= 0
MO #411 energy= 0.666918299329568  occ= 0
MO #412 energy= 0.669024852121246  occ= 0
MO #413 energy= 0.670046691503953  occ= 0
MO #414 energy= 0.672852524981717  occ= 0
MO #415 energy= 0.673116478316316  occ= 0
MO #416 energy= 0.676097640418816  occ= 0
MO #417 energy= 0.676429896162937  occ= 0
MO #418 energy= 0.682529695645881  occ= 0
MO #419 energy= 0.682860549655082  occ= 0
MO #420 energy= 0.6848337571706    occ= 0
MO #421 energy= 0.687389462797157  occ= 0
MO #422 energy= 0.689331569645428  occ= 0
MO #423 energy= 0.692171631543028  occ= 0
MO #424 energy= 0.696422356009166  occ= 0
MO #425 energy= 0.698657668811067  occ= 0
MO #426 energy= 0.700486336136957  occ= 0
MO #427 energy= 0.701320671890332  occ= 0
MO #428 energy= 0.708535524138302  occ= 0
MO #429 energy= 0.710412996387669  occ= 0
MO #430 energy= 0.713800683777604  occ= 0
MO #431 energy= 0.714973523141979  occ= 0
MO #432 energy= 0.717518076261621  occ= 0
MO #433 energy= 0.719809765305446  occ= 0
MO #434 energy= 0.721909655635399  occ= 0
MO #435 energy= 0.723402540487205  occ= 0
MO #436 energy= 0.726587788042857  occ= 0
MO #437 energy= 0.727069072176546  occ= 0
MO #438 energy= 0.73192333544565   occ= 0
MO #439 energy= 0.735002828149259  occ= 0
MO #440 energy= 0.738301779081124  occ= 0
MO #441 energy= 0.739646048066476  occ= 0
MO #442 energy= 0.744186640508609  occ= 0
MO #443 energy= 0.747882361280704  occ= 0
MO #444 energy= 0.750790561650341  occ= 0
MO #445 energy= 0.751399544308589  occ= 0
MO #446 energy= 0.756069787886774  occ= 0
MO #447 energy= 0.757586886172941  occ= 0
MO #448 energy= 0.759777661435847  occ= 0
MO #449 energy= 0.761989801164103  occ= 0
MO #450 energy= 0.76436899240286   occ= 0
MO #451 energy= 0.76736999274022   occ= 0
MO #452 energy= 0.773044812346868  occ= 0
MO #453 energy= 0.774952930266635  occ= 0
MO #454 energy= 0.778131354624124  occ= 0
MO #455 energy= 0.780001969153418  occ= 0
MO #456 energy= 0.785670244600882  occ= 0
MO #457 energy= 0.790625303358541  occ= 0
MO #458 energy= 0.791598145963018  occ= 0
MO #459 energy= 0.793420436598898  occ= 0
MO #460 energy= 0.796033466341563  occ= 0
MO #461 energy= 0.798323385786865  occ= 0
MO #462 energy= 0.804255643860688  occ= 0
MO #463 energy= 0.804477936680185  occ= 0
MO #464 energy= 0.808742615491668  occ= 0
MO #465 energy= 0.810811723443311  occ= 0
MO #466 energy= 0.815362182173107  occ= 0
MO #467 energy= 0.818028097511366  occ= 0
MO #468 energy= 0.822214275263094  occ= 0
MO #469 energy= 0.824354305398468  occ= 0
MO #470 energy= 0.826590367460201  occ= 0
MO #471 energy= 0.827694022407657  occ= 0
MO #472 energy= 0.832116456526047  occ= 0
MO #473 energy= 0.836311456730395  occ= 0
MO #474 energy= 0.83958857171852   occ= 0
MO #475 energy= 0.842345608457392  occ= 0
MO #476 energy= 0.844404744003     occ= 0
MO #477 energy= 0.850136653822838  occ= 0
MO #478 energy= 0.851886024322584  occ= 0
MO #479 energy= 0.855023182872018  occ= 0
MO #480 energy= 0.85804769227143   occ= 0
MO #481 energy= 0.862300232430353  occ= 0
MO #482 energy= 0.869575544742062  occ= 0
MO #483 energy= 0.872403100221856  occ= 0
MO #484 energy= 0.875744383478904  occ= 0
MO #485 energy= 0.880107481930988  occ= 0
MO #486 energy= 0.888797410311815  occ= 0
MO #487 energy= 0.892302064704985  occ= 0
MO #488 energy= 0.893203826233292  occ= 0
MO #489 energy= 0.895574042228659  occ= 0
MO #490 energy= 0.906052406403174  occ= 0
MO #491 energy= 0.911278008085943  occ= 0
MO #492 energy= 0.911927775907913  occ= 0
MO #493 energy= 0.919908600913742  occ= 0
MO #494 energy= 0.927376353288489  occ= 0
MO #495 energy= 0.936240907962712  occ= 0
MO #496 energy= 0.940189397230533  occ= 0
MO #497 energy= 0.945699774349534  occ= 0
MO #498 energy= 0.957853974730091  occ= 0
MO #499 energy= 0.964877952290182  occ= 0
MO #500 energy= 0.968007006301094  occ= 0
MO #501 energy= 0.976619154297944  occ= 0
MO #502 energy= 0.985648247415761  occ= 0
MO #503 energy= 1.00563042391467   occ= 0
MO #504 energy= 1.00626785100746   occ= 0
MO #505 energy= 1.0159443868063    occ= 0
MO #506 energy= 1.01872721466365   occ= 0
MO #507 energy= 1.02232454515842   occ= 0
MO #508 energy= 1.02938362902931   occ= 0
MO #509 energy= 1.04352179250157   occ= 0
MO #510 energy= 1.04939390332046   occ= 0
MO #511 energy= 1.06319956895259   occ= 0
MO #512 energy= 1.06388876961739   occ= 0
MO #513 energy= 1.0778972029512    occ= 0
MO #514 energy= 1.08573316246954   occ= 0
MO #515 energy= 1.09065258455267   occ= 0
MO #516 energy= 1.09405858328108   occ= 0
MO #517 energy= 1.10345319217468   occ= 0
MO #518 energy= 1.10673336824448   occ= 0
MO #519 energy= 1.1132513934684    occ= 0
MO #520 energy= 1.11769196419024   occ= 0
MO #521 energy= 1.12168893649912   occ= 0
MO #522 energy= 1.12955404860192   occ= 0
MO #523 energy= 1.13261669122872   occ= 0
MO #524 energy= 1.14311697977464   occ= 0
MO #525 energy= 1.14949960532303   occ= 0
MO #526 energy= 1.15611339134789   occ= 0
MO #527 energy= 1.16143193895805   occ= 0
MO #528 energy= 1.16499880288292   occ= 0
MO #529 energy= 1.17191594524426   occ= 0
MO #530 energy= 1.17650895341184   occ= 0
MO #531 energy= 1.18204495172747   occ= 0
MO #532 energy= 1.18452199488197   occ= 0
MO #533 energy= 1.18599109101439   occ= 0
MO #534 energy= 1.19045562109947   occ= 0
MO #535 energy= 1.19261886906646   occ= 0
MO #536 energy= 1.19820989665039   occ= 0
MO #537 energy= 1.20180959812574   occ= 0
MO #538 energy= 1.2029916289419    occ= 0
MO #539 energy= 1.20464867014425   occ= 0
MO #540 energy= 1.20717783873543   occ= 0
MO #541 energy= 1.21152926214727   occ= 0
MO #542 energy= 1.2173221850693    occ= 0
MO #543 energy= 1.22085002122896   occ= 0
MO #544 energy= 1.22456365956149   occ= 0
MO #545 energy= 1.23104118742905   occ= 0
MO #546 energy= 1.23336811163914   occ= 0
MO #547 energy= 1.23577760557298   occ= 0
MO #548 energy= 1.23913164382072   occ= 0
MO #549 energy= 1.24110656407348   occ= 0
MO #550 energy= 1.24504361292448   occ= 0
MO #551 energy= 1.24621151078803   occ= 0
MO #552 energy= 1.25047557436379   occ= 0
MO #553 energy= 1.25160645224199   occ= 0
MO #554 energy= 1.25231713566427   occ= 0
MO #555 energy= 1.25596363548276   occ= 0
MO #556 energy= 1.25674015890039   occ= 0
MO #557 energy= 1.25820051600091   occ= 0
MO #558 energy= 1.26377904792639   occ= 0
MO #559 energy= 1.26524440190195   occ= 0
MO #560 energy= 1.26552390008835   occ= 0
MO #561 energy= 1.26842264319391   occ= 0
MO #562 energy= 1.27367535172952   occ= 0
MO #563 energy= 1.27580401955024   occ= 0
MO #564 energy= 1.27692330478605   occ= 0
MO #565 energy= 1.28127150367386   occ= 0
MO #566 energy= 1.28870969960728   occ= 0
MO #567 energy= 1.28932160091303   occ= 0
MO #568 energy= 1.29447779561401   occ= 0
MO #569 energy= 1.2949153776356    occ= 0
MO #570 energy= 1.29717464481482   occ= 0
MO #571 energy= 1.3001128479993    occ= 0
MO #572 energy= 1.30631453620097   occ= 0
MO #573 energy= 1.30785857724717   occ= 0
MO #574 energy= 1.31025606629066   occ= 0
MO #575 energy= 1.31411958996811   occ= 0
MO #576 energy= 1.31933002246113   occ= 0
MO #577 energy= 1.32138805646712   occ= 0
MO #578 energy= 1.32394385241767   occ= 0
MO #579 energy= 1.3320069321302    occ= 0
MO #580 energy= 1.33591658338892   occ= 0
MO #581 energy= 1.34123904103763   occ= 0
MO #582 energy= 1.34574486326176   occ= 0
MO #583 energy= 1.34829697618077   occ= 0
MO #584 energy= 1.35008280289676   occ= 0
MO #585 energy= 1.35361115614759   occ= 0
MO #586 energy= 1.35541816003231   occ= 0
MO #587 energy= 1.35723559920911   occ= 0
MO #588 energy= 1.35995402106302   occ= 0
MO #589 energy= 1.36621786642114   occ= 0
MO #590 energy= 1.3711450166679    occ= 0
MO #591 energy= 1.3814977067314    occ= 0
MO #592 energy= 1.3867495534553    occ= 0
MO #593 energy= 1.38817416587541   occ= 0
MO #594 energy= 1.39546836375869   occ= 0
MO #595 energy= 1.40828573373401   occ= 0
MO #596 energy= 1.41230251259262   occ= 0
MO #597 energy= 1.42764610804618   occ= 0
MO #598 energy= 1.43824496990358   occ= 0
MO #599 energy= 1.45159344294153   occ= 0
MO #600 energy= 1.46476084358681   occ= 0
MO #601 energy= 1.47807195073744   occ= 0
MO #602 energy= 1.48688255821369   occ= 0
MO #603 energy= 1.49449195160414   occ= 0
MO #604 energy= 1.50167095268878   occ= 0
MO #605 energy= 1.51191262089606   occ= 0
MO #606 energy= 1.51515986633974   occ= 0
MO #607 energy= 1.52058225072637   occ= 0
MO #608 energy= 1.52448327377871   occ= 0
MO #609 energy= 1.52946432416342   occ= 0
MO #610 energy= 1.53185070997426   occ= 0
MO #611 energy= 1.53797225699676   occ= 0
MO #612 energy= 1.54235855039638   occ= 0
MO #613 energy= 1.55466225155867   occ= 0
MO #614 energy= 1.56339830999035   occ= 0
MO #615 energy= 1.57699982667713   occ= 0
MO #616 energy= 1.58221635473438   occ= 0
MO #617 energy= 1.60104383120182   occ= 0
MO #618 energy= 1.61546895647281   occ= 0
MO #619 energy= 1.61877523083076   occ= 0
MO #620 energy= 1.62903022171238   occ= 0
MO #621 energy= 1.63062549716319   occ= 0
MO #622 energy= 1.64403318903048   occ= 0
MO #623 energy= 1.64839126521251   occ= 0
MO #624 energy= 1.65191313811647   occ= 0
MO #625 energy= 1.65886131758517   occ= 0
MO #626 energy= 1.6638314185873    occ= 0
MO #627 energy= 1.6648929704091    occ= 0
MO #628 energy= 1.67047858083142   occ= 0
MO #629 energy= 1.67225600025359   occ= 0
MO #630 energy= 1.67650174870657   occ= 0
MO #631 energy= 1.6774730437615    occ= 0
MO #632 energy= 1.68359837222125   occ= 0
MO #633 energy= 1.68757793011803   occ= 0
MO #634 energy= 1.68907683277064   occ= 0
MO #635 energy= 1.6920769675051    occ= 0
MO #636 energy= 1.69519610151159   occ= 0
MO #637 energy= 1.69697481877912   occ= 0
MO #638 energy= 1.70165942165659   occ= 0
MO #639 energy= 1.70460014947397   occ= 0
MO #640 energy= 1.70866036900545   occ= 0
MO #641 energy= 1.71158472747515   occ= 0
MO #642 energy= 1.71978834377378   occ= 0
MO #643 energy= 1.72018088690655   occ= 0
MO #644 energy= 1.7249920857278    occ= 0
MO #645 energy= 1.72537412899753   occ= 0
MO #646 energy= 1.72769806217716   occ= 0
MO #647 energy= 1.73051201455065   occ= 0
MO #648 energy= 1.73440672639287   occ= 0
MO #649 energy= 1.73596154956763   occ= 0
MO #650 energy= 1.73646056672733   occ= 0
MO #651 energy= 1.74057200672646   occ= 0
MO #652 energy= 1.7433988543885    occ= 0
MO #653 energy= 1.74706681042507   occ= 0
MO #654 energy= 1.74773040467207   occ= 0
MO #655 energy= 1.74865311365557   occ= 0
MO #656 energy= 1.75204283726569   occ= 0
MO #657 energy= 1.75377830554953   occ= 0
MO #658 energy= 1.7583557957887    occ= 0
MO #659 energy= 1.76134562940133   occ= 0
MO #660 energy= 1.76279898899353   occ= 0
MO #661 energy= 1.76398731699702   occ= 0
MO #662 energy= 1.76705053439074   occ= 0
MO #663 energy= 1.76882289190526   occ= 0
MO #664 energy= 1.7707278546582    occ= 0
MO #665 energy= 1.77241513467803   occ= 0
MO #666 energy= 1.77369360526258   occ= 0
MO #667 energy= 1.77570949793702   occ= 0
MO #668 energy= 1.77903136713136   occ= 0
MO #669 energy= 1.78115960464183   occ= 0
MO #670 energy= 1.78304326764552   occ= 0
MO #671 energy= 1.78340117403479   occ= 0
MO #672 energy= 1.78603340086586   occ= 0
MO #673 energy= 1.78799465618004   occ= 0
MO #674 energy= 1.79039530491048   occ= 0
MO #675 energy= 1.79563263205475   occ= 0
MO #676 energy= 1.79696935903597   occ= 0
MO #677 energy= 1.79979370890937   occ= 0
MO #678 energy= 1.80040570499827   occ= 0
MO #679 energy= 1.80683760242361   occ= 0
MO #680 energy= 1.81287395683375   occ= 0
MO #681 energy= 1.81451674763711   occ= 0
MO #682 energy= 1.81804734974111   occ= 0
MO #683 energy= 1.81974386660724   occ= 0
MO #684 energy= 1.82451965306513   occ= 0
MO #685 energy= 1.828407895577     occ= 0
MO #686 energy= 1.83320591856252   occ= 0
MO #687 energy= 1.83936606397924   occ= 0
MO #688 energy= 1.84693137500595   occ= 0
MO #689 energy= 1.85557111821526   occ= 0
MO #690 energy= 1.85879996337558   occ= 0
MO #691 energy= 1.86736095301149   occ= 0
MO #692 energy= 1.87100549321405   occ= 0
MO #693 energy= 1.87642463476091   occ= 0
MO #694 energy= 1.88232486416694   occ= 0
MO #695 energy= 1.88852113841318   occ= 0
MO #696 energy= 1.89973559963671   occ= 0
MO #697 energy= 1.90380365619685   occ= 0
MO #698 energy= 1.90772001481814   occ= 0
MO #699 energy= 1.91126472039583   occ= 0
MO #700 energy= 1.91532815304784   occ= 0
MO #701 energy= 1.91793982515486   occ= 0
MO #702 energy= 1.92448591838781   occ= 0
MO #703 energy= 1.93126336857418   occ= 0
MO #704 energy= 1.9425179125882    occ= 0
MO #705 energy= 1.94662441345391   occ= 0
MO #706 energy= 1.94984968414829   occ= 0
MO #707 energy= 1.9524673341764    occ= 0
MO #708 energy= 1.95580755333199   occ= 0
MO #709 energy= 1.95625862970793   occ= 0
MO #710 energy= 1.95957026682259   occ= 0
MO #711 energy= 1.96408295788435   occ= 0
MO #712 energy= 1.96533680124316   occ= 0
MO #713 energy= 1.96715748487253   occ= 0
MO #714 energy= 1.97482471203554   occ= 0
MO #715 energy= 1.97648429003237   occ= 0
MO #716 energy= 1.97942030428686   occ= 0
MO #717 energy= 1.98300896184617   occ= 0
MO #718 energy= 1.98930178939188   occ= 0
MO #719 energy= 1.99261066519049   occ= 0
MO #720 energy= 2.00030156374469   occ= 0
MO #721 energy= 2.00731728001667   occ= 0
MO #722 energy= 2.0114900107689    occ= 0
MO #723 energy= 2.01493149883307   occ= 0
MO #724 energy= 2.02021149221799   occ= 0
MO #725 energy= 2.02309039762772   occ= 0
MO #726 energy= 2.03077933514535   occ= 0
MO #727 energy= 2.03786352004374   occ= 0
MO #728 energy= 2.04170607448108   occ= 0
MO #729 energy= 2.04410490689414   occ= 0
MO #730 energy= 2.05006469957371   occ= 0
MO #731 energy= 2.05453093053983   occ= 0
MO #732 energy= 2.06059863889797   occ= 0
MO #733 energy= 2.0655821921481    occ= 0
MO #734 energy= 2.07209966182878   occ= 0
MO #735 energy= 2.07376973178255   occ= 0
MO #736 energy= 2.07743441394887   occ= 0
MO #737 energy= 2.07937551410907   occ= 0
MO #738 energy= 2.08236952640824   occ= 0
MO #739 energy= 2.08700127732894   occ= 0
MO #740 energy= 2.09189596247815   occ= 0
MO #741 energy= 2.09376411770081   occ= 0
MO #742 energy= 2.09987592323651   occ= 0
MO #743 energy= 2.10683015480378   occ= 0
MO #744 energy= 2.10723917076103   occ= 0
MO #745 energy= 2.115687261845     occ= 0
MO #746 energy= 2.11769492624625   occ= 0
MO #747 energy= 2.1183523402007    occ= 0
MO #748 energy= 2.12713575802074   occ= 0
MO #749 energy= 2.13054400475858   occ= 0
MO #750 energy= 2.13480281650486   occ= 0
MO #751 energy= 2.13771648110291   occ= 0
MO #752 energy= 2.14168465508017   occ= 0
MO #753 energy= 2.14554646167797   occ= 0
MO #754 energy= 2.14849570246615   occ= 0
MO #755 energy= 2.15004462229779   occ= 0
MO #756 energy= 2.15072620441633   occ= 0
MO #757 energy= 2.15256792317542   occ= 0
MO #758 energy= 2.15961803736132   occ= 0
MO #759 energy= 2.16132621157257   occ= 0
MO #760 energy= 2.16835504160972   occ= 0
MO #761 energy= 2.17545228201172   occ= 0
MO #762 energy= 2.18566120097214   occ= 0
MO #763 energy= 2.19226820331116   occ= 0
MO #764 energy= 2.1940360705207    occ= 0
MO #765 energy= 2.19624598989454   occ= 0
MO #766 energy= 2.20052586817592   occ= 0
MO #767 energy= 2.20471352813091   occ= 0
MO #768 energy= 2.20594999466058   occ= 0
MO #769 energy= 2.21414819165413   occ= 0
MO #770 energy= 2.21555623836719   occ= 0
MO #771 energy= 2.21959498853816   occ= 0
MO #772 energy= 2.22449420473673   occ= 0
MO #773 energy= 2.22739903940713   occ= 0
MO #774 energy= 2.23205295674215   occ= 0
MO #775 energy= 2.2350664920807    occ= 0
MO #776 energy= 2.23743706670787   occ= 0
MO #777 energy= 2.24045551549856   occ= 0
MO #778 energy= 2.24467199294545   occ= 0
MO #779 energy= 2.24714210289812   occ= 0
MO #780 energy= 2.24917345826107   occ= 0
MO #781 energy= 2.25567319653316   occ= 0
MO #782 energy= 2.26041344851671   occ= 0
MO #783 energy= 2.26550260051016   occ= 0
MO #784 energy= 2.27144563221616   occ= 0
MO #785 energy= 2.27584479508517   occ= 0
MO #786 energy= 2.27885932870969   occ= 0
MO #787 energy= 2.28064813403338   occ= 0
MO #788 energy= 2.28735400306345   occ= 0
MO #789 energy= 2.28949610366303   occ= 0
MO #790 energy= 2.3049025618335    occ= 0
MO #791 energy= 2.30703745622573   occ= 0
MO #792 energy= 2.31202172623738   occ= 0
MO #793 energy= 2.3181332373265    occ= 0
MO #794 energy= 2.31962327570937   occ= 0
MO #795 energy= 2.32333060742358   occ= 0
MO #796 energy= 2.32864539053116   occ= 0
MO #797 energy= 2.33717617706499   occ= 0
MO #798 energy= 2.33818491656619   occ= 0
MO #799 energy= 2.34322487323207   occ= 0
MO #800 energy= 2.35358459731552   occ= 0
MO #801 energy= 2.35548621956641   occ= 0
MO #802 energy= 2.35945871553689   occ= 0
MO #803 energy= 2.37644960769541   occ= 0
MO #804 energy= 2.38145368186193   occ= 0
MO #805 energy= 2.38502161392377   occ= 0
MO #806 energy= 2.39126854657107   occ= 0
MO #807 energy= 2.39463652472535   occ= 0
MO #808 energy= 2.39888318596739   occ= 0
MO #809 energy= 2.40207762529662   occ= 0
MO #810 energy= 2.40445043811496   occ= 0
MO #811 energy= 2.41257008683217   occ= 0
MO #812 energy= 2.4219306847714    occ= 0
MO #813 energy= 2.42300274510576   occ= 0
MO #814 energy= 2.42898535528532   occ= 0
MO #815 energy= 2.43394124716519   occ= 0
MO #816 energy= 2.4467773971535    occ= 0
MO #817 energy= 2.44854098637415   occ= 0
MO #818 energy= 2.45604132223605   occ= 0
MO #819 energy= 2.486842761148     occ= 0
MO #820 energy= 2.49334350807006   occ= 0
MO #821 energy= 2.49629924268746   occ= 0
MO #822 energy= 2.49820852492032   occ= 0
MO #823 energy= 2.50721138563103   occ= 0
MO #824 energy= 2.51491852559725   occ= 0
MO #825 energy= 2.52028071131801   occ= 0
MO #826 energy= 2.5250139051229    occ= 0
MO #827 energy= 2.52855483044298   occ= 0
MO #828 energy= 2.5379531754056    occ= 0
MO #829 energy= 2.5399501486044    occ= 0
MO #830 energy= 2.54754238372566   occ= 0
MO #831 energy= 2.55134411152254   occ= 0
MO #832 energy= 2.5603497754815    occ= 0
MO #833 energy= 2.56526414441751   occ= 0
MO #834 energy= 2.57621806409598   occ= 0
MO #835 energy= 2.58492838377221   occ= 0
MO #836 energy= 2.59364083395442   occ= 0
MO #837 energy= 2.59954125886083   occ= 0
MO #838 energy= 2.6047573226771    occ= 0
MO #839 energy= 2.60935361724857   occ= 0
MO #840 energy= 2.61612372493895   occ= 0
MO #841 energy= 2.6183300585714    occ= 0
MO #842 energy= 2.62190636683938   occ= 0
MO #843 energy= 2.62713674274929   occ= 0
MO #844 energy= 2.62830418591793   occ= 0
MO #845 energy= 2.63181901362886   occ= 0
MO #846 energy= 2.63844427588065   occ= 0
MO #847 energy= 2.64085907433033   occ= 0
MO #848 energy= 2.64605769704984   occ= 0
MO #849 energy= 2.64824976670526   occ= 0
MO #850 energy= 2.65288292913711   occ= 0
MO #851 energy= 2.65758597836762   occ= 0
MO #852 energy= 2.65982399105235   occ= 0
MO #853 energy= 2.66441762213802   occ= 0
MO #854 energy= 2.66686145592454   occ= 0
MO #855 energy= 2.67164915691226   occ= 0
MO #856 energy= 2.6785400275977    occ= 0
MO #857 energy= 2.6854197110083    occ= 0
MO #858 energy= 2.68839372814637   occ= 0
MO #859 energy= 2.69888274497443   occ= 0
MO #860 energy= 2.70929535084808   occ= 0
MO #861 energy= 2.71105484455183   occ= 0
MO #862 energy= 2.71628497779835   occ= 0
MO #863 energy= 2.71979311463385   occ= 0
MO #864 energy= 2.72940951971721   occ= 0
MO #865 energy= 2.73411295296695   occ= 0
MO #866 energy= 2.73499070822841   occ= 0
MO #867 energy= 2.74706500971551   occ= 0
MO #868 energy= 2.74762777487991   occ= 0
MO #869 energy= 2.75396002782143   occ= 0
MO #870 energy= 2.75751549829339   occ= 0
MO #871 energy= 2.76281223143227   occ= 0
MO #872 energy= 2.76516880657356   occ= 0
MO #873 energy= 2.76775204676963   occ= 0
MO #874 energy= 2.77402828037558   occ= 0
MO #875 energy= 2.78169926713196   occ= 0
MO #876 energy= 2.78536019907777   occ= 0
MO #877 energy= 2.7887095771717    occ= 0
MO #878 energy= 2.79249602272171   occ= 0
MO #879 energy= 2.79722215790588   occ= 0
MO #880 energy= 2.8023410445158    occ= 0
MO #881 energy= 2.8050048395518    occ= 0
MO #882 energy= 2.80765599878599   occ= 0
MO #883 energy= 2.80987454228571   occ= 0
MO #884 energy= 2.81714928262114   occ= 0
MO #885 energy= 2.82026054232405   occ= 0
MO #886 energy= 2.83580844908926   occ= 0
MO #887 energy= 2.84917142277546   occ= 0
MO #888 energy= 2.85689149150394   occ= 0
MO #889 energy= 2.85950706092291   occ= 0
MO #890 energy= 2.87084224891115   occ= 0
MO #891 energy= 2.88451962113674   occ= 0
MO #892 energy= 2.90765976052067   occ= 0
MO #893 energy= 2.91741801428126   occ= 0
MO #894 energy= 2.92420724719364   occ= 0
MO #895 energy= 2.93159407210183   occ= 0
MO #896 energy= 2.93785305621673   occ= 0
MO #897 energy= 2.94802476890706   occ= 0
MO #898 energy= 2.94994579112932   occ= 0
MO #899 energy= 2.95719247285585   occ= 0
MO #900 energy= 2.96807493032555   occ= 0
MO #901 energy= 2.97243929604569   occ= 0
MO #902 energy= 2.98674798963498   occ= 0
MO #903 energy= 2.9973360322159    occ= 0
MO #904 energy= 3.00081695358313   occ= 0
MO #905 energy= 3.00454044232442   occ= 0
MO #906 energy= 3.00835461768833   occ= 0
MO #907 energy= 3.01245697206554   occ= 0
MO #908 energy= 3.01655593104683   occ= 0
MO #909 energy= 3.02072153800533   occ= 0
MO #910 energy= 3.02415502608757   occ= 0
MO #911 energy= 3.03168481927613   occ= 0
MO #912 energy= 3.04921614369236   occ= 0
MO #913 energy= 3.05133644779936   occ= 0
MO #914 energy= 3.06253590404831   occ= 0
MO #915 energy= 3.0671607483332    occ= 0
MO #916 energy= 3.07497533217803   occ= 0
MO #917 energy= 3.07777950074284   occ= 0
MO #918 energy= 3.11129696731399   occ= 0
MO #919 energy= 3.12282953301123   occ= 0
MO #920 energy= 3.14354195436039   occ= 0
MO #921 energy= 3.15207949329859   occ= 0
MO #922 energy= 3.17255214287959   occ= 0
MO #923 energy= 3.17568957336692   occ= 0
MO #924 energy= 3.1797723098205    occ= 0
MO #925 energy= 3.19729997637136   occ= 0
MO #926 energy= 3.21914893447269   occ= 0
MO #927 energy= 3.22946306634965   occ= 0
MO #928 energy= 3.23129893120917   occ= 0
MO #929 energy= 3.2410342421564    occ= 0
MO #930 energy= 3.2520221780048    occ= 0
MO #931 energy= 3.31367221000876   occ= 0
MO #932 energy= 3.36985467149096   occ= 0
MO #933 energy= 3.39842270234214   occ= 0
MO #934 energy= 3.41578973583026   occ= 0
MO #935 energy= 3.42464106147431   occ= 0
MO #936 energy= 3.46570861188706   occ= 0
MO #937 energy= 3.52556595013101   occ= 0
MO #938 energy= 3.53511392974879   occ= 0
MO #939 energy= 3.58091500433668   occ= 0
MO #940 energy= 3.59853409338721   occ= 0
MO #941 energy= 3.62817701913884   occ= 0
MO #942 energy= 3.63794884160044   occ= 0
MO #943 energy= 3.65976586588603   occ= 0
MO #944 energy= 3.68842326282813   occ= 0
MO #945 energy= 3.70960404437902   occ= 0
MO #946 energy= 3.71347618791767   occ= 0
MO #947 energy= 3.72481792610056   occ= 0
 ** Mulliken atomic charges  **
charge of  0O =     -0.76702
charge of  1P =      1.76004
charge of  2O =     -0.64073
charge of  3O =     -0.53740
charge of  4C =      0.17116
charge of  5C =     -0.01941
charge of  6C =     -0.00892
charge of  7C =     -0.00078
charge of  8C =     -0.12932
charge of  9C =     -0.09745
charge of  10C =      0.00873
charge of  11C =     -0.10592
charge of  12C =     -0.09957
charge of  13C =     -0.10402
charge of  14C =      0.01124
charge of  15C =     -0.10155
charge of  16C =     -0.10137
charge of  17C =      0.00289
charge of  18C =      0.00317
charge of  19C =      0.01276
charge of  20C =     -0.10203
charge of  21C =     -0.09264
charge of  22C =     -0.10270
charge of  23C =      0.00564
charge of  24C =      0.00216
charge of  25C =     -0.10413
charge of  26C =     -0.09694
charge of  27C =     -0.10069
charge of  28C =     -0.10147
charge of  29C =     -0.02508
charge of  30C =     -0.03032
charge of  31C =      0.18161
charge of  32O =     -0.54790
charge of  33C =     -0.00511
charge of  34C =     -0.00611
charge of  35C =     -0.09385
charge of  36C =     -0.10212
charge of  37C =      0.00947
charge of  38C =     -0.10184
charge of  39C =     -0.10538
charge of  40C =      0.00039
charge of  41C =      0.00226
charge of  42C =     -0.10907
charge of  43C =     -0.10371
charge of  44C =      0.00930
charge of  45C =     -0.11007
charge of  46C =     -0.10222
charge of  47C =     -0.10922
charge of  48C =      0.01013
charge of  49C =      0.00037
charge of  50C =     -0.09836
charge of  51C =      0.00754
charge of  52C =      0.00208
charge of  53C =     -0.10548
charge of  54C =     -0.09818
charge of  55C =     -0.10160
charge of  56C =     -0.10012
charge of  57H =      0.34437
charge of  58H =      0.10152
charge of  59H =      0.10261
charge of  60H =      0.10070
charge of  61H =      0.10449
charge of  62H =      0.10123
charge of  63H =      0.10234
charge of  64H =      0.10300
charge of  65H =      0.10355
charge of  66H =      0.10979
charge of  67H =      0.10912
charge of  68H =      0.11252
charge of  69H =      0.10580
charge of  70H =      0.10523
charge of  71H =      0.10225
charge of  72H =      0.12174
charge of  73H =      0.10330
charge of  74H =      0.10167
charge of  75H =      0.10003
charge of  76H =      0.10425
charge of  77H =      0.09911
charge of  78H =      0.09824
charge of  79H =      0.10186
charge of  80H =      0.09880
charge of  81H =      0.10956
charge of  82H =      0.10971
charge of  83H =      0.10481
charge of  84H =      0.10456
charge of  85H =      0.10270
Dipole moment(X, Y, Z, Debye): -0.21486, -3.04300, -3.63812
def2-svp b3lyp 209.9340832233429
