/public3/home/scg5914/software-scg5914/LSW/1/data/data2/std_data/def2svp_b3lyp/cat_18.xyz
converged SCF energy = -2415.06233813919
**** MO energy ****
MO #1   energy= -77.2231509129827  occ= 2
MO #2   energy= -19.1862763034599  occ= 2
MO #3   energy= -19.1813324247233  occ= 2
MO #4   energy= -19.1727830065654  occ= 2
MO #5   energy= -19.1416649724854  occ= 2
MO #6   energy= -19.135544240899   occ= 2
MO #7   energy= -19.0955110230869  occ= 2
MO #8   energy= -10.2584002009997  occ= 2
MO #9   energy= -10.2580530141851  occ= 2
MO #10  energy= -10.2382025686361  occ= 2
MO #11  energy= -10.2334270570783  occ= 2
MO #12  energy= -10.2290589649073  occ= 2
MO #13  energy= -10.2218305774685  occ= 2
MO #14  energy= -10.2059575569301  occ= 2
MO #15  energy= -10.2039074473034  occ= 2
MO #16  energy= -10.2014017471902  occ= 2
MO #17  energy= -10.2006757349836  occ= 2
MO #18  energy= -10.1984787727409  occ= 2
MO #19  energy= -10.1979226336059  occ= 2
MO #20  energy= -10.197229472461   occ= 2
MO #21  energy= -10.1944953450461  occ= 2
MO #22  energy= -10.1928957737123  occ= 2
MO #23  energy= -10.1900081216615  occ= 2
MO #24  energy= -10.1899997095628  occ= 2
MO #25  energy= -10.1891946170465  occ= 2
MO #26  energy= -10.1886671786212  occ= 2
MO #27  energy= -10.1881641970835  occ= 2
MO #28  energy= -10.1873608309409  occ= 2
MO #29  energy= -10.1871942473419  occ= 2
MO #30  energy= -10.1871619613479  occ= 2
MO #31  energy= -10.1870345723857  occ= 2
MO #32  energy= -10.1858784889362  occ= 2
MO #33  energy= -10.1856091672     occ= 2
MO #34  energy= -10.1848709163232  occ= 2
MO #35  energy= -10.1804664644716  occ= 2
MO #36  energy= -10.1802267923557  occ= 2
MO #37  energy= -10.1772416441389  occ= 2
MO #38  energy= -10.1766273546011  occ= 2
MO #39  energy= -10.1761745471537  occ= 2
MO #40  energy= -10.1759757137633  occ= 2
MO #41  energy= -10.1758719048321  occ= 2
MO #42  energy= -10.1750038913247  occ= 2
MO #43  energy= -10.1749691738892  occ= 2
MO #44  energy= -10.1746213687872  occ= 2
MO #45  energy= -10.1719385173109  occ= 2
MO #46  energy= -10.1714769546039  occ= 2
MO #47  energy= -10.170158789845   occ= 2
MO #48  energy= -10.1638686031583  occ= 2
MO #49  energy= -10.1622449839749  occ= 2
MO #50  energy= -6.6985855981702   occ= 2
MO #51  energy= -4.86619184045522  occ= 2
MO #52  energy= -4.86555157318413  occ= 2
MO #53  energy= -4.86402184006034  occ= 2
MO #54  energy= -1.12137916471284  occ= 2
MO #55  energy= -1.05889857311092  occ= 2
MO #56  energy= -1.04615393119549  occ= 2
MO #57  energy= -1.03787767796371  occ= 2
MO #58  energy= -1.03165541195604  occ= 2
MO #59  energy= -0.965428452276508 occ= 2
MO #60  energy= -0.889678839460338 occ= 2
MO #61  energy= -0.875947409872148 occ= 2
MO #62  energy= -0.857155234193124 occ= 2
MO #63  energy= -0.850802550035458 occ= 2
MO #64  energy= -0.830970725857388 occ= 2
MO #65  energy= -0.82311145860313  occ= 2
MO #66  energy= -0.806249541451859 occ= 2
MO #67  energy= -0.782503682979283 occ= 2
MO #68  energy= -0.777511085763615 occ= 2
MO #69  energy= -0.776491286472511 occ= 2
MO #70  energy= -0.770314430325527 occ= 2
MO #71  energy= -0.761320481823741 occ= 2
MO #72  energy= -0.75923811296949  occ= 2
MO #73  energy= -0.755666227187216 occ= 2
MO #74  energy= -0.741231170190465 occ= 2
MO #75  energy= -0.727481389593319 occ= 2
MO #76  energy= -0.719475006177402 occ= 2
MO #77  energy= -0.705732930435212 occ= 2
MO #78  energy= -0.688896098450597 occ= 2
MO #79  energy= -0.683589946342222 occ= 2
MO #80  energy= -0.679909162716332 occ= 2
MO #81  energy= -0.679348343476621 occ= 2
MO #82  energy= -0.673878673062782 occ= 2
MO #83  energy= -0.670146050812249 occ= 2
MO #84  energy= -0.663490275401035 occ= 2
MO #85  energy= -0.640632127062888 occ= 2
MO #86  energy= -0.635517261050176 occ= 2
MO #87  energy= -0.628590477835492 occ= 2
MO #88  energy= -0.619422397801223 occ= 2
MO #89  energy= -0.603808716256475 occ= 2
MO #90  energy= -0.596795562812746 occ= 2
MO #91  energy= -0.591378798983016 occ= 2
MO #92  energy= -0.581407628277721 occ= 2
MO #93  energy= -0.57613111570305  occ= 2
MO #94  energy= -0.568397548110752 occ= 2
MO #95  energy= -0.56595804598859  occ= 2
MO #96  energy= -0.560279644629878 occ= 2
MO #97  energy= -0.556883306963274 occ= 2
MO #98  energy= -0.555617904474933 occ= 2
MO #99  energy= -0.537561238705369 occ= 2
MO #100 energy= -0.522302660839067 occ= 2
MO #101 energy= -0.519817976748749 occ= 2
MO #102 energy= -0.515413117817783 occ= 2
MO #103 energy= -0.514810213824077 occ= 2
MO #104 energy= -0.496144775888397 occ= 2
MO #105 energy= -0.489791310775836 occ= 2
MO #106 energy= -0.488325774638583 occ= 2
MO #107 energy= -0.481375423004756 occ= 2
MO #108 energy= -0.475011402313504 occ= 2
MO #109 energy= -0.472132239626581 occ= 2
MO #110 energy= -0.4596831409603   occ= 2
MO #111 energy= -0.458633114234919 occ= 2
MO #112 energy= -0.455416086860683 occ= 2
MO #113 energy= -0.454381561226774 occ= 2
MO #114 energy= -0.452794436402058 occ= 2
MO #115 energy= -0.45119999922227  occ= 2
MO #116 energy= -0.447874512892871 occ= 2
MO #117 energy= -0.444097153667374 occ= 2
MO #118 energy= -0.441727414752998 occ= 2
MO #119 energy= -0.437916382343649 occ= 2
MO #120 energy= -0.435153149920103 occ= 2
MO #121 energy= -0.433404850570179 occ= 2
MO #122 energy= -0.426346207835239 occ= 2
MO #123 energy= -0.420756904310668 occ= 2
MO #124 energy= -0.417736373465841 occ= 2
MO #125 energy= -0.4153668748885   occ= 2
MO #126 energy= -0.413729996036476 occ= 2
MO #127 energy= -0.413298127252965 occ= 2
MO #128 energy= -0.411438612324134 occ= 2
MO #129 energy= -0.408940861972907 occ= 2
MO #130 energy= -0.402689474261148 occ= 2
MO #131 energy= -0.402227010235367 occ= 2
MO #132 energy= -0.401561103638096 occ= 2
MO #133 energy= -0.399259132552782 occ= 2
MO #134 energy= -0.397816645942479 occ= 2
MO #135 energy= -0.395286495791631 occ= 2
MO #136 energy= -0.392416251377271 occ= 2
MO #137 energy= -0.391435177257366 occ= 2
MO #138 energy= -0.38959838372452  occ= 2
MO #139 energy= -0.386731427080028 occ= 2
MO #140 energy= -0.384982370878158 occ= 2
MO #141 energy= -0.384346621976463 occ= 2
MO #142 energy= -0.38090694094895  occ= 2
MO #143 energy= -0.378641885798674 occ= 2
MO #144 energy= -0.37463461623326  occ= 2
MO #145 energy= -0.373082995467003 occ= 2
MO #146 energy= -0.367849970366954 occ= 2
MO #147 energy= -0.366517172718494 occ= 2
MO #148 energy= -0.362807422022126 occ= 2
MO #149 energy= -0.361949817548878 occ= 2
MO #150 energy= -0.360435493848159 occ= 2
MO #151 energy= -0.358632722167119 occ= 2
MO #152 energy= -0.355616682971555 occ= 2
MO #153 energy= -0.352144230833846 occ= 2
MO #154 energy= -0.350416349826193 occ= 2
MO #155 energy= -0.346157504336368 occ= 2
MO #156 energy= -0.344345117712481 occ= 2
MO #157 energy= -0.341471182051824 occ= 2
MO #158 energy= -0.336676992304317 occ= 2
MO #159 energy= -0.332052520697558 occ= 2
MO #160 energy= -0.331681560921588 occ= 2
MO #161 energy= -0.327443646085559 occ= 2
MO #162 energy= -0.322271555939571 occ= 2
MO #163 energy= -0.316921972839074 occ= 2
MO #164 energy= -0.31210497350576  occ= 2
MO #165 energy= -0.307533547765044 occ= 2
MO #166 energy= -0.30182748774882  occ= 2
MO #167 energy= -0.296111056543961 occ= 2
MO #168 energy= -0.287416182382062 occ= 2
MO #169 energy= -0.275167976081765 occ= 2
MO #170 energy= -0.268239542974959 occ= 2
MO #171 energy= -0.257801460273188 occ= 2
MO #172 energy= -0.251451414959143 occ= 2
MO #173 energy= -0.238660467041924 occ= 2
MO #174 energy= -0.231410279686487 occ= 2
MO #175 energy= -0.230864342925742 occ= 2
MO #176 energy= -0.226882091930887 occ= 2
MO #177 energy= -0.21714853829086  occ= 2
MO #178 energy= -0.210634902839448 occ= 2
MO #179 energy= -0.0585597134182782 occ= 0
MO #180 energy= -0.0471992467388953 occ= 0
MO #181 energy= -0.0274371705749035 occ= 0
MO #182 energy= -0.0197834866883098 occ= 0
MO #183 energy= -0.00317378195008695 occ= 0
MO #184 energy= 0.00286507814392596 occ= 0
MO #185 energy= 0.0113110580154321 occ= 0
MO #186 energy= 0.0135967146035435 occ= 0
MO #187 energy= 0.0183043967453249 occ= 0
MO #188 energy= 0.0314538531452865 occ= 0
MO #189 energy= 0.0358400426836023 occ= 0
MO #190 energy= 0.0566422669015622 occ= 0
MO #191 energy= 0.0581871709474907 occ= 0
MO #192 energy= 0.0685688919102801 occ= 0
MO #193 energy= 0.0709056012399993 occ= 0
MO #194 energy= 0.074928414214928  occ= 0
MO #195 energy= 0.0798948766563028 occ= 0
MO #196 energy= 0.084836885074697  occ= 0
MO #197 energy= 0.0862073598976264 occ= 0
MO #198 energy= 0.0902814115775437 occ= 0
MO #199 energy= 0.0916295581452063 occ= 0
MO #200 energy= 0.0941554961520373 occ= 0
MO #201 energy= 0.0969430179356597 occ= 0
MO #202 energy= 0.0996001620719432 occ= 0
MO #203 energy= 0.101654109894293  occ= 0
MO #204 energy= 0.10465540122537   occ= 0
MO #205 energy= 0.106874081961238  occ= 0
MO #206 energy= 0.107666803264114  occ= 0
MO #207 energy= 0.110243799306848  occ= 0
MO #208 energy= 0.116538029010695  occ= 0
MO #209 energy= 0.118655057239327  occ= 0
MO #210 energy= 0.121201677321502  occ= 0
MO #211 energy= 0.123119226725163  occ= 0
MO #212 energy= 0.126106127028308  occ= 0
MO #213 energy= 0.128865034786054  occ= 0
MO #214 energy= 0.13233630336298   occ= 0
MO #215 energy= 0.137237575800905  occ= 0
MO #216 energy= 0.139836030464815  occ= 0
MO #217 energy= 0.14208966828224   occ= 0
MO #218 energy= 0.143756252727154  occ= 0
MO #219 energy= 0.144236612093314  occ= 0
MO #220 energy= 0.145951254463517  occ= 0
MO #221 energy= 0.147587736298198  occ= 0
MO #222 energy= 0.152263003635122  occ= 0
MO #223 energy= 0.154930151999399  occ= 0
MO #224 energy= 0.160535031797952  occ= 0
MO #225 energy= 0.162610585250874  occ= 0
MO #226 energy= 0.163802502075865  occ= 0
MO #227 energy= 0.168440921422775  occ= 0
MO #228 energy= 0.168876316826211  occ= 0
MO #229 energy= 0.173438231039791  occ= 0
MO #230 energy= 0.174770836513925  occ= 0
MO #231 energy= 0.175090456591757  occ= 0
MO #232 energy= 0.178539471300301  occ= 0
MO #233 energy= 0.184789082622808  occ= 0
MO #234 energy= 0.186686330693855  occ= 0
MO #235 energy= 0.188940192996659  occ= 0
MO #236 energy= 0.19154925104568   occ= 0
MO #237 energy= 0.194816625118397  occ= 0
MO #238 energy= 0.198314094849544  occ= 0
MO #239 energy= 0.199983917855271  occ= 0
MO #240 energy= 0.202777835713402  occ= 0
MO #241 energy= 0.203620781432264  occ= 0
MO #242 energy= 0.210909170804698  occ= 0
MO #243 energy= 0.218753489592344  occ= 0
MO #244 energy= 0.219644243053547  occ= 0
MO #245 energy= 0.228252856982991  occ= 0
MO #246 energy= 0.235652460947881  occ= 0
MO #247 energy= 0.240734920945752  occ= 0
MO #248 energy= 0.24307246742215   occ= 0
MO #249 energy= 0.249800456720768  occ= 0
MO #250 energy= 0.251558779570663  occ= 0
MO #251 energy= 0.256258983167873  occ= 0
MO #252 energy= 0.259096232299594  occ= 0
MO #253 energy= 0.264328214287317  occ= 0
MO #254 energy= 0.265095265291396  occ= 0
MO #255 energy= 0.267945655637452  occ= 0
MO #256 energy= 0.272911168634437  occ= 0
MO #257 energy= 0.278000120693454  occ= 0
MO #258 energy= 0.279487620689904  occ= 0
MO #259 energy= 0.28537822102468   occ= 0
MO #260 energy= 0.289031889005622  occ= 0
MO #261 energy= 0.293652564193768  occ= 0
MO #262 energy= 0.295428509053013  occ= 0
MO #263 energy= 0.298388952999789  occ= 0
MO #264 energy= 0.301475357226631  occ= 0
MO #265 energy= 0.304410165009352  occ= 0
MO #266 energy= 0.310120717851663  occ= 0
MO #267 energy= 0.312475281698424  occ= 0
MO #268 energy= 0.316605210616841  occ= 0
MO #269 energy= 0.317652350572943  occ= 0
MO #270 energy= 0.320717989188239  occ= 0
MO #271 energy= 0.326182652476394  occ= 0
MO #272 energy= 0.330177918364728  occ= 0
MO #273 energy= 0.332692395820633  occ= 0
MO #274 energy= 0.335041125784089  occ= 0
MO #275 energy= 0.340131433695658  occ= 0
MO #276 energy= 0.34976635411407   occ= 0
MO #277 energy= 0.350626058067294  occ= 0
MO #278 energy= 0.356290119874166  occ= 0
MO #279 energy= 0.362383306562509  occ= 0
MO #280 energy= 0.367270347794877  occ= 0
MO #281 energy= 0.369181282607716  occ= 0
MO #282 energy= 0.37129819103159   occ= 0
MO #283 energy= 0.374568524891216  occ= 0
MO #284 energy= 0.380634127704897  occ= 0
MO #285 energy= 0.383894753553583  occ= 0
MO #286 energy= 0.387736722456216  occ= 0
MO #287 energy= 0.39191711886723   occ= 0
MO #288 energy= 0.394352448070436  occ= 0
MO #289 energy= 0.40135142012866   occ= 0
MO #290 energy= 0.404255653688322  occ= 0
MO #291 energy= 0.405267075482418  occ= 0
MO #292 energy= 0.409540304444712  occ= 0
MO #293 energy= 0.413367348576045  occ= 0
MO #294 energy= 0.415060866393387  occ= 0
MO #295 energy= 0.420688447050716  occ= 0
MO #296 energy= 0.422728803383312  occ= 0
MO #297 energy= 0.425673941550992  occ= 0
MO #298 energy= 0.431102179298341  occ= 0
MO #299 energy= 0.437500996414059  occ= 0
MO #300 energy= 0.441781085599337  occ= 0
MO #301 energy= 0.443458119457335  occ= 0
MO #302 energy= 0.446350179454657  occ= 0
MO #303 energy= 0.448964396372335  occ= 0
MO #304 energy= 0.455050042396913  occ= 0
MO #305 energy= 0.456098157637292  occ= 0
MO #306 energy= 0.457045990114243  occ= 0
MO #307 energy= 0.462188860689923  occ= 0
MO #308 energy= 0.463330090353903  occ= 0
MO #309 energy= 0.46820334071558   occ= 0
MO #310 energy= 0.470821766647778  occ= 0
MO #311 energy= 0.474269915521227  occ= 0
MO #312 energy= 0.475473718978099  occ= 0
MO #313 energy= 0.476906988397647  occ= 0
MO #314 energy= 0.477099312292954  occ= 0
MO #315 energy= 0.479389197851234  occ= 0
MO #316 energy= 0.481008166014714  occ= 0
MO #317 energy= 0.484759768227798  occ= 0
MO #318 energy= 0.487241154084331  occ= 0
MO #319 energy= 0.488785427643199  occ= 0
MO #320 energy= 0.491810409179334  occ= 0
MO #321 energy= 0.498880780780343  occ= 0
MO #322 energy= 0.500807382980324  occ= 0
MO #323 energy= 0.502646468214821  occ= 0
MO #324 energy= 0.504379331419225  occ= 0
MO #325 energy= 0.511598789489093  occ= 0
MO #326 energy= 0.516018815342302  occ= 0
MO #327 energy= 0.519214581644659  occ= 0
MO #328 energy= 0.52731552897525   occ= 0
MO #329 energy= 0.530277921657957  occ= 0
MO #330 energy= 0.535316961354189  occ= 0
MO #331 energy= 0.538578932113652  occ= 0
MO #332 energy= 0.540494015895157  occ= 0
MO #333 energy= 0.548045514396913  occ= 0
MO #334 energy= 0.549884811349291  occ= 0
MO #335 energy= 0.553041927519811  occ= 0
MO #336 energy= 0.55571238655093   occ= 0
MO #337 energy= 0.560516459780471  occ= 0
MO #338 energy= 0.561075642919947  occ= 0
MO #339 energy= 0.564934290966021  occ= 0
MO #340 energy= 0.56594469823602   occ= 0
MO #341 energy= 0.56867845132144   occ= 0
MO #342 energy= 0.57133105951489   occ= 0
MO #343 energy= 0.575135917424687  occ= 0
MO #344 energy= 0.577440472114296  occ= 0
MO #345 energy= 0.578635168605025  occ= 0
MO #346 energy= 0.582966802980174  occ= 0
MO #347 energy= 0.585700644626378  occ= 0
MO #348 energy= 0.587841561931138  occ= 0
MO #349 energy= 0.591567479860747  occ= 0
MO #350 energy= 0.597535381460742  occ= 0
MO #351 energy= 0.598308231167512  occ= 0
MO #352 energy= 0.60233405604505   occ= 0
MO #353 energy= 0.604052335917728  occ= 0
MO #354 energy= 0.609529513588177  occ= 0
MO #355 energy= 0.61320394012578   occ= 0
MO #356 energy= 0.614432603366236  occ= 0
MO #357 energy= 0.615912586376873  occ= 0
MO #358 energy= 0.622861123145748  occ= 0
MO #359 energy= 0.623636029898124  occ= 0
MO #360 energy= 0.629234703004426  occ= 0
MO #361 energy= 0.630675303837085  occ= 0
MO #362 energy= 0.634047949519746  occ= 0
MO #363 energy= 0.63441831342126   occ= 0
MO #364 energy= 0.640192132613164  occ= 0
MO #365 energy= 0.644105755003614  occ= 0
MO #366 energy= 0.644757749818128  occ= 0
MO #367 energy= 0.648667974553121  occ= 0
MO #368 energy= 0.651257394425887  occ= 0
MO #369 energy= 0.652467902387579  occ= 0
MO #370 energy= 0.654069313459737  occ= 0
MO #371 energy= 0.656764408605197  occ= 0
MO #372 energy= 0.659309700647351  occ= 0
MO #373 energy= 0.663533953447008  occ= 0
MO #374 energy= 0.665806914039724  occ= 0
MO #375 energy= 0.666995188917961  occ= 0
MO #376 energy= 0.668001185463871  occ= 0
MO #377 energy= 0.668440595568663  occ= 0
MO #378 energy= 0.671873171596959  occ= 0
MO #379 energy= 0.672778088753391  occ= 0
MO #380 energy= 0.674976189800087  occ= 0
MO #381 energy= 0.67675928942144   occ= 0
MO #382 energy= 0.677649897260806  occ= 0
MO #383 energy= 0.678998862342628  occ= 0
MO #384 energy= 0.680384957988609  occ= 0
MO #385 energy= 0.681907502464355  occ= 0
MO #386 energy= 0.684206746318945  occ= 0
MO #387 energy= 0.684770660326729  occ= 0
MO #388 energy= 0.687137344670777  occ= 0
MO #389 energy= 0.688341773184168  occ= 0
MO #390 energy= 0.691319481793057  occ= 0
MO #391 energy= 0.69363574802279   occ= 0
MO #392 energy= 0.695933414510423  occ= 0
MO #393 energy= 0.698464593911445  occ= 0
MO #394 energy= 0.69962986287425   occ= 0
MO #395 energy= 0.699896030877501  occ= 0
MO #396 energy= 0.70224512420028   occ= 0
MO #397 energy= 0.703025189280613  occ= 0
MO #398 energy= 0.704685457073802  occ= 0
MO #399 energy= 0.707432966079276  occ= 0
MO #400 energy= 0.70849864138475   occ= 0
MO #401 energy= 0.71097674238729   occ= 0
MO #402 energy= 0.712893842982025  occ= 0
MO #403 energy= 0.71805290300214   occ= 0
MO #404 energy= 0.720965170340305  occ= 0
MO #405 energy= 0.721289976117316  occ= 0
MO #406 energy= 0.722904124112114  occ= 0
MO #407 energy= 0.725447038478091  occ= 0
MO #408 energy= 0.727032971401124  occ= 0
MO #409 energy= 0.728725582987738  occ= 0
MO #410 energy= 0.730771263150583  occ= 0
MO #411 energy= 0.735890278893584  occ= 0
MO #412 energy= 0.737703334115241  occ= 0
MO #413 energy= 0.740161622319098  occ= 0
MO #414 energy= 0.742708776743784  occ= 0
MO #415 energy= 0.745740693380382  occ= 0
MO #416 energy= 0.747754104813203  occ= 0
MO #417 energy= 0.75108173607236   occ= 0
MO #418 energy= 0.7527982902527    occ= 0
MO #419 energy= 0.755556933918837  occ= 0
MO #420 energy= 0.757027747089108  occ= 0
MO #421 energy= 0.762966489493227  occ= 0
MO #422 energy= 0.764326670311578  occ= 0
MO #423 energy= 0.766646295704481  occ= 0
MO #424 energy= 0.76702787161704   occ= 0
MO #425 energy= 0.769051986044527  occ= 0
MO #426 energy= 0.773836086227207  occ= 0
MO #427 energy= 0.776680962449787  occ= 0
MO #428 energy= 0.781456032467281  occ= 0
MO #429 energy= 0.78537104803919   occ= 0
MO #430 energy= 0.786368982891511  occ= 0
MO #431 energy= 0.78896289290367   occ= 0
MO #432 energy= 0.795582003429444  occ= 0
MO #433 energy= 0.800831247912482  occ= 0
MO #434 energy= 0.801524290009365  occ= 0
MO #435 energy= 0.812190521303492  occ= 0
MO #436 energy= 0.814141853505737  occ= 0
MO #437 energy= 0.81933232882018   occ= 0
MO #438 energy= 0.821459964834446  occ= 0
MO #439 energy= 0.824826556572444  occ= 0
MO #440 energy= 0.828200154037322  occ= 0
MO #441 energy= 0.83285192529388   occ= 0
MO #442 energy= 0.837419593359163  occ= 0
MO #443 energy= 0.83973750590495   occ= 0
MO #444 energy= 0.84468388108664   occ= 0
MO #445 energy= 0.849930644675676  occ= 0
MO #446 energy= 0.855537912408209  occ= 0
MO #447 energy= 0.860260723130108  occ= 0
MO #448 energy= 0.86331491767115   occ= 0
MO #449 energy= 0.867151268697109  occ= 0
MO #450 energy= 0.872465817442563  occ= 0
MO #451 energy= 0.885161968248471  occ= 0
MO #452 energy= 0.887983019502161  occ= 0
MO #453 energy= 0.896581184584293  occ= 0
MO #454 energy= 0.901804568321616  occ= 0
MO #455 energy= 0.905842694158334  occ= 0
MO #456 energy= 0.909475935278491  occ= 0
MO #457 energy= 0.911082313674498  occ= 0
MO #458 energy= 0.924080324211793  occ= 0
MO #459 energy= 0.928992692565409  occ= 0
MO #460 energy= 0.933906429748234  occ= 0
MO #461 energy= 0.94792708881137   occ= 0
MO #462 energy= 0.9485308812003    occ= 0
MO #463 energy= 0.958630173649779  occ= 0
MO #464 energy= 0.962445569853552  occ= 0
MO #465 energy= 0.969307529930142  occ= 0
MO #466 energy= 0.974821267266693  occ= 0
MO #467 energy= 0.985350533350994  occ= 0
MO #468 energy= 0.990532544768824  occ= 0
MO #469 energy= 0.996818093270753  occ= 0
MO #470 energy= 1.00397719158059   occ= 0
MO #471 energy= 1.01409695804441   occ= 0
MO #472 energy= 1.02295708784656   occ= 0
MO #473 energy= 1.02539723441108   occ= 0
MO #474 energy= 1.03032238511685   occ= 0
MO #475 energy= 1.04189940375489   occ= 0
MO #476 energy= 1.04296946446593   occ= 0
MO #477 energy= 1.05454868472214   occ= 0
MO #478 energy= 1.06282352846992   occ= 0
MO #479 energy= 1.06628991712472   occ= 0
MO #480 energy= 1.07075428170777   occ= 0
MO #481 energy= 1.07924636639459   occ= 0
MO #482 energy= 1.09115073334955   occ= 0
MO #483 energy= 1.09635377179056   occ= 0
MO #484 energy= 1.09821930625066   occ= 0
MO #485 energy= 1.10178643399737   occ= 0
MO #486 energy= 1.1131159165591    occ= 0
MO #487 energy= 1.11439721848637   occ= 0
MO #488 energy= 1.12231208336383   occ= 0
MO #489 energy= 1.13241515223644   occ= 0
MO #490 energy= 1.14382031780122   occ= 0
MO #491 energy= 1.15321216311698   occ= 0
MO #492 energy= 1.15783262731799   occ= 0
MO #493 energy= 1.16343287393637   occ= 0
MO #494 energy= 1.17218922027269   occ= 0
MO #495 energy= 1.17723955552925   occ= 0
MO #496 energy= 1.17962399899202   occ= 0
MO #497 energy= 1.18291437165879   occ= 0
MO #498 energy= 1.19121646756246   occ= 0
MO #499 energy= 1.19285322848546   occ= 0
MO #500 energy= 1.20172958719728   occ= 0
MO #501 energy= 1.20190616462148   occ= 0
MO #502 energy= 1.20464417977128   occ= 0
MO #503 energy= 1.21122299857422   occ= 0
MO #504 energy= 1.21917909329555   occ= 0
MO #505 energy= 1.22620420631623   occ= 0
MO #506 energy= 1.23083341167525   occ= 0
MO #507 energy= 1.23389300617807   occ= 0
MO #508 energy= 1.24186902232121   occ= 0
MO #509 energy= 1.24315703815927   occ= 0
MO #510 energy= 1.24534805966294   occ= 0
MO #511 energy= 1.24982640628114   occ= 0
MO #512 energy= 1.25779807706841   occ= 0
MO #513 energy= 1.26155997196643   occ= 0
MO #514 energy= 1.26371662310789   occ= 0
MO #515 energy= 1.2660018322443    occ= 0
MO #516 energy= 1.27103981110944   occ= 0
MO #517 energy= 1.27588102348449   occ= 0
MO #518 energy= 1.2823128507922    occ= 0
MO #519 energy= 1.28448320068054   occ= 0
MO #520 energy= 1.28688875922231   occ= 0
MO #521 energy= 1.29000392170748   occ= 0
MO #522 energy= 1.29328473211613   occ= 0
MO #523 energy= 1.29556005611607   occ= 0
MO #524 energy= 1.29709744250713   occ= 0
MO #525 energy= 1.30182621861325   occ= 0
MO #526 energy= 1.30936850600572   occ= 0
MO #527 energy= 1.31153697228847   occ= 0
MO #528 energy= 1.3181927438956    occ= 0
MO #529 energy= 1.32184472018561   occ= 0
MO #530 energy= 1.32537636366448   occ= 0
MO #531 energy= 1.32662206008431   occ= 0
MO #532 energy= 1.33937048756149   occ= 0
MO #533 energy= 1.34896466794801   occ= 0
MO #534 energy= 1.35566169543258   occ= 0
MO #535 energy= 1.35808448401181   occ= 0
MO #536 energy= 1.36375024920454   occ= 0
MO #537 energy= 1.36659368501327   occ= 0
MO #538 energy= 1.37621194904499   occ= 0
MO #539 energy= 1.38921858653169   occ= 0
MO #540 energy= 1.39047213165536   occ= 0
MO #541 energy= 1.39689042648431   occ= 0
MO #542 energy= 1.40174590203982   occ= 0
MO #543 energy= 1.40862730902845   occ= 0
MO #544 energy= 1.42679800603934   occ= 0
MO #545 energy= 1.44145188977236   occ= 0
MO #546 energy= 1.44798345729141   occ= 0
MO #547 energy= 1.45421255398185   occ= 0
MO #548 energy= 1.46608686376339   occ= 0
MO #549 energy= 1.47306462867934   occ= 0
MO #550 energy= 1.48149884612772   occ= 0
MO #551 energy= 1.4840291664908    occ= 0
MO #552 energy= 1.48632219354482   occ= 0
MO #553 energy= 1.4956230604882    occ= 0
MO #554 energy= 1.49801577645393   occ= 0
MO #555 energy= 1.50933803239557   occ= 0
MO #556 energy= 1.51581828941078   occ= 0
MO #557 energy= 1.51821150748954   occ= 0
MO #558 energy= 1.52210179168262   occ= 0
MO #559 energy= 1.52835719987683   occ= 0
MO #560 energy= 1.53449894311971   occ= 0
MO #561 energy= 1.53577559663346   occ= 0
MO #562 energy= 1.53954096709191   occ= 0
MO #563 energy= 1.54047013076439   occ= 0
MO #564 energy= 1.54254374119998   occ= 0
MO #565 energy= 1.54575185595944   occ= 0
MO #566 energy= 1.54893772045301   occ= 0
MO #567 energy= 1.55078984684105   occ= 0
MO #568 energy= 1.552791305829     occ= 0
MO #569 energy= 1.55791749641678   occ= 0
MO #570 energy= 1.56380097748776   occ= 0
MO #571 energy= 1.57118903268047   occ= 0
MO #572 energy= 1.57515505667113   occ= 0
MO #573 energy= 1.57704857908531   occ= 0
MO #574 energy= 1.58183193072853   occ= 0
MO #575 energy= 1.58428998135096   occ= 0
MO #576 energy= 1.6095678373068    occ= 0
MO #577 energy= 1.61211052713163   occ= 0
MO #578 energy= 1.61423962221542   occ= 0
MO #579 energy= 1.62164697870591   occ= 0
MO #580 energy= 1.62757297564192   occ= 0
MO #581 energy= 1.63667226633743   occ= 0
MO #582 energy= 1.63717192966404   occ= 0
MO #583 energy= 1.6516235697467    occ= 0
MO #584 energy= 1.65620021806486   occ= 0
MO #585 energy= 1.66282827085168   occ= 0
MO #586 energy= 1.67105447901439   occ= 0
MO #587 energy= 1.67635597422766   occ= 0
MO #588 energy= 1.68627262912559   occ= 0
MO #589 energy= 1.69254769603686   occ= 0
MO #590 energy= 1.69287536043349   occ= 0
MO #591 energy= 1.69947810065043   occ= 0
MO #592 energy= 1.70411549076116   occ= 0
MO #593 energy= 1.70807181053381   occ= 0
MO #594 energy= 1.71346476036623   occ= 0
MO #595 energy= 1.71909638186591   occ= 0
MO #596 energy= 1.72379862842975   occ= 0
MO #597 energy= 1.72627115947776   occ= 0
MO #598 energy= 1.73075142947754   occ= 0
MO #599 energy= 1.73253518124384   occ= 0
MO #600 energy= 1.73470527511971   occ= 0
MO #601 energy= 1.73900878821969   occ= 0
MO #602 energy= 1.74110922308416   occ= 0
MO #603 energy= 1.74388124193222   occ= 0
MO #604 energy= 1.7466883102702    occ= 0
MO #605 energy= 1.74903685663751   occ= 0
MO #606 energy= 1.7505818454516    occ= 0
MO #607 energy= 1.75452421350658   occ= 0
MO #608 energy= 1.75684302906661   occ= 0
MO #609 energy= 1.75885238651922   occ= 0
MO #610 energy= 1.76239704306446   occ= 0
MO #611 energy= 1.76976613881521   occ= 0
MO #612 energy= 1.77001545573358   occ= 0
MO #613 energy= 1.77253061960354   occ= 0
MO #614 energy= 1.77629131151664   occ= 0
MO #615 energy= 1.77867154537763   occ= 0
MO #616 energy= 1.78070061260374   occ= 0
MO #617 energy= 1.78516337973607   occ= 0
MO #618 energy= 1.78706375112828   occ= 0
MO #619 energy= 1.78918659802147   occ= 0
MO #620 energy= 1.79268807127396   occ= 0
MO #621 energy= 1.79622190199445   occ= 0
MO #622 energy= 1.7968063460823    occ= 0
MO #623 energy= 1.80021342265274   occ= 0
MO #624 energy= 1.8031257689269    occ= 0
MO #625 energy= 1.80487712102131   occ= 0
MO #626 energy= 1.80598029752891   occ= 0
MO #627 energy= 1.81040446267354   occ= 0
MO #628 energy= 1.81062641701756   occ= 0
MO #629 energy= 1.81181115371008   occ= 0
MO #630 energy= 1.81258355764896   occ= 0
MO #631 energy= 1.81655948808844   occ= 0
MO #632 energy= 1.82109223794939   occ= 0
MO #633 energy= 1.82278798292361   occ= 0
MO #634 energy= 1.82615590211857   occ= 0
MO #635 energy= 1.82831900256798   occ= 0
MO #636 energy= 1.82877202160287   occ= 0
MO #637 energy= 1.83450700840326   occ= 0
MO #638 energy= 1.84292884928123   occ= 0
MO #639 energy= 1.84466858366381   occ= 0
MO #640 energy= 1.84674561412805   occ= 0
MO #641 energy= 1.84931000894047   occ= 0
MO #642 energy= 1.85248353957405   occ= 0
MO #643 energy= 1.85626104283364   occ= 0
MO #644 energy= 1.86141829135664   occ= 0
MO #645 energy= 1.87550849468718   occ= 0
MO #646 energy= 1.8788148131935    occ= 0
MO #647 energy= 1.88590615752508   occ= 0
MO #648 energy= 1.88764396496454   occ= 0
MO #649 energy= 1.88977425408227   occ= 0
MO #650 energy= 1.89672651872832   occ= 0
MO #651 energy= 1.8996293977119    occ= 0
MO #652 energy= 1.90828909538077   occ= 0
MO #653 energy= 1.91316160279757   occ= 0
MO #654 energy= 1.91629084636615   occ= 0
MO #655 energy= 1.91908439552567   occ= 0
MO #656 energy= 1.92202739782019   occ= 0
MO #657 energy= 1.9261642805446    occ= 0
MO #658 energy= 1.93682904117341   occ= 0
MO #659 energy= 1.94131795047781   occ= 0
MO #660 energy= 1.94665003998846   occ= 0
MO #661 energy= 1.94827070937182   occ= 0
MO #662 energy= 1.95193580153796   occ= 0
MO #663 energy= 1.95758696303485   occ= 0
MO #664 energy= 1.96086667947328   occ= 0
MO #665 energy= 1.96279487114653   occ= 0
MO #666 energy= 1.96923242654088   occ= 0
MO #667 energy= 1.97533417144668   occ= 0
MO #668 energy= 1.9763290896832    occ= 0
MO #669 energy= 1.98028356293211   occ= 0
MO #670 energy= 1.98299545473153   occ= 0
MO #671 energy= 1.98697668731018   occ= 0
MO #672 energy= 1.98736161525974   occ= 0
MO #673 energy= 1.99280385531735   occ= 0
MO #674 energy= 1.99436232426981   occ= 0
MO #675 energy= 2.0027070392512    occ= 0
MO #676 energy= 2.00396580257371   occ= 0
MO #677 energy= 2.00606853033247   occ= 0
MO #678 energy= 2.01116757772026   occ= 0
MO #679 energy= 2.01513831241528   occ= 0
MO #680 energy= 2.02088927795813   occ= 0
MO #681 energy= 2.0234208841923    occ= 0
MO #682 energy= 2.03159865299749   occ= 0
MO #683 energy= 2.04171428326913   occ= 0
MO #684 energy= 2.04238437577029   occ= 0
MO #685 energy= 2.04791972059884   occ= 0
MO #686 energy= 2.05707858038237   occ= 0
MO #687 energy= 2.06147211090787   occ= 0
MO #688 energy= 2.06426842706956   occ= 0
MO #689 energy= 2.06928382036503   occ= 0
MO #690 energy= 2.0742184676292    occ= 0
MO #691 energy= 2.07784844999507   occ= 0
MO #692 energy= 2.08259624920067   occ= 0
MO #693 energy= 2.08382328584501   occ= 0
MO #694 energy= 2.09017293471901   occ= 0
MO #695 energy= 2.10154270939043   occ= 0
MO #696 energy= 2.10312830796266   occ= 0
MO #697 energy= 2.10480463554868   occ= 0
MO #698 energy= 2.11125682001881   occ= 0
MO #699 energy= 2.12081877723619   occ= 0
MO #700 energy= 2.12945018756775   occ= 0
MO #701 energy= 2.13206728008675   occ= 0
MO #702 energy= 2.13329925064882   occ= 0
MO #703 energy= 2.1376604115507    occ= 0
MO #704 energy= 2.14063715637216   occ= 0
MO #705 energy= 2.15047904331552   occ= 0
MO #706 energy= 2.1516336784939    occ= 0
MO #707 energy= 2.1577933616939    occ= 0
MO #708 energy= 2.16057606232777   occ= 0
MO #709 energy= 2.16799630018264   occ= 0
MO #710 energy= 2.1734081606376    occ= 0
MO #711 energy= 2.17820843376577   occ= 0
MO #712 energy= 2.18303889041362   occ= 0
MO #713 energy= 2.18533050933659   occ= 0
MO #714 energy= 2.19483457648566   occ= 0
MO #715 energy= 2.20100995236353   occ= 0
MO #716 energy= 2.20147830716238   occ= 0
MO #717 energy= 2.20746292760841   occ= 0
MO #718 energy= 2.2102600575628    occ= 0
MO #719 energy= 2.21486845424026   occ= 0
MO #720 energy= 2.21787448042054   occ= 0
MO #721 energy= 2.22629910524282   occ= 0
MO #722 energy= 2.22975263580857   occ= 0
MO #723 energy= 2.23179431164156   occ= 0
MO #724 energy= 2.24306846699763   occ= 0
MO #725 energy= 2.24916576433266   occ= 0
MO #726 energy= 2.25299693332712   occ= 0
MO #727 energy= 2.2575412451092    occ= 0
MO #728 energy= 2.26350779473819   occ= 0
MO #729 energy= 2.279166237736     occ= 0
MO #730 energy= 2.28290217261642   occ= 0
MO #731 energy= 2.28915174704612   occ= 0
MO #732 energy= 2.2926704511974    occ= 0
MO #733 energy= 2.2947545619697    occ= 0
MO #734 energy= 2.29690962064778   occ= 0
MO #735 energy= 2.29851572865787   occ= 0
MO #736 energy= 2.30623723925017   occ= 0
MO #737 energy= 2.31151153878129   occ= 0
MO #738 energy= 2.31427058671175   occ= 0
MO #739 energy= 2.32085935970311   occ= 0
MO #740 energy= 2.32656363463681   occ= 0
MO #741 energy= 2.33297686915586   occ= 0
MO #742 energy= 2.34023144168916   occ= 0
MO #743 energy= 2.34521610521409   occ= 0
MO #744 energy= 2.35106949201711   occ= 0
MO #745 energy= 2.35605634420547   occ= 0
MO #746 energy= 2.36539001058106   occ= 0
MO #747 energy= 2.36977579601259   occ= 0
MO #748 energy= 2.37585541220744   occ= 0
MO #749 energy= 2.38301507980281   occ= 0
MO #750 energy= 2.38549022734679   occ= 0
MO #751 energy= 2.38753403627463   occ= 0
MO #752 energy= 2.39113129877145   occ= 0
MO #753 energy= 2.40189522490107   occ= 0
MO #754 energy= 2.40484634908775   occ= 0
MO #755 energy= 2.40638508295489   occ= 0
MO #756 energy= 2.41831921293431   occ= 0
MO #757 energy= 2.4229925899129    occ= 0
MO #758 energy= 2.43014650387181   occ= 0
MO #759 energy= 2.44527634301282   occ= 0
MO #760 energy= 2.45623137057118   occ= 0
MO #761 energy= 2.46487143982521   occ= 0
MO #762 energy= 2.47114722318013   occ= 0
MO #763 energy= 2.4851458882315    occ= 0
MO #764 energy= 2.48894862556073   occ= 0
MO #765 energy= 2.49214815533833   occ= 0
MO #766 energy= 2.49511990502417   occ= 0
MO #767 energy= 2.49673651619932   occ= 0
MO #768 energy= 2.50760937000185   occ= 0
MO #769 energy= 2.51309880968979   occ= 0
MO #770 energy= 2.51422928556837   occ= 0
MO #771 energy= 2.52211801090985   occ= 0
MO #772 energy= 2.52271699604915   occ= 0
MO #773 energy= 2.54513150721098   occ= 0
MO #774 energy= 2.5549879255099    occ= 0
MO #775 energy= 2.55858166784137   occ= 0
MO #776 energy= 2.55955669731676   occ= 0
MO #777 energy= 2.56741381573295   occ= 0
MO #778 energy= 2.5678868629283    occ= 0
MO #779 energy= 2.57659134130778   occ= 0
MO #780 energy= 2.57875442258907   occ= 0
MO #781 energy= 2.58385373176949   occ= 0
MO #782 energy= 2.59377753047398   occ= 0
MO #783 energy= 2.59617165538187   occ= 0
MO #784 energy= 2.60159717131185   occ= 0
MO #785 energy= 2.60276561855555   occ= 0
MO #786 energy= 2.60879653922563   occ= 0
MO #787 energy= 2.61064902423557   occ= 0
MO #788 energy= 2.61838688913741   occ= 0
MO #789 energy= 2.62399847063984   occ= 0
MO #790 energy= 2.63114156873323   occ= 0
MO #791 energy= 2.63261969586626   occ= 0
MO #792 energy= 2.6392373768917    occ= 0
MO #793 energy= 2.64220913296392   occ= 0
MO #794 energy= 2.64933483828344   occ= 0
MO #795 energy= 2.65345507557179   occ= 0
MO #796 energy= 2.65933213951213   occ= 0
MO #797 energy= 2.66243407524129   occ= 0
MO #798 energy= 2.66543856082926   occ= 0
MO #799 energy= 2.66929121931523   occ= 0
MO #800 energy= 2.67604283347206   occ= 0
MO #801 energy= 2.68520843497457   occ= 0
MO #802 energy= 2.68958137029966   occ= 0
MO #803 energy= 2.6966261864166    occ= 0
MO #804 energy= 2.69712266483666   occ= 0
MO #805 energy= 2.71059176569046   occ= 0
MO #806 energy= 2.71571775580008   occ= 0
MO #807 energy= 2.72429418790055   occ= 0
MO #808 energy= 2.73215223315333   occ= 0
MO #809 energy= 2.73409069449597   occ= 0
MO #810 energy= 2.73620129705651   occ= 0
MO #811 energy= 2.73993858164289   occ= 0
MO #812 energy= 2.74408922535964   occ= 0
MO #813 energy= 2.74947022765848   occ= 0
MO #814 energy= 2.75967225605955   occ= 0
MO #815 energy= 2.76135081043588   occ= 0
MO #816 energy= 2.76712894537159   occ= 0
MO #817 energy= 2.77700725833299   occ= 0
MO #818 energy= 2.78621619639783   occ= 0
MO #819 energy= 2.79237670304019   occ= 0
MO #820 energy= 2.79849919036283   occ= 0
MO #821 energy= 2.80850095068482   occ= 0
MO #822 energy= 2.81648364141049   occ= 0
MO #823 energy= 2.82560418677386   occ= 0
MO #824 energy= 2.82778492486656   occ= 0
MO #825 energy= 2.84653790598018   occ= 0
MO #826 energy= 2.85076790180919   occ= 0
MO #827 energy= 2.85473519446966   occ= 0
MO #828 energy= 2.86256114258762   occ= 0
MO #829 energy= 2.87493115633058   occ= 0
MO #830 energy= 2.88435388225244   occ= 0
MO #831 energy= 2.88592948342501   occ= 0
MO #832 energy= 2.88925153549111   occ= 0
MO #833 energy= 2.89919517159165   occ= 0
MO #834 energy= 2.90461833504379   occ= 0
MO #835 energy= 2.90857266280919   occ= 0
MO #836 energy= 2.91172500816775   occ= 0
MO #837 energy= 2.91718335845926   occ= 0
MO #838 energy= 2.92192625297503   occ= 0
MO #839 energy= 2.92547531326306   occ= 0
MO #840 energy= 2.93584985817375   occ= 0
MO #841 energy= 2.93826527346649   occ= 0
MO #842 energy= 2.94453096561709   occ= 0
MO #843 energy= 2.94587763683551   occ= 0
MO #844 energy= 2.950744489717     occ= 0
MO #845 energy= 2.95612857537035   occ= 0
MO #846 energy= 2.9624966638338    occ= 0
MO #847 energy= 2.97242041191908   occ= 0
MO #848 energy= 2.98023737974261   occ= 0
MO #849 energy= 2.98330262647944   occ= 0
MO #850 energy= 2.98659312559199   occ= 0
MO #851 energy= 2.9888749140236    occ= 0
MO #852 energy= 2.99020452080211   occ= 0
MO #853 energy= 2.99329130530987   occ= 0
MO #854 energy= 2.99497029739589   occ= 0
MO #855 energy= 2.99628400929378   occ= 0
MO #856 energy= 2.99987613478128   occ= 0
MO #857 energy= 3.00481742682282   occ= 0
MO #858 energy= 3.00844284646871   occ= 0
MO #859 energy= 3.01587300696132   occ= 0
MO #860 energy= 3.02949989586574   occ= 0
MO #861 energy= 3.03354143104497   occ= 0
MO #862 energy= 3.04682706065098   occ= 0
MO #863 energy= 3.05517300973501   occ= 0
MO #864 energy= 3.07470409683006   occ= 0
MO #865 energy= 3.0783675976969    occ= 0
MO #866 energy= 3.08305889771293   occ= 0
MO #867 energy= 3.08780990036132   occ= 0
MO #868 energy= 3.11554590429013   occ= 0
MO #869 energy= 3.1218633073472    occ= 0
MO #870 energy= 3.14141017958077   occ= 0
MO #871 energy= 3.14755838761522   occ= 0
MO #872 energy= 3.15070927285745   occ= 0
MO #873 energy= 3.17240170907476   occ= 0
MO #874 energy= 3.17754562693632   occ= 0
MO #875 energy= 3.17975648414044   occ= 0
MO #876 energy= 3.19541696752663   occ= 0
MO #877 energy= 3.21931237867348   occ= 0
MO #878 energy= 3.24484415672719   occ= 0
MO #879 energy= 3.30379029822449   occ= 0
MO #880 energy= 3.32549318518175   occ= 0
MO #881 energy= 3.34124552660699   occ= 0
MO #882 energy= 3.3683930817809    occ= 0
MO #883 energy= 3.38292978386841   occ= 0
MO #884 energy= 3.39463270915665   occ= 0
MO #885 energy= 3.40783537667188   occ= 0
MO #886 energy= 3.43757548688309   occ= 0
MO #887 energy= 3.48414394956232   occ= 0
MO #888 energy= 3.49277006611902   occ= 0
MO #889 energy= 3.57039090048942   occ= 0
MO #890 energy= 3.59794278358969   occ= 0
MO #891 energy= 3.65894560178394   occ= 0
MO #892 energy= 3.67240720102942   occ= 0
MO #893 energy= 3.69494232059703   occ= 0
MO #894 energy= 3.70619221826921   occ= 0
MO #895 energy= 3.71681779616778   occ= 0
 ** Mulliken atomic charges  **
charge of  0O =     -0.78472
charge of  1P =      1.75830
charge of  2O =     -0.65237
charge of  3O =     -0.53260
charge of  4C =      0.18161
charge of  5C =     -0.00328
charge of  6C =     -0.00153
charge of  7C =     -0.12574
charge of  8C =     -0.00240
charge of  9C =     -0.29104
charge of  10C =      0.17104
charge of  11O =     -0.39973
charge of  12C =      0.16964
charge of  13C =     -0.29691
charge of  14C =     -0.28400
charge of  15C =      0.00913
charge of  16C =     -0.29313
charge of  17C =     -0.11776
charge of  18C =     -0.10319
charge of  19C =      0.00708
charge of  20C =      0.00150
charge of  21C =     -0.10417
charge of  22C =     -0.10041
charge of  23C =     -0.10279
charge of  24C =     -0.10230
charge of  25C =     -0.03184
charge of  26C =     -0.02508
charge of  27C =      0.17344
charge of  28O =     -0.53415
charge of  29C =     -0.00297
charge of  30C =     -0.00114
charge of  31C =     -0.12067
charge of  32C =      0.00407
charge of  33C =     -0.29234
charge of  34C =      0.17258
charge of  35O =     -0.39841
charge of  36C =      0.16907
charge of  37C =     -0.28404
charge of  38C =     -0.29655
charge of  39C =      0.00094
charge of  40C =     -0.29155
charge of  41C =     -0.11334
charge of  42C =     -0.10380
charge of  43C =      0.00899
charge of  44C =      0.00206
charge of  45C =     -0.10268
charge of  46C =     -0.09957
charge of  47C =     -0.10151
charge of  48C =     -0.10238
charge of  49H =      0.35147
charge of  50H =      0.09397
charge of  51H =      0.10060
charge of  52H =      0.10504
charge of  53H =      0.10134
charge of  54H =      0.07233
charge of  55H =      0.09550
charge of  56H =      0.09399
charge of  57H =      0.10063
charge of  58H =      0.09556
charge of  59H =      0.09788
charge of  60H =      0.09758
charge of  61H =      0.10642
charge of  62H =      0.10618
charge of  63H =      0.10388
charge of  64H =      0.11323
charge of  65H =      0.10628
charge of  66H =      0.11020
charge of  67H =      0.10392
charge of  68H =      0.10335
charge of  69H =      0.10096
charge of  70H =      0.09695
charge of  71H =      0.10108
charge of  72H =      0.10085
charge of  73H =      0.10998
charge of  74H =      0.07504
charge of  75H =      0.09709
charge of  76H =      0.09953
charge of  77H =      0.09685
charge of  78H =      0.09561
charge of  79H =      0.09785
charge of  80H =      0.09460
charge of  81H =      0.10427
charge of  82H =      0.10385
charge of  83H =      0.10558
charge of  84H =      0.10472
charge of  85H =      0.10554
charge of  86H =      0.11233
charge of  87H =      0.10431
charge of  88H =      0.10369
charge of  89H =      0.10065
Dipole moment(X, Y, Z, Debye):  2.23363, -1.36291,  0.48818
def2-svp b3lyp 182.39799284934998
