/public3/home/scg5914/software-scg5914/LSW/1/data/data2/std_data/def2svp_b3lyp/cat_16.xyz
converged SCF energy = -3218.90250680004
**** MO energy ****
MO #1   energy= -77.2429035642997  occ= 2
MO #2   energy= -24.7261695227287  occ= 2
MO #3   energy= -24.7227209049076  occ= 2
MO #4   energy= -24.7219271968652  occ= 2
MO #5   energy= -24.7200561965592  occ= 2
MO #6   energy= -24.7180217279857  occ= 2
MO #7   energy= -24.7179143833638  occ= 2
MO #8   energy= -24.7176472159384  occ= 2
MO #9   energy= -24.7148883140301  occ= 2
MO #10  energy= -24.7147336402404  occ= 2
MO #11  energy= -24.7129356702845  occ= 2
MO #12  energy= -24.7121107918005  occ= 2
MO #13  energy= -24.7113820047655  occ= 2
MO #14  energy= -19.2074075628848  occ= 2
MO #15  energy= -19.2011746156568  occ= 2
MO #16  energy= -19.1947071704931  occ= 2
MO #17  energy= -19.1144257123807  occ= 2
MO #18  energy= -10.4390991360882  occ= 2
MO #19  energy= -10.4356581543346  occ= 2
MO #20  energy= -10.4348373768126  occ= 2
MO #21  energy= -10.4312552861797  occ= 2
MO #22  energy= -10.2797698383406  occ= 2
MO #23  energy= -10.278931103829   occ= 2
MO #24  energy= -10.2310151963115  occ= 2
MO #25  energy= -10.2297651091422  occ= 2
MO #26  energy= -10.2291265281752  occ= 2
MO #27  energy= -10.2271604352281  occ= 2
MO #28  energy= -10.2261920414067  occ= 2
MO #29  energy= -10.2253906546778  occ= 2
MO #30  energy= -10.2252794318667  occ= 2
MO #31  energy= -10.2243814025377  occ= 2
MO #32  energy= -10.2239876212081  occ= 2
MO #33  energy= -10.2239186329195  occ= 2
MO #34  energy= -10.2229929266832  occ= 2
MO #35  energy= -10.2229265437066  occ= 2
MO #36  energy= -10.2226080492285  occ= 2
MO #37  energy= -10.2216645999522  occ= 2
MO #38  energy= -10.220379516972   occ= 2
MO #39  energy= -10.2198746515298  occ= 2
MO #40  energy= -10.2178916606145  occ= 2
MO #41  energy= -10.2166371867322  occ= 2
MO #42  energy= -10.2162410446804  occ= 2
MO #43  energy= -10.2138203083116  occ= 2
MO #44  energy= -10.2130722079622  occ= 2
MO #45  energy= -10.2106368025683  occ= 2
MO #46  energy= -10.2070268660379  occ= 2
MO #47  energy= -10.2059015653598  occ= 2
MO #48  energy= -10.2053728688174  occ= 2
MO #49  energy= -10.2051853972478  occ= 2
MO #50  energy= -10.2044437772497  occ= 2
MO #51  energy= -10.204330317859   occ= 2
MO #52  energy= -10.2035832380978  occ= 2
MO #53  energy= -10.203272105144   occ= 2
MO #54  energy= -6.71852421389116  occ= 2
MO #55  energy= -4.88616180209404  occ= 2
MO #56  energy= -4.88547433397853  occ= 2
MO #57  energy= -4.88389051663548  occ= 2
MO #58  energy= -1.30526933546185  occ= 2
MO #59  energy= -1.30182714328965  occ= 2
MO #60  energy= -1.30128593814756  occ= 2
MO #61  energy= -1.29721444742898  occ= 2
MO #62  energy= -1.21269347480883  occ= 2
MO #63  energy= -1.2095111261986   occ= 2
MO #64  energy= -1.20889496574236  occ= 2
MO #65  energy= -1.20600818220487  occ= 2
MO #66  energy= -1.20356573396155  occ= 2
MO #67  energy= -1.20190667105768  occ= 2
MO #68  energy= -1.20165507783201  occ= 2
MO #69  energy= -1.19953898470587  occ= 2
MO #70  energy= -1.14206051840046  occ= 2
MO #71  energy= -1.07981414336394  occ= 2
MO #72  energy= -1.06764896200858  occ= 2
MO #73  energy= -0.986534458154269 occ= 2
MO #74  energy= -0.911374813884302 occ= 2
MO #75  energy= -0.904415855806133 occ= 2
MO #76  energy= -0.897854448899197 occ= 2
MO #77  energy= -0.889999139615477 occ= 2
MO #78  energy= -0.85254800002198  occ= 2
MO #79  energy= -0.847525868883975 occ= 2
MO #80  energy= -0.831843983864316 occ= 2
MO #81  energy= -0.813184051113641 occ= 2
MO #82  energy= -0.807657114638619 occ= 2
MO #83  energy= -0.80081316961368  occ= 2
MO #84  energy= -0.792635593876209 occ= 2
MO #85  energy= -0.778217367408484 occ= 2
MO #86  energy= -0.762820327072637 occ= 2
MO #87  energy= -0.753308767210674 occ= 2
MO #88  energy= -0.74723671227556  occ= 2
MO #89  energy= -0.728728527303561 occ= 2
MO #90  energy= -0.71172028810393  occ= 2
MO #91  energy= -0.708306634163424 occ= 2
MO #92  energy= -0.707428961915082 occ= 2
MO #93  energy= -0.701122859587187 occ= 2
MO #94  energy= -0.693634744455903 occ= 2
MO #95  energy= -0.66877267126309  occ= 2
MO #96  energy= -0.662346173578402 occ= 2
MO #97  energy= -0.653067444648262 occ= 2
MO #98  energy= -0.64812250393083  occ= 2
MO #99  energy= -0.643989279454515 occ= 2
MO #100 energy= -0.639427345177704 occ= 2
MO #101 energy= -0.631938826025374 occ= 2
MO #102 energy= -0.629475042576281 occ= 2
MO #103 energy= -0.623130304791792 occ= 2
MO #104 energy= -0.603373194290135 occ= 2
MO #105 energy= -0.600238645800763 occ= 2
MO #106 energy= -0.598438809925374 occ= 2
MO #107 energy= -0.59591601186206  occ= 2
MO #108 energy= -0.595795738464335 occ= 2
MO #109 energy= -0.59214740236525  occ= 2
MO #110 energy= -0.591907361181703 occ= 2
MO #111 energy= -0.591719362303269 occ= 2
MO #112 energy= -0.588590316663322 occ= 2
MO #113 energy= -0.585404637960304 occ= 2
MO #114 energy= -0.583229557252119 occ= 2
MO #115 energy= -0.580492265560749 occ= 2
MO #116 energy= -0.577096838091531 occ= 2
MO #117 energy= -0.558508779925207 occ= 2
MO #118 energy= -0.544246035433059 occ= 2
MO #119 energy= -0.538172447657456 occ= 2
MO #120 energy= -0.532206146496898 occ= 2
MO #121 energy= -0.529280025678109 occ= 2
MO #122 energy= -0.524819931827398 occ= 2
MO #123 energy= -0.519173391366879 occ= 2
MO #124 energy= -0.507592504757196 occ= 2
MO #125 energy= -0.507308048788696 occ= 2
MO #126 energy= -0.503038913219693 occ= 2
MO #127 energy= -0.499412212822012 occ= 2
MO #128 energy= -0.492212493267994 occ= 2
MO #129 energy= -0.48800448217389  occ= 2
MO #130 energy= -0.477087668737055 occ= 2
MO #131 energy= -0.474481219240334 occ= 2
MO #132 energy= -0.473539229153508 occ= 2
MO #133 energy= -0.472353939660142 occ= 2
MO #134 energy= -0.470457387779241 occ= 2
MO #135 energy= -0.470431678980939 occ= 2
MO #136 energy= -0.469005672557666 occ= 2
MO #137 energy= -0.468696121182599 occ= 2
MO #138 energy= -0.467041908953343 occ= 2
MO #139 energy= -0.466818365326199 occ= 2
MO #140 energy= -0.465008870177521 occ= 2
MO #141 energy= -0.463172477055246 occ= 2
MO #142 energy= -0.460705718524742 occ= 2
MO #143 energy= -0.45297819882183  occ= 2
MO #144 energy= -0.450945292082335 occ= 2
MO #145 energy= -0.449173814019868 occ= 2
MO #146 energy= -0.444674527840328 occ= 2
MO #147 energy= -0.438292409184895 occ= 2
MO #148 energy= -0.434046894405844 occ= 2
MO #149 energy= -0.432969008047843 occ= 2
MO #150 energy= -0.431761447469031 occ= 2
MO #151 energy= -0.4303886498147   occ= 2
MO #152 energy= -0.428567555386407 occ= 2
MO #153 energy= -0.428226754679359 occ= 2
MO #154 energy= -0.426909600053361 occ= 2
MO #155 energy= -0.425231871109686 occ= 2
MO #156 energy= -0.423516264066048 occ= 2
MO #157 energy= -0.422199993416383 occ= 2
MO #158 energy= -0.420453375328965 occ= 2
MO #159 energy= -0.419128191051714 occ= 2
MO #160 energy= -0.41618509862864  occ= 2
MO #161 energy= -0.415652168898978 occ= 2
MO #162 energy= -0.411795267135294 occ= 2
MO #163 energy= -0.411437366750921 occ= 2
MO #164 energy= -0.407912822716901 occ= 2
MO #165 energy= -0.407844820362925 occ= 2
MO #166 energy= -0.40490783103526  occ= 2
MO #167 energy= -0.404137530955019 occ= 2
MO #168 energy= -0.400576883841241 occ= 2
MO #169 energy= -0.397795201884918 occ= 2
MO #170 energy= -0.395357415433272 occ= 2
MO #171 energy= -0.389258580725456 occ= 2
MO #172 energy= -0.388193496306665 occ= 2
MO #173 energy= -0.381771575083185 occ= 2
MO #174 energy= -0.380726367828647 occ= 2
MO #175 energy= -0.374746191730992 occ= 2
MO #176 energy= -0.371438942507131 occ= 2
MO #177 energy= -0.368829591717651 occ= 2
MO #178 energy= -0.367698566964203 occ= 2
MO #179 energy= -0.353689757874004 occ= 2
MO #180 energy= -0.352857366499108 occ= 2
MO #181 energy= -0.347997123648282 occ= 2
MO #182 energy= -0.344001867977268 occ= 2
MO #183 energy= -0.327430294091981 occ= 2
MO #184 energy= -0.323445983573261 occ= 2
MO #185 energy= -0.318089197349273 occ= 2
MO #186 energy= -0.306075682496502 occ= 2
MO #187 energy= -0.296912839240297 occ= 2
MO #188 energy= -0.294756311351793 occ= 2
MO #189 energy= -0.293215822211093 occ= 2
MO #190 energy= -0.286996656528654 occ= 2
MO #191 energy= -0.264514775909797 occ= 2
MO #192 energy= -0.258702768924338 occ= 2
MO #193 energy= -0.244571020228992 occ= 2
MO #194 energy= -0.235272794820208 occ= 2
MO #195 energy= -0.0802105189806053 occ= 0
MO #196 energy= -0.0705594250811507 occ= 0
MO #197 energy= -0.0552959050780973 occ= 0
MO #198 energy= -0.053043528667306 occ= 0
MO #199 energy= -0.0510557367472981 occ= 0
MO #200 energy= -0.0490199950795225 occ= 0
MO #201 energy= -0.0257129115377195 occ= 0
MO #202 energy= -0.0199987539014598 occ= 0
MO #203 energy= -0.00239713220690134 occ= 0
MO #204 energy= 0.0115462922115049 occ= 0
MO #205 energy= 0.0261641817410567 occ= 0
MO #206 energy= 0.0550852305548077 occ= 0
MO #207 energy= 0.0571136180138093 occ= 0
MO #208 energy= 0.0643116310653515 occ= 0
MO #209 energy= 0.0670031402825012 occ= 0
MO #210 energy= 0.0723267952692799 occ= 0
MO #211 energy= 0.0745079164167233 occ= 0
MO #212 energy= 0.0781395405079915 occ= 0
MO #213 energy= 0.087244644030808  occ= 0
MO #214 energy= 0.0925968660620649 occ= 0
MO #215 energy= 0.0951006288301302 occ= 0
MO #216 energy= 0.0985157131611083 occ= 0
MO #217 energy= 0.100998855069986  occ= 0
MO #218 energy= 0.106933306053725  occ= 0
MO #219 energy= 0.110293172275561  occ= 0
MO #220 energy= 0.116101817257578  occ= 0
MO #221 energy= 0.116967492053808  occ= 0
MO #222 energy= 0.117787735894823  occ= 0
MO #223 energy= 0.126526703191947  occ= 0
MO #224 energy= 0.129185288665577  occ= 0
MO #225 energy= 0.130219237999683  occ= 0
MO #226 energy= 0.133390661642686  occ= 0
MO #227 energy= 0.136266960820706  occ= 0
MO #228 energy= 0.145888963482852  occ= 0
MO #229 energy= 0.149923437596339  occ= 0
MO #230 energy= 0.151064583084473  occ= 0
MO #231 energy= 0.152479173651199  occ= 0
MO #232 energy= 0.157654690842355  occ= 0
MO #233 energy= 0.168680485868135  occ= 0
MO #234 energy= 0.174407687567063  occ= 0
MO #235 energy= 0.178318399576188  occ= 0
MO #236 energy= 0.188996508934098  occ= 0
MO #237 energy= 0.198293565627006  occ= 0
MO #238 energy= 0.200854730874336  occ= 0
MO #239 energy= 0.206063770014178  occ= 0
MO #240 energy= 0.206231986443079  occ= 0
MO #241 energy= 0.206410064688138  occ= 0
MO #242 energy= 0.212358751190332  occ= 0
MO #243 energy= 0.215003584650312  occ= 0
MO #244 energy= 0.216614166495508  occ= 0
MO #245 energy= 0.219671474850931  occ= 0
MO #246 energy= 0.232418042391178  occ= 0
MO #247 energy= 0.235486773215469  occ= 0
MO #248 energy= 0.237716408669295  occ= 0
MO #249 energy= 0.244233412826053  occ= 0
MO #250 energy= 0.248484176740959  occ= 0
MO #251 energy= 0.253566700388235  occ= 0
MO #252 energy= 0.254455310765675  occ= 0
MO #253 energy= 0.256212796021605  occ= 0
MO #254 energy= 0.260636330515138  occ= 0
MO #255 energy= 0.264002890339476  occ= 0
MO #256 energy= 0.264977404659229  occ= 0
MO #257 energy= 0.27019458475687   occ= 0
MO #258 energy= 0.271632123373287  occ= 0
MO #259 energy= 0.272275253837949  occ= 0
MO #260 energy= 0.277717862592589  occ= 0
MO #261 energy= 0.280786470115265  occ= 0
MO #262 energy= 0.282346215776326  occ= 0
MO #263 energy= 0.283448103730092  occ= 0
MO #264 energy= 0.289250335242881  occ= 0
MO #265 energy= 0.291389059953556  occ= 0
MO #266 energy= 0.299272308617651  occ= 0
MO #267 energy= 0.300074308003399  occ= 0
MO #268 energy= 0.305453470364878  occ= 0
MO #269 energy= 0.315816996212178  occ= 0
MO #270 energy= 0.323231398414514  occ= 0
MO #271 energy= 0.324418771527953  occ= 0
MO #272 energy= 0.327258942043072  occ= 0
MO #273 energy= 0.329324422367997  occ= 0
MO #274 energy= 0.330495988811323  occ= 0
MO #275 energy= 0.332433222295235  occ= 0
MO #276 energy= 0.335730206094542  occ= 0
MO #277 energy= 0.340573492152551  occ= 0
MO #278 energy= 0.347984330878135  occ= 0
MO #279 energy= 0.35063559881793   occ= 0
MO #280 energy= 0.355422425293383  occ= 0
MO #281 energy= 0.356624513016779  occ= 0
MO #282 energy= 0.361726298754603  occ= 0
MO #283 energy= 0.363903295775849  occ= 0
MO #284 energy= 0.366061459354008  occ= 0
MO #285 energy= 0.367387684753504  occ= 0
MO #286 energy= 0.37260705312751   occ= 0
MO #287 energy= 0.376036822440318  occ= 0
MO #288 energy= 0.382179218869869  occ= 0
MO #289 energy= 0.382759531522726  occ= 0
MO #290 energy= 0.387063439117843  occ= 0
MO #291 energy= 0.396560952684871  occ= 0
MO #292 energy= 0.40133836961053   occ= 0
MO #293 energy= 0.409675578681483  occ= 0
MO #294 energy= 0.415530363158358  occ= 0
MO #295 energy= 0.419635369808582  occ= 0
MO #296 energy= 0.42295060047308   occ= 0
MO #297 energy= 0.426432597427547  occ= 0
MO #298 energy= 0.430935497845915  occ= 0
MO #299 energy= 0.43338807508966   occ= 0
MO #300 energy= 0.437860729673766  occ= 0
MO #301 energy= 0.444984109664825  occ= 0
MO #302 energy= 0.44883001758082   occ= 0
MO #303 energy= 0.449283353571793  occ= 0
MO #304 energy= 0.452674824134127  occ= 0
MO #305 energy= 0.455911203447317  occ= 0
MO #306 energy= 0.45852584554871   occ= 0
MO #307 energy= 0.460523222897476  occ= 0
MO #308 energy= 0.463542631056425  occ= 0
MO #309 energy= 0.464228093738793  occ= 0
MO #310 energy= 0.46688299441552   occ= 0
MO #311 energy= 0.468159681581225  occ= 0
MO #312 energy= 0.469754711572408  occ= 0
MO #313 energy= 0.472646023359573  occ= 0
MO #314 energy= 0.477069649154518  occ= 0
MO #315 energy= 0.479326495652848  occ= 0
MO #316 energy= 0.483167541713876  occ= 0
MO #317 energy= 0.485938346343997  occ= 0
MO #318 energy= 0.489125857657805  occ= 0
MO #319 energy= 0.49106402343181   occ= 0
MO #320 energy= 0.493472865640196  occ= 0
MO #321 energy= 0.502949290885017  occ= 0
MO #322 energy= 0.508183309134154  occ= 0
MO #323 energy= 0.51085388844804   occ= 0
MO #324 energy= 0.514228689178195  occ= 0
MO #325 energy= 0.516021266818579  occ= 0
MO #326 energy= 0.519040125243656  occ= 0
MO #327 energy= 0.521268599017583  occ= 0
MO #328 energy= 0.524981027345128  occ= 0
MO #329 energy= 0.53297322895867   occ= 0
MO #330 energy= 0.537912205572315  occ= 0
MO #331 energy= 0.541231102755458  occ= 0
MO #332 energy= 0.546468506767207  occ= 0
MO #333 energy= 0.548964723344557  occ= 0
MO #334 energy= 0.556089962016114  occ= 0
MO #335 energy= 0.561801446584532  occ= 0
MO #336 energy= 0.570285864873588  occ= 0
MO #337 energy= 0.572666830019746  occ= 0
MO #338 energy= 0.583122695650314  occ= 0
MO #339 energy= 0.585818495384706  occ= 0
MO #340 energy= 0.588821783085685  occ= 0
MO #341 energy= 0.589334793745637  occ= 0
MO #342 energy= 0.598670810965215  occ= 0
MO #343 energy= 0.603124669280757  occ= 0
MO #344 energy= 0.60717007253333   occ= 0
MO #345 energy= 0.609291075093997  occ= 0
MO #346 energy= 0.619480536933139  occ= 0
MO #347 energy= 0.621927120680979  occ= 0
MO #348 energy= 0.624545106737609  occ= 0
MO #349 energy= 0.627060351515308  occ= 0
MO #350 energy= 0.628834923343193  occ= 0
MO #351 energy= 0.63064399912665   occ= 0
MO #352 energy= 0.635313785969016  occ= 0
MO #353 energy= 0.635840302184827  occ= 0
MO #354 energy= 0.641149383283359  occ= 0
MO #355 energy= 0.642135213419977  occ= 0
MO #356 energy= 0.645004339647355  occ= 0
MO #357 energy= 0.646457643850896  occ= 0
MO #358 energy= 0.649986624492233  occ= 0
MO #359 energy= 0.651237716080369  occ= 0
MO #360 energy= 0.656042869233827  occ= 0
MO #361 energy= 0.65844929256536   occ= 0
MO #362 energy= 0.659582067986628  occ= 0
MO #363 energy= 0.664281580669527  occ= 0
MO #364 energy= 0.669886876431548  occ= 0
MO #365 energy= 0.671307064952234  occ= 0
MO #366 energy= 0.673888793168338  occ= 0
MO #367 energy= 0.674285113130198  occ= 0
MO #368 energy= 0.675503879475305  occ= 0
MO #369 energy= 0.677826236817612  occ= 0
MO #370 energy= 0.683910793377306  occ= 0
MO #371 energy= 0.688732751095879  occ= 0
MO #372 energy= 0.689512711705721  occ= 0
MO #373 energy= 0.693346911052755  occ= 0
MO #374 energy= 0.695794402819743  occ= 0
MO #375 energy= 0.698556533900438  occ= 0
MO #376 energy= 0.7011341863548    occ= 0
MO #377 energy= 0.706588733539534  occ= 0
MO #378 energy= 0.7158773899571    occ= 0
MO #379 energy= 0.716666390624032  occ= 0
MO #380 energy= 0.720101486583505  occ= 0
MO #381 energy= 0.72843838187121   occ= 0
MO #382 energy= 0.731980676596186  occ= 0
MO #383 energy= 0.738418475009113  occ= 0
MO #384 energy= 0.740484136476875  occ= 0
MO #385 energy= 0.743986898558624  occ= 0
MO #386 energy= 0.748143883996762  occ= 0
MO #387 energy= 0.750380526342345  occ= 0
MO #388 energy= 0.755671779221095  occ= 0
MO #389 energy= 0.76293242028772   occ= 0
MO #390 energy= 0.763998532853464  occ= 0
MO #391 energy= 0.771500968891158  occ= 0
MO #392 energy= 0.777887824532723  occ= 0
MO #393 energy= 0.7799851411782    occ= 0
MO #394 energy= 0.785055839010542  occ= 0
MO #395 energy= 0.791784270173297  occ= 0
MO #396 energy= 0.794908702512093  occ= 0
MO #397 energy= 0.801735623020893  occ= 0
MO #398 energy= 0.805438991655223  occ= 0
MO #399 energy= 0.811638738068115  occ= 0
MO #400 energy= 0.812723967300497  occ= 0
MO #401 energy= 0.815816790447589  occ= 0
MO #402 energy= 0.822338266750507  occ= 0
MO #403 energy= 0.823993453440344  occ= 0
MO #404 energy= 0.833936506825627  occ= 0
MO #405 energy= 0.847790035661879  occ= 0
MO #406 energy= 0.852749435583361  occ= 0
MO #407 energy= 0.857877928587039  occ= 0
MO #408 energy= 0.863003105298791  occ= 0
MO #409 energy= 0.869568424884063  occ= 0
MO #410 energy= 0.879818504436245  occ= 0
MO #411 energy= 0.887331676361081  occ= 0
MO #412 energy= 0.890339604269092  occ= 0
MO #413 energy= 0.900297413219961  occ= 0
MO #414 energy= 0.906070952078063  occ= 0
MO #415 energy= 0.914856338679968  occ= 0
MO #416 energy= 0.921902612081893  occ= 0
MO #417 energy= 0.934561554462867  occ= 0
MO #418 energy= 0.936135554859763  occ= 0
MO #419 energy= 0.941454890885494  occ= 0
MO #420 energy= 0.948296707179638  occ= 0
MO #421 energy= 0.956154638927496  occ= 0
MO #422 energy= 0.969660716159734  occ= 0
MO #423 energy= 0.986816541211057  occ= 0
MO #424 energy= 0.989717300935477  occ= 0
MO #425 energy= 1.00164544254316   occ= 0
MO #426 energy= 1.01381675778723   occ= 0
MO #427 energy= 1.01513169732062   occ= 0
MO #428 energy= 1.02426105056079   occ= 0
MO #429 energy= 1.04060443598733   occ= 0
MO #430 energy= 1.05526127616484   occ= 0
MO #431 energy= 1.05917165292797   occ= 0
MO #432 energy= 1.06624455274215   occ= 0
MO #433 energy= 1.06947704114646   occ= 0
MO #434 energy= 1.07651950176113   occ= 0
MO #435 energy= 1.08200927382778   occ= 0
MO #436 energy= 1.08319486230226   occ= 0
MO #437 energy= 1.08869810575106   occ= 0
MO #438 energy= 1.09081996994515   occ= 0
MO #439 energy= 1.09351724301411   occ= 0
MO #440 energy= 1.09809855221925   occ= 0
MO #441 energy= 1.09920722574788   occ= 0
MO #442 energy= 1.10328209816203   occ= 0
MO #443 energy= 1.10657293344668   occ= 0
MO #444 energy= 1.11166311788134   occ= 0
MO #445 energy= 1.11257969716196   occ= 0
MO #446 energy= 1.11784663126989   occ= 0
MO #447 energy= 1.12303756862488   occ= 0
MO #448 energy= 1.12653339012479   occ= 0
MO #449 energy= 1.12938536115965   occ= 0
MO #450 energy= 1.13341340561531   occ= 0
MO #451 energy= 1.13841464546445   occ= 0
MO #452 energy= 1.14239068150292   occ= 0
MO #453 energy= 1.14762050566512   occ= 0
MO #454 energy= 1.15635714291116   occ= 0
MO #455 energy= 1.15803648130623   occ= 0
MO #456 energy= 1.1646274150268    occ= 0
MO #457 energy= 1.16761924929982   occ= 0
MO #458 energy= 1.17333209854743   occ= 0
MO #459 energy= 1.17521351192771   occ= 0
MO #460 energy= 1.17929599993847   occ= 0
MO #461 energy= 1.18334272952107   occ= 0
MO #462 energy= 1.19349607716565   occ= 0
MO #463 energy= 1.2016223604714    occ= 0
MO #464 energy= 1.20966453139613   occ= 0
MO #465 energy= 1.21587351433491   occ= 0
MO #466 energy= 1.22233691807137   occ= 0
MO #467 energy= 1.23398966656466   occ= 0
MO #468 energy= 1.23470867428724   occ= 0
MO #469 energy= 1.23566795814729   occ= 0
MO #470 energy= 1.24152856735323   occ= 0
MO #471 energy= 1.24516508473343   occ= 0
MO #472 energy= 1.24694820928188   occ= 0
MO #473 energy= 1.25279989491215   occ= 0
MO #474 energy= 1.25474639173279   occ= 0
MO #475 energy= 1.25947724762123   occ= 0
MO #476 energy= 1.26112162474537   occ= 0
MO #477 energy= 1.26467162882905   occ= 0
MO #478 energy= 1.27003486742682   occ= 0
MO #479 energy= 1.27374183148639   occ= 0
MO #480 energy= 1.27974139873286   occ= 0
MO #481 energy= 1.28253506351418   occ= 0
MO #482 energy= 1.28753629157973   occ= 0
MO #483 energy= 1.29031579672004   occ= 0
MO #484 energy= 1.29462481698235   occ= 0
MO #485 energy= 1.29879979165083   occ= 0
MO #486 energy= 1.30791066069527   occ= 0
MO #487 energy= 1.31169082519455   occ= 0
MO #488 energy= 1.313601485632     occ= 0
MO #489 energy= 1.31726522873355   occ= 0
MO #490 energy= 1.32123846544076   occ= 0
MO #491 energy= 1.32198878134581   occ= 0
MO #492 energy= 1.32659694695943   occ= 0
MO #493 energy= 1.33035673870068   occ= 0
MO #494 energy= 1.33702218966781   occ= 0
MO #495 energy= 1.34056299204529   occ= 0
MO #496 energy= 1.34769639296831   occ= 0
MO #497 energy= 1.35007737678307   occ= 0
MO #498 energy= 1.35519940049963   occ= 0
MO #499 energy= 1.36031058855353   occ= 0
MO #500 energy= 1.36264685130272   occ= 0
MO #501 energy= 1.36875211860664   occ= 0
MO #502 energy= 1.37041220907844   occ= 0
MO #503 energy= 1.37201031729598   occ= 0
MO #504 energy= 1.38477471579972   occ= 0
MO #505 energy= 1.39001143392714   occ= 0
MO #506 energy= 1.40102993119779   occ= 0
MO #507 energy= 1.4187099665       occ= 0
MO #508 energy= 1.42535419292717   occ= 0
MO #509 energy= 1.43024087331507   occ= 0
MO #510 energy= 1.43944907411338   occ= 0
MO #511 energy= 1.44633638542402   occ= 0
MO #512 energy= 1.44812102408582   occ= 0
MO #513 energy= 1.45150262273118   occ= 0
MO #514 energy= 1.45641331154892   occ= 0
MO #515 energy= 1.46730952654646   occ= 0
MO #516 energy= 1.47205415805245   occ= 0
MO #517 energy= 1.48145414076781   occ= 0
MO #518 energy= 1.48209540383614   occ= 0
MO #519 energy= 1.48640044985268   occ= 0
MO #520 energy= 1.48968728642793   occ= 0
MO #521 energy= 1.49532405546405   occ= 0
MO #522 energy= 1.49962608182921   occ= 0
MO #523 energy= 1.50241127391914   occ= 0
MO #524 energy= 1.50729207438721   occ= 0
MO #525 energy= 1.51011774912642   occ= 0
MO #526 energy= 1.51447885515606   occ= 0
MO #527 energy= 1.52185249765547   occ= 0
MO #528 energy= 1.53526917737193   occ= 0
MO #529 energy= 1.54317134031207   occ= 0
MO #530 energy= 1.55147793124015   occ= 0
MO #531 energy= 1.55665520199386   occ= 0
MO #532 energy= 1.57952173941615   occ= 0
MO #533 energy= 1.58719008207785   occ= 0
MO #534 energy= 1.60387026122192   occ= 0
MO #535 energy= 1.61082197131314   occ= 0
MO #536 energy= 1.62005837713458   occ= 0
MO #537 energy= 1.62257666388843   occ= 0
MO #538 energy= 1.62748660820043   occ= 0
MO #539 energy= 1.63002841335681   occ= 0
MO #540 energy= 1.63381037364776   occ= 0
MO #541 energy= 1.63736231924387   occ= 0
MO #542 energy= 1.64623111651772   occ= 0
MO #543 energy= 1.65454184663382   occ= 0
MO #544 energy= 1.65769856892936   occ= 0
MO #545 energy= 1.66622397132294   occ= 0
MO #546 energy= 1.6697465225498    occ= 0
MO #547 energy= 1.67444865527503   occ= 0
MO #548 energy= 1.67778439224752   occ= 0
MO #549 energy= 1.68020828846753   occ= 0
MO #550 energy= 1.68407498566263   occ= 0
MO #551 energy= 1.68933421124618   occ= 0
MO #552 energy= 1.69509613321302   occ= 0
MO #553 energy= 1.70029210803558   occ= 0
MO #554 energy= 1.70758760428834   occ= 0
MO #555 energy= 1.71007193606499   occ= 0
MO #556 energy= 1.71214789108834   occ= 0
MO #557 energy= 1.71387058768028   occ= 0
MO #558 energy= 1.7179889756769    occ= 0
MO #559 energy= 1.72252087425573   occ= 0
MO #560 energy= 1.72375392115329   occ= 0
MO #561 energy= 1.72612507915623   occ= 0
MO #562 energy= 1.72695361861817   occ= 0
MO #563 energy= 1.73228638070159   occ= 0
MO #564 energy= 1.73384228774565   occ= 0
MO #565 energy= 1.73689916016125   occ= 0
MO #566 energy= 1.73989516405043   occ= 0
MO #567 energy= 1.74675865962958   occ= 0
MO #568 energy= 1.74710757235296   occ= 0
MO #569 energy= 1.75091489311719   occ= 0
MO #570 energy= 1.75297798661294   occ= 0
MO #571 energy= 1.75684352401317   occ= 0
MO #572 energy= 1.7603430340468    occ= 0
MO #573 energy= 1.76573738217386   occ= 0
MO #574 energy= 1.76918172152471   occ= 0
MO #575 energy= 1.77499005331833   occ= 0
MO #576 energy= 1.77603905046621   occ= 0
MO #577 energy= 1.7843566686066    occ= 0
MO #578 energy= 1.78553464616731   occ= 0
MO #579 energy= 1.8002937089435    occ= 0
MO #580 energy= 1.80142684149475   occ= 0
MO #581 energy= 1.80746842140502   occ= 0
MO #582 energy= 1.81074782762117   occ= 0
MO #583 energy= 1.81591120830189   occ= 0
MO #584 energy= 1.82734773588605   occ= 0
MO #585 energy= 1.83361839605946   occ= 0
MO #586 energy= 1.83502115802559   occ= 0
MO #587 energy= 1.84171601660769   occ= 0
MO #588 energy= 1.85280150240179   occ= 0
MO #589 energy= 1.85419103500141   occ= 0
MO #590 energy= 1.8697806070343    occ= 0
MO #591 energy= 1.87200783928413   occ= 0
MO #592 energy= 1.8825836660529    occ= 0
MO #593 energy= 1.88491903590976   occ= 0
MO #594 energy= 1.88615458328766   occ= 0
MO #595 energy= 1.88908083871731   occ= 0
MO #596 energy= 1.89470797944209   occ= 0
MO #597 energy= 1.898712043413     occ= 0
MO #598 energy= 1.9042909366524    occ= 0
MO #599 energy= 1.90486506875942   occ= 0
MO #600 energy= 1.91196610979735   occ= 0
MO #601 energy= 1.91712667933377   occ= 0
MO #602 energy= 1.92112654907822   occ= 0
MO #603 energy= 1.92495063158711   occ= 0
MO #604 energy= 1.92838196437101   occ= 0
MO #605 energy= 1.9301921613257    occ= 0
MO #606 energy= 1.93518177953844   occ= 0
MO #607 energy= 1.94302439292641   occ= 0
MO #608 energy= 1.94506082065635   occ= 0
MO #609 energy= 1.94705340830425   occ= 0
MO #610 energy= 1.95037457488341   occ= 0
MO #611 energy= 1.96118717455708   occ= 0
MO #612 energy= 1.96948236199767   occ= 0
MO #613 energy= 1.97538305362459   occ= 0
MO #614 energy= 1.98089995629137   occ= 0
MO #615 energy= 1.98589221432215   occ= 0
MO #616 energy= 1.99578366131556   occ= 0
MO #617 energy= 1.99797636194819   occ= 0
MO #618 energy= 2.00702382996487   occ= 0
MO #619 energy= 2.01984356009972   occ= 0
MO #620 energy= 2.02462216096835   occ= 0
MO #621 energy= 2.02992632364806   occ= 0
MO #622 energy= 2.0340622171664    occ= 0
MO #623 energy= 2.03649996831205   occ= 0
MO #624 energy= 2.0380899023755    occ= 0
MO #625 energy= 2.0429295024682    occ= 0
MO #626 energy= 2.0445977746532    occ= 0
MO #627 energy= 2.04975054257779   occ= 0
MO #628 energy= 2.05181020564273   occ= 0
MO #629 energy= 2.05782840542605   occ= 0
MO #630 energy= 2.07032061426177   occ= 0
MO #631 energy= 2.07282290878473   occ= 0
MO #632 energy= 2.07814963455395   occ= 0
MO #633 energy= 2.08122328000683   occ= 0
MO #634 energy= 2.08420346248258   occ= 0
MO #635 energy= 2.08859788107577   occ= 0
MO #636 energy= 2.09983253802485   occ= 0
MO #637 energy= 2.11374626313258   occ= 0
MO #638 energy= 2.12069437848192   occ= 0
MO #639 energy= 2.12432687880522   occ= 0
MO #640 energy= 2.13172780787517   occ= 0
MO #641 energy= 2.13668191787499   occ= 0
MO #642 energy= 2.14163251412948   occ= 0
MO #643 energy= 2.1475592742782    occ= 0
MO #644 energy= 2.14911519719094   occ= 0
MO #645 energy= 2.15543238888832   occ= 0
MO #646 energy= 2.15798294223889   occ= 0
MO #647 energy= 2.1644677634849    occ= 0
MO #648 energy= 2.16535865822479   occ= 0
MO #649 energy= 2.17413430890308   occ= 0
MO #650 energy= 2.17921341403972   occ= 0
MO #651 energy= 2.18967974313512   occ= 0
MO #652 energy= 2.1904363098149    occ= 0
MO #653 energy= 2.20188157526628   occ= 0
MO #654 energy= 2.20622537331433   occ= 0
MO #655 energy= 2.21774322638797   occ= 0
MO #656 energy= 2.22814664072089   occ= 0
MO #657 energy= 2.23224941282584   occ= 0
MO #658 energy= 2.23930628636986   occ= 0
MO #659 energy= 2.24461258427525   occ= 0
MO #660 energy= 2.24659243838221   occ= 0
MO #661 energy= 2.25501736155507   occ= 0
MO #662 energy= 2.26029300858078   occ= 0
MO #663 energy= 2.26244450879152   occ= 0
MO #664 energy= 2.27135323065049   occ= 0
MO #665 energy= 2.27310324030045   occ= 0
MO #666 energy= 2.27876673361089   occ= 0
MO #667 energy= 2.29593272764084   occ= 0
MO #668 energy= 2.30049843842898   occ= 0
MO #669 energy= 2.30339679432325   occ= 0
MO #670 energy= 2.30664987365626   occ= 0
MO #671 energy= 2.30887387877028   occ= 0
MO #672 energy= 2.31226020696373   occ= 0
MO #673 energy= 2.3257149967072    occ= 0
MO #674 energy= 2.33230085901599   occ= 0
MO #675 energy= 2.33920138474548   occ= 0
MO #676 energy= 2.34396053445318   occ= 0
MO #677 energy= 2.35421754568128   occ= 0
MO #678 energy= 2.36668267580284   occ= 0
MO #679 energy= 2.37147567785383   occ= 0
MO #680 energy= 2.37735729008456   occ= 0
MO #681 energy= 2.38522933223971   occ= 0
MO #682 energy= 2.3930432588325    occ= 0
MO #683 energy= 2.39690257483009   occ= 0
MO #684 energy= 2.4293945644096    occ= 0
MO #685 energy= 2.46508986760399   occ= 0
MO #686 energy= 2.46723410578875   occ= 0
MO #687 energy= 2.47542917430711   occ= 0
MO #688 energy= 2.47684222388054   occ= 0
MO #689 energy= 2.47944296318478   occ= 0
MO #690 energy= 2.48156495436576   occ= 0
MO #691 energy= 2.48834334809103   occ= 0
MO #692 energy= 2.50160207241596   occ= 0
MO #693 energy= 2.52591386246514   occ= 0
MO #694 energy= 2.5351915252899    occ= 0
MO #695 energy= 2.54371566780436   occ= 0
MO #696 energy= 2.55589009346509   occ= 0
MO #697 energy= 2.56901349890023   occ= 0
MO #698 energy= 2.58212562481424   occ= 0
MO #699 energy= 2.58749072009902   occ= 0
MO #700 energy= 2.58957059624831   occ= 0
MO #701 energy= 2.60538000857327   occ= 0
MO #702 energy= 2.61219356892653   occ= 0
MO #703 energy= 2.61895237371937   occ= 0
MO #704 energy= 2.62387524288802   occ= 0
MO #705 energy= 2.62952004334753   occ= 0
MO #706 energy= 2.63651836701694   occ= 0
MO #707 energy= 2.63991796053034   occ= 0
MO #708 energy= 2.64247678442686   occ= 0
MO #709 energy= 2.64819501257793   occ= 0
MO #710 energy= 2.65125353382093   occ= 0
MO #711 energy= 2.65468683366295   occ= 0
MO #712 energy= 2.66332932660054   occ= 0
MO #713 energy= 2.66959981571822   occ= 0
MO #714 energy= 2.67503886538674   occ= 0
MO #715 energy= 2.68350697171685   occ= 0
MO #716 energy= 2.6904805892029    occ= 0
MO #717 energy= 2.69159106181202   occ= 0
MO #718 energy= 2.70136122149175   occ= 0
MO #719 energy= 2.71382637383483   occ= 0
MO #720 energy= 2.71760970265902   occ= 0
MO #721 energy= 2.74369977004642   occ= 0
MO #722 energy= 2.74641911539206   occ= 0
MO #723 energy= 2.75102977908763   occ= 0
MO #724 energy= 2.76976149916487   occ= 0
MO #725 energy= 2.78343938166449   occ= 0
MO #726 energy= 2.79690200156368   occ= 0
MO #727 energy= 2.8006697794413    occ= 0
MO #728 energy= 2.80862743280104   occ= 0
MO #729 energy= 2.81284034752526   occ= 0
MO #730 energy= 2.82530925617867   occ= 0
MO #731 energy= 2.83468147551142   occ= 0
MO #732 energy= 2.84550948423952   occ= 0
MO #733 energy= 2.85025952083006   occ= 0
MO #734 energy= 2.85935611919738   occ= 0
MO #735 energy= 2.87174298376326   occ= 0
MO #736 energy= 2.89425755197521   occ= 0
MO #737 energy= 2.89985546127451   occ= 0
MO #738 energy= 2.91145552147529   occ= 0
MO #739 energy= 2.91772183960122   occ= 0
MO #740 energy= 2.92190101037083   occ= 0
MO #741 energy= 2.93201299535063   occ= 0
MO #742 energy= 2.97182107339251   occ= 0
MO #743 energy= 2.98113776180884   occ= 0
MO #744 energy= 2.98568538172987   occ= 0
MO #745 energy= 2.99095705846127   occ= 0
MO #746 energy= 3.00015503312295   occ= 0
MO #747 energy= 3.00276712023262   occ= 0
MO #748 energy= 3.00316113012329   occ= 0
MO #749 energy= 3.00522996904828   occ= 0
MO #750 energy= 3.00622466520797   occ= 0
MO #751 energy= 3.00669818779905   occ= 0
MO #752 energy= 3.00968285375342   occ= 0
MO #753 energy= 3.02641747375885   occ= 0
MO #754 energy= 3.03311777457665   occ= 0
MO #755 energy= 3.03672871909332   occ= 0
MO #756 energy= 3.03730530439768   occ= 0
MO #757 energy= 3.04026438848469   occ= 0
MO #758 energy= 3.04039889221919   occ= 0
MO #759 energy= 3.04305530807385   occ= 0
MO #760 energy= 3.04342111459737   occ= 0
MO #761 energy= 3.0466427239755    occ= 0
MO #762 energy= 3.0482706652878    occ= 0
MO #763 energy= 3.04858188431033   occ= 0
MO #764 energy= 3.05207642478294   occ= 0
MO #765 energy= 3.05260299548555   occ= 0
MO #766 energy= 3.05339190630248   occ= 0
MO #767 energy= 3.05466854924388   occ= 0
MO #768 energy= 3.05533938158794   occ= 0
MO #769 energy= 3.05720757394694   occ= 0
MO #770 energy= 3.06113733594962   occ= 0
MO #771 energy= 3.06474900460294   occ= 0
MO #772 energy= 3.06846191205541   occ= 0
MO #773 energy= 3.07877728456924   occ= 0
MO #774 energy= 3.07896766244622   occ= 0
MO #775 energy= 3.08107784885226   occ= 0
MO #776 energy= 3.0851743351912    occ= 0
MO #777 energy= 3.08560534825894   occ= 0
MO #778 energy= 3.10450376336162   occ= 0
MO #779 energy= 3.11017449926366   occ= 0
MO #780 energy= 3.13315942267026   occ= 0
MO #781 energy= 3.13997964742597   occ= 0
MO #782 energy= 3.14790086393812   occ= 0
MO #783 energy= 3.16057429423898   occ= 0
MO #784 energy= 3.16262884019825   occ= 0
MO #785 energy= 3.16464902112696   occ= 0
MO #786 energy= 3.16619383719539   occ= 0
MO #787 energy= 3.16816818079912   occ= 0
MO #788 energy= 3.16964947509465   occ= 0
MO #789 energy= 3.17293338954189   occ= 0
MO #790 energy= 3.17654661287456   occ= 0
MO #791 energy= 3.20848256965089   occ= 0
MO #792 energy= 3.21900486554626   occ= 0
MO #793 energy= 3.22594802207788   occ= 0
MO #794 energy= 3.23563838488168   occ= 0
MO #795 energy= 3.27032826010863   occ= 0
MO #796 energy= 3.29915523307046   occ= 0
MO #797 energy= 3.32042956034783   occ= 0
MO #798 energy= 3.3469453995267    occ= 0
MO #799 energy= 3.37926841479039   occ= 0
MO #800 energy= 3.40985000017003   occ= 0
MO #801 energy= 3.41457064009428   occ= 0
MO #802 energy= 3.43227259618523   occ= 0
MO #803 energy= 3.43877750990304   occ= 0
MO #804 energy= 3.44444598770397   occ= 0
MO #805 energy= 3.51678881893777   occ= 0
MO #806 energy= 3.52442205720803   occ= 0
MO #807 energy= 3.52669434015276   occ= 0
MO #808 energy= 3.52844515539397   occ= 0
MO #809 energy= 3.53459837501868   occ= 0
MO #810 energy= 3.53641963689879   occ= 0
MO #811 energy= 3.57592278910536   occ= 0
MO #812 energy= 3.58202772267454   occ= 0
MO #813 energy= 3.58498991532288   occ= 0
MO #814 energy= 3.58837080459312   occ= 0
MO #815 energy= 3.59190026984359   occ= 0
MO #816 energy= 3.59882069753169   occ= 0
MO #817 energy= 3.64896724542943   occ= 0
MO #818 energy= 3.65622803505207   occ= 0
MO #819 energy= 3.65848456597825   occ= 0
MO #820 energy= 3.66854874940865   occ= 0
MO #821 energy= 3.67553514405806   occ= 0
MO #822 energy= 3.68239690903127   occ= 0
MO #823 energy= 3.69425499616917   occ= 0
MO #824 energy= 3.8329525409924    occ= 0
MO #825 energy= 3.83532886855638   occ= 0
MO #826 energy= 3.83850011515059   occ= 0
MO #827 energy= 3.84011601095612   occ= 0
MO #828 energy= 3.86819271025654   occ= 0
MO #829 energy= 3.87549042778388   occ= 0
MO #830 energy= 3.89555502392026   occ= 0
MO #831 energy= 3.9011164497844    occ= 0
 ** Mulliken atomic charges  **
charge of  0O =     -0.77331
charge of  1P =      1.75985
charge of  2O =     -0.64870
charge of  3O =     -0.53281
charge of  4C =      0.17414
charge of  5C =     -0.01451
charge of  6C =      0.02074
charge of  7C =     -0.08580
charge of  8C =     -0.02869
charge of  9C =      0.74811
charge of  10F =     -0.25895
charge of  11F =     -0.26703
charge of  12F =     -0.26691
charge of  13C =     -0.09051
charge of  14C =     -0.02701
charge of  15C =      0.74846
charge of  16F =     -0.25808
charge of  17F =     -0.26920
charge of  18F =     -0.26224
charge of  19C =     -0.08241
charge of  20C =     -0.09816
charge of  21C =      0.00973
charge of  22C =      0.00525
charge of  23C =     -0.10340
charge of  24C =     -0.09281
charge of  25C =     -0.09709
charge of  26C =     -0.09886
charge of  27C =     -0.02166
charge of  28C =     -0.02862
charge of  29C =      0.18105
charge of  30O =     -0.53808
charge of  31C =     -0.01332
charge of  32C =      0.01857
charge of  33C =     -0.08965
charge of  34C =     -0.03100
charge of  35C =      0.74766
charge of  36F =     -0.26770
charge of  37F =     -0.26831
charge of  38F =     -0.25931
charge of  39C =     -0.09493
charge of  40C =     -0.02830
charge of  41C =      0.74903
charge of  42F =     -0.27153
charge of  43F =     -0.25783
charge of  44F =     -0.26476
charge of  45C =     -0.08689
charge of  46C =     -0.09752
charge of  47C =      0.00871
charge of  48C =      0.00468
charge of  49C =     -0.10442
charge of  50C =     -0.09372
charge of  51C =     -0.09807
charge of  52C =     -0.09858
charge of  53H =      0.35925
charge of  54H =      0.11804
charge of  55H =      0.12734
charge of  56H =      0.12780
charge of  57H =      0.10909
charge of  58H =      0.11324
charge of  59H =      0.10822
charge of  60H =      0.10795
charge of  61H =      0.10420
charge of  62H =      0.11502
charge of  63H =      0.12865
charge of  64H =      0.13577
charge of  65H =      0.10916
charge of  66H =      0.11104
charge of  67H =      0.10777
charge of  68H =      0.10762
charge of  69H =      0.10453
Dipole moment(X, Y, Z, Debye): -2.73961, -6.61411,  0.56049
def2-svp b3lyp 153.53181672096252
