/public3/home/scg5914/software-scg5914/LSW/1/data/data2/std_data/def2svp_b3lyp/cat_30.xyz
converged SCF energy = -2100.99994786426
**** MO energy ****
MO #1   energy= -77.2212938493062  occ= 2
MO #2   energy= -19.1837235847254  occ= 2
MO #3   energy= -19.1827456980913  occ= 2
MO #4   energy= -19.1742805121889  occ= 2
MO #5   energy= -19.163079206067   occ= 2
MO #6   energy= -19.1544444352081  occ= 2
MO #7   energy= -19.0912827139788  occ= 2
MO #8   energy= -10.2612379581897  occ= 2
MO #9   energy= -10.2587742299184  occ= 2
MO #10  energy= -10.2464770525061  occ= 2
MO #11  energy= -10.241353974559   occ= 2
MO #12  energy= -10.2361407094832  occ= 2
MO #13  energy= -10.234721421476   occ= 2
MO #14  energy= -10.2092681001526  occ= 2
MO #15  energy= -10.2066291973684  occ= 2
MO #16  energy= -10.2053599023436  occ= 2
MO #17  energy= -10.2042863124457  occ= 2
MO #18  energy= -10.2011108634179  occ= 2
MO #19  energy= -10.1993883003039  occ= 2
MO #20  energy= -10.1993002846336  occ= 2
MO #21  energy= -10.1972252381772  occ= 2
MO #22  energy= -10.1953987445809  occ= 2
MO #23  energy= -10.1933530408292  occ= 2
MO #24  energy= -10.1923805657474  occ= 2
MO #25  energy= -10.1917433998554  occ= 2
MO #26  energy= -10.1909933283995  occ= 2
MO #27  energy= -10.1904969764983  occ= 2
MO #28  energy= -10.1902295372468  occ= 2
MO #29  energy= -10.1901585307659  occ= 2
MO #30  energy= -10.1889951162105  occ= 2
MO #31  energy= -10.188379898988   occ= 2
MO #32  energy= -10.1880554740289  occ= 2
MO #33  energy= -10.1880139699318  occ= 2
MO #34  energy= -10.1872546745462  occ= 2
MO #35  energy= -10.1849944688551  occ= 2
MO #36  energy= -10.1825223601638  occ= 2
MO #37  energy= -10.1799697194486  occ= 2
MO #38  energy= -10.179532683596   occ= 2
MO #39  energy= -10.1736025821659  occ= 2
MO #40  energy= -10.172551259705   occ= 2
MO #41  energy= -10.1718621050881  occ= 2
MO #42  energy= -6.69659959004058  occ= 2
MO #43  energy= -4.86421105845438  occ= 2
MO #44  energy= -4.86394553961979  occ= 2
MO #45  energy= -4.86171639072042  occ= 2
MO #46  energy= -1.11953166437322  occ= 2
MO #47  energy= -1.05932919180854  occ= 2
MO #48  energy= -1.05751486836756  occ= 2
MO #49  energy= -1.04997682787291  occ= 2
MO #50  energy= -1.04402257327246  occ= 2
MO #51  energy= -0.966058394061769 occ= 2
MO #52  energy= -0.89193209938655  occ= 2
MO #53  energy= -0.877955524437181 occ= 2
MO #54  energy= -0.859762391462868 occ= 2
MO #55  energy= -0.849711828302092 occ= 2
MO #56  energy= -0.832431246954183 occ= 2
MO #57  energy= -0.823085497664481 occ= 2
MO #58  energy= -0.805968113803846 occ= 2
MO #59  energy= -0.7700263595265   occ= 2
MO #60  energy= -0.764512776336027 occ= 2
MO #61  energy= -0.75969164461748  occ= 2
MO #62  energy= -0.748931230328326 occ= 2
MO #63  energy= -0.743913989583272 occ= 2
MO #64  energy= -0.737814631708474 occ= 2
MO #65  energy= -0.73386745181605  occ= 2
MO #66  energy= -0.727630872712339 occ= 2
MO #67  energy= -0.711681395764686 occ= 2
MO #68  energy= -0.690846753392837 occ= 2
MO #69  energy= -0.682341399685609 occ= 2
MO #70  energy= -0.674197410850136 occ= 2
MO #71  energy= -0.637974027376812 occ= 2
MO #72  energy= -0.635457704613454 occ= 2
MO #73  energy= -0.624913074662333 occ= 2
MO #74  energy= -0.620154143698679 occ= 2
MO #75  energy= -0.610549460197545 occ= 2
MO #76  energy= -0.606310112994054 occ= 2
MO #77  energy= -0.600871476389428 occ= 2
MO #78  energy= -0.587411260018613 occ= 2
MO #79  energy= -0.581686845637843 occ= 2
MO #80  energy= -0.57518964939414  occ= 2
MO #81  energy= -0.571148607228959 occ= 2
MO #82  energy= -0.562286897167911 occ= 2
MO #83  energy= -0.542876261549652 occ= 2
MO #84  energy= -0.53954795783432  occ= 2
MO #85  energy= -0.5326028778038   occ= 2
MO #86  energy= -0.523324451326664 occ= 2
MO #87  energy= -0.519952130481759 occ= 2
MO #88  energy= -0.50131744558856  occ= 2
MO #89  energy= -0.491905649370042 occ= 2
MO #90  energy= -0.491790772197245 occ= 2
MO #91  energy= -0.487832539212278 occ= 2
MO #92  energy= -0.479758298374778 occ= 2
MO #93  energy= -0.47424286936473  occ= 2
MO #94  energy= -0.473456701653098 occ= 2
MO #95  energy= -0.466064156261707 occ= 2
MO #96  energy= -0.465027396162801 occ= 2
MO #97  energy= -0.460152333284647 occ= 2
MO #98  energy= -0.456145190344866 occ= 2
MO #99  energy= -0.449624135636125 occ= 2
MO #100 energy= -0.445234069069238 occ= 2
MO #101 energy= -0.44386429935091  occ= 2
MO #102 energy= -0.438498876229459 occ= 2
MO #103 energy= -0.438338531044828 occ= 2
MO #104 energy= -0.435782082352667 occ= 2
MO #105 energy= -0.42875739954937  occ= 2
MO #106 energy= -0.427933851012077 occ= 2
MO #107 energy= -0.420951537949191 occ= 2
MO #108 energy= -0.418508836382522 occ= 2
MO #109 energy= -0.41265404350773  occ= 2
MO #110 energy= -0.410986437432987 occ= 2
MO #111 energy= -0.408679891193244 occ= 2
MO #112 energy= -0.407913207409585 occ= 2
MO #113 energy= -0.399114838939573 occ= 2
MO #114 energy= -0.39219625623602  occ= 2
MO #115 energy= -0.388504552946147 occ= 2
MO #116 energy= -0.385724248473016 occ= 2
MO #117 energy= -0.38319504544456  occ= 2
MO #118 energy= -0.377373976955146 occ= 2
MO #119 energy= -0.376650106465131 occ= 2
MO #120 energy= -0.372965666015974 occ= 2
MO #121 energy= -0.36760148432135  occ= 2
MO #122 energy= -0.363932957662621 occ= 2
MO #123 energy= -0.360266678889936 occ= 2
MO #124 energy= -0.355694961892442 occ= 2
MO #125 energy= -0.352853790872019 occ= 2
MO #126 energy= -0.351182782118787 occ= 2
MO #127 energy= -0.341304328838563 occ= 2
MO #128 energy= -0.337550236331861 occ= 2
MO #129 energy= -0.331980258237911 occ= 2
MO #130 energy= -0.330452605457549 occ= 2
MO #131 energy= -0.326248696236688 occ= 2
MO #132 energy= -0.320977991432185 occ= 2
MO #133 energy= -0.31843406840123  occ= 2
MO #134 energy= -0.313545213946111 occ= 2
MO #135 energy= -0.304819310733224 occ= 2
MO #136 energy= -0.301698100663901 occ= 2
MO #137 energy= -0.297641446290935 occ= 2
MO #138 energy= -0.289309177633337 occ= 2
MO #139 energy= -0.262140809880958 occ= 2
MO #140 energy= -0.259639392769638 occ= 2
MO #141 energy= -0.253094627303052 occ= 2
MO #142 energy= -0.249108864845711 occ= 2
MO #143 energy= -0.232758714741801 occ= 2
MO #144 energy= -0.225894963397931 occ= 2
MO #145 energy= -0.214635909981697 occ= 2
MO #146 energy= -0.206697840680083 occ= 2
MO #147 energy= -0.0616135552012675 occ= 0
MO #148 energy= -0.049385920873881 occ= 0
MO #149 energy= -0.0301339722010271 occ= 0
MO #150 energy= -0.0210907596075914 occ= 0
MO #151 energy= -0.00998602094176823 occ= 0
MO #152 energy= 0.0015453083154975 occ= 0
MO #153 energy= 0.009787402740359  occ= 0
MO #154 energy= 0.0123539091738994 occ= 0
MO #155 energy= 0.0189412889346901 occ= 0
MO #156 energy= 0.0335604579111285 occ= 0
MO #157 energy= 0.0387858117720562 occ= 0
MO #158 energy= 0.0658405848659536 occ= 0
MO #159 energy= 0.0668033849484162 occ= 0
MO #160 energy= 0.070193359457216  occ= 0
MO #161 energy= 0.0738945925250656 occ= 0
MO #162 energy= 0.0795732095276704 occ= 0
MO #163 energy= 0.0848542040055403 occ= 0
MO #164 energy= 0.0877799039759312 occ= 0
MO #165 energy= 0.0902642035378465 occ= 0
MO #166 energy= 0.0925136732003876 occ= 0
MO #167 energy= 0.0984602867402703 occ= 0
MO #168 energy= 0.10360292819061   occ= 0
MO #169 energy= 0.109675800398928  occ= 0
MO #170 energy= 0.112705070028712  occ= 0
MO #171 energy= 0.118531895133514  occ= 0
MO #172 energy= 0.121827537435142  occ= 0
MO #173 energy= 0.126902994601338  occ= 0
MO #174 energy= 0.12870139904674   occ= 0
MO #175 energy= 0.133324474694099  occ= 0
MO #176 energy= 0.134831897546303  occ= 0
MO #177 energy= 0.13533965061448   occ= 0
MO #178 energy= 0.139297850003914  occ= 0
MO #179 energy= 0.140675970884731  occ= 0
MO #180 energy= 0.142028069987424  occ= 0
MO #181 energy= 0.142926149455278  occ= 0
MO #182 energy= 0.150738178190717  occ= 0
MO #183 energy= 0.152956091529188  occ= 0
MO #184 energy= 0.158431775069021  occ= 0
MO #185 energy= 0.159964846316907  occ= 0
MO #186 energy= 0.161429976847744  occ= 0
MO #187 energy= 0.164146950589262  occ= 0
MO #188 energy= 0.16973575922157   occ= 0
MO #189 energy= 0.173286014882781  occ= 0
MO #190 energy= 0.17990613299107   occ= 0
MO #191 energy= 0.184196499991218  occ= 0
MO #192 energy= 0.195310912194816  occ= 0
MO #193 energy= 0.201752465431275  occ= 0
MO #194 energy= 0.210985421123531  occ= 0
MO #195 energy= 0.233424033129274  occ= 0
MO #196 energy= 0.241607882380126  occ= 0
MO #197 energy= 0.248427201392228  occ= 0
MO #198 energy= 0.250410606148403  occ= 0
MO #199 energy= 0.254914399549872  occ= 0
MO #200 energy= 0.264040189088536  occ= 0
MO #201 energy= 0.268678971207757  occ= 0
MO #202 energy= 0.271381758090654  occ= 0
MO #203 energy= 0.276667914964143  occ= 0
MO #204 energy= 0.282252426027064  occ= 0
MO #205 energy= 0.282883613131359  occ= 0
MO #206 energy= 0.287104291521814  occ= 0
MO #207 energy= 0.289292562359672  occ= 0
MO #208 energy= 0.291968950573041  occ= 0
MO #209 energy= 0.297699154442688  occ= 0
MO #210 energy= 0.298627807473112  occ= 0
MO #211 energy= 0.302181407343136  occ= 0
MO #212 energy= 0.304746230635981  occ= 0
MO #213 energy= 0.309580897890655  occ= 0
MO #214 energy= 0.314705072872036  occ= 0
MO #215 energy= 0.316814519253906  occ= 0
MO #216 energy= 0.318710273916481  occ= 0
MO #217 energy= 0.322174869858427  occ= 0
MO #218 energy= 0.333129606152677  occ= 0
MO #219 energy= 0.336277704816814  occ= 0
MO #220 energy= 0.346064022112893  occ= 0
MO #221 energy= 0.346462365805709  occ= 0
MO #222 energy= 0.352191088874521  occ= 0
MO #223 energy= 0.358065550809304  occ= 0
MO #224 energy= 0.360435184829503  occ= 0
MO #225 energy= 0.364843370560483  occ= 0
MO #226 energy= 0.36765112736132   occ= 0
MO #227 energy= 0.371690877966359  occ= 0
MO #228 energy= 0.375513469589436  occ= 0
MO #229 energy= 0.379278555994024  occ= 0
MO #230 energy= 0.388199088562218  occ= 0
MO #231 energy= 0.392258935906901  occ= 0
MO #232 energy= 0.398551870367559  occ= 0
MO #233 energy= 0.403919633244806  occ= 0
MO #234 energy= 0.405472445293578  occ= 0
MO #235 energy= 0.411286321438544  occ= 0
MO #236 energy= 0.41663879777601   occ= 0
MO #237 energy= 0.419966955474806  occ= 0
MO #238 energy= 0.426048542904069  occ= 0
MO #239 energy= 0.436309494931633  occ= 0
MO #240 energy= 0.441215132984379  occ= 0
MO #241 energy= 0.441641377270492  occ= 0
MO #242 energy= 0.445927751058935  occ= 0
MO #243 energy= 0.448384539489876  occ= 0
MO #244 energy= 0.45086196324225   occ= 0
MO #245 energy= 0.453353171192947  occ= 0
MO #246 energy= 0.455983675423966  occ= 0
MO #247 energy= 0.459669068089485  occ= 0
MO #248 energy= 0.466259161148413  occ= 0
MO #249 energy= 0.468333916595126  occ= 0
MO #250 energy= 0.470016316791263  occ= 0
MO #251 energy= 0.473447929851885  occ= 0
MO #252 energy= 0.475858079652823  occ= 0
MO #253 energy= 0.478249739772656  occ= 0
MO #254 energy= 0.479601844640257  occ= 0
MO #255 energy= 0.483116537566836  occ= 0
MO #256 energy= 0.485718390553824  occ= 0
MO #257 energy= 0.486469336396826  occ= 0
MO #258 energy= 0.488694797560572  occ= 0
MO #259 energy= 0.493383252164938  occ= 0
MO #260 energy= 0.498471524909342  occ= 0
MO #261 energy= 0.498795471342351  occ= 0
MO #262 energy= 0.501402104487001  occ= 0
MO #263 energy= 0.503676351684625  occ= 0
MO #264 energy= 0.509748867363748  occ= 0
MO #265 energy= 0.514153706464957  occ= 0
MO #266 energy= 0.515863232912075  occ= 0
MO #267 energy= 0.522545389292557  occ= 0
MO #268 energy= 0.525640787453519  occ= 0
MO #269 energy= 0.530932644897457  occ= 0
MO #270 energy= 0.532948529609819  occ= 0
MO #271 energy= 0.540147791162799  occ= 0
MO #272 energy= 0.548869452692276  occ= 0
MO #273 energy= 0.549516140728556  occ= 0
MO #274 energy= 0.555508924481582  occ= 0
MO #275 energy= 0.556459569165933  occ= 0
MO #276 energy= 0.560273878757023  occ= 0
MO #277 energy= 0.566429295528319  occ= 0
MO #278 energy= 0.569077835180584  occ= 0
MO #279 energy= 0.573106275721166  occ= 0
MO #280 energy= 0.580887856978747  occ= 0
MO #281 energy= 0.582092875817741  occ= 0
MO #282 energy= 0.593055860467456  occ= 0
MO #283 energy= 0.596039654834538  occ= 0
MO #284 energy= 0.599158115180524  occ= 0
MO #285 energy= 0.605714777415197  occ= 0
MO #286 energy= 0.609145268848106  occ= 0
MO #287 energy= 0.61071814466552   occ= 0
MO #288 energy= 0.616228153061491  occ= 0
MO #289 energy= 0.621584600833418  occ= 0
MO #290 energy= 0.622428474342296  occ= 0
MO #291 energy= 0.627087152442384  occ= 0
MO #292 energy= 0.630022395882863  occ= 0
MO #293 energy= 0.63373373731404   occ= 0
MO #294 energy= 0.634811448135092  occ= 0
MO #295 energy= 0.639135809951602  occ= 0
MO #296 energy= 0.642806167370673  occ= 0
MO #297 energy= 0.645879277496162  occ= 0
MO #298 energy= 0.649860585888006  occ= 0
MO #299 energy= 0.651194269822169  occ= 0
MO #300 energy= 0.65448135204397   occ= 0
MO #301 energy= 0.655885481788316  occ= 0
MO #302 energy= 0.657243768641794  occ= 0
MO #303 energy= 0.66299581256684   occ= 0
MO #304 energy= 0.663979446775356  occ= 0
MO #305 energy= 0.665560076752326  occ= 0
MO #306 energy= 0.668214377655843  occ= 0
MO #307 energy= 0.670918360452277  occ= 0
MO #308 energy= 0.673229204898429  occ= 0
MO #309 energy= 0.67428650136576   occ= 0
MO #310 energy= 0.676827325223462  occ= 0
MO #311 energy= 0.678505977311251  occ= 0
MO #312 energy= 0.679726058691039  occ= 0
MO #313 energy= 0.684440460425124  occ= 0
MO #314 energy= 0.686103034611358  occ= 0
MO #315 energy= 0.688350474096628  occ= 0
MO #316 energy= 0.691214154715578  occ= 0
MO #317 energy= 0.693632186025701  occ= 0
MO #318 energy= 0.699589219777791  occ= 0
MO #319 energy= 0.703441862708354  occ= 0
MO #320 energy= 0.710859765322225  occ= 0
MO #321 energy= 0.71351549406486   occ= 0
MO #322 energy= 0.71417620319244   occ= 0
MO #323 energy= 0.720769737617223  occ= 0
MO #324 energy= 0.725034166764257  occ= 0
MO #325 energy= 0.733748555518979  occ= 0
MO #326 energy= 0.737515617774563  occ= 0
MO #327 energy= 0.740905709858638  occ= 0
MO #328 energy= 0.74601255615268   occ= 0
MO #329 energy= 0.747253113165176  occ= 0
MO #330 energy= 0.751742408537326  occ= 0
MO #331 energy= 0.754760977222494  occ= 0
MO #332 energy= 0.7594268377364    occ= 0
MO #333 energy= 0.764735781483396  occ= 0
MO #334 energy= 0.767307526851702  occ= 0
MO #335 energy= 0.768401036317374  occ= 0
MO #336 energy= 0.77606619576699   occ= 0
MO #337 energy= 0.780513431355096  occ= 0
MO #338 energy= 0.786788759510778  occ= 0
MO #339 energy= 0.790897623968782  occ= 0
MO #340 energy= 0.793393637559386  occ= 0
MO #341 energy= 0.798144022651258  occ= 0
MO #342 energy= 0.804709555998422  occ= 0
MO #343 energy= 0.812205922077175  occ= 0
MO #344 energy= 0.814897355865177  occ= 0
MO #345 energy= 0.819978247985142  occ= 0
MO #346 energy= 0.821710608264596  occ= 0
MO #347 energy= 0.831283701960255  occ= 0
MO #348 energy= 0.835097483303113  occ= 0
MO #349 energy= 0.835861840450774  occ= 0
MO #350 energy= 0.838381530222338  occ= 0
MO #351 energy= 0.842556632398173  occ= 0
MO #352 energy= 0.846630167434354  occ= 0
MO #353 energy= 0.850906888899735  occ= 0
MO #354 energy= 0.863949770052017  occ= 0
MO #355 energy= 0.871431843854203  occ= 0
MO #356 energy= 0.87275611897207   occ= 0
MO #357 energy= 0.883563636639887  occ= 0
MO #358 energy= 0.884850771383373  occ= 0
MO #359 energy= 0.900114831857735  occ= 0
MO #360 energy= 0.913804209853013  occ= 0
MO #361 energy= 0.915327940281943  occ= 0
MO #362 energy= 0.920793486142609  occ= 0
MO #363 energy= 0.920994995585026  occ= 0
MO #364 energy= 0.931816637890222  occ= 0
MO #365 energy= 0.938906595940862  occ= 0
MO #366 energy= 0.942021957229569  occ= 0
MO #367 energy= 0.959028249259627  occ= 0
MO #368 energy= 0.96481273958294   occ= 0
MO #369 energy= 0.970832870284018  occ= 0
MO #370 energy= 0.974711154552854  occ= 0
MO #371 energy= 0.985288188082689  occ= 0
MO #372 energy= 0.992915298076209  occ= 0
MO #373 energy= 1.01297565040798   occ= 0
MO #374 energy= 1.01514695897506   occ= 0
MO #375 energy= 1.02107649682026   occ= 0
MO #376 energy= 1.02520762899199   occ= 0
MO #377 energy= 1.02951922501847   occ= 0
MO #378 energy= 1.04118547734944   occ= 0
MO #379 energy= 1.05211584027376   occ= 0
MO #380 energy= 1.05869965442081   occ= 0
MO #381 energy= 1.0651789730984    occ= 0
MO #382 energy= 1.08516664306553   occ= 0
MO #383 energy= 1.0935697264395    occ= 0
MO #384 energy= 1.09794438505431   occ= 0
MO #385 energy= 1.10498888406278   occ= 0
MO #386 energy= 1.1141028608835    occ= 0
MO #387 energy= 1.11791392862934   occ= 0
MO #388 energy= 1.12732773970287   occ= 0
MO #389 energy= 1.14010668508044   occ= 0
MO #390 energy= 1.14769201710856   occ= 0
MO #391 energy= 1.15431199159041   occ= 0
MO #392 energy= 1.1620391604722    occ= 0
MO #393 energy= 1.16972837036914   occ= 0
MO #394 energy= 1.18060798980959   occ= 0
MO #395 energy= 1.1851247809652    occ= 0
MO #396 energy= 1.18682283402851   occ= 0
MO #397 energy= 1.19367599553706   occ= 0
MO #398 energy= 1.20096702739995   occ= 0
MO #399 energy= 1.20536281258511   occ= 0
MO #400 energy= 1.21193370743854   occ= 0
MO #401 energy= 1.21516660481981   occ= 0
MO #402 energy= 1.21882151943476   occ= 0
MO #403 energy= 1.22361538218193   occ= 0
MO #404 energy= 1.22660202364288   occ= 0
MO #405 energy= 1.23199678065248   occ= 0
MO #406 energy= 1.23909132749426   occ= 0
MO #407 energy= 1.24434168638429   occ= 0
MO #408 energy= 1.24706784146464   occ= 0
MO #409 energy= 1.25504726908696   occ= 0
MO #410 energy= 1.25709337690773   occ= 0
MO #411 energy= 1.25797792811843   occ= 0
MO #412 energy= 1.26415119160348   occ= 0
MO #413 energy= 1.26804389839404   occ= 0
MO #414 energy= 1.27332011591014   occ= 0
MO #415 energy= 1.27886640518071   occ= 0
MO #416 energy= 1.27955563889439   occ= 0
MO #417 energy= 1.28259093835818   occ= 0
MO #418 energy= 1.28690937376349   occ= 0
MO #419 energy= 1.29083649194028   occ= 0
MO #420 energy= 1.29466478551003   occ= 0
MO #421 energy= 1.29870261223007   occ= 0
MO #422 energy= 1.30619072137879   occ= 0
MO #423 energy= 1.31034826214078   occ= 0
MO #424 energy= 1.31457720707099   occ= 0
MO #425 energy= 1.31803900881342   occ= 0
MO #426 energy= 1.32307907149655   occ= 0
MO #427 energy= 1.32728862687388   occ= 0
MO #428 energy= 1.33568606971728   occ= 0
MO #429 energy= 1.34110411651681   occ= 0
MO #430 energy= 1.34277020329875   occ= 0
MO #431 energy= 1.3550337957322    occ= 0
MO #432 energy= 1.37265598423164   occ= 0
MO #433 energy= 1.37624571104752   occ= 0
MO #434 energy= 1.38133603257961   occ= 0
MO #435 energy= 1.39308770885612   occ= 0
MO #436 energy= 1.40801570456273   occ= 0
MO #437 energy= 1.41938152973904   occ= 0
MO #438 energy= 1.42736281197126   occ= 0
MO #439 energy= 1.46248488433943   occ= 0
MO #440 energy= 1.47141268177815   occ= 0
MO #441 energy= 1.47389929105603   occ= 0
MO #442 energy= 1.48472299885845   occ= 0
MO #443 energy= 1.49174989222585   occ= 0
MO #444 energy= 1.49567522753354   occ= 0
MO #445 energy= 1.5123208419819    occ= 0
MO #446 energy= 1.513433174404     occ= 0
MO #447 energy= 1.51881652584511   occ= 0
MO #448 energy= 1.52556826177012   occ= 0
MO #449 energy= 1.53326267561187   occ= 0
MO #450 energy= 1.54066100095252   occ= 0
MO #451 energy= 1.54473721232692   occ= 0
MO #452 energy= 1.55883155540294   occ= 0
MO #453 energy= 1.56058220142067   occ= 0
MO #454 energy= 1.5643988289819    occ= 0
MO #455 energy= 1.59621496390066   occ= 0
MO #456 energy= 1.6056834139364    occ= 0
MO #457 energy= 1.61005766473005   occ= 0
MO #458 energy= 1.62943703601706   occ= 0
MO #459 energy= 1.63842935959411   occ= 0
MO #460 energy= 1.64535456611314   occ= 0
MO #461 energy= 1.64817949834613   occ= 0
MO #462 energy= 1.6520843113903    occ= 0
MO #463 energy= 1.66018204822497   occ= 0
MO #464 energy= 1.66683657931209   occ= 0
MO #465 energy= 1.67185894747638   occ= 0
MO #466 energy= 1.68190077067524   occ= 0
MO #467 energy= 1.68684368109407   occ= 0
MO #468 energy= 1.6911094034889    occ= 0
MO #469 energy= 1.7007304187615    occ= 0
MO #470 energy= 1.70353017918742   occ= 0
MO #471 energy= 1.70586826111164   occ= 0
MO #472 energy= 1.7112415917492    occ= 0
MO #473 energy= 1.71476114109712   occ= 0
MO #474 energy= 1.7193069373848    occ= 0
MO #475 energy= 1.72566610280565   occ= 0
MO #476 energy= 1.72730915292754   occ= 0
MO #477 energy= 1.73330660933612   occ= 0
MO #478 energy= 1.73667032052806   occ= 0
MO #479 energy= 1.73780058461994   occ= 0
MO #480 energy= 1.74734395282626   occ= 0
MO #481 energy= 1.74829516304359   occ= 0
MO #482 energy= 1.75113676327114   occ= 0
MO #483 energy= 1.75549681983639   occ= 0
MO #484 energy= 1.75589097020912   occ= 0
MO #485 energy= 1.75883999428746   occ= 0
MO #486 energy= 1.76105971428852   occ= 0
MO #487 energy= 1.76534675843909   occ= 0
MO #488 energy= 1.76827332044891   occ= 0
MO #489 energy= 1.77079935807192   occ= 0
MO #490 energy= 1.77190773728163   occ= 0
MO #491 energy= 1.7781637748659    occ= 0
MO #492 energy= 1.77909198969915   occ= 0
MO #493 energy= 1.7841193731115    occ= 0
MO #494 energy= 1.78892433630951   occ= 0
MO #495 energy= 1.79240353991386   occ= 0
MO #496 energy= 1.79641933832152   occ= 0
MO #497 energy= 1.79933638071715   occ= 0
MO #498 energy= 1.80068510080567   occ= 0
MO #499 energy= 1.80595623844145   occ= 0
MO #500 energy= 1.80641326614844   occ= 0
MO #501 energy= 1.81174858602734   occ= 0
MO #502 energy= 1.81826079827792   occ= 0
MO #503 energy= 1.82405135702499   occ= 0
MO #504 energy= 1.83040185358586   occ= 0
MO #505 energy= 1.83292874666733   occ= 0
MO #506 energy= 1.8355897476439    occ= 0
MO #507 energy= 1.84100146664077   occ= 0
MO #508 energy= 1.85240894639739   occ= 0
MO #509 energy= 1.8544603642713    occ= 0
MO #510 energy= 1.86502883945546   occ= 0
MO #511 energy= 1.87726207291249   occ= 0
MO #512 energy= 1.88734355485049   occ= 0
MO #513 energy= 1.88798292807619   occ= 0
MO #514 energy= 1.89211849790635   occ= 0
MO #515 energy= 1.89677447423848   occ= 0
MO #516 energy= 1.90359062097383   occ= 0
MO #517 energy= 1.90535917916082   occ= 0
MO #518 energy= 1.91465316270905   occ= 0
MO #519 energy= 1.92532938084016   occ= 0
MO #520 energy= 1.92986865806379   occ= 0
MO #521 energy= 1.93933570188463   occ= 0
MO #522 energy= 1.94510204225571   occ= 0
MO #523 energy= 1.94829977199871   occ= 0
MO #524 energy= 1.95630122472596   occ= 0
MO #525 energy= 1.95819317183517   occ= 0
MO #526 energy= 1.95990255855477   occ= 0
MO #527 energy= 1.96626717894997   occ= 0
MO #528 energy= 1.96789599010848   occ= 0
MO #529 energy= 1.97167772833598   occ= 0
MO #530 energy= 1.98290629126081   occ= 0
MO #531 energy= 1.99034410068358   occ= 0
MO #532 energy= 1.99382659907842   occ= 0
MO #533 energy= 1.99596582722831   occ= 0
MO #534 energy= 2.00101735569627   occ= 0
MO #535 energy= 2.00720342460123   occ= 0
MO #536 energy= 2.00905371596607   occ= 0
MO #537 energy= 2.01607214816387   occ= 0
MO #538 energy= 2.03623747671899   occ= 0
MO #539 energy= 2.04496211392405   occ= 0
MO #540 energy= 2.05564841177677   occ= 0
MO #541 energy= 2.05740045043668   occ= 0
MO #542 energy= 2.05978387767023   occ= 0
MO #543 energy= 2.0655892070764    occ= 0
MO #544 energy= 2.07648750185847   occ= 0
MO #545 energy= 2.08611387589226   occ= 0
MO #546 energy= 2.09633922277163   occ= 0
MO #547 energy= 2.10373249528772   occ= 0
MO #548 energy= 2.11352634520804   occ= 0
MO #549 energy= 2.11968825125559   occ= 0
MO #550 energy= 2.12953206799411   occ= 0
MO #551 energy= 2.13404350913821   occ= 0
MO #552 energy= 2.13916254441612   occ= 0
MO #553 energy= 2.14605723121181   occ= 0
MO #554 energy= 2.15046014919251   occ= 0
MO #555 energy= 2.15148312824601   occ= 0
MO #556 energy= 2.15632059657286   occ= 0
MO #557 energy= 2.16097558998012   occ= 0
MO #558 energy= 2.16511228117661   occ= 0
MO #559 energy= 2.16774957186848   occ= 0
MO #560 energy= 2.17227837879332   occ= 0
MO #561 energy= 2.17951201303662   occ= 0
MO #562 energy= 2.18358320478561   occ= 0
MO #563 energy= 2.18811896085221   occ= 0
MO #564 energy= 2.20143652830559   occ= 0
MO #565 energy= 2.20508425918579   occ= 0
MO #566 energy= 2.20880926883434   occ= 0
MO #567 energy= 2.214318795496     occ= 0
MO #568 energy= 2.21709246558293   occ= 0
MO #569 energy= 2.22797134608173   occ= 0
MO #570 energy= 2.2303070511435    occ= 0
MO #571 energy= 2.24275880643856   occ= 0
MO #572 energy= 2.24619900067651   occ= 0
MO #573 energy= 2.25314359970154   occ= 0
MO #574 energy= 2.26288328347146   occ= 0
MO #575 energy= 2.27847275446041   occ= 0
MO #576 energy= 2.28504415317791   occ= 0
MO #577 energy= 2.29110628490201   occ= 0
MO #578 energy= 2.29474021938569   occ= 0
MO #579 energy= 2.3000285737095    occ= 0
MO #580 energy= 2.31073305990169   occ= 0
MO #581 energy= 2.31479213108509   occ= 0
MO #582 energy= 2.32747695407803   occ= 0
MO #583 energy= 2.33049893267666   occ= 0
MO #584 energy= 2.33097661743877   occ= 0
MO #585 energy= 2.33231063594404   occ= 0
MO #586 energy= 2.33702496548323   occ= 0
MO #587 energy= 2.33771685360664   occ= 0
MO #588 energy= 2.35103259435536   occ= 0
MO #589 energy= 2.35580497733259   occ= 0
MO #590 energy= 2.36872462373005   occ= 0
MO #591 energy= 2.37108263132798   occ= 0
MO #592 energy= 2.37582883234163   occ= 0
MO #593 energy= 2.38218202437528   occ= 0
MO #594 energy= 2.38533668097267   occ= 0
MO #595 energy= 2.38840372170236   occ= 0
MO #596 energy= 2.3936745427504    occ= 0
MO #597 energy= 2.39989935726503   occ= 0
MO #598 energy= 2.40321054046871   occ= 0
MO #599 energy= 2.40906367878148   occ= 0
MO #600 energy= 2.42754715487391   occ= 0
MO #601 energy= 2.43815614785786   occ= 0
MO #602 energy= 2.44531703187937   occ= 0
MO #603 energy= 2.48516261575609   occ= 0
MO #604 energy= 2.48866525021284   occ= 0
MO #605 energy= 2.5008854389606    occ= 0
MO #606 energy= 2.50935077536647   occ= 0
MO #607 energy= 2.53613710424102   occ= 0
MO #608 energy= 2.5475773998761    occ= 0
MO #609 energy= 2.55467896290701   occ= 0
MO #610 energy= 2.57135673738345   occ= 0
MO #611 energy= 2.58382516077465   occ= 0
MO #612 energy= 2.60254659604911   occ= 0
MO #613 energy= 2.60361337785568   occ= 0
MO #614 energy= 2.60592063205505   occ= 0
MO #615 energy= 2.61962431973613   occ= 0
MO #616 energy= 2.62906243034703   occ= 0
MO #617 energy= 2.63204677491607   occ= 0
MO #618 energy= 2.63802169635133   occ= 0
MO #619 energy= 2.64707377801755   occ= 0
MO #620 energy= 2.6507609126943    occ= 0
MO #621 energy= 2.65380104943791   occ= 0
MO #622 energy= 2.65588515630402   occ= 0
MO #623 energy= 2.66065076828743   occ= 0
MO #624 energy= 2.66304147686849   occ= 0
MO #625 energy= 2.66635046295111   occ= 0
MO #626 energy= 2.67074407887737   occ= 0
MO #627 energy= 2.67211938721955   occ= 0
MO #628 energy= 2.67717891530961   occ= 0
MO #629 energy= 2.68133644856435   occ= 0
MO #630 energy= 2.68859444425449   occ= 0
MO #631 energy= 2.69416846525278   occ= 0
MO #632 energy= 2.70226289380707   occ= 0
MO #633 energy= 2.70929519174238   occ= 0
MO #634 energy= 2.71304475652461   occ= 0
MO #635 energy= 2.71536779484192   occ= 0
MO #636 energy= 2.72494703570974   occ= 0
MO #637 energy= 2.73365410655944   occ= 0
MO #638 energy= 2.75286245802977   occ= 0
MO #639 energy= 2.7560018063137    occ= 0
MO #640 energy= 2.76107615702139   occ= 0
MO #641 energy= 2.76574113283195   occ= 0
MO #642 energy= 2.77159990854276   occ= 0
MO #643 energy= 2.78112797822519   occ= 0
MO #644 energy= 2.79385181143989   occ= 0
MO #645 energy= 2.80246586715408   occ= 0
MO #646 energy= 2.8028564715085    occ= 0
MO #647 energy= 2.80632661244618   occ= 0
MO #648 energy= 2.81066319765573   occ= 0
MO #649 energy= 2.84629395407185   occ= 0
MO #650 energy= 2.85058043181251   occ= 0
MO #651 energy= 2.86061631410495   occ= 0
MO #652 energy= 2.86521806772568   occ= 0
MO #653 energy= 2.88046496315041   occ= 0
MO #654 energy= 2.88770340121515   occ= 0
MO #655 energy= 2.89018449744696   occ= 0
MO #656 energy= 2.89645732329396   occ= 0
MO #657 energy= 2.89833888322546   occ= 0
MO #658 energy= 2.90908689662895   occ= 0
MO #659 energy= 2.91759236344409   occ= 0
MO #660 energy= 2.92062382457437   occ= 0
MO #661 energy= 2.92448014954475   occ= 0
MO #662 energy= 2.92726628309108   occ= 0
MO #663 energy= 2.93169063010313   occ= 0
MO #664 energy= 2.9359570323172    occ= 0
MO #665 energy= 2.94730814412083   occ= 0
MO #666 energy= 2.97919476893925   occ= 0
MO #667 energy= 2.98500847714747   occ= 0
MO #668 energy= 2.99672207289147   occ= 0
MO #669 energy= 2.99991491777548   occ= 0
MO #670 energy= 3.00726297575612   occ= 0
MO #671 energy= 3.01532296945915   occ= 0
MO #672 energy= 3.04583842987351   occ= 0
MO #673 energy= 3.05136230306255   occ= 0
MO #674 energy= 3.06438777700313   occ= 0
MO #675 energy= 3.08229357860537   occ= 0
MO #676 energy= 3.087054412071     occ= 0
MO #677 energy= 3.09345861848409   occ= 0
MO #678 energy= 3.12547925234213   occ= 0
MO #679 energy= 3.13129928046556   occ= 0
MO #680 energy= 3.14849883397222   occ= 0
MO #681 energy= 3.17498550281739   occ= 0
MO #682 energy= 3.17674174287137   occ= 0
MO #683 energy= 3.18034362141727   occ= 0
MO #684 energy= 3.18426832874706   occ= 0
MO #685 energy= 3.20584291089505   occ= 0
MO #686 energy= 3.2299721639623    occ= 0
MO #687 energy= 3.23330315717382   occ= 0
MO #688 energy= 3.28485778836596   occ= 0
MO #689 energy= 3.32787696281962   occ= 0
MO #690 energy= 3.36441608962698   occ= 0
MO #691 energy= 3.39438682665827   occ= 0
MO #692 energy= 3.41698573042895   occ= 0
MO #693 energy= 3.42446306623761   occ= 0
MO #694 energy= 3.47073677784327   occ= 0
MO #695 energy= 3.50341815142758   occ= 0
MO #696 energy= 3.50903210750347   occ= 0
MO #697 energy= 3.56876123818766   occ= 0
MO #698 energy= 3.59325082829551   occ= 0
MO #699 energy= 3.66174375446923   occ= 0
MO #700 energy= 3.68389018266431   occ= 0
MO #701 energy= 3.69170811924335   occ= 0
MO #702 energy= 3.74163390767268   occ= 0
MO #703 energy= 3.75279297030105   occ= 0
 ** Mulliken atomic charges  **
charge of  0O =     -0.76872
charge of  1P =      1.76353
charge of  2O =     -0.64221
charge of  3O =     -0.53575
charge of  4C =      0.16577
charge of  5C =     -0.01580
charge of  6C =     -0.02521
charge of  7C =     -0.08257
charge of  8C =     -0.16207
charge of  9C =      0.21471
charge of  10O =     -0.33463
charge of  11C =     -0.07063
charge of  12C =     -0.13139
charge of  13C =     -0.10327
charge of  14C =     -0.10844
charge of  15C =      0.00741
charge of  16C =      0.00053
charge of  17C =     -0.10299
charge of  18C =     -0.09876
charge of  19C =     -0.10081
charge of  20C =     -0.10289
charge of  21C =     -0.02554
charge of  22C =     -0.03093
charge of  23C =      0.18061
charge of  24O =     -0.54675
charge of  25C =     -0.00200
charge of  26C =     -0.02047
charge of  27C =     -0.09257
charge of  28C =     -0.16421
charge of  29C =      0.20986
charge of  30O =     -0.33859
charge of  31C =     -0.06970
charge of  32C =     -0.13507
charge of  33C =     -0.10078
charge of  34C =     -0.10363
charge of  35C =      0.00796
charge of  36C =      0.00087
charge of  37C =     -0.10448
charge of  38C =     -0.10044
charge of  39C =     -0.10223
charge of  40C =     -0.10185
charge of  41H =      0.34764
charge of  42H =      0.11407
charge of  43H =      0.10696
charge of  44H =      0.11627
charge of  45H =      0.09160
charge of  46H =      0.09466
charge of  47H =      0.11131
charge of  48H =      0.09998
charge of  49H =      0.10548
charge of  50H =      0.11330
charge of  51H =      0.10513
charge of  52H =      0.10442
charge of  53H =      0.10095
charge of  54H =      0.12422
charge of  55H =      0.10594
charge of  56H =      0.09166
charge of  57H =      0.11404
charge of  58H =      0.09194
charge of  59H =      0.10882
charge of  60H =      0.10086
charge of  61H =      0.10641
charge of  62H =      0.10942
charge of  63H =      0.10399
charge of  64H =      0.10363
charge of  65H =      0.10143
Dipole moment(X, Y, Z, Debye): -1.08487, -2.55586,  0.27131
def2-svp b3lyp 155.48053884506226
