/public3/home/scg5914/software-scg5914/LSW/1/data/data2/std_data/def2svp_b3lyp/cat_36.xyz
converged SCF energy = -3297.40891946213
**** MO energy ****
MO #1   energy= -77.230942767393   occ= 2
MO #2   energy= -24.7255814099552  occ= 2
MO #3   energy= -24.7234822077818  occ= 2
MO #4   energy= -24.7231994814934  occ= 2
MO #5   energy= -24.7228464044253  occ= 2
MO #6   energy= -24.7218815457354  occ= 2
MO #7   energy= -24.7196369706613  occ= 2
MO #8   energy= -24.7179196425993  occ= 2
MO #9   energy= -24.7157633636081  occ= 2
MO #10  energy= -24.7152848226207  occ= 2
MO #11  energy= -24.7131346931569  occ= 2
MO #12  energy= -24.711734508876   occ= 2
MO #13  energy= -24.7105607242218  occ= 2
MO #14  energy= -19.195895786072   occ= 2
MO #15  energy= -19.1902028075212  occ= 2
MO #16  energy= -19.1842561794406  occ= 2
MO #17  energy= -19.1019716489653  occ= 2
MO #18  energy= -10.4415550218246  occ= 2
MO #19  energy= -10.4384936034974  occ= 2
MO #20  energy= -10.4340254677536  occ= 2
MO #21  energy= -10.4314371954676  occ= 2
MO #22  energy= -10.2656323781054  occ= 2
MO #23  energy= -10.2621588258057  occ= 2
MO #24  energy= -10.2329751586645  occ= 2
MO #25  energy= -10.2320179508156  occ= 2
MO #26  energy= -10.2294212520344  occ= 2
MO #27  energy= -10.2278757600632  occ= 2
MO #28  energy= -10.2266399097731  occ= 2
MO #29  energy= -10.2253613869339  occ= 2
MO #30  energy= -10.2249801104134  occ= 2
MO #31  energy= -10.2240301003073  occ= 2
MO #32  energy= -10.2216807425549  occ= 2
MO #33  energy= -10.2199121893103  occ= 2
MO #34  energy= -10.2183628044518  occ= 2
MO #35  energy= -10.2135152779551  occ= 2
MO #36  energy= -10.2129500545878  occ= 2
MO #37  energy= -10.2129279422217  occ= 2
MO #38  energy= -10.2112301516289  occ= 2
MO #39  energy= -10.2108758304002  occ= 2
MO #40  energy= -10.2100573075494  occ= 2
MO #41  energy= -10.2065667630718  occ= 2
MO #42  energy= -10.2049587965423  occ= 2
MO #43  energy= -10.2047636742337  occ= 2
MO #44  energy= -10.2034556966352  occ= 2
MO #45  energy= -10.2014226252762  occ= 2
MO #46  energy= -10.1996241065457  occ= 2
MO #47  energy= -10.1970591877546  occ= 2
MO #48  energy= -10.1955924690686  occ= 2
MO #49  energy= -10.1946619051079  occ= 2
MO #50  energy= -10.1943203976857  occ= 2
MO #51  energy= -10.1936512311161  occ= 2
MO #52  energy= -10.1932216437233  occ= 2
MO #53  energy= -10.1929459273075  occ= 2
MO #54  energy= -10.192558150904   occ= 2
MO #55  energy= -10.1916597727176  occ= 2
MO #56  energy= -6.70665253107525  occ= 2
MO #57  energy= -4.87422287339324  occ= 2
MO #58  energy= -4.87370230563632  occ= 2
MO #59  energy= -4.87193525269289  occ= 2
MO #60  energy= -1.30764021023007  occ= 2
MO #61  energy= -1.30449376985282  occ= 2
MO #62  energy= -1.30019035828965  occ= 2
MO #63  energy= -1.29718693108452  occ= 2
MO #64  energy= -1.21224863103375  occ= 2
MO #65  energy= -1.21206721482138  occ= 2
MO #66  energy= -1.21032609488955  occ= 2
MO #67  energy= -1.20746224202882  occ= 2
MO #68  energy= -1.20521932474859  occ= 2
MO #69  energy= -1.20214082045007  occ= 2
MO #70  energy= -1.20117372411064  occ= 2
MO #71  energy= -1.20038843251667  occ= 2
MO #72  energy= -1.13065993278647  occ= 2
MO #73  energy= -1.06820218019632  occ= 2
MO #74  energy= -1.05781330490004  occ= 2
MO #75  energy= -0.972884606614609 occ= 2
MO #76  energy= -0.904522693959639 occ= 2
MO #77  energy= -0.899059491722597 occ= 2
MO #78  energy= -0.894430392093058 occ= 2
MO #79  energy= -0.881199498244262 occ= 2
MO #80  energy= -0.844633073983271 occ= 2
MO #81  energy= -0.840561060843152 occ= 2
MO #82  energy= -0.828624159999429 occ= 2
MO #83  energy= -0.816407620142989 occ= 2
MO #84  energy= -0.806539810230091 occ= 2
MO #85  energy= -0.796766129175933 occ= 2
MO #86  energy= -0.790651538335705 occ= 2
MO #87  energy= -0.768193413042191 occ= 2
MO #88  energy= -0.766864257124898 occ= 2
MO #89  energy= -0.763484789473134 occ= 2
MO #90  energy= -0.747085156793216 occ= 2
MO #91  energy= -0.732235737109649 occ= 2
MO #92  energy= -0.723155522510467 occ= 2
MO #93  energy= -0.713028450806906 occ= 2
MO #94  energy= -0.710194244490801 occ= 2
MO #95  energy= -0.704224469207689 occ= 2
MO #96  energy= -0.686148670031265 occ= 2
MO #97  energy= -0.683816132163821 occ= 2
MO #98  energy= -0.679446259103193 occ= 2
MO #99  energy= -0.650993458406396 occ= 2
MO #100 energy= -0.647489494952804 occ= 2
MO #101 energy= -0.643706339880053 occ= 2
MO #102 energy= -0.64269486600185  occ= 2
MO #103 energy= -0.636446209843622 occ= 2
MO #104 energy= -0.626899083829437 occ= 2
MO #105 energy= -0.614096431827669 occ= 2
MO #106 energy= -0.611998503109644 occ= 2
MO #107 energy= -0.608995018179184 occ= 2
MO #108 energy= -0.605473909948398 occ= 2
MO #109 energy= -0.601542225629535 occ= 2
MO #110 energy= -0.601322860534183 occ= 2
MO #111 energy= -0.598826469397098 occ= 2
MO #112 energy= -0.595269340595554 occ= 2
MO #113 energy= -0.594540026834037 occ= 2
MO #114 energy= -0.591044247461181 occ= 2
MO #115 energy= -0.58990205678391  occ= 2
MO #116 energy= -0.588064571082129 occ= 2
MO #117 energy= -0.583389547211348 occ= 2
MO #118 energy= -0.582918947764512 occ= 2
MO #119 energy= -0.5714796957535   occ= 2
MO #120 energy= -0.568298743735664 occ= 2
MO #121 energy= -0.548859547073674 occ= 2
MO #122 energy= -0.540143166893337 occ= 2
MO #123 energy= -0.533714556992067 occ= 2
MO #124 energy= -0.530433381132382 occ= 2
MO #125 energy= -0.523491881136491 occ= 2
MO #126 energy= -0.510202579456488 occ= 2
MO #127 energy= -0.505608192925823 occ= 2
MO #128 energy= -0.502591525126451 occ= 2
MO #129 energy= -0.501180537156186 occ= 2
MO #130 energy= -0.492312927880422 occ= 2
MO #131 energy= -0.489948824918217 occ= 2
MO #132 energy= -0.488081700290336 occ= 2
MO #133 energy= -0.481281135110072 occ= 2
MO #134 energy= -0.480052914884125 occ= 2
MO #135 energy= -0.476043014669724 occ= 2
MO #136 energy= -0.474193024175518 occ= 2
MO #137 energy= -0.472514253441042 occ= 2
MO #138 energy= -0.471469810368937 occ= 2
MO #139 energy= -0.469364650148009 occ= 2
MO #140 energy= -0.468940704624843 occ= 2
MO #141 energy= -0.467493549479476 occ= 2
MO #142 energy= -0.466274717272567 occ= 2
MO #143 energy= -0.462184699456235 occ= 2
MO #144 energy= -0.460378977567788 occ= 2
MO #145 energy= -0.459050469919139 occ= 2
MO #146 energy= -0.455859174294703 occ= 2
MO #147 energy= -0.453449879426917 occ= 2
MO #148 energy= -0.451022765226184 occ= 2
MO #149 energy= -0.442641057613561 occ= 2
MO #150 energy= -0.439839351834068 occ= 2
MO #151 energy= -0.437506186165278 occ= 2
MO #152 energy= -0.43577775505324  occ= 2
MO #153 energy= -0.434475709526968 occ= 2
MO #154 energy= -0.433383038077861 occ= 2
MO #155 energy= -0.431214889111454 occ= 2
MO #156 energy= -0.430314878822    occ= 2
MO #157 energy= -0.429498800903131 occ= 2
MO #158 energy= -0.428709881087081 occ= 2
MO #159 energy= -0.427835151130788 occ= 2
MO #160 energy= -0.426135463604952 occ= 2
MO #161 energy= -0.422751694355197 occ= 2
MO #162 energy= -0.420832746400182 occ= 2
MO #163 energy= -0.417623994048058 occ= 2
MO #164 energy= -0.416248743384502 occ= 2
MO #165 energy= -0.41162305444081  occ= 2
MO #166 energy= -0.411044453429318 occ= 2
MO #167 energy= -0.410928242814399 occ= 2
MO #168 energy= -0.409118843691131 occ= 2
MO #169 energy= -0.406666104876473 occ= 2
MO #170 energy= -0.404604892685098 occ= 2
MO #171 energy= -0.403125250350157 occ= 2
MO #172 energy= -0.402019926869047 occ= 2
MO #173 energy= -0.398777585110995 occ= 2
MO #174 energy= -0.396676370031627 occ= 2
MO #175 energy= -0.394539161643575 occ= 2
MO #176 energy= -0.389847814629902 occ= 2
MO #177 energy= -0.387459546629688 occ= 2
MO #178 energy= -0.387302405906028 occ= 2
MO #179 energy= -0.379846562821512 occ= 2
MO #180 energy= -0.374906008977304 occ= 2
MO #181 energy= -0.371630020203131 occ= 2
MO #182 energy= -0.368162988140759 occ= 2
MO #183 energy= -0.366771494231013 occ= 2
MO #184 energy= -0.364732868802076 occ= 2
MO #185 energy= -0.358633139027728 occ= 2
MO #186 energy= -0.356882357694956 occ= 2
MO #187 energy= -0.346086876371822 occ= 2
MO #188 energy= -0.33838229717199  occ= 2
MO #189 energy= -0.333151594619304 occ= 2
MO #190 energy= -0.330582827870652 occ= 2
MO #191 energy= -0.313685067700242 occ= 2
MO #192 energy= -0.307124385454021 occ= 2
MO #193 energy= -0.303451734302174 occ= 2
MO #194 energy= -0.296551973543603 occ= 2
MO #195 energy= -0.293867390657366 occ= 2
MO #196 energy= -0.290052108237817 occ= 2
MO #197 energy= -0.286620049679851 occ= 2
MO #198 energy= -0.281010827508753 occ= 2
MO #199 energy= -0.256243969075973 occ= 2
MO #200 energy= -0.250814833371832 occ= 2
MO #201 energy= -0.233325552238104 occ= 2
MO #202 energy= -0.223763931046684 occ= 2
MO #203 energy= -0.063065680538762 occ= 0
MO #204 energy= -0.0575555532293993 occ= 0
MO #205 energy= -0.0514194400065129 occ= 0
MO #206 energy= -0.0500448153561528 occ= 0
MO #207 energy= -0.0469159357116164 occ= 0
MO #208 energy= -0.0413331728916217 occ= 0
MO #209 energy= -0.0258390383877916 occ= 0
MO #210 energy= -0.0194437707149983 occ= 0
MO #211 energy= 0.00953707494711953 occ= 0
MO #212 energy= 0.0238085385875885 occ= 0
MO #213 energy= 0.0330288314644056 occ= 0
MO #214 energy= 0.0572704968510487 occ= 0
MO #215 energy= 0.061861776132221  occ= 0
MO #216 energy= 0.0637799519592604 occ= 0
MO #217 energy= 0.0659641410664788 occ= 0
MO #218 energy= 0.0759062848364594 occ= 0
MO #219 energy= 0.0802152983935503 occ= 0
MO #220 energy= 0.0837756657599603 occ= 0
MO #221 energy= 0.0841135806466564 occ= 0
MO #222 energy= 0.0880621014633984 occ= 0
MO #223 energy= 0.0891545726706752 occ= 0
MO #224 energy= 0.093189358099077  occ= 0
MO #225 energy= 0.0952647309786064 occ= 0
MO #226 energy= 0.102156120877868  occ= 0
MO #227 energy= 0.108049770734289  occ= 0
MO #228 energy= 0.111432135082444  occ= 0
MO #229 energy= 0.115809519890833  occ= 0
MO #230 energy= 0.118555224900587  occ= 0
MO #231 energy= 0.119142382258495  occ= 0
MO #232 energy= 0.122296736189552  occ= 0
MO #233 energy= 0.126457693115394  occ= 0
MO #234 energy= 0.126988384243407  occ= 0
MO #235 energy= 0.136990583440103  occ= 0
MO #236 energy= 0.139034727397255  occ= 0
MO #237 energy= 0.145877271644805  occ= 0
MO #238 energy= 0.147285923493296  occ= 0
MO #239 energy= 0.150951491802408  occ= 0
MO #240 energy= 0.151553973373621  occ= 0
MO #241 energy= 0.154481757069835  occ= 0
MO #242 energy= 0.159138364555217  occ= 0
MO #243 energy= 0.161693320996406  occ= 0
MO #244 energy= 0.164771099674044  occ= 0
MO #245 energy= 0.171657899185392  occ= 0
MO #246 energy= 0.180892375565337  occ= 0
MO #247 energy= 0.185990565082642  occ= 0
MO #248 energy= 0.194458233001011  occ= 0
MO #249 energy= 0.196604187956669  occ= 0
MO #250 energy= 0.20072536247855   occ= 0
MO #251 energy= 0.203400917852911  occ= 0
MO #252 energy= 0.207385184507063  occ= 0
MO #253 energy= 0.208562100771747  occ= 0
MO #254 energy= 0.210453514280472  occ= 0
MO #255 energy= 0.217368849094573  occ= 0
MO #256 energy= 0.21919004781844   occ= 0
MO #257 energy= 0.222100055976694  occ= 0
MO #258 energy= 0.223844984305113  occ= 0
MO #259 energy= 0.231629671258672  occ= 0
MO #260 energy= 0.234784050926425  occ= 0
MO #261 energy= 0.241052203377841  occ= 0
MO #262 energy= 0.246535889110894  occ= 0
MO #263 energy= 0.250042436452903  occ= 0
MO #264 energy= 0.251736797371485  occ= 0
MO #265 energy= 0.255897391131463  occ= 0
MO #266 energy= 0.258944965382113  occ= 0
MO #267 energy= 0.263238254719681  occ= 0
MO #268 energy= 0.265963563282919  occ= 0
MO #269 energy= 0.270698847502523  occ= 0
MO #270 energy= 0.27618050900385   occ= 0
MO #271 energy= 0.279384309768296  occ= 0
MO #272 energy= 0.28413506066508   occ= 0
MO #273 energy= 0.287488345072649  occ= 0
MO #274 energy= 0.291058803527748  occ= 0
MO #275 energy= 0.292144145665213  occ= 0
MO #276 energy= 0.294994208612235  occ= 0
MO #277 energy= 0.297867762375324  occ= 0
MO #278 energy= 0.30344844375849   occ= 0
MO #279 energy= 0.30665353422233   occ= 0
MO #280 energy= 0.311574146816645  occ= 0
MO #281 energy= 0.313293692722757  occ= 0
MO #282 energy= 0.317846704948173  occ= 0
MO #283 energy= 0.322850625685832  occ= 0
MO #284 energy= 0.326310871774907  occ= 0
MO #285 energy= 0.326973556610187  occ= 0
MO #286 energy= 0.332529638818584  occ= 0
MO #287 energy= 0.336267247795052  occ= 0
MO #288 energy= 0.342226100894131  occ= 0
MO #289 energy= 0.346711406222448  occ= 0
MO #290 energy= 0.356148477807062  occ= 0
MO #291 energy= 0.356501814971767  occ= 0
MO #292 energy= 0.36079693776886   occ= 0
MO #293 energy= 0.36282277063496   occ= 0
MO #294 energy= 0.365888292386964  occ= 0
MO #295 energy= 0.366212495213977  occ= 0
MO #296 energy= 0.367770368921563  occ= 0
MO #297 energy= 0.370306860861433  occ= 0
MO #298 energy= 0.372784895343553  occ= 0
MO #299 energy= 0.38006749023473   occ= 0
MO #300 energy= 0.381846385259264  occ= 0
MO #301 energy= 0.387758521964482  occ= 0
MO #302 energy= 0.392991751172091  occ= 0
MO #303 energy= 0.39756858518162   occ= 0
MO #304 energy= 0.400801608359022  occ= 0
MO #305 energy= 0.40413616732669   occ= 0
MO #306 energy= 0.406438801828491  occ= 0
MO #307 energy= 0.411297332711633  occ= 0
MO #308 energy= 0.41272767861832   occ= 0
MO #309 energy= 0.41777096869554   occ= 0
MO #310 energy= 0.424548563351887  occ= 0
MO #311 energy= 0.425884320570233  occ= 0
MO #312 energy= 0.428107623030197  occ= 0
MO #313 energy= 0.432432336814985  occ= 0
MO #314 energy= 0.437617419140766  occ= 0
MO #315 energy= 0.438258249204729  occ= 0
MO #316 energy= 0.440388216122819  occ= 0
MO #317 energy= 0.443667817624354  occ= 0
MO #318 energy= 0.448418050470728  occ= 0
MO #319 energy= 0.454035552128254  occ= 0
MO #320 energy= 0.456962796930944  occ= 0
MO #321 energy= 0.460371973047985  occ= 0
MO #322 energy= 0.465489105557848  occ= 0
MO #323 energy= 0.467939681023953  occ= 0
MO #324 energy= 0.469323161970708  occ= 0
MO #325 energy= 0.470167640336307  occ= 0
MO #326 energy= 0.472412076838149  occ= 0
MO #327 energy= 0.472606309462679  occ= 0
MO #328 energy= 0.479886697262043  occ= 0
MO #329 energy= 0.480044396618972  occ= 0
MO #330 energy= 0.4846986811273    occ= 0
MO #331 energy= 0.485263560024779  occ= 0
MO #332 energy= 0.491920714971127  occ= 0
MO #333 energy= 0.498156774136485  occ= 0
MO #334 energy= 0.499597428405061  occ= 0
MO #335 energy= 0.503309055022917  occ= 0
MO #336 energy= 0.510136854321658  occ= 0
MO #337 energy= 0.512772489255522  occ= 0
MO #338 energy= 0.520906668425276  occ= 0
MO #339 energy= 0.520989365938119  occ= 0
MO #340 energy= 0.527968755266477  occ= 0
MO #341 energy= 0.530330920458725  occ= 0
MO #342 energy= 0.533724483286693  occ= 0
MO #343 energy= 0.535738083049035  occ= 0
MO #344 energy= 0.538558421551393  occ= 0
MO #345 energy= 0.540577194156438  occ= 0
MO #346 energy= 0.546230906519365  occ= 0
MO #347 energy= 0.546984655917325  occ= 0
MO #348 energy= 0.552449083985824  occ= 0
MO #349 energy= 0.558731812936742  occ= 0
MO #350 energy= 0.561256732511595  occ= 0
MO #351 energy= 0.564696839574757  occ= 0
MO #352 energy= 0.568092781407687  occ= 0
MO #353 energy= 0.57526905102764   occ= 0
MO #354 energy= 0.578971845857429  occ= 0
MO #355 energy= 0.583915424341627  occ= 0
MO #356 energy= 0.586551932280564  occ= 0
MO #357 energy= 0.588503408374168  occ= 0
MO #358 energy= 0.590920739750843  occ= 0
MO #359 energy= 0.595176758950084  occ= 0
MO #360 energy= 0.60245376716105   occ= 0
MO #361 energy= 0.608127291861226  occ= 0
MO #362 energy= 0.610242652010913  occ= 0
MO #363 energy= 0.613045601146201  occ= 0
MO #364 energy= 0.616197821089697  occ= 0
MO #365 energy= 0.617009596284922  occ= 0
MO #366 energy= 0.621174542078029  occ= 0
MO #367 energy= 0.627884568603113  occ= 0
MO #368 energy= 0.628240523447632  occ= 0
MO #369 energy= 0.63128991100249   occ= 0
MO #370 energy= 0.635069036039055  occ= 0
MO #371 energy= 0.63678831917862   occ= 0
MO #372 energy= 0.642102199986979  occ= 0
MO #373 energy= 0.645061380896129  occ= 0
MO #374 energy= 0.647596935278982  occ= 0
MO #375 energy= 0.650567897094002  occ= 0
MO #376 energy= 0.654625503674546  occ= 0
MO #377 energy= 0.658915365085621  occ= 0
MO #378 energy= 0.6625429685388    occ= 0
MO #379 energy= 0.663907865455793  occ= 0
MO #380 energy= 0.664911847455946  occ= 0
MO #381 energy= 0.66957132043369   occ= 0
MO #382 energy= 0.673942882248635  occ= 0
MO #383 energy= 0.677243321765482  occ= 0
MO #384 energy= 0.679273534876549  occ= 0
MO #385 energy= 0.682079695774815  occ= 0
MO #386 energy= 0.684071190393323  occ= 0
MO #387 energy= 0.685407754064966  occ= 0
MO #388 energy= 0.687813351336703  occ= 0
MO #389 energy= 0.690574981024423  occ= 0
MO #390 energy= 0.69145958052334   occ= 0
MO #391 energy= 0.696134142386898  occ= 0
MO #392 energy= 0.699155768706753  occ= 0
MO #393 energy= 0.70233649751715   occ= 0
MO #394 energy= 0.705057827750448  occ= 0
MO #395 energy= 0.70792685714436   occ= 0
MO #396 energy= 0.710821244608956  occ= 0
MO #397 energy= 0.715410994745685  occ= 0
MO #398 energy= 0.717426672514671  occ= 0
MO #399 energy= 0.719447223095291  occ= 0
MO #400 energy= 0.722531185888024  occ= 0
MO #401 energy= 0.725901248511542  occ= 0
MO #402 energy= 0.730128667896671  occ= 0
MO #403 energy= 0.732227512288136  occ= 0
MO #404 energy= 0.737491184688824  occ= 0
MO #405 energy= 0.7393727980181    occ= 0
MO #406 energy= 0.743750592032733  occ= 0
MO #407 energy= 0.745776627554317  occ= 0
MO #408 energy= 0.753359271170956  occ= 0
MO #409 energy= 0.757676120186707  occ= 0
MO #410 energy= 0.766411555928782  occ= 0
MO #411 energy= 0.772880511905265  occ= 0
MO #412 energy= 0.777995263444072  occ= 0
MO #413 energy= 0.783674959352535  occ= 0
MO #414 energy= 0.788705322890201  occ= 0
MO #415 energy= 0.793972013191969  occ= 0
MO #416 energy= 0.794272891426395  occ= 0
MO #417 energy= 0.796311955443524  occ= 0
MO #418 energy= 0.799069997186197  occ= 0
MO #419 energy= 0.801231289675531  occ= 0
MO #420 energy= 0.805111608420836  occ= 0
MO #421 energy= 0.807506222059234  occ= 0
MO #422 energy= 0.817664334682521  occ= 0
MO #423 energy= 0.82111064733756   occ= 0
MO #424 energy= 0.824302628242598  occ= 0
MO #425 energy= 0.82668346757362   occ= 0
MO #426 energy= 0.833718947492628  occ= 0
MO #427 energy= 0.835182121973195  occ= 0
MO #428 energy= 0.846266464687075  occ= 0
MO #429 energy= 0.852763436316937  occ= 0
MO #430 energy= 0.857135295629519  occ= 0
MO #431 energy= 0.858995035938865  occ= 0
MO #432 energy= 0.865519246544076  occ= 0
MO #433 energy= 0.873889293133594  occ= 0
MO #434 energy= 0.87756278976274   occ= 0
MO #435 energy= 0.889669531572119  occ= 0
MO #436 energy= 0.890945821222455  occ= 0
MO #437 energy= 0.904478915640779  occ= 0
MO #438 energy= 0.91488589831537   occ= 0
MO #439 energy= 0.924095270370367  occ= 0
MO #440 energy= 0.929798541369256  occ= 0
MO #441 energy= 0.93464314254283   occ= 0
MO #442 energy= 0.946144877596792  occ= 0
MO #443 energy= 0.952128946147576  occ= 0
MO #444 energy= 0.959443492640002  occ= 0
MO #445 energy= 0.969881242497116  occ= 0
MO #446 energy= 0.97762872251249   occ= 0
MO #447 energy= 0.982724895387539  occ= 0
MO #448 energy= 0.990492381231562  occ= 0
MO #449 energy= 0.993748943717315  occ= 0
MO #450 energy= 1.00872566209512   occ= 0
MO #451 energy= 1.02055722430212   occ= 0
MO #452 energy= 1.03603340953521   occ= 0
MO #453 energy= 1.04709218396958   occ= 0
MO #454 energy= 1.05667673545751   occ= 0
MO #455 energy= 1.06110212273137   occ= 0
MO #456 energy= 1.06188834474859   occ= 0
MO #457 energy= 1.06548366450045   occ= 0
MO #458 energy= 1.0777857921232    occ= 0
MO #459 energy= 1.08288883944111   occ= 0
MO #460 energy= 1.08673400316295   occ= 0
MO #461 energy= 1.08955778899581   occ= 0
MO #462 energy= 1.09517770729569   occ= 0
MO #463 energy= 1.09699386762004   occ= 0
MO #464 energy= 1.10222421134844   occ= 0
MO #465 energy= 1.10671803225292   occ= 0
MO #466 energy= 1.11163714874007   occ= 0
MO #467 energy= 1.1148410606477    occ= 0
MO #468 energy= 1.12256889698625   occ= 0
MO #469 energy= 1.12334935696102   occ= 0
MO #470 energy= 1.12840873371021   occ= 0
MO #471 energy= 1.13099110807566   occ= 0
MO #472 energy= 1.13487397298587   occ= 0
MO #473 energy= 1.14355968938581   occ= 0
MO #474 energy= 1.14748324440731   occ= 0
MO #475 energy= 1.15123021097565   occ= 0
MO #476 energy= 1.15514834391928   occ= 0
MO #477 energy= 1.15661757501138   occ= 0
MO #478 energy= 1.16601999654413   occ= 0
MO #479 energy= 1.16846876002707   occ= 0
MO #480 energy= 1.17495196458745   occ= 0
MO #481 energy= 1.17977478626696   occ= 0
MO #482 energy= 1.18642301827561   occ= 0
MO #483 energy= 1.19215978886609   occ= 0
MO #484 energy= 1.19514456329537   occ= 0
MO #485 energy= 1.19642360855445   occ= 0
MO #486 energy= 1.20180461226595   occ= 0
MO #487 energy= 1.20249813386425   occ= 0
MO #488 energy= 1.20581871364208   occ= 0
MO #489 energy= 1.21044014890138   occ= 0
MO #490 energy= 1.21681210601974   occ= 0
MO #491 energy= 1.21747294254253   occ= 0
MO #492 energy= 1.22431381501074   occ= 0
MO #493 energy= 1.23033448822031   occ= 0
MO #494 energy= 1.236018317958     occ= 0
MO #495 energy= 1.23802722447905   occ= 0
MO #496 energy= 1.2425381987746    occ= 0
MO #497 energy= 1.24526308143722   occ= 0
MO #498 energy= 1.24696857104133   occ= 0
MO #499 energy= 1.25575139018451   occ= 0
MO #500 energy= 1.25993585616775   occ= 0
MO #501 energy= 1.26201612461706   occ= 0
MO #502 energy= 1.26315265501765   occ= 0
MO #503 energy= 1.26729853025746   occ= 0
MO #504 energy= 1.27111783528531   occ= 0
MO #505 energy= 1.27593234327617   occ= 0
MO #506 energy= 1.27778915131415   occ= 0
MO #507 energy= 1.28653346163818   occ= 0
MO #508 energy= 1.29357878646894   occ= 0
MO #509 energy= 1.29579171753908   occ= 0
MO #510 energy= 1.30283924747447   occ= 0
MO #511 energy= 1.30961721298767   occ= 0
MO #512 energy= 1.31073139631523   occ= 0
MO #513 energy= 1.3143505970282    occ= 0
MO #514 energy= 1.31596763511883   occ= 0
MO #515 energy= 1.31878408245641   occ= 0
MO #516 energy= 1.32252924993345   occ= 0
MO #517 energy= 1.32649517117082   occ= 0
MO #518 energy= 1.33929113005769   occ= 0
MO #519 energy= 1.34221169080789   occ= 0
MO #520 energy= 1.3494026438946    occ= 0
MO #521 energy= 1.35414710925654   occ= 0
MO #522 energy= 1.35944103812921   occ= 0
MO #523 energy= 1.36194426757973   occ= 0
MO #524 energy= 1.36834300802664   occ= 0
MO #525 energy= 1.37438035464774   occ= 0
MO #526 energy= 1.37575702178239   occ= 0
MO #527 energy= 1.37972778446384   occ= 0
MO #528 energy= 1.38764941751945   occ= 0
MO #529 energy= 1.39039752812324   occ= 0
MO #530 energy= 1.39707760560489   occ= 0
MO #531 energy= 1.40272294486659   occ= 0
MO #532 energy= 1.4173759393762    occ= 0
MO #533 energy= 1.42707492074336   occ= 0
MO #534 energy= 1.43743856907061   occ= 0
MO #535 energy= 1.44549409553473   occ= 0
MO #536 energy= 1.44806627855588   occ= 0
MO #537 energy= 1.45207728829981   occ= 0
MO #538 energy= 1.45462174513624   occ= 0
MO #539 energy= 1.45619090062092   occ= 0
MO #540 energy= 1.46086728200349   occ= 0
MO #541 energy= 1.46534376385028   occ= 0
MO #542 energy= 1.47030862633447   occ= 0
MO #543 energy= 1.47770478110077   occ= 0
MO #544 energy= 1.48585465238185   occ= 0
MO #545 energy= 1.49116349591408   occ= 0
MO #546 energy= 1.49711411386517   occ= 0
MO #547 energy= 1.49952896099763   occ= 0
MO #548 energy= 1.50716815660461   occ= 0
MO #549 energy= 1.50898958880211   occ= 0
MO #550 energy= 1.51996724467716   occ= 0
MO #551 energy= 1.52235484025495   occ= 0
MO #552 energy= 1.5280708870178    occ= 0
MO #553 energy= 1.52989307641353   occ= 0
MO #554 energy= 1.54083485167021   occ= 0
MO #555 energy= 1.54273518493925   occ= 0
MO #556 energy= 1.5493481539356    occ= 0
MO #557 energy= 1.55907756635079   occ= 0
MO #558 energy= 1.56274421925204   occ= 0
MO #559 energy= 1.57155514224907   occ= 0
MO #560 energy= 1.58270010033969   occ= 0
MO #561 energy= 1.58868102433654   occ= 0
MO #562 energy= 1.59760039229993   occ= 0
MO #563 energy= 1.6053244301368    occ= 0
MO #564 energy= 1.61585630036029   occ= 0
MO #565 energy= 1.61945458318497   occ= 0
MO #566 energy= 1.62114685665737   occ= 0
MO #567 energy= 1.6243912879245    occ= 0
MO #568 energy= 1.62659206254805   occ= 0
MO #569 energy= 1.64321125313043   occ= 0
MO #570 energy= 1.65181637967955   occ= 0
MO #571 energy= 1.65544734638151   occ= 0
MO #572 energy= 1.65870864116      occ= 0
MO #573 energy= 1.66399746392952   occ= 0
MO #574 energy= 1.66837012578833   occ= 0
MO #575 energy= 1.67106392050273   occ= 0
MO #576 energy= 1.67919683924989   occ= 0
MO #577 energy= 1.6848908099882    occ= 0
MO #578 energy= 1.68758658975718   occ= 0
MO #579 energy= 1.69181323459718   occ= 0
MO #580 energy= 1.69207168074754   occ= 0
MO #581 energy= 1.69952618196603   occ= 0
MO #582 energy= 1.70115304838142   occ= 0
MO #583 energy= 1.70476023037864   occ= 0
MO #584 energy= 1.70869813555227   occ= 0
MO #585 energy= 1.71245264513705   occ= 0
MO #586 energy= 1.71715686872824   occ= 0
MO #587 energy= 1.71992251301979   occ= 0
MO #588 energy= 1.72157959898574   occ= 0
MO #589 energy= 1.72634604760385   occ= 0
MO #590 energy= 1.72922268992683   occ= 0
MO #591 energy= 1.72948275051452   occ= 0
MO #592 energy= 1.7320631226281    occ= 0
MO #593 energy= 1.73635228430739   occ= 0
MO #594 energy= 1.73861842630957   occ= 0
MO #595 energy= 1.74082101938611   occ= 0
MO #596 energy= 1.74270705201759   occ= 0
MO #597 energy= 1.74597160367139   occ= 0
MO #598 energy= 1.75039888141898   occ= 0
MO #599 energy= 1.75467187570386   occ= 0
MO #600 energy= 1.75721182844854   occ= 0
MO #601 energy= 1.7577761215494    occ= 0
MO #602 energy= 1.76374169052094   occ= 0
MO #603 energy= 1.77079706037959   occ= 0
MO #604 energy= 1.7819392999847    occ= 0
MO #605 energy= 1.78527382252915   occ= 0
MO #606 energy= 1.78688042395396   occ= 0
MO #607 energy= 1.78866039723146   occ= 0
MO #608 energy= 1.79460353824796   occ= 0
MO #609 energy= 1.80206572995893   occ= 0
MO #610 energy= 1.80429616447877   occ= 0
MO #611 energy= 1.80571295589284   occ= 0
MO #612 energy= 1.80715056132249   occ= 0
MO #613 energy= 1.81426667347659   occ= 0
MO #614 energy= 1.81629406011662   occ= 0
MO #615 energy= 1.82062744911547   occ= 0
MO #616 energy= 1.82764091031308   occ= 0
MO #617 energy= 1.8279838383577    occ= 0
MO #618 energy= 1.83704289048172   occ= 0
MO #619 energy= 1.8404338101547    occ= 0
MO #620 energy= 1.84544888571438   occ= 0
MO #621 energy= 1.85587499453048   occ= 0
MO #622 energy= 1.85850934421754   occ= 0
MO #623 energy= 1.86264389713612   occ= 0
MO #624 energy= 1.87045641304881   occ= 0
MO #625 energy= 1.87642071948582   occ= 0
MO #626 energy= 1.88249988924885   occ= 0
MO #627 energy= 1.88459672064482   occ= 0
MO #628 energy= 1.88813788690505   occ= 0
MO #629 energy= 1.89154083296387   occ= 0
MO #630 energy= 1.89697218620832   occ= 0
MO #631 energy= 1.9004853413174    occ= 0
MO #632 energy= 1.90781038056911   occ= 0
MO #633 energy= 1.90970552199516   occ= 0
MO #634 energy= 1.91424279415911   occ= 0
MO #635 energy= 1.91878567192097   occ= 0
MO #636 energy= 1.92071465425712   occ= 0
MO #637 energy= 1.92146250611468   occ= 0
MO #638 energy= 1.92936563590815   occ= 0
MO #639 energy= 1.93117743398855   occ= 0
MO #640 energy= 1.93370243775414   occ= 0
MO #641 energy= 1.94119999395146   occ= 0
MO #642 energy= 1.94830952409326   occ= 0
MO #643 energy= 1.95417994611454   occ= 0
MO #644 energy= 1.95650917602123   occ= 0
MO #645 energy= 1.96182341588683   occ= 0
MO #646 energy= 1.96303211723158   occ= 0
MO #647 energy= 1.96777449267603   occ= 0
MO #648 energy= 1.98304506756879   occ= 0
MO #649 energy= 1.98734293769946   occ= 0
MO #650 energy= 1.98848396364076   occ= 0
MO #651 energy= 1.99058751808194   occ= 0
MO #652 energy= 1.99696386779792   occ= 0
MO #653 energy= 2.00362057373297   occ= 0
MO #654 energy= 2.01201857370423   occ= 0
MO #655 energy= 2.01632822238989   occ= 0
MO #656 energy= 2.02124086857001   occ= 0
MO #657 energy= 2.02959980361474   occ= 0
MO #658 energy= 2.0366602338558    occ= 0
MO #659 energy= 2.03708077665796   occ= 0
MO #660 energy= 2.03965474283732   occ= 0
MO #661 energy= 2.04161307462163   occ= 0
MO #662 energy= 2.04783763805946   occ= 0
MO #663 energy= 2.05539782199417   occ= 0
MO #664 energy= 2.0613065011537    occ= 0
MO #665 energy= 2.06477668254404   occ= 0
MO #666 energy= 2.06751197757594   occ= 0
MO #667 energy= 2.08618400118973   occ= 0
MO #668 energy= 2.08700723942979   occ= 0
MO #669 energy= 2.09110632227641   occ= 0
MO #670 energy= 2.09348804928834   occ= 0
MO #671 energy= 2.09842757783646   occ= 0
MO #672 energy= 2.10119041888856   occ= 0
MO #673 energy= 2.10935119657354   occ= 0
MO #674 energy= 2.11749054291565   occ= 0
MO #675 energy= 2.1224382203564    occ= 0
MO #676 energy= 2.12619344542391   occ= 0
MO #677 energy= 2.13338241555962   occ= 0
MO #678 energy= 2.14003242590363   occ= 0
MO #679 energy= 2.14594492444527   occ= 0
MO #680 energy= 2.14796032157957   occ= 0
MO #681 energy= 2.15171119605731   occ= 0
MO #682 energy= 2.15590430092      occ= 0
MO #683 energy= 2.16266555345352   occ= 0
MO #684 energy= 2.1637869636913    occ= 0
MO #685 energy= 2.17125820249326   occ= 0
MO #686 energy= 2.17545432729687   occ= 0
MO #687 energy= 2.1848545909899    occ= 0
MO #688 energy= 2.19068465125934   occ= 0
MO #689 energy= 2.19676625548895   occ= 0
MO #690 energy= 2.19992380662193   occ= 0
MO #691 energy= 2.20325874983919   occ= 0
MO #692 energy= 2.21624669627383   occ= 0
MO #693 energy= 2.22400437351037   occ= 0
MO #694 energy= 2.22582039627945   occ= 0
MO #695 energy= 2.24023516490799   occ= 0
MO #696 energy= 2.24658374959072   occ= 0
MO #697 energy= 2.2507685191237    occ= 0
MO #698 energy= 2.25584898346766   occ= 0
MO #699 energy= 2.26037121995176   occ= 0
MO #700 energy= 2.26462668467909   occ= 0
MO #701 energy= 2.27058328063821   occ= 0
MO #702 energy= 2.27774192327776   occ= 0
MO #703 energy= 2.27919936587327   occ= 0
MO #704 energy= 2.28116147865996   occ= 0
MO #705 energy= 2.28421771987925   occ= 0
MO #706 energy= 2.28871648709464   occ= 0
MO #707 energy= 2.31371584830406   occ= 0
MO #708 energy= 2.31602334586565   occ= 0
MO #709 energy= 2.32074295891574   occ= 0
MO #710 energy= 2.3228320025044    occ= 0
MO #711 energy= 2.32422437097036   occ= 0
MO #712 energy= 2.32578327522074   occ= 0
MO #713 energy= 2.33056793971893   occ= 0
MO #714 energy= 2.34767292313798   occ= 0
MO #715 energy= 2.35055118092136   occ= 0
MO #716 energy= 2.35604649561725   occ= 0
MO #717 energy= 2.36219435862054   occ= 0
MO #718 energy= 2.37978344847191   occ= 0
MO #719 energy= 2.38335551122512   occ= 0
MO #720 energy= 2.39188725502793   occ= 0
MO #721 energy= 2.39790054378876   occ= 0
MO #722 energy= 2.40608669851237   occ= 0
MO #723 energy= 2.40957424976484   occ= 0
MO #724 energy= 2.41678105097961   occ= 0
MO #725 energy= 2.44314842120522   occ= 0
MO #726 energy= 2.44882130657638   occ= 0
MO #727 energy= 2.46421823351281   occ= 0
MO #728 energy= 2.46972073876988   occ= 0
MO #729 energy= 2.47283965960187   occ= 0
MO #730 energy= 2.48563065282504   occ= 0
MO #731 energy= 2.49391113011056   occ= 0
MO #732 energy= 2.50806554559193   occ= 0
MO #733 energy= 2.52858627100646   occ= 0
MO #734 energy= 2.53280929879398   occ= 0
MO #735 energy= 2.55057934014501   occ= 0
MO #736 energy= 2.55872339427103   occ= 0
MO #737 energy= 2.56355123308833   occ= 0
MO #738 energy= 2.56716532381329   occ= 0
MO #739 energy= 2.58570927463278   occ= 0
MO #740 energy= 2.5930889601992    occ= 0
MO #741 energy= 2.60048266343333   occ= 0
MO #742 energy= 2.60315314640183   occ= 0
MO #743 energy= 2.61133351420645   occ= 0
MO #744 energy= 2.61808565334959   occ= 0
MO #745 energy= 2.62188669419815   occ= 0
MO #746 energy= 2.62665332887159   occ= 0
MO #747 energy= 2.62963565117696   occ= 0
MO #748 energy= 2.63533962366724   occ= 0
MO #749 energy= 2.6370580224302    occ= 0
MO #750 energy= 2.64094901208183   occ= 0
MO #751 energy= 2.64521931985964   occ= 0
MO #752 energy= 2.64990880355668   occ= 0
MO #753 energy= 2.65823837122163   occ= 0
MO #754 energy= 2.65952945820005   occ= 0
MO #755 energy= 2.66250743338912   occ= 0
MO #756 energy= 2.6663415607835    occ= 0
MO #757 energy= 2.6844588285951    occ= 0
MO #758 energy= 2.69028144076149   occ= 0
MO #759 energy= 2.70608417063447   occ= 0
MO #760 energy= 2.70960734162126   occ= 0
MO #761 energy= 2.71054748832099   occ= 0
MO #762 energy= 2.71743542024532   occ= 0
MO #763 energy= 2.72985874801705   occ= 0
MO #764 energy= 2.73843255141849   occ= 0
MO #765 energy= 2.75586457437824   occ= 0
MO #766 energy= 2.76109779249821   occ= 0
MO #767 energy= 2.8000094812508    occ= 0
MO #768 energy= 2.80387008127509   occ= 0
MO #769 energy= 2.81405161207936   occ= 0
MO #770 energy= 2.81737694831583   occ= 0
MO #771 energy= 2.82092048066938   occ= 0
MO #772 energy= 2.82497728835746   occ= 0
MO #773 energy= 2.83417474796945   occ= 0
MO #774 energy= 2.84021333698212   occ= 0
MO #775 energy= 2.84743209168424   occ= 0
MO #776 energy= 2.85509583846998   occ= 0
MO #777 energy= 2.85707699196206   occ= 0
MO #778 energy= 2.86406609020747   occ= 0
MO #779 energy= 2.86703982151396   occ= 0
MO #780 energy= 2.8695206310595    occ= 0
MO #781 energy= 2.88006826598528   occ= 0
MO #782 energy= 2.89601979243278   occ= 0
MO #783 energy= 2.91103356969424   occ= 0
MO #784 energy= 2.92430915924366   occ= 0
MO #785 energy= 2.9320578728233    occ= 0
MO #786 energy= 2.94055346112989   occ= 0
MO #787 energy= 2.95213294085169   occ= 0
MO #788 energy= 2.97794591886233   occ= 0
MO #789 energy= 2.97896898613074   occ= 0
MO #790 energy= 2.98337716559762   occ= 0
MO #791 energy= 2.9937873274517    occ= 0
MO #792 energy= 2.99836970382781   occ= 0
MO #793 energy= 3.00124236259154   occ= 0
MO #794 energy= 3.00257582523328   occ= 0
MO #795 energy= 3.00590868148297   occ= 0
MO #796 energy= 3.0082517895216    occ= 0
MO #797 energy= 3.0114217868415    occ= 0
MO #798 energy= 3.01308379568436   occ= 0
MO #799 energy= 3.02073924613137   occ= 0
MO #800 energy= 3.03346847618935   occ= 0
MO #801 energy= 3.03461827535628   occ= 0
MO #802 energy= 3.03882986398167   occ= 0
MO #803 energy= 3.04064585542109   occ= 0
MO #804 energy= 3.04296682790561   occ= 0
MO #805 energy= 3.04301473472197   occ= 0
MO #806 energy= 3.04633964132921   occ= 0
MO #807 energy= 3.04676945779147   occ= 0
MO #808 energy= 3.05015646156012   occ= 0
MO #809 energy= 3.05223146271501   occ= 0
MO #810 energy= 3.05363010972637   occ= 0
MO #811 energy= 3.05535064194393   occ= 0
MO #812 energy= 3.05813098701024   occ= 0
MO #813 energy= 3.05904862885661   occ= 0
MO #814 energy= 3.06148171002051   occ= 0
MO #815 energy= 3.06370887150148   occ= 0
MO #816 energy= 3.06575825284361   occ= 0
MO #817 energy= 3.06953672541713   occ= 0
MO #818 energy= 3.07194882393145   occ= 0
MO #819 energy= 3.07847571170291   occ= 0
MO #820 energy= 3.07936342987632   occ= 0
MO #821 energy= 3.08963078510718   occ= 0
MO #822 energy= 3.09604481250566   occ= 0
MO #823 energy= 3.10521135582455   occ= 0
MO #824 energy= 3.10565792218474   occ= 0
MO #825 energy= 3.11075295488088   occ= 0
MO #826 energy= 3.12391169718642   occ= 0
MO #827 energy= 3.13209447828399   occ= 0
MO #828 energy= 3.14315350014971   occ= 0
MO #829 energy= 3.15182421605569   occ= 0
MO #830 energy= 3.15665728288059   occ= 0
MO #831 energy= 3.1632784273213    occ= 0
MO #832 energy= 3.16696550189128   occ= 0
MO #833 energy= 3.17126586349971   occ= 0
MO #834 energy= 3.17330793840744   occ= 0
MO #835 energy= 3.17531223730214   occ= 0
MO #836 energy= 3.17941747825273   occ= 0
MO #837 energy= 3.18222008358179   occ= 0
MO #838 energy= 3.18779148318747   occ= 0
MO #839 energy= 3.21280682295458   occ= 0
MO #840 energy= 3.22045280816858   occ= 0
MO #841 energy= 3.22489922423279   occ= 0
MO #842 energy= 3.23621216817331   occ= 0
MO #843 energy= 3.27906982530017   occ= 0
MO #844 energy= 3.28094882897269   occ= 0
MO #845 energy= 3.3100165599592    occ= 0
MO #846 energy= 3.35981667456425   occ= 0
MO #847 energy= 3.39727966080608   occ= 0
MO #848 energy= 3.41439277788708   occ= 0
MO #849 energy= 3.41987885698692   occ= 0
MO #850 energy= 3.43310781163739   occ= 0
MO #851 energy= 3.44090537136658   occ= 0
MO #852 energy= 3.44644109304391   occ= 0
MO #853 energy= 3.52012582047259   occ= 0
MO #854 energy= 3.52395814600322   occ= 0
MO #855 energy= 3.52845359759049   occ= 0
MO #856 energy= 3.54394727088824   occ= 0
MO #857 energy= 3.55023607987513   occ= 0
MO #858 energy= 3.55637991427563   occ= 0
MO #859 energy= 3.5635504375294    occ= 0
MO #860 energy= 3.58031004674502   occ= 0
MO #861 energy= 3.58441573718147   occ= 0
MO #862 energy= 3.58919257390165   occ= 0
MO #863 energy= 3.59304354506197   occ= 0
MO #864 energy= 3.60540068104528   occ= 0
MO #865 energy= 3.65180495181857   occ= 0
MO #866 energy= 3.65914425433478   occ= 0
MO #867 energy= 3.66039903795322   occ= 0
MO #868 energy= 3.67056777612271   occ= 0
MO #869 energy= 3.67922030177818   occ= 0
MO #870 energy= 3.6851131058406    occ= 0
MO #871 energy= 3.69259037637936   occ= 0
MO #872 energy= 3.8326766813435    occ= 0
MO #873 energy= 3.83735319015372   occ= 0
MO #874 energy= 3.84088124916736   occ= 0
MO #875 energy= 3.84506589612934   occ= 0
MO #876 energy= 3.872137383865     occ= 0
MO #877 energy= 3.87637259923214   occ= 0
MO #878 energy= 3.90728616534335   occ= 0
MO #879 energy= 3.91444399668863   occ= 0
 ** Mulliken atomic charges  **
charge of  0O =     -0.77544
charge of  1P =      1.75170
charge of  2O =     -0.65017
charge of  3O =     -0.54306
charge of  4C =      0.17430
charge of  5C =      0.00818
charge of  6C =     -0.19081
charge of  7C =      0.04291
charge of  8C =     -0.10182
charge of  9C =     -0.08267
charge of  10C =     -0.03604
charge of  11C =      0.74716
charge of  12F =     -0.26608
charge of  13F =     -0.26721
charge of  14F =     -0.26185
charge of  15C =     -0.08825
charge of  16C =     -0.04255
charge of  17C =      0.74765
charge of  18F =     -0.25667
charge of  19F =     -0.25873
charge of  20F =     -0.26543
charge of  21C =     -0.10904
charge of  22C =      0.01098
charge of  23C =      0.00157
charge of  24C =     -0.10475
charge of  25C =     -0.09862
charge of  26C =     -0.10096
charge of  27C =     -0.10091
charge of  28C =     -0.02732
charge of  29C =     -0.02347
charge of  30C =      0.17512
charge of  31O =     -0.53534
charge of  32C =      0.00736
charge of  33C =     -0.18791
charge of  34C =      0.04343
charge of  35C =     -0.04396
charge of  36C =      0.74742
charge of  37F =     -0.26281
charge of  38F =     -0.26806
charge of  39F =     -0.25629
charge of  40C =     -0.08680
charge of  41C =     -0.03483
charge of  42C =      0.74742
charge of  43F =     -0.26131
charge of  44F =     -0.26843
charge of  45F =     -0.26361
charge of  46C =     -0.08097
charge of  47C =     -0.10169
charge of  48C =     -0.11060
charge of  49C =      0.01077
charge of  50C =      0.00208
charge of  51C =     -0.10330
charge of  52C =     -0.09853
charge of  53C =     -0.10045
charge of  54C =     -0.10177
charge of  55H =      0.35555
charge of  56H =      0.12842
charge of  57H =      0.11076
charge of  58H =      0.10928
charge of  59H =      0.11913
charge of  60H =      0.12876
charge of  61H =      0.10511
charge of  62H =      0.11050
charge of  63H =      0.10477
charge of  64H =      0.10474
charge of  65H =      0.10173
charge of  66H =      0.12070
charge of  67H =      0.11353
charge of  68H =      0.12879
charge of  69H =      0.12078
charge of  70H =      0.11061
charge of  71H =      0.10411
charge of  72H =      0.11150
charge of  73H =      0.10527
charge of  74H =      0.10497
charge of  75H =      0.10148
Dipole moment(X, Y, Z, Debye):  2.86125,  2.87221, -1.25533
def2-svp b3lyp 172.36720633506775
