/public3/home/scg5914/software-scg5914/LSW/1/data/data2/std_data/def2svp_b3lyp/cat_20.xyz
converged SCF energy = -5488.52985027788
**** MO energy ****
MO #1   energy= -77.2438458457289  occ= 2
MO #2   energy= -24.7346148269844  occ= 2
MO #3   energy= -24.7326049489099  occ= 2
MO #4   energy= -24.7322175001543  occ= 2
MO #5   energy= -24.7298735784741  occ= 2
MO #6   energy= -24.7276414701221  occ= 2
MO #7   energy= -24.7265097580171  occ= 2
MO #8   energy= -24.7260424750967  occ= 2
MO #9   energy= -24.7256043047853  occ= 2
MO #10  energy= -24.7245230995088  occ= 2
MO #11  energy= -24.7237437146842  occ= 2
MO #12  energy= -24.7236002495754  occ= 2
MO #13  energy= -24.7234492599754  occ= 2
MO #14  energy= -24.7233179553379  occ= 2
MO #15  energy= -24.7231907494512  occ= 2
MO #16  energy= -24.7221405922643  occ= 2
MO #17  energy= -24.7220579589434  occ= 2
MO #18  energy= -24.7219764693126  occ= 2
MO #19  energy= -24.7203762940507  occ= 2
MO #20  energy= -24.7191143077815  occ= 2
MO #21  energy= -24.7182106856995  occ= 2
MO #22  energy= -24.7172917901065  occ= 2
MO #23  energy= -24.7172466530506  occ= 2
MO #24  energy= -24.7150913226034  occ= 2
MO #25  energy= -24.7147449680043  occ= 2
MO #26  energy= -19.2073470962248  occ= 2
MO #27  energy= -19.2026747732298  occ= 2
MO #28  energy= -19.1973249370429  occ= 2
MO #29  energy= -19.1144125745914  occ= 2
MO #30  energy= -10.4469908558059  occ= 2
MO #31  energy= -10.445352304279   occ= 2
MO #32  energy= -10.4412865707965  occ= 2
MO #33  energy= -10.4408935398829  occ= 2
MO #34  energy= -10.4402809170088  occ= 2
MO #35  energy= -10.439967071674   occ= 2
MO #36  energy= -10.4378757844176  occ= 2
MO #37  energy= -10.4369857148194  occ= 2
MO #38  energy= -10.2816251990827  occ= 2
MO #39  energy= -10.2766703494804  occ= 2
MO #40  energy= -10.2356642581505  occ= 2
MO #41  energy= -10.2344616315171  occ= 2
MO #42  energy= -10.2343830283095  occ= 2
MO #43  energy= -10.2343472550654  occ= 2
MO #44  energy= -10.2342032028315  occ= 2
MO #45  energy= -10.2336858070525  occ= 2
MO #46  energy= -10.2311252388487  occ= 2
MO #47  energy= -10.2305684018883  occ= 2
MO #48  energy= -10.2305377080028  occ= 2
MO #49  energy= -10.2301840067601  occ= 2
MO #50  energy= -10.2300175994139  occ= 2
MO #51  energy= -10.2298791834222  occ= 2
MO #52  energy= -10.22976196133    occ= 2
MO #53  energy= -10.229709852196   occ= 2
MO #54  energy= -10.2275332211918  occ= 2
MO #55  energy= -10.2271327738347  occ= 2
MO #56  energy= -10.2270839050511  occ= 2
MO #57  energy= -10.2269530050695  occ= 2
MO #58  energy= -10.2269044061299  occ= 2
MO #59  energy= -10.2265572148352  occ= 2
MO #60  energy= -10.2260628013132  occ= 2
MO #61  energy= -10.2260435372771  occ= 2
MO #62  energy= -10.224685695394   occ= 2
MO #63  energy= -10.2244446719208  occ= 2
MO #64  energy= -10.2233192579277  occ= 2
MO #65  energy= -10.2232607498268  occ= 2
MO #66  energy= -10.2221979922852  occ= 2
MO #67  energy= -10.2215865342781  occ= 2
MO #68  energy= -10.2212529270311  occ= 2
MO #69  energy= -10.2194379348443  occ= 2
MO #70  energy= -10.21892891737    occ= 2
MO #71  energy= -10.2184507655096  occ= 2
MO #72  energy= -10.2183966290221  occ= 2
MO #73  energy= -10.2166842093982  occ= 2
MO #74  energy= -10.2163137745558  occ= 2
MO #75  energy= -10.216138857176   occ= 2
MO #76  energy= -10.2147308132781  occ= 2
MO #77  energy= -10.2143739493412  occ= 2
MO #78  energy= -10.2138125085655  occ= 2
MO #79  energy= -10.2126519459232  occ= 2
MO #80  energy= -10.2124889405454  occ= 2
MO #81  energy= -10.2120385024697  occ= 2
MO #82  energy= -10.2086079506456  occ= 2
MO #83  energy= -10.2074544691921  occ= 2
MO #84  energy= -10.206019668356   occ= 2
MO #85  energy= -10.2053683505478  occ= 2
MO #86  energy= -10.2050650739977  occ= 2
MO #87  energy= -10.2049200010451  occ= 2
MO #88  energy= -10.2044586799292  occ= 2
MO #89  energy= -10.2041836668307  occ= 2
MO #90  energy= -10.2040371267497  occ= 2
MO #91  energy= -10.2037987112409  occ= 2
MO #92  energy= -10.2034899234612  occ= 2
MO #93  energy= -10.202531528146   occ= 2
MO #94  energy= -6.71904444692412  occ= 2
MO #95  energy= -4.88667680954619  occ= 2
MO #96  energy= -4.88620331107588  occ= 2
MO #97  energy= -4.88426048902264  occ= 2
MO #98  energy= -1.31312557278325  occ= 2
MO #99  energy= -1.31115468474836  occ= 2
MO #100 energy= -1.30749943507097  occ= 2
MO #101 energy= -1.30714987905866  occ= 2
MO #102 energy= -1.30642340390619  occ= 2
MO #103 energy= -1.30625098517407  occ= 2
MO #104 energy= -1.30409154566501  occ= 2
MO #105 energy= -1.3030266152642   occ= 2
MO #106 energy= -1.22152811674038  occ= 2
MO #107 energy= -1.2177993440446   occ= 2
MO #108 energy= -1.21484001759472  occ= 2
MO #109 energy= -1.21470577874444  occ= 2
MO #110 energy= -1.21407138988696  occ= 2
MO #111 energy= -1.21370640001969  occ= 2
MO #112 energy= -1.21355067977757  occ= 2
MO #113 energy= -1.21307662406328  occ= 2
MO #114 energy= -1.2117087728381   occ= 2
MO #115 energy= -1.20986975341047  occ= 2
MO #116 energy= -1.20836870754642  occ= 2
MO #117 energy= -1.20785769776678  occ= 2
MO #118 energy= -1.20694658017813  occ= 2
MO #119 energy= -1.20681272594687  occ= 2
MO #120 energy= -1.20465985538665  occ= 2
MO #121 energy= -1.20442765571665  occ= 2
MO #122 energy= -1.14282278203281  occ= 2
MO #123 energy= -1.08047309139552  occ= 2
MO #124 energy= -1.06920835104937  occ= 2
MO #125 energy= -0.984210974684686 occ= 2
MO #126 energy= -0.912775348961902 occ= 2
MO #127 energy= -0.911150222315993 occ= 2
MO #128 energy= -0.907769808254574 occ= 2
MO #129 energy= -0.906184892139542 occ= 2
MO #130 energy= -0.90396975467119  occ= 2
MO #131 energy= -0.895716704194006 occ= 2
MO #132 energy= -0.88476661671599  occ= 2
MO #133 energy= -0.881493704221521 occ= 2
MO #134 energy= -0.851138836551135 occ= 2
MO #135 energy= -0.846278513384716 occ= 2
MO #136 energy= -0.831009941106423 occ= 2
MO #137 energy= -0.82704576162318  occ= 2
MO #138 energy= -0.824885146517471 occ= 2
MO #139 energy= -0.818215766756226 occ= 2
MO #140 energy= -0.817142758442774 occ= 2
MO #141 energy= -0.816902085373413 occ= 2
MO #142 energy= -0.812814411450528 occ= 2
MO #143 energy= -0.806829008418173 occ= 2
MO #144 energy= -0.800563551422967 occ= 2
MO #145 energy= -0.778813074007039 occ= 2
MO #146 energy= -0.776690713278909 occ= 2
MO #147 energy= -0.774085031315066 occ= 2
MO #148 energy= -0.760367382832956 occ= 2
MO #149 energy= -0.75178933363747  occ= 2
MO #150 energy= -0.74990035544364  occ= 2
MO #151 energy= -0.747682769819476 occ= 2
MO #152 energy= -0.741009124996108 occ= 2
MO #153 energy= -0.7260110151277   occ= 2
MO #154 energy= -0.718890235237666 occ= 2
MO #155 energy= -0.717457658581682 occ= 2
MO #156 energy= -0.715595001196    occ= 2
MO #157 energy= -0.711672482973263 occ= 2
MO #158 energy= -0.710459771536249 occ= 2
MO #159 energy= -0.709438485698437 occ= 2
MO #160 energy= -0.709196897293003 occ= 2
MO #161 energy= -0.705794193900889 occ= 2
MO #162 energy= -0.698742552508101 occ= 2
MO #163 energy= -0.668450824365298 occ= 2
MO #164 energy= -0.6666851804007   occ= 2
MO #165 energy= -0.665104821479079 occ= 2
MO #166 energy= -0.662416287554247 occ= 2
MO #167 energy= -0.658170157445114 occ= 2
MO #168 energy= -0.655254876753904 occ= 2
MO #169 energy= -0.651315793862178 occ= 2
MO #170 energy= -0.650600560891636 occ= 2
MO #171 energy= -0.64945338533215  occ= 2
MO #172 energy= -0.647341770154694 occ= 2
MO #173 energy= -0.644460565613042 occ= 2
MO #174 energy= -0.638477412556241 occ= 2
MO #175 energy= -0.631837703390085 occ= 2
MO #176 energy= -0.630800618762388 occ= 2
MO #177 energy= -0.625637843390128 occ= 2
MO #178 energy= -0.623449433967697 occ= 2
MO #179 energy= -0.622047923335347 occ= 2
MO #180 energy= -0.607773791778549 occ= 2
MO #181 energy= -0.604891229922756 occ= 2
MO #182 energy= -0.603917349848463 occ= 2
MO #183 energy= -0.603659737427969 occ= 2
MO #184 energy= -0.602349942147125 occ= 2
MO #185 energy= -0.602112597034368 occ= 2
MO #186 energy= -0.600637461205749 occ= 2
MO #187 energy= -0.598542246924765 occ= 2
MO #188 energy= -0.598240675718559 occ= 2
MO #189 energy= -0.598151605027164 occ= 2
MO #190 energy= -0.597581509996146 occ= 2
MO #191 energy= -0.596853361392494 occ= 2
MO #192 energy= -0.596798077628852 occ= 2
MO #193 energy= -0.596717520935329 occ= 2
MO #194 energy= -0.594926375659188 occ= 2
MO #195 energy= -0.594656277186913 occ= 2
MO #196 energy= -0.593764677445572 occ= 2
MO #197 energy= -0.589940892233539 occ= 2
MO #198 energy= -0.584754315097869 occ= 2
MO #199 energy= -0.582642677753395 occ= 2
MO #200 energy= -0.579511580084351 occ= 2
MO #201 energy= -0.569523446488416 occ= 2
MO #202 energy= -0.567481975914813 occ= 2
MO #203 energy= -0.55590932218518  occ= 2
MO #204 energy= -0.547319987079629 occ= 2
MO #205 energy= -0.546093320938307 occ= 2
MO #206 energy= -0.544918323151064 occ= 2
MO #207 energy= -0.542281989152402 occ= 2
MO #208 energy= -0.540141930870452 occ= 2
MO #209 energy= -0.538532662131353 occ= 2
MO #210 energy= -0.536523984140508 occ= 2
MO #211 energy= -0.530601782349474 occ= 2
MO #212 energy= -0.528860295071241 occ= 2
MO #213 energy= -0.527333195624964 occ= 2
MO #214 energy= -0.523562766997036 occ= 2
MO #215 energy= -0.516954186785385 occ= 2
MO #216 energy= -0.516559765138827 occ= 2
MO #217 energy= -0.513940866626984 occ= 2
MO #218 energy= -0.509810485635072 occ= 2
MO #219 energy= -0.505091402011298 occ= 2
MO #220 energy= -0.502940933608515 occ= 2
MO #221 energy= -0.50100276606117  occ= 2
MO #222 energy= -0.496344476602887 occ= 2
MO #223 energy= -0.4923916534942   occ= 2
MO #224 energy= -0.484236958984205 occ= 2
MO #225 energy= -0.483852151207071 occ= 2
MO #226 energy= -0.482346210398986 occ= 2
MO #227 energy= -0.481635388895745 occ= 2
MO #228 energy= -0.480271485232833 occ= 2
MO #229 energy= -0.480071757193054 occ= 2
MO #230 energy= -0.47855800678746  occ= 2
MO #231 energy= -0.477422291306264 occ= 2
MO #232 energy= -0.476417684664113 occ= 2
MO #233 energy= -0.475666019925932 occ= 2
MO #234 energy= -0.475207799456093 occ= 2
MO #235 energy= -0.475022542537363 occ= 2
MO #236 energy= -0.473880502210975 occ= 2
MO #237 energy= -0.4738290741689   occ= 2
MO #238 energy= -0.472770175325289 occ= 2
MO #239 energy= -0.472490687658832 occ= 2
MO #240 energy= -0.471730538585305 occ= 2
MO #241 energy= -0.471347866835118 occ= 2
MO #242 energy= -0.470802511890651 occ= 2
MO #243 energy= -0.470031455413433 occ= 2
MO #244 energy= -0.469517745719397 occ= 2
MO #245 energy= -0.46671572776868  occ= 2
MO #246 energy= -0.466370633957757 occ= 2
MO #247 energy= -0.462702273348604 occ= 2
MO #248 energy= -0.461082791929327 occ= 2
MO #249 energy= -0.4583334292297   occ= 2
MO #250 energy= -0.456043122597984 occ= 2
MO #251 energy= -0.450994964066476 occ= 2
MO #252 energy= -0.44823095479235  occ= 2
MO #253 energy= -0.447179470192275 occ= 2
MO #254 energy= -0.445751178296098 occ= 2
MO #255 energy= -0.443358951860827 occ= 2
MO #256 energy= -0.443348450574079 occ= 2
MO #257 energy= -0.441914951105304 occ= 2
MO #258 energy= -0.440480808615925 occ= 2
MO #259 energy= -0.439477835913523 occ= 2
MO #260 energy= -0.438239398124636 occ= 2
MO #261 energy= -0.436904784869667 occ= 2
MO #262 energy= -0.436618205831004 occ= 2
MO #263 energy= -0.435673607642204 occ= 2
MO #264 energy= -0.435155197950695 occ= 2
MO #265 energy= -0.435116019581106 occ= 2
MO #266 energy= -0.434441667542975 occ= 2
MO #267 energy= -0.434142301130946 occ= 2
MO #268 energy= -0.433098981841618 occ= 2
MO #269 energy= -0.431574458731391 occ= 2
MO #270 energy= -0.430403130149663 occ= 2
MO #271 energy= -0.428659251276982 occ= 2
MO #272 energy= -0.427454780943699 occ= 2
MO #273 energy= -0.427167548575472 occ= 2
MO #274 energy= -0.426606150122108 occ= 2
MO #275 energy= -0.425357348862401 occ= 2
MO #276 energy= -0.425146537052267 occ= 2
MO #277 energy= -0.423376141204541 occ= 2
MO #278 energy= -0.422125657180523 occ= 2
MO #279 energy= -0.421467971953417 occ= 2
MO #280 energy= -0.420652529418984 occ= 2
MO #281 energy= -0.420033178830036 occ= 2
MO #282 energy= -0.417934704064756 occ= 2
MO #283 energy= -0.416375959934688 occ= 2
MO #284 energy= -0.415768187996115 occ= 2
MO #285 energy= -0.41370450613117  occ= 2
MO #286 energy= -0.413426655784971 occ= 2
MO #287 energy= -0.412677595535405 occ= 2
MO #288 energy= -0.412493215096719 occ= 2
MO #289 energy= -0.412223853130703 occ= 2
MO #290 energy= -0.410971538559193 occ= 2
MO #291 energy= -0.410427726910768 occ= 2
MO #292 energy= -0.409472785873475 occ= 2
MO #293 energy= -0.409277914205949 occ= 2
MO #294 energy= -0.404696702303423 occ= 2
MO #295 energy= -0.402704789959339 occ= 2
MO #296 energy= -0.40218225161334  occ= 2
MO #297 energy= -0.400698419263606 occ= 2
MO #298 energy= -0.399921072209231 occ= 2
MO #299 energy= -0.396323571553647 occ= 2
MO #300 energy= -0.393089949879033 occ= 2
MO #301 energy= -0.392178830825818 occ= 2
MO #302 energy= -0.390463370547697 occ= 2
MO #303 energy= -0.386808196913164 occ= 2
MO #304 energy= -0.384292347906579 occ= 2
MO #305 energy= -0.382092365963922 occ= 2
MO #306 energy= -0.380133316991126 occ= 2
MO #307 energy= -0.378375539281039 occ= 2
MO #308 energy= -0.377534817393136 occ= 2
MO #309 energy= -0.374445780707104 occ= 2
MO #310 energy= -0.37175517575513  occ= 2
MO #311 energy= -0.36918747454743  occ= 2
MO #312 energy= -0.368214153782221 occ= 2
MO #313 energy= -0.36651897695973  occ= 2
MO #314 energy= -0.365318925832445 occ= 2
MO #315 energy= -0.35614384111382  occ= 2
MO #316 energy= -0.350889663085413 occ= 2
MO #317 energy= -0.347533364982361 occ= 2
MO #318 energy= -0.344152876476172 occ= 2
MO #319 energy= -0.325681072993703 occ= 2
MO #320 energy= -0.32399408010023  occ= 2
MO #321 energy= -0.319401141715266 occ= 2
MO #322 energy= -0.317198891619072 occ= 2
MO #323 energy= -0.315441886499056 occ= 2
MO #324 energy= -0.306577112269568 occ= 2
MO #325 energy= -0.303863687140688 occ= 2
MO #326 energy= -0.301277242778653 occ= 2
MO #327 energy= -0.299266884105414 occ= 2
MO #328 energy= -0.298768246428463 occ= 2
MO #329 energy= -0.297887905725385 occ= 2
MO #330 energy= -0.295028207413949 occ= 2
MO #331 energy= -0.278672366667597 occ= 2
MO #332 energy= -0.277590569942742 occ= 2
MO #333 energy= -0.259261726528027 occ= 2
MO #334 energy= -0.258121437302422 occ= 2
MO #335 energy= -0.255392086601515 occ= 2
MO #336 energy= -0.253434771523939 occ= 2
MO #337 energy= -0.242709301740226 occ= 2
MO #338 energy= -0.233695289872752 occ= 2
MO #339 energy= -0.0800364859263138 occ= 0
MO #340 energy= -0.0715103940380624 occ= 0
MO #341 energy= -0.0691411226498947 occ= 0
MO #342 energy= -0.0671673478460538 occ= 0
MO #343 energy= -0.0617543393396349 occ= 0
MO #344 energy= -0.0606056951811953 occ= 0
MO #345 energy= -0.0600738940726114 occ= 0
MO #346 energy= -0.0598495665319889 occ= 0
MO #347 energy= -0.057300642179051 occ= 0
MO #348 energy= -0.0556190146874769 occ= 0
MO #349 energy= -0.0442322141643474 occ= 0
MO #350 energy= -0.0407604825865042 occ= 0
MO #351 energy= -0.0151821514442258 occ= 0
MO #352 energy= -0.010183474639523 occ= 0
MO #353 energy= -0.00629100339314316 occ= 0
MO #354 energy= -0.00416475642808023 occ= 0
MO #355 energy= -0.00207793264930454 occ= 0
MO #356 energy= 0.0143968363462647 occ= 0
MO #357 energy= 0.0329161868479719 occ= 0
MO #358 energy= 0.0550321726003847 occ= 0
MO #359 energy= 0.0566766182017683 occ= 0
MO #360 energy= 0.0589256988788292 occ= 0
MO #361 energy= 0.0625978173987704 occ= 0
MO #362 energy= 0.0638738412098763 occ= 0
MO #363 energy= 0.0684943562224379 occ= 0
MO #364 energy= 0.0724256134515271 occ= 0
MO #365 energy= 0.0745311179611803 occ= 0
MO #366 energy= 0.076933738309568  occ= 0
MO #367 energy= 0.0775194138996105 occ= 0
MO #368 energy= 0.0810767338159036 occ= 0
MO #369 energy= 0.0842991462449246 occ= 0
MO #370 energy= 0.0867423950133741 occ= 0
MO #371 energy= 0.0899545068293325 occ= 0
MO #372 energy= 0.0914918411405017 occ= 0
MO #373 energy= 0.0939748675851275 occ= 0
MO #374 energy= 0.0954349235648593 occ= 0
MO #375 energy= 0.0964173711740428 occ= 0
MO #376 energy= 0.0974379541966822 occ= 0
MO #377 energy= 0.100268067732746  occ= 0
MO #378 energy= 0.108230304652578  occ= 0
MO #379 energy= 0.108638648139569  occ= 0
MO #380 energy= 0.11100837529965   occ= 0
MO #381 energy= 0.111986110500326  occ= 0
MO #382 energy= 0.116238776632586  occ= 0
MO #383 energy= 0.119839728865927  occ= 0
MO #384 energy= 0.121949057371506  occ= 0
MO #385 energy= 0.123641145570065  occ= 0
MO #386 energy= 0.124856514839092  occ= 0
MO #387 energy= 0.126135488112469  occ= 0
MO #388 energy= 0.127568185083414  occ= 0
MO #389 energy= 0.128223332912331  occ= 0
MO #390 energy= 0.130161342989977  occ= 0
MO #391 energy= 0.13367492205003   occ= 0
MO #392 energy= 0.135113170581366  occ= 0
MO #393 energy= 0.135808383414839  occ= 0
MO #394 energy= 0.140435473925235  occ= 0
MO #395 energy= 0.142598943020777  occ= 0
MO #396 energy= 0.144058166350795  occ= 0
MO #397 energy= 0.145436964577897  occ= 0
MO #398 energy= 0.147719114660644  occ= 0
MO #399 energy= 0.150475055835643  occ= 0
MO #400 energy= 0.154532178668797  occ= 0
MO #401 energy= 0.156383200963586  occ= 0
MO #402 energy= 0.157521265562583  occ= 0
MO #403 energy= 0.163457283901014  occ= 0
MO #404 energy= 0.166440143713792  occ= 0
MO #405 energy= 0.170933187859388  occ= 0
MO #406 energy= 0.179218065052971  occ= 0
MO #407 energy= 0.183469168653424  occ= 0
MO #408 energy= 0.19014829545076   occ= 0
MO #409 energy= 0.193490662819988  occ= 0
MO #410 energy= 0.195527092527649  occ= 0
MO #411 energy= 0.196652114296909  occ= 0
MO #412 energy= 0.197576410465332  occ= 0
MO #413 energy= 0.199030478796872  occ= 0
MO #414 energy= 0.199897553995676  occ= 0
MO #415 energy= 0.200797106503565  occ= 0
MO #416 energy= 0.20238251241568   occ= 0
MO #417 energy= 0.204024462619553  occ= 0
MO #418 energy= 0.204982239019211  occ= 0
MO #419 energy= 0.206580614103516  occ= 0
MO #420 energy= 0.208942861755917  occ= 0
MO #421 energy= 0.209890870593883  occ= 0
MO #422 energy= 0.21295680654654   occ= 0
MO #423 energy= 0.213434260431177  occ= 0
MO #424 energy= 0.217127041405395  occ= 0
MO #425 energy= 0.229701299265638  occ= 0
MO #426 energy= 0.232061745300904  occ= 0
MO #427 energy= 0.232842277702037  occ= 0
MO #428 energy= 0.233726466278011  occ= 0
MO #429 energy= 0.233804518727963  occ= 0
MO #430 energy= 0.236545580644965  occ= 0
MO #431 energy= 0.23868920230726   occ= 0
MO #432 energy= 0.243115507918664  occ= 0
MO #433 energy= 0.243571101006839  occ= 0
MO #434 energy= 0.245318133582149  occ= 0
MO #435 energy= 0.246623952581508  occ= 0
MO #436 energy= 0.248020868509378  occ= 0
MO #437 energy= 0.250027781445212  occ= 0
MO #438 energy= 0.250682822956028  occ= 0
MO #439 energy= 0.25118674797014   occ= 0
MO #440 energy= 0.256006390028667  occ= 0
MO #441 energy= 0.257682648035867  occ= 0
MO #442 energy= 0.258491074943533  occ= 0
MO #443 energy= 0.259429319684713  occ= 0
MO #444 energy= 0.261301564625026  occ= 0
MO #445 energy= 0.261327626693367  occ= 0
MO #446 energy= 0.262412295866381  occ= 0
MO #447 energy= 0.264373215739214  occ= 0
MO #448 energy= 0.266761161034514  occ= 0
MO #449 energy= 0.268338582824871  occ= 0
MO #450 energy= 0.268676324003212  occ= 0
MO #451 energy= 0.272805579344884  occ= 0
MO #452 energy= 0.273636233820884  occ= 0
MO #453 energy= 0.277142494249989  occ= 0
MO #454 energy= 0.277854938211036  occ= 0
MO #455 energy= 0.281126977295657  occ= 0
MO #456 energy= 0.284068495157341  occ= 0
MO #457 energy= 0.286461408372788  occ= 0
MO #458 energy= 0.290440630803902  occ= 0
MO #459 energy= 0.292427413896559  occ= 0
MO #460 energy= 0.293672320131911  occ= 0
MO #461 energy= 0.29509629183817   occ= 0
MO #462 energy= 0.297655182430986  occ= 0
MO #463 energy= 0.29904023251491   occ= 0
MO #464 energy= 0.302035980281715  occ= 0
MO #465 energy= 0.304001326171775  occ= 0
MO #466 energy= 0.305502850378392  occ= 0
MO #467 energy= 0.306123586726517  occ= 0
MO #468 energy= 0.31290527280497   occ= 0
MO #469 energy= 0.314342808169226  occ= 0
MO #470 energy= 0.316138481358447  occ= 0
MO #471 energy= 0.319936667403114  occ= 0
MO #472 energy= 0.320264993676318  occ= 0
MO #473 energy= 0.321352445461632  occ= 0
MO #474 energy= 0.324051044805594  occ= 0
MO #475 energy= 0.326581742620707  occ= 0
MO #476 energy= 0.327297712875504  occ= 0
MO #477 energy= 0.330009638816389  occ= 0
MO #478 energy= 0.332778158085309  occ= 0
MO #479 energy= 0.334606565940254  occ= 0
MO #480 energy= 0.334858363358049  occ= 0
MO #481 energy= 0.337449286570566  occ= 0
MO #482 energy= 0.338301537984361  occ= 0
MO #483 energy= 0.338734787296981  occ= 0
MO #484 energy= 0.340293886895548  occ= 0
MO #485 energy= 0.343014564421922  occ= 0
MO #486 energy= 0.344622304537163  occ= 0
MO #487 energy= 0.346660794457053  occ= 0
MO #488 energy= 0.35034705161602   occ= 0
MO #489 energy= 0.351699430221264  occ= 0
MO #490 energy= 0.353287529065996  occ= 0
MO #491 energy= 0.35618571885437   occ= 0
MO #492 energy= 0.359554260863363  occ= 0
MO #493 energy= 0.359783223644855  occ= 0
MO #494 energy= 0.36024692829379   occ= 0
MO #495 energy= 0.364103477110851  occ= 0
MO #496 energy= 0.366128723260011  occ= 0
MO #497 energy= 0.366389064298519  occ= 0
MO #498 energy= 0.369042727068069  occ= 0
MO #499 energy= 0.369636083341043  occ= 0
MO #500 energy= 0.373740210951639  occ= 0
MO #501 energy= 0.375263082897966  occ= 0
MO #502 energy= 0.377991459740467  occ= 0
MO #503 energy= 0.379304794271168  occ= 0
MO #504 energy= 0.380440111082421  occ= 0
MO #505 energy= 0.386689297654077  occ= 0
MO #506 energy= 0.386996505107942  occ= 0
MO #507 energy= 0.393797476253966  occ= 0
MO #508 energy= 0.400356487213783  occ= 0
MO #509 energy= 0.401108046127632  occ= 0
MO #510 energy= 0.403679274606498  occ= 0
MO #511 energy= 0.407984306716683  occ= 0
MO #512 energy= 0.410042527488997  occ= 0
MO #513 energy= 0.413902597392699  occ= 0
MO #514 energy= 0.415388668772524  occ= 0
MO #515 energy= 0.417695592733925  occ= 0
MO #516 energy= 0.41925909311116   occ= 0
MO #517 energy= 0.421374559254414  occ= 0
MO #518 energy= 0.422488240940764  occ= 0
MO #519 energy= 0.424565982429792  occ= 0
MO #520 energy= 0.427272974186026  occ= 0
MO #521 energy= 0.429608437459071  occ= 0
MO #522 energy= 0.43251289557615   occ= 0
MO #523 energy= 0.434652760750913  occ= 0
MO #524 energy= 0.43669761359494   occ= 0
MO #525 energy= 0.441336927007939  occ= 0
MO #526 energy= 0.445598978886235  occ= 0
MO #527 energy= 0.447169100190595  occ= 0
MO #528 energy= 0.451380330424575  occ= 0
MO #529 energy= 0.452622376936269  occ= 0
MO #530 energy= 0.454337866148297  occ= 0
MO #531 energy= 0.454638675781774  occ= 0
MO #532 energy= 0.456811460629462  occ= 0
MO #533 energy= 0.457724195363083  occ= 0
MO #534 energy= 0.457754925620785  occ= 0
MO #535 energy= 0.458989282050876  occ= 0
MO #536 energy= 0.4604945342762    occ= 0
MO #537 energy= 0.461415796398833  occ= 0
MO #538 energy= 0.462358232920103  occ= 0
MO #539 energy= 0.463716503109451  occ= 0
MO #540 energy= 0.465108719976793  occ= 0
MO #541 energy= 0.466689139995211  occ= 0
MO #542 energy= 0.467617684060446  occ= 0
MO #543 energy= 0.46855078195546   occ= 0
MO #544 energy= 0.471024626066046  occ= 0
MO #545 energy= 0.472660069294719  occ= 0
MO #546 energy= 0.474027277686029  occ= 0
MO #547 energy= 0.475586274173185  occ= 0
MO #548 energy= 0.477009555250566  occ= 0
MO #549 energy= 0.479325802502135  occ= 0
MO #550 energy= 0.480365139544986  occ= 0
MO #551 energy= 0.48088956504609   occ= 0
MO #552 energy= 0.483523973531499  occ= 0
MO #553 energy= 0.485816900703798  occ= 0
MO #554 energy= 0.489318181281109  occ= 0
MO #555 energy= 0.489790111591531  occ= 0
MO #556 energy= 0.492408715170752  occ= 0
MO #557 energy= 0.493935660620513  occ= 0
MO #558 energy= 0.497578949711798  occ= 0
MO #559 energy= 0.503171257452891  occ= 0
MO #560 energy= 0.504151326985247  occ= 0
MO #561 energy= 0.506326554365709  occ= 0
MO #562 energy= 0.507143518595789  occ= 0
MO #563 energy= 0.513028247859491  occ= 0
MO #564 energy= 0.515182914454036  occ= 0
MO #565 energy= 0.518291019607551  occ= 0
MO #566 energy= 0.519302104712885  occ= 0
MO #567 energy= 0.520263697807914  occ= 0
MO #568 energy= 0.522179292116632  occ= 0
MO #569 energy= 0.524598708443146  occ= 0
MO #570 energy= 0.530464212332399  occ= 0
MO #571 energy= 0.535388937486788  occ= 0
MO #572 energy= 0.536456955393883  occ= 0
MO #573 energy= 0.539341720571581  occ= 0
MO #574 energy= 0.540976575656626  occ= 0
MO #575 energy= 0.545507295905023  occ= 0
MO #576 energy= 0.548233746228367  occ= 0
MO #577 energy= 0.548713436236187  occ= 0
MO #578 energy= 0.552200475531947  occ= 0
MO #579 energy= 0.560305157295222  occ= 0
MO #580 energy= 0.561832279598359  occ= 0
MO #581 energy= 0.562533341798373  occ= 0
MO #582 energy= 0.568465885986864  occ= 0
MO #583 energy= 0.569170879701185  occ= 0
MO #584 energy= 0.572907594139008  occ= 0
MO #585 energy= 0.575032484830266  occ= 0
MO #586 energy= 0.577730245728868  occ= 0
MO #587 energy= 0.584443995079182  occ= 0
MO #588 energy= 0.585419990803589  occ= 0
MO #589 energy= 0.58755802997881   occ= 0
MO #590 energy= 0.588239502037845  occ= 0
MO #591 energy= 0.591271794758039  occ= 0
MO #592 energy= 0.594286151160367  occ= 0
MO #593 energy= 0.597793505893432  occ= 0
MO #594 energy= 0.59901239930971   occ= 0
MO #595 energy= 0.600815375309777  occ= 0
MO #596 energy= 0.602785157473471  occ= 0
MO #597 energy= 0.607400851064404  occ= 0
MO #598 energy= 0.608221528237869  occ= 0
MO #599 energy= 0.611348929448986  occ= 0
MO #600 energy= 0.612699845619505  occ= 0
MO #601 energy= 0.613855445768228  occ= 0
MO #602 energy= 0.617744510335454  occ= 0
MO #603 energy= 0.61831719208141   occ= 0
MO #604 energy= 0.622263152194073  occ= 0
MO #605 energy= 0.623924647054249  occ= 0
MO #606 energy= 0.625232840849192  occ= 0
MO #607 energy= 0.627692931987186  occ= 0
MO #608 energy= 0.628932817139554  occ= 0
MO #609 energy= 0.630195733877768  occ= 0
MO #610 energy= 0.631097907957143  occ= 0
MO #611 energy= 0.633712738636375  occ= 0
MO #612 energy= 0.63447530111871   occ= 0
MO #613 energy= 0.635163968992703  occ= 0
MO #614 energy= 0.637215113919866  occ= 0
MO #615 energy= 0.638840026863646  occ= 0
MO #616 energy= 0.640943463113576  occ= 0
MO #617 energy= 0.642359269297756  occ= 0
MO #618 energy= 0.643150349993018  occ= 0
MO #619 energy= 0.646824465882392  occ= 0
MO #620 energy= 0.648304471661336  occ= 0
MO #621 energy= 0.648880296436683  occ= 0
MO #622 energy= 0.650996144456455  occ= 0
MO #623 energy= 0.651247913292538  occ= 0
MO #624 energy= 0.653087560218618  occ= 0
MO #625 energy= 0.654897625276742  occ= 0
MO #626 energy= 0.657532220475699  occ= 0
MO #627 energy= 0.659876385949468  occ= 0
MO #628 energy= 0.660146665665266  occ= 0
MO #629 energy= 0.662443327722526  occ= 0
MO #630 energy= 0.66495519845994   occ= 0
MO #631 energy= 0.667071413828856  occ= 0
MO #632 energy= 0.668042956164919  occ= 0
MO #633 energy= 0.669420117482707  occ= 0
MO #634 energy= 0.672404592799316  occ= 0
MO #635 energy= 0.672835168062518  occ= 0
MO #636 energy= 0.674550178024135  occ= 0
MO #637 energy= 0.676324283839824  occ= 0
MO #638 energy= 0.676576389005236  occ= 0
MO #639 energy= 0.678572225564413  occ= 0
MO #640 energy= 0.679257596342804  occ= 0
MO #641 energy= 0.680823001033432  occ= 0
MO #642 energy= 0.681781970829647  occ= 0
MO #643 energy= 0.683059969108907  occ= 0
MO #644 energy= 0.684860412871581  occ= 0
MO #645 energy= 0.688423811667954  occ= 0
MO #646 energy= 0.690377430840921  occ= 0
MO #647 energy= 0.691854768350869  occ= 0
MO #648 energy= 0.695933111206371  occ= 0
MO #649 energy= 0.697311336762989  occ= 0
MO #650 energy= 0.698772565075402  occ= 0
MO #651 energy= 0.700124209922356  occ= 0
MO #652 energy= 0.702380440784747  occ= 0
MO #653 energy= 0.704428396989886  occ= 0
MO #654 energy= 0.706855810139333  occ= 0
MO #655 energy= 0.709695948093085  occ= 0
MO #656 energy= 0.711544258784138  occ= 0
MO #657 energy= 0.713787009928711  occ= 0
MO #658 energy= 0.715567155354902  occ= 0
MO #659 energy= 0.717692251104025  occ= 0
MO #660 energy= 0.722948061533294  occ= 0
MO #661 energy= 0.725983647215842  occ= 0
MO #662 energy= 0.728979961670076  occ= 0
MO #663 energy= 0.730960232250926  occ= 0
MO #664 energy= 0.7338698400074    occ= 0
MO #665 energy= 0.734765228966153  occ= 0
MO #666 energy= 0.737542708230093  occ= 0
MO #667 energy= 0.738241226090619  occ= 0
MO #668 energy= 0.739150195974832  occ= 0
MO #669 energy= 0.74588633236017   occ= 0
MO #670 energy= 0.748685906393622  occ= 0
MO #671 energy= 0.751124904665651  occ= 0
MO #672 energy= 0.753796054254317  occ= 0
MO #673 energy= 0.756818897965877  occ= 0
MO #674 energy= 0.758763433271537  occ= 0
MO #675 energy= 0.760713854831649  occ= 0
MO #676 energy= 0.761592449315095  occ= 0
MO #677 energy= 0.765261843399148  occ= 0
MO #678 energy= 0.771279439312947  occ= 0
MO #679 energy= 0.772431981680667  occ= 0
MO #680 energy= 0.776046209413464  occ= 0
MO #681 energy= 0.778734937822144  occ= 0
MO #682 energy= 0.781540858568515  occ= 0
MO #683 energy= 0.785672994902897  occ= 0
MO #684 energy= 0.789430698756312  occ= 0
MO #685 energy= 0.79124634165974   occ= 0
MO #686 energy= 0.792351638278468  occ= 0
MO #687 energy= 0.794733411654795  occ= 0
MO #688 energy= 0.796864055590909  occ= 0
MO #689 energy= 0.800564639455744  occ= 0
MO #690 energy= 0.802910752173656  occ= 0
MO #691 energy= 0.804933735726666  occ= 0
MO #692 energy= 0.807951823597252  occ= 0
MO #693 energy= 0.810934658213907  occ= 0
MO #694 energy= 0.816447516816406  occ= 0
MO #695 energy= 0.818510063016642  occ= 0
MO #696 energy= 0.823411526216987  occ= 0
MO #697 energy= 0.826722776378583  occ= 0
MO #698 energy= 0.828018458397058  occ= 0
MO #699 energy= 0.830271928484037  occ= 0
MO #700 energy= 0.833425928082288  occ= 0
MO #701 energy= 0.838315007381533  occ= 0
MO #702 energy= 0.839875953731541  occ= 0
MO #703 energy= 0.845678715055351  occ= 0
MO #704 energy= 0.849073908802238  occ= 0
MO #705 energy= 0.851669384637452  occ= 0
MO #706 energy= 0.853447137708049  occ= 0
MO #707 energy= 0.859081798082909  occ= 0
MO #708 energy= 0.860852472321488  occ= 0
MO #709 energy= 0.869239355387246  occ= 0
MO #710 energy= 0.871718045967238  occ= 0
MO #711 energy= 0.881086549461011  occ= 0
MO #712 energy= 0.883697447730191  occ= 0
MO #713 energy= 0.885581062660853  occ= 0
MO #714 energy= 0.887502236170789  occ= 0
MO #715 energy= 0.894374689289979  occ= 0
MO #716 energy= 0.896268783810279  occ= 0
MO #717 energy= 0.905922477378054  occ= 0
MO #718 energy= 0.914678825933621  occ= 0
MO #719 energy= 0.919548119342113  occ= 0
MO #720 energy= 0.921362941856484  occ= 0
MO #721 energy= 0.92808942550359   occ= 0
MO #722 energy= 0.929909348137462  occ= 0
MO #723 energy= 0.934488020202405  occ= 0
MO #724 energy= 0.940278477415044  occ= 0
MO #725 energy= 0.944225907891069  occ= 0
MO #726 energy= 0.945629858641717  occ= 0
MO #727 energy= 0.950563881922181  occ= 0
MO #728 energy= 0.957281225717432  occ= 0
MO #729 energy= 0.959505106689466  occ= 0
MO #730 energy= 0.962579135555412  occ= 0
MO #731 energy= 0.96716549255908   occ= 0
MO #732 energy= 0.971566150308281  occ= 0
MO #733 energy= 0.97625436343001   occ= 0
MO #734 energy= 0.983396154289867  occ= 0
MO #735 energy= 0.990258616040803  occ= 0
MO #736 energy= 0.992541952816018  occ= 0
MO #737 energy= 0.995870124667218  occ= 0
MO #738 energy= 1.0083101966396    occ= 0
MO #739 energy= 1.009873444551     occ= 0
MO #740 energy= 1.01701848709896   occ= 0
MO #741 energy= 1.02450623248258   occ= 0
MO #742 energy= 1.03259946039078   occ= 0
MO #743 energy= 1.03296842725147   occ= 0
MO #744 energy= 1.04173690195243   occ= 0
MO #745 energy= 1.04409671616177   occ= 0
MO #746 energy= 1.05091875179383   occ= 0
MO #747 energy= 1.05575575213529   occ= 0
MO #748 energy= 1.05710819615745   occ= 0
MO #749 energy= 1.06548163286714   occ= 0
MO #750 energy= 1.07074430561366   occ= 0
MO #751 energy= 1.07408018728796   occ= 0
MO #752 energy= 1.07579782922495   occ= 0
MO #753 energy= 1.07875107607701   occ= 0
MO #754 energy= 1.08319504816474   occ= 0
MO #755 energy= 1.08536430468701   occ= 0
MO #756 energy= 1.08708110071399   occ= 0
MO #757 energy= 1.08838545028179   occ= 0
MO #758 energy= 1.09082798580475   occ= 0
MO #759 energy= 1.09233872271621   occ= 0
MO #760 energy= 1.09329400907143   occ= 0
MO #761 energy= 1.09461988238604   occ= 0
MO #762 energy= 1.095861699771     occ= 0
MO #763 energy= 1.09685594689202   occ= 0
MO #764 energy= 1.09721813328011   occ= 0
MO #765 energy= 1.10116300417975   occ= 0
MO #766 energy= 1.10281338041171   occ= 0
MO #767 energy= 1.10331605183081   occ= 0
MO #768 energy= 1.10468461246392   occ= 0
MO #769 energy= 1.10781020447083   occ= 0
MO #770 energy= 1.10858336641554   occ= 0
MO #771 energy= 1.1095546664471    occ= 0
MO #772 energy= 1.1120780064025    occ= 0
MO #773 energy= 1.11441414184279   occ= 0
MO #774 energy= 1.11649983120059   occ= 0
MO #775 energy= 1.11853589526127   occ= 0
MO #776 energy= 1.12143980755676   occ= 0
MO #777 energy= 1.12324473306574   occ= 0
MO #778 energy= 1.1247082691094    occ= 0
MO #779 energy= 1.12756429885749   occ= 0
MO #780 energy= 1.12989546125858   occ= 0
MO #781 energy= 1.13067132317563   occ= 0
MO #782 energy= 1.13429653584842   occ= 0
MO #783 energy= 1.13488838366218   occ= 0
MO #784 energy= 1.13724943607855   occ= 0
MO #785 energy= 1.14101096702868   occ= 0
MO #786 energy= 1.1423356624435    occ= 0
MO #787 energy= 1.14388453372673   occ= 0
MO #788 energy= 1.14849682663004   occ= 0
MO #789 energy= 1.15125110703001   occ= 0
MO #790 energy= 1.15379089333409   occ= 0
MO #791 energy= 1.15633614680045   occ= 0
MO #792 energy= 1.15871344756215   occ= 0
MO #793 energy= 1.16255631961902   occ= 0
MO #794 energy= 1.16658453421988   occ= 0
MO #795 energy= 1.16794131287551   occ= 0
MO #796 energy= 1.17557471172037   occ= 0
MO #797 energy= 1.1826033644555    occ= 0
MO #798 energy= 1.18540958132803   occ= 0
MO #799 energy= 1.18712934958369   occ= 0
MO #800 energy= 1.19175990811715   occ= 0
MO #801 energy= 1.19510245213542   occ= 0
MO #802 energy= 1.20416303976616   occ= 0
MO #803 energy= 1.2056992108526    occ= 0
MO #804 energy= 1.21015470154772   occ= 0
MO #805 energy= 1.21796256822594   occ= 0
MO #806 energy= 1.22139902227834   occ= 0
MO #807 energy= 1.22299393005474   occ= 0
MO #808 energy= 1.22556623994785   occ= 0
MO #809 energy= 1.22851987001943   occ= 0
MO #810 energy= 1.23364554030551   occ= 0
MO #811 energy= 1.2351472367224    occ= 0
MO #812 energy= 1.24143553540303   occ= 0
MO #813 energy= 1.24232020772442   occ= 0
MO #814 energy= 1.24417658467421   occ= 0
MO #815 energy= 1.24482148860524   occ= 0
MO #816 energy= 1.24832126320822   occ= 0
MO #817 energy= 1.2504137159457    occ= 0
MO #818 energy= 1.25126509266339   occ= 0
MO #819 energy= 1.2528051505664    occ= 0
MO #820 energy= 1.25678993133559   occ= 0
MO #821 energy= 1.25760339306004   occ= 0
MO #822 energy= 1.26023194590773   occ= 0
MO #823 energy= 1.26322731698992   occ= 0
MO #824 energy= 1.2648142128395    occ= 0
MO #825 energy= 1.26774679819638   occ= 0
MO #826 energy= 1.26863116920519   occ= 0
MO #827 energy= 1.27212524760271   occ= 0
MO #828 energy= 1.27369036213567   occ= 0
MO #829 energy= 1.27541194490001   occ= 0
MO #830 energy= 1.27643155549172   occ= 0
MO #831 energy= 1.27947814900882   occ= 0
MO #832 energy= 1.28221710632077   occ= 0
MO #833 energy= 1.28448379839474   occ= 0
MO #834 energy= 1.28828037772267   occ= 0
MO #835 energy= 1.29104615666961   occ= 0
MO #836 energy= 1.29366835663696   occ= 0
MO #837 energy= 1.29864413353027   occ= 0
MO #838 energy= 1.30134638693089   occ= 0
MO #839 energy= 1.3035134599829    occ= 0
MO #840 energy= 1.30657702042157   occ= 0
MO #841 energy= 1.30807374052514   occ= 0
MO #842 energy= 1.30851936862953   occ= 0
MO #843 energy= 1.31009385378058   occ= 0
MO #844 energy= 1.31146509177665   occ= 0
MO #845 energy= 1.31238664181637   occ= 0
MO #846 energy= 1.31540242633565   occ= 0
MO #847 energy= 1.31669979990543   occ= 0
MO #848 energy= 1.32033244100888   occ= 0
MO #849 energy= 1.32485243270246   occ= 0
MO #850 energy= 1.32723204531029   occ= 0
MO #851 energy= 1.32866443106751   occ= 0
MO #852 energy= 1.33598984404612   occ= 0
MO #853 energy= 1.33782169594025   occ= 0
MO #854 energy= 1.3400088483199    occ= 0
MO #855 energy= 1.34133335782358   occ= 0
MO #856 energy= 1.34256401702906   occ= 0
MO #857 energy= 1.34579453925317   occ= 0
MO #858 energy= 1.34870148240721   occ= 0
MO #859 energy= 1.34986393701153   occ= 0
MO #860 energy= 1.35275909389072   occ= 0
MO #861 energy= 1.35404798377234   occ= 0
MO #862 energy= 1.35537967870471   occ= 0
MO #863 energy= 1.35648974688351   occ= 0
MO #864 energy= 1.35904854403126   occ= 0
MO #865 energy= 1.3595304732724    occ= 0
MO #866 energy= 1.36247902240567   occ= 0
MO #867 energy= 1.36622174680776   occ= 0
MO #868 energy= 1.36680386673788   occ= 0
MO #869 energy= 1.3701563850161    occ= 0
MO #870 energy= 1.37559175499496   occ= 0
MO #871 energy= 1.37986839770795   occ= 0
MO #872 energy= 1.38166660952694   occ= 0
MO #873 energy= 1.38485763845551   occ= 0
MO #874 energy= 1.38887224760307   occ= 0
MO #875 energy= 1.39399582099352   occ= 0
MO #876 energy= 1.39958088412924   occ= 0
MO #877 energy= 1.40897241807335   occ= 0
MO #878 energy= 1.41171649378065   occ= 0
MO #879 energy= 1.41788015986163   occ= 0
MO #880 energy= 1.43223034092174   occ= 0
MO #881 energy= 1.4364218598436    occ= 0
MO #882 energy= 1.4392318158874    occ= 0
MO #883 energy= 1.44320950799424   occ= 0
MO #884 energy= 1.44376471000937   occ= 0
MO #885 energy= 1.44418310246784   occ= 0
MO #886 energy= 1.4461089961069    occ= 0
MO #887 energy= 1.44857075025829   occ= 0
MO #888 energy= 1.45170827895869   occ= 0
MO #889 energy= 1.45515073471338   occ= 0
MO #890 energy= 1.45773815462697   occ= 0
MO #891 energy= 1.45846910263448   occ= 0
MO #892 energy= 1.46027382358826   occ= 0
MO #893 energy= 1.46035290559963   occ= 0
MO #894 energy= 1.46184854340598   occ= 0
MO #895 energy= 1.46301568100715   occ= 0
MO #896 energy= 1.4711549218246    occ= 0
MO #897 energy= 1.47458119394264   occ= 0
MO #898 energy= 1.47551220056264   occ= 0
MO #899 energy= 1.47710010714174   occ= 0
MO #900 energy= 1.47931880400412   occ= 0
MO #901 energy= 1.48455393402213   occ= 0
MO #902 energy= 1.48902325177503   occ= 0
MO #903 energy= 1.49090846787414   occ= 0
MO #904 energy= 1.49308955985589   occ= 0
MO #905 energy= 1.49418462714397   occ= 0
MO #906 energy= 1.4969589997914    occ= 0
MO #907 energy= 1.50255436891756   occ= 0
MO #908 energy= 1.5033817964492    occ= 0
MO #909 energy= 1.51311052535908   occ= 0
MO #910 energy= 1.51627730361939   occ= 0
MO #911 energy= 1.5186031974023    occ= 0
MO #912 energy= 1.52151878252786   occ= 0
MO #913 energy= 1.52355008585244   occ= 0
MO #914 energy= 1.52608465552686   occ= 0
MO #915 energy= 1.52771188442214   occ= 0
MO #916 energy= 1.5322121056156    occ= 0
MO #917 energy= 1.53525661550917   occ= 0
MO #918 energy= 1.5457165098693    occ= 0
MO #919 energy= 1.54799714370931   occ= 0
MO #920 energy= 1.55854533530916   occ= 0
MO #921 energy= 1.5631885622546    occ= 0
MO #922 energy= 1.56878789379339   occ= 0
MO #923 energy= 1.58101000705528   occ= 0
MO #924 energy= 1.58266579450671   occ= 0
MO #925 energy= 1.58850431330709   occ= 0
MO #926 energy= 1.59682502155875   occ= 0
MO #927 energy= 1.59939874957567   occ= 0
MO #928 energy= 1.60649774029103   occ= 0
MO #929 energy= 1.60827935530095   occ= 0
MO #930 energy= 1.61364074672225   occ= 0
MO #931 energy= 1.61587175631958   occ= 0
MO #932 energy= 1.61969582589653   occ= 0
MO #933 energy= 1.6221958694201    occ= 0
MO #934 energy= 1.62877909350341   occ= 0
MO #935 energy= 1.63345023706414   occ= 0
MO #936 energy= 1.63484250121208   occ= 0
MO #937 energy= 1.63672069526819   occ= 0
MO #938 energy= 1.63913412791875   occ= 0
MO #939 energy= 1.64079364819781   occ= 0
MO #940 energy= 1.64275829167508   occ= 0
MO #941 energy= 1.64619813523031   occ= 0
MO #942 energy= 1.64785204667316   occ= 0
MO #943 energy= 1.65302634594604   occ= 0
MO #944 energy= 1.65361787080015   occ= 0
MO #945 energy= 1.65637357207523   occ= 0
MO #946 energy= 1.65970459632392   occ= 0
MO #947 energy= 1.66278811155023   occ= 0
MO #948 energy= 1.66296099990892   occ= 0
MO #949 energy= 1.66820624371506   occ= 0
MO #950 energy= 1.67115492958905   occ= 0
MO #951 energy= 1.67358480505859   occ= 0
MO #952 energy= 1.67908846809642   occ= 0
MO #953 energy= 1.68039497799502   occ= 0
MO #954 energy= 1.68291074030248   occ= 0
MO #955 energy= 1.68658666286947   occ= 0
MO #956 energy= 1.68937866633468   occ= 0
MO #957 energy= 1.69240447234077   occ= 0
MO #958 energy= 1.69411433963241   occ= 0
MO #959 energy= 1.69674214825414   occ= 0
MO #960 energy= 1.69764320586791   occ= 0
MO #961 energy= 1.70005743806979   occ= 0
MO #962 energy= 1.70250746717046   occ= 0
MO #963 energy= 1.70378205482191   occ= 0
MO #964 energy= 1.70510043755501   occ= 0
MO #965 energy= 1.70735090049617   occ= 0
MO #966 energy= 1.70818167710023   occ= 0
MO #967 energy= 1.70868304423295   occ= 0
MO #968 energy= 1.71115169738177   occ= 0
MO #969 energy= 1.71305406521924   occ= 0
MO #970 energy= 1.71471313140304   occ= 0
MO #971 energy= 1.71615486120492   occ= 0
MO #972 energy= 1.71716567793597   occ= 0
MO #973 energy= 1.71871534108551   occ= 0
MO #974 energy= 1.72128101482767   occ= 0
MO #975 energy= 1.72210218850872   occ= 0
MO #976 energy= 1.7265276086957    occ= 0
MO #977 energy= 1.72789544624507   occ= 0
MO #978 energy= 1.72886514469981   occ= 0
MO #979 energy= 1.73127699682811   occ= 0
MO #980 energy= 1.73248257689056   occ= 0
MO #981 energy= 1.73323510478261   occ= 0
MO #982 energy= 1.73497920136416   occ= 0
MO #983 energy= 1.73663222442171   occ= 0
MO #984 energy= 1.73760123959708   occ= 0
MO #985 energy= 1.73930996547396   occ= 0
MO #986 energy= 1.74113566939191   occ= 0
MO #987 energy= 1.74252737852088   occ= 0
MO #988 energy= 1.74705485955244   occ= 0
MO #989 energy= 1.74779809855401   occ= 0
MO #990 energy= 1.75129283510266   occ= 0
MO #991 energy= 1.75397185968747   occ= 0
MO #992 energy= 1.75609216660777   occ= 0
MO #993 energy= 1.75662675438264   occ= 0
MO #994 energy= 1.76190262395169   occ= 0
MO #995 energy= 1.76340893592653   occ= 0
MO #996 energy= 1.76710983095028   occ= 0
MO #997 energy= 1.77208736100883   occ= 0
MO #998 energy= 1.77306092306803   occ= 0
MO #999 energy= 1.77604884396828   occ= 0
MO #1000 energy= 1.78002892641763   occ= 0
MO #1001 energy= 1.78387128137583   occ= 0
MO #1002 energy= 1.78569110036087   occ= 0
MO #1003 energy= 1.78949072535784   occ= 0
MO #1004 energy= 1.79701661220462   occ= 0
MO #1005 energy= 1.80177514898703   occ= 0
MO #1006 energy= 1.80496883739516   occ= 0
MO #1007 energy= 1.81109256770327   occ= 0
MO #1008 energy= 1.81330270085537   occ= 0
MO #1009 energy= 1.8153710138766    occ= 0
MO #1010 energy= 1.8163234793997    occ= 0
MO #1011 energy= 1.82203484855555   occ= 0
MO #1012 energy= 1.82424682692465   occ= 0
MO #1013 energy= 1.83168253316061   occ= 0
MO #1014 energy= 1.8330068726582    occ= 0
MO #1015 energy= 1.8353743800894    occ= 0
MO #1016 energy= 1.83842440031236   occ= 0
MO #1017 energy= 1.8407674527352    occ= 0
MO #1018 energy= 1.84328428360308   occ= 0
MO #1019 energy= 1.84463230332172   occ= 0
MO #1020 energy= 1.85160060057913   occ= 0
MO #1021 energy= 1.85318268911225   occ= 0
MO #1022 energy= 1.85768479129446   occ= 0
MO #1023 energy= 1.85898190473841   occ= 0
MO #1024 energy= 1.85949137186024   occ= 0
MO #1025 energy= 1.86303419655896   occ= 0
MO #1026 energy= 1.86366661414887   occ= 0
MO #1027 energy= 1.86455907961018   occ= 0
MO #1028 energy= 1.86683419532702   occ= 0
MO #1029 energy= 1.87012542167496   occ= 0
MO #1030 energy= 1.87310871397424   occ= 0
MO #1031 energy= 1.87638820519369   occ= 0
MO #1032 energy= 1.87768016995585   occ= 0
MO #1033 energy= 1.8795542848704    occ= 0
MO #1034 energy= 1.88334091673864   occ= 0
MO #1035 energy= 1.88529096163456   occ= 0
MO #1036 energy= 1.88639374786607   occ= 0
MO #1037 energy= 1.89144842419782   occ= 0
MO #1038 energy= 1.89257069925352   occ= 0
MO #1039 energy= 1.89398920740249   occ= 0
MO #1040 energy= 1.89664910271911   occ= 0
MO #1041 energy= 1.89880139775977   occ= 0
MO #1042 energy= 1.9023738773715    occ= 0
MO #1043 energy= 1.90552613629908   occ= 0
MO #1044 energy= 1.90894920394985   occ= 0
MO #1045 energy= 1.91135053824302   occ= 0
MO #1046 energy= 1.91306053958711   occ= 0
MO #1047 energy= 1.91550703196771   occ= 0
MO #1048 energy= 1.91657876699889   occ= 0
MO #1049 energy= 1.91807676025081   occ= 0
MO #1050 energy= 1.9200148278252    occ= 0
MO #1051 energy= 1.92591696104115   occ= 0
MO #1052 energy= 1.9274834654745    occ= 0
MO #1053 energy= 1.92880308449938   occ= 0
MO #1054 energy= 1.93015556761022   occ= 0
MO #1055 energy= 1.9330753657189    occ= 0
MO #1056 energy= 1.9354827180478    occ= 0
MO #1057 energy= 1.93984724616827   occ= 0
MO #1058 energy= 1.94147271570195   occ= 0
MO #1059 energy= 1.94334802597982   occ= 0
MO #1060 energy= 1.94432261750925   occ= 0
MO #1061 energy= 1.94581745314517   occ= 0
MO #1062 energy= 1.94980813988761   occ= 0
MO #1063 energy= 1.9503199863054    occ= 0
MO #1064 energy= 1.95296371110885   occ= 0
MO #1065 energy= 1.95574983493343   occ= 0
MO #1066 energy= 1.96282588643183   occ= 0
MO #1067 energy= 1.96524704526368   occ= 0
MO #1068 energy= 1.96569145797948   occ= 0
MO #1069 energy= 1.97149053007683   occ= 0
MO #1070 energy= 1.97587745166566   occ= 0
MO #1071 energy= 1.98194139077203   occ= 0
MO #1072 energy= 1.98288131826788   occ= 0
MO #1073 energy= 1.98956479899807   occ= 0
MO #1074 energy= 1.99376245615995   occ= 0
MO #1075 energy= 1.99659115470271   occ= 0
MO #1076 energy= 2.00361889631307   occ= 0
MO #1077 energy= 2.00496671153841   occ= 0
MO #1078 energy= 2.00980992454844   occ= 0
MO #1079 energy= 2.01099033939788   occ= 0
MO #1080 energy= 2.01620346243813   occ= 0
MO #1081 energy= 2.02385917590078   occ= 0
MO #1082 energy= 2.02900384011275   occ= 0
MO #1083 energy= 2.02951027096508   occ= 0
MO #1084 energy= 2.03468772361691   occ= 0
MO #1085 energy= 2.03668925797011   occ= 0
MO #1086 energy= 2.03882668805478   occ= 0
MO #1087 energy= 2.04193760997772   occ= 0
MO #1088 energy= 2.04314199674659   occ= 0
MO #1089 energy= 2.04536911790849   occ= 0
MO #1090 energy= 2.04998488282417   occ= 0
MO #1091 energy= 2.05187784300955   occ= 0
MO #1092 energy= 2.05357592337217   occ= 0
MO #1093 energy= 2.0558385318134    occ= 0
MO #1094 energy= 2.0582654123267    occ= 0
MO #1095 energy= 2.06163165911127   occ= 0
MO #1096 energy= 2.06453228571365   occ= 0
MO #1097 energy= 2.06887859975132   occ= 0
MO #1098 energy= 2.07020084274979   occ= 0
MO #1099 energy= 2.07885364865883   occ= 0
MO #1100 energy= 2.0811906581556    occ= 0
MO #1101 energy= 2.0843480973464    occ= 0
MO #1102 energy= 2.08903300543736   occ= 0
MO #1103 energy= 2.09034014395128   occ= 0
MO #1104 energy= 2.09092693054885   occ= 0
MO #1105 energy= 2.09231920401543   occ= 0
MO #1106 energy= 2.09432352558282   occ= 0
MO #1107 energy= 2.10583710412329   occ= 0
MO #1108 energy= 2.10689070267454   occ= 0
MO #1109 energy= 2.11688348634949   occ= 0
MO #1110 energy= 2.11737608291064   occ= 0
MO #1111 energy= 2.12485412934504   occ= 0
MO #1112 energy= 2.12813173137741   occ= 0
MO #1113 energy= 2.13055928758449   occ= 0
MO #1114 energy= 2.13121856135305   occ= 0
MO #1115 energy= 2.13386322400299   occ= 0
MO #1116 energy= 2.13713385058828   occ= 0
MO #1117 energy= 2.13879078343015   occ= 0
MO #1118 energy= 2.14279199018004   occ= 0
MO #1119 energy= 2.14513170985099   occ= 0
MO #1120 energy= 2.14666798227809   occ= 0
MO #1121 energy= 2.14824016448375   occ= 0
MO #1122 energy= 2.15034850777328   occ= 0
MO #1123 energy= 2.1535035863999    occ= 0
MO #1124 energy= 2.15596763900624   occ= 0
MO #1125 energy= 2.15658920129214   occ= 0
MO #1126 energy= 2.16157235553311   occ= 0
MO #1127 energy= 2.16384741338362   occ= 0
MO #1128 energy= 2.16656991747544   occ= 0
MO #1129 energy= 2.16883734063094   occ= 0
MO #1130 energy= 2.17677948564627   occ= 0
MO #1131 energy= 2.18110181018257   occ= 0
MO #1132 energy= 2.18222240606362   occ= 0
MO #1133 energy= 2.18535881414882   occ= 0
MO #1134 energy= 2.18964294651469   occ= 0
MO #1135 energy= 2.19257346186529   occ= 0
MO #1136 energy= 2.19879829048448   occ= 0
MO #1137 energy= 2.2013863782642    occ= 0
MO #1138 energy= 2.20578623551187   occ= 0
MO #1139 energy= 2.21125573553226   occ= 0
MO #1140 energy= 2.21320170470587   occ= 0
MO #1141 energy= 2.21598986259926   occ= 0
MO #1142 energy= 2.21685415809536   occ= 0
MO #1143 energy= 2.22465661108      occ= 0
MO #1144 energy= 2.23102462067171   occ= 0
MO #1145 energy= 2.23133487519121   occ= 0
MO #1146 energy= 2.23453260455411   occ= 0
MO #1147 energy= 2.24199886367615   occ= 0
MO #1148 energy= 2.24389921701018   occ= 0
MO #1149 energy= 2.2512015225535    occ= 0
MO #1150 energy= 2.25611958999701   occ= 0
MO #1151 energy= 2.25741270055789   occ= 0
MO #1152 energy= 2.26322282500273   occ= 0
MO #1153 energy= 2.26366715834889   occ= 0
MO #1154 energy= 2.2666681891649    occ= 0
MO #1155 energy= 2.27056593901629   occ= 0
MO #1156 energy= 2.27258165634027   occ= 0
MO #1157 energy= 2.27333698206956   occ= 0
MO #1158 energy= 2.27681744859258   occ= 0
MO #1159 energy= 2.27884235022161   occ= 0
MO #1160 energy= 2.28221343942966   occ= 0
MO #1161 energy= 2.28843954633234   occ= 0
MO #1162 energy= 2.29094618990701   occ= 0
MO #1163 energy= 2.29913183095093   occ= 0
MO #1164 energy= 2.29970734760505   occ= 0
MO #1165 energy= 2.30168397499597   occ= 0
MO #1166 energy= 2.30247846015992   occ= 0
MO #1167 energy= 2.30378436939251   occ= 0
MO #1168 energy= 2.30523663148829   occ= 0
MO #1169 energy= 2.3068955041392    occ= 0
MO #1170 energy= 2.30838898101733   occ= 0
MO #1171 energy= 2.3088665363585    occ= 0
MO #1172 energy= 2.3124583884161    occ= 0
MO #1173 energy= 2.31365453622861   occ= 0
MO #1174 energy= 2.31913390979149   occ= 0
MO #1175 energy= 2.32205619283096   occ= 0
MO #1176 energy= 2.32540464234097   occ= 0
MO #1177 energy= 2.33011706651841   occ= 0
MO #1178 energy= 2.33708001189048   occ= 0
MO #1179 energy= 2.34017657402832   occ= 0
MO #1180 energy= 2.34418217625595   occ= 0
MO #1181 energy= 2.35667181781003   occ= 0
MO #1182 energy= 2.35927365779901   occ= 0
MO #1183 energy= 2.36747226285127   occ= 0
MO #1184 energy= 2.37016491007049   occ= 0
MO #1185 energy= 2.37334664582254   occ= 0
MO #1186 energy= 2.3782336153964    occ= 0
MO #1187 energy= 2.38212929610726   occ= 0
MO #1188 energy= 2.38591782412937   occ= 0
MO #1189 energy= 2.39312541560759   occ= 0
MO #1190 energy= 2.40736200000615   occ= 0
MO #1191 energy= 2.41049403321353   occ= 0
MO #1192 energy= 2.42338254761669   occ= 0
MO #1193 energy= 2.450750437247     occ= 0
MO #1194 energy= 2.45931855144688   occ= 0
MO #1195 energy= 2.46240027877099   occ= 0
MO #1196 energy= 2.4652929619577    occ= 0
MO #1197 energy= 2.46616195516735   occ= 0
MO #1198 energy= 2.46809895077526   occ= 0
MO #1199 energy= 2.46902363302815   occ= 0
MO #1200 energy= 2.47096742256516   occ= 0
MO #1201 energy= 2.47637260198241   occ= 0
MO #1202 energy= 2.47705571459529   occ= 0
MO #1203 energy= 2.4847336742893    occ= 0
MO #1204 energy= 2.49171327503888   occ= 0
MO #1205 energy= 2.49746206082203   occ= 0
MO #1206 energy= 2.4982005248519    occ= 0
MO #1207 energy= 2.52145673917488   occ= 0
MO #1208 energy= 2.52718721331823   occ= 0
MO #1209 energy= 2.52941596110245   occ= 0
MO #1210 energy= 2.53304688643879   occ= 0
MO #1211 energy= 2.54206481856838   occ= 0
MO #1212 energy= 2.54396245247725   occ= 0
MO #1213 energy= 2.55359778124576   occ= 0
MO #1214 energy= 2.55743373538718   occ= 0
MO #1215 energy= 2.56568452337843   occ= 0
MO #1216 energy= 2.57077478590951   occ= 0
MO #1217 energy= 2.57376092130071   occ= 0
MO #1218 energy= 2.5879968214765    occ= 0
MO #1219 energy= 2.59275252390884   occ= 0
MO #1220 energy= 2.59597331082918   occ= 0
MO #1221 energy= 2.59981566895093   occ= 0
MO #1222 energy= 2.60323335612073   occ= 0
MO #1223 energy= 2.6078443099505    occ= 0
MO #1224 energy= 2.60973884686614   occ= 0
MO #1225 energy= 2.61865355437685   occ= 0
MO #1226 energy= 2.61942672576957   occ= 0
MO #1227 energy= 2.62860707523213   occ= 0
MO #1228 energy= 2.62935537794886   occ= 0
MO #1229 energy= 2.63162439861364   occ= 0
MO #1230 energy= 2.63362059313821   occ= 0
MO #1231 energy= 2.63613015763619   occ= 0
MO #1232 energy= 2.63910181320809   occ= 0
MO #1233 energy= 2.64149096704183   occ= 0
MO #1234 energy= 2.6427067301952    occ= 0
MO #1235 energy= 2.6453562310377    occ= 0
MO #1236 energy= 2.64632980728235   occ= 0
MO #1237 energy= 2.6477585298419    occ= 0
MO #1238 energy= 2.64995135174566   occ= 0
MO #1239 energy= 2.65612448075455   occ= 0
MO #1240 energy= 2.65876296787832   occ= 0
MO #1241 energy= 2.66908629109835   occ= 0
MO #1242 energy= 2.67133866181571   occ= 0
MO #1243 energy= 2.67910295882402   occ= 0
MO #1244 energy= 2.68307892829569   occ= 0
MO #1245 energy= 2.68834993383575   occ= 0
MO #1246 energy= 2.69011828671427   occ= 0
MO #1247 energy= 2.6945178396183    occ= 0
MO #1248 energy= 2.69783148760106   occ= 0
MO #1249 energy= 2.70474368795222   occ= 0
MO #1250 energy= 2.70638584353133   occ= 0
MO #1251 energy= 2.71795237848143   occ= 0
MO #1252 energy= 2.72423048947073   occ= 0
MO #1253 energy= 2.74363778603428   occ= 0
MO #1254 energy= 2.74521729887458   occ= 0
MO #1255 energy= 2.74933016004894   occ= 0
MO #1256 energy= 2.75133327895471   occ= 0
MO #1257 energy= 2.75622713426704   occ= 0
MO #1258 energy= 2.7629296622576    occ= 0
MO #1259 energy= 2.7726107238402    occ= 0
MO #1260 energy= 2.78022455166039   occ= 0
MO #1261 energy= 2.79014287499833   occ= 0
MO #1262 energy= 2.79167475052951   occ= 0
MO #1263 energy= 2.79425859847712   occ= 0
MO #1264 energy= 2.79459849678446   occ= 0
MO #1265 energy= 2.7964799738026    occ= 0
MO #1266 energy= 2.80311690813569   occ= 0
MO #1267 energy= 2.82476452751565   occ= 0
MO #1268 energy= 2.83412048362181   occ= 0
MO #1269 energy= 2.84250522476379   occ= 0
MO #1270 energy= 2.84637113002423   occ= 0
MO #1271 energy= 2.85014379236462   occ= 0
MO #1272 energy= 2.85587299738158   occ= 0
MO #1273 energy= 2.85669255053521   occ= 0
MO #1274 energy= 2.86451340074484   occ= 0
MO #1275 energy= 2.8707178497519    occ= 0
MO #1276 energy= 2.87544438532748   occ= 0
MO #1277 energy= 2.88226902748831   occ= 0
MO #1278 energy= 2.88513548542609   occ= 0
MO #1279 energy= 2.90409513405097   occ= 0
MO #1280 energy= 2.90558808802273   occ= 0
MO #1281 energy= 2.90742190709533   occ= 0
MO #1282 energy= 2.91324837491917   occ= 0
MO #1283 energy= 2.92788657292105   occ= 0
MO #1284 energy= 2.94045277863809   occ= 0
MO #1285 energy= 2.94440033780393   occ= 0
MO #1286 energy= 2.96337915422194   occ= 0
MO #1287 energy= 2.96919569315514   occ= 0
MO #1288 energy= 2.97430492916701   occ= 0
MO #1289 energy= 2.97719247530725   occ= 0
MO #1290 energy= 2.9780422533489    occ= 0
MO #1291 energy= 2.98174680688189   occ= 0
MO #1292 energy= 2.98573652621769   occ= 0
MO #1293 energy= 2.99272553512737   occ= 0
MO #1294 energy= 2.99466494253899   occ= 0
MO #1295 energy= 2.99548460547103   occ= 0
MO #1296 energy= 2.99790665854228   occ= 0
MO #1297 energy= 2.99910970817228   occ= 0
MO #1298 energy= 3.00213717581993   occ= 0
MO #1299 energy= 3.00314735782839   occ= 0
MO #1300 energy= 3.00389460795386   occ= 0
MO #1301 energy= 3.00436727491069   occ= 0
MO #1302 energy= 3.00467269023487   occ= 0
MO #1303 energy= 3.00891767342489   occ= 0
MO #1304 energy= 3.00923842804745   occ= 0
MO #1305 energy= 3.00955874827341   occ= 0
MO #1306 energy= 3.02683791693287   occ= 0
MO #1307 energy= 3.02785586045078   occ= 0
MO #1308 energy= 3.02806591714538   occ= 0
MO #1309 energy= 3.031012598273     occ= 0
MO #1310 energy= 3.0313651913619    occ= 0
MO #1311 energy= 3.03327168106542   occ= 0
MO #1312 energy= 3.0333986235335    occ= 0
MO #1313 energy= 3.03355820806048   occ= 0
MO #1314 energy= 3.03496854512522   occ= 0
MO #1315 energy= 3.03519512410559   occ= 0
MO #1316 energy= 3.03653140914383   occ= 0
MO #1317 energy= 3.03705894340474   occ= 0
MO #1318 energy= 3.03738537170062   occ= 0
MO #1319 energy= 3.03775105361115   occ= 0
MO #1320 energy= 3.03867440662138   occ= 0
MO #1321 energy= 3.04074603259605   occ= 0
MO #1322 energy= 3.04190637955452   occ= 0
MO #1323 energy= 3.04225707967274   occ= 0
MO #1324 energy= 3.04330922804035   occ= 0
MO #1325 energy= 3.0447825367688    occ= 0
MO #1326 energy= 3.04503279303131   occ= 0
MO #1327 energy= 3.04708335891151   occ= 0
MO #1328 energy= 3.04788506220683   occ= 0
MO #1329 energy= 3.04857821029621   occ= 0
MO #1330 energy= 3.04963190481892   occ= 0
MO #1331 energy= 3.05042348244597   occ= 0
MO #1332 energy= 3.05116203197595   occ= 0
MO #1333 energy= 3.05176964079419   occ= 0
MO #1334 energy= 3.05195944012907   occ= 0
MO #1335 energy= 3.05411565472446   occ= 0
MO #1336 energy= 3.0543563754959    occ= 0
MO #1337 energy= 3.05534314590918   occ= 0
MO #1338 energy= 3.05586092209698   occ= 0
MO #1339 energy= 3.05679961699847   occ= 0
MO #1340 energy= 3.0589714685576    occ= 0
MO #1341 energy= 3.05984323610508   occ= 0
MO #1342 energy= 3.06132570455518   occ= 0
MO #1343 energy= 3.06272892817146   occ= 0
MO #1344 energy= 3.06639666819149   occ= 0
MO #1345 energy= 3.0701202463182    occ= 0
MO #1346 energy= 3.07099138697841   occ= 0
MO #1347 energy= 3.07214440027954   occ= 0
MO #1348 energy= 3.07361330466599   occ= 0
MO #1349 energy= 3.07385393016      occ= 0
MO #1350 energy= 3.07480829226601   occ= 0
MO #1351 energy= 3.07698609661897   occ= 0
MO #1352 energy= 3.08183754739395   occ= 0
MO #1353 energy= 3.09076404337809   occ= 0
MO #1354 energy= 3.09440931064409   occ= 0
MO #1355 energy= 3.09506976533638   occ= 0
MO #1356 energy= 3.10159126940391   occ= 0
MO #1357 energy= 3.10456582070206   occ= 0
MO #1358 energy= 3.12879459047871   occ= 0
MO #1359 energy= 3.1292734303935    occ= 0
MO #1360 energy= 3.13291121457931   occ= 0
MO #1361 energy= 3.13547636548986   occ= 0
MO #1362 energy= 3.137058490177     occ= 0
MO #1363 energy= 3.1540694032145    occ= 0
MO #1364 energy= 3.15630188067657   occ= 0
MO #1365 energy= 3.16050730570941   occ= 0
MO #1366 energy= 3.16078707854189   occ= 0
MO #1367 energy= 3.16300348540699   occ= 0
MO #1368 energy= 3.16586230752692   occ= 0
MO #1369 energy= 3.16785156591234   occ= 0
MO #1370 energy= 3.16947728576473   occ= 0
MO #1371 energy= 3.16983803613065   occ= 0
MO #1372 energy= 3.17032484817055   occ= 0
MO #1373 energy= 3.17067727630572   occ= 0
MO #1374 energy= 3.17450372547356   occ= 0
MO #1375 energy= 3.17474692690767   occ= 0
MO #1376 energy= 3.1846188185047    occ= 0
MO #1377 energy= 3.20923164347452   occ= 0
MO #1378 energy= 3.20974868951348   occ= 0
MO #1379 energy= 3.21121874380111   occ= 0
MO #1380 energy= 3.21237493257408   occ= 0
MO #1381 energy= 3.21317693103378   occ= 0
MO #1382 energy= 3.22448447107906   occ= 0
MO #1383 energy= 3.24125828219654   occ= 0
MO #1384 energy= 3.25987916784475   occ= 0
MO #1385 energy= 3.27692098094041   occ= 0
MO #1386 energy= 3.27793488591116   occ= 0
MO #1387 energy= 3.30821635101715   occ= 0
MO #1388 energy= 3.33839164130749   occ= 0
MO #1389 energy= 3.34961499720871   occ= 0
MO #1390 energy= 3.35691496961783   occ= 0
MO #1391 energy= 3.38643757311286   occ= 0
MO #1392 energy= 3.39347252088457   occ= 0
MO #1393 energy= 3.39816014454867   occ= 0
MO #1394 energy= 3.40630587620928   occ= 0
MO #1395 energy= 3.40771639744679   occ= 0
MO #1396 energy= 3.42473383895841   occ= 0
MO #1397 energy= 3.43207204788551   occ= 0
MO #1398 energy= 3.43495214369989   occ= 0
MO #1399 energy= 3.43504637219531   occ= 0
MO #1400 energy= 3.43874639327869   occ= 0
MO #1401 energy= 3.48400802584683   occ= 0
MO #1402 energy= 3.48732885986291   occ= 0
MO #1403 energy= 3.51109076475919   occ= 0
MO #1404 energy= 3.51718393936844   occ= 0
MO #1405 energy= 3.52026503936181   occ= 0
MO #1406 energy= 3.5222070367819    occ= 0
MO #1407 energy= 3.52368963831301   occ= 0
MO #1408 energy= 3.52525755586761   occ= 0
MO #1409 energy= 3.52702012585689   occ= 0
MO #1410 energy= 3.52896149380592   occ= 0
MO #1411 energy= 3.54959862312205   occ= 0
MO #1412 energy= 3.55485768058837   occ= 0
MO #1413 energy= 3.55884692745569   occ= 0
MO #1414 energy= 3.57331632526393   occ= 0
MO #1415 energy= 3.57371387784979   occ= 0
MO #1416 energy= 3.5780806219924    occ= 0
MO #1417 energy= 3.58085892201639   occ= 0
MO #1418 energy= 3.58222073473028   occ= 0
MO #1419 energy= 3.58226178339852   occ= 0
MO #1420 energy= 3.58308472746201   occ= 0
MO #1421 energy= 3.58313910361797   occ= 0
MO #1422 energy= 3.58562673886025   occ= 0
MO #1423 energy= 3.62431855729218   occ= 0
MO #1424 energy= 3.62826086438011   occ= 0
MO #1425 energy= 3.6476017039995    occ= 0
MO #1426 energy= 3.65103879569722   occ= 0
MO #1427 energy= 3.6527347612683    occ= 0
MO #1428 energy= 3.65449153185877   occ= 0
MO #1429 energy= 3.65543438608728   occ= 0
MO #1430 energy= 3.67019706870697   occ= 0
MO #1431 energy= 3.67088285109435   occ= 0
MO #1432 energy= 3.67418035390215   occ= 0
MO #1433 energy= 3.68515786786603   occ= 0
MO #1434 energy= 3.69788462981016   occ= 0
MO #1435 energy= 3.76407857291497   occ= 0
MO #1436 energy= 3.82697002529888   occ= 0
MO #1437 energy= 3.8338557601279    occ= 0
MO #1438 energy= 3.83590195298065   occ= 0
MO #1439 energy= 3.83606007155355   occ= 0
MO #1440 energy= 3.83693962710549   occ= 0
MO #1441 energy= 3.83867785195151   occ= 0
MO #1442 energy= 3.83882595648208   occ= 0
MO #1443 energy= 3.83970833302572   occ= 0
MO #1444 energy= 3.86095648004589   occ= 0
MO #1445 energy= 3.86149274206385   occ= 0
MO #1446 energy= 3.86363184384557   occ= 0
MO #1447 energy= 3.86371959253639   occ= 0
MO #1448 energy= 3.88640765411834   occ= 0
MO #1449 energy= 3.88722107485256   occ= 0
MO #1450 energy= 3.8899755317388    occ= 0
MO #1451 energy= 3.89024115253296   occ= 0
 ** Mulliken atomic charges  **
charge of  0O =     -0.77350
charge of  1P =      1.75087
charge of  2O =     -0.65574
charge of  3O =     -0.53954
charge of  4C =      0.17411
charge of  5C =     -0.01240
charge of  6C =      0.01747
charge of  7C =     -0.10005
charge of  8C =      0.01327
charge of  9C =      0.02385
charge of  10C =     -0.09239
charge of  11C =     -0.02601
charge of  12C =      0.74813
charge of  13F =     -0.26009
charge of  14F =     -0.26389
charge of  15F =     -0.26746
charge of  16C =     -0.09302
charge of  17C =     -0.02541
charge of  18C =      0.74823
charge of  19F =     -0.26506
charge of  20F =     -0.26217
charge of  21F =     -0.26386
charge of  22C =     -0.08954
charge of  23C =     -0.10921
charge of  24C =      0.01123
charge of  25C =      0.02719
charge of  26C =     -0.09047
charge of  27C =     -0.02410
charge of  28C =      0.74835
charge of  29F =     -0.26311
charge of  30F =     -0.26679
charge of  31F =     -0.25964
charge of  32C =     -0.09335
charge of  33C =     -0.02701
charge of  34C =      0.74961
charge of  35F =     -0.27374
charge of  36F =     -0.25499
charge of  37F =     -0.26349
charge of  38C =     -0.08552
charge of  39C =     -0.10221
charge of  40C =     -0.09953
charge of  41C =      0.00960
charge of  42C =      0.00394
charge of  43C =     -0.10429
charge of  44C =     -0.09398
charge of  45C =     -0.09789
charge of  46C =     -0.09928
charge of  47C =     -0.02578
charge of  48C =     -0.02597
charge of  49C =      0.18122
charge of  50O =     -0.53011
charge of  51C =     -0.01181
charge of  52C =      0.01882
charge of  53C =     -0.11072
charge of  54C =      0.00871
charge of  55C =      0.02316
charge of  56C =     -0.09094
charge of  57C =     -0.02523
charge of  58C =      0.74824
charge of  59F =     -0.26648
charge of  60F =     -0.26480
charge of  61F =     -0.25954
charge of  62C =     -0.09369
charge of  63C =     -0.02512
charge of  64C =      0.74827
charge of  65F =     -0.26376
charge of  66F =     -0.25961
charge of  67F =     -0.26651
charge of  68C =     -0.09147
charge of  69C =     -0.11547
charge of  70C =      0.01057
charge of  71C =      0.02323
charge of  72C =     -0.08984
charge of  73C =     -0.02544
charge of  74C =      0.74824
charge of  75F =     -0.26619
charge of  76F =     -0.26393
charge of  77F =     -0.25973
charge of  78C =     -0.09298
charge of  79C =     -0.02816
charge of  80C =      0.75034
charge of  81F =     -0.27710
charge of  82F =     -0.25894
charge of  83F =     -0.25150
charge of  84C =     -0.08908
charge of  85C =     -0.10554
charge of  86C =     -0.09979
charge of  87C =      0.00801
charge of  88C =      0.00428
charge of  89C =     -0.10238
charge of  90C =     -0.09490
charge of  91C =     -0.09805
charge of  92C =     -0.10010
charge of  93H =      0.35223
charge of  94H =      0.10561
charge of  95H =      0.11731
charge of  96H =      0.12778
charge of  97H =      0.12244
charge of  98H =      0.10622
charge of  99H =      0.11886
charge of  100H =      0.12874
charge of  101H =      0.10562
charge of  102H =      0.11233
charge of  103H =      0.10789
charge of  104H =      0.11246
charge of  105H =      0.10757
charge of  106H =      0.10748
charge of  107H =      0.10357
charge of  108H =      0.10530
charge of  109H =      0.11828
charge of  110H =      0.12884
charge of  111H =      0.11772
charge of  112H =      0.10581
charge of  113H =      0.11764
charge of  114H =      0.12924
charge of  115H =      0.11699
charge of  116H =      0.11556
charge of  117H =      0.10820
charge of  118H =      0.11179
charge of  119H =      0.10779
charge of  120H =      0.10745
charge of  121H =      0.10374
Dipole moment(X, Y, Z, Debye):  3.26758,  3.09880,  6.44973
def2-svp b3lyp 521.908225774765
