/public3/home/scg5914/software-scg5914/LSW/1/data/data2/std_data/def2svp_b3lyp/imine_1.xyz
converged SCF energy = -1588.00198682959
**** MO energy ****
MO #1   energy= -101.522750501126  occ= 2
MO #2   energy= -101.521047184973  occ= 2
MO #3   energy= -19.1173117014334  occ= 2
MO #4   energy= -14.3227334736407  occ= 2
MO #5   energy= -10.2847504040268  occ= 2
MO #6   energy= -10.2693933063832  occ= 2
MO #7   energy= -10.2680088633254  occ= 2
MO #8   energy= -10.2487380222047  occ= 2
MO #9   energy= -10.2199091963056  occ= 2
MO #10  energy= -10.2194153932477  occ= 2
MO #11  energy= -10.2165942984919  occ= 2
MO #12  energy= -10.214995031948   occ= 2
MO #13  energy= -10.1955096588375  occ= 2
MO #14  energy= -10.1914117262185  occ= 2
MO #15  energy= -10.1910283917675  occ= 2
MO #16  energy= -10.1905124414287  occ= 2
MO #17  energy= -10.1902791198077  occ= 2
MO #18  energy= -10.1900660857828  occ= 2
MO #19  energy= -9.47805822327818  occ= 2
MO #20  energy= -9.47659403356459  occ= 2
MO #21  energy= -7.2469952042104   occ= 2
MO #22  energy= -7.2455307873988   occ= 2
MO #23  energy= -7.23708171043253  occ= 2
MO #24  energy= -7.23663437368943  occ= 2
MO #25  energy= -7.23572124155193  occ= 2
MO #26  energy= -7.23506295381212  occ= 2
MO #27  energy= -1.03919717114305  occ= 2
MO #28  energy= -0.931326733126445 occ= 2
MO #29  energy= -0.913607452342536 occ= 2
MO #30  energy= -0.892814949123054 occ= 2
MO #31  energy= -0.859524342639258 occ= 2
MO #32  energy= -0.840940275989669 occ= 2
MO #33  energy= -0.776603788271203 occ= 2
MO #34  energy= -0.760898117849012 occ= 2
MO #35  energy= -0.752567406111608 occ= 2
MO #36  energy= -0.746099650170584 occ= 2
MO #37  energy= -0.676824452463407 occ= 2
MO #38  energy= -0.643249375421147 occ= 2
MO #39  energy= -0.623794671312426 occ= 2
MO #40  energy= -0.607743341922045 occ= 2
MO #41  energy= -0.589849726584737 occ= 2
MO #42  energy= -0.557761546511003 occ= 2
MO #43  energy= -0.539867411836249 occ= 2
MO #44  energy= -0.521922827050251 occ= 2
MO #45  energy= -0.497864372437263 occ= 2
MO #46  energy= -0.48192888502845  occ= 2
MO #47  energy= -0.476726110952774 occ= 2
MO #48  energy= -0.464291444887785 occ= 2
MO #49  energy= -0.456400750620246 occ= 2
MO #50  energy= -0.450341783323891 occ= 2
MO #51  energy= -0.443206516531836 occ= 2
MO #52  energy= -0.43599768424431  occ= 2
MO #53  energy= -0.433509020432701 occ= 2
MO #54  energy= -0.427965922993958 occ= 2
MO #55  energy= -0.427343869262771 occ= 2
MO #56  energy= -0.39986277884886  occ= 2
MO #57  energy= -0.390130732757751 occ= 2
MO #58  energy= -0.385133768087288 occ= 2
MO #59  energy= -0.372223198526499 occ= 2
MO #60  energy= -0.363184901128107 occ= 2
MO #61  energy= -0.3505624046325   occ= 2
MO #62  energy= -0.348686363504738 occ= 2
MO #63  energy= -0.331725972649118 occ= 2
MO #64  energy= -0.324982453846227 occ= 2
MO #65  energy= -0.320543091882504 occ= 2
MO #66  energy= -0.291696465652026 occ= 2
MO #67  energy= -0.275052778215341 occ= 2
MO #68  energy= -0.264805323861733 occ= 2
MO #69  energy= -0.261286081082133 occ= 2
MO #70  energy= -0.256259205669092 occ= 2
MO #71  energy= -0.252576305274451 occ= 2
MO #72  energy= -0.0988610850810111 occ= 0
MO #73  energy= -0.0408441984638177 occ= 0
MO #74  energy= -0.0356036473584986 occ= 0
MO #75  energy= -0.00918455011822597 occ= 0
MO #76  energy= 0.0157603551166494 occ= 0
MO #77  energy= 0.0193865247498141 occ= 0
MO #78  energy= 0.0640750711649793 occ= 0
MO #79  energy= 0.0686572148193705 occ= 0
MO #80  energy= 0.0775287376222709 occ= 0
MO #81  energy= 0.0864284291615918 occ= 0
MO #82  energy= 0.107745218879563  occ= 0
MO #83  energy= 0.116791723610435  occ= 0
MO #84  energy= 0.117881009686072  occ= 0
MO #85  energy= 0.134896353672324  occ= 0
MO #86  energy= 0.138869745669083  occ= 0
MO #87  energy= 0.14198726603068   occ= 0
MO #88  energy= 0.15919046073522   occ= 0
MO #89  energy= 0.173558784922527  occ= 0
MO #90  energy= 0.208275538005946  occ= 0
MO #91  energy= 0.221005805084071  occ= 0
MO #92  energy= 0.236434539421756  occ= 0
MO #93  energy= 0.250794520239087  occ= 0
MO #94  energy= 0.258156375743862  occ= 0
MO #95  energy= 0.270825862317606  occ= 0
MO #96  energy= 0.278568781305028  occ= 0
MO #97  energy= 0.280775020124466  occ= 0
MO #98  energy= 0.293767217031972  occ= 0
MO #99  energy= 0.29603351672631   occ= 0
MO #100 energy= 0.299248343758038  occ= 0
MO #101 energy= 0.318357321169947  occ= 0
MO #102 energy= 0.329646602647814  occ= 0
MO #103 energy= 0.33748905759002   occ= 0
MO #104 energy= 0.344825192502598  occ= 0
MO #105 energy= 0.367800755019489  occ= 0
MO #106 energy= 0.371029654322816  occ= 0
MO #107 energy= 0.379492550435039  occ= 0
MO #108 energy= 0.39236276951249   occ= 0
MO #109 energy= 0.411096693980253  occ= 0
MO #110 energy= 0.411652603418708  occ= 0
MO #111 energy= 0.425585863629036  occ= 0
MO #112 energy= 0.43034801842024   occ= 0
MO #113 energy= 0.434345999320928  occ= 0
MO #114 energy= 0.443784113880711  occ= 0
MO #115 energy= 0.449946513092152  occ= 0
MO #116 energy= 0.46069589709653   occ= 0
MO #117 energy= 0.468716444745776  occ= 0
MO #118 energy= 0.470378776626956  occ= 0
MO #119 energy= 0.477359590851237  occ= 0
MO #120 energy= 0.48339600808405   occ= 0
MO #121 energy= 0.4949975150503    occ= 0
MO #122 energy= 0.505289812236105  occ= 0
MO #123 energy= 0.508018206145555  occ= 0
MO #124 energy= 0.517893280039394  occ= 0
MO #125 energy= 0.530059112125658  occ= 0
MO #126 energy= 0.532166934307122  occ= 0
MO #127 energy= 0.551296880589663  occ= 0
MO #128 energy= 0.56782105245604   occ= 0
MO #129 energy= 0.575804140739784  occ= 0
MO #130 energy= 0.581936787827901  occ= 0
MO #131 energy= 0.583768020906377  occ= 0
MO #132 energy= 0.596186320164992  occ= 0
MO #133 energy= 0.596745429796185  occ= 0
MO #134 energy= 0.609418322882488  occ= 0
MO #135 energy= 0.611860463610873  occ= 0
MO #136 energy= 0.637568819792251  occ= 0
MO #137 energy= 0.639217420501929  occ= 0
MO #138 energy= 0.644087532320457  occ= 0
MO #139 energy= 0.650995844311044  occ= 0
MO #140 energy= 0.6547498500658    occ= 0
MO #141 energy= 0.659605859072525  occ= 0
MO #142 energy= 0.676840197792811  occ= 0
MO #143 energy= 0.677121937608058  occ= 0
MO #144 energy= 0.680758162627315  occ= 0
MO #145 energy= 0.690584435592082  occ= 0
MO #146 energy= 0.701606115379761  occ= 0
MO #147 energy= 0.708892390513867  occ= 0
MO #148 energy= 0.711744642534097  occ= 0
MO #149 energy= 0.714957774256636  occ= 0
MO #150 energy= 0.724481667502609  occ= 0
MO #151 energy= 0.731018019920952  occ= 0
MO #152 energy= 0.736001557035044  occ= 0
MO #153 energy= 0.748601870343286  occ= 0
MO #154 energy= 0.749851758813157  occ= 0
MO #155 energy= 0.763771600112192  occ= 0
MO #156 energy= 0.764457175514635  occ= 0
MO #157 energy= 0.772190031314809  occ= 0
MO #158 energy= 0.773567503663282  occ= 0
MO #159 energy= 0.788525307983395  occ= 0
MO #160 energy= 0.796952450230727  occ= 0
MO #161 energy= 0.797375781724727  occ= 0
MO #162 energy= 0.801333493444921  occ= 0
MO #163 energy= 0.819561924755381  occ= 0
MO #164 energy= 0.828943969788989  occ= 0
MO #165 energy= 0.834165678131017  occ= 0
MO #166 energy= 0.853322940263964  occ= 0
MO #167 energy= 0.860972847049433  occ= 0
MO #168 energy= 0.877839790969137  occ= 0
MO #169 energy= 0.883086537335518  occ= 0
MO #170 energy= 0.891679149549028  occ= 0
MO #171 energy= 0.909233089373184  occ= 0
MO #172 energy= 0.910025199911021  occ= 0
MO #173 energy= 0.94723871017864   occ= 0
MO #174 energy= 0.951887402790019  occ= 0
MO #175 energy= 1.01961732987197   occ= 0
MO #176 energy= 1.03435583097205   occ= 0
MO #177 energy= 1.049980823882     occ= 0
MO #178 energy= 1.05666700051156   occ= 0
MO #179 energy= 1.07130181467008   occ= 0
MO #180 energy= 1.07250863802992   occ= 0
MO #181 energy= 1.09413708617192   occ= 0
MO #182 energy= 1.1078020881818    occ= 0
MO #183 energy= 1.13439391543264   occ= 0
MO #184 energy= 1.18235392754635   occ= 0
MO #185 energy= 1.18427795876501   occ= 0
MO #186 energy= 1.20226890935895   occ= 0
MO #187 energy= 1.20668147139601   occ= 0
MO #188 energy= 1.20673917454396   occ= 0
MO #189 energy= 1.22390866349058   occ= 0
MO #190 energy= 1.23571515295349   occ= 0
MO #191 energy= 1.2417052612382    occ= 0
MO #192 energy= 1.24464973059578   occ= 0
MO #193 energy= 1.25336124402797   occ= 0
MO #194 energy= 1.25385869663678   occ= 0
MO #195 energy= 1.26045692186069   occ= 0
MO #196 energy= 1.27534633011097   occ= 0
MO #197 energy= 1.27955833870385   occ= 0
MO #198 energy= 1.29180771949547   occ= 0
MO #199 energy= 1.30271291647562   occ= 0
MO #200 energy= 1.30813821151521   occ= 0
MO #201 energy= 1.32015430838635   occ= 0
MO #202 energy= 1.34046022161603   occ= 0
MO #203 energy= 1.35408809084364   occ= 0
MO #204 energy= 1.37370570637374   occ= 0
MO #205 energy= 1.41554355011155   occ= 0
MO #206 energy= 1.44375130654972   occ= 0
MO #207 energy= 1.44991787607117   occ= 0
MO #208 energy= 1.50580066068498   occ= 0
MO #209 energy= 1.53317571264303   occ= 0
MO #210 energy= 1.55103691735121   occ= 0
MO #211 energy= 1.59546893611361   occ= 0
MO #212 energy= 1.6195274334148    occ= 0
MO #213 energy= 1.66514665066627   occ= 0
MO #214 energy= 1.66930602217654   occ= 0
MO #215 energy= 1.67496571873073   occ= 0
MO #216 energy= 1.6827996379235    occ= 0
MO #217 energy= 1.70672426502201   occ= 0
MO #218 energy= 1.71211474185539   occ= 0
MO #219 energy= 1.71293397688688   occ= 0
MO #220 energy= 1.73406414375976   occ= 0
MO #221 energy= 1.74418302721854   occ= 0
MO #222 energy= 1.75222289597219   occ= 0
MO #223 energy= 1.7584628550227    occ= 0
MO #224 energy= 1.76324461930025   occ= 0
MO #225 energy= 1.76469344916998   occ= 0
MO #226 energy= 1.76905004112573   occ= 0
MO #227 energy= 1.78504915697896   occ= 0
MO #228 energy= 1.7958789253049    occ= 0
MO #229 energy= 1.80490394510768   occ= 0
MO #230 energy= 1.81572924966774   occ= 0
MO #231 energy= 1.82518090943691   occ= 0
MO #232 energy= 1.8543014599939    occ= 0
MO #233 energy= 1.8622900443817    occ= 0
MO #234 energy= 1.87429580052149   occ= 0
MO #235 energy= 1.93319576920591   occ= 0
MO #236 energy= 1.93425624047903   occ= 0
MO #237 energy= 1.93950251593394   occ= 0
MO #238 energy= 1.94807734755109   occ= 0
MO #239 energy= 1.96608200225829   occ= 0
MO #240 energy= 1.98276932817474   occ= 0
MO #241 energy= 1.98792696187954   occ= 0
MO #242 energy= 1.9890710901969    occ= 0
MO #243 energy= 2.0020398997526    occ= 0
MO #244 energy= 2.01363207662212   occ= 0
MO #245 energy= 2.032441993086     occ= 0
MO #246 energy= 2.06029141043381   occ= 0
MO #247 energy= 2.08068027418469   occ= 0
MO #248 energy= 2.1058152855323    occ= 0
MO #249 energy= 2.11268367431538   occ= 0
MO #250 energy= 2.13972444239216   occ= 0
MO #251 energy= 2.14698982879481   occ= 0
MO #252 energy= 2.15404112425815   occ= 0
MO #253 energy= 2.17091429875316   occ= 0
MO #254 energy= 2.19753107607489   occ= 0
MO #255 energy= 2.20798966419923   occ= 0
MO #256 energy= 2.22412523704346   occ= 0
MO #257 energy= 2.25453752360149   occ= 0
MO #258 energy= 2.27588051606583   occ= 0
MO #259 energy= 2.2795157071044    occ= 0
MO #260 energy= 2.29528273597475   occ= 0
MO #261 energy= 2.30126717922462   occ= 0
MO #262 energy= 2.31020776070446   occ= 0
MO #263 energy= 2.31151841017131   occ= 0
MO #264 energy= 2.33641414278374   occ= 0
MO #265 energy= 2.34575367025671   occ= 0
MO #266 energy= 2.36410255836573   occ= 0
MO #267 energy= 2.38459677863459   occ= 0
MO #268 energy= 2.43530073081727   occ= 0
MO #269 energy= 2.4361172440042    occ= 0
MO #270 energy= 2.49764921474128   occ= 0
MO #271 energy= 2.52595813664156   occ= 0
MO #272 energy= 2.534093033954     occ= 0
MO #273 energy= 2.56005967430751   occ= 0
MO #274 energy= 2.59707339185499   occ= 0
MO #275 energy= 2.61225272359517   occ= 0
MO #276 energy= 2.6202843688049    occ= 0
MO #277 energy= 2.64011098960258   occ= 0
MO #278 energy= 2.65374474568456   occ= 0
MO #279 energy= 2.65897122197114   occ= 0
MO #280 energy= 2.71481084734578   occ= 0
MO #281 energy= 2.7242032917536    occ= 0
MO #282 energy= 2.74461772149179   occ= 0
MO #283 energy= 2.74838685554252   occ= 0
MO #284 energy= 2.76068844231769   occ= 0
MO #285 energy= 2.77125646172309   occ= 0
MO #286 energy= 2.78056782223296   occ= 0
MO #287 energy= 2.80758212048323   occ= 0
MO #288 energy= 2.81315213125536   occ= 0
MO #289 energy= 2.85726381261833   occ= 0
MO #290 energy= 2.88789467429779   occ= 0
MO #291 energy= 2.90913505835761   occ= 0
MO #292 energy= 2.91731243293094   occ= 0
MO #293 energy= 2.93305186494562   occ= 0
MO #294 energy= 3.01818151264194   occ= 0
MO #295 energy= 3.06053145690048   occ= 0
MO #296 energy= 3.09850857293248   occ= 0
MO #297 energy= 3.12992703403669   occ= 0
MO #298 energy= 3.17768725695436   occ= 0
MO #299 energy= 3.19511680553249   occ= 0
MO #300 energy= 3.29598116011665   occ= 0
MO #301 energy= 3.34544462001881   occ= 0
MO #302 energy= 3.49798988487732   occ= 0
MO #303 energy= 3.56787272364675   occ= 0
MO #304 energy= 3.67274243814907   occ= 0
MO #305 energy= 3.72250662161492   occ= 0
 ** Mulliken atomic charges  **
charge of  0O =     -0.43023
charge of  1C =      0.40218
charge of  2C =     -0.03651
charge of  3C =     -0.07801
charge of  4C =     -0.10080
charge of  5C =     -0.08220
charge of  6C =     -0.10365
charge of  7C =     -0.08233
charge of  8N =     -0.31492
charge of  9C =      0.09818
charge of  10C =     -0.02476
charge of  11C =     -0.05953
charge of  12C =     -0.11455
charge of  13C =      0.04970
charge of  14Cl =     -0.03280
charge of  15C =     -0.12319
charge of  16C =      0.04069
charge of  17Cl =     -0.03108
charge of  18H =      0.11805
charge of  19H =      0.10478
charge of  20H =      0.10461
charge of  21H =      0.10303
charge of  22H =      0.11671
charge of  23H =      0.10151
charge of  24H =      0.12683
charge of  25H =      0.12013
charge of  26H =      0.12813
Dipole moment(X, Y, Z, Debye):  0.00006,  2.30832, -1.18210
def2-svp b3lyp 25.229546308517456
