/public3/home/scg5914/software-scg5914/LSW/1/data/data2/std_data/def2svp_b3lyp/cat_28.xyz
converged SCF energy = -2640.60348176242
**** MO energy ****
MO #1   energy= -77.2180980963356  occ= 2
MO #2   energy= -19.1843233971704  occ= 2
MO #3   energy= -19.1807250079529  occ= 2
MO #4   energy= -19.1717862669036  occ= 2
MO #5   energy= -19.0881877284911  occ= 2
MO #6   energy= -10.2602477090514  occ= 2
MO #7   energy= -10.2580353506003  occ= 2
MO #8   energy= -10.2073332927078  occ= 2
MO #9   energy= -10.2061688135405  occ= 2
MO #10  energy= -10.2041733020306  occ= 2
MO #11  energy= -10.2027424764806  occ= 2
MO #12  energy= -10.2020424887002  occ= 2
MO #13  energy= -10.201597862734   occ= 2
MO #14  energy= -10.1992922331873  occ= 2
MO #15  energy= -10.1980577697211  occ= 2
MO #16  energy= -10.1957474424641  occ= 2
MO #17  energy= -10.1943521360667  occ= 2
MO #18  energy= -10.1941111290984  occ= 2
MO #19  energy= -10.192390672414   occ= 2
MO #20  energy= -10.1923084668382  occ= 2
MO #21  energy= -10.192188790213   occ= 2
MO #22  energy= -10.1912467123879  occ= 2
MO #23  energy= -10.1909197991488  occ= 2
MO #24  energy= -10.1909142135363  occ= 2
MO #25  energy= -10.1904085650096  occ= 2
MO #26  energy= -10.1903314584149  occ= 2
MO #27  energy= -10.1901252023169  occ= 2
MO #28  energy= -10.1898147641393  occ= 2
MO #29  energy= -10.1897798197069  occ= 2
MO #30  energy= -10.1895182040625  occ= 2
MO #31  energy= -10.1894314283486  occ= 2
MO #32  energy= -10.188606177672   occ= 2
MO #33  energy= -10.1884441856015  occ= 2
MO #34  energy= -10.1878486930833  occ= 2
MO #35  energy= -10.1874134628224  occ= 2
MO #36  energy= -10.1868796304938  occ= 2
MO #37  energy= -10.1866564390018  occ= 2
MO #38  energy= -10.1856783161458  occ= 2
MO #39  energy= -10.1855774042164  occ= 2
MO #40  energy= -10.1854669777861  occ= 2
MO #41  energy= -10.1854371900131  occ= 2
MO #42  energy= -10.1849463264227  occ= 2
MO #43  energy= -10.1848931647734  occ= 2
MO #44  energy= -10.1848379089359  occ= 2
MO #45  energy= -10.1844911455878  occ= 2
MO #46  energy= -10.1841442124221  occ= 2
MO #47  energy= -10.184111235607   occ= 2
MO #48  energy= -10.1834703486564  occ= 2
MO #49  energy= -10.183246623116   occ= 2
MO #50  energy= -10.182991869284   occ= 2
MO #51  energy= -10.1828095762963  occ= 2
MO #52  energy= -10.1825617751791  occ= 2
MO #53  energy= -10.1822390963456  occ= 2
MO #54  energy= -10.1818960476665  occ= 2
MO #55  energy= -10.1814427270647  occ= 2
MO #56  energy= -10.1811331703882  occ= 2
MO #57  energy= -10.1806712709299  occ= 2
MO #58  energy= -6.69397460882471  occ= 2
MO #59  energy= -4.86149036931131  occ= 2
MO #60  energy= -4.86104837171742  occ= 2
MO #61  energy= -4.85923417751917  occ= 2
MO #62  energy= -1.12041100337895  occ= 2
MO #63  energy= -1.05814558434295  occ= 2
MO #64  energy= -1.0459097265924   occ= 2
MO #65  energy= -0.958557596881468 occ= 2
MO #66  energy= -0.891756471182694 occ= 2
MO #67  energy= -0.87964193366012  occ= 2
MO #68  energy= -0.875814399471316 occ= 2
MO #69  energy= -0.873213363415007 occ= 2
MO #70  energy= -0.861289488109217 occ= 2
MO #71  energy= -0.857890213726665 occ= 2
MO #72  energy= -0.83496737145308  occ= 2
MO #73  energy= -0.830800907503006 occ= 2
MO #74  energy= -0.822829566771692 occ= 2
MO #75  energy= -0.816227979358072 occ= 2
MO #76  energy= -0.805065542719581 occ= 2
MO #77  energy= -0.77731856501127  occ= 2
MO #78  energy= -0.773724904580432 occ= 2
MO #79  energy= -0.765644236461009 occ= 2
MO #80  energy= -0.763663056159193 occ= 2
MO #81  energy= -0.761405014325694 occ= 2
MO #82  energy= -0.747570107530027 occ= 2
MO #83  energy= -0.744162730821692 occ= 2
MO #84  energy= -0.743022693597837 occ= 2
MO #85  energy= -0.73944644348789  occ= 2
MO #86  energy= -0.738304058977879 occ= 2
MO #87  energy= -0.723791162554532 occ= 2
MO #88  energy= -0.720029296271971 occ= 2
MO #89  energy= -0.714166841433819 occ= 2
MO #90  energy= -0.70308133152157  occ= 2
MO #91  energy= -0.698527784993556 occ= 2
MO #92  energy= -0.676453877332239 occ= 2
MO #93  energy= -0.648485171603558 occ= 2
MO #94  energy= -0.643622985770713 occ= 2
MO #95  energy= -0.634795711704829 occ= 2
MO #96  energy= -0.629544292513277 occ= 2
MO #97  energy= -0.624385819509522 occ= 2
MO #98  energy= -0.619742518596118 occ= 2
MO #99  energy= -0.609405144426842 occ= 2
MO #100 energy= -0.607002661730574 occ= 2
MO #101 energy= -0.604581101910946 occ= 2
MO #102 energy= -0.603986608860506 occ= 2
MO #103 energy= -0.600110153616958 occ= 2
MO #104 energy= -0.592437690597007 occ= 2
MO #105 energy= -0.589561594435735 occ= 2
MO #106 energy= -0.582656886435974 occ= 2
MO #107 energy= -0.57932284124106  occ= 2
MO #108 energy= -0.572036859747561 occ= 2
MO #109 energy= -0.56394628948796  occ= 2
MO #110 energy= -0.555511980132327 occ= 2
MO #111 energy= -0.540239258715575 occ= 2
MO #112 energy= -0.534495640888949 occ= 2
MO #113 energy= -0.52719810896917  occ= 2
MO #114 energy= -0.521701819245448 occ= 2
MO #115 energy= -0.515888279752903 occ= 2
MO #116 energy= -0.513035564348829 occ= 2
MO #117 energy= -0.509056995957323 occ= 2
MO #118 energy= -0.504816995158908 occ= 2
MO #119 energy= -0.500955901803792 occ= 2
MO #120 energy= -0.496122126260211 occ= 2
MO #121 energy= -0.491339232880738 occ= 2
MO #122 energy= -0.482970121848189 occ= 2
MO #123 energy= -0.479385594849959 occ= 2
MO #124 energy= -0.469149913961021 occ= 2
MO #125 energy= -0.465478492586894 occ= 2
MO #126 energy= -0.461699462882096 occ= 2
MO #127 energy= -0.456498528295898 occ= 2
MO #128 energy= -0.454727975827943 occ= 2
MO #129 energy= -0.453855095924979 occ= 2
MO #130 energy= -0.45240849562508  occ= 2
MO #131 energy= -0.448216648714078 occ= 2
MO #132 energy= -0.445995278115122 occ= 2
MO #133 energy= -0.444491273406386 occ= 2
MO #134 energy= -0.444178133223467 occ= 2
MO #135 energy= -0.440108399690955 occ= 2
MO #136 energy= -0.43805490090687  occ= 2
MO #137 energy= -0.436725181279909 occ= 2
MO #138 energy= -0.435624493723832 occ= 2
MO #139 energy= -0.432376287984728 occ= 2
MO #140 energy= -0.429248244351979 occ= 2
MO #141 energy= -0.424131765516443 occ= 2
MO #142 energy= -0.421447272379645 occ= 2
MO #143 energy= -0.420781884654136 occ= 2
MO #144 energy= -0.420322658008973 occ= 2
MO #145 energy= -0.418519856441534 occ= 2
MO #146 energy= -0.415470553486279 occ= 2
MO #147 energy= -0.412534576477684 occ= 2
MO #148 energy= -0.40961099505107  occ= 2
MO #149 energy= -0.40185449139556  occ= 2
MO #150 energy= -0.400868078346891 occ= 2
MO #151 energy= -0.397968761103623 occ= 2
MO #152 energy= -0.396916481134824 occ= 2
MO #153 energy= -0.394586911782027 occ= 2
MO #154 energy= -0.393756037630573 occ= 2
MO #155 energy= -0.383485966555353 occ= 2
MO #156 energy= -0.379354985247593 occ= 2
MO #157 energy= -0.378540751733219 occ= 2
MO #158 energy= -0.377600504519633 occ= 2
MO #159 energy= -0.374445659492864 occ= 2
MO #160 energy= -0.371948036864405 occ= 2
MO #161 energy= -0.36731659085235  occ= 2
MO #162 energy= -0.363733005352237 occ= 2
MO #163 energy= -0.361646476255391 occ= 2
MO #164 energy= -0.358966413576392 occ= 2
MO #165 energy= -0.353161593341641 occ= 2
MO #166 energy= -0.352067525703482 occ= 2
MO #167 energy= -0.348485221412765 occ= 2
MO #168 energy= -0.343871702110565 occ= 2
MO #169 energy= -0.339346250931128 occ= 2
MO #170 energy= -0.338312514823044 occ= 2
MO #171 energy= -0.33620488781557  occ= 2
MO #172 energy= -0.334123039324336 occ= 2
MO #173 energy= -0.333525179469417 occ= 2
MO #174 energy= -0.332312533179591 occ= 2
MO #175 energy= -0.328682509094838 occ= 2
MO #176 energy= -0.327936465884171 occ= 2
MO #177 energy= -0.326708761311053 occ= 2
MO #178 energy= -0.323595355271905 occ= 2
MO #179 energy= -0.303625929579031 occ= 2
MO #180 energy= -0.300424289527723 occ= 2
MO #181 energy= -0.296072961159149 occ= 2
MO #182 energy= -0.291143756048013 occ= 2
MO #183 energy= -0.289861890604934 occ= 2
MO #184 energy= -0.28873244818005  occ= 2
MO #185 energy= -0.272809438869004 occ= 2
MO #186 energy= -0.270210502153148 occ= 2
MO #187 energy= -0.258171843166379 occ= 2
MO #188 energy= -0.253838778005933 occ= 2
MO #189 energy= -0.252087487068515 occ= 2
MO #190 energy= -0.248862357918837 occ= 2
MO #191 energy= -0.234926502329869 occ= 2
MO #192 energy= -0.232663539153533 occ= 2
MO #193 energy= -0.22645921984857  occ= 2
MO #194 energy= -0.22071065025697  occ= 2
MO #195 energy= -0.2120244788666   occ= 2
MO #196 energy= -0.209268405538807 occ= 2
MO #197 energy= -0.0622691735429991 occ= 0
MO #198 energy= -0.0541646570499485 occ= 0
MO #199 energy= -0.0459345798339835 occ= 0
MO #200 energy= -0.0432650357022254 occ= 0
MO #201 energy= -0.031400925848451 occ= 0
MO #202 energy= -0.0284040436990964 occ= 0
MO #203 energy= -0.0153275226074729 occ= 0
MO #204 energy= -0.0117422004722522 occ= 0
MO #205 energy= -0.00799901835133022 occ= 0
MO #206 energy= -0.00383328252540628 occ= 0
MO #207 energy= 0.0122085284779141 occ= 0
MO #208 energy= 0.0134312965703709 occ= 0
MO #209 energy= 0.0162950705840729 occ= 0
MO #210 energy= 0.0267090431220095 occ= 0
MO #211 energy= 0.0294710112229515 occ= 0
MO #212 energy= 0.0326819745484201 occ= 0
MO #213 energy= 0.045052941086467  occ= 0
MO #214 energy= 0.0673650451686654 occ= 0
MO #215 energy= 0.0691662523238415 occ= 0
MO #216 energy= 0.0696161265280909 occ= 0
MO #217 energy= 0.0716334261312211 occ= 0
MO #218 energy= 0.0794661288232436 occ= 0
MO #219 energy= 0.0824538171631075 occ= 0
MO #220 energy= 0.0836799788906408 occ= 0
MO #221 energy= 0.084601452368978  occ= 0
MO #222 energy= 0.0854044101351045 occ= 0
MO #223 energy= 0.0877024424036121 occ= 0
MO #224 energy= 0.0884903024287354 occ= 0
MO #225 energy= 0.0918884982495768 occ= 0
MO #226 energy= 0.097123548526304  occ= 0
MO #227 energy= 0.0997180140536404 occ= 0
MO #228 energy= 0.100435926393635  occ= 0
MO #229 energy= 0.102687557473148  occ= 0
MO #230 energy= 0.106510513583064  occ= 0
MO #231 energy= 0.10863210111128   occ= 0
MO #232 energy= 0.113545004234951  occ= 0
MO #233 energy= 0.11573735445277   occ= 0
MO #234 energy= 0.121283882335021  occ= 0
MO #235 energy= 0.128262802621945  occ= 0
MO #236 energy= 0.130400648902549  occ= 0
MO #237 energy= 0.133148177466923  occ= 0
MO #238 energy= 0.133771740569045  occ= 0
MO #239 energy= 0.136554904461651  occ= 0
MO #240 energy= 0.141349118627415  occ= 0
MO #241 energy= 0.142544427625887  occ= 0
MO #242 energy= 0.147321461822383  occ= 0
MO #243 energy= 0.148674451714064  occ= 0
MO #244 energy= 0.151962889433913  occ= 0
MO #245 energy= 0.154549834594916  occ= 0
MO #246 energy= 0.156452752605358  occ= 0
MO #247 energy= 0.158935555219784  occ= 0
MO #248 energy= 0.161717960040498  occ= 0
MO #249 energy= 0.164220551321239  occ= 0
MO #250 energy= 0.170966059507095  occ= 0
MO #251 energy= 0.175047158717467  occ= 0
MO #252 energy= 0.178053674785052  occ= 0
MO #253 energy= 0.18109723356632   occ= 0
MO #254 energy= 0.181447358380017  occ= 0
MO #255 energy= 0.184866594044666  occ= 0
MO #256 energy= 0.18489701573611   occ= 0
MO #257 energy= 0.198545858117383  occ= 0
MO #258 energy= 0.200365227170718  occ= 0
MO #259 energy= 0.202452744314208  occ= 0
MO #260 energy= 0.205050969398673  occ= 0
MO #261 energy= 0.214259005807307  occ= 0
MO #262 energy= 0.240471581603505  occ= 0
MO #263 energy= 0.242740771012184  occ= 0
MO #264 energy= 0.246466975732151  occ= 0
MO #265 energy= 0.249243770473558  occ= 0
MO #266 energy= 0.251463403638299  occ= 0
MO #267 energy= 0.253952615338429  occ= 0
MO #268 energy= 0.267119494122278  occ= 0
MO #269 energy= 0.270887946560389  occ= 0
MO #270 energy= 0.274424915359923  occ= 0
MO #271 energy= 0.276832728993811  occ= 0
MO #272 energy= 0.28006172167948   occ= 0
MO #273 energy= 0.281957991595763  occ= 0
MO #274 energy= 0.283719834471976  occ= 0
MO #275 energy= 0.285503666221748  occ= 0
MO #276 energy= 0.286844202800335  occ= 0
MO #277 energy= 0.288645087390893  occ= 0
MO #278 energy= 0.291454145118239  occ= 0
MO #279 energy= 0.292103015475043  occ= 0
MO #280 energy= 0.295114998042512  occ= 0
MO #281 energy= 0.296421902298035  occ= 0
MO #282 energy= 0.296918191358055  occ= 0
MO #283 energy= 0.298263272161489  occ= 0
MO #284 energy= 0.299269052482059  occ= 0
MO #285 energy= 0.300523328556687  occ= 0
MO #286 energy= 0.303347824719681  occ= 0
MO #287 energy= 0.304792922681919  occ= 0
MO #288 energy= 0.305954586675939  occ= 0
MO #289 energy= 0.309571725310435  occ= 0
MO #290 energy= 0.314757640956376  occ= 0
MO #291 energy= 0.316243579866254  occ= 0
MO #292 energy= 0.319816668888065  occ= 0
MO #293 energy= 0.322637338469662  occ= 0
MO #294 energy= 0.328005464457309  occ= 0
MO #295 energy= 0.33083029530226   occ= 0
MO #296 energy= 0.335839858527935  occ= 0
MO #297 energy= 0.337186560145629  occ= 0
MO #298 energy= 0.339948644448623  occ= 0
MO #299 energy= 0.341313055154909  occ= 0
MO #300 energy= 0.344208597548581  occ= 0
MO #301 energy= 0.347450394236449  occ= 0
MO #302 energy= 0.353887428022291  occ= 0
MO #303 energy= 0.356381260370682  occ= 0
MO #304 energy= 0.357425743839971  occ= 0
MO #305 energy= 0.360728035048135  occ= 0
MO #306 energy= 0.361817643572843  occ= 0
MO #307 energy= 0.366538326481046  occ= 0
MO #308 energy= 0.369311080884063  occ= 0
MO #309 energy= 0.371836036755598  occ= 0
MO #310 energy= 0.375210462291252  occ= 0
MO #311 energy= 0.376201221112625  occ= 0
MO #312 energy= 0.382070500589935  occ= 0
MO #313 energy= 0.383090428122434  occ= 0
MO #314 energy= 0.384601363736363  occ= 0
MO #315 energy= 0.388111458841531  occ= 0
MO #316 energy= 0.391194044825097  occ= 0
MO #317 energy= 0.39434199330901   occ= 0
MO #318 energy= 0.394600180323721  occ= 0
MO #319 energy= 0.397414231258234  occ= 0
MO #320 energy= 0.399795700829576  occ= 0
MO #321 energy= 0.403796318653473  occ= 0
MO #322 energy= 0.407377628694253  occ= 0
MO #323 energy= 0.41120485505032   occ= 0
MO #324 energy= 0.414824334878197  occ= 0
MO #325 energy= 0.416856941757821  occ= 0
MO #326 energy= 0.418762504914523  occ= 0
MO #327 energy= 0.42445832071779   occ= 0
MO #328 energy= 0.425815028032084  occ= 0
MO #329 energy= 0.429513407686033  occ= 0
MO #330 energy= 0.433288957524998  occ= 0
MO #331 energy= 0.438307796001366  occ= 0
MO #332 energy= 0.440865636509662  occ= 0
MO #333 energy= 0.443933091901615  occ= 0
MO #334 energy= 0.44752714217618   occ= 0
MO #335 energy= 0.448248531776786  occ= 0
MO #336 energy= 0.450708587622133  occ= 0
MO #337 energy= 0.452294397458989  occ= 0
MO #338 energy= 0.455222461217995  occ= 0
MO #339 energy= 0.455795440165112  occ= 0
MO #340 energy= 0.466272229574771  occ= 0
MO #341 energy= 0.466814853657307  occ= 0
MO #342 energy= 0.469279894304399  occ= 0
MO #343 energy= 0.469674066978056  occ= 0
MO #344 energy= 0.470560868074054  occ= 0
MO #345 energy= 0.472807499349606  occ= 0
MO #346 energy= 0.476284312246819  occ= 0
MO #347 energy= 0.477353244119763  occ= 0
MO #348 energy= 0.478377341702962  occ= 0
MO #349 energy= 0.480935537486547  occ= 0
MO #350 energy= 0.48176743238094   occ= 0
MO #351 energy= 0.482170898659502  occ= 0
MO #352 energy= 0.486887691631231  occ= 0
MO #353 energy= 0.488771868587025  occ= 0
MO #354 energy= 0.491134686342014  occ= 0
MO #355 energy= 0.492035035341799  occ= 0
MO #356 energy= 0.494404445360486  occ= 0
MO #357 energy= 0.494602654872004  occ= 0
MO #358 energy= 0.496374416377894  occ= 0
MO #359 energy= 0.498179518932302  occ= 0
MO #360 energy= 0.500331638224754  occ= 0
MO #361 energy= 0.501575293903469  occ= 0
MO #362 energy= 0.504847640249047  occ= 0
MO #363 energy= 0.507377808473832  occ= 0
MO #364 energy= 0.507987506653807  occ= 0
MO #365 energy= 0.510875800047753  occ= 0
MO #366 energy= 0.511990530085837  occ= 0
MO #367 energy= 0.512248794946086  occ= 0
MO #368 energy= 0.516729908754241  occ= 0
MO #369 energy= 0.519645679576787  occ= 0
MO #370 energy= 0.522230384874129  occ= 0
MO #371 energy= 0.527014006013976  occ= 0
MO #372 energy= 0.534345775307114  occ= 0
MO #373 energy= 0.536400231537282  occ= 0
MO #374 energy= 0.537543105430511  occ= 0
MO #375 energy= 0.53879284254458   occ= 0
MO #376 energy= 0.543443977786096  occ= 0
MO #377 energy= 0.549018723484286  occ= 0
MO #378 energy= 0.551072556268887  occ= 0
MO #379 energy= 0.551876752233605  occ= 0
MO #380 energy= 0.555570978974571  occ= 0
MO #381 energy= 0.564234034397862  occ= 0
MO #382 energy= 0.56866367294955   occ= 0
MO #383 energy= 0.570743558039153  occ= 0
MO #384 energy= 0.573582104622435  occ= 0
MO #385 energy= 0.573723878074588  occ= 0
MO #386 energy= 0.57838763218526   occ= 0
MO #387 energy= 0.579797087635623  occ= 0
MO #388 energy= 0.581851680468104  occ= 0
MO #389 energy= 0.586949633198103  occ= 0
MO #390 energy= 0.591176710258721  occ= 0
MO #391 energy= 0.593741406735977  occ= 0
MO #392 energy= 0.595689361879821  occ= 0
MO #393 energy= 0.600459093552036  occ= 0
MO #394 energy= 0.600780517068383  occ= 0
MO #395 energy= 0.603236389993362  occ= 0
MO #396 energy= 0.605372983909157  occ= 0
MO #397 energy= 0.60637546395598   occ= 0
MO #398 energy= 0.609768754511926  occ= 0
MO #399 energy= 0.613771917298141  occ= 0
MO #400 energy= 0.620035837430518  occ= 0
MO #401 energy= 0.626569336150861  occ= 0
MO #402 energy= 0.629008898388894  occ= 0
MO #403 energy= 0.630562842430116  occ= 0
MO #404 energy= 0.63430732167092   occ= 0
MO #405 energy= 0.635954504531072  occ= 0
MO #406 energy= 0.637143945767886  occ= 0
MO #407 energy= 0.63815876189343   occ= 0
MO #408 energy= 0.641180909627374  occ= 0
MO #409 energy= 0.643614528226882  occ= 0
MO #410 energy= 0.645502556554422  occ= 0
MO #411 energy= 0.646638330932407  occ= 0
MO #412 energy= 0.651189775706991  occ= 0
MO #413 energy= 0.653611025706477  occ= 0
MO #414 energy= 0.654614988214922  occ= 0
MO #415 energy= 0.656516453537806  occ= 0
MO #416 energy= 0.657298312136885  occ= 0
MO #417 energy= 0.657551908340855  occ= 0
MO #418 energy= 0.660507855945532  occ= 0
MO #419 energy= 0.662365048455672  occ= 0
MO #420 energy= 0.664322066055921  occ= 0
MO #421 energy= 0.666741053806057  occ= 0
MO #422 energy= 0.667881548164981  occ= 0
MO #423 energy= 0.670448900084298  occ= 0
MO #424 energy= 0.673118245786354  occ= 0
MO #425 energy= 0.675097440454642  occ= 0
MO #426 energy= 0.675937721433156  occ= 0
MO #427 energy= 0.677450771983509  occ= 0
MO #428 energy= 0.679954492311412  occ= 0
MO #429 energy= 0.680636668352941  occ= 0
MO #430 energy= 0.682349511575216  occ= 0
MO #431 energy= 0.682769899139693  occ= 0
MO #432 energy= 0.685198691544781  occ= 0
MO #433 energy= 0.688324912656574  occ= 0
MO #434 energy= 0.692489806737228  occ= 0
MO #435 energy= 0.695493544853157  occ= 0
MO #436 energy= 0.695757938876976  occ= 0
MO #437 energy= 0.697313797042221  occ= 0
MO #438 energy= 0.701422913893457  occ= 0
MO #439 energy= 0.701918316129003  occ= 0
MO #440 energy= 0.703876828118929  occ= 0
MO #441 energy= 0.705511816484754  occ= 0
MO #442 energy= 0.710163229490074  occ= 0
MO #443 energy= 0.713384197084882  occ= 0
MO #444 energy= 0.715555177292701  occ= 0
MO #445 energy= 0.717396423374064  occ= 0
MO #446 energy= 0.718556823187469  occ= 0
MO #447 energy= 0.722760645425435  occ= 0
MO #448 energy= 0.726422403998699  occ= 0
MO #449 energy= 0.728101536914499  occ= 0
MO #450 energy= 0.733340063431251  occ= 0
MO #451 energy= 0.73720062148976   occ= 0
MO #452 energy= 0.737688695102085  occ= 0
MO #453 energy= 0.74433963718222   occ= 0
MO #454 energy= 0.747267817327508  occ= 0
MO #455 energy= 0.748645323722477  occ= 0
MO #456 energy= 0.750721325737512  occ= 0
MO #457 energy= 0.75242848601607   occ= 0
MO #458 energy= 0.756226450720816  occ= 0
MO #459 energy= 0.757794091576711  occ= 0
MO #460 energy= 0.759426368256895  occ= 0
MO #461 energy= 0.762051215987486  occ= 0
MO #462 energy= 0.766209867387249  occ= 0
MO #463 energy= 0.768109012958652  occ= 0
MO #464 energy= 0.774298678246776  occ= 0
MO #465 energy= 0.77574963948303   occ= 0
MO #466 energy= 0.779767619587266  occ= 0
MO #467 energy= 0.780463534135258  occ= 0
MO #468 energy= 0.78156012488985   occ= 0
MO #469 energy= 0.784341403465328  occ= 0
MO #470 energy= 0.790924458648305  occ= 0
MO #471 energy= 0.79567682058851   occ= 0
MO #472 energy= 0.798067343260799  occ= 0
MO #473 energy= 0.801124630320897  occ= 0
MO #474 energy= 0.802399895806575  occ= 0
MO #475 energy= 0.805054492001224  occ= 0
MO #476 energy= 0.808363056646917  occ= 0
MO #477 energy= 0.814157122563363  occ= 0
MO #478 energy= 0.817182252813939  occ= 0
MO #479 energy= 0.818597188990287  occ= 0
MO #480 energy= 0.820992433520193  occ= 0
MO #481 energy= 0.825002999322652  occ= 0
MO #482 energy= 0.827788023210597  occ= 0
MO #483 energy= 0.828769490989794  occ= 0
MO #484 energy= 0.832025256257165  occ= 0
MO #485 energy= 0.834910683255179  occ= 0
MO #486 energy= 0.835458512695451  occ= 0
MO #487 energy= 0.841497586747945  occ= 0
MO #488 energy= 0.844575782099866  occ= 0
MO #489 energy= 0.853577618930609  occ= 0
MO #490 energy= 0.856292710609525  occ= 0
MO #491 energy= 0.859089679623595  occ= 0
MO #492 energy= 0.859719458601413  occ= 0
MO #493 energy= 0.862796151286167  occ= 0
MO #494 energy= 0.866959642195818  occ= 0
MO #495 energy= 0.876532824825981  occ= 0
MO #496 energy= 0.880019142369072  occ= 0
MO #497 energy= 0.883805697134303  occ= 0
MO #498 energy= 0.886484747626794  occ= 0
MO #499 energy= 0.890934107893562  occ= 0
MO #500 energy= 0.89295945049896   occ= 0
MO #501 energy= 0.905855583966671  occ= 0
MO #502 energy= 0.912381847033063  occ= 0
MO #503 energy= 0.914374973388769  occ= 0
MO #504 energy= 0.915402396143033  occ= 0
MO #505 energy= 0.917912676594913  occ= 0
MO #506 energy= 0.921331041736168  occ= 0
MO #507 energy= 0.929985209701024  occ= 0
MO #508 energy= 0.936565631859773  occ= 0
MO #509 energy= 0.940543045256584  occ= 0
MO #510 energy= 0.941928584655754  occ= 0
MO #511 energy= 0.948463212683743  occ= 0
MO #512 energy= 0.955696297490873  occ= 0
MO #513 energy= 0.95978177448214   occ= 0
MO #514 energy= 0.966697504021838  occ= 0
MO #515 energy= 0.969348516150844  occ= 0
MO #516 energy= 0.980460609263726  occ= 0
MO #517 energy= 0.985772978089019  occ= 0
MO #518 energy= 0.98940387968588   occ= 0
MO #519 energy= 1.00111614951612   occ= 0
MO #520 energy= 1.01301453943342   occ= 0
MO #521 energy= 1.01938924279754   occ= 0
MO #522 energy= 1.02575381247261   occ= 0
MO #523 energy= 1.03577250462374   occ= 0
MO #524 energy= 1.03986495598469   occ= 0
MO #525 energy= 1.0506808480086    occ= 0
MO #526 energy= 1.06790724864444   occ= 0
MO #527 energy= 1.06944139786484   occ= 0
MO #528 energy= 1.07450112595708   occ= 0
MO #529 energy= 1.08870377983872   occ= 0
MO #530 energy= 1.0899458039088    occ= 0
MO #531 energy= 1.1088751920591    occ= 0
MO #532 energy= 1.10913938901368   occ= 0
MO #533 energy= 1.11276351415036   occ= 0
MO #534 energy= 1.11566825774533   occ= 0
MO #535 energy= 1.11911163436981   occ= 0
MO #536 energy= 1.1198643165184    occ= 0
MO #537 energy= 1.12449509301173   occ= 0
MO #538 energy= 1.12900997113542   occ= 0
MO #539 energy= 1.13643061769347   occ= 0
MO #540 energy= 1.14115489203865   occ= 0
MO #541 energy= 1.15369233403244   occ= 0
MO #542 energy= 1.15974659559665   occ= 0
MO #543 energy= 1.16275687920143   occ= 0
MO #544 energy= 1.1675184301327    occ= 0
MO #545 energy= 1.17771154363237   occ= 0
MO #546 energy= 1.17968748300274   occ= 0
MO #547 energy= 1.18279098647676   occ= 0
MO #548 energy= 1.18522619929465   occ= 0
MO #549 energy= 1.18939516946999   occ= 0
MO #550 energy= 1.19339469782698   occ= 0
MO #551 energy= 1.20325293205739   occ= 0
MO #552 energy= 1.20554086709759   occ= 0
MO #553 energy= 1.21316017550813   occ= 0
MO #554 energy= 1.21803623770978   occ= 0
MO #555 energy= 1.22469510315001   occ= 0
MO #556 energy= 1.22831174047935   occ= 0
MO #557 energy= 1.23338777998809   occ= 0
MO #558 energy= 1.23469084429333   occ= 0
MO #559 energy= 1.23943089693713   occ= 0
MO #560 energy= 1.24181753425579   occ= 0
MO #561 energy= 1.24459867614374   occ= 0
MO #562 energy= 1.24618385842373   occ= 0
MO #563 energy= 1.24759064848915   occ= 0
MO #564 energy= 1.24936608062685   occ= 0
MO #565 energy= 1.25074220875876   occ= 0
MO #566 energy= 1.25519443272294   occ= 0
MO #567 energy= 1.25643218499159   occ= 0
MO #568 energy= 1.25690776888408   occ= 0
MO #569 energy= 1.25772737570023   occ= 0
MO #570 energy= 1.26452134327602   occ= 0
MO #571 energy= 1.26558806092174   occ= 0
MO #572 energy= 1.26800767009129   occ= 0
MO #573 energy= 1.27161863260296   occ= 0
MO #574 energy= 1.27295386861915   occ= 0
MO #575 energy= 1.2753074865444    occ= 0
MO #576 energy= 1.27710790736463   occ= 0
MO #577 energy= 1.28100103862491   occ= 0
MO #578 energy= 1.28221017569595   occ= 0
MO #579 energy= 1.28684521190332   occ= 0
MO #580 energy= 1.28789828224233   occ= 0
MO #581 energy= 1.28940234031449   occ= 0
MO #582 energy= 1.2916390135413    occ= 0
MO #583 energy= 1.29199915170816   occ= 0
MO #584 energy= 1.29814166063635   occ= 0
MO #585 energy= 1.29911133791274   occ= 0
MO #586 energy= 1.3053526170712    occ= 0
MO #587 energy= 1.30957307722937   occ= 0
MO #588 energy= 1.31089971018793   occ= 0
MO #589 energy= 1.31480605024268   occ= 0
MO #590 energy= 1.31975204644059   occ= 0
MO #591 energy= 1.32189920814809   occ= 0
MO #592 energy= 1.32578029309341   occ= 0
MO #593 energy= 1.32654720023706   occ= 0
MO #594 energy= 1.32859911780241   occ= 0
MO #595 energy= 1.32894809750761   occ= 0
MO #596 energy= 1.3328360087497    occ= 0
MO #597 energy= 1.3347347464073    occ= 0
MO #598 energy= 1.33889603704949   occ= 0
MO #599 energy= 1.34301101328899   occ= 0
MO #600 energy= 1.34722813858039   occ= 0
MO #601 energy= 1.36036878209119   occ= 0
MO #602 energy= 1.36492788089315   occ= 0
MO #603 energy= 1.37067201179071   occ= 0
MO #604 energy= 1.37825730037017   occ= 0
MO #605 energy= 1.3876127119302    occ= 0
MO #606 energy= 1.39976384518699   occ= 0
MO #607 energy= 1.40626652685056   occ= 0
MO #608 energy= 1.41850079346685   occ= 0
MO #609 energy= 1.43635226047846   occ= 0
MO #610 energy= 1.45887180880718   occ= 0
MO #611 energy= 1.46505370691506   occ= 0
MO #612 energy= 1.47758596812018   occ= 0
MO #613 energy= 1.47951708563964   occ= 0
MO #614 energy= 1.50303906263079   occ= 0
MO #615 energy= 1.50616314106566   occ= 0
MO #616 energy= 1.510676629805     occ= 0
MO #617 energy= 1.51254970253104   occ= 0
MO #618 energy= 1.51532562687327   occ= 0
MO #619 energy= 1.51956093078095   occ= 0
MO #620 energy= 1.52483617978044   occ= 0
MO #621 energy= 1.53672803226407   occ= 0
MO #622 energy= 1.54206288114612   occ= 0
MO #623 energy= 1.54896372375879   occ= 0
MO #624 energy= 1.56695228407765   occ= 0
MO #625 energy= 1.57092085488482   occ= 0
MO #626 energy= 1.58256029476898   occ= 0
MO #627 energy= 1.58507282320505   occ= 0
MO #628 energy= 1.60613843189821   occ= 0
MO #629 energy= 1.61531776933487   occ= 0
MO #630 energy= 1.61964867831134   occ= 0
MO #631 energy= 1.62389519430168   occ= 0
MO #632 energy= 1.6325305801446    occ= 0
MO #633 energy= 1.64151556558238   occ= 0
MO #634 energy= 1.64718649148689   occ= 0
MO #635 energy= 1.65187188823795   occ= 0
MO #636 energy= 1.65564764631546   occ= 0
MO #637 energy= 1.65683432685192   occ= 0
MO #638 energy= 1.65799803542719   occ= 0
MO #639 energy= 1.66693778988216   occ= 0
MO #640 energy= 1.67178622257583   occ= 0
MO #641 energy= 1.67430123323474   occ= 0
MO #642 energy= 1.68261066962708   occ= 0
MO #643 energy= 1.68665693321354   occ= 0
MO #644 energy= 1.68995218004281   occ= 0
MO #645 energy= 1.69165646979646   occ= 0
MO #646 energy= 1.69343489504054   occ= 0
MO #647 energy= 1.69547991018095   occ= 0
MO #648 energy= 1.70398051173245   occ= 0
MO #649 energy= 1.70614615903802   occ= 0
MO #650 energy= 1.70981642144925   occ= 0
MO #651 energy= 1.71287534585987   occ= 0
MO #652 energy= 1.71445576731677   occ= 0
MO #653 energy= 1.71752930476487   occ= 0
MO #654 energy= 1.72268273671727   occ= 0
MO #655 energy= 1.72521046848799   occ= 0
MO #656 energy= 1.7265024391166    occ= 0
MO #657 energy= 1.72854147868807   occ= 0
MO #658 energy= 1.72959368116378   occ= 0
MO #659 energy= 1.73247465871828   occ= 0
MO #660 energy= 1.73550729607875   occ= 0
MO #661 energy= 1.73771855541917   occ= 0
MO #662 energy= 1.73899236866779   occ= 0
MO #663 energy= 1.74262978416123   occ= 0
MO #664 energy= 1.74519080652371   occ= 0
MO #665 energy= 1.74697015938638   occ= 0
MO #666 energy= 1.74989671126008   occ= 0
MO #667 energy= 1.75132444534803   occ= 0
MO #668 energy= 1.75369343635803   occ= 0
MO #669 energy= 1.75587307855814   occ= 0
MO #670 energy= 1.75766551106214   occ= 0
MO #671 energy= 1.75857555811279   occ= 0
MO #672 energy= 1.75897701100473   occ= 0
MO #673 energy= 1.76064390675696   occ= 0
MO #674 energy= 1.76413297057572   occ= 0
MO #675 energy= 1.76750164620646   occ= 0
MO #676 energy= 1.77156791450338   occ= 0
MO #677 energy= 1.77680660312226   occ= 0
MO #678 energy= 1.77968055942989   occ= 0
MO #679 energy= 1.77989255944347   occ= 0
MO #680 energy= 1.7816017663023    occ= 0
MO #681 energy= 1.78440930958518   occ= 0
MO #682 energy= 1.78859124381763   occ= 0
MO #683 energy= 1.79028691885519   occ= 0
MO #684 energy= 1.7940733739932    occ= 0
MO #685 energy= 1.79467695762764   occ= 0
MO #686 energy= 1.79667741201531   occ= 0
MO #687 energy= 1.79761467732071   occ= 0
MO #688 energy= 1.804053999727     occ= 0
MO #689 energy= 1.80524928844383   occ= 0
MO #690 energy= 1.8060731907668    occ= 0
MO #691 energy= 1.80841337983538   occ= 0
MO #692 energy= 1.81219860509032   occ= 0
MO #693 energy= 1.81373409838548   occ= 0
MO #694 energy= 1.81712280982861   occ= 0
MO #695 energy= 1.81908565403521   occ= 0
MO #696 energy= 1.82230398512336   occ= 0
MO #697 energy= 1.82905828182073   occ= 0
MO #698 energy= 1.82991465613539   occ= 0
MO #699 energy= 1.83682006217571   occ= 0
MO #700 energy= 1.8380784517585    occ= 0
MO #701 energy= 1.84629669012803   occ= 0
MO #702 energy= 1.85047150139922   occ= 0
MO #703 energy= 1.85497370572679   occ= 0
MO #704 energy= 1.86156269348753   occ= 0
MO #705 energy= 1.87434412402501   occ= 0
MO #706 energy= 1.8806028415292    occ= 0
MO #707 energy= 1.8886103844129    occ= 0
MO #708 energy= 1.89128154913813   occ= 0
MO #709 energy= 1.89887038111651   occ= 0
MO #710 energy= 1.90005294639851   occ= 0
MO #711 energy= 1.90512164458278   occ= 0
MO #712 energy= 1.91085229182519   occ= 0
MO #713 energy= 1.91561253176112   occ= 0
MO #714 energy= 1.91941069378042   occ= 0
MO #715 energy= 1.93385316896004   occ= 0
MO #716 energy= 1.93594564193765   occ= 0
MO #717 energy= 1.94140744448469   occ= 0
MO #718 energy= 1.94451293968478   occ= 0
MO #719 energy= 1.94629122117244   occ= 0
MO #720 energy= 1.94902979760447   occ= 0
MO #721 energy= 1.95232365759791   occ= 0
MO #722 energy= 1.95436469020968   occ= 0
MO #723 energy= 1.95784518464754   occ= 0
MO #724 energy= 1.95837609434468   occ= 0
MO #725 energy= 1.95940053370007   occ= 0
MO #726 energy= 1.96037083536244   occ= 0
MO #727 energy= 1.96104255275957   occ= 0
MO #728 energy= 1.96303565136529   occ= 0
MO #729 energy= 1.96573507221985   occ= 0
MO #730 energy= 1.97127072686888   occ= 0
MO #731 energy= 1.98800229554872   occ= 0
MO #732 energy= 1.98949341971684   occ= 0
MO #733 energy= 1.99350904449602   occ= 0
MO #734 energy= 1.99526052779009   occ= 0
MO #735 energy= 1.99551503729325   occ= 0
MO #736 energy= 1.99699328163481   occ= 0
MO #737 energy= 1.9994557175929    occ= 0
MO #738 energy= 2.00206135998518   occ= 0
MO #739 energy= 2.00711927330025   occ= 0
MO #740 energy= 2.01250745963079   occ= 0
MO #741 energy= 2.01602633202576   occ= 0
MO #742 energy= 2.02244794402653   occ= 0
MO #743 energy= 2.02922189448671   occ= 0
MO #744 energy= 2.04507487962453   occ= 0
MO #745 energy= 2.04710451961512   occ= 0
MO #746 energy= 2.04866498690191   occ= 0
MO #747 energy= 2.04979474473006   occ= 0
MO #748 energy= 2.05408290333243   occ= 0
MO #749 energy= 2.05861582992517   occ= 0
MO #750 energy= 2.05972940183923   occ= 0
MO #751 energy= 2.06657054041905   occ= 0
MO #752 energy= 2.06984011262594   occ= 0
MO #753 energy= 2.07592187271834   occ= 0
MO #754 energy= 2.07794866419918   occ= 0
MO #755 energy= 2.0860805131591    occ= 0
MO #756 energy= 2.09007673350541   occ= 0
MO #757 energy= 2.09975015974507   occ= 0
MO #758 energy= 2.10196486171532   occ= 0
MO #759 energy= 2.10871780261869   occ= 0
MO #760 energy= 2.11597829704017   occ= 0
MO #761 energy= 2.12482940743521   occ= 0
MO #762 energy= 2.13079105141174   occ= 0
MO #763 energy= 2.13493115142156   occ= 0
MO #764 energy= 2.13713122376106   occ= 0
MO #765 energy= 2.13784551795399   occ= 0
MO #766 energy= 2.1403024540241    occ= 0
MO #767 energy= 2.14079593875279   occ= 0
MO #768 energy= 2.14281609406992   occ= 0
MO #769 energy= 2.14400463710507   occ= 0
MO #770 energy= 2.14654617829474   occ= 0
MO #771 energy= 2.15023219639424   occ= 0
MO #772 energy= 2.15240846642442   occ= 0
MO #773 energy= 2.1545889557615    occ= 0
MO #774 energy= 2.15751737827565   occ= 0
MO #775 energy= 2.16185281107999   occ= 0
MO #776 energy= 2.16392597208908   occ= 0
MO #777 energy= 2.17116931117297   occ= 0
MO #778 energy= 2.17244787334364   occ= 0
MO #779 energy= 2.17890704077622   occ= 0
MO #780 energy= 2.18355540477364   occ= 0
MO #781 energy= 2.18652500616547   occ= 0
MO #782 energy= 2.19303573475521   occ= 0
MO #783 energy= 2.19507952417472   occ= 0
MO #784 energy= 2.19657901832037   occ= 0
MO #785 energy= 2.20144176603767   occ= 0
MO #786 energy= 2.20312642234692   occ= 0
MO #787 energy= 2.20787860140851   occ= 0
MO #788 energy= 2.21138439389147   occ= 0
MO #789 energy= 2.21791436662536   occ= 0
MO #790 energy= 2.2246356535097    occ= 0
MO #791 energy= 2.22585990636042   occ= 0
MO #792 energy= 2.23053751161625   occ= 0
MO #793 energy= 2.24191105800384   occ= 0
MO #794 energy= 2.24630911545373   occ= 0
MO #795 energy= 2.25155763241226   occ= 0
MO #796 energy= 2.25261389556469   occ= 0
MO #797 energy= 2.26136330179704   occ= 0
MO #798 energy= 2.26496715380771   occ= 0
MO #799 energy= 2.26707454689752   occ= 0
MO #800 energy= 2.27870147105251   occ= 0
MO #801 energy= 2.28438119295799   occ= 0
MO #802 energy= 2.28792173644143   occ= 0
MO #803 energy= 2.29096617122493   occ= 0
MO #804 energy= 2.29776129385976   occ= 0
MO #805 energy= 2.3052727310623    occ= 0
MO #806 energy= 2.30825931091295   occ= 0
MO #807 energy= 2.31052212748443   occ= 0
MO #808 energy= 2.31603568237863   occ= 0
MO #809 energy= 2.31953375177168   occ= 0
MO #810 energy= 2.32329459351249   occ= 0
MO #811 energy= 2.32762655541335   occ= 0
MO #812 energy= 2.3322537742854    occ= 0
MO #813 energy= 2.33456023428435   occ= 0
MO #814 energy= 2.34323726683991   occ= 0
MO #815 energy= 2.34937213637246   occ= 0
MO #816 energy= 2.35414032426322   occ= 0
MO #817 energy= 2.35542310595596   occ= 0
MO #818 energy= 2.35944010936496   occ= 0
MO #819 energy= 2.36619802911679   occ= 0
MO #820 energy= 2.37117434246389   occ= 0
MO #821 energy= 2.37269223951115   occ= 0
MO #822 energy= 2.37443450392731   occ= 0
MO #823 energy= 2.37700002113521   occ= 0
MO #824 energy= 2.3869237768908    occ= 0
MO #825 energy= 2.38953236262668   occ= 0
MO #826 energy= 2.39313463332788   occ= 0
MO #827 energy= 2.39669964708591   occ= 0
MO #828 energy= 2.39990338352383   occ= 0
MO #829 energy= 2.4028226457136    occ= 0
MO #830 energy= 2.40516460634526   occ= 0
MO #831 energy= 2.40688162241191   occ= 0
MO #832 energy= 2.40823685888719   occ= 0
MO #833 energy= 2.41580846034215   occ= 0
MO #834 energy= 2.43361133601088   occ= 0
MO #835 energy= 2.43643827133665   occ= 0
MO #836 energy= 2.44831059669814   occ= 0
MO #837 energy= 2.48148743805241   occ= 0
MO #838 energy= 2.48958497869989   occ= 0
MO #839 energy= 2.49231385689873   occ= 0
MO #840 energy= 2.49792146470159   occ= 0
MO #841 energy= 2.51181342109142   occ= 0
MO #842 energy= 2.52032620686996   occ= 0
MO #843 energy= 2.52914283774298   occ= 0
MO #844 energy= 2.53288215308696   occ= 0
MO #845 energy= 2.5432390398633    occ= 0
MO #846 energy= 2.54593221643618   occ= 0
MO #847 energy= 2.54969898675182   occ= 0
MO #848 energy= 2.55559266317637   occ= 0
MO #849 energy= 2.55895929436743   occ= 0
MO #850 energy= 2.57508583820234   occ= 0
MO #851 energy= 2.57832960372555   occ= 0
MO #852 energy= 2.58045986949056   occ= 0
MO #853 energy= 2.59146298826137   occ= 0
MO #854 energy= 2.60082730828821   occ= 0
MO #855 energy= 2.60810742729409   occ= 0
MO #856 energy= 2.60944128822423   occ= 0
MO #857 energy= 2.61154119672914   occ= 0
MO #858 energy= 2.61395097706731   occ= 0
MO #859 energy= 2.62121821997423   occ= 0
MO #860 energy= 2.63021149706491   occ= 0
MO #861 energy= 2.63373848006031   occ= 0
MO #862 energy= 2.63985166835416   occ= 0
MO #863 energy= 2.64732457551414   occ= 0
MO #864 energy= 2.65169898593149   occ= 0
MO #865 energy= 2.65372653194209   occ= 0
MO #866 energy= 2.65938032860716   occ= 0
MO #867 energy= 2.6632051591639    occ= 0
MO #868 energy= 2.66458418318432   occ= 0
MO #869 energy= 2.66685815033613   occ= 0
MO #870 energy= 2.67092011080869   occ= 0
MO #871 energy= 2.67550124708057   occ= 0
MO #872 energy= 2.68230422061755   occ= 0
MO #873 energy= 2.6833041320295    occ= 0
MO #874 energy= 2.68582556717694   occ= 0
MO #875 energy= 2.68773289091662   occ= 0
MO #876 energy= 2.69335008598787   occ= 0
MO #877 energy= 2.69863213109582   occ= 0
MO #878 energy= 2.69953234016397   occ= 0
MO #879 energy= 2.70031463943651   occ= 0
MO #880 energy= 2.70698578550014   occ= 0
MO #881 energy= 2.70818341167454   occ= 0
MO #882 energy= 2.71339074205908   occ= 0
MO #883 energy= 2.7192680690779    occ= 0
MO #884 energy= 2.72457851240671   occ= 0
MO #885 energy= 2.73042043785      occ= 0
MO #886 energy= 2.73615166652984   occ= 0
MO #887 energy= 2.73899705427316   occ= 0
MO #888 energy= 2.74323130730422   occ= 0
MO #889 energy= 2.75532163971611   occ= 0
MO #890 energy= 2.75764279184418   occ= 0
MO #891 energy= 2.76064333264481   occ= 0
MO #892 energy= 2.76178861462654   occ= 0
MO #893 energy= 2.76310926202047   occ= 0
MO #894 energy= 2.76507891609848   occ= 0
MO #895 energy= 2.77297174333276   occ= 0
MO #896 energy= 2.77432138000649   occ= 0
MO #897 energy= 2.77644515713338   occ= 0
MO #898 energy= 2.78552935001257   occ= 0
MO #899 energy= 2.80988551878025   occ= 0
MO #900 energy= 2.81157014443695   occ= 0
MO #901 energy= 2.81628253693737   occ= 0
MO #902 energy= 2.8185097794138    occ= 0
MO #903 energy= 2.82069556637257   occ= 0
MO #904 energy= 2.82683557082474   occ= 0
MO #905 energy= 2.85145671793253   occ= 0
MO #906 energy= 2.86567400835775   occ= 0
MO #907 energy= 2.88469102089985   occ= 0
MO #908 energy= 2.88977540045951   occ= 0
MO #909 energy= 2.89380084164613   occ= 0
MO #910 energy= 2.89556246794844   occ= 0
MO #911 energy= 2.89844953752249   occ= 0
MO #912 energy= 2.90910277379707   occ= 0
MO #913 energy= 2.91469663841803   occ= 0
MO #914 energy= 2.91531407709181   occ= 0
MO #915 energy= 2.92131396931624   occ= 0
MO #916 energy= 2.9247998826955    occ= 0
MO #917 energy= 2.92630276814872   occ= 0
MO #918 energy= 2.92853327874795   occ= 0
MO #919 energy= 2.93108146112413   occ= 0
MO #920 energy= 2.93648101557292   occ= 0
MO #921 energy= 2.94819080711907   occ= 0
MO #922 energy= 2.96452708031135   occ= 0
MO #923 energy= 2.97105444579094   occ= 0
MO #924 energy= 2.99311643327567   occ= 0
MO #925 energy= 2.99528674000285   occ= 0
MO #926 energy= 3.00083646470124   occ= 0
MO #927 energy= 3.00633955511676   occ= 0
MO #928 energy= 3.00953229473523   occ= 0
MO #929 energy= 3.01230262736512   occ= 0
MO #930 energy= 3.02765360841336   occ= 0
MO #931 energy= 3.03295523061937   occ= 0
MO #932 energy= 3.06106147508669   occ= 0
MO #933 energy= 3.08630246199345   occ= 0
MO #934 energy= 3.09140372463537   occ= 0
MO #935 energy= 3.10081773930317   occ= 0
MO #936 energy= 3.13087411855152   occ= 0
MO #937 energy= 3.13333289194375   occ= 0
MO #938 energy= 3.14744600782029   occ= 0
MO #939 energy= 3.16786779401076   occ= 0
MO #940 energy= 3.1701244338101    occ= 0
MO #941 energy= 3.17420446805589   occ= 0
MO #942 energy= 3.17699744975556   occ= 0
MO #943 energy= 3.17964639780271   occ= 0
MO #944 energy= 3.1807372203019    occ= 0
MO #945 energy= 3.18520385949458   occ= 0
MO #946 energy= 3.18819726031822   occ= 0
MO #947 energy= 3.21768485646099   occ= 0
MO #948 energy= 3.22583614696779   occ= 0
MO #949 energy= 3.25560303647145   occ= 0
MO #950 energy= 3.28019903226797   occ= 0
MO #951 energy= 3.30587947030474   occ= 0
MO #952 energy= 3.34673750004048   occ= 0
MO #953 energy= 3.35469463636686   occ= 0
MO #954 energy= 3.36563883821948   occ= 0
MO #955 energy= 3.40325756302931   occ= 0
MO #956 energy= 3.43672474646094   occ= 0
MO #957 energy= 3.53105422931691   occ= 0
MO #958 energy= 3.53652942191284   occ= 0
MO #959 energy= 3.57195419257319   occ= 0
MO #960 energy= 3.58952547970138   occ= 0
MO #961 energy= 3.64146567005516   occ= 0
MO #962 energy= 3.64667278125447   occ= 0
MO #963 energy= 3.67493499493985   occ= 0
MO #964 energy= 3.69515613703351   occ= 0
MO #965 energy= 3.69811281610502   occ= 0
MO #966 energy= 3.71877437319281   occ= 0
MO #967 energy= 3.72783065821119   occ= 0
 ** Mulliken atomic charges  **
charge of  0O =     -0.77558
charge of  1P =      1.75114
charge of  2O =     -0.65295
charge of  3O =     -0.53575
charge of  4C =      0.17747
charge of  5C =     -0.00655
charge of  6C =      0.00439
charge of  7C =     -0.10153
charge of  8C =     -0.10985
charge of  9C =      0.01036
charge of  10C =      0.00744
charge of  11C =     -0.11081
charge of  12C =     -0.09943
charge of  13C =      0.00783
charge of  14C =     -0.10205
charge of  15C =     -0.10361
charge of  16C =     -0.10203
charge of  17C =     -0.10271
charge of  18C =      0.01118
charge of  19C =     -0.11063
charge of  20C =     -0.10665
charge of  21C =     -0.09436
charge of  22C =     -0.10332
charge of  23C =      0.00854
charge of  24C =      0.00260
charge of  25C =     -0.10450
charge of  26C =     -0.09872
charge of  27C =     -0.10154
charge of  28C =     -0.10156
charge of  29C =     -0.02418
charge of  30C =     -0.02673
charge of  31C =      0.17657
charge of  32O =     -0.54075
charge of  33C =     -0.00510
charge of  34C =      0.00593
charge of  35C =     -0.09612
charge of  36C =     -0.10440
charge of  37C =      0.01141
charge of  38C =      0.00795
charge of  39C =     -0.11095
charge of  40C =      0.01095
charge of  41C =     -0.10264
charge of  42C =     -0.10272
charge of  43C =     -0.10431
charge of  44C =     -0.10254
charge of  45C =      0.00742
charge of  46C =     -0.10024
charge of  47C =     -0.11043
charge of  48C =     -0.10915
charge of  49C =     -0.09487
charge of  50C =     -0.10253
charge of  51C =      0.00893
charge of  52C =      0.00215
charge of  53C =     -0.10496
charge of  54C =     -0.09883
charge of  55C =     -0.10163
charge of  56C =     -0.10111
charge of  57H =      0.35334
charge of  58H =      0.10303
charge of  59H =      0.10187
charge of  60H =      0.10194
charge of  61H =      0.10012
charge of  62H =      0.09940
charge of  63H =      0.10234
charge of  64H =      0.10252
charge of  65H =      0.09964
charge of  66H =      0.09953
charge of  67H =      0.10422
charge of  68H =      0.11155
charge of  69H =      0.10569
charge of  70H =      0.11169
charge of  71H =      0.10481
charge of  72H =      0.10416
charge of  73H =      0.10114
charge of  74H =      0.10442
charge of  75H =      0.10273
charge of  76H =      0.10115
charge of  77H =      0.10006
charge of  78H =      0.10212
charge of  79H =      0.10180
charge of  80H =      0.09889
charge of  81H =      0.09957
charge of  82H =      0.10246
charge of  83H =      0.10111
charge of  84H =      0.10778
charge of  85H =      0.10611
charge of  86H =      0.11089
charge of  87H =      0.10456
charge of  88H =      0.10408
charge of  89H =      0.10139
Dipole moment(X, Y, Z, Debye): -0.29545, -0.52834, -2.25257
def2-svp b3lyp 200.44663786888123
