/public3/home/scg5914/software-scg5914/LSW/1/data/data2/std_data/def2svp_b3lyp/cat_37.xyz
converged SCF energy = -2184.29171660459
**** MO energy ****
MO #1   energy= -77.2140885280961  occ= 2
MO #2   energy= -19.1775007391389  occ= 2
MO #3   energy= -19.172555549605   occ= 2
MO #4   energy= -19.1710392612906  occ= 2
MO #5   energy= -19.1569515886466  occ= 2
MO #6   energy= -19.154539769798   occ= 2
MO #7   energy= -19.0860527566566  occ= 2
MO #8   energy= -10.2427342564627  occ= 2
MO #9   energy= -10.2403681529065  occ= 2
MO #10  energy= -10.2387505428419  occ= 2
MO #11  energy= -10.2386824681519  occ= 2
MO #12  energy= -10.2366438506457  occ= 2
MO #13  energy= -10.2357097789316  occ= 2
MO #14  energy= -10.1937927717923  occ= 2
MO #15  energy= -10.1927018504097  occ= 2
MO #16  energy= -10.1889703183888  occ= 2
MO #17  energy= -10.1867760160484  occ= 2
MO #18  energy= -10.1856964609482  occ= 2
MO #19  energy= -10.1853307361464  occ= 2
MO #20  energy= -10.1819919577234  occ= 2
MO #21  energy= -10.1816145039189  occ= 2
MO #22  energy= -10.1814077788738  occ= 2
MO #23  energy= -10.1812908230572  occ= 2
MO #24  energy= -10.180822511686   occ= 2
MO #25  energy= -10.1806936290122  occ= 2
MO #26  energy= -10.1806456534695  occ= 2
MO #27  energy= -10.1803966684255  occ= 2
MO #28  energy= -10.180251250028   occ= 2
MO #29  energy= -10.1800771604361  occ= 2
MO #30  energy= -10.1800064713176  occ= 2
MO #31  energy= -10.1796577046411  occ= 2
MO #32  energy= -10.1789619476763  occ= 2
MO #33  energy= -10.1788612241005  occ= 2
MO #34  energy= -10.1782813917279  occ= 2
MO #35  energy= -10.1777636810399  occ= 2
MO #36  energy= -10.1776170190981  occ= 2
MO #37  energy= -10.1770682470526  occ= 2
MO #38  energy= -10.1768707208945  occ= 2
MO #39  energy= -10.1765428417309  occ= 2
MO #40  energy= -10.1763089545854  occ= 2
MO #41  energy= -10.1759012998617  occ= 2
MO #42  energy= -10.1758944569966  occ= 2
MO #43  energy= -10.1734370093124  occ= 2
MO #44  energy= -6.68995509085773  occ= 2
MO #45  energy= -4.85740742349037  occ= 2
MO #46  energy= -4.85710635311027  occ= 2
MO #47  energy= -4.85523343864539  occ= 2
MO #48  energy= -1.11303682651166  occ= 2
MO #49  energy= -1.05269886374969  occ= 2
MO #50  energy= -1.05010037408029  occ= 2
MO #51  energy= -1.04864555493251  occ= 2
MO #52  energy= -1.04199625124714  occ= 2
MO #53  energy= -0.955392447766698 occ= 2
MO #54  energy= -0.876252088883759 occ= 2
MO #55  energy= -0.862843369112181 occ= 2
MO #56  energy= -0.850767073791294 occ= 2
MO #57  energy= -0.847662356304075 occ= 2
MO #58  energy= -0.816916087265102 occ= 2
MO #59  energy= -0.81253232460155  occ= 2
MO #60  energy= -0.797700908240597 occ= 2
MO #61  energy= -0.771353629085763 occ= 2
MO #62  energy= -0.763994322919543 occ= 2
MO #63  energy= -0.747483342590853 occ= 2
MO #64  energy= -0.743216633410351 occ= 2
MO #65  energy= -0.741271308119696 occ= 2
MO #66  energy= -0.737500196834207 occ= 2
MO #67  energy= -0.732884198365172 occ= 2
MO #68  energy= -0.727319622092959 occ= 2
MO #69  energy= -0.709771407645419 occ= 2
MO #70  energy= -0.700696869408475 occ= 2
MO #71  energy= -0.691137434215726 occ= 2
MO #72  energy= -0.669311165740147 occ= 2
MO #73  energy= -0.66220849515625  occ= 2
MO #74  energy= -0.659035617404949 occ= 2
MO #75  energy= -0.633666773138577 occ= 2
MO #76  energy= -0.619936201248181 occ= 2
MO #77  energy= -0.613433655522744 occ= 2
MO #78  energy= -0.606498540075657 occ= 2
MO #79  energy= -0.603513113769353 occ= 2
MO #80  energy= -0.597290050791698 occ= 2
MO #81  energy= -0.591868158925054 occ= 2
MO #82  energy= -0.579654442068796 occ= 2
MO #83  energy= -0.57094617530787  occ= 2
MO #84  energy= -0.565253254602754 occ= 2
MO #85  energy= -0.555376192664532 occ= 2
MO #86  energy= -0.551601425780562 occ= 2
MO #87  energy= -0.538927051696614 occ= 2
MO #88  energy= -0.532381680187962 occ= 2
MO #89  energy= -0.530550759491453 occ= 2
MO #90  energy= -0.511430611826773 occ= 2
MO #91  energy= -0.51092760090941  occ= 2
MO #92  energy= -0.49918216572459  occ= 2
MO #93  energy= -0.491770022830752 occ= 2
MO #94  energy= -0.489951951994429 occ= 2
MO #95  energy= -0.485407596858058 occ= 2
MO #96  energy= -0.478601259414499 occ= 2
MO #97  energy= -0.474270952112472 occ= 2
MO #98  energy= -0.469473988633043 occ= 2
MO #99  energy= -0.467208158204154 occ= 2
MO #100 energy= -0.466780427151019 occ= 2
MO #101 energy= -0.462564816802079 occ= 2
MO #102 energy= -0.456152707006892 occ= 2
MO #103 energy= -0.449648096363064 occ= 2
MO #104 energy= -0.445103604475154 occ= 2
MO #105 energy= -0.440667992892621 occ= 2
MO #106 energy= -0.438269996330873 occ= 2
MO #107 energy= -0.436078301248118 occ= 2
MO #108 energy= -0.432456041162148 occ= 2
MO #109 energy= -0.428126293720009 occ= 2
MO #110 energy= -0.425511702371172 occ= 2
MO #111 energy= -0.423008832882778 occ= 2
MO #112 energy= -0.420489922126815 occ= 2
MO #113 energy= -0.419824756260239 occ= 2
MO #114 energy= -0.417283945499968 occ= 2
MO #115 energy= -0.416121915081584 occ= 2
MO #116 energy= -0.414186004229049 occ= 2
MO #117 energy= -0.401708329628875 occ= 2
MO #118 energy= -0.400321723244741 occ= 2
MO #119 energy= -0.396005344685822 occ= 2
MO #120 energy= -0.392261704407949 occ= 2
MO #121 energy= -0.390857275165739 occ= 2
MO #122 energy= -0.385825855368243 occ= 2
MO #123 energy= -0.382800734027739 occ= 2
MO #124 energy= -0.380107944351856 occ= 2
MO #125 energy= -0.379058287965379 occ= 2
MO #126 energy= -0.375968042677182 occ= 2
MO #127 energy= -0.37374608515875  occ= 2
MO #128 energy= -0.370132113713141 occ= 2
MO #129 energy= -0.369354864786425 occ= 2
MO #130 energy= -0.366220112535569 occ= 2
MO #131 energy= -0.356246837132824 occ= 2
MO #132 energy= -0.355014039637923 occ= 2
MO #133 energy= -0.352504619041842 occ= 2
MO #134 energy= -0.345781899271031 occ= 2
MO #135 energy= -0.338391897733677 occ= 2
MO #136 energy= -0.336192285695311 occ= 2
MO #137 energy= -0.335268490582735 occ= 2
MO #138 energy= -0.334610297604071 occ= 2
MO #139 energy= -0.332678657369733 occ= 2
MO #140 energy= -0.331222518012506 occ= 2
MO #141 energy= -0.322922745993213 occ= 2
MO #142 energy= -0.32050903668472  occ= 2
MO #143 energy= -0.319979245393821 occ= 2
MO #144 energy= -0.31550844452989  occ= 2
MO #145 energy= -0.313226579062025 occ= 2
MO #146 energy= -0.312288360785553 occ= 2
MO #147 energy= -0.307096000958904 occ= 2
MO #148 energy= -0.306749847081573 occ= 2
MO #149 energy= -0.296953763028222 occ= 2
MO #150 energy= -0.291709386153267 occ= 2
MO #151 energy= -0.260967536147332 occ= 2
MO #152 energy= -0.254358965087588 occ= 2
MO #153 energy= -0.250351630494079 occ= 2
MO #154 energy= -0.234971960644713 occ= 2
MO #155 energy= -0.230069737645505 occ= 2
MO #156 energy= -0.228821528766867 occ= 2
MO #157 energy= -0.2153990282641   occ= 2
MO #158 energy= -0.211574898941709 occ= 2
MO #159 energy= -0.023855740486007 occ= 0
MO #160 energy= -0.0100162733565707 occ= 0
MO #161 energy= -0.00632508915846641 occ= 0
MO #162 energy= 0.00193059634401552 occ= 0
MO #163 energy= 0.00587219340394604 occ= 0
MO #164 energy= 0.0109009269384214 occ= 0
MO #165 energy= 0.0141202562335011 occ= 0
MO #166 energy= 0.016681584240199  occ= 0
MO #167 energy= 0.0417422533213303 occ= 0
MO #168 energy= 0.0472202721136116 occ= 0
MO #169 energy= 0.0651736128159348 occ= 0
MO #170 energy= 0.0659438211323217 occ= 0
MO #171 energy= 0.0677001779195315 occ= 0
MO #172 energy= 0.0781593039293731 occ= 0
MO #173 energy= 0.0810147472500872 occ= 0
MO #174 energy= 0.0812765362096001 occ= 0
MO #175 energy= 0.0850961973722051 occ= 0
MO #176 energy= 0.0901179496164395 occ= 0
MO #177 energy= 0.0951090566091602 occ= 0
MO #178 energy= 0.103171816650462  occ= 0
MO #179 energy= 0.105478683969087  occ= 0
MO #180 energy= 0.10612234044752   occ= 0
MO #181 energy= 0.10751954400053   occ= 0
MO #182 energy= 0.110737718210896  occ= 0
MO #183 energy= 0.11427445557983   occ= 0
MO #184 energy= 0.118239728510852  occ= 0
MO #185 energy= 0.119640455002495  occ= 0
MO #186 energy= 0.121794080153746  occ= 0
MO #187 energy= 0.123672751515435  occ= 0
MO #188 energy= 0.127477944764942  occ= 0
MO #189 energy= 0.131495997147487  occ= 0
MO #190 energy= 0.134238240337394  occ= 0
MO #191 energy= 0.135644554946467  occ= 0
MO #192 energy= 0.136628131491263  occ= 0
MO #193 energy= 0.137675962012004  occ= 0
MO #194 energy= 0.138840505486439  occ= 0
MO #195 energy= 0.141815283365752  occ= 0
MO #196 energy= 0.147655944685195  occ= 0
MO #197 energy= 0.148890912520498  occ= 0
MO #198 energy= 0.150205242409916  occ= 0
MO #199 energy= 0.158787596705595  occ= 0
MO #200 energy= 0.159783513524854  occ= 0
MO #201 energy= 0.162163866579379  occ= 0
MO #202 energy= 0.164079395582147  occ= 0
MO #203 energy= 0.16573542107755   occ= 0
MO #204 energy= 0.167602619137889  occ= 0
MO #205 energy= 0.171348195985878  occ= 0
MO #206 energy= 0.175252479308753  occ= 0
MO #207 energy= 0.176842204660115  occ= 0
MO #208 energy= 0.17834797240023   occ= 0
MO #209 energy= 0.182088490939855  occ= 0
MO #210 energy= 0.185253665148466  occ= 0
MO #211 energy= 0.189054928279007  occ= 0
MO #212 energy= 0.193579829358064  occ= 0
MO #213 energy= 0.195974186456991  occ= 0
MO #214 energy= 0.199628990947882  occ= 0
MO #215 energy= 0.205917168863394  occ= 0
MO #216 energy= 0.215064771285123  occ= 0
MO #217 energy= 0.21876116895564   occ= 0
MO #218 energy= 0.226015258700584  occ= 0
MO #219 energy= 0.235266923519228  occ= 0
MO #220 energy= 0.240989684552928  occ= 0
MO #221 energy= 0.244596945738201  occ= 0
MO #222 energy= 0.246304515517925  occ= 0
MO #223 energy= 0.251465051573968  occ= 0
MO #224 energy= 0.258436585176105  occ= 0
MO #225 energy= 0.264070533538421  occ= 0
MO #226 energy= 0.269965451979503  occ= 0
MO #227 energy= 0.27312002067827   occ= 0
MO #228 energy= 0.287882557104679  occ= 0
MO #229 energy= 0.291430926853232  occ= 0
MO #230 energy= 0.292840184196578  occ= 0
MO #231 energy= 0.298923294347423  occ= 0
MO #232 energy= 0.301578027150939  occ= 0
MO #233 energy= 0.306234193229821  occ= 0
MO #234 energy= 0.308146191954934  occ= 0
MO #235 energy= 0.311949211605641  occ= 0
MO #236 energy= 0.319213440901107  occ= 0
MO #237 energy= 0.321169925850092  occ= 0
MO #238 energy= 0.326870885737868  occ= 0
MO #239 energy= 0.329239239888596  occ= 0
MO #240 energy= 0.333494513557991  occ= 0
MO #241 energy= 0.335668398295936  occ= 0
MO #242 energy= 0.337423286343697  occ= 0
MO #243 energy= 0.341656761349498  occ= 0
MO #244 energy= 0.341853090697606  occ= 0
MO #245 energy= 0.347056778127801  occ= 0
MO #246 energy= 0.353565724724282  occ= 0
MO #247 energy= 0.356446774097153  occ= 0
MO #248 energy= 0.362190374201066  occ= 0
MO #249 energy= 0.371367511863581  occ= 0
MO #250 energy= 0.376920699920603  occ= 0
MO #251 energy= 0.383802018747141  occ= 0
MO #252 energy= 0.390979788137212  occ= 0
MO #253 energy= 0.394853575275662  occ= 0
MO #254 energy= 0.401163254105386  occ= 0
MO #255 energy= 0.411107783896193  occ= 0
MO #256 energy= 0.418233213232787  occ= 0
MO #257 energy= 0.42357729035309   occ= 0
MO #258 energy= 0.424805065390334  occ= 0
MO #259 energy= 0.426954298224223  occ= 0
MO #260 energy= 0.429662409465214  occ= 0
MO #261 energy= 0.435361441822762  occ= 0
MO #262 energy= 0.437733385058361  occ= 0
MO #263 energy= 0.440424200057405  occ= 0
MO #264 energy= 0.443153970783548  occ= 0
MO #265 energy= 0.447812826129119  occ= 0
MO #266 energy= 0.449448155681912  occ= 0
MO #267 energy= 0.450658545996513  occ= 0
MO #268 energy= 0.453568100147019  occ= 0
MO #269 energy= 0.454905971930642  occ= 0
MO #270 energy= 0.457776430081328  occ= 0
MO #271 energy= 0.462190446100133  occ= 0
MO #272 energy= 0.464708679924304  occ= 0
MO #273 energy= 0.469835751847595  occ= 0
MO #274 energy= 0.472120281206235  occ= 0
MO #275 energy= 0.473403100233148  occ= 0
MO #276 energy= 0.473952528428402  occ= 0
MO #277 energy= 0.479964484543197  occ= 0
MO #278 energy= 0.484103094954942  occ= 0
MO #279 energy= 0.486218529324838  occ= 0
MO #280 energy= 0.492285135045941  occ= 0
MO #281 energy= 0.49435584360733   occ= 0
MO #282 energy= 0.499025760821283  occ= 0
MO #283 energy= 0.501192719088075  occ= 0
MO #284 energy= 0.504431465379457  occ= 0
MO #285 energy= 0.510717618187286  occ= 0
MO #286 energy= 0.513237918664579  occ= 0
MO #287 energy= 0.518945015490898  occ= 0
MO #288 energy= 0.522215853584505  occ= 0
MO #289 energy= 0.525262231330908  occ= 0
MO #290 energy= 0.52578816670814   occ= 0
MO #291 energy= 0.528847815770259  occ= 0
MO #292 energy= 0.530879815260489  occ= 0
MO #293 energy= 0.537642967763136  occ= 0
MO #294 energy= 0.541249324096709  occ= 0
MO #295 energy= 0.545433757802381  occ= 0
MO #296 energy= 0.548494798367619  occ= 0
MO #297 energy= 0.556377766897509  occ= 0
MO #298 energy= 0.561464619814148  occ= 0
MO #299 energy= 0.56853709962099   occ= 0
MO #300 energy= 0.571901568207647  occ= 0
MO #301 energy= 0.576984934006569  occ= 0
MO #302 energy= 0.577868546365176  occ= 0
MO #303 energy= 0.579062150543089  occ= 0
MO #304 energy= 0.587838443926022  occ= 0
MO #305 energy= 0.59104484568545   occ= 0
MO #306 energy= 0.592133401310422  occ= 0
MO #307 energy= 0.598530660737543  occ= 0
MO #308 energy= 0.599766361202596  occ= 0
MO #309 energy= 0.608913188496995  occ= 0
MO #310 energy= 0.611617222889238  occ= 0
MO #311 energy= 0.615340240236108  occ= 0
MO #312 energy= 0.617697612669768  occ= 0
MO #313 energy= 0.622959304340933  occ= 0
MO #314 energy= 0.624925286190241  occ= 0
MO #315 energy= 0.626684797987961  occ= 0
MO #316 energy= 0.627093090404656  occ= 0
MO #317 energy= 0.630545206986458  occ= 0
MO #318 energy= 0.631525022891137  occ= 0
MO #319 energy= 0.633287422539022  occ= 0
MO #320 energy= 0.635887969629305  occ= 0
MO #321 energy= 0.638783520178098  occ= 0
MO #322 energy= 0.646567956064112  occ= 0
MO #323 energy= 0.647574748456764  occ= 0
MO #324 energy= 0.648954069255875  occ= 0
MO #325 energy= 0.650022305759045  occ= 0
MO #326 energy= 0.65068746440186   occ= 0
MO #327 energy= 0.652590353711517  occ= 0
MO #328 energy= 0.653440381740393  occ= 0
MO #329 energy= 0.654820931900201  occ= 0
MO #330 energy= 0.655611392788069  occ= 0
MO #331 energy= 0.657946316074528  occ= 0
MO #332 energy= 0.661680019724159  occ= 0
MO #333 energy= 0.664543075935905  occ= 0
MO #334 energy= 0.665812196334516  occ= 0
MO #335 energy= 0.669408209151416  occ= 0
MO #336 energy= 0.669981946292395  occ= 0
MO #337 energy= 0.671962861017796  occ= 0
MO #338 energy= 0.675713472505371  occ= 0
MO #339 energy= 0.679069527877971  occ= 0
MO #340 energy= 0.680369883971307  occ= 0
MO #341 energy= 0.6818814855652    occ= 0
MO #342 energy= 0.682625707498811  occ= 0
MO #343 energy= 0.68353615412852   occ= 0
MO #344 energy= 0.686120297574611  occ= 0
MO #345 energy= 0.68905114839888   occ= 0
MO #346 energy= 0.690559328621008  occ= 0
MO #347 energy= 0.695680211441206  occ= 0
MO #348 energy= 0.696476029214296  occ= 0
MO #349 energy= 0.698632528617527  occ= 0
MO #350 energy= 0.699935018156253  occ= 0
MO #351 energy= 0.702356997144088  occ= 0
MO #352 energy= 0.706096140959775  occ= 0
MO #353 energy= 0.707789464264343  occ= 0
MO #354 energy= 0.71313583063338   occ= 0
MO #355 energy= 0.71516245004745   occ= 0
MO #356 energy= 0.718032850652086  occ= 0
MO #357 energy= 0.723187396696501  occ= 0
MO #358 energy= 0.72663511871132   occ= 0
MO #359 energy= 0.728249565046182  occ= 0
MO #360 energy= 0.731885562388507  occ= 0
MO #361 energy= 0.736545261091476  occ= 0
MO #362 energy= 0.737607663739425  occ= 0
MO #363 energy= 0.74197377968953   occ= 0
MO #364 energy= 0.744274114689686  occ= 0
MO #365 energy= 0.74565962986735   occ= 0
MO #366 energy= 0.752457092130101  occ= 0
MO #367 energy= 0.753957850150403  occ= 0
MO #368 energy= 0.756302256828712  occ= 0
MO #369 energy= 0.762836739886942  occ= 0
MO #370 energy= 0.764753453227876  occ= 0
MO #371 energy= 0.76615178994117   occ= 0
MO #372 energy= 0.770164005308404  occ= 0
MO #373 energy= 0.773009075010579  occ= 0
MO #374 energy= 0.775071338124514  occ= 0
MO #375 energy= 0.780523104937173  occ= 0
MO #376 energy= 0.783146670862821  occ= 0
MO #377 energy= 0.785193874758503  occ= 0
MO #378 energy= 0.78833498600293   occ= 0
MO #379 energy= 0.795398059279842  occ= 0
MO #380 energy= 0.800476498823842  occ= 0
MO #381 energy= 0.805216793833075  occ= 0
MO #382 energy= 0.806587832346376  occ= 0
MO #383 energy= 0.810902880222392  occ= 0
MO #384 energy= 0.818158164932133  occ= 0
MO #385 energy= 0.821107826181541  occ= 0
MO #386 energy= 0.829747782316122  occ= 0
MO #387 energy= 0.835922196735878  occ= 0
MO #388 energy= 0.838386666310722  occ= 0
MO #389 energy= 0.840458250225246  occ= 0
MO #390 energy= 0.847167451385543  occ= 0
MO #391 energy= 0.8571818993535    occ= 0
MO #392 energy= 0.858784019543206  occ= 0
MO #393 energy= 0.866788705374847  occ= 0
MO #394 energy= 0.871161757895814  occ= 0
MO #395 energy= 0.884775075331499  occ= 0
MO #396 energy= 0.888242707130372  occ= 0
MO #397 energy= 0.89415793057416   occ= 0
MO #398 energy= 0.897903384501857  occ= 0
MO #399 energy= 0.908025583789248  occ= 0
MO #400 energy= 0.908649837451479  occ= 0
MO #401 energy= 0.923479432830293  occ= 0
MO #402 energy= 0.925810570227113  occ= 0
MO #403 energy= 0.93406168104314   occ= 0
MO #404 energy= 0.939561345929752  occ= 0
MO #405 energy= 0.943761189651279  occ= 0
MO #406 energy= 0.953146801058481  occ= 0
MO #407 energy= 0.958727659924343  occ= 0
MO #408 energy= 0.960604646629442  occ= 0
MO #409 energy= 0.969501356257312  occ= 0
MO #410 energy= 0.979853988631678  occ= 0
MO #411 energy= 0.98203522773001   occ= 0
MO #412 energy= 0.989486479321573  occ= 0
MO #413 energy= 0.993902335619266  occ= 0
MO #414 energy= 1.00750935259937   occ= 0
MO #415 energy= 1.01229562451616   occ= 0
MO #416 energy= 1.0186214509981    occ= 0
MO #417 energy= 1.02188261448716   occ= 0
MO #418 energy= 1.02897889722509   occ= 0
MO #419 energy= 1.03310469117847   occ= 0
MO #420 energy= 1.04038137624957   occ= 0
MO #421 energy= 1.0478740276408    occ= 0
MO #422 energy= 1.05663152965478   occ= 0
MO #423 energy= 1.063848343554     occ= 0
MO #424 energy= 1.075574934831     occ= 0
MO #425 energy= 1.07972690142075   occ= 0
MO #426 energy= 1.09103169615559   occ= 0
MO #427 energy= 1.09984175025827   occ= 0
MO #428 energy= 1.10458034233668   occ= 0
MO #429 energy= 1.11224674519293   occ= 0
MO #430 energy= 1.11841647331712   occ= 0
MO #431 energy= 1.12650466652707   occ= 0
MO #432 energy= 1.13011153386861   occ= 0
MO #433 energy= 1.1401589877464    occ= 0
MO #434 energy= 1.14634332083243   occ= 0
MO #435 energy= 1.15009773609734   occ= 0
MO #436 energy= 1.16329862187643   occ= 0
MO #437 energy= 1.16902489593482   occ= 0
MO #438 energy= 1.17609207337554   occ= 0
MO #439 energy= 1.19222249770352   occ= 0
MO #440 energy= 1.19391361401066   occ= 0
MO #441 energy= 1.20308048754133   occ= 0
MO #442 energy= 1.20807369535959   occ= 0
MO #443 energy= 1.21008668897793   occ= 0
MO #444 energy= 1.21721099758737   occ= 0
MO #445 energy= 1.22034846893989   occ= 0
MO #446 energy= 1.23117905225398   occ= 0
MO #447 energy= 1.23777171168965   occ= 0
MO #448 energy= 1.24300015226113   occ= 0
MO #449 energy= 1.24637125617608   occ= 0
MO #450 energy= 1.25160525291095   occ= 0
MO #451 energy= 1.25394123083477   occ= 0
MO #452 energy= 1.25760363774727   occ= 0
MO #453 energy= 1.2621460627789    occ= 0
MO #454 energy= 1.26793385197455   occ= 0
MO #455 energy= 1.27319214578272   occ= 0
MO #456 energy= 1.27840732266446   occ= 0
MO #457 energy= 1.28711049480016   occ= 0
MO #458 energy= 1.28950617373759   occ= 0
MO #459 energy= 1.3003335426759    occ= 0
MO #460 energy= 1.30257954336914   occ= 0
MO #461 energy= 1.30443638517894   occ= 0
MO #462 energy= 1.31332040382001   occ= 0
MO #463 energy= 1.31764121956558   occ= 0
MO #464 energy= 1.32269899715338   occ= 0
MO #465 energy= 1.32501235181591   occ= 0
MO #466 energy= 1.33157550499882   occ= 0
MO #467 energy= 1.33471516182376   occ= 0
MO #468 energy= 1.33953449161728   occ= 0
MO #469 energy= 1.34532874522947   occ= 0
MO #470 energy= 1.35761500860326   occ= 0
MO #471 energy= 1.35987793995924   occ= 0
MO #472 energy= 1.36684963254404   occ= 0
MO #473 energy= 1.37429665619993   occ= 0
MO #474 energy= 1.37982892463686   occ= 0
MO #475 energy= 1.39236239198248   occ= 0
MO #476 energy= 1.40237205696481   occ= 0
MO #477 energy= 1.41731685334611   occ= 0
MO #478 energy= 1.4331698431725    occ= 0
MO #479 energy= 1.44575190349208   occ= 0
MO #480 energy= 1.45241018424535   occ= 0
MO #481 energy= 1.45714539475044   occ= 0
MO #482 energy= 1.4671870634284    occ= 0
MO #483 energy= 1.47362266032691   occ= 0
MO #484 energy= 1.47823760987343   occ= 0
MO #485 energy= 1.48217346460621   occ= 0
MO #486 energy= 1.48475599321872   occ= 0
MO #487 energy= 1.48796255990648   occ= 0
MO #488 energy= 1.4906771907525    occ= 0
MO #489 energy= 1.49838903658499   occ= 0
MO #490 energy= 1.51179813997568   occ= 0
MO #491 energy= 1.51347214591375   occ= 0
MO #492 energy= 1.51484610355744   occ= 0
MO #493 energy= 1.51680576287657   occ= 0
MO #494 energy= 1.52877998731249   occ= 0
MO #495 energy= 1.53139846472885   occ= 0
MO #496 energy= 1.53963354641254   occ= 0
MO #497 energy= 1.54829984599896   occ= 0
MO #498 energy= 1.55079138942667   occ= 0
MO #499 energy= 1.55519273485536   occ= 0
MO #500 energy= 1.56038247782721   occ= 0
MO #501 energy= 1.57087557005153   occ= 0
MO #502 energy= 1.57788948266994   occ= 0
MO #503 energy= 1.59021051211277   occ= 0
MO #504 energy= 1.60445613003904   occ= 0
MO #505 energy= 1.60900400992637   occ= 0
MO #506 energy= 1.62965056868655   occ= 0
MO #507 energy= 1.63519471371616   occ= 0
MO #508 energy= 1.63968542842924   occ= 0
MO #509 energy= 1.64106530483956   occ= 0
MO #510 energy= 1.66051009273962   occ= 0
MO #511 energy= 1.6696106058301    occ= 0
MO #512 energy= 1.67528926316957   occ= 0
MO #513 energy= 1.68550091625698   occ= 0
MO #514 energy= 1.69055675627509   occ= 0
MO #515 energy= 1.69131876467774   occ= 0
MO #516 energy= 1.70080370635423   occ= 0
MO #517 energy= 1.70223509235297   occ= 0
MO #518 energy= 1.70608415385747   occ= 0
MO #519 energy= 1.7074097096059    occ= 0
MO #520 energy= 1.70876177238876   occ= 0
MO #521 energy= 1.71233172728826   occ= 0
MO #522 energy= 1.71417746308773   occ= 0
MO #523 energy= 1.71686232874198   occ= 0
MO #524 energy= 1.71993220310208   occ= 0
MO #525 energy= 1.72709462698568   occ= 0
MO #526 energy= 1.72928921407863   occ= 0
MO #527 energy= 1.73041668786652   occ= 0
MO #528 energy= 1.73541742356191   occ= 0
MO #529 energy= 1.74137430158576   occ= 0
MO #530 energy= 1.74691574022696   occ= 0
MO #531 energy= 1.75145029046815   occ= 0
MO #532 energy= 1.75601789987799   occ= 0
MO #533 energy= 1.75814052857307   occ= 0
MO #534 energy= 1.7613071785113    occ= 0
MO #535 energy= 1.76378680617211   occ= 0
MO #536 energy= 1.7649881367458    occ= 0
MO #537 energy= 1.76743501001051   occ= 0
MO #538 energy= 1.76864750860054   occ= 0
MO #539 energy= 1.77011894861429   occ= 0
MO #540 energy= 1.77484233440527   occ= 0
MO #541 energy= 1.78155773813936   occ= 0
MO #542 energy= 1.78546597239384   occ= 0
MO #543 energy= 1.78737176823048   occ= 0
MO #544 energy= 1.79292292662662   occ= 0
MO #545 energy= 1.79522264677542   occ= 0
MO #546 energy= 1.79590452825523   occ= 0
MO #547 energy= 1.80041931410979   occ= 0
MO #548 energy= 1.80119989522396   occ= 0
MO #549 energy= 1.80437713029108   occ= 0
MO #550 energy= 1.80551685852209   occ= 0
MO #551 energy= 1.80818307370416   occ= 0
MO #552 energy= 1.81267055680903   occ= 0
MO #553 energy= 1.81663240412393   occ= 0
MO #554 energy= 1.81762962376913   occ= 0
MO #555 energy= 1.82115075391017   occ= 0
MO #556 energy= 1.82390562979167   occ= 0
MO #557 energy= 1.83090886877912   occ= 0
MO #558 energy= 1.83287346018215   occ= 0
MO #559 energy= 1.83864638463385   occ= 0
MO #560 energy= 1.8445538222482    occ= 0
MO #561 energy= 1.84776775829724   occ= 0
MO #562 energy= 1.85018284988063   occ= 0
MO #563 energy= 1.85428396231491   occ= 0
MO #564 energy= 1.85833420720465   occ= 0
MO #565 energy= 1.86031293799744   occ= 0
MO #566 energy= 1.86615909344775   occ= 0
MO #567 energy= 1.87315302215928   occ= 0
MO #568 energy= 1.87720235726322   occ= 0
MO #569 energy= 1.88001862038648   occ= 0
MO #570 energy= 1.88271101546988   occ= 0
MO #571 energy= 1.88962336523813   occ= 0
MO #572 energy= 1.890167498954     occ= 0
MO #573 energy= 1.89199836844174   occ= 0
MO #574 energy= 1.89306818888194   occ= 0
MO #575 energy= 1.89989856814692   occ= 0
MO #576 energy= 1.90522360164816   occ= 0
MO #577 energy= 1.90954421942004   occ= 0
MO #578 energy= 1.91173053385274   occ= 0
MO #579 energy= 1.91202252532275   occ= 0
MO #580 energy= 1.91979265158315   occ= 0
MO #581 energy= 1.92343935145286   occ= 0
MO #582 energy= 1.9281789843872    occ= 0
MO #583 energy= 1.93965523081388   occ= 0
MO #584 energy= 1.94308079431873   occ= 0
MO #585 energy= 1.94791503572304   occ= 0
MO #586 energy= 1.95234101174478   occ= 0
MO #587 energy= 1.9560605908325    occ= 0
MO #588 energy= 1.95743736122673   occ= 0
MO #589 energy= 1.96396184793313   occ= 0
MO #590 energy= 1.96437694008374   occ= 0
MO #591 energy= 1.96842721778987   occ= 0
MO #592 energy= 1.97289776823628   occ= 0
MO #593 energy= 1.98233370490764   occ= 0
MO #594 energy= 1.98585357350363   occ= 0
MO #595 energy= 1.9933800301837    occ= 0
MO #596 energy= 1.99780527231358   occ= 0
MO #597 energy= 1.99964072384066   occ= 0
MO #598 energy= 2.00107886666011   occ= 0
MO #599 energy= 2.00738004951192   occ= 0
MO #600 energy= 2.01336471217042   occ= 0
MO #601 energy= 2.03396770058165   occ= 0
MO #602 energy= 2.03625840449294   occ= 0
MO #603 energy= 2.03851657558674   occ= 0
MO #604 energy= 2.04493436055454   occ= 0
MO #605 energy= 2.04872129516507   occ= 0
MO #606 energy= 2.05997423984306   occ= 0
MO #607 energy= 2.07319643435179   occ= 0
MO #608 energy= 2.0759433905445    occ= 0
MO #609 energy= 2.08434193480424   occ= 0
MO #610 energy= 2.09032881994127   occ= 0
MO #611 energy= 2.09140227014364   occ= 0
MO #612 energy= 2.09517614841262   occ= 0
MO #613 energy= 2.10452320041586   occ= 0
MO #614 energy= 2.10835484917835   occ= 0
MO #615 energy= 2.11490553138115   occ= 0
MO #616 energy= 2.11628418947499   occ= 0
MO #617 energy= 2.13142852051426   occ= 0
MO #618 energy= 2.13766900571176   occ= 0
MO #619 energy= 2.14004513303077   occ= 0
MO #620 energy= 2.1451911430523    occ= 0
MO #621 energy= 2.15317463049017   occ= 0
MO #622 energy= 2.15676204920664   occ= 0
MO #623 energy= 2.157455975459     occ= 0
MO #624 energy= 2.16228382618838   occ= 0
MO #625 energy= 2.16432142929694   occ= 0
MO #626 energy= 2.17474314311042   occ= 0
MO #627 energy= 2.17790036227644   occ= 0
MO #628 energy= 2.18706792204832   occ= 0
MO #629 energy= 2.18973179354925   occ= 0
MO #630 energy= 2.19736752820309   occ= 0
MO #631 energy= 2.19980876928492   occ= 0
MO #632 energy= 2.20383975387969   occ= 0
MO #633 energy= 2.2092445739831    occ= 0
MO #634 energy= 2.21484933926366   occ= 0
MO #635 energy= 2.2210565658986    occ= 0
MO #636 energy= 2.22798612196951   occ= 0
MO #637 energy= 2.23825554953702   occ= 0
MO #638 energy= 2.24459280847965   occ= 0
MO #639 energy= 2.24490145500017   occ= 0
MO #640 energy= 2.25912926397201   occ= 0
MO #641 energy= 2.26285018379468   occ= 0
MO #642 energy= 2.27623485860796   occ= 0
MO #643 energy= 2.2791833683453    occ= 0
MO #644 energy= 2.28496342639509   occ= 0
MO #645 energy= 2.29227423555406   occ= 0
MO #646 energy= 2.2935861245817    occ= 0
MO #647 energy= 2.30146222502004   occ= 0
MO #648 energy= 2.30422406598997   occ= 0
MO #649 energy= 2.31249963476941   occ= 0
MO #650 energy= 2.316821045976     occ= 0
MO #651 energy= 2.32760029812169   occ= 0
MO #652 energy= 2.32916831301174   occ= 0
MO #653 energy= 2.33311503521154   occ= 0
MO #654 energy= 2.33477067309359   occ= 0
MO #655 energy= 2.33690137817424   occ= 0
MO #656 energy= 2.34034331135934   occ= 0
MO #657 energy= 2.34758226541753   occ= 0
MO #658 energy= 2.35448689319858   occ= 0
MO #659 energy= 2.36131324022851   occ= 0
MO #660 energy= 2.36364266962473   occ= 0
MO #661 energy= 2.36805597503696   occ= 0
MO #662 energy= 2.36856195840748   occ= 0
MO #663 energy= 2.37693645228153   occ= 0
MO #664 energy= 2.37933413606408   occ= 0
MO #665 energy= 2.39343423259035   occ= 0
MO #666 energy= 2.39426645772952   occ= 0
MO #667 energy= 2.41822142215492   occ= 0
MO #668 energy= 2.42430369635945   occ= 0
MO #669 energy= 2.42657970310448   occ= 0
MO #670 energy= 2.42917429376621   occ= 0
MO #671 energy= 2.43602001048496   occ= 0
MO #672 energy= 2.44285623068619   occ= 0
MO #673 energy= 2.45552436042157   occ= 0
MO #674 energy= 2.46182303819568   occ= 0
MO #675 energy= 2.47890504555306   occ= 0
MO #676 energy= 2.48596384963956   occ= 0
MO #677 energy= 2.50469508971119   occ= 0
MO #678 energy= 2.50876603914613   occ= 0
MO #679 energy= 2.51248841881984   occ= 0
MO #680 energy= 2.52961352087762   occ= 0
MO #681 energy= 2.5307732123508    occ= 0
MO #682 energy= 2.55653928258206   occ= 0
MO #683 energy= 2.58020656304201   occ= 0
MO #684 energy= 2.58818861227456   occ= 0
MO #685 energy= 2.59458698114933   occ= 0
MO #686 energy= 2.59708384984225   occ= 0
MO #687 energy= 2.60216272286303   occ= 0
MO #688 energy= 2.60731137155446   occ= 0
MO #689 energy= 2.61201653151841   occ= 0
MO #690 energy= 2.61371885139943   occ= 0
MO #691 energy= 2.620041139095     occ= 0
MO #692 energy= 2.62461195023296   occ= 0
MO #693 energy= 2.63051564250552   occ= 0
MO #694 energy= 2.63719225103433   occ= 0
MO #695 energy= 2.64017717536167   occ= 0
MO #696 energy= 2.6444841284133    occ= 0
MO #697 energy= 2.64972945571878   occ= 0
MO #698 energy= 2.65395564386428   occ= 0
MO #699 energy= 2.65770450144527   occ= 0
MO #700 energy= 2.65850312427349   occ= 0
MO #701 energy= 2.66353377037932   occ= 0
MO #702 energy= 2.66862732486296   occ= 0
MO #703 energy= 2.67121779742652   occ= 0
MO #704 energy= 2.67259206603446   occ= 0
MO #705 energy= 2.67523040636869   occ= 0
MO #706 energy= 2.68164490427228   occ= 0
MO #707 energy= 2.6826578769111    occ= 0
MO #708 energy= 2.68574137344654   occ= 0
MO #709 energy= 2.69407646740275   occ= 0
MO #710 energy= 2.70488434591454   occ= 0
MO #711 energy= 2.70764980938063   occ= 0
MO #712 energy= 2.7168517851753    occ= 0
MO #713 energy= 2.73123230675557   occ= 0
MO #714 energy= 2.74515415205587   occ= 0
MO #715 energy= 2.75490906256831   occ= 0
MO #716 energy= 2.76210461545807   occ= 0
MO #717 energy= 2.76644341749601   occ= 0
MO #718 energy= 2.77476658869823   occ= 0
MO #719 energy= 2.78272933985061   occ= 0
MO #720 energy= 2.80370041783002   occ= 0
MO #721 energy= 2.80539142431205   occ= 0
MO #722 energy= 2.8101449641189    occ= 0
MO #723 energy= 2.81116316055295   occ= 0
MO #724 energy= 2.81341281487042   occ= 0
MO #725 energy= 2.82895987323571   occ= 0
MO #726 energy= 2.83650926227638   occ= 0
MO #727 energy= 2.85173972927183   occ= 0
MO #728 energy= 2.85762972487775   occ= 0
MO #729 energy= 2.85967732754238   occ= 0
MO #730 energy= 2.8758506512454    occ= 0
MO #731 energy= 2.87880819585294   occ= 0
MO #732 energy= 2.88444396321118   occ= 0
MO #733 energy= 2.88470096716796   occ= 0
MO #734 energy= 2.88833907196118   occ= 0
MO #735 energy= 2.89300670794935   occ= 0
MO #736 energy= 2.89343112205259   occ= 0
MO #737 energy= 2.89627504200612   occ= 0
MO #738 energy= 2.89875743848027   occ= 0
MO #739 energy= 2.90506622931238   occ= 0
MO #740 energy= 2.91493590898666   occ= 0
MO #741 energy= 2.92104853369346   occ= 0
MO #742 energy= 2.92405076030747   occ= 0
MO #743 energy= 2.9291371435504    occ= 0
MO #744 energy= 2.9337433170844    occ= 0
MO #745 energy= 2.94913783211292   occ= 0
MO #746 energy= 2.95721395553028   occ= 0
MO #747 energy= 2.96389345648841   occ= 0
MO #748 energy= 2.97555551300813   occ= 0
MO #749 energy= 2.98911509315158   occ= 0
MO #750 energy= 2.99591855095929   occ= 0
MO #751 energy= 3.00017597271436   occ= 0
MO #752 energy= 3.00504712350462   occ= 0
MO #753 energy= 3.00732140567222   occ= 0
MO #754 energy= 3.00927836068558   occ= 0
MO #755 energy= 3.01087828803923   occ= 0
MO #756 energy= 3.02792861167845   occ= 0
MO #757 energy= 3.04006263133799   occ= 0
MO #758 energy= 3.05004279751941   occ= 0
MO #759 energy= 3.05602882289245   occ= 0
MO #760 energy= 3.06252203028439   occ= 0
MO #761 energy= 3.07111604296925   occ= 0
MO #762 energy= 3.07786337987583   occ= 0
MO #763 energy= 3.08191797608128   occ= 0
MO #764 energy= 3.08797550596081   occ= 0
MO #765 energy= 3.09132848910788   occ= 0
MO #766 energy= 3.09301599725584   occ= 0
MO #767 energy= 3.09490899438163   occ= 0
MO #768 energy= 3.09905241538385   occ= 0
MO #769 energy= 3.11653325004229   occ= 0
MO #770 energy= 3.14820273133334   occ= 0
MO #771 energy= 3.14862867903672   occ= 0
MO #772 energy= 3.1506488839857    occ= 0
MO #773 energy= 3.15483392865778   occ= 0
MO #774 energy= 3.18750134331451   occ= 0
MO #775 energy= 3.21316517637027   occ= 0
MO #776 energy= 3.23574774798958   occ= 0
MO #777 energy= 3.23800996749898   occ= 0
MO #778 energy= 3.30131511698073   occ= 0
MO #779 energy= 3.35201412980615   occ= 0
MO #780 energy= 3.38142399236011   occ= 0
MO #781 energy= 3.38336882226097   occ= 0
MO #782 energy= 3.42613993643746   occ= 0
MO #783 energy= 3.42748726312673   occ= 0
MO #784 energy= 3.44347082304335   occ= 0
MO #785 energy= 3.50241102728209   occ= 0
MO #786 energy= 3.50530382556588   occ= 0
MO #787 energy= 3.59874453772113   occ= 0
MO #788 energy= 3.64857849210125   occ= 0
MO #789 energy= 3.69564116921426   occ= 0
MO #790 energy= 3.73552361506085   occ= 0
MO #791 energy= 3.73769204127122   occ= 0
 ** Mulliken atomic charges  **
charge of  0O =     -0.78616
charge of  1P =      1.75056
charge of  2O =     -0.65730
charge of  3O =     -0.53961
charge of  4C =      0.16328
charge of  5C =      0.00279
charge of  6C =     -0.18024
charge of  7C =     -0.00046
charge of  8C =     -0.10729
charge of  9C =     -0.13269
charge of  10C =      0.20438
charge of  11O =     -0.34044
charge of  12C =     -0.06945
charge of  13C =     -0.16582
charge of  14C =     -0.10023
charge of  15C =     -0.12103
charge of  16C =      0.00908
charge of  17C =     -0.00150
charge of  18C =     -0.17704
charge of  19C =     -0.16465
charge of  20C =     -0.16142
charge of  21C =     -0.16956
charge of  22C =     -0.02687
charge of  23C =     -0.02969
charge of  24C =      0.15961
charge of  25O =     -0.54688
charge of  26C =      0.00526
charge of  27C =     -0.18031
charge of  28C =      0.00059
charge of  29C =     -0.10663
charge of  30C =     -0.16900
charge of  31C =      0.20362
charge of  32O =     -0.34107
charge of  33C =     -0.06918
charge of  34C =     -0.12976
charge of  35C =     -0.10199
charge of  36C =     -0.11586
charge of  37C =      0.00979
charge of  38C =     -0.00114
charge of  39C =     -0.17713
charge of  40C =     -0.16468
charge of  41C =     -0.16145
charge of  42C =     -0.16960
charge of  43H =      0.35075
charge of  44H =      0.10821
charge of  45H =      0.10862
charge of  46H =      0.09934
charge of  47H =      0.10940
charge of  48H =      0.11475
charge of  49H =      0.08945
charge of  50H =      0.09037
charge of  51H =      0.10250
charge of  52H =      0.09992
charge of  53H =      0.10636
charge of  54H =      0.09843
charge of  55H =      0.09731
charge of  56H =      0.08656
charge of  57H =      0.08608
charge of  58H =      0.08605
charge of  59H =      0.08744
charge of  60H =      0.09029
charge of  61H =      0.09255
charge of  62H =      0.10822
charge of  63H =      0.11200
charge of  64H =      0.09853
charge of  65H =      0.10182
charge of  66H =      0.08999
charge of  67H =      0.11415
charge of  68H =      0.08921
charge of  69H =      0.10875
charge of  70H =      0.10128
charge of  71H =      0.10362
charge of  72H =      0.09792
charge of  73H =      0.09780
charge of  74H =      0.08631
charge of  75H =      0.08598
charge of  76H =      0.08660
charge of  77H =      0.08749
charge of  78H =      0.09052
charge of  79H =      0.09258
Dipole moment(X, Y, Z, Debye): -1.54205, -1.78736,  1.52975
def2-svp b3lyp 163.77018427848816
