/public3/home/scg5914/software-scg5914/LSW/1/data/data2/std_data/def2svp_b3lyp/cat_25.xyz
converged SCF energy = -2186.28399411209
**** MO energy ****
MO #1   energy= -77.2155713221459  occ= 2
MO #2   energy= -19.1818164056253  occ= 2
MO #3   energy= -19.1777106330886  occ= 2
MO #4   energy= -19.1690900027727  occ= 2
MO #5   energy= -19.0858072310129  occ= 2
MO #6   energy= -10.2572688794997  occ= 2
MO #7   energy= -10.2549096507714  occ= 2
MO #8   energy= -10.2045769267972  occ= 2
MO #9   energy= -10.203312866234   occ= 2
MO #10  energy= -10.200862393244   occ= 2
MO #11  energy= -10.2000747970159  occ= 2
MO #12  energy= -10.1989467425848  occ= 2
MO #13  energy= -10.1986535200092  occ= 2
MO #14  energy= -10.1966867032887  occ= 2
MO #15  energy= -10.1954164465002  occ= 2
MO #16  energy= -10.1942475601121  occ= 2
MO #17  energy= -10.1926271579952  occ= 2
MO #18  energy= -10.1912793756679  occ= 2
MO #19  energy= -10.1909255221317  occ= 2
MO #20  energy= -10.1898343433629  occ= 2
MO #21  energy= -10.1889438895717  occ= 2
MO #22  energy= -10.1885889532781  occ= 2
MO #23  energy= -10.1885617298844  occ= 2
MO #24  energy= -10.1878619971911  occ= 2
MO #25  energy= -10.1878103113346  occ= 2
MO #26  energy= -10.1874864560723  occ= 2
MO #27  energy= -10.1871278107927  occ= 2
MO #28  energy= -10.1862436637502  occ= 2
MO #29  energy= -10.1841761390395  occ= 2
MO #30  energy= -10.1838990915745  occ= 2
MO #31  energy= -10.1808760594635  occ= 2
MO #32  energy= -10.1803190653836  occ= 2
MO #33  energy= -10.1792896537974  occ= 2
MO #34  energy= -10.1776567850728  occ= 2
MO #35  energy= -10.1770808572603  occ= 2
MO #36  energy= -10.1763396569154  occ= 2
MO #37  energy= -10.1763027865344  occ= 2
MO #38  energy= -10.1739388245633  occ= 2
MO #39  energy= -10.17299554987    occ= 2
MO #40  energy= -10.170896492544   occ= 2
MO #41  energy= -10.1703899903986  occ= 2
MO #42  energy= -10.1701617805972  occ= 2
MO #43  energy= -10.1682106528262  occ= 2
MO #44  energy= -10.1676635024885  occ= 2
MO #45  energy= -10.1674933784838  occ= 2
MO #46  energy= -6.6914335603621   occ= 2
MO #47  energy= -4.85896231104656  occ= 2
MO #48  energy= -4.85850630934806  occ= 2
MO #49  energy= -4.85668742848465  occ= 2
MO #50  energy= -1.11787278737476  occ= 2
MO #51  energy= -1.05537288920651  occ= 2
MO #52  energy= -1.04327941463     occ= 2
MO #53  energy= -0.956039813400851 occ= 2
MO #54  energy= -0.888898469161242 occ= 2
MO #55  energy= -0.876158044295515 occ= 2
MO #56  energy= -0.859958933737666 occ= 2
MO #57  energy= -0.856336648472334 occ= 2
MO #58  energy= -0.832751736019541 occ= 2
MO #59  energy= -0.82837826117844  occ= 2
MO #60  energy= -0.817245552299633 occ= 2
MO #61  energy= -0.805878187833983 occ= 2
MO #62  energy= -0.795297175208584 occ= 2
MO #63  energy= -0.760971543795536 occ= 2
MO #64  energy= -0.757338137523954 occ= 2
MO #65  energy= -0.75451837559765  occ= 2
MO #66  energy= -0.739979815270741 occ= 2
MO #67  energy= -0.737771997230348 occ= 2
MO #68  energy= -0.73438012211829  occ= 2
MO #69  energy= -0.722348691840112 occ= 2
MO #70  energy= -0.711418626452846 occ= 2
MO #71  energy= -0.700981404936812 occ= 2
MO #72  energy= -0.679941391222811 occ= 2
MO #73  energy= -0.67862527791843  occ= 2
MO #74  energy= -0.676981596532962 occ= 2
MO #75  energy= -0.67621035864543  occ= 2
MO #76  energy= -0.672722861006026 occ= 2
MO #77  energy= -0.642066344398808 occ= 2
MO #78  energy= -0.63641815888292  occ= 2
MO #79  energy= -0.629368592218013 occ= 2
MO #80  energy= -0.620507877480669 occ= 2
MO #81  energy= -0.602068733779149 occ= 2
MO #82  energy= -0.598566748877273 occ= 2
MO #83  energy= -0.593813162940078 occ= 2
MO #84  energy= -0.593403621104405 occ= 2
MO #85  energy= -0.589044623066187 occ= 2
MO #86  energy= -0.574623110998659 occ= 2
MO #87  energy= -0.56132001744127  occ= 2
MO #88  energy= -0.553596111762527 occ= 2
MO #89  energy= -0.544587196651429 occ= 2
MO #90  energy= -0.541204112416968 occ= 2
MO #91  energy= -0.53707606769755  occ= 2
MO #92  energy= -0.527450476828819 occ= 2
MO #93  energy= -0.518384311033605 occ= 2
MO #94  energy= -0.511699036206667 occ= 2
MO #95  energy= -0.490716557034102 occ= 2
MO #96  energy= -0.48653245803422  occ= 2
MO #97  energy= -0.479731299810852 occ= 2
MO #98  energy= -0.474479416087758 occ= 2
MO #99  energy= -0.4720143217225   occ= 2
MO #100 energy= -0.465885578059694 occ= 2
MO #101 energy= -0.460315676759102 occ= 2
MO #102 energy= -0.453092356459721 occ= 2
MO #103 energy= -0.452012106551714 occ= 2
MO #104 energy= -0.451379326727254 occ= 2
MO #105 energy= -0.446619228656655 occ= 2
MO #106 energy= -0.443165806428648 occ= 2
MO #107 energy= -0.441005054934666 occ= 2
MO #108 energy= -0.439134574617101 occ= 2
MO #109 energy= -0.438126601009638 occ= 2
MO #110 energy= -0.436723681177939 occ= 2
MO #111 energy= -0.435711208568746 occ= 2
MO #112 energy= -0.433416113839876 occ= 2
MO #113 energy= -0.431110148981385 occ= 2
MO #114 energy= -0.4267209947222   occ= 2
MO #115 energy= -0.423702128031585 occ= 2
MO #116 energy= -0.420951444071892 occ= 2
MO #117 energy= -0.415478751796911 occ= 2
MO #118 energy= -0.412475415005501 occ= 2
MO #119 energy= -0.407977745243476 occ= 2
MO #120 energy= -0.405091819730724 occ= 2
MO #121 energy= -0.396762496511626 occ= 2
MO #122 energy= -0.3963568494555   occ= 2
MO #123 energy= -0.394012082177861 occ= 2
MO #124 energy= -0.392247433447738 occ= 2
MO #125 energy= -0.382762237584197 occ= 2
MO #126 energy= -0.380217106745449 occ= 2
MO #127 energy= -0.37754313125853  occ= 2
MO #128 energy= -0.375508373492282 occ= 2
MO #129 energy= -0.373778117324531 occ= 2
MO #130 energy= -0.372362081556571 occ= 2
MO #131 energy= -0.366196965916827 occ= 2
MO #132 energy= -0.363828426213545 occ= 2
MO #133 energy= -0.363488919865871 occ= 2
MO #134 energy= -0.361839059108587 occ= 2
MO #135 energy= -0.360400715398922 occ= 2
MO #136 energy= -0.358957463431606 occ= 2
MO #137 energy= -0.351025498301158 occ= 2
MO #138 energy= -0.350340167070451 occ= 2
MO #139 energy= -0.34949679450703  occ= 2
MO #140 energy= -0.347144182531507 occ= 2
MO #141 energy= -0.33525591264988  occ= 2
MO #142 energy= -0.334159830307369 occ= 2
MO #143 energy= -0.331821165032256 occ= 2
MO #144 energy= -0.331005060605174 occ= 2
MO #145 energy= -0.325666935407624 occ= 2
MO #146 energy= -0.324797801040557 occ= 2
MO #147 energy= -0.319806718423115 occ= 2
MO #148 energy= -0.316641294729215 occ= 2
MO #149 energy= -0.314965626491406 occ= 2
MO #150 energy= -0.312018564467455 occ= 2
MO #151 energy= -0.299948147416308 occ= 2
MO #152 energy= -0.298056070962963 occ= 2
MO #153 energy= -0.293044162673184 occ= 2
MO #154 energy= -0.287282001424117 occ= 2
MO #155 energy= -0.26259355433872  occ= 2
MO #156 energy= -0.260105622763358 occ= 2
MO #157 energy= -0.251575599833655 occ= 2
MO #158 energy= -0.247422551903669 occ= 2
MO #159 energy= -0.233820679293718 occ= 2
MO #160 energy= -0.231127258077571 occ= 2
MO #161 energy= -0.220099976968007 occ= 2
MO #162 energy= -0.213733927418191 occ= 2
MO #163 energy= -0.0581712260217488 occ= 0
MO #164 energy= -0.0480350145282643 occ= 0
MO #165 energy= -0.0280186380695956 occ= 0
MO #166 energy= -0.0235067731803839 occ= 0
MO #167 energy= -0.00216722438473708 occ= 0
MO #168 energy= 0.00187450559849242 occ= 0
MO #169 energy= 0.00823157121153419 occ= 0
MO #170 energy= 0.0135171384894011 occ= 0
MO #171 energy= 0.0159131470822057 occ= 0
MO #172 energy= 0.0321622508254754 occ= 0
MO #173 energy= 0.0459148255583661 occ= 0
MO #174 energy= 0.0563601284418279 occ= 0
MO #175 energy= 0.0586129010543423 occ= 0
MO #176 energy= 0.0693480992499399 occ= 0
MO #177 energy= 0.0711727119775632 occ= 0
MO #178 energy= 0.0855585198959285 occ= 0
MO #179 energy= 0.0865989613934379 occ= 0
MO #180 energy= 0.0890506698970471 occ= 0
MO #181 energy= 0.0898357739369079 occ= 0
MO #182 energy= 0.0929170424310708 occ= 0
MO #183 energy= 0.0936665300962973 occ= 0
MO #184 energy= 0.0986000576457251 occ= 0
MO #185 energy= 0.102275088273496  occ= 0
MO #186 energy= 0.104277988412158  occ= 0
MO #187 energy= 0.106760064131325  occ= 0
MO #188 energy= 0.111433039855435  occ= 0
MO #189 energy= 0.112841182515484  occ= 0
MO #190 energy= 0.116661306660236  occ= 0
MO #191 energy= 0.119510699715782  occ= 0
MO #192 energy= 0.121655194020388  occ= 0
MO #193 energy= 0.1252622480574    occ= 0
MO #194 energy= 0.129525560464348  occ= 0
MO #195 energy= 0.130604401816923  occ= 0
MO #196 energy= 0.131921151953623  occ= 0
MO #197 energy= 0.133856763051808  occ= 0
MO #198 energy= 0.137210830649535  occ= 0
MO #199 energy= 0.140826325772126  occ= 0
MO #200 energy= 0.14463430975427   occ= 0
MO #201 energy= 0.148101660061885  occ= 0
MO #202 energy= 0.150691032134214  occ= 0
MO #203 energy= 0.153337042793525  occ= 0
MO #204 energy= 0.155879305678124  occ= 0
MO #205 energy= 0.161802021431228  occ= 0
MO #206 energy= 0.163818049799313  occ= 0
MO #207 energy= 0.167743162531985  occ= 0
MO #208 energy= 0.171709495065583  occ= 0
MO #209 energy= 0.174819751622566  occ= 0
MO #210 energy= 0.176917079016933  occ= 0
MO #211 energy= 0.178518430801939  occ= 0
MO #212 energy= 0.180962112055354  occ= 0
MO #213 energy= 0.183573192642717  occ= 0
MO #214 energy= 0.188731533245417  occ= 0
MO #215 energy= 0.193603856949892  occ= 0
MO #216 energy= 0.196202525035753  occ= 0
MO #217 energy= 0.197532058084646  occ= 0
MO #218 energy= 0.198442904997165  occ= 0
MO #219 energy= 0.202296051255435  occ= 0
MO #220 energy= 0.207927231786772  occ= 0
MO #221 energy= 0.209972636970012  occ= 0
MO #222 energy= 0.211577584513743  occ= 0
MO #223 energy= 0.218862232487908  occ= 0
MO #224 energy= 0.226952890259288  occ= 0
MO #225 energy= 0.229607337131886  occ= 0
MO #226 energy= 0.249385234692916  occ= 0
MO #227 energy= 0.252062726930496  occ= 0
MO #228 energy= 0.25302479019659   occ= 0
MO #229 energy= 0.255651293235588  occ= 0
MO #230 energy= 0.256497933897474  occ= 0
MO #231 energy= 0.259090971505547  occ= 0
MO #232 energy= 0.269876317107983  occ= 0
MO #233 energy= 0.274470861662335  occ= 0
MO #234 energy= 0.275747380803684  occ= 0
MO #235 energy= 0.279418397523319  occ= 0
MO #236 energy= 0.285018749694004  occ= 0
MO #237 energy= 0.286580381922744  occ= 0
MO #238 energy= 0.29098391389777   occ= 0
MO #239 energy= 0.294340938234104  occ= 0
MO #240 energy= 0.298464001404263  occ= 0
MO #241 energy= 0.299172522467094  occ= 0
MO #242 energy= 0.303283321568292  occ= 0
MO #243 energy= 0.304707633509447  occ= 0
MO #244 energy= 0.310258337178942  occ= 0
MO #245 energy= 0.311510099320362  occ= 0
MO #246 energy= 0.317249906158034  occ= 0
MO #247 energy= 0.322078066637057  occ= 0
MO #248 energy= 0.326433587806871  occ= 0
MO #249 energy= 0.327961696604334  occ= 0
MO #250 energy= 0.331796211403907  occ= 0
MO #251 energy= 0.339883201297493  occ= 0
MO #252 energy= 0.349320079558531  occ= 0
MO #253 energy= 0.350555881870363  occ= 0
MO #254 energy= 0.352223590626327  occ= 0
MO #255 energy= 0.358876036570467  occ= 0
MO #256 energy= 0.360118691014661  occ= 0
MO #257 energy= 0.362146113579036  occ= 0
MO #258 energy= 0.366186274568367  occ= 0
MO #259 energy= 0.371719213744089  occ= 0
MO #260 energy= 0.382674114837981  occ= 0
MO #261 energy= 0.385228647809464  occ= 0
MO #262 energy= 0.388475827048621  occ= 0
MO #263 energy= 0.392098518554437  occ= 0
MO #264 energy= 0.395022222791771  occ= 0
MO #265 energy= 0.39534564009293   occ= 0
MO #266 energy= 0.397015979237783  occ= 0
MO #267 energy= 0.398138416079573  occ= 0
MO #268 energy= 0.404084458018745  occ= 0
MO #269 energy= 0.412970207266626  occ= 0
MO #270 energy= 0.414588530648562  occ= 0
MO #271 energy= 0.416559687205701  occ= 0
MO #272 energy= 0.420997542526166  occ= 0
MO #273 energy= 0.42444492740384   occ= 0
MO #274 energy= 0.425930768783886  occ= 0
MO #275 energy= 0.442361774251173  occ= 0
MO #276 energy= 0.443575214448533  occ= 0
MO #277 energy= 0.44654122985853   occ= 0
MO #278 energy= 0.450523321388275  occ= 0
MO #279 energy= 0.450694243619812  occ= 0
MO #280 energy= 0.458342298772273  occ= 0
MO #281 energy= 0.45947851465042   occ= 0
MO #282 energy= 0.462016188857751  occ= 0
MO #283 energy= 0.464404207238791  occ= 0
MO #284 energy= 0.467595216915229  occ= 0
MO #285 energy= 0.469884326238358  occ= 0
MO #286 energy= 0.474851843571865  occ= 0
MO #287 energy= 0.476216766929091  occ= 0
MO #288 energy= 0.477761216334505  occ= 0
MO #289 energy= 0.481917272221797  occ= 0
MO #290 energy= 0.484834603620644  occ= 0
MO #291 energy= 0.485638996672102  occ= 0
MO #292 energy= 0.489442998682195  occ= 0
MO #293 energy= 0.49272028514043   occ= 0
MO #294 energy= 0.496365411523204  occ= 0
MO #295 energy= 0.496643380754513  occ= 0
MO #296 energy= 0.498727815097067  occ= 0
MO #297 energy= 0.502593669877317  occ= 0
MO #298 energy= 0.5039117549496    occ= 0
MO #299 energy= 0.511463496960614  occ= 0
MO #300 energy= 0.513992430767604  occ= 0
MO #301 energy= 0.517684697348269  occ= 0
MO #302 energy= 0.526651619134008  occ= 0
MO #303 energy= 0.534802046639739  occ= 0
MO #304 energy= 0.538994832095723  occ= 0
MO #305 energy= 0.543239618297622  occ= 0
MO #306 energy= 0.544615786266169  occ= 0
MO #307 energy= 0.548480880508194  occ= 0
MO #308 energy= 0.553109668123248  occ= 0
MO #309 energy= 0.557118163175778  occ= 0
MO #310 energy= 0.557337320234029  occ= 0
MO #311 energy= 0.563341187367362  occ= 0
MO #312 energy= 0.570233544086389  occ= 0
MO #313 energy= 0.572398465840796  occ= 0
MO #314 energy= 0.573518345260595  occ= 0
MO #315 energy= 0.579414882652076  occ= 0
MO #316 energy= 0.5856843532537    occ= 0
MO #317 energy= 0.591871738298371  occ= 0
MO #318 energy= 0.593724467829143  occ= 0
MO #319 energy= 0.594181588548422  occ= 0
MO #320 energy= 0.596825189770426  occ= 0
MO #321 energy= 0.59909284062247   occ= 0
MO #322 energy= 0.602277271264486  occ= 0
MO #323 energy= 0.604256711609528  occ= 0
MO #324 energy= 0.605600357439523  occ= 0
MO #325 energy= 0.609795864683954  occ= 0
MO #326 energy= 0.614741678072584  occ= 0
MO #327 energy= 0.620857008879182  occ= 0
MO #328 energy= 0.624198267005468  occ= 0
MO #329 energy= 0.627292322615792  occ= 0
MO #330 energy= 0.628936680566404  occ= 0
MO #331 energy= 0.633461246244446  occ= 0
MO #332 energy= 0.634496239818824  occ= 0
MO #333 energy= 0.637318899272098  occ= 0
MO #334 energy= 0.63784187012689   occ= 0
MO #335 energy= 0.640185063430402  occ= 0
MO #336 energy= 0.64698387150132   occ= 0
MO #337 energy= 0.647913837651755  occ= 0
MO #338 energy= 0.648414605635761  occ= 0
MO #339 energy= 0.652789701878833  occ= 0
MO #340 energy= 0.654662993345226  occ= 0
MO #341 energy= 0.658448928252098  occ= 0
MO #342 energy= 0.659310597297827  occ= 0
MO #343 energy= 0.660930285769727  occ= 0
MO #344 energy= 0.663618550483588  occ= 0
MO #345 energy= 0.664075224549376  occ= 0
MO #346 energy= 0.666519487192761  occ= 0
MO #347 energy= 0.667244966684798  occ= 0
MO #348 energy= 0.669655025046862  occ= 0
MO #349 energy= 0.670449332199798  occ= 0
MO #350 energy= 0.672826596543324  occ= 0
MO #351 energy= 0.674026935986578  occ= 0
MO #352 energy= 0.677057759335734  occ= 0
MO #353 energy= 0.678311110348232  occ= 0
MO #354 energy= 0.682107407998136  occ= 0
MO #355 energy= 0.683106165123167  occ= 0
MO #356 energy= 0.685110068347214  occ= 0
MO #357 energy= 0.687312386672799  occ= 0
MO #358 energy= 0.692214936627843  occ= 0
MO #359 energy= 0.695539897423031  occ= 0
MO #360 energy= 0.697263627633768  occ= 0
MO #361 energy= 0.699285089098406  occ= 0
MO #362 energy= 0.700822533042009  occ= 0
MO #363 energy= 0.706234705260572  occ= 0
MO #364 energy= 0.708004723271227  occ= 0
MO #365 energy= 0.708557347762464  occ= 0
MO #366 energy= 0.710598498446692  occ= 0
MO #367 energy= 0.712138763862415  occ= 0
MO #368 energy= 0.713272740867671  occ= 0
MO #369 energy= 0.715657622063778  occ= 0
MO #370 energy= 0.716856173973049  occ= 0
MO #371 energy= 0.717829079624567  occ= 0
MO #372 energy= 0.719396174237942  occ= 0
MO #373 energy= 0.724047551115955  occ= 0
MO #374 energy= 0.72535758531667   occ= 0
MO #375 energy= 0.728874285775211  occ= 0
MO #376 energy= 0.729876932451824  occ= 0
MO #377 energy= 0.732103593325589  occ= 0
MO #378 energy= 0.736237322174115  occ= 0
MO #379 energy= 0.738642777796608  occ= 0
MO #380 energy= 0.740980479373126  occ= 0
MO #381 energy= 0.743320406440907  occ= 0
MO #382 energy= 0.744242538488149  occ= 0
MO #383 energy= 0.751536023764906  occ= 0
MO #384 energy= 0.753469543172543  occ= 0
MO #385 energy= 0.756073091480813  occ= 0
MO #386 energy= 0.763275533424119  occ= 0
MO #387 energy= 0.765002959905829  occ= 0
MO #388 energy= 0.767170115648317  occ= 0
MO #389 energy= 0.769582736586814  occ= 0
MO #390 energy= 0.771498756728026  occ= 0
MO #391 energy= 0.772296114319178  occ= 0
MO #392 energy= 0.779404409283432  occ= 0
MO #393 energy= 0.782754472106369  occ= 0
MO #394 energy= 0.787255951420871  occ= 0
MO #395 energy= 0.790943061146616  occ= 0
MO #396 energy= 0.798341379395527  occ= 0
MO #397 energy= 0.804742989845341  occ= 0
MO #398 energy= 0.806260022937404  occ= 0
MO #399 energy= 0.809625161627875  occ= 0
MO #400 energy= 0.814781527182082  occ= 0
MO #401 energy= 0.81718874517421   occ= 0
MO #402 energy= 0.823904971575491  occ= 0
MO #403 energy= 0.824489250430407  occ= 0
MO #404 energy= 0.826015055886427  occ= 0
MO #405 energy= 0.83316242664092   occ= 0
MO #406 energy= 0.83584264796086   occ= 0
MO #407 energy= 0.838032071455     occ= 0
MO #408 energy= 0.846860435375256  occ= 0
MO #409 energy= 0.849425528872222  occ= 0
MO #410 energy= 0.856900849307084  occ= 0
MO #411 energy= 0.861221699205021  occ= 0
MO #412 energy= 0.865171722333041  occ= 0
MO #413 energy= 0.875553397727543  occ= 0
MO #414 energy= 0.877525552033763  occ= 0
MO #415 energy= 0.88453080937445   occ= 0
MO #416 energy= 0.885693611744794  occ= 0
MO #417 energy= 0.892033097734911  occ= 0
MO #418 energy= 0.894746798768609  occ= 0
MO #419 energy= 0.911352493489441  occ= 0
MO #420 energy= 0.919862027471085  occ= 0
MO #421 energy= 0.922581113121539  occ= 0
MO #422 energy= 0.926645868214953  occ= 0
MO #423 energy= 0.940408611995041  occ= 0
MO #424 energy= 0.948142444822364  occ= 0
MO #425 energy= 0.951811611964655  occ= 0
MO #426 energy= 0.962137423508348  occ= 0
MO #427 energy= 0.96751271347644   occ= 0
MO #428 energy= 0.969307800053899  occ= 0
MO #429 energy= 0.97240981390735   occ= 0
MO #430 energy= 0.984320560877161  occ= 0
MO #431 energy= 0.994786479400065  occ= 0
MO #432 energy= 1.00387017110725   occ= 0
MO #433 energy= 1.00799938378084   occ= 0
MO #434 energy= 1.0159999427268    occ= 0
MO #435 energy= 1.02001077720163   occ= 0
MO #436 energy= 1.02509187889626   occ= 0
MO #437 energy= 1.03560832664056   occ= 0
MO #438 energy= 1.04053889807636   occ= 0
MO #439 energy= 1.05203122365851   occ= 0
MO #440 energy= 1.05518906258042   occ= 0
MO #441 energy= 1.06208133869488   occ= 0
MO #442 energy= 1.06889874810921   occ= 0
MO #443 energy= 1.08224790369314   occ= 0
MO #444 energy= 1.08791332449904   occ= 0
MO #445 energy= 1.09438747018579   occ= 0
MO #446 energy= 1.09578799713713   occ= 0
MO #447 energy= 1.11712410582126   occ= 0
MO #448 energy= 1.11825963921308   occ= 0
MO #449 energy= 1.13390744732496   occ= 0
MO #450 energy= 1.14317717901831   occ= 0
MO #451 energy= 1.14886195006317   occ= 0
MO #452 energy= 1.15115647767897   occ= 0
MO #453 energy= 1.15134937303776   occ= 0
MO #454 energy= 1.15472684182061   occ= 0
MO #455 energy= 1.16996735570605   occ= 0
MO #456 energy= 1.17444190023401   occ= 0
MO #457 energy= 1.18223582543404   occ= 0
MO #458 energy= 1.18929686653269   occ= 0
MO #459 energy= 1.19085841086869   occ= 0
MO #460 energy= 1.19407275951141   occ= 0
MO #461 energy= 1.20228018548001   occ= 0
MO #462 energy= 1.2077563156548    occ= 0
MO #463 energy= 1.21236800124492   occ= 0
MO #464 energy= 1.22428363521717   occ= 0
MO #465 energy= 1.22861200088175   occ= 0
MO #466 energy= 1.23762936954704   occ= 0
MO #467 energy= 1.24232081936905   occ= 0
MO #468 energy= 1.24598920550387   occ= 0
MO #469 energy= 1.24874064145298   occ= 0
MO #470 energy= 1.2543335933067    occ= 0
MO #471 energy= 1.25596584767075   occ= 0
MO #472 energy= 1.26160554311929   occ= 0
MO #473 energy= 1.26374336756954   occ= 0
MO #474 energy= 1.26818877012256   occ= 0
MO #475 energy= 1.27224667752813   occ= 0
MO #476 energy= 1.27256151865553   occ= 0
MO #477 energy= 1.27680787717612   occ= 0
MO #478 energy= 1.27904971159943   occ= 0
MO #479 energy= 1.28164464264755   occ= 0
MO #480 energy= 1.28215267930122   occ= 0
MO #481 energy= 1.28516129526086   occ= 0
MO #482 energy= 1.29177808474722   occ= 0
MO #483 energy= 1.29283694279068   occ= 0
MO #484 energy= 1.29627305475959   occ= 0
MO #485 energy= 1.30428955307021   occ= 0
MO #486 energy= 1.30489810126083   occ= 0
MO #487 energy= 1.31326604911103   occ= 0
MO #488 energy= 1.31716431055622   occ= 0
MO #489 energy= 1.32271478078113   occ= 0
MO #490 energy= 1.32405459867533   occ= 0
MO #491 energy= 1.32634057792056   occ= 0
MO #492 energy= 1.32978339602131   occ= 0
MO #493 energy= 1.3318010056649    occ= 0
MO #494 energy= 1.33867231195181   occ= 0
MO #495 energy= 1.34213584341633   occ= 0
MO #496 energy= 1.34237070502918   occ= 0
MO #497 energy= 1.36815289520861   occ= 0
MO #498 energy= 1.37317764137925   occ= 0
MO #499 energy= 1.37877856636029   occ= 0
MO #500 energy= 1.40037106882391   occ= 0
MO #501 energy= 1.40290516007646   occ= 0
MO #502 energy= 1.40427122921855   occ= 0
MO #503 energy= 1.40624048344621   occ= 0
MO #504 energy= 1.42074490732677   occ= 0
MO #505 energy= 1.44186973105552   occ= 0
MO #506 energy= 1.45952055569575   occ= 0
MO #507 energy= 1.47197884779893   occ= 0
MO #508 energy= 1.48357238165878   occ= 0
MO #509 energy= 1.48724626192132   occ= 0
MO #510 energy= 1.51365839263842   occ= 0
MO #511 energy= 1.52779547303596   occ= 0
MO #512 energy= 1.53180931902895   occ= 0
MO #513 energy= 1.53610874876995   occ= 0
MO #514 energy= 1.5388661505933    occ= 0
MO #515 energy= 1.53980415157451   occ= 0
MO #516 energy= 1.54151066913733   occ= 0
MO #517 energy= 1.54399706628627   occ= 0
MO #518 energy= 1.5460398362711    occ= 0
MO #519 energy= 1.54737940604596   occ= 0
MO #520 energy= 1.55286942969888   occ= 0
MO #521 energy= 1.56591116893959   occ= 0
MO #522 energy= 1.56877068878174   occ= 0
MO #523 energy= 1.5709621448858    occ= 0
MO #524 energy= 1.57284004971242   occ= 0
MO #525 energy= 1.57425339312725   occ= 0
MO #526 energy= 1.57737702331112   occ= 0
MO #527 energy= 1.58574666116337   occ= 0
MO #528 energy= 1.61236903568139   occ= 0
MO #529 energy= 1.62265149952273   occ= 0
MO #530 energy= 1.62338058774025   occ= 0
MO #531 energy= 1.63357009195316   occ= 0
MO #532 energy= 1.64546466072785   occ= 0
MO #533 energy= 1.65146716265368   occ= 0
MO #534 energy= 1.65679230124205   occ= 0
MO #535 energy= 1.66756619370663   occ= 0
MO #536 energy= 1.67043152827538   occ= 0
MO #537 energy= 1.67292401387966   occ= 0
MO #538 energy= 1.67712690977657   occ= 0
MO #539 energy= 1.67883245294461   occ= 0
MO #540 energy= 1.69463143669195   occ= 0
MO #541 energy= 1.69702772361824   occ= 0
MO #542 energy= 1.69750531258571   occ= 0
MO #543 energy= 1.69911579695171   occ= 0
MO #544 energy= 1.70200328236656   occ= 0
MO #545 energy= 1.70467678366985   occ= 0
MO #546 energy= 1.7112582442651    occ= 0
MO #547 energy= 1.7150492322553    occ= 0
MO #548 energy= 1.71828214077029   occ= 0
MO #549 energy= 1.72327329239421   occ= 0
MO #550 energy= 1.72583330783377   occ= 0
MO #551 energy= 1.7352163002949    occ= 0
MO #552 energy= 1.73723487439767   occ= 0
MO #553 energy= 1.73924740744207   occ= 0
MO #554 energy= 1.74172656328075   occ= 0
MO #555 energy= 1.74285038478724   occ= 0
MO #556 energy= 1.74499777049325   occ= 0
MO #557 energy= 1.7465975195261    occ= 0
MO #558 energy= 1.74895254535944   occ= 0
MO #559 energy= 1.75149839524958   occ= 0
MO #560 energy= 1.75880965866805   occ= 0
MO #561 energy= 1.76022866828524   occ= 0
MO #562 energy= 1.76495516023344   occ= 0
MO #563 energy= 1.76803184727985   occ= 0
MO #564 energy= 1.77161029907744   occ= 0
MO #565 energy= 1.77394351091547   occ= 0
MO #566 energy= 1.78033473008872   occ= 0
MO #567 energy= 1.78465479451881   occ= 0
MO #568 energy= 1.78691062242742   occ= 0
MO #569 energy= 1.79034187940216   occ= 0
MO #570 energy= 1.79727229418899   occ= 0
MO #571 energy= 1.79802423694719   occ= 0
MO #572 energy= 1.80008047693535   occ= 0
MO #573 energy= 1.8063047334238    occ= 0
MO #574 energy= 1.80856423495887   occ= 0
MO #575 energy= 1.81246780961403   occ= 0
MO #576 energy= 1.81528166637313   occ= 0
MO #577 energy= 1.82494727981628   occ= 0
MO #578 energy= 1.82934172213932   occ= 0
MO #579 energy= 1.83177655607676   occ= 0
MO #580 energy= 1.83260844318494   occ= 0
MO #581 energy= 1.83372357469459   occ= 0
MO #582 energy= 1.83796074540422   occ= 0
MO #583 energy= 1.84238047443794   occ= 0
MO #584 energy= 1.84851397605647   occ= 0
MO #585 energy= 1.85067375226643   occ= 0
MO #586 energy= 1.85145469612951   occ= 0
MO #587 energy= 1.85320267919672   occ= 0
MO #588 energy= 1.85654193730592   occ= 0
MO #589 energy= 1.86021709974856   occ= 0
MO #590 energy= 1.86574072033279   occ= 0
MO #591 energy= 1.86797880525829   occ= 0
MO #592 energy= 1.87004388149183   occ= 0
MO #593 energy= 1.87880408773452   occ= 0
MO #594 energy= 1.88242947712779   occ= 0
MO #595 energy= 1.8899746275643    occ= 0
MO #596 energy= 1.89355180792646   occ= 0
MO #597 energy= 1.89523187062113   occ= 0
MO #598 energy= 1.89876699551527   occ= 0
MO #599 energy= 1.90469646107011   occ= 0
MO #600 energy= 1.91185523288364   occ= 0
MO #601 energy= 1.91557617126331   occ= 0
MO #602 energy= 1.91824244795133   occ= 0
MO #603 energy= 1.92914178729302   occ= 0
MO #604 energy= 1.93119415605269   occ= 0
MO #605 energy= 1.9402927938043    occ= 0
MO #606 energy= 1.94458219034332   occ= 0
MO #607 energy= 1.94738742880941   occ= 0
MO #608 energy= 1.95224667876465   occ= 0
MO #609 energy= 1.95601150257416   occ= 0
MO #610 energy= 1.95817481999918   occ= 0
MO #611 energy= 1.96078427918346   occ= 0
MO #612 energy= 1.96135227222772   occ= 0
MO #613 energy= 1.96940549471332   occ= 0
MO #614 energy= 1.97022260422841   occ= 0
MO #615 energy= 1.97497502676206   occ= 0
MO #616 energy= 1.97912244228699   occ= 0
MO #617 energy= 1.98986403704045   occ= 0
MO #618 energy= 1.99352404740194   occ= 0
MO #619 energy= 1.99483978171912   occ= 0
MO #620 energy= 2.00003392368489   occ= 0
MO #621 energy= 2.00424513997824   occ= 0
MO #622 energy= 2.00904761568112   occ= 0
MO #623 energy= 2.01276374261478   occ= 0
MO #624 energy= 2.01545040000555   occ= 0
MO #625 energy= 2.02000370080411   occ= 0
MO #626 energy= 2.02499517168236   occ= 0
MO #627 energy= 2.02606757879057   occ= 0
MO #628 energy= 2.02804911855915   occ= 0
MO #629 energy= 2.02847271045899   occ= 0
MO #630 energy= 2.03953186746192   occ= 0
MO #631 energy= 2.04955986124937   occ= 0
MO #632 energy= 2.05258633467742   occ= 0
MO #633 energy= 2.06094844687378   occ= 0
MO #634 energy= 2.06528139840277   occ= 0
MO #635 energy= 2.06992796302714   occ= 0
MO #636 energy= 2.07534170247739   occ= 0
MO #637 energy= 2.09435300849784   occ= 0
MO #638 energy= 2.09575794712602   occ= 0
MO #639 energy= 2.10334466265384   occ= 0
MO #640 energy= 2.10781595215029   occ= 0
MO #641 energy= 2.11715088016668   occ= 0
MO #642 energy= 2.12327563836627   occ= 0
MO #643 energy= 2.13478277852448   occ= 0
MO #644 energy= 2.13947360433909   occ= 0
MO #645 energy= 2.14857856629952   occ= 0
MO #646 energy= 2.14931548156935   occ= 0
MO #647 energy= 2.15363557287194   occ= 0
MO #648 energy= 2.15611947721692   occ= 0
MO #649 energy= 2.15693605120445   occ= 0
MO #650 energy= 2.16184960444023   occ= 0
MO #651 energy= 2.1656771073489    occ= 0
MO #652 energy= 2.17427399985051   occ= 0
MO #653 energy= 2.17843184305558   occ= 0
MO #654 energy= 2.18299719185239   occ= 0
MO #655 energy= 2.18680400928488   occ= 0
MO #656 energy= 2.19002416078676   occ= 0
MO #657 energy= 2.191371838227     occ= 0
MO #658 energy= 2.19910165582255   occ= 0
MO #659 energy= 2.20399946509802   occ= 0
MO #660 energy= 2.21033046389142   occ= 0
MO #661 energy= 2.21224306795663   occ= 0
MO #662 energy= 2.21717466607907   occ= 0
MO #663 energy= 2.22007623542219   occ= 0
MO #664 energy= 2.22703209017776   occ= 0
MO #665 energy= 2.23449402039367   occ= 0
MO #666 energy= 2.2364764621517    occ= 0
MO #667 energy= 2.24218258854899   occ= 0
MO #668 energy= 2.24529457219676   occ= 0
MO #669 energy= 2.25213803400051   occ= 0
MO #670 energy= 2.25826218650347   occ= 0
MO #671 energy= 2.27348553821378   occ= 0
MO #672 energy= 2.2793865458299    occ= 0
MO #673 energy= 2.2880406753596    occ= 0
MO #674 energy= 2.29494737903302   occ= 0
MO #675 energy= 2.30753761836314   occ= 0
MO #676 energy= 2.31536433514744   occ= 0
MO #677 energy= 2.3188109220749    occ= 0
MO #678 energy= 2.32858278849703   occ= 0
MO #679 energy= 2.33496780847721   occ= 0
MO #680 energy= 2.33849727109063   occ= 0
MO #681 energy= 2.34028466847192   occ= 0
MO #682 energy= 2.34288786624988   occ= 0
MO #683 energy= 2.34629798478574   occ= 0
MO #684 energy= 2.3524969802262    occ= 0
MO #685 energy= 2.36448975518304   occ= 0
MO #686 energy= 2.36843171742136   occ= 0
MO #687 energy= 2.37283832046668   occ= 0
MO #688 energy= 2.37338071997517   occ= 0
MO #689 energy= 2.37714458590519   occ= 0
MO #690 energy= 2.38578169867623   occ= 0
MO #691 energy= 2.39082438760206   occ= 0
MO #692 energy= 2.39524942376746   occ= 0
MO #693 energy= 2.39868732559055   occ= 0
MO #694 energy= 2.40895321705198   occ= 0
MO #695 energy= 2.41008452516038   occ= 0
MO #696 energy= 2.42305337004046   occ= 0
MO #697 energy= 2.42540235133465   occ= 0
MO #698 energy= 2.43793552903025   occ= 0
MO #699 energy= 2.44031837208579   occ= 0
MO #700 energy= 2.44379317135326   occ= 0
MO #701 energy= 2.46477506348252   occ= 0
MO #702 energy= 2.47016391559352   occ= 0
MO #703 energy= 2.47143008845514   occ= 0
MO #704 energy= 2.4734989418757    occ= 0
MO #705 energy= 2.47421510100532   occ= 0
MO #706 energy= 2.47719961021061   occ= 0
MO #707 energy= 2.49513506396507   occ= 0
MO #708 energy= 2.50022412918837   occ= 0
MO #709 energy= 2.51424490377975   occ= 0
MO #710 energy= 2.51687141863121   occ= 0
MO #711 energy= 2.54902742931357   occ= 0
MO #712 energy= 2.5511019118905    occ= 0
MO #713 energy= 2.55478789210176   occ= 0
MO #714 energy= 2.55881794769314   occ= 0
MO #715 energy= 2.56326826503315   occ= 0
MO #716 energy= 2.58066197355602   occ= 0
MO #717 energy= 2.58769405370784   occ= 0
MO #718 energy= 2.60440819756598   occ= 0
MO #719 energy= 2.6092543273926    occ= 0
MO #720 energy= 2.61231951240259   occ= 0
MO #721 energy= 2.61862124061917   occ= 0
MO #722 energy= 2.62982334772743   occ= 0
MO #723 energy= 2.63105428264918   occ= 0
MO #724 energy= 2.63573716834259   occ= 0
MO #725 energy= 2.64408684378965   occ= 0
MO #726 energy= 2.64553901444034   occ= 0
MO #727 energy= 2.65365390239647   occ= 0
MO #728 energy= 2.65433276965473   occ= 0
MO #729 energy= 2.65815739210456   occ= 0
MO #730 energy= 2.66125987707741   occ= 0
MO #731 energy= 2.66376372859018   occ= 0
MO #732 energy= 2.67149338242983   occ= 0
MO #733 energy= 2.67345256394633   occ= 0
MO #734 energy= 2.67430921007972   occ= 0
MO #735 energy= 2.67682265817168   occ= 0
MO #736 energy= 2.68648493126147   occ= 0
MO #737 energy= 2.68862854288439   occ= 0
MO #738 energy= 2.69414934386429   occ= 0
MO #739 energy= 2.69648337200187   occ= 0
MO #740 energy= 2.69791304579216   occ= 0
MO #741 energy= 2.70278963785876   occ= 0
MO #742 energy= 2.70365192680312   occ= 0
MO #743 energy= 2.70675927631525   occ= 0
MO #744 energy= 2.71587567496332   occ= 0
MO #745 energy= 2.71795211472918   occ= 0
MO #746 energy= 2.72413938534651   occ= 0
MO #747 energy= 2.73301575360192   occ= 0
MO #748 energy= 2.74300916442729   occ= 0
MO #749 energy= 2.75874809077931   occ= 0
MO #750 energy= 2.76130700909501   occ= 0
MO #751 energy= 2.76660173989972   occ= 0
MO #752 energy= 2.77253479885009   occ= 0
MO #753 energy= 2.78157355421791   occ= 0
MO #754 energy= 2.78973654466283   occ= 0
MO #755 energy= 2.81372932579735   occ= 0
MO #756 energy= 2.82065293648862   occ= 0
MO #757 energy= 2.83472914519731   occ= 0
MO #758 energy= 2.84062090629066   occ= 0
MO #759 energy= 2.84409861469159   occ= 0
MO #760 energy= 2.8458047805445    occ= 0
MO #761 energy= 2.85636791984917   occ= 0
MO #762 energy= 2.87392556581701   occ= 0
MO #763 energy= 2.87534767677673   occ= 0
MO #764 energy= 2.87756468860439   occ= 0
MO #765 energy= 2.88069321907047   occ= 0
MO #766 energy= 2.88464185226335   occ= 0
MO #767 energy= 2.89131774720599   occ= 0
MO #768 energy= 2.90680669812767   occ= 0
MO #769 energy= 2.90804249978446   occ= 0
MO #770 energy= 2.91047833592828   occ= 0
MO #771 energy= 2.91316322260871   occ= 0
MO #772 energy= 2.92209366650001   occ= 0
MO #773 energy= 2.92508796108123   occ= 0
MO #774 energy= 2.92945619418317   occ= 0
MO #775 energy= 2.93547079894422   occ= 0
MO #776 energy= 2.94224383221593   occ= 0
MO #777 energy= 2.95359422548885   occ= 0
MO #778 energy= 2.96315835874995   occ= 0
MO #779 energy= 2.96626837278814   occ= 0
MO #780 energy= 2.97147590058441   occ= 0
MO #781 energy= 2.97507007282076   occ= 0
MO #782 energy= 2.98555754490658   occ= 0
MO #783 energy= 2.98814597374281   occ= 0
MO #784 energy= 2.99845908567867   occ= 0
MO #785 energy= 3.00145387318115   occ= 0
MO #786 energy= 3.0055618901969    occ= 0
MO #787 energy= 3.00881733246438   occ= 0
MO #788 energy= 3.01045086433518   occ= 0
MO #789 energy= 3.01225416327786   occ= 0
MO #790 energy= 3.06301131834881   occ= 0
MO #791 energy= 3.07089920492565   occ= 0
MO #792 energy= 3.07390778705456   occ= 0
MO #793 energy= 3.08934401236785   occ= 0
MO #794 energy= 3.09589348603984   occ= 0
MO #795 energy= 3.09846066254436   occ= 0
MO #796 energy= 3.10542821755589   occ= 0
MO #797 energy= 3.11181361499901   occ= 0
MO #798 energy= 3.14983824120406   occ= 0
MO #799 energy= 3.16228169604751   occ= 0
MO #800 energy= 3.16667556720813   occ= 0
MO #801 energy= 3.1789241461703    occ= 0
MO #802 energy= 3.18037986036912   occ= 0
MO #803 energy= 3.18918602390753   occ= 0
MO #804 energy= 3.19173413880212   occ= 0
MO #805 energy= 3.22052578978769   occ= 0
MO #806 energy= 3.23233428584094   occ= 0
MO #807 energy= 3.27446261347752   occ= 0
MO #808 energy= 3.32941891276419   occ= 0
MO #809 energy= 3.34847207502615   occ= 0
MO #810 energy= 3.36775145287097   occ= 0
MO #811 energy= 3.40537168998303   occ= 0
MO #812 energy= 3.44000927515584   occ= 0
MO #813 energy= 3.55842347511137   occ= 0
MO #814 energy= 3.57919868180067   occ= 0
MO #815 energy= 3.6416387594195    occ= 0
MO #816 energy= 3.64764582256128   occ= 0
MO #817 energy= 3.68585987544607   occ= 0
MO #818 energy= 3.69907275447272   occ= 0
MO #819 energy= 3.71745423541477   occ= 0
 ** Mulliken atomic charges  **
charge of  0O =     -0.77628
charge of  1P =      1.75126
charge of  2O =     -0.65304
charge of  3O =     -0.53536
charge of  4C =      0.17732
charge of  5C =     -0.00510
charge of  6C =     -0.00013
charge of  7C =     -0.10210
charge of  8C =     -0.12046
charge of  9C =      0.01370
charge of  10C =      0.07113
charge of  11C =     -0.27950
charge of  12C =     -0.28527
charge of  13C =     -0.27960
charge of  14C =     -0.11260
charge of  15C =     -0.09477
charge of  16C =     -0.10403
charge of  17C =      0.00851
charge of  18C =      0.00223
charge of  19C =     -0.10452
charge of  20C =     -0.09953
charge of  21C =     -0.10211
charge of  22C =     -0.10196
charge of  23C =     -0.02413
charge of  24C =     -0.02698
charge of  25C =      0.17659
charge of  26O =     -0.54102
charge of  27C =     -0.00388
charge of  28C =      0.00103
charge of  29C =     -0.09628
charge of  30C =     -0.11626
charge of  31C =      0.01496
charge of  32C =      0.07149
charge of  33C =     -0.27958
charge of  34C =     -0.27980
charge of  35C =     -0.28531
charge of  36C =     -0.11425
charge of  37C =     -0.09584
charge of  38C =     -0.10333
charge of  39C =      0.00884
charge of  40C =      0.00176
charge of  41C =     -0.10510
charge of  42C =     -0.09965
charge of  43C =     -0.10228
charge of  44C =     -0.10149
charge of  45H =      0.35220
charge of  46H =      0.10028
charge of  47H =      0.09993
charge of  48H =      0.09249
charge of  49H =      0.09017
charge of  50H =      0.08786
charge of  51H =      0.08936
charge of  52H =      0.09166
charge of  53H =      0.08961
charge of  54H =      0.08791
charge of  55H =      0.09178
charge of  56H =      0.09109
charge of  57H =      0.09685
charge of  58H =      0.10921
charge of  59H =      0.10527
charge of  60H =      0.11158
charge of  61H =      0.10432
charge of  62H =      0.10360
charge of  63H =      0.10065
charge of  64H =      0.10160
charge of  65H =      0.10062
charge of  66H =      0.08912
charge of  67H =      0.08731
charge of  68H =      0.09235
charge of  69H =      0.08841
charge of  70H =      0.08700
charge of  71H =      0.09468
charge of  72H =      0.09078
charge of  73H =      0.09134
charge of  74H =      0.08938
charge of  75H =      0.09406
charge of  76H =      0.10543
charge of  77H =      0.10563
charge of  78H =      0.11074
charge of  79H =      0.10407
charge of  80H =      0.10350
charge of  81H =      0.10089
Dipole moment(X, Y, Z, Debye): -1.77587,  0.28502,  0.20119
def2-svp b3lyp 157.2797350883484
