/public3/home/scg5914/software-scg5914/LSW/1/data/data2/std_data/def2svp_b3lyp/cat_10.xyz
converged SCF energy = -2497.50780548451
**** MO energy ****
MO #1   energy= -77.2167590137469  occ= 2
MO #2   energy= -24.6991175546822  occ= 2
MO #3   energy= -24.6940699371073  occ= 2
MO #4   energy= -24.6933496486313  occ= 2
MO #5   energy= -24.6928257666161  occ= 2
MO #6   energy= -19.1838383480183  occ= 2
MO #7   energy= -19.1764927251898  occ= 2
MO #8   energy= -19.1737323204974  occ= 2
MO #9   energy= -19.1709406553018  occ= 2
MO #10  energy= -19.1704971461137  occ= 2
MO #11  energy= -19.0871950766907  occ= 2
MO #12  energy= -10.2783555937568  occ= 2
MO #13  energy= -10.2756242943001  occ= 2
MO #14  energy= -10.2738186076652  occ= 2
MO #15  energy= -10.2721713833247  occ= 2
MO #16  energy= -10.2622251388035  occ= 2
MO #17  energy= -10.2583018272175  occ= 2
MO #18  energy= -10.2581971537677  occ= 2
MO #19  energy= -10.2553338406696  occ= 2
MO #20  energy= -10.2499171664833  occ= 2
MO #21  energy= -10.2473327765861  occ= 2
MO #22  energy= -10.2066296472367  occ= 2
MO #23  energy= -10.2044335015651  occ= 2
MO #24  energy= -10.203961534607   occ= 2
MO #25  energy= -10.2021059973386  occ= 2
MO #26  energy= -10.2002635375883  occ= 2
MO #27  energy= -10.1994736521983  occ= 2
MO #28  energy= -10.1984943860617  occ= 2
MO #29  energy= -10.1964968481341  occ= 2
MO #30  energy= -10.1958916028177  occ= 2
MO #31  energy= -10.1946945342362  occ= 2
MO #32  energy= -10.1943677711005  occ= 2
MO #33  energy= -10.1921980921223  occ= 2
MO #34  energy= -10.1920905663418  occ= 2
MO #35  energy= -10.1893438428045  occ= 2
MO #36  energy= -10.1883758952475  occ= 2
MO #37  energy= -10.1880842519319  occ= 2
MO #38  energy= -10.188035183029   occ= 2
MO #39  energy= -10.187306638203   occ= 2
MO #40  energy= -10.1866013663755  occ= 2
MO #41  energy= -10.1864193071535  occ= 2
MO #42  energy= -10.1860444490551  occ= 2
MO #43  energy= -10.185646543598   occ= 2
MO #44  energy= -10.1847360734466  occ= 2
MO #45  energy= -10.1815975048769  occ= 2
MO #46  energy= -6.69261898351735  occ= 2
MO #47  energy= -4.86027556833748  occ= 2
MO #48  energy= -4.85966450220243  occ= 2
MO #49  energy= -4.85778303166405  occ= 2
MO #50  energy= -1.20734798961058  occ= 2
MO #51  energy= -1.20387108929295  occ= 2
MO #52  energy= -1.20241582927316  occ= 2
MO #53  energy= -1.20177435755543  occ= 2
MO #54  energy= -1.11954118407902  occ= 2
MO #55  energy= -1.07164634710147  occ= 2
MO #56  energy= -1.06826385954478  occ= 2
MO #57  energy= -1.05655607697112  occ= 2
MO #58  energy= -1.04406852470932  occ= 2
MO #59  energy= -0.957377233242869 occ= 2
MO #60  energy= -0.889181589997064 occ= 2
MO #61  energy= -0.87768693468909  occ= 2
MO #62  energy= -0.867920711801275 occ= 2
MO #63  energy= -0.8636280433648   occ= 2
MO #64  energy= -0.831756252925749 occ= 2
MO #65  energy= -0.825645516289819 occ= 2
MO #66  energy= -0.808332028191645 occ= 2
MO #67  energy= -0.77667891264362  occ= 2
MO #68  energy= -0.771344163960435 occ= 2
MO #69  energy= -0.759304243924013 occ= 2
MO #70  energy= -0.754038165908044 occ= 2
MO #71  energy= -0.749945184759599 occ= 2
MO #72  energy= -0.743041743520415 occ= 2
MO #73  energy= -0.736715488571276 occ= 2
MO #74  energy= -0.733058696113354 occ= 2
MO #75  energy= -0.715406471102999 occ= 2
MO #76  energy= -0.701800241418437 occ= 2
MO #77  energy= -0.696645364866523 occ= 2
MO #78  energy= -0.674465777027063 occ= 2
MO #79  energy= -0.642411640005473 occ= 2
MO #80  energy= -0.636185642369491 occ= 2
MO #81  energy= -0.630292799280631 occ= 2
MO #82  energy= -0.62566513388616  occ= 2
MO #83  energy= -0.62476873706751  occ= 2
MO #84  energy= -0.617306058160257 occ= 2
MO #85  energy= -0.603246029442203 occ= 2
MO #86  energy= -0.60211202130773  occ= 2
MO #87  energy= -0.599197270201032 occ= 2
MO #88  energy= -0.579831753483431 occ= 2
MO #89  energy= -0.564291444008716 occ= 2
MO #90  energy= -0.562479040893202 occ= 2
MO #91  energy= -0.560090011130188 occ= 2
MO #92  energy= -0.558682641938657 occ= 2
MO #93  energy= -0.545659263418679 occ= 2
MO #94  energy= -0.539016667571203 occ= 2
MO #95  energy= -0.531599274698972 occ= 2
MO #96  energy= -0.526920878558217 occ= 2
MO #97  energy= -0.517589719638492 occ= 2
MO #98  energy= -0.510188066249659 occ= 2
MO #99  energy= -0.508085464777743 occ= 2
MO #100 energy= -0.505562007724754 occ= 2
MO #101 energy= -0.501739049915049 occ= 2
MO #102 energy= -0.497782064581804 occ= 2
MO #103 energy= -0.48922880874969  occ= 2
MO #104 energy= -0.486334533397602 occ= 2
MO #105 energy= -0.483333228003234 occ= 2
MO #106 energy= -0.480814861760282 occ= 2
MO #107 energy= -0.477949161242286 occ= 2
MO #108 energy= -0.471870343694573 occ= 2
MO #109 energy= -0.468959484296246 occ= 2
MO #110 energy= -0.465667835611237 occ= 2
MO #111 energy= -0.463675231621303 occ= 2
MO #112 energy= -0.458758955513677 occ= 2
MO #113 energy= -0.455424030737252 occ= 2
MO #114 energy= -0.451141656687401 occ= 2
MO #115 energy= -0.450539751949164 occ= 2
MO #116 energy= -0.446145918815393 occ= 2
MO #117 energy= -0.444628425793821 occ= 2
MO #118 energy= -0.442235673711566 occ= 2
MO #119 energy= -0.441025412071383 occ= 2
MO #120 energy= -0.438503280330051 occ= 2
MO #121 energy= -0.431421351151133 occ= 2
MO #122 energy= -0.42694121544345  occ= 2
MO #123 energy= -0.425349063719046 occ= 2
MO #124 energy= -0.422974502661436 occ= 2
MO #125 energy= -0.411143024935634 occ= 2
MO #126 energy= -0.407758981888808 occ= 2
MO #127 energy= -0.403724531672852 occ= 2
MO #128 energy= -0.401360771950597 occ= 2
MO #129 energy= -0.394950793448678 occ= 2
MO #130 energy= -0.392811155188513 occ= 2
MO #131 energy= -0.385841415421383 occ= 2
MO #132 energy= -0.381747853495673 occ= 2
MO #133 energy= -0.378851451354462 occ= 2
MO #134 energy= -0.378517208348925 occ= 2
MO #135 energy= -0.376659753145991 occ= 2
MO #136 energy= -0.375996153191785 occ= 2
MO #137 energy= -0.373232230882584 occ= 2
MO #138 energy= -0.3722158195392   occ= 2
MO #139 energy= -0.361090906811451 occ= 2
MO #140 energy= -0.357585206582581 occ= 2
MO #141 energy= -0.353377241896957 occ= 2
MO #142 energy= -0.350101650105178 occ= 2
MO #143 energy= -0.346397978632498 occ= 2
MO #144 energy= -0.343148822900961 occ= 2
MO #145 energy= -0.336836686661845 occ= 2
MO #146 energy= -0.334641469355314 occ= 2
MO #147 energy= -0.330852637073884 occ= 2
MO #148 energy= -0.328977521897989 occ= 2
MO #149 energy= -0.318403255185539 occ= 2
MO #150 energy= -0.315900718481858 occ= 2
MO #151 energy= -0.300492180962469 occ= 2
MO #152 energy= -0.297327118003493 occ= 2
MO #153 energy= -0.291972669514682 occ= 2
MO #154 energy= -0.286177062859886 occ= 2
MO #155 energy= -0.25828446463438  occ= 2
MO #156 energy= -0.255991051955072 occ= 2
MO #157 energy= -0.251341675786301 occ= 2
MO #158 energy= -0.246991406492341 occ= 2
MO #159 energy= -0.231735751376081 occ= 2
MO #160 energy= -0.228383994995077 occ= 2
MO #161 energy= -0.21984472220132  occ= 2
MO #162 energy= -0.213724972387582 occ= 2
MO #163 energy= -0.0572358400534294 occ= 0
MO #164 energy= -0.0467293998976933 occ= 0
MO #165 energy= -0.0264401743683007 occ= 0
MO #166 energy= -0.0215384331226136 occ= 0
MO #167 energy= -0.00395796043202059 occ= 0
MO #168 energy= -0.00013847974997653 occ= 0
MO #169 energy= 0.00490740827189225 occ= 0
MO #170 energy= 0.0100425579258817 occ= 0
MO #171 energy= 0.0171966275015511 occ= 0
MO #172 energy= 0.0327027074443616 occ= 0
MO #173 energy= 0.0436229475307008 occ= 0
MO #174 energy= 0.0594872291983992 occ= 0
MO #175 energy= 0.0620172898931258 occ= 0
MO #176 energy= 0.0692644071305972 occ= 0
MO #177 energy= 0.0721270702081019 occ= 0
MO #178 energy= 0.0817396828065403 occ= 0
MO #179 energy= 0.0843795742800758 occ= 0
MO #180 energy= 0.0879630425410742 occ= 0
MO #181 energy= 0.0923632171270978 occ= 0
MO #182 energy= 0.0949740607016912 occ= 0
MO #183 energy= 0.0986036908487245 occ= 0
MO #184 energy= 0.10744423075298   occ= 0
MO #185 energy= 0.109225514851902  occ= 0
MO #186 energy= 0.111423573583586  occ= 0
MO #187 energy= 0.114009852970662  occ= 0
MO #188 energy= 0.121308451610943  occ= 0
MO #189 energy= 0.125955320321785  occ= 0
MO #190 energy= 0.127170543467096  occ= 0
MO #191 energy= 0.128232553597883  occ= 0
MO #192 energy= 0.129407244947046  occ= 0
MO #193 energy= 0.130781241566581  occ= 0
MO #194 energy= 0.131919856511083  occ= 0
MO #195 energy= 0.133754186518333  occ= 0
MO #196 energy= 0.138283906689275  occ= 0
MO #197 energy= 0.139805135281016  occ= 0
MO #198 energy= 0.149248349926965  occ= 0
MO #199 energy= 0.151191180009173  occ= 0
MO #200 energy= 0.155823729607182  occ= 0
MO #201 energy= 0.158653218900975  occ= 0
MO #202 energy= 0.162958190274604  occ= 0
MO #203 energy= 0.166164171401685  occ= 0
MO #204 energy= 0.168788736612332  occ= 0
MO #205 energy= 0.178544033455566  occ= 0
MO #206 energy= 0.183219737174759  occ= 0
MO #207 energy= 0.188290465492054  occ= 0
MO #208 energy= 0.195392555624643  occ= 0
MO #209 energy= 0.200911647461931  occ= 0
MO #210 energy= 0.208607663706294  occ= 0
MO #211 energy= 0.21951814304516   occ= 0
MO #212 energy= 0.250737353540653  occ= 0
MO #213 energy= 0.252665613930814  occ= 0
MO #214 energy= 0.256297124384776  occ= 0
MO #215 energy= 0.258698921879526  occ= 0
MO #216 energy= 0.270830652874517  occ= 0
MO #217 energy= 0.271790448055566  occ= 0
MO #218 energy= 0.274388377551275  occ= 0
MO #219 energy= 0.27651553629154   occ= 0
MO #220 energy= 0.282462911003116  occ= 0
MO #221 energy= 0.28507650225788   occ= 0
MO #222 energy= 0.28814037160439   occ= 0
MO #223 energy= 0.290933076564884  occ= 0
MO #224 energy= 0.292590074549206  occ= 0
MO #225 energy= 0.298105118249556  occ= 0
MO #226 energy= 0.301502430252297  occ= 0
MO #227 energy= 0.302646562684919  occ= 0
MO #228 energy= 0.30711785573183   occ= 0
MO #229 energy= 0.308175330903405  occ= 0
MO #230 energy= 0.311166094953559  occ= 0
MO #231 energy= 0.316274276228281  occ= 0
MO #232 energy= 0.325249912020853  occ= 0
MO #233 energy= 0.32900982595172   occ= 0
MO #234 energy= 0.332767273332325  occ= 0
MO #235 energy= 0.337861920840996  occ= 0
MO #236 energy= 0.33922139834822   occ= 0
MO #237 energy= 0.343313148242116  occ= 0
MO #238 energy= 0.344135853525576  occ= 0
MO #239 energy= 0.351371335783421  occ= 0
MO #240 energy= 0.358727003057843  occ= 0
MO #241 energy= 0.364082066651044  occ= 0
MO #242 energy= 0.372494921295879  occ= 0
MO #243 energy= 0.375870931890118  occ= 0
MO #244 energy= 0.383344403141817  occ= 0
MO #245 energy= 0.386029735564611  occ= 0
MO #246 energy= 0.390876341448571  occ= 0
MO #247 energy= 0.392696491862385  occ= 0
MO #248 energy= 0.402474225714421  occ= 0
MO #249 energy= 0.407358715953921  occ= 0
MO #250 energy= 0.412129824360183  occ= 0
MO #251 energy= 0.420346933943441  occ= 0
MO #252 energy= 0.425364858582564  occ= 0
MO #253 energy= 0.426873712802708  occ= 0
MO #254 energy= 0.434467288689683  occ= 0
MO #255 energy= 0.437499679588676  occ= 0
MO #256 energy= 0.439478291805689  occ= 0
MO #257 energy= 0.441083342902432  occ= 0
MO #258 energy= 0.445575895153269  occ= 0
MO #259 energy= 0.449414031725619  occ= 0
MO #260 energy= 0.45124508503961   occ= 0
MO #261 energy= 0.454734326535568  occ= 0
MO #262 energy= 0.459271042498205  occ= 0
MO #263 energy= 0.462187409270886  occ= 0
MO #264 energy= 0.467572702691266  occ= 0
MO #265 energy= 0.469004589610623  occ= 0
MO #266 energy= 0.471596556446273  occ= 0
MO #267 energy= 0.476818204162453  occ= 0
MO #268 energy= 0.478200005631287  occ= 0
MO #269 energy= 0.480789056266005  occ= 0
MO #270 energy= 0.482055024194179  occ= 0
MO #271 energy= 0.483832850985212  occ= 0
MO #272 energy= 0.486746981100309  occ= 0
MO #273 energy= 0.490185651589517  occ= 0
MO #274 energy= 0.493027159467972  occ= 0
MO #275 energy= 0.495932191530287  occ= 0
MO #276 energy= 0.497861879353129  occ= 0
MO #277 energy= 0.500696291633113  occ= 0
MO #278 energy= 0.50282535227889   occ= 0
MO #279 energy= 0.505698644647661  occ= 0
MO #280 energy= 0.5066951068468    occ= 0
MO #281 energy= 0.514128582012216  occ= 0
MO #282 energy= 0.519387316584674  occ= 0
MO #283 energy= 0.519776272669748  occ= 0
MO #284 energy= 0.52437069652238   occ= 0
MO #285 energy= 0.528582743187836  occ= 0
MO #286 energy= 0.537190956711023  occ= 0
MO #287 energy= 0.543737552802615  occ= 0
MO #288 energy= 0.547852279745497  occ= 0
MO #289 energy= 0.552567918114166  occ= 0
MO #290 energy= 0.553529584871935  occ= 0
MO #291 energy= 0.55849531754127   occ= 0
MO #292 energy= 0.563831449497127  occ= 0
MO #293 energy= 0.566960393204849  occ= 0
MO #294 energy= 0.574948048544403  occ= 0
MO #295 energy= 0.585533343221956  occ= 0
MO #296 energy= 0.587173172671258  occ= 0
MO #297 energy= 0.589260937534197  occ= 0
MO #298 energy= 0.593594348277248  occ= 0
MO #299 energy= 0.600697744566499  occ= 0
MO #300 energy= 0.602697668803281  occ= 0
MO #301 energy= 0.607326660688282  occ= 0
MO #302 energy= 0.61192871763275   occ= 0
MO #303 energy= 0.614966148356232  occ= 0
MO #304 energy= 0.6152196914886    occ= 0
MO #305 energy= 0.619050147117576  occ= 0
MO #306 energy= 0.620775770340051  occ= 0
MO #307 energy= 0.624248554408024  occ= 0
MO #308 energy= 0.627111705054191  occ= 0
MO #309 energy= 0.627356436292141  occ= 0
MO #310 energy= 0.63283177664666   occ= 0
MO #311 energy= 0.636441157123847  occ= 0
MO #312 energy= 0.638676202835474  occ= 0
MO #313 energy= 0.640442415930941  occ= 0
MO #314 energy= 0.642552799136444  occ= 0
MO #315 energy= 0.644610414454437  occ= 0
MO #316 energy= 0.645775792387471  occ= 0
MO #317 energy= 0.652448786639369  occ= 0
MO #318 energy= 0.654239767707487  occ= 0
MO #319 energy= 0.657827833795363  occ= 0
MO #320 energy= 0.661734978288954  occ= 0
MO #321 energy= 0.664651738450543  occ= 0
MO #322 energy= 0.666078431318464  occ= 0
MO #323 energy= 0.667942120023006  occ= 0
MO #324 energy= 0.672802595020041  occ= 0
MO #325 energy= 0.677353548617137  occ= 0
MO #326 energy= 0.677569297579126  occ= 0
MO #327 energy= 0.681143779033498  occ= 0
MO #328 energy= 0.686058758232009  occ= 0
MO #329 energy= 0.687052558982587  occ= 0
MO #330 energy= 0.692694778860335  occ= 0
MO #331 energy= 0.697554032826055  occ= 0
MO #332 energy= 0.702450476156761  occ= 0
MO #333 energy= 0.702603813863517  occ= 0
MO #334 energy= 0.707834840198774  occ= 0
MO #335 energy= 0.709973977773959  occ= 0
MO #336 energy= 0.715124903204724  occ= 0
MO #337 energy= 0.726086905830947  occ= 0
MO #338 energy= 0.732058559292896  occ= 0
MO #339 energy= 0.733180013507862  occ= 0
MO #340 energy= 0.736310527336508  occ= 0
MO #341 energy= 0.739644425350633  occ= 0
MO #342 energy= 0.746012172482305  occ= 0
MO #343 energy= 0.747700878438173  occ= 0
MO #344 energy= 0.750989486359486  occ= 0
MO #345 energy= 0.753414377181725  occ= 0
MO #346 energy= 0.756181516055232  occ= 0
MO #347 energy= 0.756757294276008  occ= 0
MO #348 energy= 0.7608575145485    occ= 0
MO #349 energy= 0.76685558026459   occ= 0
MO #350 energy= 0.770227732297439  occ= 0
MO #351 energy= 0.774577514172573  occ= 0
MO #352 energy= 0.777316861220016  occ= 0
MO #353 energy= 0.783656665947842  occ= 0
MO #354 energy= 0.789593546179646  occ= 0
MO #355 energy= 0.794899410013677  occ= 0
MO #356 energy= 0.80082201532637   occ= 0
MO #357 energy= 0.802018277231492  occ= 0
MO #358 energy= 0.809160760600623  occ= 0
MO #359 energy= 0.814750265273379  occ= 0
MO #360 energy= 0.818389496642878  occ= 0
MO #361 energy= 0.819664392732933  occ= 0
MO #362 energy= 0.826669267254346  occ= 0
MO #363 energy= 0.829767587179716  occ= 0
MO #364 energy= 0.831924465418797  occ= 0
MO #365 energy= 0.839786817899919  occ= 0
MO #366 energy= 0.844921406625025  occ= 0
MO #367 energy= 0.855717612740329  occ= 0
MO #368 energy= 0.870963391926722  occ= 0
MO #369 energy= 0.872963643463576  occ= 0
MO #370 energy= 0.875028016365784  occ= 0
MO #371 energy= 0.879438129713156  occ= 0
MO #372 energy= 0.885753938375524  occ= 0
MO #373 energy= 0.890312408012687  occ= 0
MO #374 energy= 0.893098595628718  occ= 0
MO #375 energy= 0.903697228264031  occ= 0
MO #376 energy= 0.909078003021894  occ= 0
MO #377 energy= 0.914991197938299  occ= 0
MO #378 energy= 0.918799838616222  occ= 0
MO #379 energy= 0.923548184452998  occ= 0
MO #380 energy= 0.932533844639029  occ= 0
MO #381 energy= 0.934247280146547  occ= 0
MO #382 energy= 0.956200580211266  occ= 0
MO #383 energy= 0.965166079381445  occ= 0
MO #384 energy= 0.972823424392718  occ= 0
MO #385 energy= 0.980193702205655  occ= 0
MO #386 energy= 0.989813549470794  occ= 0
MO #387 energy= 1.00237792300384   occ= 0
MO #388 energy= 1.00800251017817   occ= 0
MO #389 energy= 1.0109551268714    occ= 0
MO #390 energy= 1.02330972593719   occ= 0
MO #391 energy= 1.02908753900607   occ= 0
MO #392 energy= 1.03329800537187   occ= 0
MO #393 energy= 1.04320619691916   occ= 0
MO #394 energy= 1.06113903083877   occ= 0
MO #395 energy= 1.07052096926778   occ= 0
MO #396 energy= 1.07977732874967   occ= 0
MO #397 energy= 1.08482374847618   occ= 0
MO #398 energy= 1.08860337322483   occ= 0
MO #399 energy= 1.09708082066137   occ= 0
MO #400 energy= 1.11282031279555   occ= 0
MO #401 energy= 1.12178592012503   occ= 0
MO #402 energy= 1.13267246379474   occ= 0
MO #403 energy= 1.13701246121775   occ= 0
MO #404 energy= 1.1451574410527    occ= 0
MO #405 energy= 1.15249906685208   occ= 0
MO #406 energy= 1.1543097889288    occ= 0
MO #407 energy= 1.16067251486064   occ= 0
MO #408 energy= 1.16553857007284   occ= 0
MO #409 energy= 1.17460902828912   occ= 0
MO #410 energy= 1.18419556871025   occ= 0
MO #411 energy= 1.18778507213143   occ= 0
MO #412 energy= 1.19245863612372   occ= 0
MO #413 energy= 1.19415996928027   occ= 0
MO #414 energy= 1.20121332529634   occ= 0
MO #415 energy= 1.2037777972013    occ= 0
MO #416 energy= 1.20732476077941   occ= 0
MO #417 energy= 1.21239943103321   occ= 0
MO #418 energy= 1.21440171478748   occ= 0
MO #419 energy= 1.21983244241089   occ= 0
MO #420 energy= 1.22757244979826   occ= 0
MO #421 energy= 1.23140478501087   occ= 0
MO #422 energy= 1.231676548737     occ= 0
MO #423 energy= 1.23755869698087   occ= 0
MO #424 energy= 1.24172664956408   occ= 0
MO #425 energy= 1.24443388196972   occ= 0
MO #426 energy= 1.24719843526269   occ= 0
MO #427 energy= 1.25492745224542   occ= 0
MO #428 energy= 1.25733090216412   occ= 0
MO #429 energy= 1.2607776864006    occ= 0
MO #430 energy= 1.26710240483873   occ= 0
MO #431 energy= 1.27474827392047   occ= 0
MO #432 energy= 1.27705872720354   occ= 0
MO #433 energy= 1.28078426768365   occ= 0
MO #434 energy= 1.28500688949983   occ= 0
MO #435 energy= 1.28668035497961   occ= 0
MO #436 energy= 1.28838022793935   occ= 0
MO #437 energy= 1.29483260438405   occ= 0
MO #438 energy= 1.29951876839307   occ= 0
MO #439 energy= 1.30533087869506   occ= 0
MO #440 energy= 1.30890654873562   occ= 0
MO #441 energy= 1.31114512774154   occ= 0
MO #442 energy= 1.31967121822963   occ= 0
MO #443 energy= 1.32087693818908   occ= 0
MO #444 energy= 1.32739162439051   occ= 0
MO #445 energy= 1.33543872423422   occ= 0
MO #446 energy= 1.34004493708558   occ= 0
MO #447 energy= 1.36289032644299   occ= 0
MO #448 energy= 1.36596040835374   occ= 0
MO #449 energy= 1.37052215278215   occ= 0
MO #450 energy= 1.37958184900567   occ= 0
MO #451 energy= 1.3906516911093    occ= 0
MO #452 energy= 1.39869575758897   occ= 0
MO #453 energy= 1.40895555386571   occ= 0
MO #454 energy= 1.42621604287597   occ= 0
MO #455 energy= 1.434867620831     occ= 0
MO #456 energy= 1.43709310132518   occ= 0
MO #457 energy= 1.44566645926674   occ= 0
MO #458 energy= 1.4489532912929    occ= 0
MO #459 energy= 1.47240804500949   occ= 0
MO #460 energy= 1.47710518954632   occ= 0
MO #461 energy= 1.49018081265408   occ= 0
MO #462 energy= 1.4917815930922    occ= 0
MO #463 energy= 1.49409075767973   occ= 0
MO #464 energy= 1.50375665883139   occ= 0
MO #465 energy= 1.50656376820075   occ= 0
MO #466 energy= 1.51268168929508   occ= 0
MO #467 energy= 1.51554454693148   occ= 0
MO #468 energy= 1.51751627981877   occ= 0
MO #469 energy= 1.52174416874666   occ= 0
MO #470 energy= 1.52801560973906   occ= 0
MO #471 energy= 1.53244519717309   occ= 0
MO #472 energy= 1.53528348544209   occ= 0
MO #473 energy= 1.55111712961475   occ= 0
MO #474 energy= 1.5590122030482    occ= 0
MO #475 energy= 1.56351847144158   occ= 0
MO #476 energy= 1.56699831131708   occ= 0
MO #477 energy= 1.5699814151574    occ= 0
MO #478 energy= 1.59329797445127   occ= 0
MO #479 energy= 1.61375550376119   occ= 0
MO #480 energy= 1.61894756402549   occ= 0
MO #481 energy= 1.63114407499307   occ= 0
MO #482 energy= 1.63696599734081   occ= 0
MO #483 energy= 1.64234009375935   occ= 0
MO #484 energy= 1.6461835842965    occ= 0
MO #485 energy= 1.65324496690258   occ= 0
MO #486 energy= 1.66542477570155   occ= 0
MO #487 energy= 1.67121560519243   occ= 0
MO #488 energy= 1.67595978929636   occ= 0
MO #489 energy= 1.68456188449602   occ= 0
MO #490 energy= 1.68918890083843   occ= 0
MO #491 energy= 1.69588240832503   occ= 0
MO #492 energy= 1.69690206672324   occ= 0
MO #493 energy= 1.70005007889482   occ= 0
MO #494 energy= 1.70755805410048   occ= 0
MO #495 energy= 1.71233937815092   occ= 0
MO #496 energy= 1.71700175983039   occ= 0
MO #497 energy= 1.72426681877346   occ= 0
MO #498 energy= 1.72661561471576   occ= 0
MO #499 energy= 1.7336212215588    occ= 0
MO #500 energy= 1.73450525182346   occ= 0
MO #501 energy= 1.73732987932303   occ= 0
MO #502 energy= 1.73925836699343   occ= 0
MO #503 energy= 1.74347632348076   occ= 0
MO #504 energy= 1.74652400641317   occ= 0
MO #505 energy= 1.75030081479401   occ= 0
MO #506 energy= 1.75719001948746   occ= 0
MO #507 energy= 1.7593678957051    occ= 0
MO #508 energy= 1.76095021685063   occ= 0
MO #509 energy= 1.76661637258645   occ= 0
MO #510 energy= 1.76716459688244   occ= 0
MO #511 energy= 1.76977255057364   occ= 0
MO #512 energy= 1.77069205778465   occ= 0
MO #513 energy= 1.77401242001387   occ= 0
MO #514 energy= 1.77840077327463   occ= 0
MO #515 energy= 1.78106161081546   occ= 0
MO #516 energy= 1.78455239546762   occ= 0
MO #517 energy= 1.78809650656399   occ= 0
MO #518 energy= 1.79793654345119   occ= 0
MO #519 energy= 1.8005497246016    occ= 0
MO #520 energy= 1.8034998216934    occ= 0
MO #521 energy= 1.80492066805592   occ= 0
MO #522 energy= 1.80846794716516   occ= 0
MO #523 energy= 1.81059382066367   occ= 0
MO #524 energy= 1.81339415008039   occ= 0
MO #525 energy= 1.81781474080081   occ= 0
MO #526 energy= 1.82058077946708   occ= 0
MO #527 energy= 1.83005658174464   occ= 0
MO #528 energy= 1.83633727566315   occ= 0
MO #529 energy= 1.84050363612822   occ= 0
MO #530 energy= 1.84759990821913   occ= 0
MO #531 energy= 1.85055437670021   occ= 0
MO #532 energy= 1.86413249385035   occ= 0
MO #533 energy= 1.87068748713911   occ= 0
MO #534 energy= 1.87313475289454   occ= 0
MO #535 energy= 1.88189715388524   occ= 0
MO #536 energy= 1.88425577118228   occ= 0
MO #537 energy= 1.88709369524123   occ= 0
MO #538 energy= 1.89895798931801   occ= 0
MO #539 energy= 1.91258738096468   occ= 0
MO #540 energy= 1.91310096189736   occ= 0
MO #541 energy= 1.93218727335116   occ= 0
MO #542 energy= 1.93541169323807   occ= 0
MO #543 energy= 1.94502200492711   occ= 0
MO #544 energy= 1.9532713855496    occ= 0
MO #545 energy= 1.95951653910124   occ= 0
MO #546 energy= 1.96171751395698   occ= 0
MO #547 energy= 1.96726081471421   occ= 0
MO #548 energy= 1.97367559901048   occ= 0
MO #549 energy= 1.97620257653062   occ= 0
MO #550 energy= 1.98571020556207   occ= 0
MO #551 energy= 1.98961927039      occ= 0
MO #552 energy= 1.99228172449126   occ= 0
MO #553 energy= 2.00413322835179   occ= 0
MO #554 energy= 2.00717279571237   occ= 0
MO #555 energy= 2.01536947628355   occ= 0
MO #556 energy= 2.01911179413599   occ= 0
MO #557 energy= 2.0227145760747    occ= 0
MO #558 energy= 2.03154733370441   occ= 0
MO #559 energy= 2.04088458965735   occ= 0
MO #560 energy= 2.04946287036001   occ= 0
MO #561 energy= 2.05543224710209   occ= 0
MO #562 energy= 2.06107570960661   occ= 0
MO #563 energy= 2.06791924703227   occ= 0
MO #564 energy= 2.06965403517517   occ= 0
MO #565 energy= 2.07492214295717   occ= 0
MO #566 energy= 2.07710344831299   occ= 0
MO #567 energy= 2.09070361810962   occ= 0
MO #568 energy= 2.09359395441396   occ= 0
MO #569 energy= 2.11358306759093   occ= 0
MO #570 energy= 2.11784045765685   occ= 0
MO #571 energy= 2.11883422854227   occ= 0
MO #572 energy= 2.12214368110127   occ= 0
MO #573 energy= 2.14338475787415   occ= 0
MO #574 energy= 2.14637236736428   occ= 0
MO #575 energy= 2.15284817794149   occ= 0
MO #576 energy= 2.15458666070728   occ= 0
MO #577 energy= 2.1558325704794    occ= 0
MO #578 energy= 2.16591160607876   occ= 0
MO #579 energy= 2.16605165019717   occ= 0
MO #580 energy= 2.17008373185316   occ= 0
MO #581 energy= 2.18036265334327   occ= 0
MO #582 energy= 2.18677383135853   occ= 0
MO #583 energy= 2.18904935037205   occ= 0
MO #584 energy= 2.19964250288045   occ= 0
MO #585 energy= 2.20374952505528   occ= 0
MO #586 energy= 2.20811290105066   occ= 0
MO #587 energy= 2.2114226591061    occ= 0
MO #588 energy= 2.21952858199979   occ= 0
MO #589 energy= 2.22161565438795   occ= 0
MO #590 energy= 2.22505094757513   occ= 0
MO #591 energy= 2.22769947003526   occ= 0
MO #592 energy= 2.24502069426337   occ= 0
MO #593 energy= 2.25239116379739   occ= 0
MO #594 energy= 2.25809854757563   occ= 0
MO #595 energy= 2.26440310371537   occ= 0
MO #596 energy= 2.26798159339023   occ= 0
MO #597 energy= 2.27495094279643   occ= 0
MO #598 energy= 2.27694846660644   occ= 0
MO #599 energy= 2.28308504021686   occ= 0
MO #600 energy= 2.28727675551653   occ= 0
MO #601 energy= 2.29277930776082   occ= 0
MO #602 energy= 2.29801242555566   occ= 0
MO #603 energy= 2.3080193758866    occ= 0
MO #604 energy= 2.31504073754411   occ= 0
MO #605 energy= 2.3192553673606    occ= 0
MO #606 energy= 2.32171933750043   occ= 0
MO #607 energy= 2.32694166194512   occ= 0
MO #608 energy= 2.32730313668455   occ= 0
MO #609 energy= 2.33080723868542   occ= 0
MO #610 energy= 2.33326666398789   occ= 0
MO #611 energy= 2.34241935580297   occ= 0
MO #612 energy= 2.35453468766364   occ= 0
MO #613 energy= 2.36843458504723   occ= 0
MO #614 energy= 2.37342366980976   occ= 0
MO #615 energy= 2.37522281161959   occ= 0
MO #616 energy= 2.38725568019054   occ= 0
MO #617 energy= 2.39151794912231   occ= 0
MO #618 energy= 2.40110557100297   occ= 0
MO #619 energy= 2.40485426560238   occ= 0
MO #620 energy= 2.40793800986928   occ= 0
MO #621 energy= 2.41533513836335   occ= 0
MO #622 energy= 2.42459421743872   occ= 0
MO #623 energy= 2.4269243444408    occ= 0
MO #624 energy= 2.46098770418709   occ= 0
MO #625 energy= 2.48988821615527   occ= 0
MO #626 energy= 2.49608474930401   occ= 0
MO #627 energy= 2.53266629584669   occ= 0
MO #628 energy= 2.54365491157224   occ= 0
MO #629 energy= 2.55475772709336   occ= 0
MO #630 energy= 2.57196615927277   occ= 0
MO #631 energy= 2.57582950367199   occ= 0
MO #632 energy= 2.58192636924193   occ= 0
MO #633 energy= 2.59762971221096   occ= 0
MO #634 energy= 2.60601741333281   occ= 0
MO #635 energy= 2.60844124379355   occ= 0
MO #636 energy= 2.61207604912743   occ= 0
MO #637 energy= 2.61868124668921   occ= 0
MO #638 energy= 2.62195839837102   occ= 0
MO #639 energy= 2.63095368561591   occ= 0
MO #640 energy= 2.63433725531179   occ= 0
MO #641 energy= 2.64033790600755   occ= 0
MO #642 energy= 2.64447882044935   occ= 0
MO #643 energy= 2.65321930578147   occ= 0
MO #644 energy= 2.65712793157688   occ= 0
MO #645 energy= 2.66039409086497   occ= 0
MO #646 energy= 2.66241558741613   occ= 0
MO #647 energy= 2.66731686505262   occ= 0
MO #648 energy= 2.66900885339579   occ= 0
MO #649 energy= 2.6734093103159    occ= 0
MO #650 energy= 2.67656781332182   occ= 0
MO #651 energy= 2.6799090163614    occ= 0
MO #652 energy= 2.68922910950865   occ= 0
MO #653 energy= 2.69443779115566   occ= 0
MO #654 energy= 2.69883970297995   occ= 0
MO #655 energy= 2.70946564317661   occ= 0
MO #656 energy= 2.7220736622961    occ= 0
MO #657 energy= 2.7335144009791    occ= 0
MO #658 energy= 2.73639478128235   occ= 0
MO #659 energy= 2.75775324888116   occ= 0
MO #660 energy= 2.76281724478622   occ= 0
MO #661 energy= 2.76716902483217   occ= 0
MO #662 energy= 2.77559785546375   occ= 0
MO #663 energy= 2.78189795325856   occ= 0
MO #664 energy= 2.78886751950173   occ= 0
MO #665 energy= 2.79499965887163   occ= 0
MO #666 energy= 2.79804056945394   occ= 0
MO #667 energy= 2.8118797187853    occ= 0
MO #668 energy= 2.81961398448678   occ= 0
MO #669 energy= 2.82532832446629   occ= 0
MO #670 energy= 2.84510289988451   occ= 0
MO #671 energy= 2.86193249697065   occ= 0
MO #672 energy= 2.87739325185632   occ= 0
MO #673 energy= 2.87871616490728   occ= 0
MO #674 energy= 2.88209806446922   occ= 0
MO #675 energy= 2.88548719621198   occ= 0
MO #676 energy= 2.88843864868411   occ= 0
MO #677 energy= 2.89231989371071   occ= 0
MO #678 energy= 2.8953474933168    occ= 0
MO #679 energy= 2.90384550392869   occ= 0
MO #680 energy= 2.9193495524054    occ= 0
MO #681 energy= 2.92223821735611   occ= 0
MO #682 energy= 2.92820411203638   occ= 0
MO #683 energy= 2.93643708152313   occ= 0
MO #684 energy= 2.94097780932317   occ= 0
MO #685 energy= 2.95459651842415   occ= 0
MO #686 energy= 2.98023675656694   occ= 0
MO #687 energy= 2.98431710644818   occ= 0
MO #688 energy= 2.99699438826426   occ= 0
MO #689 energy= 3.00719472365924   occ= 0
MO #690 energy= 3.01457534660079   occ= 0
MO #691 energy= 3.01853425076416   occ= 0
MO #692 energy= 3.07624742556344   occ= 0
MO #693 energy= 3.07707071414855   occ= 0
MO #694 energy= 3.0791830941036    occ= 0
MO #695 energy= 3.08256096879889   occ= 0
MO #696 energy= 3.08876254893845   occ= 0
MO #697 energy= 3.08972140056489   occ= 0
MO #698 energy= 3.09342950860758   occ= 0
MO #699 energy= 3.09539814652875   occ= 0
MO #700 energy= 3.0992491665853    occ= 0
MO #701 energy= 3.10325832636058   occ= 0
MO #702 energy= 3.10566007742384   occ= 0
MO #703 energy= 3.10738132735035   occ= 0
MO #704 energy= 3.13614855475099   occ= 0
MO #705 energy= 3.1391465931824    occ= 0
MO #706 energy= 3.15004148835757   occ= 0
MO #707 energy= 3.16785346558149   occ= 0
MO #708 energy= 3.17700773939512   occ= 0
MO #709 energy= 3.18174082437663   occ= 0
MO #710 energy= 3.18775049566179   occ= 0
MO #711 energy= 3.2228686666728    occ= 0
MO #712 energy= 3.23532351518809   occ= 0
MO #713 energy= 3.30030781108267   occ= 0
MO #714 energy= 3.30384679801866   occ= 0
MO #715 energy= 3.30595749080159   occ= 0
MO #716 energy= 3.3093187778756    occ= 0
MO #717 energy= 3.31292059924476   occ= 0
MO #718 energy= 3.34143343157064   occ= 0
MO #719 energy= 3.34615371798501   occ= 0
MO #720 energy= 3.37615528383028   occ= 0
MO #721 energy= 3.406850779041     occ= 0
MO #722 energy= 3.44428894432637   occ= 0
MO #723 energy= 3.45164278926084   occ= 0
MO #724 energy= 3.45495455275342   occ= 0
MO #725 energy= 3.50130477779176   occ= 0
MO #726 energy= 3.50430450907102   occ= 0
MO #727 energy= 3.57536429552533   occ= 0
MO #728 energy= 3.59576235037768   occ= 0
MO #729 energy= 3.61856508852392   occ= 0
MO #730 energy= 3.62282248838545   occ= 0
MO #731 energy= 3.62537126760342   occ= 0
MO #732 energy= 3.62843023943426   occ= 0
MO #733 energy= 3.66672025619263   occ= 0
MO #734 energy= 3.69847104222719   occ= 0
MO #735 energy= 3.70416614084585   occ= 0
MO #736 energy= 3.82623552209295   occ= 0
MO #737 energy= 3.8285515624805    occ= 0
MO #738 energy= 3.94391256597083   occ= 0
MO #739 energy= 3.94711099530779   occ= 0
 ** Mulliken atomic charges  **
charge of  0O =     -0.77605
charge of  1P =      1.75112
charge of  2O =     -0.65509
charge of  3O =     -0.53074
charge of  4C =      0.18421
charge of  5C =     -0.00621
charge of  6C =     -0.08431
charge of  7C =      0.30134
charge of  8F =     -0.25689
charge of  9C =     -0.21985
charge of  10C =      0.22991
charge of  11O =     -0.32663
charge of  12C =     -0.07125
charge of  13C =     -0.18324
charge of  14C =      0.30319
charge of  15F =     -0.24918
charge of  16C =     -0.09167
charge of  17C =      0.00850
charge of  18C =      0.00466
charge of  19C =     -0.10370
charge of  20C =     -0.09784
charge of  21C =     -0.10191
charge of  22C =     -0.10031
charge of  23C =     -0.02369
charge of  24C =     -0.02852
charge of  25C =      0.18435
charge of  26O =     -0.53941
charge of  27C =     -0.00799
charge of  28C =     -0.08336
charge of  29C =      0.30241
charge of  30F =     -0.25488
charge of  31C =     -0.21858
charge of  32C =      0.23122
charge of  33O =     -0.32722
charge of  34C =     -0.07103
charge of  35C =     -0.18055
charge of  36C =      0.30465
charge of  37F =     -0.25289
charge of  38C =     -0.09012
charge of  39C =      0.00847
charge of  40C =      0.00446
charge of  41C =     -0.10498
charge of  42C =     -0.09759
charge of  43C =     -0.10234
charge of  44C =     -0.09946
charge of  45H =      0.35071
charge of  46H =      0.11803
charge of  47H =      0.09444
charge of  48H =      0.09436
charge of  49H =      0.11954
charge of  50H =      0.12864
charge of  51H =      0.10857
charge of  52H =      0.11238
charge of  53H =      0.10472
charge of  54H =      0.10381
charge of  55H =      0.10143
charge of  56H =      0.11719
charge of  57H =      0.09405
charge of  58H =      0.11875
charge of  59H =      0.09417
charge of  60H =      0.12746
charge of  61H =      0.10931
charge of  62H =      0.11142
charge of  63H =      0.10444
charge of  64H =      0.10371
charge of  65H =      0.10186
Dipole moment(X, Y, Z, Debye):  3.91827,  0.89840,  1.49456
def2-svp b3lyp 181.35827946662903
