/public3/home/scg5914/software-scg5914/LSW/1/data/data2/std_data/def2svp_b3lyp/cat_42.xyz
converged SCF energy = -4633.43390116656
**** MO energy ****
MO #1   energy= -101.532244957654  occ= 2
MO #2   energy= -101.515187417249  occ= 2
MO #3   energy= -101.514229105447  occ= 2
MO #4   energy= -101.503500050481  occ= 2
MO #5   energy= -101.502691664615  occ= 2
MO #6   energy= -101.498027614086  occ= 2
MO #7   energy= -77.2144719447936  occ= 2
MO #8   energy= -19.1788968516704  occ= 2
MO #9   energy= -19.1787281937595  occ= 2
MO #10  energy= -19.1693796875185  occ= 2
MO #11  energy= -19.0830069823662  occ= 2
MO #12  energy= -10.2666430602831  occ= 2
MO #13  energy= -10.2625980488945  occ= 2
MO #14  energy= -10.2624815290051  occ= 2
MO #15  energy= -10.2595707042797  occ= 2
MO #16  energy= -10.2516683954281  occ= 2
MO #17  energy= -10.2485579351488  occ= 2
MO #18  energy= -10.2471299885475  occ= 2
MO #19  energy= -10.2466474860242  occ= 2
MO #20  energy= -10.2255527757486  occ= 2
MO #21  energy= -10.2172078858961  occ= 2
MO #22  energy= -10.2152543150714  occ= 2
MO #23  energy= -10.2094025433464  occ= 2
MO #24  energy= -10.2088366314764  occ= 2
MO #25  energy= -10.2057653577887  occ= 2
MO #26  energy= -10.2015558901238  occ= 2
MO #27  energy= -10.2008144758588  occ= 2
MO #28  energy= -10.2002823505975  occ= 2
MO #29  energy= -10.2000463312244  occ= 2
MO #30  energy= -10.1988480892794  occ= 2
MO #31  energy= -10.1984043100517  occ= 2
MO #32  energy= -10.1977590157569  occ= 2
MO #33  energy= -10.1958775565807  occ= 2
MO #34  energy= -10.1933595871624  occ= 2
MO #35  energy= -10.1924633447839  occ= 2
MO #36  energy= -10.1921736491054  occ= 2
MO #37  energy= -10.1897427925681  occ= 2
MO #38  energy= -10.1893898822606  occ= 2
MO #39  energy= -10.1886866799978  occ= 2
MO #40  energy= -10.1875584776708  occ= 2
MO #41  energy= -10.1868233878512  occ= 2
MO #42  energy= -10.182924935855   occ= 2
MO #43  energy= -10.1827235510628  occ= 2
MO #44  energy= -9.48692048497652  occ= 2
MO #45  energy= -9.47072190115745  occ= 2
MO #46  energy= -9.4694921697381   occ= 2
MO #47  energy= -9.45883120758195  occ= 2
MO #48  energy= -9.45824593241208  occ= 2
MO #49  energy= -9.45344502912092  occ= 2
MO #50  energy= -7.2556686365512   occ= 2
MO #51  energy= -7.24644572271554  occ= 2
MO #52  energy= -7.24533344738975  occ= 2
MO #53  energy= -7.23975439994553  occ= 2
MO #54  energy= -7.23852451043413  occ= 2
MO #55  energy= -7.22970295845358  occ= 2
MO #56  energy= -7.22924371430383  occ= 2
MO #57  energy= -7.22851796306342  occ= 2
MO #58  energy= -7.22798867898763  occ= 2
MO #59  energy= -7.22779895356424  occ= 2
MO #60  energy= -7.22722220180651  occ= 2
MO #61  energy= -7.22244771053522  occ= 2
MO #62  energy= -7.21785155771597  occ= 2
MO #63  energy= -7.21740980759874  occ= 2
MO #64  energy= -7.21725154447413  occ= 2
MO #65  energy= -7.21681715352456  occ= 2
MO #66  energy= -7.21245382351446  occ= 2
MO #67  energy= -7.21193782626748  occ= 2
MO #68  energy= -6.69016454346862  occ= 2
MO #69  energy= -4.85771480205003  occ= 2
MO #70  energy= -4.85758391892707  occ= 2
MO #71  energy= -4.85513875448546  occ= 2
MO #72  energy= -1.11567190003472  occ= 2
MO #73  energy= -1.05315207365351  occ= 2
MO #74  energy= -1.04077147851344  occ= 2
MO #75  energy= -0.957748171018332 occ= 2
MO #76  energy= -0.933234319384061 occ= 2
MO #77  energy= -0.916688991492091 occ= 2
MO #78  energy= -0.895658005284692 occ= 2
MO #79  energy= -0.8910630976021   occ= 2
MO #80  energy= -0.885402048763725 occ= 2
MO #81  energy= -0.877890301763809 occ= 2
MO #82  energy= -0.87486705110594  occ= 2
MO #83  energy= -0.868012129153455 occ= 2
MO #84  energy= -0.828821664942025 occ= 2
MO #85  energy= -0.822151325604862 occ= 2
MO #86  energy= -0.819152512302357 occ= 2
MO #87  energy= -0.807528645079943 occ= 2
MO #88  energy= -0.802790089859303 occ= 2
MO #89  energy= -0.769582756295759 occ= 2
MO #90  energy= -0.762843046125223 occ= 2
MO #91  energy= -0.758792843546499 occ= 2
MO #92  energy= -0.748377254678436 occ= 2
MO #93  energy= -0.739659464530933 occ= 2
MO #94  energy= -0.730755883261474 occ= 2
MO #95  energy= -0.727674670537418 occ= 2
MO #96  energy= -0.718451041768626 occ= 2
MO #97  energy= -0.703813714241218 occ= 2
MO #98  energy= -0.672201421951922 occ= 2
MO #99  energy= -0.648524943877333 occ= 2
MO #100 energy= -0.639454744464628 occ= 2
MO #101 energy= -0.630102447130006 occ= 2
MO #102 energy= -0.627572666408491 occ= 2
MO #103 energy= -0.622154980192825 occ= 2
MO #104 energy= -0.611186835779965 occ= 2
MO #105 energy= -0.604723429571335 occ= 2
MO #106 energy= -0.601278526318779 occ= 2
MO #107 energy= -0.595139857352629 occ= 2
MO #108 energy= -0.582424333888359 occ= 2
MO #109 energy= -0.575460292564356 occ= 2
MO #110 energy= -0.569882055298336 occ= 2
MO #111 energy= -0.553304251240844 occ= 2
MO #112 energy= -0.540129890014881 occ= 2
MO #113 energy= -0.535653906743423 occ= 2
MO #114 energy= -0.525474376124716 occ= 2
MO #115 energy= -0.516947425212871 occ= 2
MO #116 energy= -0.512714549211378 occ= 2
MO #117 energy= -0.511191054451155 occ= 2
MO #118 energy= -0.504016742895878 occ= 2
MO #119 energy= -0.495993094980609 occ= 2
MO #120 energy= -0.482624008206688 occ= 2
MO #121 energy= -0.478402899673385 occ= 2
MO #122 energy= -0.475595748463876 occ= 2
MO #123 energy= -0.474605542297081 occ= 2
MO #124 energy= -0.464781102232733 occ= 2
MO #125 energy= -0.458210400102789 occ= 2
MO #126 energy= -0.457393537508519 occ= 2
MO #127 energy= -0.454291240877383 occ= 2
MO #128 energy= -0.45230272523024  occ= 2
MO #129 energy= -0.444737579317674 occ= 2
MO #130 energy= -0.440425203551417 occ= 2
MO #131 energy= -0.438458787270801 occ= 2
MO #132 energy= -0.43487283632736  occ= 2
MO #133 energy= -0.434187357316846 occ= 2
MO #134 energy= -0.429094206530611 occ= 2
MO #135 energy= -0.421517189149478 occ= 2
MO #136 energy= -0.420181807424303 occ= 2
MO #137 energy= -0.414320006828543 occ= 2
MO #138 energy= -0.409315087967452 occ= 2
MO #139 energy= -0.407670751926761 occ= 2
MO #140 energy= -0.403063915319921 occ= 2
MO #141 energy= -0.402365462624399 occ= 2
MO #142 energy= -0.399627209239407 occ= 2
MO #143 energy= -0.396973619714196 occ= 2
MO #144 energy= -0.395094508275111 occ= 2
MO #145 energy= -0.389454020605269 occ= 2
MO #146 energy= -0.388337404195577 occ= 2
MO #147 energy= -0.385878972363214 occ= 2
MO #148 energy= -0.385673457912581 occ= 2
MO #149 energy= -0.38352242336079  occ= 2
MO #150 energy= -0.380534220939379 occ= 2
MO #151 energy= -0.372862542364457 occ= 2
MO #152 energy= -0.369790939046893 occ= 2
MO #153 energy= -0.362003076001041 occ= 2
MO #154 energy= -0.356700727269682 occ= 2
MO #155 energy= -0.354912797138103 occ= 2
MO #156 energy= -0.347850873623021 occ= 2
MO #157 energy= -0.346475287308905 occ= 2
MO #158 energy= -0.342574818619762 occ= 2
MO #159 energy= -0.34109853235861  occ= 2
MO #160 energy= -0.338276466837885 occ= 2
MO #161 energy= -0.336053313507531 occ= 2
MO #162 energy= -0.33034196738851  occ= 2
MO #163 energy= -0.325555907850273 occ= 2
MO #164 energy= -0.323638056330586 occ= 2
MO #165 energy= -0.319943312897307 occ= 2
MO #166 energy= -0.319251545144656 occ= 2
MO #167 energy= -0.315681347650933 occ= 2
MO #168 energy= -0.31512155531694  occ= 2
MO #169 energy= -0.314332240054766 occ= 2
MO #170 energy= -0.311551049403483 occ= 2
MO #171 energy= -0.300952617913226 occ= 2
MO #172 energy= -0.299659110866442 occ= 2
MO #173 energy= -0.294074645980173 occ= 2
MO #174 energy= -0.292547738149505 occ= 2
MO #175 energy= -0.27281761777913  occ= 2
MO #176 energy= -0.264008784065187 occ= 2
MO #177 energy= -0.260241807620677 occ= 2
MO #178 energy= -0.252736185801709 occ= 2
MO #179 energy= -0.245243720310146 occ= 2
MO #180 energy= -0.244262173051935 occ= 2
MO #181 energy= -0.240490832879392 occ= 2
MO #182 energy= -0.231686333195797 occ= 2
MO #183 energy= -0.0459693041714714 occ= 0
MO #184 energy= -0.0391093343657821 occ= 0
MO #185 energy= -0.0360852104331882 occ= 0
MO #186 energy= -0.0250440741209908 occ= 0
MO #187 energy= -0.0199555771280604 occ= 0
MO #188 energy= -0.0134856792679643 occ= 0
MO #189 energy= -0.00418173622704888 occ= 0
MO #190 energy= 0.00245001969378184 occ= 0
MO #191 energy= 0.0072789489533298 occ= 0
MO #192 energy= 0.0255536324033262 occ= 0
MO #193 energy= 0.0397360312371285 occ= 0
MO #194 energy= 0.0554572906033612 occ= 0
MO #195 energy= 0.0583194632765508 occ= 0
MO #196 energy= 0.0644608036057462 occ= 0
MO #197 energy= 0.0707161155254778 occ= 0
MO #198 energy= 0.0721361388613438 occ= 0
MO #199 energy= 0.0799475082209481 occ= 0
MO #200 energy= 0.0840098013721904 occ= 0
MO #201 energy= 0.0866733832884563 occ= 0
MO #202 energy= 0.0882204056917692 occ= 0
MO #203 energy= 0.0957338754775464 occ= 0
MO #204 energy= 0.100874363826764  occ= 0
MO #205 energy= 0.102997781219171  occ= 0
MO #206 energy= 0.108058154193685  occ= 0
MO #207 energy= 0.111231824553924  occ= 0
MO #208 energy= 0.113756663013709  occ= 0
MO #209 energy= 0.117290951723277  occ= 0
MO #210 energy= 0.120073895581359  occ= 0
MO #211 energy= 0.121197542712864  occ= 0
MO #212 energy= 0.126697625236336  occ= 0
MO #213 energy= 0.131503148930332  occ= 0
MO #214 energy= 0.132692498813099  occ= 0
MO #215 energy= 0.133205993057797  occ= 0
MO #216 energy= 0.136124349749599  occ= 0
MO #217 energy= 0.1400147513665    occ= 0
MO #218 energy= 0.143092268721508  occ= 0
MO #219 energy= 0.14871061142      occ= 0
MO #220 energy= 0.151652019520149  occ= 0
MO #221 energy= 0.154508478917868  occ= 0
MO #222 energy= 0.161492888298659  occ= 0
MO #223 energy= 0.16477054803507   occ= 0
MO #224 energy= 0.171299032149747  occ= 0
MO #225 energy= 0.176942714726802  occ= 0
MO #226 energy= 0.180179198007873  occ= 0
MO #227 energy= 0.183628964765012  occ= 0
MO #228 energy= 0.195162556731464  occ= 0
MO #229 energy= 0.202952838045009  occ= 0
MO #230 energy= 0.211695260577409  occ= 0
MO #231 energy= 0.212512858470768  occ= 0
MO #232 energy= 0.217945095640734  occ= 0
MO #233 energy= 0.23015637529237   occ= 0
MO #234 energy= 0.230843797530706  occ= 0
MO #235 energy= 0.235526288137872  occ= 0
MO #236 energy= 0.241849374504325  occ= 0
MO #237 energy= 0.243637475608666  occ= 0
MO #238 energy= 0.250461334947528  occ= 0
MO #239 energy= 0.259816068750592  occ= 0
MO #240 energy= 0.269686905558453  occ= 0
MO #241 energy= 0.272995533048187  occ= 0
MO #242 energy= 0.274173847548522  occ= 0
MO #243 energy= 0.277228413519469  occ= 0
MO #244 energy= 0.281839274964461  occ= 0
MO #245 energy= 0.283467107310149  occ= 0
MO #246 energy= 0.287211345384236  occ= 0
MO #247 energy= 0.292956037944634  occ= 0
MO #248 energy= 0.294971153970898  occ= 0
MO #249 energy= 0.296267864115579  occ= 0
MO #250 energy= 0.302146718598797  occ= 0
MO #251 energy= 0.307129711298116  occ= 0
MO #252 energy= 0.309869340715016  occ= 0
MO #253 energy= 0.314344977436298  occ= 0
MO #254 energy= 0.32392058352509   occ= 0
MO #255 energy= 0.329474865216045  occ= 0
MO #256 energy= 0.332331271988394  occ= 0
MO #257 energy= 0.334832509611821  occ= 0
MO #258 energy= 0.341543024052132  occ= 0
MO #259 energy= 0.34534227417288   occ= 0
MO #260 energy= 0.350341551037382  occ= 0
MO #261 energy= 0.353719214111475  occ= 0
MO #262 energy= 0.355071089829103  occ= 0
MO #263 energy= 0.361456684378786  occ= 0
MO #264 energy= 0.365728460491055  occ= 0
MO #265 energy= 0.372365482921075  occ= 0
MO #266 energy= 0.382037776454717  occ= 0
MO #267 energy= 0.388444132100797  occ= 0
MO #268 energy= 0.396963224743662  occ= 0
MO #269 energy= 0.402041916175757  occ= 0
MO #270 energy= 0.41195289131087   occ= 0
MO #271 energy= 0.417935626908782  occ= 0
MO #272 energy= 0.421229606403408  occ= 0
MO #273 energy= 0.424555528786483  occ= 0
MO #274 energy= 0.427068920291661  occ= 0
MO #275 energy= 0.429443494399907  occ= 0
MO #276 energy= 0.432561447871824  occ= 0
MO #277 energy= 0.435553639087366  occ= 0
MO #278 energy= 0.437841568421262  occ= 0
MO #279 energy= 0.443197600242767  occ= 0
MO #280 energy= 0.443513136943196  occ= 0
MO #281 energy= 0.445041237027127  occ= 0
MO #282 energy= 0.449241371158684  occ= 0
MO #283 energy= 0.450102776360839  occ= 0
MO #284 energy= 0.456062766170734  occ= 0
MO #285 energy= 0.457065957712423  occ= 0
MO #286 energy= 0.458877373735592  occ= 0
MO #287 energy= 0.463033329289485  occ= 0
MO #288 energy= 0.465594899291284  occ= 0
MO #289 energy= 0.471144553669218  occ= 0
MO #290 energy= 0.474307522487739  occ= 0
MO #291 energy= 0.481751495724836  occ= 0
MO #292 energy= 0.484106534063558  occ= 0
MO #293 energy= 0.490194258094976  occ= 0
MO #294 energy= 0.492274053873569  occ= 0
MO #295 energy= 0.500199213361871  occ= 0
MO #296 energy= 0.505225167968037  occ= 0
MO #297 energy= 0.512127802388978  occ= 0
MO #298 energy= 0.512823539883159  occ= 0
MO #299 energy= 0.514561134940232  occ= 0
MO #300 energy= 0.519045585950149  occ= 0
MO #301 energy= 0.526121586479548  occ= 0
MO #302 energy= 0.531164130097411  occ= 0
MO #303 energy= 0.541949759767456  occ= 0
MO #304 energy= 0.546461002296341  occ= 0
MO #305 energy= 0.551010740540496  occ= 0
MO #306 energy= 0.553732107931934  occ= 0
MO #307 energy= 0.561468153316667  occ= 0
MO #308 energy= 0.564044796987442  occ= 0
MO #309 energy= 0.57381994778912   occ= 0
MO #310 energy= 0.578274109841407  occ= 0
MO #311 energy= 0.581924644728208  occ= 0
MO #312 energy= 0.583262539834458  occ= 0
MO #313 energy= 0.584297060087628  occ= 0
MO #314 energy= 0.589649962370846  occ= 0
MO #315 energy= 0.593056902229329  occ= 0
MO #316 energy= 0.597181308296746  occ= 0
MO #317 energy= 0.599291572165015  occ= 0
MO #318 energy= 0.603502697916142  occ= 0
MO #319 energy= 0.606086712580175  occ= 0
MO #320 energy= 0.6077399541596    occ= 0
MO #321 energy= 0.609165247048906  occ= 0
MO #322 energy= 0.612800120225105  occ= 0
MO #323 energy= 0.617083874310184  occ= 0
MO #324 energy= 0.61985373655957   occ= 0
MO #325 energy= 0.62288560327424   occ= 0
MO #326 energy= 0.623627974815989  occ= 0
MO #327 energy= 0.627725406608611  occ= 0
MO #328 energy= 0.629721809356768  occ= 0
MO #329 energy= 0.633351868323043  occ= 0
MO #330 energy= 0.634233344881164  occ= 0
MO #331 energy= 0.636785109949327  occ= 0
MO #332 energy= 0.640115977859139  occ= 0
MO #333 energy= 0.641595537665421  occ= 0
MO #334 energy= 0.643034264251991  occ= 0
MO #335 energy= 0.645605994401304  occ= 0
MO #336 energy= 0.646250176821479  occ= 0
MO #337 energy= 0.649216291466775  occ= 0
MO #338 energy= 0.651671894551354  occ= 0
MO #339 energy= 0.65470845810298   occ= 0
MO #340 energy= 0.65684209378529   occ= 0
MO #341 energy= 0.659167273494098  occ= 0
MO #342 energy= 0.661124644430081  occ= 0
MO #343 energy= 0.661946555946029  occ= 0
MO #344 energy= 0.66331682868073   occ= 0
MO #345 energy= 0.666640596708324  occ= 0
MO #346 energy= 0.668726189522061  occ= 0
MO #347 energy= 0.671335307191885  occ= 0
MO #348 energy= 0.675628010560752  occ= 0
MO #349 energy= 0.677803327484598  occ= 0
MO #350 energy= 0.67960151332648   occ= 0
MO #351 energy= 0.68310073228041   occ= 0
MO #352 energy= 0.685313999746859  occ= 0
MO #353 energy= 0.689909333229485  occ= 0
MO #354 energy= 0.692458483294486  occ= 0
MO #355 energy= 0.694296921706473  occ= 0
MO #356 energy= 0.697361795139492  occ= 0
MO #357 energy= 0.701456702287775  occ= 0
MO #358 energy= 0.704525807464946  occ= 0
MO #359 energy= 0.707074408395683  occ= 0
MO #360 energy= 0.709876626596313  occ= 0
MO #361 energy= 0.714583277560765  occ= 0
MO #362 energy= 0.715052276055168  occ= 0
MO #363 energy= 0.719410535840841  occ= 0
MO #364 energy= 0.721404808562996  occ= 0
MO #365 energy= 0.724324382236732  occ= 0
MO #366 energy= 0.726188338914273  occ= 0
MO #367 energy= 0.729504417513537  occ= 0
MO #368 energy= 0.733201343590957  occ= 0
MO #369 energy= 0.733889133101141  occ= 0
MO #370 energy= 0.736329092656887  occ= 0
MO #371 energy= 0.737979588530766  occ= 0
MO #372 energy= 0.743814237979504  occ= 0
MO #373 energy= 0.746654700188937  occ= 0
MO #374 energy= 0.751407082998252  occ= 0
MO #375 energy= 0.751662373629974  occ= 0
MO #376 energy= 0.756879045368767  occ= 0
MO #377 energy= 0.758295529690814  occ= 0
MO #378 energy= 0.762505919683358  occ= 0
MO #379 energy= 0.765011406258368  occ= 0
MO #380 energy= 0.765845939514912  occ= 0
MO #381 energy= 0.769989200549536  occ= 0
MO #382 energy= 0.771492179545486  occ= 0
MO #383 energy= 0.77584730726568   occ= 0
MO #384 energy= 0.780077147736948  occ= 0
MO #385 energy= 0.782351449196203  occ= 0
MO #386 energy= 0.784896234986904  occ= 0
MO #387 energy= 0.788887818825996  occ= 0
MO #388 energy= 0.791242613603651  occ= 0
MO #389 energy= 0.793342760304812  occ= 0
MO #390 energy= 0.798157990811201  occ= 0
MO #391 energy= 0.80256362095302   occ= 0
MO #392 energy= 0.8037939103815    occ= 0
MO #393 energy= 0.807921458748654  occ= 0
MO #394 energy= 0.811379756963732  occ= 0
MO #395 energy= 0.813033090133112  occ= 0
MO #396 energy= 0.818050251525939  occ= 0
MO #397 energy= 0.822730956858204  occ= 0
MO #398 energy= 0.825564631277873  occ= 0
MO #399 energy= 0.833391900387044  occ= 0
MO #400 energy= 0.836435610308785  occ= 0
MO #401 energy= 0.839709015301037  occ= 0
MO #402 energy= 0.846916223870986  occ= 0
MO #403 energy= 0.849614325283582  occ= 0
MO #404 energy= 0.852872280275766  occ= 0
MO #405 energy= 0.859715391000524  occ= 0
MO #406 energy= 0.861541609288809  occ= 0
MO #407 energy= 0.868309735737947  occ= 0
MO #408 energy= 0.870552523165336  occ= 0
MO #409 energy= 0.876883704639671  occ= 0
MO #410 energy= 0.878221255176548  occ= 0
MO #411 energy= 0.882843540105226  occ= 0
MO #412 energy= 0.884086910946514  occ= 0
MO #413 energy= 0.887751073279613  occ= 0
MO #414 energy= 0.893166140773923  occ= 0
MO #415 energy= 0.907128652470622  occ= 0
MO #416 energy= 0.9081111866297    occ= 0
MO #417 energy= 0.911870308840916  occ= 0
MO #418 energy= 0.920943081252393  occ= 0
MO #419 energy= 0.926487237503821  occ= 0
MO #420 energy= 0.931948893179436  occ= 0
MO #421 energy= 0.934926243516365  occ= 0
MO #422 energy= 0.937362944340139  occ= 0
MO #423 energy= 0.944092002334227  occ= 0
MO #424 energy= 0.946759382986741  occ= 0
MO #425 energy= 0.951480595675349  occ= 0
MO #426 energy= 0.957312141900073  occ= 0
MO #427 energy= 0.965376364284148  occ= 0
MO #428 energy= 0.973672226541421  occ= 0
MO #429 energy= 0.977129758437884  occ= 0
MO #430 energy= 0.980067835935518  occ= 0
MO #431 energy= 0.994994604513888  occ= 0
MO #432 energy= 0.998989257406078  occ= 0
MO #433 energy= 1.00541361884121   occ= 0
MO #434 energy= 1.00755525788299   occ= 0
MO #435 energy= 1.01421845227864   occ= 0
MO #436 energy= 1.02209743809646   occ= 0
MO #437 energy= 1.03027086139994   occ= 0
MO #438 energy= 1.03624403945948   occ= 0
MO #439 energy= 1.04587240078925   occ= 0
MO #440 energy= 1.05544687209312   occ= 0
MO #441 energy= 1.05720883606075   occ= 0
MO #442 energy= 1.06094468462387   occ= 0
MO #443 energy= 1.06409628733889   occ= 0
MO #444 energy= 1.075517703281     occ= 0
MO #445 energy= 1.07994352845217   occ= 0
MO #446 energy= 1.095689913537     occ= 0
MO #447 energy= 1.10681297080646   occ= 0
MO #448 energy= 1.10910393453446   occ= 0
MO #449 energy= 1.1237293904537    occ= 0
MO #450 energy= 1.13096697738777   occ= 0
MO #451 energy= 1.13492508106578   occ= 0
MO #452 energy= 1.14043323552162   occ= 0
MO #453 energy= 1.15441879872546   occ= 0
MO #454 energy= 1.15688844025517   occ= 0
MO #455 energy= 1.16346846649774   occ= 0
MO #456 energy= 1.16698064887464   occ= 0
MO #457 energy= 1.17673690006588   occ= 0
MO #458 energy= 1.18640084743396   occ= 0
MO #459 energy= 1.19390471534721   occ= 0
MO #460 energy= 1.19681268953744   occ= 0
MO #461 energy= 1.20457254761817   occ= 0
MO #462 energy= 1.21195022585255   occ= 0
MO #463 energy= 1.21549769226916   occ= 0
MO #464 energy= 1.22422956375622   occ= 0
MO #465 energy= 1.22629467755804   occ= 0
MO #466 energy= 1.23077001229294   occ= 0
MO #467 energy= 1.233450570161     occ= 0
MO #468 energy= 1.23991041338079   occ= 0
MO #469 energy= 1.24441697024884   occ= 0
MO #470 energy= 1.25165767479635   occ= 0
MO #471 energy= 1.2546479266691    occ= 0
MO #472 energy= 1.25938885928137   occ= 0
MO #473 energy= 1.26074708716184   occ= 0
MO #474 energy= 1.26486487882933   occ= 0
MO #475 energy= 1.26703029473143   occ= 0
MO #476 energy= 1.27439808023216   occ= 0
MO #477 energy= 1.27819225837999   occ= 0
MO #478 energy= 1.28116054224789   occ= 0
MO #479 energy= 1.29359722613766   occ= 0
MO #480 energy= 1.30044167421307   occ= 0
MO #481 energy= 1.31220828153293   occ= 0
MO #482 energy= 1.3174165168834    occ= 0
MO #483 energy= 1.31972951845941   occ= 0
MO #484 energy= 1.32866519897911   occ= 0
MO #485 energy= 1.33324485088095   occ= 0
MO #486 energy= 1.3396779032626    occ= 0
MO #487 energy= 1.34642279044721   occ= 0
MO #488 energy= 1.35763637769887   occ= 0
MO #489 energy= 1.36187022274949   occ= 0
MO #490 energy= 1.37146531090317   occ= 0
MO #491 energy= 1.37573006489534   occ= 0
MO #492 energy= 1.38098678738234   occ= 0
MO #493 energy= 1.39169238307034   occ= 0
MO #494 energy= 1.39398650130842   occ= 0
MO #495 energy= 1.40242692911689   occ= 0
MO #496 energy= 1.41134646036449   occ= 0
MO #497 energy= 1.42327397397364   occ= 0
MO #498 energy= 1.42793961657584   occ= 0
MO #499 energy= 1.44031622628107   occ= 0
MO #500 energy= 1.44756044687535   occ= 0
MO #501 energy= 1.45532266049825   occ= 0
MO #502 energy= 1.45630461263865   occ= 0
MO #503 energy= 1.47262872360821   occ= 0
MO #504 energy= 1.47448639892523   occ= 0
MO #505 energy= 1.48557579271762   occ= 0
MO #506 energy= 1.4883061542609    occ= 0
MO #507 energy= 1.49318885339878   occ= 0
MO #508 energy= 1.49937978286051   occ= 0
MO #509 energy= 1.51482638797828   occ= 0
MO #510 energy= 1.52657196855436   occ= 0
MO #511 energy= 1.53122069792583   occ= 0
MO #512 energy= 1.53839235840686   occ= 0
MO #513 energy= 1.54614071968518   occ= 0
MO #514 energy= 1.55183013996907   occ= 0
MO #515 energy= 1.55624858979098   occ= 0
MO #516 energy= 1.56090853560093   occ= 0
MO #517 energy= 1.56534522290563   occ= 0
MO #518 energy= 1.57550217685114   occ= 0
MO #519 energy= 1.58089234000789   occ= 0
MO #520 energy= 1.59138324849047   occ= 0
MO #521 energy= 1.59999869318525   occ= 0
MO #522 energy= 1.60608506285642   occ= 0
MO #523 energy= 1.62826437604707   occ= 0
MO #524 energy= 1.62846139778929   occ= 0
MO #525 energy= 1.64784523692456   occ= 0
MO #526 energy= 1.65377367317951   occ= 0
MO #527 energy= 1.65795018006757   occ= 0
MO #528 energy= 1.66636141194314   occ= 0
MO #529 energy= 1.68249195849356   occ= 0
MO #530 energy= 1.68602248351095   occ= 0
MO #531 energy= 1.6937284354558    occ= 0
MO #532 energy= 1.69909756655606   occ= 0
MO #533 energy= 1.70897687918444   occ= 0
MO #534 energy= 1.71333091419289   occ= 0
MO #535 energy= 1.71476314633141   occ= 0
MO #536 energy= 1.72382513347487   occ= 0
MO #537 energy= 1.72648411243113   occ= 0
MO #538 energy= 1.72989197360766   occ= 0
MO #539 energy= 1.73438188328128   occ= 0
MO #540 energy= 1.73645655747418   occ= 0
MO #541 energy= 1.74248630813702   occ= 0
MO #542 energy= 1.7468235405387    occ= 0
MO #543 energy= 1.7548567040426    occ= 0
MO #544 energy= 1.75759332463093   occ= 0
MO #545 energy= 1.76277197337721   occ= 0
MO #546 energy= 1.7668062757373    occ= 0
MO #547 energy= 1.76741513254186   occ= 0
MO #548 energy= 1.77425083123961   occ= 0
MO #549 energy= 1.77778305048919   occ= 0
MO #550 energy= 1.77903882911875   occ= 0
MO #551 energy= 1.78507865988824   occ= 0
MO #552 energy= 1.7902915793446    occ= 0
MO #553 energy= 1.79398318834025   occ= 0
MO #554 energy= 1.79679477923215   occ= 0
MO #555 energy= 1.80091844991361   occ= 0
MO #556 energy= 1.805115388557     occ= 0
MO #557 energy= 1.81133243343435   occ= 0
MO #558 energy= 1.81189993066006   occ= 0
MO #559 energy= 1.81434387330618   occ= 0
MO #560 energy= 1.81551405336731   occ= 0
MO #561 energy= 1.82385842108416   occ= 0
MO #562 energy= 1.82998760890512   occ= 0
MO #563 energy= 1.83216141094817   occ= 0
MO #564 energy= 1.8394749987698    occ= 0
MO #565 energy= 1.84397452730804   occ= 0
MO #566 energy= 1.84654388271902   occ= 0
MO #567 energy= 1.84873105221587   occ= 0
MO #568 energy= 1.85621565250342   occ= 0
MO #569 energy= 1.86258394213155   occ= 0
MO #570 energy= 1.86474473613889   occ= 0
MO #571 energy= 1.86580825257329   occ= 0
MO #572 energy= 1.87551630546475   occ= 0
MO #573 energy= 1.87972457614737   occ= 0
MO #574 energy= 1.88406577582182   occ= 0
MO #575 energy= 1.88739709430013   occ= 0
MO #576 energy= 1.89412967258633   occ= 0
MO #577 energy= 1.89659572120917   occ= 0
MO #578 energy= 1.89918800550117   occ= 0
MO #579 energy= 1.9074507217332    occ= 0
MO #580 energy= 1.91113665232692   occ= 0
MO #581 energy= 1.91647866124184   occ= 0
MO #582 energy= 1.92516762284705   occ= 0
MO #583 energy= 1.92936248882522   occ= 0
MO #584 energy= 1.94488502045381   occ= 0
MO #585 energy= 1.94840990757087   occ= 0
MO #586 energy= 1.95464417710021   occ= 0
MO #587 energy= 1.95773113853449   occ= 0
MO #588 energy= 1.96537466509471   occ= 0
MO #589 energy= 1.9720169563921    occ= 0
MO #590 energy= 1.99112731386036   occ= 0
MO #591 energy= 1.99339492825041   occ= 0
MO #592 energy= 2.0045249241728    occ= 0
MO #593 energy= 2.00963715330501   occ= 0
MO #594 energy= 2.01624542679123   occ= 0
MO #595 energy= 2.02224582843255   occ= 0
MO #596 energy= 2.0294371212995    occ= 0
MO #597 energy= 2.0341098755337    occ= 0
MO #598 energy= 2.03615352883895   occ= 0
MO #599 energy= 2.05266683363947   occ= 0
MO #600 energy= 2.06946844458009   occ= 0
MO #601 energy= 2.07517096621765   occ= 0
MO #602 energy= 2.07786807323543   occ= 0
MO #603 energy= 2.08190532798757   occ= 0
MO #604 energy= 2.08597206307377   occ= 0
MO #605 energy= 2.09320193462078   occ= 0
MO #606 energy= 2.09721439776317   occ= 0
MO #607 energy= 2.10115327690793   occ= 0
MO #608 energy= 2.1061580793695    occ= 0
MO #609 energy= 2.11074560019814   occ= 0
MO #610 energy= 2.11304116523666   occ= 0
MO #611 energy= 2.11973051684404   occ= 0
MO #612 energy= 2.13052412814365   occ= 0
MO #613 energy= 2.1369686591557    occ= 0
MO #614 energy= 2.15330099321269   occ= 0
MO #615 energy= 2.15624224319618   occ= 0
MO #616 energy= 2.16218338637531   occ= 0
MO #617 energy= 2.16681685135648   occ= 0
MO #618 energy= 2.17647067523591   occ= 0
MO #619 energy= 2.18667919765123   occ= 0
MO #620 energy= 2.19350046758158   occ= 0
MO #621 energy= 2.20301751512956   occ= 0
MO #622 energy= 2.20986670765267   occ= 0
MO #623 energy= 2.21502320012016   occ= 0
MO #624 energy= 2.22075994158133   occ= 0
MO #625 energy= 2.23046550397061   occ= 0
MO #626 energy= 2.23595442199973   occ= 0
MO #627 energy= 2.24691859603807   occ= 0
MO #628 energy= 2.25814987001608   occ= 0
MO #629 energy= 2.25890542965227   occ= 0
MO #630 energy= 2.26285584296433   occ= 0
MO #631 energy= 2.27512265232933   occ= 0
MO #632 energy= 2.28262890294083   occ= 0
MO #633 energy= 2.28724662700982   occ= 0
MO #634 energy= 2.28865656991143   occ= 0
MO #635 energy= 2.2989661087018    occ= 0
MO #636 energy= 2.30675660907097   occ= 0
MO #637 energy= 2.31243593888675   occ= 0
MO #638 energy= 2.31852369316592   occ= 0
MO #639 energy= 2.31980494863483   occ= 0
MO #640 energy= 2.32667649804201   occ= 0
MO #641 energy= 2.3395819846858    occ= 0
MO #642 energy= 2.34351498849807   occ= 0
MO #643 energy= 2.35588472529355   occ= 0
MO #644 energy= 2.36071443704625   occ= 0
MO #645 energy= 2.36316431574325   occ= 0
MO #646 energy= 2.37445330080857   occ= 0
MO #647 energy= 2.3839224922877    occ= 0
MO #648 energy= 2.38983236661611   occ= 0
MO #649 energy= 2.39591850975083   occ= 0
MO #650 energy= 2.40015360952967   occ= 0
MO #651 energy= 2.4087852936684    occ= 0
MO #652 energy= 2.41702793121595   occ= 0
MO #653 energy= 2.42581410483667   occ= 0
MO #654 energy= 2.42993922997767   occ= 0
MO #655 energy= 2.44106453362229   occ= 0
MO #656 energy= 2.46187304210932   occ= 0
MO #657 energy= 2.46542833104119   occ= 0
MO #658 energy= 2.47746433074809   occ= 0
MO #659 energy= 2.49086366620095   occ= 0
MO #660 energy= 2.50762576936787   occ= 0
MO #661 energy= 2.52362210205738   occ= 0
MO #662 energy= 2.54539102554484   occ= 0
MO #663 energy= 2.55604135606792   occ= 0
MO #664 energy= 2.56274227243772   occ= 0
MO #665 energy= 2.56838221429271   occ= 0
MO #666 energy= 2.57910114701468   occ= 0
MO #667 energy= 2.58287237200988   occ= 0
MO #668 energy= 2.59145525439047   occ= 0
MO #669 energy= 2.59755140190407   occ= 0
MO #670 energy= 2.59874759053853   occ= 0
MO #671 energy= 2.60336165345569   occ= 0
MO #672 energy= 2.61151967452248   occ= 0
MO #673 energy= 2.61862351527885   occ= 0
MO #674 energy= 2.62820531195556   occ= 0
MO #675 energy= 2.62996750339381   occ= 0
MO #676 energy= 2.63639250220175   occ= 0
MO #677 energy= 2.63896282880908   occ= 0
MO #678 energy= 2.6418019752469    occ= 0
MO #679 energy= 2.64754960532078   occ= 0
MO #680 energy= 2.66064624593109   occ= 0
MO #681 energy= 2.66519504825036   occ= 0
MO #682 energy= 2.67813449659786   occ= 0
MO #683 energy= 2.68674472201092   occ= 0
MO #684 energy= 2.69380086822458   occ= 0
MO #685 energy= 2.70394541654484   occ= 0
MO #686 energy= 2.70713041352743   occ= 0
MO #687 energy= 2.7185358902439    occ= 0
MO #688 energy= 2.74308078035183   occ= 0
MO #689 energy= 2.7489537103346    occ= 0
MO #690 energy= 2.75861473208985   occ= 0
MO #691 energy= 2.76265997206429   occ= 0
MO #692 energy= 2.77513196129436   occ= 0
MO #693 energy= 2.79155757865545   occ= 0
MO #694 energy= 2.80049156429314   occ= 0
MO #695 energy= 2.80303976070681   occ= 0
MO #696 energy= 2.809437518488     occ= 0
MO #697 energy= 2.81467154930455   occ= 0
MO #698 energy= 2.81731937101654   occ= 0
MO #699 energy= 2.82229690857558   occ= 0
MO #700 energy= 2.83847496787915   occ= 0
MO #701 energy= 2.85611865191596   occ= 0
MO #702 energy= 2.86824374068427   occ= 0
MO #703 energy= 2.87810717626933   occ= 0
MO #704 energy= 2.87912982007475   occ= 0
MO #705 energy= 2.88814224067902   occ= 0
MO #706 energy= 2.89552138773328   occ= 0
MO #707 energy= 2.90798165592321   occ= 0
MO #708 energy= 2.9160924645352    occ= 0
MO #709 energy= 2.93113525521744   occ= 0
MO #710 energy= 2.94083304823037   occ= 0
MO #711 energy= 2.94477208598949   occ= 0
MO #712 energy= 2.94962806715824   occ= 0
MO #713 energy= 2.95826844942056   occ= 0
MO #714 energy= 2.96257286112935   occ= 0
MO #715 energy= 2.97141477992744   occ= 0
MO #716 energy= 2.97478519670763   occ= 0
MO #717 energy= 2.98222590887576   occ= 0
MO #718 energy= 2.99060425317484   occ= 0
MO #719 energy= 3.00515918073915   occ= 0
MO #720 energy= 3.01593088836257   occ= 0
MO #721 energy= 3.01768515777715   occ= 0
MO #722 energy= 3.02616660948905   occ= 0
MO #723 energy= 3.04072673824769   occ= 0
MO #724 energy= 3.04493269203469   occ= 0
MO #725 energy= 3.05266320655181   occ= 0
MO #726 energy= 3.05843881287548   occ= 0
MO #727 energy= 3.05914462665123   occ= 0
MO #728 energy= 3.07769939090966   occ= 0
MO #729 energy= 3.08669644476515   occ= 0
MO #730 energy= 3.09736931075633   occ= 0
MO #731 energy= 3.11482458999117   occ= 0
MO #732 energy= 3.13334460868953   occ= 0
MO #733 energy= 3.15300551414064   occ= 0
MO #734 energy= 3.17744627711988   occ= 0
MO #735 energy= 3.22758208676245   occ= 0
MO #736 energy= 3.29338099096145   occ= 0
MO #737 energy= 3.35593038635248   occ= 0
MO #738 energy= 3.3671280364824    occ= 0
MO #739 energy= 3.37456711402437   occ= 0
MO #740 energy= 3.4305644847221    occ= 0
MO #741 energy= 3.44551771940132   occ= 0
MO #742 energy= 3.47799759542981   occ= 0
MO #743 energy= 3.60760299493369   occ= 0
MO #744 energy= 3.64829948938395   occ= 0
MO #745 energy= 3.7047142916482    occ= 0
 ** Mulliken atomic charges  **
charge of  0O =     -0.77007
charge of  1P =      1.75426
charge of  2O =     -0.64937
charge of  3O =     -0.55389
charge of  4C =      0.18050
charge of  5C =     -0.01082
charge of  6C =     -0.01972
charge of  7C =      0.03806
charge of  8Cl =     -0.04255
charge of  9C =     -0.13027
charge of  10C =      0.04092
charge of  11Cl =     -0.04635
charge of  12C =     -0.12334
charge of  13C =      0.04731
charge of  14Cl =     -0.02495
charge of  15C =     -0.09687
charge of  16C =      0.00308
charge of  17C =      0.00234
charge of  18C =     -0.16989
charge of  19C =     -0.15792
charge of  20C =     -0.15956
charge of  21C =     -0.16895
charge of  22C =     -0.03025
charge of  23C =     -0.02608
charge of  24C =      0.17800
charge of  25O =     -0.54116
charge of  26C =     -0.03025
charge of  27C =     -0.01655
charge of  28C =      0.03063
charge of  29Cl =     -0.04311
charge of  30C =     -0.12389
charge of  31C =      0.04198
charge of  32Cl =     -0.03735
charge of  33C =     -0.12062
charge of  34C =      0.04191
charge of  35Cl =     -0.02721
charge of  36C =     -0.10631
charge of  37C =      0.00875
charge of  38C =      0.01095
charge of  39C =     -0.17847
charge of  40C =     -0.16346
charge of  41C =     -0.16049
charge of  42C =     -0.17056
charge of  43H =      0.33427
charge of  44H =      0.12516
charge of  45H =      0.12722
charge of  46H =      0.10541
charge of  47H =      0.09014
charge of  48H =      0.10053
charge of  49H =      0.08486
charge of  50H =      0.08746
charge of  51H =      0.08867
charge of  52H =      0.07968
charge of  53H =      0.09718
charge of  54H =      0.09598
charge of  55H =      0.12941
charge of  56H =      0.12995
charge of  57H =      0.10474
charge of  58H =      0.10141
charge of  59H =      0.10207
charge of  60H =      0.08662
charge of  61H =      0.08841
charge of  62H =      0.08720
charge of  63H =      0.08975
charge of  64H =      0.09223
charge of  65H =      0.09325
Dipole moment(X, Y, Z, Debye):  1.89481,  1.74806, -5.74435
def2-svp b3lyp 172.03367829322815
