/public3/home/scg5914/software-scg5914/LSW/1/data/data2/std_data/def2svp_b3lyp/cat_32.xyz
converged SCF energy = -1872.24099075046
**** MO energy ****
MO #1   energy= -77.2172591610892  occ= 2
MO #2   energy= -19.1833215347513  occ= 2
MO #3   energy= -19.1796334078155  occ= 2
MO #4   energy= -19.1709464935035  occ= 2
MO #5   energy= -19.0875865400979  occ= 2
MO #6   energy= -10.2594373131326  occ= 2
MO #7   energy= -10.2570575722014  occ= 2
MO #8   energy= -10.2067126578595  occ= 2
MO #9   energy= -10.2054504659268  occ= 2
MO #10  energy= -10.203175679914   occ= 2
MO #11  energy= -10.2021974055645  occ= 2
MO #12  energy= -10.2010329998888  occ= 2
MO #13  energy= -10.20081896056    occ= 2
MO #14  energy= -10.1987587387794  occ= 2
MO #15  energy= -10.1974491695153  occ= 2
MO #16  energy= -10.1951849831828  occ= 2
MO #17  energy= -10.1934742720245  occ= 2
MO #18  energy= -10.193342815153   occ= 2
MO #19  energy= -10.1916618421116  occ= 2
MO #20  energy= -10.1907090711987  occ= 2
MO #21  energy= -10.1903799330945  occ= 2
MO #22  energy= -10.1903457989395  occ= 2
MO #23  energy= -10.1895674458839  occ= 2
MO #24  energy= -10.1892202223098  occ= 2
MO #25  energy= -10.1889216343258  occ= 2
MO #26  energy= -10.1888121349692  occ= 2
MO #27  energy= -10.1880079664604  occ= 2
MO #28  energy= -10.185133535074   occ= 2
MO #29  energy= -10.1846973741266  occ= 2
MO #30  energy= -10.1842926673784  occ= 2
MO #31  energy= -10.1835978194434  occ= 2
MO #32  energy= -10.1829866788693  occ= 2
MO #33  energy= -10.1799412176239  occ= 2
MO #34  energy= -10.1797703413572  occ= 2
MO #35  energy= -10.1795581769737  occ= 2
MO #36  energy= -10.1792531708758  occ= 2
MO #37  energy= -10.1789910500089  occ= 2
MO #38  energy= -6.69312466478284  occ= 2
MO #39  energy= -4.86063582617926  occ= 2
MO #40  energy= -4.86020100498355  occ= 2
MO #41  energy= -4.85838960590629  occ= 2
MO #42  energy= -1.11968304422782  occ= 2
MO #43  energy= -1.05712423564671  occ= 2
MO #44  energy= -1.04499405729641  occ= 2
MO #45  energy= -0.957914766066236 occ= 2
MO #46  energy= -0.890932267970569 occ= 2
MO #47  energy= -0.878185640442996 occ= 2
MO #48  energy= -0.858184745799406 occ= 2
MO #49  energy= -0.853951347871824 occ= 2
MO #50  energy= -0.831774345158984 occ= 2
MO #51  energy= -0.823469608993969 occ= 2
MO #52  energy= -0.80574175186465  occ= 2
MO #53  energy= -0.766842109076864 occ= 2
MO #54  energy= -0.763680219163798 occ= 2
MO #55  energy= -0.760143700397954 occ= 2
MO #56  energy= -0.742854884028013 occ= 2
MO #57  energy= -0.740399245498762 occ= 2
MO #58  energy= -0.736257524310786 occ= 2
MO #59  energy= -0.727258184217567 occ= 2
MO #60  energy= -0.718243106549621 occ= 2
MO #61  energy= -0.704866958679832 occ= 2
MO #62  energy= -0.675474284814827 occ= 2
MO #63  energy= -0.643559652079213 occ= 2
MO #64  energy= -0.637576450985099 occ= 2
MO #65  energy= -0.630130442442206 occ= 2
MO #66  energy= -0.621555075272929 occ= 2
MO #67  energy= -0.604154781672527 occ= 2
MO #68  energy= -0.602786676697331 occ= 2
MO #69  energy= -0.597177620750024 occ= 2
MO #70  energy= -0.588667683134904 occ= 2
MO #71  energy= -0.585717396696687 occ= 2
MO #72  energy= -0.573537497955712 occ= 2
MO #73  energy= -0.563210610785844 occ= 2
MO #74  energy= -0.554730314350667 occ= 2
MO #75  energy= -0.539134885572818 occ= 2
MO #76  energy= -0.53280344669935  occ= 2
MO #77  energy= -0.522712180701749 occ= 2
MO #78  energy= -0.520118478750246 occ= 2
MO #79  energy= -0.498347223170692 occ= 2
MO #80  energy= -0.490336997234137 occ= 2
MO #81  energy= -0.484186149751573 occ= 2
MO #82  energy= -0.478155905754898 occ= 2
MO #83  energy= -0.473824391769507 occ= 2
MO #84  energy= -0.462786953175434 occ= 2
MO #85  energy= -0.457747784286647 occ= 2
MO #86  energy= -0.454180778960299 occ= 2
MO #87  energy= -0.452292018334228 occ= 2
MO #88  energy= -0.450614047908714 occ= 2
MO #89  energy= -0.446189922152518 occ= 2
MO #90  energy= -0.444042203540866 occ= 2
MO #91  energy= -0.438912615589661 occ= 2
MO #92  energy= -0.435481177223421 occ= 2
MO #93  energy= -0.434189141975692 occ= 2
MO #94  energy= -0.428809582206917 occ= 2
MO #95  energy= -0.424331751965765 occ= 2
MO #96  energy= -0.421809586786675 occ= 2
MO #97  energy= -0.420653563682144 occ= 2
MO #98  energy= -0.417471412216595 occ= 2
MO #99  energy= -0.404547263212095 occ= 2
MO #100 energy= -0.401545089568616 occ= 2
MO #101 energy= -0.397523702103513 occ= 2
MO #102 energy= -0.393873559642647 occ= 2
MO #103 energy= -0.380569733061584 occ= 2
MO #104 energy= -0.378154809873786 occ= 2
MO #105 energy= -0.372351635807313 occ= 2
MO #106 energy= -0.369659470543806 occ= 2
MO #107 energy= -0.365589296016681 occ= 2
MO #108 energy= -0.36273464973675  occ= 2
MO #109 energy= -0.35872783888307  occ= 2
MO #110 energy= -0.353322563542509 occ= 2
MO #111 energy= -0.352463262897225 occ= 2
MO #112 energy= -0.346139237921267 occ= 2
MO #113 energy= -0.346115431923279 occ= 2
MO #114 energy= -0.342131486583843 occ= 2
MO #115 energy= -0.333212889737765 occ= 2
MO #116 energy= -0.331218339578295 occ= 2
MO #117 energy= -0.327285682495826 occ= 2
MO #118 energy= -0.325202888196919 occ= 2
MO #119 energy= -0.302880869713551 occ= 2
MO #120 energy= -0.299736300025795 occ= 2
MO #121 energy= -0.295312046968025 occ= 2
MO #122 energy= -0.289181390217225 occ= 2
MO #123 energy= -0.26860453078881  occ= 2
MO #124 energy= -0.265612449157714 occ= 2
MO #125 energy= -0.255761196706028 occ= 2
MO #126 energy= -0.2506499618399   occ= 2
MO #127 energy= -0.239793016883288 occ= 2
MO #128 energy= -0.235600556147873 occ= 2
MO #129 energy= -0.224938010271569 occ= 2
MO #130 energy= -0.21724763726639  occ= 2
MO #131 energy= -0.0604309149542058 occ= 0
MO #132 energy= -0.0500255658146044 occ= 0
MO #133 energy= -0.0301505844865963 occ= 0
MO #134 energy= -0.025597993784658 occ= 0
MO #135 energy= -0.00453291123953095 occ= 0
MO #136 energy= 0.000419007145777302 occ= 0
MO #137 energy= 0.00447641607190829 occ= 0
MO #138 energy= 0.00997018752803318 occ= 0
MO #139 energy= 0.0140436994856715 occ= 0
MO #140 energy= 0.0297944704610553 occ= 0
MO #141 energy= 0.0458065532223304 occ= 0
MO #142 energy= 0.067617790031168  occ= 0
MO #143 energy= 0.0691844479075527 occ= 0
MO #144 energy= 0.0706415985767292 occ= 0
MO #145 energy= 0.07340060226471   occ= 0
MO #146 energy= 0.0865581969796009 occ= 0
MO #147 energy= 0.088998178490571  occ= 0
MO #148 energy= 0.0915332753676523 occ= 0
MO #149 energy= 0.0922031370448444 occ= 0
MO #150 energy= 0.105247910913667  occ= 0
MO #151 energy= 0.106436531555733  occ= 0
MO #152 energy= 0.11054149682949   occ= 0
MO #153 energy= 0.113923963019069  occ= 0
MO #154 energy= 0.119067656714828  occ= 0
MO #155 energy= 0.121927857319664  occ= 0
MO #156 energy= 0.131084209705352  occ= 0
MO #157 energy= 0.134658942764626  occ= 0
MO #158 energy= 0.141219315001422  occ= 0
MO #159 energy= 0.14459774888913   occ= 0
MO #160 energy= 0.148676830855508  occ= 0
MO #161 energy= 0.152595629838539  occ= 0
MO #162 energy= 0.155874971175451  occ= 0
MO #163 energy= 0.156634299759538  occ= 0
MO #164 energy= 0.159070967177303  occ= 0
MO #165 energy= 0.160949145194177  occ= 0
MO #166 energy= 0.163131343770229  occ= 0
MO #167 energy= 0.167161524927958  occ= 0
MO #168 energy= 0.170810782913744  occ= 0
MO #169 energy= 0.180629157054096  occ= 0
MO #170 energy= 0.184904718439039  occ= 0
MO #171 energy= 0.199173117334802  occ= 0
MO #172 energy= 0.206327580990835  occ= 0
MO #173 energy= 0.215902985995881  occ= 0
MO #174 energy= 0.251099490973898  occ= 0
MO #175 energy= 0.252986562638112  occ= 0
MO #176 energy= 0.260825271662554  occ= 0
MO #177 energy= 0.268837998592828  occ= 0
MO #178 energy= 0.271863363233901  occ= 0
MO #179 energy= 0.27564753993993   occ= 0
MO #180 energy= 0.281961248898414  occ= 0
MO #181 energy= 0.282868024557882  occ= 0
MO #182 energy= 0.28790280055803   occ= 0
MO #183 energy= 0.294316383263066  occ= 0
MO #184 energy= 0.295253207783572  occ= 0
MO #185 energy= 0.297534399623528  occ= 0
MO #186 energy= 0.298642986196667  occ= 0
MO #187 energy= 0.300778958754316  occ= 0
MO #188 energy= 0.301665151420146  occ= 0
MO #189 energy= 0.304263178352842  occ= 0
MO #190 energy= 0.305221210918953  occ= 0
MO #191 energy= 0.311315890323881  occ= 0
MO #192 energy= 0.316700482775949  occ= 0
MO #193 energy= 0.321076461902049  occ= 0
MO #194 energy= 0.325673258332454  occ= 0
MO #195 energy= 0.335218186240544  occ= 0
MO #196 energy= 0.339707734408559  occ= 0
MO #197 energy= 0.342641058401052  occ= 0
MO #198 energy= 0.351309159485749  occ= 0
MO #199 energy= 0.355982886730209  occ= 0
MO #200 energy= 0.358978604977879  occ= 0
MO #201 energy= 0.362610394442911  occ= 0
MO #202 energy= 0.370792906365084  occ= 0
MO #203 energy= 0.37380635645993   occ= 0
MO #204 energy= 0.38265158295465   occ= 0
MO #205 energy= 0.385253022522431  occ= 0
MO #206 energy= 0.389164626438942  occ= 0
MO #207 energy= 0.389970568346263  occ= 0
MO #208 energy= 0.401003633528812  occ= 0
MO #209 energy= 0.403941458880709  occ= 0
MO #210 energy= 0.404159338590202  occ= 0
MO #211 energy= 0.410732459252274  occ= 0
MO #212 energy= 0.416821236711721  occ= 0
MO #213 energy= 0.419577051009896  occ= 0
MO #214 energy= 0.421128922133992  occ= 0
MO #215 energy= 0.434435885477086  occ= 0
MO #216 energy= 0.437293805725934  occ= 0
MO #217 energy= 0.440935664885793  occ= 0
MO #218 energy= 0.4478221923808    occ= 0
MO #219 energy= 0.452627922060813  occ= 0
MO #220 energy= 0.456857283992043  occ= 0
MO #221 energy= 0.460165895839379  occ= 0
MO #222 energy= 0.467831310202125  occ= 0
MO #223 energy= 0.469850142962896  occ= 0
MO #224 energy= 0.470754135398395  occ= 0
MO #225 energy= 0.473159199346609  occ= 0
MO #226 energy= 0.475580192380368  occ= 0
MO #227 energy= 0.479991566064449  occ= 0
MO #228 energy= 0.480442462346443  occ= 0
MO #229 energy= 0.486812000225774  occ= 0
MO #230 energy= 0.489532118851055  occ= 0
MO #231 energy= 0.490228478891253  occ= 0
MO #232 energy= 0.492206670368259  occ= 0
MO #233 energy= 0.494726272011209  occ= 0
MO #234 energy= 0.497167819518844  occ= 0
MO #235 energy= 0.501882402157336  occ= 0
MO #236 energy= 0.502667410265681  occ= 0
MO #237 energy= 0.504783643735025  occ= 0
MO #238 energy= 0.5067661457395    occ= 0
MO #239 energy= 0.513358075541768  occ= 0
MO #240 energy= 0.521570348923522  occ= 0
MO #241 energy= 0.523044836758452  occ= 0
MO #242 energy= 0.531643180920565  occ= 0
MO #243 energy= 0.537733662800233  occ= 0
MO #244 energy= 0.542797959880393  occ= 0
MO #245 energy= 0.547759348104748  occ= 0
MO #246 energy= 0.552976194191057  occ= 0
MO #247 energy= 0.554441876295185  occ= 0
MO #248 energy= 0.559337904678942  occ= 0
MO #249 energy= 0.564548837609347  occ= 0
MO #250 energy= 0.567727760197651  occ= 0
MO #251 energy= 0.573311261948307  occ= 0
MO #252 energy= 0.579887278667331  occ= 0
MO #253 energy= 0.581668055842605  occ= 0
MO #254 energy= 0.590841898229397  occ= 0
MO #255 energy= 0.593290537651122  occ= 0
MO #256 energy= 0.596789201075491  occ= 0
MO #257 energy= 0.598440475102355  occ= 0
MO #258 energy= 0.601741448029323  occ= 0
MO #259 energy= 0.608187540394239  occ= 0
MO #260 energy= 0.61425165796668   occ= 0
MO #261 energy= 0.614779184903207  occ= 0
MO #262 energy= 0.624629159968511  occ= 0
MO #263 energy= 0.627149473041544  occ= 0
MO #264 energy= 0.632341111589834  occ= 0
MO #265 energy= 0.635882558936119  occ= 0
MO #266 energy= 0.640109833438444  occ= 0
MO #267 energy= 0.644371378652012  occ= 0
MO #268 energy= 0.651790981587587  occ= 0
MO #269 energy= 0.654431089476428  occ= 0
MO #270 energy= 0.657498502992621  occ= 0
MO #271 energy= 0.66065108208802   occ= 0
MO #272 energy= 0.663330200288868  occ= 0
MO #273 energy= 0.664235804136991  occ= 0
MO #274 energy= 0.66874645528272   occ= 0
MO #275 energy= 0.670351566853405  occ= 0
MO #276 energy= 0.672663350458525  occ= 0
MO #277 energy= 0.675409966105108  occ= 0
MO #278 energy= 0.67982430551211   occ= 0
MO #279 energy= 0.68122134502745   occ= 0
MO #280 energy= 0.682815829464842  occ= 0
MO #281 energy= 0.683948255132899  occ= 0
MO #282 energy= 0.687368178835189  occ= 0
MO #283 energy= 0.692058230258464  occ= 0
MO #284 energy= 0.694954122217734  occ= 0
MO #285 energy= 0.700577404215806  occ= 0
MO #286 energy= 0.70273369025345   occ= 0
MO #287 energy= 0.704084449243265  occ= 0
MO #288 energy= 0.712731786571364  occ= 0
MO #289 energy= 0.721444269856422  occ= 0
MO #290 energy= 0.729022123132584  occ= 0
MO #291 energy= 0.733459622580463  occ= 0
MO #292 energy= 0.735037987779775  occ= 0
MO #293 energy= 0.737583863664682  occ= 0
MO #294 energy= 0.739080689170962  occ= 0
MO #295 energy= 0.744692238773148  occ= 0
MO #296 energy= 0.748965483757774  occ= 0
MO #297 energy= 0.750940507460567  occ= 0
MO #298 energy= 0.751410156287541  occ= 0
MO #299 energy= 0.757195860475998  occ= 0
MO #300 energy= 0.759903497608452  occ= 0
MO #301 energy= 0.761663987387835  occ= 0
MO #302 energy= 0.771569756424572  occ= 0
MO #303 energy= 0.776013233919142  occ= 0
MO #304 energy= 0.781107463861411  occ= 0
MO #305 energy= 0.787362591111035  occ= 0
MO #306 energy= 0.789080197349037  occ= 0
MO #307 energy= 0.796098341714066  occ= 0
MO #308 energy= 0.800501439653223  occ= 0
MO #309 energy= 0.801318317747968  occ= 0
MO #310 energy= 0.811518360012352  occ= 0
MO #311 energy= 0.81409704905431   occ= 0
MO #312 energy= 0.823084375237146  occ= 0
MO #313 energy= 0.82470837944638   occ= 0
MO #314 energy= 0.827825052836485  occ= 0
MO #315 energy= 0.834639413592155  occ= 0
MO #316 energy= 0.844083691074029  occ= 0
MO #317 energy= 0.846004036114198  occ= 0
MO #318 energy= 0.8536084880833    occ= 0
MO #319 energy= 0.858570110915199  occ= 0
MO #320 energy= 0.86197999577619   occ= 0
MO #321 energy= 0.874841117896568  occ= 0
MO #322 energy= 0.881844194289512  occ= 0
MO #323 energy= 0.890607473656203  occ= 0
MO #324 energy= 0.891479245983247  occ= 0
MO #325 energy= 0.900208167479204  occ= 0
MO #326 energy= 0.915727347652691  occ= 0
MO #327 energy= 0.92086160812435   occ= 0
MO #328 energy= 0.922234028607364  occ= 0
MO #329 energy= 0.938918184425925  occ= 0
MO #330 energy= 0.945146114002302  occ= 0
MO #331 energy= 0.946312276642052  occ= 0
MO #332 energy= 0.948236820426454  occ= 0
MO #333 energy= 0.953225402707367  occ= 0
MO #334 energy= 0.962182610604861  occ= 0
MO #335 energy= 0.966439134731459  occ= 0
MO #336 energy= 0.983176599328017  occ= 0
MO #337 energy= 1.00191673494362   occ= 0
MO #338 energy= 1.01344788075823   occ= 0
MO #339 energy= 1.03192668826235   occ= 0
MO #340 energy= 1.03334833238348   occ= 0
MO #341 energy= 1.03907253549191   occ= 0
MO #342 energy= 1.05911975188072   occ= 0
MO #343 energy= 1.0741938989462    occ= 0
MO #344 energy= 1.07695699847065   occ= 0
MO #345 energy= 1.10012364267796   occ= 0
MO #346 energy= 1.10408779794017   occ= 0
MO #347 energy= 1.11158519999026   occ= 0
MO #348 energy= 1.12565923960262   occ= 0
MO #349 energy= 1.13190392384074   occ= 0
MO #350 energy= 1.14172942447789   occ= 0
MO #351 energy= 1.1534751547353    occ= 0
MO #352 energy= 1.16295019438328   occ= 0
MO #353 energy= 1.17016910394797   occ= 0
MO #354 energy= 1.17641825279586   occ= 0
MO #355 energy= 1.18676456200718   occ= 0
MO #356 energy= 1.1913018261081    occ= 0
MO #357 energy= 1.20095927213224   occ= 0
MO #358 energy= 1.20405280636222   occ= 0
MO #359 energy= 1.2047852243895    occ= 0
MO #360 energy= 1.20765942163756   occ= 0
MO #361 energy= 1.21005740302397   occ= 0
MO #362 energy= 1.21643399379326   occ= 0
MO #363 energy= 1.22861534071629   occ= 0
MO #364 energy= 1.23442312767241   occ= 0
MO #365 energy= 1.23886327889939   occ= 0
MO #366 energy= 1.24366611973505   occ= 0
MO #367 energy= 1.25010509595178   occ= 0
MO #368 energy= 1.25208574978987   occ= 0
MO #369 energy= 1.25352176135143   occ= 0
MO #370 energy= 1.25770262283735   occ= 0
MO #371 energy= 1.26003581787975   occ= 0
MO #372 energy= 1.26418413963876   occ= 0
MO #373 energy= 1.27498170454081   occ= 0
MO #374 energy= 1.27814283864889   occ= 0
MO #375 energy= 1.28043528317344   occ= 0
MO #376 energy= 1.28829609143733   occ= 0
MO #377 energy= 1.28911317935764   occ= 0
MO #378 energy= 1.29283588414818   occ= 0
MO #379 energy= 1.29499597042554   occ= 0
MO #380 energy= 1.30287763265002   occ= 0
MO #381 energy= 1.30658785275602   occ= 0
MO #382 energy= 1.30894945382612   occ= 0
MO #383 energy= 1.31502190728778   occ= 0
MO #384 energy= 1.31684006595286   occ= 0
MO #385 energy= 1.32181268977414   occ= 0
MO #386 energy= 1.32250650135097   occ= 0
MO #387 energy= 1.33440564059409   occ= 0
MO #388 energy= 1.33666823574668   occ= 0
MO #389 energy= 1.35076866055837   occ= 0
MO #390 energy= 1.36815289028941   occ= 0
MO #391 energy= 1.37021942653609   occ= 0
MO #392 energy= 1.39276052161168   occ= 0
MO #393 energy= 1.39813375980193   occ= 0
MO #394 energy= 1.41147866974459   occ= 0
MO #395 energy= 1.41520443091526   occ= 0
MO #396 energy= 1.45366301643403   occ= 0
MO #397 energy= 1.46587726534619   occ= 0
MO #398 energy= 1.4776542998363    occ= 0
MO #399 energy= 1.48128688966685   occ= 0
MO #400 energy= 1.51444514050733   occ= 0
MO #401 energy= 1.52438784346975   occ= 0
MO #402 energy= 1.53136970451812   occ= 0
MO #403 energy= 1.53861752207714   occ= 0
MO #404 energy= 1.54239754171164   occ= 0
MO #405 energy= 1.56935326177222   occ= 0
MO #406 energy= 1.57024060563231   occ= 0
MO #407 energy= 1.58341798313888   occ= 0
MO #408 energy= 1.60881349417514   occ= 0
MO #409 energy= 1.6175380264723    occ= 0
MO #410 energy= 1.62769117742874   occ= 0
MO #411 energy= 1.63130686388721   occ= 0
MO #412 energy= 1.64107934309176   occ= 0
MO #413 energy= 1.64901972153276   occ= 0
MO #414 energy= 1.6551465711612    occ= 0
MO #415 energy= 1.66847846900618   occ= 0
MO #416 energy= 1.67548927040459   occ= 0
MO #417 energy= 1.67746097631053   occ= 0
MO #418 energy= 1.68747204962261   occ= 0
MO #419 energy= 1.69387732922469   occ= 0
MO #420 energy= 1.70194913692729   occ= 0
MO #421 energy= 1.70815860984705   occ= 0
MO #422 energy= 1.7128139831688    occ= 0
MO #423 energy= 1.71557306860527   occ= 0
MO #424 energy= 1.71870792247546   occ= 0
MO #425 energy= 1.72037527326038   occ= 0
MO #426 energy= 1.72520224122355   occ= 0
MO #427 energy= 1.73450635072756   occ= 0
MO #428 energy= 1.73832995677756   occ= 0
MO #429 energy= 1.7414578090458    occ= 0
MO #430 energy= 1.74334925779215   occ= 0
MO #431 energy= 1.74813905846834   occ= 0
MO #432 energy= 1.75094924148304   occ= 0
MO #433 energy= 1.753459729469     occ= 0
MO #434 energy= 1.75942412628764   occ= 0
MO #435 energy= 1.76117744178677   occ= 0
MO #436 energy= 1.76217513408241   occ= 0
MO #437 energy= 1.7640880624356    occ= 0
MO #438 energy= 1.77004016237626   occ= 0
MO #439 energy= 1.77207103537112   occ= 0
MO #440 energy= 1.77412900818126   occ= 0
MO #441 energy= 1.77797817407215   occ= 0
MO #442 energy= 1.7799594042955    occ= 0
MO #443 energy= 1.78391301163229   occ= 0
MO #444 energy= 1.78866841094135   occ= 0
MO #445 energy= 1.79264650979671   occ= 0
MO #446 energy= 1.79878358868174   occ= 0
MO #447 energy= 1.80026436363782   occ= 0
MO #448 energy= 1.80326832802469   occ= 0
MO #449 energy= 1.8076763003677    occ= 0
MO #450 energy= 1.81441944793964   occ= 0
MO #451 energy= 1.82709824634884   occ= 0
MO #452 energy= 1.82826292216168   occ= 0
MO #453 energy= 1.83588525799147   occ= 0
MO #454 energy= 1.84370734438674   occ= 0
MO #455 energy= 1.8523530562263    occ= 0
MO #456 energy= 1.85944587779391   occ= 0
MO #457 energy= 1.86046238883778   occ= 0
MO #458 energy= 1.86703699051587   occ= 0
MO #459 energy= 1.88076279062141   occ= 0
MO #460 energy= 1.89541026750575   occ= 0
MO #461 energy= 1.90441812154755   occ= 0
MO #462 energy= 1.91218564061955   occ= 0
MO #463 energy= 1.93240524498317   occ= 0
MO #464 energy= 1.93915138033046   occ= 0
MO #465 energy= 1.94165421243924   occ= 0
MO #466 energy= 1.94914442404128   occ= 0
MO #467 energy= 1.9579405632866    occ= 0
MO #468 energy= 1.95892287889104   occ= 0
MO #469 energy= 1.95988471226694   occ= 0
MO #470 energy= 1.96201607427818   occ= 0
MO #471 energy= 1.96694194237489   occ= 0
MO #472 energy= 1.9703208591508    occ= 0
MO #473 energy= 1.98795231106102   occ= 0
MO #474 energy= 1.99306695622139   occ= 0
MO #475 energy= 1.9956099685182    occ= 0
MO #476 energy= 1.99846017768579   occ= 0
MO #477 energy= 2.00031237396611   occ= 0
MO #478 energy= 2.0013582105637    occ= 0
MO #479 energy= 2.00549334173339   occ= 0
MO #480 energy= 2.0120407087082    occ= 0
MO #481 energy= 2.01752440017586   occ= 0
MO #482 energy= 2.02027560046619   occ= 0
MO #483 energy= 2.02590243996568   occ= 0
MO #484 energy= 2.04857384778207   occ= 0
MO #485 energy= 2.06029137897934   occ= 0
MO #486 energy= 2.0616088353839    occ= 0
MO #487 energy= 2.06640896508035   occ= 0
MO #488 energy= 2.07188314546282   occ= 0
MO #489 energy= 2.09366694630585   occ= 0
MO #490 energy= 2.09542694426198   occ= 0
MO #491 energy= 2.10739597220611   occ= 0
MO #492 energy= 2.10889300090046   occ= 0
MO #493 energy= 2.12279009382569   occ= 0
MO #494 energy= 2.13000825144629   occ= 0
MO #495 energy= 2.13481151161721   occ= 0
MO #496 energy= 2.13523735352595   occ= 0
MO #497 energy= 2.14505601548816   occ= 0
MO #498 energy= 2.14774484511227   occ= 0
MO #499 energy= 2.15506455630811   occ= 0
MO #500 energy= 2.15567308933217   occ= 0
MO #501 energy= 2.1579835772153    occ= 0
MO #502 energy= 2.16742330301711   occ= 0
MO #503 energy= 2.17065624225214   occ= 0
MO #504 energy= 2.17771999051276   occ= 0
MO #505 energy= 2.18660244534886   occ= 0
MO #506 energy= 2.18834215841985   occ= 0
MO #507 energy= 2.19068899130355   occ= 0
MO #508 energy= 2.19838055326952   occ= 0
MO #509 energy= 2.20779969303558   occ= 0
MO #510 energy= 2.2123864660208    occ= 0
MO #511 energy= 2.22388748288004   occ= 0
MO #512 energy= 2.23180184765422   occ= 0
MO #513 energy= 2.25018688416223   occ= 0
MO #514 energy= 2.25631253055418   occ= 0
MO #515 energy= 2.26542134104171   occ= 0
MO #516 energy= 2.27473284049437   occ= 0
MO #517 energy= 2.28570447550385   occ= 0
MO #518 energy= 2.29765378219203   occ= 0
MO #519 energy= 2.30011449424876   occ= 0
MO #520 energy= 2.31712266994383   occ= 0
MO #521 energy= 2.321764626115     occ= 0
MO #522 energy= 2.32273889610019   occ= 0
MO #523 energy= 2.32621972330804   occ= 0
MO #524 energy= 2.32789050260785   occ= 0
MO #525 energy= 2.33357268616013   occ= 0
MO #526 energy= 2.34175852743626   occ= 0
MO #527 energy= 2.34473511568848   occ= 0
MO #528 energy= 2.35395080164125   occ= 0
MO #529 energy= 2.35967468401825   occ= 0
MO #530 energy= 2.36428225897449   occ= 0
MO #531 energy= 2.36969502745104   occ= 0
MO #532 energy= 2.37429156944072   occ= 0
MO #533 energy= 2.38547313304319   occ= 0
MO #534 energy= 2.38639792464513   occ= 0
MO #535 energy= 2.38836378011991   occ= 0
MO #536 energy= 2.40294542976767   occ= 0
MO #537 energy= 2.40614406016839   occ= 0
MO #538 energy= 2.4292995355535    occ= 0
MO #539 energy= 2.43363298555143   occ= 0
MO #540 energy= 2.44667161334307   occ= 0
MO #541 energy= 2.49099403264175   occ= 0
MO #542 energy= 2.49629293826282   occ= 0
MO #543 energy= 2.53187352172673   occ= 0
MO #544 energy= 2.54621424987281   occ= 0
MO #545 energy= 2.55133693872177   occ= 0
MO #546 energy= 2.55665496584709   occ= 0
MO #547 energy= 2.55879023586182   occ= 0
MO #548 energy= 2.5785066299904    occ= 0
MO #549 energy= 2.58246929701246   occ= 0
MO #550 energy= 2.59793110412011   occ= 0
MO #551 energy= 2.60477921483791   occ= 0
MO #552 energy= 2.61086394948707   occ= 0
MO #553 energy= 2.62231571890264   occ= 0
MO #554 energy= 2.63111892772225   occ= 0
MO #555 energy= 2.64083075378383   occ= 0
MO #556 energy= 2.64274418682616   occ= 0
MO #557 energy= 2.64571952408135   occ= 0
MO #558 energy= 2.65251091427921   occ= 0
MO #559 energy= 2.65480224861334   occ= 0
MO #560 energy= 2.66457208742738   occ= 0
MO #561 energy= 2.66936884732533   occ= 0
MO #562 energy= 2.67346876034476   occ= 0
MO #563 energy= 2.67736374165172   occ= 0
MO #564 energy= 2.68367867272922   occ= 0
MO #565 energy= 2.6894518371548    occ= 0
MO #566 energy= 2.69819055466891   occ= 0
MO #567 energy= 2.69841145065046   occ= 0
MO #568 energy= 2.70429999648838   occ= 0
MO #569 energy= 2.70972207064079   occ= 0
MO #570 energy= 2.71900157987123   occ= 0
MO #571 energy= 2.73034360103541   occ= 0
MO #572 energy= 2.73772847594582   occ= 0
MO #573 energy= 2.75184514380562   occ= 0
MO #574 energy= 2.75424637052081   occ= 0
MO #575 energy= 2.75656201338415   occ= 0
MO #576 energy= 2.75783076875136   occ= 0
MO #577 energy= 2.75927696266131   occ= 0
MO #578 energy= 2.76600781141683   occ= 0
MO #579 energy= 2.77054360828423   occ= 0
MO #580 energy= 2.78636033294219   occ= 0
MO #581 energy= 2.81131487891864   occ= 0
MO #582 energy= 2.81736660853715   occ= 0
MO #583 energy= 2.84065920661739   occ= 0
MO #584 energy= 2.852794407041     occ= 0
MO #585 energy= 2.85566023372917   occ= 0
MO #586 energy= 2.87695809918298   occ= 0
MO #587 energy= 2.88945799802913   occ= 0
MO #588 energy= 2.89686194430153   occ= 0
MO #589 energy= 2.90125197392141   occ= 0
MO #590 energy= 2.90926415693388   occ= 0
MO #591 energy= 2.91590915547714   occ= 0
MO #592 energy= 2.92018286152427   occ= 0
MO #593 energy= 2.93131475040855   occ= 0
MO #594 energy= 2.93351879664411   occ= 0
MO #595 energy= 2.95128329780586   occ= 0
MO #596 energy= 2.97678943948317   occ= 0
MO #597 energy= 2.98308877441984   occ= 0
MO #598 energy= 2.99665324398679   occ= 0
MO #599 energy= 3.00664036991293   occ= 0
MO #600 energy= 3.01058258430437   occ= 0
MO #601 energy= 3.0127463151429    occ= 0
MO #602 energy= 3.06906306920781   occ= 0
MO #603 energy= 3.08610584804832   occ= 0
MO #604 energy= 3.08782799979407   occ= 0
MO #605 energy= 3.09243268331233   occ= 0
MO #606 energy= 3.14312132482916   occ= 0
MO #607 energy= 3.14513900774349   occ= 0
MO #608 energy= 3.15408914712957   occ= 0
MO #609 energy= 3.17580102791972   occ= 0
MO #610 energy= 3.17906874517768   occ= 0
MO #611 energy= 3.18615497846107   occ= 0
MO #612 energy= 3.1939030354161    occ= 0
MO #613 energy= 3.21487056147774   occ= 0
MO #614 energy= 3.22068418123363   occ= 0
MO #615 energy= 3.26354459827731   occ= 0
MO #616 energy= 3.32487479281928   occ= 0
MO #617 energy= 3.34521758250999   occ= 0
MO #618 energy= 3.366353473621     occ= 0
MO #619 energy= 3.40406718604943   occ= 0
MO #620 energy= 3.43886465550952   occ= 0
MO #621 energy= 3.56389098905063   occ= 0
MO #622 energy= 3.58713986404966   occ= 0
MO #623 energy= 3.65346382786903   occ= 0
MO #624 energy= 3.66775172644849   occ= 0
MO #625 energy= 3.69597070499221   occ= 0
MO #626 energy= 3.70454574034796   occ= 0
MO #627 energy= 3.72521554311241   occ= 0
 ** Mulliken atomic charges  **
charge of  0O =     -0.77530
charge of  1P =      1.75110
charge of  2O =     -0.65294
charge of  3O =     -0.54053
charge of  4C =      0.17677
charge of  5C =     -0.00470
charge of  6C =      0.00746
charge of  7C =     -0.09784
charge of  8C =     -0.10097
charge of  9C =     -0.09930
charge of  10C =     -0.09702
charge of  11C =     -0.09776
charge of  12C =     -0.10256
charge of  13C =      0.00886
charge of  14C =      0.00213
charge of  15C =     -0.10505
charge of  16C =     -0.09900
charge of  17C =     -0.10184
charge of  18C =     -0.10118
charge of  19C =     -0.02679
charge of  20C =     -0.02412
charge of  21C =      0.17781
charge of  22O =     -0.53561
charge of  23C =     -0.00623
charge of  24C =      0.00666
charge of  25C =     -0.09654
charge of  26C =     -0.09919
charge of  27C =     -0.10133
charge of  28C =     -0.10184
charge of  29C =     -0.10398
charge of  30C =     -0.10321
charge of  31C =      0.00847
charge of  32C =      0.00265
charge of  33C =     -0.10446
charge of  34C =     -0.09880
charge of  35C =     -0.10172
charge of  36C =     -0.10159
charge of  37H =      0.35321
charge of  38H =      0.10632
charge of  39H =      0.10041
charge of  40H =      0.10074
charge of  41H =      0.10210
charge of  42H =      0.10341
charge of  43H =      0.10623
charge of  44H =      0.11089
charge of  45H =      0.10445
charge of  46H =      0.10392
charge of  47H =      0.10129
charge of  48H =      0.11030
charge of  49H =      0.10369
charge of  50H =      0.10162
charge of  51H =      0.10135
charge of  52H =      0.10223
charge of  53H =      0.10576
charge of  54H =      0.11176
charge of  55H =      0.10471
charge of  56H =      0.10403
charge of  57H =      0.10104
Dipole moment(X, Y, Z, Debye): -2.16860,  0.32213,  0.60239
def2-svp b3lyp 113.97581601142883
