/public3/home/scg5914/software-scg5914/LSW/1/data/data2/std_data/def2svp_b3lyp/cat_8.xyz
converged SCF energy = -3254.31071650869
**** MO energy ****
MO #1   energy= -77.2177654001476  occ= 2
MO #2   energy= -19.1837741933936  occ= 2
MO #3   energy= -19.1801327545883  occ= 2
MO #4   energy= -19.1708222904163  occ= 2
MO #5   energy= -19.088367784842   occ= 2
MO #6   energy= -10.2606361988653  occ= 2
MO #7   energy= -10.2582445068685  occ= 2
MO #8   energy= -10.2083603640067  occ= 2
MO #9   energy= -10.207044424293   occ= 2
MO #10  energy= -10.2042234857597  occ= 2
MO #11  energy= -10.2040839802442  occ= 2
MO #12  energy= -10.2031523018775  occ= 2
MO #13  energy= -10.201588480883   occ= 2
MO #14  energy= -10.2004709878726  occ= 2
MO #15  energy= -10.1991382750649  occ= 2
MO #16  energy= -10.1970749090926  occ= 2
MO #17  energy= -10.1951597679582  occ= 2
MO #18  energy= -10.1931163344226  occ= 2
MO #19  energy= -10.1929156685652  occ= 2
MO #20  energy= -10.1924367466362  occ= 2
MO #21  energy= -10.1922842427918  occ= 2
MO #22  energy= -10.1918931221437  occ= 2
MO #23  energy= -10.1918779412244  occ= 2
MO #24  energy= -10.1917972387377  occ= 2
MO #25  energy= -10.1913062509207  occ= 2
MO #26  energy= -10.1909526294045  occ= 2
MO #27  energy= -10.1909183866402  occ= 2
MO #28  energy= -10.1907499549194  occ= 2
MO #29  energy= -10.1906392342842  occ= 2
MO #30  energy= -10.1905928974763  occ= 2
MO #31  energy= -10.190277539744   occ= 2
MO #32  energy= -10.1902001140978  occ= 2
MO #33  energy= -10.1899314645309  occ= 2
MO #34  energy= -10.1898108645006  occ= 2
MO #35  energy= -10.1895318090809  occ= 2
MO #36  energy= -10.1886690102518  occ= 2
MO #37  energy= -10.1883420663921  occ= 2
MO #38  energy= -10.1880545601555  occ= 2
MO #39  energy= -10.1870135332764  occ= 2
MO #40  energy= -10.1869963978631  occ= 2
MO #41  energy= -10.1860569755647  occ= 2
MO #42  energy= -10.1860452436608  occ= 2
MO #43  energy= -10.1860416342899  occ= 2
MO #44  energy= -10.1857622086475  occ= 2
MO #45  energy= -10.1856835550093  occ= 2
MO #46  energy= -10.1853959380006  occ= 2
MO #47  energy= -10.1851152213362  occ= 2
MO #48  energy= -10.1849949903948  occ= 2
MO #49  energy= -10.1849314746682  occ= 2
MO #50  energy= -10.1846500402746  occ= 2
MO #51  energy= -10.1844732241872  occ= 2
MO #52  energy= -10.1841468961757  occ= 2
MO #53  energy= -10.183985553989   occ= 2
MO #54  energy= -10.1835086468503  occ= 2
MO #55  energy= -10.1834745540597  occ= 2
MO #56  energy= -10.183348822055   occ= 2
MO #57  energy= -10.1824937180414  occ= 2
MO #58  energy= -10.1823282545225  occ= 2
MO #59  energy= -10.1817290609611  occ= 2
MO #60  energy= -10.1814244805359  occ= 2
MO #61  energy= -10.1808115177135  occ= 2
MO #62  energy= -10.1804925397199  occ= 2
MO #63  energy= -10.1801534761553  occ= 2
MO #64  energy= -10.1799008834878  occ= 2
MO #65  energy= -10.1791237000305  occ= 2
MO #66  energy= -10.1790545243154  occ= 2
MO #67  energy= -10.1785852991459  occ= 2
MO #68  energy= -10.1776569715793  occ= 2
MO #69  energy= -10.1769912427037  occ= 2
MO #70  energy= -10.1748858536934  occ= 2
MO #71  energy= -10.1737687769206  occ= 2
MO #72  energy= -10.172957493674   occ= 2
MO #73  energy= -10.1723338113343  occ= 2
MO #74  energy= -6.69353189480143  occ= 2
MO #75  energy= -4.86105875906593  occ= 2
MO #76  energy= -4.86060159418908  occ= 2
MO #77  energy= -4.85881440999922  occ= 2
MO #78  energy= -1.11954183570247  occ= 2
MO #79  energy= -1.05737067233945  occ= 2
MO #80  energy= -1.04518350585613  occ= 2
MO #81  energy= -0.958723811338088 occ= 2
MO #82  energy= -0.894068992738081 occ= 2
MO #83  energy= -0.887108519705083 occ= 2
MO #84  energy= -0.882359538722489 occ= 2
MO #85  energy= -0.876775264667742 occ= 2
MO #86  energy= -0.871170236449356 occ= 2
MO #87  energy= -0.868365789204177 occ= 2
MO #88  energy= -0.845075721302925 occ= 2
MO #89  energy= -0.839984256457705 occ= 2
MO #90  energy= -0.837937702898008 occ= 2
MO #91  energy= -0.834224315313233 occ= 2
MO #92  energy= -0.826818022817634 occ= 2
MO #93  energy= -0.822632157347828 occ= 2
MO #94  energy= -0.812973684616427 occ= 2
MO #95  energy= -0.795392342990915 occ= 2
MO #96  energy= -0.791114535499049 occ= 2
MO #97  energy= -0.786887007014276 occ= 2
MO #98  energy= -0.78115992717917  occ= 2
MO #99  energy= -0.767578503158508 occ= 2
MO #100 energy= -0.765287345796199 occ= 2
MO #101 energy= -0.763275892030698 occ= 2
MO #102 energy= -0.749158015491765 occ= 2
MO #103 energy= -0.744009272257892 occ= 2
MO #104 energy= -0.742596173191176 occ= 2
MO #105 energy= -0.739409335944628 occ= 2
MO #106 energy= -0.7382686244427   occ= 2
MO #107 energy= -0.733506909374796 occ= 2
MO #108 energy= -0.732073339764399 occ= 2
MO #109 energy= -0.730023884422655 occ= 2
MO #110 energy= -0.727740220679408 occ= 2
MO #111 energy= -0.715722539638772 occ= 2
MO #112 energy= -0.71432344989009  occ= 2
MO #113 energy= -0.712957104703692 occ= 2
MO #114 energy= -0.690429936754736 occ= 2
MO #115 energy= -0.686312812122079 occ= 2
MO #116 energy= -0.676771785615049 occ= 2
MO #117 energy= -0.651147122766531 occ= 2
MO #118 energy= -0.647154816089479 occ= 2
MO #119 energy= -0.636854807646207 occ= 2
MO #120 energy= -0.633228357815446 occ= 2
MO #121 energy= -0.629095935854521 occ= 2
MO #122 energy= -0.625365007675216 occ= 2
MO #123 energy= -0.62078576955489  occ= 2
MO #124 energy= -0.617678781076709 occ= 2
MO #125 energy= -0.612543345186643 occ= 2
MO #126 energy= -0.609381968151099 occ= 2
MO #127 energy= -0.60797813258357  occ= 2
MO #128 energy= -0.605179595960486 occ= 2
MO #129 energy= -0.604086874437043 occ= 2
MO #130 energy= -0.595884835770689 occ= 2
MO #131 energy= -0.593677168156634 occ= 2
MO #132 energy= -0.585185698303873 occ= 2
MO #133 energy= -0.583647013621672 occ= 2
MO #134 energy= -0.579305833629232 occ= 2
MO #135 energy= -0.572844291149751 occ= 2
MO #136 energy= -0.566114263671984 occ= 2
MO #137 energy= -0.563379117104089 occ= 2
MO #138 energy= -0.555441079236577 occ= 2
MO #139 energy= -0.542133128950103 occ= 2
MO #140 energy= -0.535366981974538 occ= 2
MO #141 energy= -0.530741170884932 occ= 2
MO #142 energy= -0.529406976584042 occ= 2
MO #143 energy= -0.525312975277902 occ= 2
MO #144 energy= -0.520812292953913 occ= 2
MO #145 energy= -0.519107294085981 occ= 2
MO #146 energy= -0.516042694245557 occ= 2
MO #147 energy= -0.513760060553932 occ= 2
MO #148 energy= -0.510368566061039 occ= 2
MO #149 energy= -0.504969090747001 occ= 2
MO #150 energy= -0.501815263907232 occ= 2
MO #151 energy= -0.49960488328593  occ= 2
MO #152 energy= -0.4927679724624   occ= 2
MO #153 energy= -0.489377480534538 occ= 2
MO #154 energy= -0.481078887770083 occ= 2
MO #155 energy= -0.478065697076285 occ= 2
MO #156 energy= -0.464775802288569 occ= 2
MO #157 energy= -0.463241383298926 occ= 2
MO #158 energy= -0.461877922228675 occ= 2
MO #159 energy= -0.458798237980967 occ= 2
MO #160 energy= -0.457782825439402 occ= 2
MO #161 energy= -0.457394703791312 occ= 2
MO #162 energy= -0.453576033261644 occ= 2
MO #163 energy= -0.452529472082372 occ= 2
MO #164 energy= -0.451834425357342 occ= 2
MO #165 energy= -0.44986156191938  occ= 2
MO #166 energy= -0.447336003032756 occ= 2
MO #167 energy= -0.446799708114159 occ= 2
MO #168 energy= -0.445702006501371 occ= 2
MO #169 energy= -0.444472398335652 occ= 2
MO #170 energy= -0.444235600057126 occ= 2
MO #171 energy= -0.440830240482525 occ= 2
MO #172 energy= -0.439212352163547 occ= 2
MO #173 energy= -0.436199914068424 occ= 2
MO #174 energy= -0.430559692775062 occ= 2
MO #175 energy= -0.429178028531317 occ= 2
MO #176 energy= -0.427661060302595 occ= 2
MO #177 energy= -0.426905784272267 occ= 2
MO #178 energy= -0.422476316809443 occ= 2
MO #179 energy= -0.422237330161405 occ= 2
MO #180 energy= -0.419453101828466 occ= 2
MO #181 energy= -0.418323815184109 occ= 2
MO #182 energy= -0.415928963891781 occ= 2
MO #183 energy= -0.415427293358597 occ= 2
MO #184 energy= -0.413979904436833 occ= 2
MO #185 energy= -0.410876845356909 occ= 2
MO #186 energy= -0.406385300828523 occ= 2
MO #187 energy= -0.403303456427937 occ= 2
MO #188 energy= -0.400785756072116 occ= 2
MO #189 energy= -0.398001344917076 occ= 2
MO #190 energy= -0.397306540346578 occ= 2
MO #191 energy= -0.395406756221448 occ= 2
MO #192 energy= -0.394018506233947 occ= 2
MO #193 energy= -0.392252728443307 occ= 2
MO #194 energy= -0.391714316108596 occ= 2
MO #195 energy= -0.391343229635116 occ= 2
MO #196 energy= -0.389035941185506 occ= 2
MO #197 energy= -0.379202986011794 occ= 2
MO #198 energy= -0.378600978690136 occ= 2
MO #199 energy= -0.37547701201562  occ= 2
MO #200 energy= -0.372854199335247 occ= 2
MO #201 energy= -0.371181844985869 occ= 2
MO #202 energy= -0.369904570961506 occ= 2
MO #203 energy= -0.365750560952466 occ= 2
MO #204 energy= -0.363740516195539 occ= 2
MO #205 energy= -0.362392767685898 occ= 2
MO #206 energy= -0.358727519801758 occ= 2
MO #207 energy= -0.357608187642849 occ= 2
MO #208 energy= -0.353834694021835 occ= 2
MO #209 energy= -0.34866417964591  occ= 2
MO #210 energy= -0.346563648258189 occ= 2
MO #211 energy= -0.346423174651313 occ= 2
MO #212 energy= -0.342828378030297 occ= 2
MO #213 energy= -0.341881617122074 occ= 2
MO #214 energy= -0.338570819980817 occ= 2
MO #215 energy= -0.337914259012147 occ= 2
MO #216 energy= -0.336046954420122 occ= 2
MO #217 energy= -0.334125205892341 occ= 2
MO #218 energy= -0.332242539949268 occ= 2
MO #219 energy= -0.328922535501221 occ= 2
MO #220 energy= -0.328183847169285 occ= 2
MO #221 energy= -0.325912419532318 occ= 2
MO #222 energy= -0.323053191684823 occ= 2
MO #223 energy= -0.317360531285047 occ= 2
MO #224 energy= -0.313314309382312 occ= 2
MO #225 energy= -0.304901595520645 occ= 2
MO #226 energy= -0.302331720126619 occ= 2
MO #227 energy= -0.301780057009294 occ= 2
MO #228 energy= -0.297843400748192 occ= 2
MO #229 energy= -0.297058500589122 occ= 2
MO #230 energy= -0.293599587579439 occ= 2
MO #231 energy= -0.291057291023254 occ= 2
MO #232 energy= -0.28913732386573  occ= 2
MO #233 energy= -0.288828619004636 occ= 2
MO #234 energy= -0.285647738684972 occ= 2
MO #235 energy= -0.256738163687468 occ= 2
MO #236 energy= -0.254497302496149 occ= 2
MO #237 energy= -0.251716048539463 occ= 2
MO #238 energy= -0.249517711911417 occ= 2
MO #239 energy= -0.247334035859985 occ= 2
MO #240 energy= -0.244434657814239 occ= 2
MO #241 energy= -0.243431283537437 occ= 2
MO #242 energy= -0.238061407432276 occ= 2
MO #243 energy= -0.23077438334445  occ= 2
MO #244 energy= -0.22104253452035  occ= 2
MO #245 energy= -0.22048404154743  occ= 2
MO #246 energy= -0.218093699365898 occ= 2
MO #247 energy= -0.191702611983523 occ= 2
MO #248 energy= -0.187066411491455 occ= 2
MO #249 energy= -0.0677292144660035 occ= 0
MO #250 energy= -0.0633395970529295 occ= 0
MO #251 energy= -0.0586907529963993 occ= 0
MO #252 energy= -0.0489405523165608 occ= 0
MO #253 energy= -0.0428381389051989 occ= 0
MO #254 energy= -0.0407482149020407 occ= 0
MO #255 energy= -0.0249226907722834 occ= 0
MO #256 energy= -0.0184864736989525 occ= 0
MO #257 energy= -0.0155529353247223 occ= 0
MO #258 energy= -0.0128656164976189 occ= 0
MO #259 energy= -0.0120102808856485 occ= 0
MO #260 energy= -0.0069909248081485 occ= 0
MO #261 energy= 0.00565730772839531 occ= 0
MO #262 energy= 0.00993089954029952 occ= 0
MO #263 energy= 0.0142713272251838 occ= 0
MO #264 energy= 0.0256685937537282 occ= 0
MO #265 energy= 0.0275052067704276 occ= 0
MO #266 energy= 0.0287218309054324 occ= 0
MO #267 energy= 0.0405640309124263 occ= 0
MO #268 energy= 0.0441452760853341 occ= 0
MO #269 energy= 0.0494809245611852 occ= 0
MO #270 energy= 0.0634873938971683 occ= 0
MO #271 energy= 0.06618545705681   occ= 0
MO #272 energy= 0.0667971489130083 occ= 0
MO #273 energy= 0.0689095800911973 occ= 0
MO #274 energy= 0.0695557420717219 occ= 0
MO #275 energy= 0.0709059632220373 occ= 0
MO #276 energy= 0.0755816571688167 occ= 0
MO #277 energy= 0.0765098291555568 occ= 0
MO #278 energy= 0.0815031668901725 occ= 0
MO #279 energy= 0.0836947118008625 occ= 0
MO #280 energy= 0.0864084575919667 occ= 0
MO #281 energy= 0.086607371127254  occ= 0
MO #282 energy= 0.0873825497134072 occ= 0
MO #283 energy= 0.0884999181475551 occ= 0
MO #284 energy= 0.0896056590959428 occ= 0
MO #285 energy= 0.0908850832177386 occ= 0
MO #286 energy= 0.0952138200708182 occ= 0
MO #287 energy= 0.0960883334094044 occ= 0
MO #288 energy= 0.0965244099038105 occ= 0
MO #289 energy= 0.0980996725005007 occ= 0
MO #290 energy= 0.102247105803238  occ= 0
MO #291 energy= 0.103100034758226  occ= 0
MO #292 energy= 0.111574368498195  occ= 0
MO #293 energy= 0.117637897110177  occ= 0
MO #294 energy= 0.119763150890022  occ= 0
MO #295 energy= 0.123624090194976  occ= 0
MO #296 energy= 0.124618881418599  occ= 0
MO #297 energy= 0.128151927089777  occ= 0
MO #298 energy= 0.129645787040238  occ= 0
MO #299 energy= 0.13077757151403   occ= 0
MO #300 energy= 0.132475444285899  occ= 0
MO #301 energy= 0.133713888257511  occ= 0
MO #302 energy= 0.134791445466233  occ= 0
MO #303 energy= 0.136272537550103  occ= 0
MO #304 energy= 0.146184989863047  occ= 0
MO #305 energy= 0.147869601671064  occ= 0
MO #306 energy= 0.151909614396958  occ= 0
MO #307 energy= 0.153868916090225  occ= 0
MO #308 energy= 0.154749709339042  occ= 0
MO #309 energy= 0.155125332922598  occ= 0
MO #310 energy= 0.156369611020686  occ= 0
MO #311 energy= 0.157452429291431  occ= 0
MO #312 energy= 0.158280196101423  occ= 0
MO #313 energy= 0.160237070309889  occ= 0
MO #314 energy= 0.163562574809542  occ= 0
MO #315 energy= 0.166626213282865  occ= 0
MO #316 energy= 0.170684392803143  occ= 0
MO #317 energy= 0.171426295161227  occ= 0
MO #318 energy= 0.172855086438533  occ= 0
MO #319 energy= 0.174910650584718  occ= 0
MO #320 energy= 0.178821539249191  occ= 0
MO #321 energy= 0.182203630276899  occ= 0
MO #322 energy= 0.185609706320299  occ= 0
MO #323 energy= 0.190862360642601  occ= 0
MO #324 energy= 0.194148898299712  occ= 0
MO #325 energy= 0.195807249533457  occ= 0
MO #326 energy= 0.201930627264189  occ= 0
MO #327 energy= 0.208019587061978  occ= 0
MO #328 energy= 0.214216912685239  occ= 0
MO #329 energy= 0.217417788597366  occ= 0
MO #330 energy= 0.225728684345685  occ= 0
MO #331 energy= 0.229162453629968  occ= 0
MO #332 energy= 0.24172505941372   occ= 0
MO #333 energy= 0.244435211764392  occ= 0
MO #334 energy= 0.247403946896686  occ= 0
MO #335 energy= 0.248989701599269  occ= 0
MO #336 energy= 0.251209473083951  occ= 0
MO #337 energy= 0.257458324364053  occ= 0
MO #338 energy= 0.269083517861253  occ= 0
MO #339 energy= 0.271278110922083  occ= 0
MO #340 energy= 0.274376721452221  occ= 0
MO #341 energy= 0.275093748822451  occ= 0
MO #342 energy= 0.276690699092463  occ= 0
MO #343 energy= 0.278440035510441  occ= 0
MO #344 energy= 0.27909228799553   occ= 0
MO #345 energy= 0.279774952710641  occ= 0
MO #346 energy= 0.281879869640546  occ= 0
MO #347 energy= 0.282957405532973  occ= 0
MO #348 energy= 0.284040674862304  occ= 0
MO #349 energy= 0.28646289122577   occ= 0
MO #350 energy= 0.288245225679179  occ= 0
MO #351 energy= 0.290036973388325  occ= 0
MO #352 energy= 0.290391241808468  occ= 0
MO #353 energy= 0.293581266678272  occ= 0
MO #354 energy= 0.294078561542108  occ= 0
MO #355 energy= 0.294740439584106  occ= 0
MO #356 energy= 0.296414454228594  occ= 0
MO #357 energy= 0.297637443479461  occ= 0
MO #358 energy= 0.300071079350138  occ= 0
MO #359 energy= 0.301973408392858  occ= 0
MO #360 energy= 0.303889996840494  occ= 0
MO #361 energy= 0.306867023605768  occ= 0
MO #362 energy= 0.309946779316105  occ= 0
MO #363 energy= 0.314964333608768  occ= 0
MO #364 energy= 0.317785013259732  occ= 0
MO #365 energy= 0.320264919058949  occ= 0
MO #366 energy= 0.321693153424448  occ= 0
MO #367 energy= 0.323462274550921  occ= 0
MO #368 energy= 0.325781064065029  occ= 0
MO #369 energy= 0.327065187214872  occ= 0
MO #370 energy= 0.327652254968508  occ= 0
MO #371 energy= 0.331158731551862  occ= 0
MO #372 energy= 0.336584488635306  occ= 0
MO #373 energy= 0.337764203010665  occ= 0
MO #374 energy= 0.338248822468365  occ= 0
MO #375 energy= 0.340446302691437  occ= 0
MO #376 energy= 0.341316069228472  occ= 0
MO #377 energy= 0.343393505234643  occ= 0
MO #378 energy= 0.345382269898365  occ= 0
MO #379 energy= 0.347664525533804  occ= 0
MO #380 energy= 0.35043754336644   occ= 0
MO #381 energy= 0.352040912525209  occ= 0
MO #382 energy= 0.354714532589493  occ= 0
MO #383 energy= 0.356792499486609  occ= 0
MO #384 energy= 0.359560886292958  occ= 0
MO #385 energy= 0.36011738334483   occ= 0
MO #386 energy= 0.363973374062319  occ= 0
MO #387 energy= 0.367171114977007  occ= 0
MO #388 energy= 0.371893841170342  occ= 0
MO #389 energy= 0.374036341883523  occ= 0
MO #390 energy= 0.375742129557022  occ= 0
MO #391 energy= 0.376498541847825  occ= 0
MO #392 energy= 0.37944022687813   occ= 0
MO #393 energy= 0.381571480208014  occ= 0
MO #394 energy= 0.382178579636107  occ= 0
MO #395 energy= 0.382877744259876  occ= 0
MO #396 energy= 0.38553507466874   occ= 0
MO #397 energy= 0.386286486250547  occ= 0
MO #398 energy= 0.387350065220425  occ= 0
MO #399 energy= 0.390395061621392  occ= 0
MO #400 energy= 0.394330330365015  occ= 0
MO #401 energy= 0.395530446143579  occ= 0
MO #402 energy= 0.39620561927356   occ= 0
MO #403 energy= 0.398333271820296  occ= 0
MO #404 energy= 0.400950816593995  occ= 0
MO #405 energy= 0.403895732208522  occ= 0
MO #406 energy= 0.406283495502468  occ= 0
MO #407 energy= 0.408116279487322  occ= 0
MO #408 energy= 0.411571128109193  occ= 0
MO #409 energy= 0.412737879051139  occ= 0
MO #410 energy= 0.4154683325604    occ= 0
MO #411 energy= 0.416846686283145  occ= 0
MO #412 energy= 0.420114378865492  occ= 0
MO #413 energy= 0.422146908599157  occ= 0
MO #414 energy= 0.430041174028491  occ= 0
MO #415 energy= 0.432078389542601  occ= 0
MO #416 energy= 0.433831102517744  occ= 0
MO #417 energy= 0.437307804960167  occ= 0
MO #418 energy= 0.442282817700856  occ= 0
MO #419 energy= 0.44748856811672   occ= 0
MO #420 energy= 0.448116014682065  occ= 0
MO #421 energy= 0.449157991159148  occ= 0
MO #422 energy= 0.452247202595884  occ= 0
MO #423 energy= 0.454043577265184  occ= 0
MO #424 energy= 0.455110719274495  occ= 0
MO #425 energy= 0.457378429728093  occ= 0
MO #426 energy= 0.459964973198333  occ= 0
MO #427 energy= 0.461617229198719  occ= 0
MO #428 energy= 0.462208881677173  occ= 0
MO #429 energy= 0.463894001025489  occ= 0
MO #430 energy= 0.464669703992387  occ= 0
MO #431 energy= 0.468016758033483  occ= 0
MO #432 energy= 0.469340446043217  occ= 0
MO #433 energy= 0.469812411928547  occ= 0
MO #434 energy= 0.471239833852668  occ= 0
MO #435 energy= 0.472197860218251  occ= 0
MO #436 energy= 0.473481999002779  occ= 0
MO #437 energy= 0.475205214719499  occ= 0
MO #438 energy= 0.475464706534104  occ= 0
MO #439 energy= 0.477108271332291  occ= 0
MO #440 energy= 0.479315767639444  occ= 0
MO #441 energy= 0.480205683804433  occ= 0
MO #442 energy= 0.48130597842419   occ= 0
MO #443 energy= 0.483698927447281  occ= 0
MO #444 energy= 0.483810133438972  occ= 0
MO #445 energy= 0.484994316296326  occ= 0
MO #446 energy= 0.486749805714515  occ= 0
MO #447 energy= 0.48769254685447   occ= 0
MO #448 energy= 0.489157546666767  occ= 0
MO #449 energy= 0.49035548277094   occ= 0
MO #450 energy= 0.492132260501818  occ= 0
MO #451 energy= 0.493214076640331  occ= 0
MO #452 energy= 0.493582453060064  occ= 0
MO #453 energy= 0.494050696892046  occ= 0
MO #454 energy= 0.495707441532142  occ= 0
MO #455 energy= 0.497329205525759  occ= 0
MO #456 energy= 0.500225251035536  occ= 0
MO #457 energy= 0.501475275749026  occ= 0
MO #458 energy= 0.502933187604004  occ= 0
MO #459 energy= 0.5051497398848    occ= 0
MO #460 energy= 0.506584678444086  occ= 0
MO #461 energy= 0.508450443827221  occ= 0
MO #462 energy= 0.511128540532542  occ= 0
MO #463 energy= 0.512911077194593  occ= 0
MO #464 energy= 0.515717695173685  occ= 0
MO #465 energy= 0.517242166259757  occ= 0
MO #466 energy= 0.519262338321252  occ= 0
MO #467 energy= 0.519746104349056  occ= 0
MO #468 energy= 0.521535523952562  occ= 0
MO #469 energy= 0.524032155059131  occ= 0
MO #470 energy= 0.527163782089315  occ= 0
MO #471 energy= 0.527660364221802  occ= 0
MO #472 energy= 0.529419211024084  occ= 0
MO #473 energy= 0.531488575370448  occ= 0
MO #474 energy= 0.53611356854652   occ= 0
MO #475 energy= 0.537060039722785  occ= 0
MO #476 energy= 0.538130890378822  occ= 0
MO #477 energy= 0.541570772261773  occ= 0
MO #478 energy= 0.54349570274183   occ= 0
MO #479 energy= 0.54497095786605   occ= 0
MO #480 energy= 0.546695463858893  occ= 0
MO #481 energy= 0.54782341706407   occ= 0
MO #482 energy= 0.554930420320109  occ= 0
MO #483 energy= 0.55781505335565   occ= 0
MO #484 energy= 0.563330014713444  occ= 0
MO #485 energy= 0.563884852263552  occ= 0
MO #486 energy= 0.566234794939927  occ= 0
MO #487 energy= 0.56818598435257   occ= 0
MO #488 energy= 0.572509505842275  occ= 0
MO #489 energy= 0.579845988895621  occ= 0
MO #490 energy= 0.580211961068275  occ= 0
MO #491 energy= 0.582781407198352  occ= 0
MO #492 energy= 0.585254973481932  occ= 0
MO #493 energy= 0.586967658982827  occ= 0
MO #494 energy= 0.587096155689812  occ= 0
MO #495 energy= 0.58922915110328   occ= 0
MO #496 energy= 0.589794566625059  occ= 0
MO #497 energy= 0.593106083275408  occ= 0
MO #498 energy= 0.594467967025382  occ= 0
MO #499 energy= 0.594625508444975  occ= 0
MO #500 energy= 0.601228620129063  occ= 0
MO #501 energy= 0.602114661218592  occ= 0
MO #502 energy= 0.604063090236968  occ= 0
MO #503 energy= 0.60602920774477   occ= 0
MO #504 energy= 0.609578452905121  occ= 0
MO #505 energy= 0.614779977251938  occ= 0
MO #506 energy= 0.620421079987918  occ= 0
MO #507 energy= 0.626366907669066  occ= 0
MO #508 energy= 0.62845028578462   occ= 0
MO #509 energy= 0.630955649571087  occ= 0
MO #510 energy= 0.633718893830378  occ= 0
MO #511 energy= 0.634530894506923  occ= 0
MO #512 energy= 0.637359012851074  occ= 0
MO #513 energy= 0.638896930391986  occ= 0
MO #514 energy= 0.639394939577529  occ= 0
MO #515 energy= 0.641545884886501  occ= 0
MO #516 energy= 0.646392883421581  occ= 0
MO #517 energy= 0.647814282437221  occ= 0
MO #518 energy= 0.64969755824148   occ= 0
MO #519 energy= 0.652198865599841  occ= 0
MO #520 energy= 0.654561965008038  occ= 0
MO #521 energy= 0.655798455971938  occ= 0
MO #522 energy= 0.656706825350838  occ= 0
MO #523 energy= 0.657383830024788  occ= 0
MO #524 energy= 0.658594995633676  occ= 0
MO #525 energy= 0.660526407715705  occ= 0
MO #526 energy= 0.661757684213286  occ= 0
MO #527 energy= 0.663160148635701  occ= 0
MO #528 energy= 0.664694650834064  occ= 0
MO #529 energy= 0.665890552831785  occ= 0
MO #530 energy= 0.667114657892427  occ= 0
MO #531 energy= 0.669028599341768  occ= 0
MO #532 energy= 0.669819125336555  occ= 0
MO #533 energy= 0.670502932549306  occ= 0
MO #534 energy= 0.671399104862757  occ= 0
MO #535 energy= 0.673400655717759  occ= 0
MO #536 energy= 0.674704787732794  occ= 0
MO #537 energy= 0.675638131381903  occ= 0
MO #538 energy= 0.679192737835803  occ= 0
MO #539 energy= 0.682218355219212  occ= 0
MO #540 energy= 0.683473067166141  occ= 0
MO #541 energy= 0.685760455736466  occ= 0
MO #542 energy= 0.688124488428988  occ= 0
MO #543 energy= 0.688577123478131  occ= 0
MO #544 energy= 0.690512341553902  occ= 0
MO #545 energy= 0.692414182375582  occ= 0
MO #546 energy= 0.697827981859328  occ= 0
MO #547 energy= 0.698926310070654  occ= 0
MO #548 energy= 0.700564335511435  occ= 0
MO #549 energy= 0.701040665838448  occ= 0
MO #550 energy= 0.701882646799249  occ= 0
MO #551 energy= 0.704406638500992  occ= 0
MO #552 energy= 0.705225785865221  occ= 0
MO #553 energy= 0.70870024835336   occ= 0
MO #554 energy= 0.709304576654934  occ= 0
MO #555 energy= 0.713019774847798  occ= 0
MO #556 energy= 0.713891044209175  occ= 0
MO #557 energy= 0.715655947468594  occ= 0
MO #558 energy= 0.718795099477587  occ= 0
MO #559 energy= 0.719828523019664  occ= 0
MO #560 energy= 0.720878408205816  occ= 0
MO #561 energy= 0.7221185996514    occ= 0
MO #562 energy= 0.724418093049937  occ= 0
MO #563 energy= 0.725443677619495  occ= 0
MO #564 energy= 0.728055699338949  occ= 0
MO #565 energy= 0.728615589310189  occ= 0
MO #566 energy= 0.731671406291362  occ= 0
MO #567 energy= 0.734837248253813  occ= 0
MO #568 energy= 0.740021204276033  occ= 0
MO #569 energy= 0.744189194714869  occ= 0
MO #570 energy= 0.74614713570503   occ= 0
MO #571 energy= 0.748142815490051  occ= 0
MO #572 energy= 0.750767336455452  occ= 0
MO #573 energy= 0.753272283887378  occ= 0
MO #574 energy= 0.7538755689469    occ= 0
MO #575 energy= 0.754939830608842  occ= 0
MO #576 energy= 0.756640177963029  occ= 0
MO #577 energy= 0.758365937677101  occ= 0
MO #578 energy= 0.75899038284309   occ= 0
MO #579 energy= 0.761643350844677  occ= 0
MO #580 energy= 0.762049528037029  occ= 0
MO #581 energy= 0.76492417137031   occ= 0
MO #582 energy= 0.766765433229421  occ= 0
MO #583 energy= 0.767270322790317  occ= 0
MO #584 energy= 0.768294568780296  occ= 0
MO #585 energy= 0.772017700774454  occ= 0
MO #586 energy= 0.773118440512036  occ= 0
MO #587 energy= 0.776496643146893  occ= 0
MO #588 energy= 0.779907843126619  occ= 0
MO #589 energy= 0.782920147573776  occ= 0
MO #590 energy= 0.784901804978159  occ= 0
MO #591 energy= 0.786395171675647  occ= 0
MO #592 energy= 0.787489615237853  occ= 0
MO #593 energy= 0.787788621281105  occ= 0
MO #594 energy= 0.789462289495224  occ= 0
MO #595 energy= 0.791092095779931  occ= 0
MO #596 energy= 0.792198879657434  occ= 0
MO #597 energy= 0.796800194870128  occ= 0
MO #598 energy= 0.797042390914919  occ= 0
MO #599 energy= 0.801085416788219  occ= 0
MO #600 energy= 0.804542699192648  occ= 0
MO #601 energy= 0.805965772235722  occ= 0
MO #602 energy= 0.809124924789411  occ= 0
MO #603 energy= 0.811380891010553  occ= 0
MO #604 energy= 0.811782645980329  occ= 0
MO #605 energy= 0.816865346462019  occ= 0
MO #606 energy= 0.817423847145688  occ= 0
MO #607 energy= 0.820165279756091  occ= 0
MO #608 energy= 0.821244957230753  occ= 0
MO #609 energy= 0.822901210429305  occ= 0
MO #610 energy= 0.825164809069718  occ= 0
MO #611 energy= 0.827804020718829  occ= 0
MO #612 energy= 0.829976931595959  occ= 0
MO #613 energy= 0.831697926105006  occ= 0
MO #614 energy= 0.833595291812408  occ= 0
MO #615 energy= 0.836047332554985  occ= 0
MO #616 energy= 0.839984277875943  occ= 0
MO #617 energy= 0.841300544143951  occ= 0
MO #618 energy= 0.84448375552226   occ= 0
MO #619 energy= 0.848281103157755  occ= 0
MO #620 energy= 0.852101026103061  occ= 0
MO #621 energy= 0.857216358822596  occ= 0
MO #622 energy= 0.861079566884777  occ= 0
MO #623 energy= 0.861875954400296  occ= 0
MO #624 energy= 0.863036870418646  occ= 0
MO #625 energy= 0.866438651567646  occ= 0
MO #626 energy= 0.871843028785608  occ= 0
MO #627 energy= 0.875715935163248  occ= 0
MO #628 energy= 0.878691547715617  occ= 0
MO #629 energy= 0.881160070348569  occ= 0
MO #630 energy= 0.882569484064206  occ= 0
MO #631 energy= 0.88846614903644   occ= 0
MO #632 energy= 0.890631325944206  occ= 0
MO #633 energy= 0.89343028578816   occ= 0
MO #634 energy= 0.898223953346195  occ= 0
MO #635 energy= 0.900482016819355  occ= 0
MO #636 energy= 0.906485552917895  occ= 0
MO #637 energy= 0.909397830571355  occ= 0
MO #638 energy= 0.91238006740937   occ= 0
MO #639 energy= 0.91482577467088   occ= 0
MO #640 energy= 0.917917846307662  occ= 0
MO #641 energy= 0.919419620585117  occ= 0
MO #642 energy= 0.927874786510178  occ= 0
MO #643 energy= 0.931953749479037  occ= 0
MO #644 energy= 0.944679541156722  occ= 0
MO #645 energy= 0.950451821569568  occ= 0
MO #646 energy= 0.95344434175267   occ= 0
MO #647 energy= 0.957940154581447  occ= 0
MO #648 energy= 0.963019302452724  occ= 0
MO #649 energy= 0.96509009590774   occ= 0
MO #650 energy= 0.972221092474863  occ= 0
MO #651 energy= 0.976643026033687  occ= 0
MO #652 energy= 0.98659994399258   occ= 0
MO #653 energy= 0.987474313185891  occ= 0
MO #654 energy= 0.989350352577141  occ= 0
MO #655 energy= 0.995152617222071  occ= 0
MO #656 energy= 0.999693218696519  occ= 0
MO #657 energy= 1.01244845153618   occ= 0
MO #658 energy= 1.02176445388409   occ= 0
MO #659 energy= 1.02468224845805   occ= 0
MO #660 energy= 1.02907682712792   occ= 0
MO #661 energy= 1.03231473982309   occ= 0
MO #662 energy= 1.04396491115418   occ= 0
MO #663 energy= 1.04848720995214   occ= 0
MO #664 energy= 1.05718837296757   occ= 0
MO #665 energy= 1.07121906587557   occ= 0
MO #666 energy= 1.07288864854213   occ= 0
MO #667 energy= 1.0814514056858    occ= 0
MO #668 energy= 1.08620010374539   occ= 0
MO #669 energy= 1.08840701021171   occ= 0
MO #670 energy= 1.09339031530746   occ= 0
MO #671 energy= 1.09970934307526   occ= 0
MO #672 energy= 1.10540288144091   occ= 0
MO #673 energy= 1.11187658858383   occ= 0
MO #674 energy= 1.11368167826813   occ= 0
MO #675 energy= 1.11561381613416   occ= 0
MO #676 energy= 1.11667294412179   occ= 0
MO #677 energy= 1.1184777014625    occ= 0
MO #678 energy= 1.12085847098475   occ= 0
MO #679 energy= 1.13016554221611   occ= 0
MO #680 energy= 1.1356233541381    occ= 0
MO #681 energy= 1.1430400778345    occ= 0
MO #682 energy= 1.14976098123761   occ= 0
MO #683 energy= 1.15383078936329   occ= 0
MO #684 energy= 1.15578371807699   occ= 0
MO #685 energy= 1.16096913440698   occ= 0
MO #686 energy= 1.17032559786399   occ= 0
MO #687 energy= 1.1767626996199    occ= 0
MO #688 energy= 1.17688010088399   occ= 0
MO #689 energy= 1.18122486026871   occ= 0
MO #690 energy= 1.18533693463381   occ= 0
MO #691 energy= 1.18765892756176   occ= 0
MO #692 energy= 1.19230407241582   occ= 0
MO #693 energy= 1.19629149727673   occ= 0
MO #694 energy= 1.19954623662575   occ= 0
MO #695 energy= 1.20237855970026   occ= 0
MO #696 energy= 1.20691164863266   occ= 0
MO #697 energy= 1.20750795173306   occ= 0
MO #698 energy= 1.21042887472801   occ= 0
MO #699 energy= 1.21365529357889   occ= 0
MO #700 energy= 1.21739644629306   occ= 0
MO #701 energy= 1.21912037307413   occ= 0
MO #702 energy= 1.22318255229962   occ= 0
MO #703 energy= 1.22390309336229   occ= 0
MO #704 energy= 1.22997018149867   occ= 0
MO #705 energy= 1.23129025740634   occ= 0
MO #706 energy= 1.23547911875781   occ= 0
MO #707 energy= 1.2374272144147    occ= 0
MO #708 energy= 1.23797787077948   occ= 0
MO #709 energy= 1.24158088129137   occ= 0
MO #710 energy= 1.24283862476056   occ= 0
MO #711 energy= 1.24416059767524   occ= 0
MO #712 energy= 1.24538701626943   occ= 0
MO #713 energy= 1.24739762146966   occ= 0
MO #714 energy= 1.2496283598059    occ= 0
MO #715 energy= 1.25221941250168   occ= 0
MO #716 energy= 1.25335096367817   occ= 0
MO #717 energy= 1.25628183726671   occ= 0
MO #718 energy= 1.25681468395845   occ= 0
MO #719 energy= 1.2599526178437    occ= 0
MO #720 energy= 1.26099958686997   occ= 0
MO #721 energy= 1.26276843479333   occ= 0
MO #722 energy= 1.26481283841191   occ= 0
MO #723 energy= 1.26766390595894   occ= 0
MO #724 energy= 1.26908223434447   occ= 0
MO #725 energy= 1.26994195221178   occ= 0
MO #726 energy= 1.27120622932732   occ= 0
MO #727 energy= 1.27227001370201   occ= 0
MO #728 energy= 1.27622481178263   occ= 0
MO #729 energy= 1.27804894722253   occ= 0
MO #730 energy= 1.28019689115722   occ= 0
MO #731 energy= 1.28069418927437   occ= 0
MO #732 energy= 1.28129825841583   occ= 0
MO #733 energy= 1.28230102022846   occ= 0
MO #734 energy= 1.28515853452501   occ= 0
MO #735 energy= 1.28622711678823   occ= 0
MO #736 energy= 1.2924006588092    occ= 0
MO #737 energy= 1.29388020505954   occ= 0
MO #738 energy= 1.29593994327741   occ= 0
MO #739 energy= 1.29776798576638   occ= 0
MO #740 energy= 1.30003289679765   occ= 0
MO #741 energy= 1.30120911494527   occ= 0
MO #742 energy= 1.30426527178427   occ= 0
MO #743 energy= 1.30851512993925   occ= 0
MO #744 energy= 1.31116594228762   occ= 0
MO #745 energy= 1.31297191150078   occ= 0
MO #746 energy= 1.31475618687881   occ= 0
MO #747 energy= 1.31676237637694   occ= 0
MO #748 energy= 1.32010191245914   occ= 0
MO #749 energy= 1.32485817281567   occ= 0
MO #750 energy= 1.32581586280025   occ= 0
MO #751 energy= 1.32665884735484   occ= 0
MO #752 energy= 1.32936355545649   occ= 0
MO #753 energy= 1.32974089840513   occ= 0
MO #754 energy= 1.32990724892264   occ= 0
MO #755 energy= 1.33775571165572   occ= 0
MO #756 energy= 1.34012539587913   occ= 0
MO #757 energy= 1.34241601900431   occ= 0
MO #758 energy= 1.3441999285212    occ= 0
MO #759 energy= 1.34549880241665   occ= 0
MO #760 energy= 1.34838331151105   occ= 0
MO #761 energy= 1.35240590003177   occ= 0
MO #762 energy= 1.35583734666972   occ= 0
MO #763 energy= 1.35848404389677   occ= 0
MO #764 energy= 1.360838609969     occ= 0
MO #765 energy= 1.37266283321287   occ= 0
MO #766 energy= 1.37734032004557   occ= 0
MO #767 energy= 1.38974020753673   occ= 0
MO #768 energy= 1.41289693605452   occ= 0
MO #769 energy= 1.4153347043244    occ= 0
MO #770 energy= 1.42059396930512   occ= 0
MO #771 energy= 1.42330602663048   occ= 0
MO #772 energy= 1.44355312700616   occ= 0
MO #773 energy= 1.44943121021942   occ= 0
MO #774 energy= 1.46240140440221   occ= 0
MO #775 energy= 1.46506116241713   occ= 0
MO #776 energy= 1.47110257253982   occ= 0
MO #777 energy= 1.47982800230122   occ= 0
MO #778 energy= 1.4821788340662    occ= 0
MO #779 energy= 1.49670978044138   occ= 0
MO #780 energy= 1.50508415741856   occ= 0
MO #781 energy= 1.50884390794346   occ= 0
MO #782 energy= 1.51365427513618   occ= 0
MO #783 energy= 1.51719626657553   occ= 0
MO #784 energy= 1.52131549929234   occ= 0
MO #785 energy= 1.5252961914622    occ= 0
MO #786 energy= 1.52920817522634   occ= 0
MO #787 energy= 1.53197046005139   occ= 0
MO #788 energy= 1.54395930560745   occ= 0
MO #789 energy= 1.55136199287953   occ= 0
MO #790 energy= 1.55923628069045   occ= 0
MO #791 energy= 1.56183336469134   occ= 0
MO #792 energy= 1.57143061740067   occ= 0
MO #793 energy= 1.57942989769701   occ= 0
MO #794 energy= 1.58218079034661   occ= 0
MO #795 energy= 1.58609541876845   occ= 0
MO #796 energy= 1.58748801967967   occ= 0
MO #797 energy= 1.59986086008842   occ= 0
MO #798 energy= 1.60403302637667   occ= 0
MO #799 energy= 1.60977049285112   occ= 0
MO #800 energy= 1.61658006392047   occ= 0
MO #801 energy= 1.62648256511674   occ= 0
MO #802 energy= 1.63043806492144   occ= 0
MO #803 energy= 1.63441243116926   occ= 0
MO #804 energy= 1.64285734046839   occ= 0
MO #805 energy= 1.64754127596937   occ= 0
MO #806 energy= 1.65264398226149   occ= 0
MO #807 energy= 1.65750139725878   occ= 0
MO #808 energy= 1.6584914634805    occ= 0
MO #809 energy= 1.66161726311795   occ= 0
MO #810 energy= 1.6646553013891    occ= 0
MO #811 energy= 1.66908502330107   occ= 0
MO #812 energy= 1.67044338724298   occ= 0
MO #813 energy= 1.67682274828556   occ= 0
MO #814 energy= 1.67896415183954   occ= 0
MO #815 energy= 1.68249209750171   occ= 0
MO #816 energy= 1.68436529709425   occ= 0
MO #817 energy= 1.69159752383498   occ= 0
MO #818 energy= 1.69219316054736   occ= 0
MO #819 energy= 1.69432189136026   occ= 0
MO #820 energy= 1.69842305486967   occ= 0
MO #821 energy= 1.6997428162389    occ= 0
MO #822 energy= 1.70104202745516   occ= 0
MO #823 energy= 1.70589609766597   occ= 0
MO #824 energy= 1.70946978838006   occ= 0
MO #825 energy= 1.71455299264751   occ= 0
MO #826 energy= 1.71726451639973   occ= 0
MO #827 energy= 1.72026966551964   occ= 0
MO #828 energy= 1.72397567004274   occ= 0
MO #829 energy= 1.72528401231598   occ= 0
MO #830 energy= 1.72644346376526   occ= 0
MO #831 energy= 1.72806608768559   occ= 0
MO #832 energy= 1.72879275385745   occ= 0
MO #833 energy= 1.72953430941216   occ= 0
MO #834 energy= 1.73263562600348   occ= 0
MO #835 energy= 1.7350511668825    occ= 0
MO #836 energy= 1.73656463490203   occ= 0
MO #837 energy= 1.73693158441629   occ= 0
MO #838 energy= 1.7410385048368    occ= 0
MO #839 energy= 1.74147239762313   occ= 0
MO #840 energy= 1.74391143491706   occ= 0
MO #841 energy= 1.74691760450309   occ= 0
MO #842 energy= 1.74847108919421   occ= 0
MO #843 energy= 1.74882748920881   occ= 0
MO #844 energy= 1.75271422621329   occ= 0
MO #845 energy= 1.75363934239769   occ= 0
MO #846 energy= 1.75493814339628   occ= 0
MO #847 energy= 1.75583607832134   occ= 0
MO #848 energy= 1.75720674069133   occ= 0
MO #849 energy= 1.75857203310499   occ= 0
MO #850 energy= 1.76040538376647   occ= 0
MO #851 energy= 1.76174479927435   occ= 0
MO #852 energy= 1.76568221572326   occ= 0
MO #853 energy= 1.76612002387282   occ= 0
MO #854 energy= 1.76710092330867   occ= 0
MO #855 energy= 1.76848164840833   occ= 0
MO #856 energy= 1.76969627137729   occ= 0
MO #857 energy= 1.77144709674423   occ= 0
MO #858 energy= 1.77416526089916   occ= 0
MO #859 energy= 1.77567528630654   occ= 0
MO #860 energy= 1.77967338430918   occ= 0
MO #861 energy= 1.78000425995851   occ= 0
MO #862 energy= 1.78060307698628   occ= 0
MO #863 energy= 1.78283233698507   occ= 0
MO #864 energy= 1.78305905661547   occ= 0
MO #865 energy= 1.78503753057006   occ= 0
MO #866 energy= 1.78678761906551   occ= 0
MO #867 energy= 1.78737043418488   occ= 0
MO #868 energy= 1.78807199367019   occ= 0
MO #869 energy= 1.78937308206906   occ= 0
MO #870 energy= 1.79028272761832   occ= 0
MO #871 energy= 1.79080040645387   occ= 0
MO #872 energy= 1.79264042628009   occ= 0
MO #873 energy= 1.79345620362314   occ= 0
MO #874 energy= 1.79677081769698   occ= 0
MO #875 energy= 1.79956593406491   occ= 0
MO #876 energy= 1.80221878114066   occ= 0
MO #877 energy= 1.8029976572259    occ= 0
MO #878 energy= 1.80827220019874   occ= 0
MO #879 energy= 1.80848290997067   occ= 0
MO #880 energy= 1.81018636808839   occ= 0
MO #881 energy= 1.81301640893948   occ= 0
MO #882 energy= 1.81591222502385   occ= 0
MO #883 energy= 1.81947706256351   occ= 0
MO #884 energy= 1.8218723912956    occ= 0
MO #885 energy= 1.82407324112418   occ= 0
MO #886 energy= 1.82477104255619   occ= 0
MO #887 energy= 1.83595448017013   occ= 0
MO #888 energy= 1.84011529482527   occ= 0
MO #889 energy= 1.84108931745845   occ= 0
MO #890 energy= 1.84331349409373   occ= 0
MO #891 energy= 1.84822326179828   occ= 0
MO #892 energy= 1.85119569891982   occ= 0
MO #893 energy= 1.85513118119898   occ= 0
MO #894 energy= 1.85586831342448   occ= 0
MO #895 energy= 1.85905994676949   occ= 0
MO #896 energy= 1.86125940595719   occ= 0
MO #897 energy= 1.86501619744768   occ= 0
MO #898 energy= 1.86701203299853   occ= 0
MO #899 energy= 1.8709856266624    occ= 0
MO #900 energy= 1.87616900116418   occ= 0
MO #901 energy= 1.88081184454073   occ= 0
MO #902 energy= 1.89137992128841   occ= 0
MO #903 energy= 1.89809494616778   occ= 0
MO #904 energy= 1.90441150332943   occ= 0
MO #905 energy= 1.90783250207238   occ= 0
MO #906 energy= 1.91258668606577   occ= 0
MO #907 energy= 1.91847699532467   occ= 0
MO #908 energy= 1.92077920169179   occ= 0
MO #909 energy= 1.93084050666556   occ= 0
MO #910 energy= 1.93840911673928   occ= 0
MO #911 energy= 1.94505767977136   occ= 0
MO #912 energy= 1.94658267500817   occ= 0
MO #913 energy= 1.94950287376694   occ= 0
MO #914 energy= 1.95287228761721   occ= 0
MO #915 energy= 1.95571010062084   occ= 0
MO #916 energy= 1.95616861862738   occ= 0
MO #917 energy= 1.95701447174269   occ= 0
MO #918 energy= 1.95914042061364   occ= 0
MO #919 energy= 1.95946483277258   occ= 0
MO #920 energy= 1.96036415832747   occ= 0
MO #921 energy= 1.96232367397436   occ= 0
MO #922 energy= 1.96361073273712   occ= 0
MO #923 energy= 1.97169656535917   occ= 0
MO #924 energy= 1.97260610366861   occ= 0
MO #925 energy= 1.9751472596135    occ= 0
MO #926 energy= 1.97613839817561   occ= 0
MO #927 energy= 1.97938366882844   occ= 0
MO #928 energy= 1.98277710056163   occ= 0
MO #929 energy= 1.98580438262509   occ= 0
MO #930 energy= 1.98676225083646   occ= 0
MO #931 energy= 1.98704448671675   occ= 0
MO #932 energy= 1.9913210233371    occ= 0
MO #933 energy= 1.99328504301102   occ= 0
MO #934 energy= 1.99571880766104   occ= 0
MO #935 energy= 2.0021947197619    occ= 0
MO #936 energy= 2.00575656207913   occ= 0
MO #937 energy= 2.00774182348144   occ= 0
MO #938 energy= 2.01111718909055   occ= 0
MO #939 energy= 2.01120694123281   occ= 0
MO #940 energy= 2.01804220517471   occ= 0
MO #941 energy= 2.0258625321417    occ= 0
MO #942 energy= 2.03235969876451   occ= 0
MO #943 energy= 2.03453763771246   occ= 0
MO #944 energy= 2.03496661711785   occ= 0
MO #945 energy= 2.03641485405306   occ= 0
MO #946 energy= 2.0426747602164    occ= 0
MO #947 energy= 2.04465270422421   occ= 0
MO #948 energy= 2.04756964430773   occ= 0
MO #949 energy= 2.04991340607883   occ= 0
MO #950 energy= 2.05156371319847   occ= 0
MO #951 energy= 2.05840395172698   occ= 0
MO #952 energy= 2.05931209803479   occ= 0
MO #953 energy= 2.06341257266558   occ= 0
MO #954 energy= 2.0642591198688    occ= 0
MO #955 energy= 2.06842765795189   occ= 0
MO #956 energy= 2.0707022433224    occ= 0
MO #957 energy= 2.07771761840102   occ= 0
MO #958 energy= 2.08263426707282   occ= 0
MO #959 energy= 2.08418496690664   occ= 0
MO #960 energy= 2.08646597351693   occ= 0
MO #961 energy= 2.09726858465574   occ= 0
MO #962 energy= 2.09819668079428   occ= 0
MO #963 energy= 2.10043957613726   occ= 0
MO #964 energy= 2.10075717590582   occ= 0
MO #965 energy= 2.10419498083598   occ= 0
MO #966 energy= 2.10749537903198   occ= 0
MO #967 energy= 2.11125445719419   occ= 0
MO #968 energy= 2.1198318658923    occ= 0
MO #969 energy= 2.12364514278488   occ= 0
MO #970 energy= 2.13021115588804   occ= 0
MO #971 energy= 2.1337636882112    occ= 0
MO #972 energy= 2.13703718818845   occ= 0
MO #973 energy= 2.13745726434777   occ= 0
MO #974 energy= 2.14105298810825   occ= 0
MO #975 energy= 2.14138812403672   occ= 0
MO #976 energy= 2.14419120815825   occ= 0
MO #977 energy= 2.14883230145267   occ= 0
MO #978 energy= 2.15109337599081   occ= 0
MO #979 energy= 2.15189441889571   occ= 0
MO #980 energy= 2.15321946586186   occ= 0
MO #981 energy= 2.15592510820833   occ= 0
MO #982 energy= 2.15651363932039   occ= 0
MO #983 energy= 2.15695062241982   occ= 0
MO #984 energy= 2.15895098570518   occ= 0
MO #985 energy= 2.16042136846281   occ= 0
MO #986 energy= 2.16243543178838   occ= 0
MO #987 energy= 2.16421649206539   occ= 0
MO #988 energy= 2.16704493284387   occ= 0
MO #989 energy= 2.1731353806331    occ= 0
MO #990 energy= 2.17514866544266   occ= 0
MO #991 energy= 2.17870034289904   occ= 0
MO #992 energy= 2.1825574935027    occ= 0
MO #993 energy= 2.18682770509151   occ= 0
MO #994 energy= 2.19135509007906   occ= 0
MO #995 energy= 2.19407841642802   occ= 0
MO #996 energy= 2.19782988797112   occ= 0
MO #997 energy= 2.1995812286835    occ= 0
MO #998 energy= 2.20038421627602   occ= 0
MO #999 energy= 2.20303962353033   occ= 0
MO #1000 energy= 2.20535391300175   occ= 0
MO #1001 energy= 2.20747581529522   occ= 0
MO #1002 energy= 2.20912044419193   occ= 0
MO #1003 energy= 2.21213865774969   occ= 0
MO #1004 energy= 2.21505467216093   occ= 0
MO #1005 energy= 2.21629544366077   occ= 0
MO #1006 energy= 2.2237455750138    occ= 0
MO #1007 energy= 2.23094054385997   occ= 0
MO #1008 energy= 2.23855717542122   occ= 0
MO #1009 energy= 2.24130490092036   occ= 0
MO #1010 energy= 2.24279119868355   occ= 0
MO #1011 energy= 2.24677378219773   occ= 0
MO #1012 energy= 2.24831717819372   occ= 0
MO #1013 energy= 2.25171892118261   occ= 0
MO #1014 energy= 2.25852239018838   occ= 0
MO #1015 energy= 2.2598407483413    occ= 0
MO #1016 energy= 2.26186946160594   occ= 0
MO #1017 energy= 2.26305996684341   occ= 0
MO #1018 energy= 2.26447266413592   occ= 0
MO #1019 energy= 2.26631269893824   occ= 0
MO #1020 energy= 2.27262173739396   occ= 0
MO #1021 energy= 2.27551321992774   occ= 0
MO #1022 energy= 2.27895676033786   occ= 0
MO #1023 energy= 2.28639116789305   occ= 0
MO #1024 energy= 2.29689983920401   occ= 0
MO #1025 energy= 2.30158895620614   occ= 0
MO #1026 energy= 2.30283431475876   occ= 0
MO #1027 energy= 2.30603797862533   occ= 0
MO #1028 energy= 2.30648166380433   occ= 0
MO #1029 energy= 2.3104049081129    occ= 0
MO #1030 energy= 2.31089768032121   occ= 0
MO #1031 energy= 2.32023029261813   occ= 0
MO #1032 energy= 2.32519836344069   occ= 0
MO #1033 energy= 2.32987430937519   occ= 0
MO #1034 energy= 2.33043490872747   occ= 0
MO #1035 energy= 2.33525553920834   occ= 0
MO #1036 energy= 2.33915622413449   occ= 0
MO #1037 energy= 2.34809425752021   occ= 0
MO #1038 energy= 2.35152408090823   occ= 0
MO #1039 energy= 2.35597295644754   occ= 0
MO #1040 energy= 2.35893394744406   occ= 0
MO #1041 energy= 2.36508611686224   occ= 0
MO #1042 energy= 2.36523051983519   occ= 0
MO #1043 energy= 2.36964661792746   occ= 0
MO #1044 energy= 2.37127269259847   occ= 0
MO #1045 energy= 2.37988614964803   occ= 0
MO #1046 energy= 2.38321612704509   occ= 0
MO #1047 energy= 2.38657072281469   occ= 0
MO #1048 energy= 2.38836961055882   occ= 0
MO #1049 energy= 2.39192142193182   occ= 0
MO #1050 energy= 2.39448640751911   occ= 0
MO #1051 energy= 2.3969512961952    occ= 0
MO #1052 energy= 2.39822781367451   occ= 0
MO #1053 energy= 2.40226282162802   occ= 0
MO #1054 energy= 2.40444361664515   occ= 0
MO #1055 energy= 2.4060136197542    occ= 0
MO #1056 energy= 2.41235483078667   occ= 0
MO #1057 energy= 2.41636495091454   occ= 0
MO #1058 energy= 2.41808058878804   occ= 0
MO #1059 energy= 2.42234434036849   occ= 0
MO #1060 energy= 2.42999439807275   occ= 0
MO #1061 energy= 2.4340722504682    occ= 0
MO #1062 energy= 2.43825000594732   occ= 0
MO #1063 energy= 2.44474778246139   occ= 0
MO #1064 energy= 2.45040802002853   occ= 0
MO #1065 energy= 2.45153352558408   occ= 0
MO #1066 energy= 2.46162320090842   occ= 0
MO #1067 energy= 2.46463508847079   occ= 0
MO #1068 energy= 2.46865815098599   occ= 0
MO #1069 energy= 2.48563576102514   occ= 0
MO #1070 energy= 2.49008735869207   occ= 0
MO #1071 energy= 2.49931731056096   occ= 0
MO #1072 energy= 2.50390324967535   occ= 0
MO #1073 energy= 2.51940201524779   occ= 0
MO #1074 energy= 2.52192469515089   occ= 0
MO #1075 energy= 2.52678175689001   occ= 0
MO #1076 energy= 2.53802495080753   occ= 0
MO #1077 energy= 2.54658143885889   occ= 0
MO #1078 energy= 2.55473942430182   occ= 0
MO #1079 energy= 2.56411351496322   occ= 0
MO #1080 energy= 2.56489687074826   occ= 0
MO #1081 energy= 2.56622484501584   occ= 0
MO #1082 energy= 2.570342574365     occ= 0
MO #1083 energy= 2.57582046974023   occ= 0
MO #1084 energy= 2.58695720937143   occ= 0
MO #1085 energy= 2.59061431146883   occ= 0
MO #1086 energy= 2.59253538635395   occ= 0
MO #1087 energy= 2.59431593537498   occ= 0
MO #1088 energy= 2.5983290266641    occ= 0
MO #1089 energy= 2.60718033439919   occ= 0
MO #1090 energy= 2.60922143203973   occ= 0
MO #1091 energy= 2.61241447068434   occ= 0
MO #1092 energy= 2.61339190073387   occ= 0
MO #1093 energy= 2.61500498254892   occ= 0
MO #1094 energy= 2.61704572889491   occ= 0
MO #1095 energy= 2.62161885357603   occ= 0
MO #1096 energy= 2.62520493726343   occ= 0
MO #1097 energy= 2.62589458600517   occ= 0
MO #1098 energy= 2.63062584307056   occ= 0
MO #1099 energy= 2.63427096286082   occ= 0
MO #1100 energy= 2.63508881357449   occ= 0
MO #1101 energy= 2.63711094557329   occ= 0
MO #1102 energy= 2.64178253011821   occ= 0
MO #1103 energy= 2.65083798877399   occ= 0
MO #1104 energy= 2.65945935464586   occ= 0
MO #1105 energy= 2.66022266403254   occ= 0
MO #1106 energy= 2.6616579049261    occ= 0
MO #1107 energy= 2.66374593672787   occ= 0
MO #1108 energy= 2.66536224375994   occ= 0
MO #1109 energy= 2.6678310927791    occ= 0
MO #1110 energy= 2.67297046136892   occ= 0
MO #1111 energy= 2.67372146048894   occ= 0
MO #1112 energy= 2.6759017073443    occ= 0
MO #1113 energy= 2.67911071766946   occ= 0
MO #1114 energy= 2.68143802787827   occ= 0
MO #1115 energy= 2.68521207000828   occ= 0
MO #1116 energy= 2.68890203532632   occ= 0
MO #1117 energy= 2.69361322595291   occ= 0
MO #1118 energy= 2.69726629555563   occ= 0
MO #1119 energy= 2.69975038751145   occ= 0
MO #1120 energy= 2.70318242382115   occ= 0
MO #1121 energy= 2.70445284660158   occ= 0
MO #1122 energy= 2.71047603777106   occ= 0
MO #1123 energy= 2.71790070167361   occ= 0
MO #1124 energy= 2.71975889127681   occ= 0
MO #1125 energy= 2.72548325795099   occ= 0
MO #1126 energy= 2.73039867638378   occ= 0
MO #1127 energy= 2.73628193306007   occ= 0
MO #1128 energy= 2.73956536575648   occ= 0
MO #1129 energy= 2.7449051396884    occ= 0
MO #1130 energy= 2.74681902727176   occ= 0
MO #1131 energy= 2.74986392022213   occ= 0
MO #1132 energy= 2.75110420804024   occ= 0
MO #1133 energy= 2.75246884038284   occ= 0
MO #1134 energy= 2.7551296921385    occ= 0
MO #1135 energy= 2.7577454781416    occ= 0
MO #1136 energy= 2.76017353186647   occ= 0
MO #1137 energy= 2.76152951706975   occ= 0
MO #1138 energy= 2.76426453228226   occ= 0
MO #1139 energy= 2.76835687251635   occ= 0
MO #1140 energy= 2.77314109429912   occ= 0
MO #1141 energy= 2.77459441292617   occ= 0
MO #1142 energy= 2.77814902424379   occ= 0
MO #1143 energy= 2.78048302657047   occ= 0
MO #1144 energy= 2.78357561972366   occ= 0
MO #1145 energy= 2.78566780330969   occ= 0
MO #1146 energy= 2.79086161684848   occ= 0
MO #1147 energy= 2.79623933842691   occ= 0
MO #1148 energy= 2.80882836894131   occ= 0
MO #1149 energy= 2.81618336353565   occ= 0
MO #1150 energy= 2.82373644273312   occ= 0
MO #1151 energy= 2.82761560918291   occ= 0
MO #1152 energy= 2.83273857407528   occ= 0
MO #1153 energy= 2.8572458145728    occ= 0
MO #1154 energy= 2.86669652028522   occ= 0
MO #1155 energy= 2.87889947411629   occ= 0
MO #1156 energy= 2.88460886486533   occ= 0
MO #1157 energy= 2.89044203217062   occ= 0
MO #1158 energy= 2.90216521189119   occ= 0
MO #1159 energy= 2.9084566259965    occ= 0
MO #1160 energy= 2.91303935921323   occ= 0
MO #1161 energy= 2.91648890003347   occ= 0
MO #1162 energy= 2.91949092839109   occ= 0
MO #1163 energy= 2.92165921658469   occ= 0
MO #1164 energy= 2.9262275388271    occ= 0
MO #1165 energy= 2.93072921091658   occ= 0
MO #1166 energy= 2.93302820380225   occ= 0
MO #1167 energy= 2.93458783418756   occ= 0
MO #1168 energy= 2.93549773158165   occ= 0
MO #1169 energy= 2.93902437303922   occ= 0
MO #1170 energy= 2.94169006049578   occ= 0
MO #1171 energy= 2.95831414217734   occ= 0
MO #1172 energy= 2.96218902787584   occ= 0
MO #1173 energy= 2.96477132551412   occ= 0
MO #1174 energy= 2.97557444604      occ= 0
MO #1175 energy= 2.97909548673733   occ= 0
MO #1176 energy= 2.98051697654867   occ= 0
MO #1177 energy= 2.98538293557794   occ= 0
MO #1178 energy= 2.98922600364872   occ= 0
MO #1179 energy= 2.98955219119363   occ= 0
MO #1180 energy= 2.99879181163016   occ= 0
MO #1181 energy= 3.00769118503512   occ= 0
MO #1182 energy= 3.0098991712454    occ= 0
MO #1183 energy= 3.0121481468648    occ= 0
MO #1184 energy= 3.06196249147734   occ= 0
MO #1185 energy= 3.06712531715121   occ= 0
MO #1186 energy= 3.07152760949664   occ= 0
MO #1187 energy= 3.08772112959367   occ= 0
MO #1188 energy= 3.08923486482858   occ= 0
MO #1189 energy= 3.09456489249115   occ= 0
MO #1190 energy= 3.11506357832866   occ= 0
MO #1191 energy= 3.11763779902311   occ= 0
MO #1192 energy= 3.12777601446459   occ= 0
MO #1193 energy= 3.12955638699752   occ= 0
MO #1194 energy= 3.13190862114462   occ= 0
MO #1195 energy= 3.13576610937812   occ= 0
MO #1196 energy= 3.14234271944213   occ= 0
MO #1197 energy= 3.14516665057211   occ= 0
MO #1198 energy= 3.14736373959278   occ= 0
MO #1199 energy= 3.16168321749655   occ= 0
MO #1200 energy= 3.17214264078566   occ= 0
MO #1201 energy= 3.17392887443833   occ= 0
MO #1202 energy= 3.17970878514706   occ= 0
MO #1203 energy= 3.18258800592748   occ= 0
MO #1204 energy= 3.19448412128642   occ= 0
MO #1205 energy= 3.19514428218177   occ= 0
MO #1206 energy= 3.20140193387789   occ= 0
MO #1207 energy= 3.22370586376094   occ= 0
MO #1208 energy= 3.23682480902799   occ= 0
MO #1209 energy= 3.27409909482835   occ= 0
MO #1210 energy= 3.27847878238632   occ= 0
MO #1211 energy= 3.30139665348465   occ= 0
MO #1212 energy= 3.31498592268081   occ= 0
MO #1213 energy= 3.32856476834475   occ= 0
MO #1214 energy= 3.37312009464166   occ= 0
MO #1215 energy= 3.40710856547188   occ= 0
MO #1216 energy= 3.43724500573473   occ= 0
MO #1217 energy= 3.45406701645481   occ= 0
MO #1218 energy= 3.46113121514334   occ= 0
MO #1219 energy= 3.56580895733674   occ= 0
MO #1220 energy= 3.56804800745158   occ= 0
MO #1221 energy= 3.57854509286685   occ= 0
MO #1222 energy= 3.59819636683931   occ= 0
MO #1223 energy= 3.65474859907085   occ= 0
MO #1224 energy= 3.66228666881488   occ= 0
MO #1225 energy= 3.67261852885052   occ= 0
MO #1226 energy= 3.67763391909562   occ= 0
MO #1227 energy= 3.68236090833219   occ= 0
MO #1228 energy= 3.69688818406788   occ= 0
MO #1229 energy= 3.70233735731433   occ= 0
MO #1230 energy= 3.70353363814985   occ= 0
MO #1231 energy= 3.70873206665492   occ= 0
 ** Mulliken atomic charges  **
charge of  0O =     -0.77550
charge of  1P =      1.75112
charge of  2O =     -0.65214
charge of  3O =     -0.53807
charge of  4C =      0.17870
charge of  5C =     -0.00683
charge of  6C =     -0.00847
charge of  7C =      0.00441
charge of  8C =     -0.10233
charge of  9C =     -0.10250
charge of  10C =     -0.10476
charge of  11C =     -0.10663
charge of  12C =     -0.00310
charge of  13C =     -0.00177
charge of  14C =      0.00654
charge of  15C =     -0.10917
charge of  16C =      0.00892
charge of  17C =     -0.10290
charge of  18C =     -0.10263
charge of  19C =     -0.10404
charge of  20C =     -0.10237
charge of  21C =      0.00690
charge of  22C =     -0.10247
charge of  23C =     -0.10870
charge of  24C =      0.00132
charge of  25C =      0.01065
charge of  26C =     -0.09409
charge of  27C =     -0.09724
charge of  28C =     -0.10008
charge of  29C =     -0.10759
charge of  30C =     -0.09917
charge of  31C =      0.00671
charge of  32C =      0.00179
charge of  33C =     -0.10573
charge of  34C =     -0.09831
charge of  35C =     -0.10188
charge of  36C =     -0.10052
charge of  37C =     -0.02953
charge of  38C =     -0.02680
charge of  39C =      0.17939
charge of  40O =     -0.53370
charge of  41C =     -0.00839
charge of  42C =     -0.00784
charge of  43C =      0.00637
charge of  44C =     -0.10135
charge of  45C =     -0.09884
charge of  46C =     -0.10210
charge of  47C =     -0.10556
charge of  48C =     -0.00046
charge of  49C =     -0.00092
charge of  50C =      0.00464
charge of  51C =     -0.10883
charge of  52C =     -0.10240
charge of  53C =      0.00717
charge of  54C =     -0.10255
charge of  55C =     -0.10322
charge of  56C =     -0.10207
charge of  57C =     -0.10258
charge of  58C =      0.00868
charge of  59C =     -0.10952
charge of  60C =     -0.00421
charge of  61C =      0.00367
charge of  62C =     -0.09779
charge of  63C =     -0.10539
charge of  64C =     -0.10497
charge of  65C =     -0.10892
charge of  66C =     -0.10044
charge of  67C =      0.00647
charge of  68C =      0.00230
charge of  69C =     -0.10483
charge of  70C =     -0.09812
charge of  71C =     -0.10158
charge of  72C =     -0.10108
charge of  73H =      0.35477
charge of  74H =      0.10338
charge of  75H =      0.10110
charge of  76H =      0.10092
charge of  77H =      0.10829
charge of  78H =      0.10270
charge of  79H =      0.10008
charge of  80H =      0.10217
charge of  81H =      0.10200
charge of  82H =      0.09915
charge of  83H =      0.10007
charge of  84H =      0.10641
charge of  85H =      0.10643
charge of  86H =      0.10194
charge of  87H =      0.10087
charge of  88H =      0.10743
charge of  89H =      0.10969
charge of  90H =      0.11027
charge of  91H =      0.10471
charge of  92H =      0.10436
charge of  93H =      0.10236
charge of  94H =      0.10449
charge of  95H =      0.10257
charge of  96H =      0.10218
charge of  97H =      0.10924
charge of  98H =      0.10641
charge of  99H =      0.10051
charge of  100H =      0.09942
charge of  101H =      0.10246
charge of  102H =      0.10284
charge of  103H =      0.10123
charge of  104H =      0.10423
charge of  105H =      0.10861
charge of  106H =      0.10177
charge of  107H =      0.10145
charge of  108H =      0.10887
charge of  109H =      0.10912
charge of  110H =      0.11118
charge of  111H =      0.10503
charge of  112H =      0.10448
charge of  113H =      0.10208
Dipole moment(X, Y, Z, Debye):  0.33156, -0.43613, -2.00065
def2-svp b3lyp 370.5516097545624
