/public3/home/scg5914/software-scg5914/LSW/1/data/data2/std_data/def2svp_b3lyp/cat_19.xyz
converged SCF energy = -3271.08231282663
**** MO energy ****
MO #1   energy= -77.2214370650357  occ= 2
MO #2   energy= -19.1815990506543  occ= 2
MO #3   energy= -19.1814383434624  occ= 2
MO #4   energy= -19.178968642208   occ= 2
MO #5   energy= -19.0946111174174  occ= 2
MO #6   energy= -10.2576156543144  occ= 2
MO #7   energy= -10.2507094542013  occ= 2
MO #8   energy= -10.2063290967497  occ= 2
MO #9   energy= -10.2041875268915  occ= 2
MO #10  energy= -10.2012910521986  occ= 2
MO #11  energy= -10.1995706997131  occ= 2
MO #12  energy= -10.1976073212879  occ= 2
MO #13  energy= -10.1966836879625  occ= 2
MO #14  energy= -10.1958372639343  occ= 2
MO #15  energy= -10.1952390178496  occ= 2
MO #16  energy= -10.1951848966721  occ= 2
MO #17  energy= -10.1927995321513  occ= 2
MO #18  energy= -10.1920884216877  occ= 2
MO #19  energy= -10.1919995533626  occ= 2
MO #20  energy= -10.1909575775745  occ= 2
MO #21  energy= -10.1885699079876  occ= 2
MO #22  energy= -10.1884444829423  occ= 2
MO #23  energy= -10.1877713509144  occ= 2
MO #24  energy= -10.1869433257393  occ= 2
MO #25  energy= -10.1869003805089  occ= 2
MO #26  energy= -10.1864852624374  occ= 2
MO #27  energy= -10.1863799058198  occ= 2
MO #28  energy= -10.1837116585648  occ= 2
MO #29  energy= -10.1836475305127  occ= 2
MO #30  energy= -10.1830747669728  occ= 2
MO #31  energy= -10.1830372993706  occ= 2
MO #32  energy= -10.1824734769909  occ= 2
MO #33  energy= -10.1818412595363  occ= 2
MO #34  energy= -10.181679309368   occ= 2
MO #35  energy= -10.1816597740555  occ= 2
MO #36  energy= -10.1776141514104  occ= 2
MO #37  energy= -10.1773495483446  occ= 2
MO #38  energy= -10.1769949188552  occ= 2
MO #39  energy= -10.176475475516   occ= 2
MO #40  energy= -10.1762793617202  occ= 2
MO #41  energy= -10.1760780152933  occ= 2
MO #42  energy= -10.1749901682262  occ= 2
MO #43  energy= -10.1749586753927  occ= 2
MO #44  energy= -10.1742651567776  occ= 2
MO #45  energy= -10.1733440045151  occ= 2
MO #46  energy= -10.173312765421   occ= 2
MO #47  energy= -10.171883641441   occ= 2
MO #48  energy= -10.171670598405   occ= 2
MO #49  energy= -10.1713287286981  occ= 2
MO #50  energy= -10.1712689119091  occ= 2
MO #51  energy= -10.1711023076604  occ= 2
MO #52  energy= -10.1709077701027  occ= 2
MO #53  energy= -10.1707036602558  occ= 2
MO #54  energy= -10.1701752567683  occ= 2
MO #55  energy= -10.1700156272712  occ= 2
MO #56  energy= -10.1695897587314  occ= 2
MO #57  energy= -10.1695642731962  occ= 2
MO #58  energy= -10.1690531757065  occ= 2
MO #59  energy= -10.1689167417094  occ= 2
MO #60  energy= -10.1681227674915  occ= 2
MO #61  energy= -10.1669855059442  occ= 2
MO #62  energy= -10.1660497979866  occ= 2
MO #63  energy= -10.1660247183984  occ= 2
MO #64  energy= -10.1631954754339  occ= 2
MO #65  energy= -10.1629909072886  occ= 2
MO #66  energy= -10.1614346684155  occ= 2
MO #67  energy= -10.1613991112397  occ= 2
MO #68  energy= -10.1603307160106  occ= 2
MO #69  energy= -10.1598646893081  occ= 2
MO #70  energy= -10.1582461500358  occ= 2
MO #71  energy= -10.1578360977022  occ= 2
MO #72  energy= -10.156633073558   occ= 2
MO #73  energy= -10.150842598848   occ= 2
MO #74  energy= -6.69673801705442  occ= 2
MO #75  energy= -4.86424834370182  occ= 2
MO #76  energy= -4.86411989379576  occ= 2
MO #77  energy= -4.86188384326551  occ= 2
MO #78  energy= -1.12101600321615  occ= 2
MO #79  energy= -1.05458141819249  occ= 2
MO #80  energy= -1.04701586097072  occ= 2
MO #81  energy= -0.967400835359478 occ= 2
MO #82  energy= -0.888740934113063 occ= 2
MO #83  energy= -0.876217821323152 occ= 2
MO #84  energy= -0.870611034113417 occ= 2
MO #85  energy= -0.86169619559979  occ= 2
MO #86  energy= -0.855840786700934 occ= 2
MO #87  energy= -0.847892861450117 occ= 2
MO #88  energy= -0.844853737664297 occ= 2
MO #89  energy= -0.836446924778272 occ= 2
MO #90  energy= -0.824049643474366 occ= 2
MO #91  energy= -0.817145855483021 occ= 2
MO #92  energy= -0.80470165402181  occ= 2
MO #93  energy= -0.788877843089182 occ= 2
MO #94  energy= -0.780314660508128 occ= 2
MO #95  energy= -0.778153581570125 occ= 2
MO #96  energy= -0.772289323668358 occ= 2
MO #97  energy= -0.771390395276349 occ= 2
MO #98  energy= -0.764708585932034 occ= 2
MO #99  energy= -0.762693711150329 occ= 2
MO #100 energy= -0.759591043406581 occ= 2
MO #101 energy= -0.758976904947389 occ= 2
MO #102 energy= -0.757317495094001 occ= 2
MO #103 energy= -0.751363818196352 occ= 2
MO #104 energy= -0.739580408491054 occ= 2
MO #105 energy= -0.737655373747752 occ= 2
MO #106 energy= -0.728382397987695 occ= 2
MO #107 energy= -0.726041358912587 occ= 2
MO #108 energy= -0.717941598306288 occ= 2
MO #109 energy= -0.703158505826063 occ= 2
MO #110 energy= -0.691497196055069 occ= 2
MO #111 energy= -0.684095207533431 occ= 2
MO #112 energy= -0.682597963191811 occ= 2
MO #113 energy= -0.678989987858941 occ= 2
MO #114 energy= -0.674621338261205 occ= 2
MO #115 energy= -0.670099815134762 occ= 2
MO #116 energy= -0.668442060058005 occ= 2
MO #117 energy= -0.665215173679018 occ= 2
MO #118 energy= -0.661601992973682 occ= 2
MO #119 energy= -0.660520112328592 occ= 2
MO #120 energy= -0.659484394668536 occ= 2
MO #121 energy= -0.658100638868472 occ= 2
MO #122 energy= -0.654730472435147 occ= 2
MO #123 energy= -0.648198838571321 occ= 2
MO #124 energy= -0.639248536358332 occ= 2
MO #125 energy= -0.62903725573594  occ= 2
MO #126 energy= -0.625763383692869 occ= 2
MO #127 energy= -0.609169213466844 occ= 2
MO #128 energy= -0.600855066382415 occ= 2
MO #129 energy= -0.595500212166671 occ= 2
MO #130 energy= -0.591405255297019 occ= 2
MO #131 energy= -0.587772320293908 occ= 2
MO #132 energy= -0.577665046090645 occ= 2
MO #133 energy= -0.575871471919199 occ= 2
MO #134 energy= -0.56935264915879  occ= 2
MO #135 energy= -0.56662142946803  occ= 2
MO #136 energy= -0.563570897554073 occ= 2
MO #137 energy= -0.559163253369023 occ= 2
MO #138 energy= -0.557113022305526 occ= 2
MO #139 energy= -0.554196848090867 occ= 2
MO #140 energy= -0.553114177199162 occ= 2
MO #141 energy= -0.546153256137442 occ= 2
MO #142 energy= -0.5419733223892   occ= 2
MO #143 energy= -0.536675485127293 occ= 2
MO #144 energy= -0.528035733418459 occ= 2
MO #145 energy= -0.521404495069796 occ= 2
MO #146 energy= -0.514004009713684 occ= 2
MO #147 energy= -0.507113761588799 occ= 2
MO #148 energy= -0.503857713465693 occ= 2
MO #149 energy= -0.493247654826983 occ= 2
MO #150 energy= -0.486309331278711 occ= 2
MO #151 energy= -0.484067108523371 occ= 2
MO #152 energy= -0.483205014137631 occ= 2
MO #153 energy= -0.47829790837759  occ= 2
MO #154 energy= -0.477183991212431 occ= 2
MO #155 energy= -0.475991672960928 occ= 2
MO #156 energy= -0.475002761716478 occ= 2
MO #157 energy= -0.472761467511971 occ= 2
MO #158 energy= -0.471811989258942 occ= 2
MO #159 energy= -0.470925580458402 occ= 2
MO #160 energy= -0.469226533285903 occ= 2
MO #161 energy= -0.464458429822904 occ= 2
MO #162 energy= -0.462930392414467 occ= 2
MO #163 energy= -0.456884485136527 occ= 2
MO #164 energy= -0.447302994519188 occ= 2
MO #165 energy= -0.445732459369044 occ= 2
MO #166 energy= -0.439035536407187 occ= 2
MO #167 energy= -0.436973570406271 occ= 2
MO #168 energy= -0.429885096808492 occ= 2
MO #169 energy= -0.42549074762811  occ= 2
MO #170 energy= -0.425181279878993 occ= 2
MO #171 energy= -0.422371145870169 occ= 2
MO #172 energy= -0.418467369767082 occ= 2
MO #173 energy= -0.417475290105002 occ= 2
MO #174 energy= -0.41698626013288  occ= 2
MO #175 energy= -0.416636102340581 occ= 2
MO #176 energy= -0.414759964115929 occ= 2
MO #177 energy= -0.413013649601734 occ= 2
MO #178 energy= -0.411788408682388 occ= 2
MO #179 energy= -0.411066792924821 occ= 2
MO #180 energy= -0.410509588989208 occ= 2
MO #181 energy= -0.409655971943922 occ= 2
MO #182 energy= -0.408286377795078 occ= 2
MO #183 energy= -0.406689949965509 occ= 2
MO #184 energy= -0.406051867732098 occ= 2
MO #185 energy= -0.404340186253618 occ= 2
MO #186 energy= -0.403515781377458 occ= 2
MO #187 energy= -0.402223418192033 occ= 2
MO #188 energy= -0.401485143391565 occ= 2
MO #189 energy= -0.400662493409601 occ= 2
MO #190 energy= -0.400612850784123 occ= 2
MO #191 energy= -0.398187035109884 occ= 2
MO #192 energy= -0.396751012717888 occ= 2
MO #193 energy= -0.396539769917246 occ= 2
MO #194 energy= -0.395730874363483 occ= 2
MO #195 energy= -0.395164371866106 occ= 2
MO #196 energy= -0.394442761031476 occ= 2
MO #197 energy= -0.394167389016988 occ= 2
MO #198 energy= -0.392410148349473 occ= 2
MO #199 energy= -0.392219140370739 occ= 2
MO #200 energy= -0.391834285274419 occ= 2
MO #201 energy= -0.390771622772211 occ= 2
MO #202 energy= -0.389596905142895 occ= 2
MO #203 energy= -0.389038342738615 occ= 2
MO #204 energy= -0.388425041390658 occ= 2
MO #205 energy= -0.387130058490985 occ= 2
MO #206 energy= -0.386478908106725 occ= 2
MO #207 energy= -0.385272495425718 occ= 2
MO #208 energy= -0.384206173170728 occ= 2
MO #209 energy= -0.38358291402799  occ= 2
MO #210 energy= -0.38151171971831  occ= 2
MO #211 energy= -0.377987058479682 occ= 2
MO #212 energy= -0.373665484359742 occ= 2
MO #213 energy= -0.370738870982595 occ= 2
MO #214 energy= -0.364747544359903 occ= 2
MO #215 energy= -0.361943007373087 occ= 2
MO #216 energy= -0.360398261367707 occ= 2
MO #217 energy= -0.359941631824481 occ= 2
MO #218 energy= -0.353883510628866 occ= 2
MO #219 energy= -0.353623159809394 occ= 2
MO #220 energy= -0.353292264977643 occ= 2
MO #221 energy= -0.351058412134474 occ= 2
MO #222 energy= -0.349984047171711 occ= 2
MO #223 energy= -0.348620131415749 occ= 2
MO #224 energy= -0.347041470857204 occ= 2
MO #225 energy= -0.342275453392401 occ= 2
MO #226 energy= -0.34074797435026  occ= 2
MO #227 energy= -0.339938596379897 occ= 2
MO #228 energy= -0.335628250092756 occ= 2
MO #229 energy= -0.331996126889988 occ= 2
MO #230 energy= -0.331904710566976 occ= 2
MO #231 energy= -0.330673863460852 occ= 2
MO #232 energy= -0.327760392230963 occ= 2
MO #233 energy= -0.32491097302811  occ= 2
MO #234 energy= -0.324247148484725 occ= 2
MO #235 energy= -0.323689214236297 occ= 2
MO #236 energy= -0.323128147887323 occ= 2
MO #237 energy= -0.322556901269103 occ= 2
MO #238 energy= -0.320980584029046 occ= 2
MO #239 energy= -0.319927399417054 occ= 2
MO #240 energy= -0.318468306131318 occ= 2
MO #241 energy= -0.315883407137873 occ= 2
MO #242 energy= -0.315218894001108 occ= 2
MO #243 energy= -0.312527942403458 occ= 2
MO #244 energy= -0.307686621523619 occ= 2
MO #245 energy= -0.30679135227279  occ= 2
MO #246 energy= -0.300879648770974 occ= 2
MO #247 energy= -0.279814307422566 occ= 2
MO #248 energy= -0.265143635939377 occ= 2
MO #249 energy= -0.254161828199927 occ= 2
MO #250 energy= -0.251315311546568 occ= 2
MO #251 energy= -0.244009882940867 occ= 2
MO #252 energy= -0.236309769138648 occ= 2
MO #253 energy= -0.236069497253483 occ= 2
MO #254 energy= -0.234969023875375 occ= 2
MO #255 energy= -0.229965657206024 occ= 2
MO #256 energy= -0.22841389234612  occ= 2
MO #257 energy= -0.227146694716796 occ= 2
MO #258 energy= -0.224148046471127 occ= 2
MO #259 energy= -0.223311778728128 occ= 2
MO #260 energy= -0.223076100056648 occ= 2
MO #261 energy= -0.222718124138727 occ= 2
MO #262 energy= -0.216946580911868 occ= 2
MO #263 energy= -0.0421672287869898 occ= 0
MO #264 energy= -0.0322470892332279 occ= 0
MO #265 energy= -0.0211496880225479 occ= 0
MO #266 energy= -0.016043707911834 occ= 0
MO #267 energy= -0.005438271588813 occ= 0
MO #268 energy= 0.00083463874714019 occ= 0
MO #269 energy= 0.00261920314484548 occ= 0
MO #270 energy= 0.00574747866209967 occ= 0
MO #271 energy= 0.00826287795767766 occ= 0
MO #272 energy= 0.00975915642220442 occ= 0
MO #273 energy= 0.0125267124715882 occ= 0
MO #274 energy= 0.0131685674822372 occ= 0
MO #275 energy= 0.0146483293089728 occ= 0
MO #276 energy= 0.0163221352763355 occ= 0
MO #277 energy= 0.0192477880766225 occ= 0
MO #278 energy= 0.0213156877156499 occ= 0
MO #279 energy= 0.0348678154228843 occ= 0
MO #280 energy= 0.0444667868678204 occ= 0
MO #281 energy= 0.0542426253703113 occ= 0
MO #282 energy= 0.0592241806934993 occ= 0
MO #283 energy= 0.0639681155852757 occ= 0
MO #284 energy= 0.0691806789310742 occ= 0
MO #285 energy= 0.0733575089431439 occ= 0
MO #286 energy= 0.0749181103525313 occ= 0
MO #287 energy= 0.0775967299502257 occ= 0
MO #288 energy= 0.0791516752213997 occ= 0
MO #289 energy= 0.0803966880418605 occ= 0
MO #290 energy= 0.0817629509292058 occ= 0
MO #291 energy= 0.0822741785035518 occ= 0
MO #292 energy= 0.0827593499689211 occ= 0
MO #293 energy= 0.0859578586620945 occ= 0
MO #294 energy= 0.0922634816640834 occ= 0
MO #295 energy= 0.0964255966881427 occ= 0
MO #296 energy= 0.0974060073124022 occ= 0
MO #297 energy= 0.0980031850419158 occ= 0
MO #298 energy= 0.0987214771647594 occ= 0
MO #299 energy= 0.100370154665051  occ= 0
MO #300 energy= 0.10198360322949   occ= 0
MO #301 energy= 0.10335460464712   occ= 0
MO #302 energy= 0.106587317234154  occ= 0
MO #303 energy= 0.108696366860702  occ= 0
MO #304 energy= 0.109301860074816  occ= 0
MO #305 energy= 0.111630405926881  occ= 0
MO #306 energy= 0.113415055546427  occ= 0
MO #307 energy= 0.114630660028016  occ= 0
MO #308 energy= 0.118400984782918  occ= 0
MO #309 energy= 0.119398755103809  occ= 0
MO #310 energy= 0.122131452699746  occ= 0
MO #311 energy= 0.12393439531316   occ= 0
MO #312 energy= 0.124526374905517  occ= 0
MO #313 energy= 0.128017177569517  occ= 0
MO #314 energy= 0.128982135714364  occ= 0
MO #315 energy= 0.130443470415292  occ= 0
MO #316 energy= 0.131835836601019  occ= 0
MO #317 energy= 0.13280033126622   occ= 0
MO #318 energy= 0.13570571716343   occ= 0
MO #319 energy= 0.136514878967868  occ= 0
MO #320 energy= 0.138522219350284  occ= 0
MO #321 energy= 0.140142160595646  occ= 0
MO #322 energy= 0.141676322146173  occ= 0
MO #323 energy= 0.142854213898067  occ= 0
MO #324 energy= 0.144025942473371  occ= 0
MO #325 energy= 0.145831687633369  occ= 0
MO #326 energy= 0.147790914141582  occ= 0
MO #327 energy= 0.150962205991545  occ= 0
MO #328 energy= 0.152782341837772  occ= 0
MO #329 energy= 0.154325265038541  occ= 0
MO #330 energy= 0.155037999483433  occ= 0
MO #331 energy= 0.15686795542611   occ= 0
MO #332 energy= 0.159236729283108  occ= 0
MO #333 energy= 0.161392206228848  occ= 0
MO #334 energy= 0.161911641073156  occ= 0
MO #335 energy= 0.164069752311731  occ= 0
MO #336 energy= 0.166249028398223  occ= 0
MO #337 energy= 0.168616567774892  occ= 0
MO #338 energy= 0.169816998857737  occ= 0
MO #339 energy= 0.170622274398777  occ= 0
MO #340 energy= 0.174124200981724  occ= 0
MO #341 energy= 0.176498377768155  occ= 0
MO #342 energy= 0.177797415568867  occ= 0
MO #343 energy= 0.18029215043217   occ= 0
MO #344 energy= 0.181590513017299  occ= 0
MO #345 energy= 0.182711648740338  occ= 0
MO #346 energy= 0.185150249061025  occ= 0
MO #347 energy= 0.186239254771103  occ= 0
MO #348 energy= 0.187455446487566  occ= 0
MO #349 energy= 0.189471452269988  occ= 0
MO #350 energy= 0.192845007178703  occ= 0
MO #351 energy= 0.194330574740653  occ= 0
MO #352 energy= 0.197365081059708  occ= 0
MO #353 energy= 0.199281383242617  occ= 0
MO #354 energy= 0.201781695788809  occ= 0
MO #355 energy= 0.202175683733044  occ= 0
MO #356 energy= 0.204497889150736  occ= 0
MO #357 energy= 0.207556356645687  occ= 0
MO #358 energy= 0.209631758216204  occ= 0
MO #359 energy= 0.21543101681769   occ= 0
MO #360 energy= 0.219685383313849  occ= 0
MO #361 energy= 0.222088440371681  occ= 0
MO #362 energy= 0.223921827004263  occ= 0
MO #363 energy= 0.22544531335027   occ= 0
MO #364 energy= 0.227680222302715  occ= 0
MO #365 energy= 0.230477862045426  occ= 0
MO #366 energy= 0.233651770425738  occ= 0
MO #367 energy= 0.23686498419628   occ= 0
MO #368 energy= 0.237636092006421  occ= 0
MO #369 energy= 0.239270554082422  occ= 0
MO #370 energy= 0.244674811971288  occ= 0
MO #371 energy= 0.247354017400494  occ= 0
MO #372 energy= 0.247614494931936  occ= 0
MO #373 energy= 0.250378144986037  occ= 0
MO #374 energy= 0.25280014655648   occ= 0
MO #375 energy= 0.253985499862086  occ= 0
MO #376 energy= 0.256357916951177  occ= 0
MO #377 energy= 0.258891546898588  occ= 0
MO #378 energy= 0.260733604359064  occ= 0
MO #379 energy= 0.264782495920326  occ= 0
MO #380 energy= 0.265570301102273  occ= 0
MO #381 energy= 0.268038991776978  occ= 0
MO #382 energy= 0.269324334599175  occ= 0
MO #383 energy= 0.272614797770403  occ= 0
MO #384 energy= 0.273910044832941  occ= 0
MO #385 energy= 0.277517029000032  occ= 0
MO #386 energy= 0.283777516473048  occ= 0
MO #387 energy= 0.285332326273231  occ= 0
MO #388 energy= 0.290955610480227  occ= 0
MO #389 energy= 0.293579852338827  occ= 0
MO #390 energy= 0.29653311921132   occ= 0
MO #391 energy= 0.302357862939029  occ= 0
MO #392 energy= 0.304254633129987  occ= 0
MO #393 energy= 0.306177980642868  occ= 0
MO #394 energy= 0.308837434571921  occ= 0
MO #395 energy= 0.311855916602583  occ= 0
MO #396 energy= 0.31796811148244   occ= 0
MO #397 energy= 0.321020297603597  occ= 0
MO #398 energy= 0.322543803219706  occ= 0
MO #399 energy= 0.32448256418248   occ= 0
MO #400 energy= 0.329679414912925  occ= 0
MO #401 energy= 0.331263338001674  occ= 0
MO #402 energy= 0.336438986117416  occ= 0
MO #403 energy= 0.337684992512832  occ= 0
MO #404 energy= 0.33936113272634   occ= 0
MO #405 energy= 0.340702906214628  occ= 0
MO #406 energy= 0.341488762125122  occ= 0
MO #407 energy= 0.343073437589525  occ= 0
MO #408 energy= 0.346339832376184  occ= 0
MO #409 energy= 0.348921047076419  occ= 0
MO #410 energy= 0.349923573817557  occ= 0
MO #411 energy= 0.350151864555982  occ= 0
MO #412 energy= 0.352480338624228  occ= 0
MO #413 energy= 0.354660122901016  occ= 0
MO #414 energy= 0.35642451440635   occ= 0
MO #415 energy= 0.359609621854082  occ= 0
MO #416 energy= 0.36162509351554   occ= 0
MO #417 energy= 0.364062021682409  occ= 0
MO #418 energy= 0.368027142822493  occ= 0
MO #419 energy= 0.370138375276814  occ= 0
MO #420 energy= 0.370953925685661  occ= 0
MO #421 energy= 0.373919730770901  occ= 0
MO #422 energy= 0.375378440938496  occ= 0
MO #423 energy= 0.375966307575518  occ= 0
MO #424 energy= 0.377701869971917  occ= 0
MO #425 energy= 0.380032742400134  occ= 0
MO #426 energy= 0.384400332473163  occ= 0
MO #427 energy= 0.385397062372635  occ= 0
MO #428 energy= 0.389331522676478  occ= 0
MO #429 energy= 0.391535778134371  occ= 0
MO #430 energy= 0.39343336305981   occ= 0
MO #431 energy= 0.394869950906718  occ= 0
MO #432 energy= 0.39801678350567   occ= 0
MO #433 energy= 0.399427613701182  occ= 0
MO #434 energy= 0.403439491006249  occ= 0
MO #435 energy= 0.405486477350741  occ= 0
MO #436 energy= 0.408286502262704  occ= 0
MO #437 energy= 0.412381941649116  occ= 0
MO #438 energy= 0.415260455857923  occ= 0
MO #439 energy= 0.416509732584265  occ= 0
MO #440 energy= 0.418289527283029  occ= 0
MO #441 energy= 0.419859987495955  occ= 0
MO #442 energy= 0.422599304692997  occ= 0
MO #443 energy= 0.424532391005865  occ= 0
MO #444 energy= 0.425532885464903  occ= 0
MO #445 energy= 0.42708792653606   occ= 0
MO #446 energy= 0.429060005115673  occ= 0
MO #447 energy= 0.430976022964292  occ= 0
MO #448 energy= 0.431768232510092  occ= 0
MO #449 energy= 0.43342318864074   occ= 0
MO #450 energy= 0.435209997513392  occ= 0
MO #451 energy= 0.436888115070014  occ= 0
MO #452 energy= 0.439000814412986  occ= 0
MO #453 energy= 0.44116280344783   occ= 0
MO #454 energy= 0.442290335467456  occ= 0
MO #455 energy= 0.443696118548792  occ= 0
MO #456 energy= 0.445361882602148  occ= 0
MO #457 energy= 0.446291635643924  occ= 0
MO #458 energy= 0.447610358391114  occ= 0
MO #459 energy= 0.448405385248323  occ= 0
MO #460 energy= 0.45044629232895   occ= 0
MO #461 energy= 0.452726941674608  occ= 0
MO #462 energy= 0.453002304394187  occ= 0
MO #463 energy= 0.455839224071279  occ= 0
MO #464 energy= 0.456721112997645  occ= 0
MO #465 energy= 0.458117221065504  occ= 0
MO #466 energy= 0.461541846044766  occ= 0
MO #467 energy= 0.462735968051347  occ= 0
MO #468 energy= 0.464446126150081  occ= 0
MO #469 energy= 0.466534645713264  occ= 0
MO #470 energy= 0.467840672133891  occ= 0
MO #471 energy= 0.471434963524428  occ= 0
MO #472 energy= 0.472076843268873  occ= 0
MO #473 energy= 0.474658329770746  occ= 0
MO #474 energy= 0.475496178402259  occ= 0
MO #475 energy= 0.477078916475415  occ= 0
MO #476 energy= 0.479003484775546  occ= 0
MO #477 energy= 0.481831394300942  occ= 0
MO #478 energy= 0.483038359552184  occ= 0
MO #479 energy= 0.48472263505276   occ= 0
MO #480 energy= 0.48893733094644   occ= 0
MO #481 energy= 0.491460883324553  occ= 0
MO #482 energy= 0.494550260406093  occ= 0
MO #483 energy= 0.496627865698358  occ= 0
MO #484 energy= 0.49748465977439   occ= 0
MO #485 energy= 0.500883431365206  occ= 0
MO #486 energy= 0.505137645309625  occ= 0
MO #487 energy= 0.507204413174207  occ= 0
MO #488 energy= 0.510850150426522  occ= 0
MO #489 energy= 0.512859543888124  occ= 0
MO #490 energy= 0.515221907555198  occ= 0
MO #491 energy= 0.516026531763563  occ= 0
MO #492 energy= 0.519871144711727  occ= 0
MO #493 energy= 0.520663881155483  occ= 0
MO #494 energy= 0.52395760036663   occ= 0
MO #495 energy= 0.525548243408042  occ= 0
MO #496 energy= 0.527580089485428  occ= 0
MO #497 energy= 0.530442761030243  occ= 0
MO #498 energy= 0.532091809386506  occ= 0
MO #499 energy= 0.535669263356132  occ= 0
MO #500 energy= 0.538750181448987  occ= 0
MO #501 energy= 0.539455565853763  occ= 0
MO #502 energy= 0.541827465797827  occ= 0
MO #503 energy= 0.54471058548973   occ= 0
MO #504 energy= 0.546573771940891  occ= 0
MO #505 energy= 0.54848883415665   occ= 0
MO #506 energy= 0.549811234641891  occ= 0
MO #507 energy= 0.555378275033091  occ= 0
MO #508 energy= 0.556684932672225  occ= 0
MO #509 energy= 0.561217392302125  occ= 0
MO #510 energy= 0.56325285438856   occ= 0
MO #511 energy= 0.569207163208163  occ= 0
MO #512 energy= 0.571545654348605  occ= 0
MO #513 energy= 0.57362337065526   occ= 0
MO #514 energy= 0.575685219888572  occ= 0
MO #515 energy= 0.576639755647169  occ= 0
MO #516 energy= 0.580584190589759  occ= 0
MO #517 energy= 0.584011122144249  occ= 0
MO #518 energy= 0.588119574070714  occ= 0
MO #519 energy= 0.589015602712064  occ= 0
MO #520 energy= 0.593742251139514  occ= 0
MO #521 energy= 0.59490338512958   occ= 0
MO #522 energy= 0.598629859866975  occ= 0
MO #523 energy= 0.599957444471165  occ= 0
MO #524 energy= 0.604581145794438  occ= 0
MO #525 energy= 0.60698295742753   occ= 0
MO #526 energy= 0.607708494787739  occ= 0
MO #527 energy= 0.612335035066216  occ= 0
MO #528 energy= 0.614959498114835  occ= 0
MO #529 energy= 0.618614993655898  occ= 0
MO #530 energy= 0.619797782071851  occ= 0
MO #531 energy= 0.622015069320636  occ= 0
MO #532 energy= 0.623282433113801  occ= 0
MO #533 energy= 0.625819510610221  occ= 0
MO #534 energy= 0.626457732637055  occ= 0
MO #535 energy= 0.629730865124159  occ= 0
MO #536 energy= 0.630957561478864  occ= 0
MO #537 energy= 0.632602025100899  occ= 0
MO #538 energy= 0.634589025021159  occ= 0
MO #539 energy= 0.635608828030061  occ= 0
MO #540 energy= 0.635846432962594  occ= 0
MO #541 energy= 0.639325219107546  occ= 0
MO #542 energy= 0.640808523797828  occ= 0
MO #543 energy= 0.641913182436885  occ= 0
MO #544 energy= 0.643351029318706  occ= 0
MO #545 energy= 0.644236932624776  occ= 0
MO #546 energy= 0.645504641653031  occ= 0
MO #547 energy= 0.647368991386197  occ= 0
MO #548 energy= 0.648508756748722  occ= 0
MO #549 energy= 0.650972074744756  occ= 0
MO #550 energy= 0.651491164242181  occ= 0
MO #551 energy= 0.653265879518385  occ= 0
MO #552 energy= 0.654290228024765  occ= 0
MO #553 energy= 0.655455111231104  occ= 0
MO #554 energy= 0.656251293554121  occ= 0
MO #555 energy= 0.65721087022978   occ= 0
MO #556 energy= 0.657598621422379  occ= 0
MO #557 energy= 0.658415130701003  occ= 0
MO #558 energy= 0.660061111140272  occ= 0
MO #559 energy= 0.660685402324635  occ= 0
MO #560 energy= 0.661067403530432  occ= 0
MO #561 energy= 0.661706192538011  occ= 0
MO #562 energy= 0.66326048752497   occ= 0
MO #563 energy= 0.663593644641824  occ= 0
MO #564 energy= 0.664326972112528  occ= 0
MO #565 energy= 0.665360052898981  occ= 0
MO #566 energy= 0.665752269539132  occ= 0
MO #567 energy= 0.666295819741085  occ= 0
MO #568 energy= 0.667053170585694  occ= 0
MO #569 energy= 0.668206958482224  occ= 0
MO #570 energy= 0.668577410614953  occ= 0
MO #571 energy= 0.669461043893689  occ= 0
MO #572 energy= 0.671830746038075  occ= 0
MO #573 energy= 0.673634056375581  occ= 0
MO #574 energy= 0.674236061599691  occ= 0
MO #575 energy= 0.674541796326684  occ= 0
MO #576 energy= 0.675707602616411  occ= 0
MO #577 energy= 0.676143473368292  occ= 0
MO #578 energy= 0.677004334721711  occ= 0
MO #579 energy= 0.677150283392977  occ= 0
MO #580 energy= 0.679230622937924  occ= 0
MO #581 energy= 0.680405829084198  occ= 0
MO #582 energy= 0.681424357775116  occ= 0
MO #583 energy= 0.682669517757973  occ= 0
MO #584 energy= 0.682705328290274  occ= 0
MO #585 energy= 0.684442711048807  occ= 0
MO #586 energy= 0.68519227336477   occ= 0
MO #587 energy= 0.686237297768577  occ= 0
MO #588 energy= 0.687072688818625  occ= 0
MO #589 energy= 0.688101570394096  occ= 0
MO #590 energy= 0.690736375452419  occ= 0
MO #591 energy= 0.691568793258071  occ= 0
MO #592 energy= 0.691923725445326  occ= 0
MO #593 energy= 0.693517958691635  occ= 0
MO #594 energy= 0.693682695664515  occ= 0
MO #595 energy= 0.695872687935593  occ= 0
MO #596 energy= 0.696559711515672  occ= 0
MO #597 energy= 0.697701235259348  occ= 0
MO #598 energy= 0.69880045326031   occ= 0
MO #599 energy= 0.699577847640824  occ= 0
MO #600 energy= 0.700918876039545  occ= 0
MO #601 energy= 0.701129032030426  occ= 0
MO #602 energy= 0.703722682573083  occ= 0
MO #603 energy= 0.704506604935052  occ= 0
MO #604 energy= 0.705261763626794  occ= 0
MO #605 energy= 0.706231087284075  occ= 0
MO #606 energy= 0.707663919271588  occ= 0
MO #607 energy= 0.708516785830285  occ= 0
MO #608 energy= 0.711351726624014  occ= 0
MO #609 energy= 0.711806910467187  occ= 0
MO #610 energy= 0.712738925189893  occ= 0
MO #611 energy= 0.714920059842763  occ= 0
MO #612 energy= 0.716023555614103  occ= 0
MO #613 energy= 0.717836511747675  occ= 0
MO #614 energy= 0.719911731742338  occ= 0
MO #615 energy= 0.720560849871396  occ= 0
MO #616 energy= 0.721123424265353  occ= 0
MO #617 energy= 0.722537322146346  occ= 0
MO #618 energy= 0.724141457419996  occ= 0
MO #619 energy= 0.725006713792613  occ= 0
MO #620 energy= 0.726744909710516  occ= 0
MO #621 energy= 0.728580915924144  occ= 0
MO #622 energy= 0.731288707627354  occ= 0
MO #623 energy= 0.731808539630856  occ= 0
MO #624 energy= 0.733312931702442  occ= 0
MO #625 energy= 0.73453451021265   occ= 0
MO #626 energy= 0.734933381955707  occ= 0
MO #627 energy= 0.736086420981346  occ= 0
MO #628 energy= 0.740067738133222  occ= 0
MO #629 energy= 0.740442339370969  occ= 0
MO #630 energy= 0.74154366717201   occ= 0
MO #631 energy= 0.74438095825245   occ= 0
MO #632 energy= 0.745279280777037  occ= 0
MO #633 energy= 0.749679949596766  occ= 0
MO #634 energy= 0.751477967777533  occ= 0
MO #635 energy= 0.75549597992471   occ= 0
MO #636 energy= 0.756737780135218  occ= 0
MO #637 energy= 0.758062613504058  occ= 0
MO #638 energy= 0.760581477982116  occ= 0
MO #639 energy= 0.7629547649885    occ= 0
MO #640 energy= 0.76435686247181   occ= 0
MO #641 energy= 0.767706892102744  occ= 0
MO #642 energy= 0.770638907531329  occ= 0
MO #643 energy= 0.772042825847501  occ= 0
MO #644 energy= 0.774313431348126  occ= 0
MO #645 energy= 0.775629605653378  occ= 0
MO #646 energy= 0.780196102588744  occ= 0
MO #647 energy= 0.781073847632456  occ= 0
MO #648 energy= 0.782791341856634  occ= 0
MO #649 energy= 0.784298686157793  occ= 0
MO #650 energy= 0.785391266373118  occ= 0
MO #651 energy= 0.786168631652363  occ= 0
MO #652 energy= 0.790997528811542  occ= 0
MO #653 energy= 0.794899230639757  occ= 0
MO #654 energy= 0.797732011753201  occ= 0
MO #655 energy= 0.799291302741371  occ= 0
MO #656 energy= 0.802517134001121  occ= 0
MO #657 energy= 0.803997700635543  occ= 0
MO #658 energy= 0.804726976071178  occ= 0
MO #659 energy= 0.805593870056191  occ= 0
MO #660 energy= 0.80746735076235   occ= 0
MO #661 energy= 0.808952220518722  occ= 0
MO #662 energy= 0.81124258834735   occ= 0
MO #663 energy= 0.813275868552618  occ= 0
MO #664 energy= 0.813814020705169  occ= 0
MO #665 energy= 0.818271644944423  occ= 0
MO #666 energy= 0.820544522998394  occ= 0
MO #667 energy= 0.821720241767927  occ= 0
MO #668 energy= 0.824341700508616  occ= 0
MO #669 energy= 0.825963215682984  occ= 0
MO #670 energy= 0.828578689428169  occ= 0
MO #671 energy= 0.830272809574816  occ= 0
MO #672 energy= 0.831617751755135  occ= 0
MO #673 energy= 0.834066135900157  occ= 0
MO #674 energy= 0.839117130711174  occ= 0
MO #675 energy= 0.839623265366859  occ= 0
MO #676 energy= 0.840318279713981  occ= 0
MO #677 energy= 0.842071765917388  occ= 0
MO #678 energy= 0.845219684633794  occ= 0
MO #679 energy= 0.84791178019182   occ= 0
MO #680 energy= 0.851694451616337  occ= 0
MO #681 energy= 0.854553919275103  occ= 0
MO #682 energy= 0.857203743771239  occ= 0
MO #683 energy= 0.860337885930155  occ= 0
MO #684 energy= 0.861566749219064  occ= 0
MO #685 energy= 0.863335277635251  occ= 0
MO #686 energy= 0.866068991507572  occ= 0
MO #687 energy= 0.871698172150794  occ= 0
MO #688 energy= 0.874581783376216  occ= 0
MO #689 energy= 0.878850294581799  occ= 0
MO #690 energy= 0.881730575746006  occ= 0
MO #691 energy= 0.884674412311857  occ= 0
MO #692 energy= 0.889987878569281  occ= 0
MO #693 energy= 0.892408245853129  occ= 0
MO #694 energy= 0.8976156101772    occ= 0
MO #695 energy= 0.899919933682828  occ= 0
MO #696 energy= 0.90393110550177   occ= 0
MO #697 energy= 0.907977208962012  occ= 0
MO #698 energy= 0.911208607873569  occ= 0
MO #699 energy= 0.913404036526558  occ= 0
MO #700 energy= 0.917240646640274  occ= 0
MO #701 energy= 0.922884169211691  occ= 0
MO #702 energy= 0.930383005251765  occ= 0
MO #703 energy= 0.932426712793856  occ= 0
MO #704 energy= 0.936115371130225  occ= 0
MO #705 energy= 0.941368851198458  occ= 0
MO #706 energy= 0.944333513908808  occ= 0
MO #707 energy= 0.946949459080641  occ= 0
MO #708 energy= 0.949673317597423  occ= 0
MO #709 energy= 0.952708800562094  occ= 0
MO #710 energy= 0.957670122388717  occ= 0
MO #711 energy= 0.959575184734532  occ= 0
MO #712 energy= 0.967281258422052  occ= 0
MO #713 energy= 0.979147744633079  occ= 0
MO #714 energy= 0.98479003819028   occ= 0
MO #715 energy= 0.993046622537406  occ= 0
MO #716 energy= 0.997282327137121  occ= 0
MO #717 energy= 0.997654328902337  occ= 0
MO #718 energy= 1.00457342240529   occ= 0
MO #719 energy= 1.01499536069663   occ= 0
MO #720 energy= 1.01540860513722   occ= 0
MO #721 energy= 1.01803569420607   occ= 0
MO #722 energy= 1.01901566187385   occ= 0
MO #723 energy= 1.02296111240955   occ= 0
MO #724 energy= 1.02888735360445   occ= 0
MO #725 energy= 1.03326772777522   occ= 0
MO #726 energy= 1.03704634613532   occ= 0
MO #727 energy= 1.03976073732639   occ= 0
MO #728 energy= 1.04302821584631   occ= 0
MO #729 energy= 1.05269946683986   occ= 0
MO #730 energy= 1.05925310641156   occ= 0
MO #731 energy= 1.0643740860988    occ= 0
MO #732 energy= 1.06759158977465   occ= 0
MO #733 energy= 1.07571220568128   occ= 0
MO #734 energy= 1.07845082957527   occ= 0
MO #735 energy= 1.08356222513766   occ= 0
MO #736 energy= 1.08822548456219   occ= 0
MO #737 energy= 1.0966292926958    occ= 0
MO #738 energy= 1.10426788707926   occ= 0
MO #739 energy= 1.10907868168926   occ= 0
MO #740 energy= 1.11496032345898   occ= 0
MO #741 energy= 1.12147083494675   occ= 0
MO #742 energy= 1.12660748187071   occ= 0
MO #743 energy= 1.13604375427927   occ= 0
MO #744 energy= 1.14007125618088   occ= 0
MO #745 energy= 1.14574720243197   occ= 0
MO #746 energy= 1.15057908899494   occ= 0
MO #747 energy= 1.15816522949018   occ= 0
MO #748 energy= 1.16100389972038   occ= 0
MO #749 energy= 1.16132544515622   occ= 0
MO #750 energy= 1.16280204135169   occ= 0
MO #751 energy= 1.16647698560368   occ= 0
MO #752 energy= 1.16839418744297   occ= 0
MO #753 energy= 1.17099425411756   occ= 0
MO #754 energy= 1.17344141061422   occ= 0
MO #755 energy= 1.17398567447104   occ= 0
MO #756 energy= 1.17723182092078   occ= 0
MO #757 energy= 1.17909393492504   occ= 0
MO #758 energy= 1.18134305200099   occ= 0
MO #759 energy= 1.18439304137456   occ= 0
MO #760 energy= 1.18515690552814   occ= 0
MO #761 energy= 1.18715606181698   occ= 0
MO #762 energy= 1.19255221342859   occ= 0
MO #763 energy= 1.19335231463947   occ= 0
MO #764 energy= 1.19439018172323   occ= 0
MO #765 energy= 1.20281820601516   occ= 0
MO #766 energy= 1.20551458563268   occ= 0
MO #767 energy= 1.21167982690006   occ= 0
MO #768 energy= 1.21313946180728   occ= 0
MO #769 energy= 1.21583898256339   occ= 0
MO #770 energy= 1.21878383631325   occ= 0
MO #771 energy= 1.22168448472693   occ= 0
MO #772 energy= 1.22564469327241   occ= 0
MO #773 energy= 1.23418620525035   occ= 0
MO #774 energy= 1.23886435171829   occ= 0
MO #775 energy= 1.24046751537157   occ= 0
MO #776 energy= 1.24439936860364   occ= 0
MO #777 energy= 1.24918726398073   occ= 0
MO #778 energy= 1.25530367968686   occ= 0
MO #779 energy= 1.25687986671315   occ= 0
MO #780 energy= 1.25987873066407   occ= 0
MO #781 energy= 1.26218656723615   occ= 0
MO #782 energy= 1.26442894476465   occ= 0
MO #783 energy= 1.265112203078     occ= 0
MO #784 energy= 1.26822288009765   occ= 0
MO #785 energy= 1.26919219502074   occ= 0
MO #786 energy= 1.27452055909362   occ= 0
MO #787 energy= 1.27594368592127   occ= 0
MO #788 energy= 1.27906501429712   occ= 0
MO #789 energy= 1.28177239951957   occ= 0
MO #790 energy= 1.28255657566403   occ= 0
MO #791 energy= 1.29104718019195   occ= 0
MO #792 energy= 1.29514126319607   occ= 0
MO #793 energy= 1.30103417441825   occ= 0
MO #794 energy= 1.30484378044587   occ= 0
MO #795 energy= 1.30858722818547   occ= 0
MO #796 energy= 1.31147081500571   occ= 0
MO #797 energy= 1.31407804071348   occ= 0
MO #798 energy= 1.31789508689803   occ= 0
MO #799 energy= 1.31932602086755   occ= 0
MO #800 energy= 1.32407996795956   occ= 0
MO #801 energy= 1.32700242701163   occ= 0
MO #802 energy= 1.32847786882054   occ= 0
MO #803 energy= 1.32907778450591   occ= 0
MO #804 energy= 1.33180467341529   occ= 0
MO #805 energy= 1.33636072764037   occ= 0
MO #806 energy= 1.34039601865376   occ= 0
MO #807 energy= 1.34478094085731   occ= 0
MO #808 energy= 1.35498689687059   occ= 0
MO #809 energy= 1.35792284468567   occ= 0
MO #810 energy= 1.36030359981036   occ= 0
MO #811 energy= 1.36260312366364   occ= 0
MO #812 energy= 1.36964460092877   occ= 0
MO #813 energy= 1.37398560390751   occ= 0
MO #814 energy= 1.37687495426215   occ= 0
MO #815 energy= 1.3811629753115    occ= 0
MO #816 energy= 1.38437046845263   occ= 0
MO #817 energy= 1.39262291887648   occ= 0
MO #818 energy= 1.39498586063886   occ= 0
MO #819 energy= 1.40291289901675   occ= 0
MO #820 energy= 1.40808943866142   occ= 0
MO #821 energy= 1.40885758021502   occ= 0
MO #822 energy= 1.41552584012321   occ= 0
MO #823 energy= 1.4304694779377    occ= 0
MO #824 energy= 1.43264814533814   occ= 0
MO #825 energy= 1.43805867241066   occ= 0
MO #826 energy= 1.44280037347942   occ= 0
MO #827 energy= 1.45116451465735   occ= 0
MO #828 energy= 1.45508674578457   occ= 0
MO #829 energy= 1.45675609177059   occ= 0
MO #830 energy= 1.46242169597822   occ= 0
MO #831 energy= 1.46354004502299   occ= 0
MO #832 energy= 1.47188375790253   occ= 0
MO #833 energy= 1.47526412869064   occ= 0
MO #834 energy= 1.48572578690637   occ= 0
MO #835 energy= 1.49106878447221   occ= 0
MO #836 energy= 1.49621220929899   occ= 0
MO #837 energy= 1.49781970447579   occ= 0
MO #838 energy= 1.49976990116634   occ= 0
MO #839 energy= 1.50534476444471   occ= 0
MO #840 energy= 1.50542667445074   occ= 0
MO #841 energy= 1.50632993189076   occ= 0
MO #842 energy= 1.50767683630915   occ= 0
MO #843 energy= 1.51027322968268   occ= 0
MO #844 energy= 1.51547677502947   occ= 0
MO #845 energy= 1.51884493719261   occ= 0
MO #846 energy= 1.52248705363384   occ= 0
MO #847 energy= 1.52575627409906   occ= 0
MO #848 energy= 1.5340166704079    occ= 0
MO #849 energy= 1.54053949503055   occ= 0
MO #850 energy= 1.54443141384214   occ= 0
MO #851 energy= 1.54865749762347   occ= 0
MO #852 energy= 1.55314955006886   occ= 0
MO #853 energy= 1.55490614615348   occ= 0
MO #854 energy= 1.55649403932307   occ= 0
MO #855 energy= 1.55824010885689   occ= 0
MO #856 energy= 1.56002983959009   occ= 0
MO #857 energy= 1.56241110323486   occ= 0
MO #858 energy= 1.56517676244642   occ= 0
MO #859 energy= 1.56641135487753   occ= 0
MO #860 energy= 1.56739756936367   occ= 0
MO #861 energy= 1.56845880212034   occ= 0
MO #862 energy= 1.5712414045236    occ= 0
MO #863 energy= 1.5732869534647    occ= 0
MO #864 energy= 1.57422986894445   occ= 0
MO #865 energy= 1.57630828488587   occ= 0
MO #866 energy= 1.57865461098331   occ= 0
MO #867 energy= 1.58128446406955   occ= 0
MO #868 energy= 1.58333276960228   occ= 0
MO #869 energy= 1.58396766334998   occ= 0
MO #870 energy= 1.58890144206117   occ= 0
MO #871 energy= 1.59017537978499   occ= 0
MO #872 energy= 1.59282670590101   occ= 0
MO #873 energy= 1.59642327834971   occ= 0
MO #874 energy= 1.60121970255728   occ= 0
MO #875 energy= 1.60399254166281   occ= 0
MO #876 energy= 1.60562165871722   occ= 0
MO #877 energy= 1.60761861524839   occ= 0
MO #878 energy= 1.61128243023361   occ= 0
MO #879 energy= 1.61277184473085   occ= 0
MO #880 energy= 1.61955086075324   occ= 0
MO #881 energy= 1.62465832629332   occ= 0
MO #882 energy= 1.62852856867984   occ= 0
MO #883 energy= 1.63061119065758   occ= 0
MO #884 energy= 1.63381867298182   occ= 0
MO #885 energy= 1.63785444289552   occ= 0
MO #886 energy= 1.64248769734674   occ= 0
MO #887 energy= 1.65172971992003   occ= 0
MO #888 energy= 1.66093710840298   occ= 0
MO #889 energy= 1.66339167104331   occ= 0
MO #890 energy= 1.66615929229413   occ= 0
MO #891 energy= 1.67152285103274   occ= 0
MO #892 energy= 1.6762200174476    occ= 0
MO #893 energy= 1.68355714100354   occ= 0
MO #894 energy= 1.68892927207151   occ= 0
MO #895 energy= 1.69256148566185   occ= 0
MO #896 energy= 1.6967280758899    occ= 0
MO #897 energy= 1.70039519103488   occ= 0
MO #898 energy= 1.70180868891026   occ= 0
MO #899 energy= 1.70383257070483   occ= 0
MO #900 energy= 1.70614317170362   occ= 0
MO #901 energy= 1.70923163103541   occ= 0
MO #902 energy= 1.71132023197848   occ= 0
MO #903 energy= 1.71235284688077   occ= 0
MO #904 energy= 1.71284625326519   occ= 0
MO #905 energy= 1.71761173376452   occ= 0
MO #906 energy= 1.71943867076119   occ= 0
MO #907 energy= 1.7209194811456    occ= 0
MO #908 energy= 1.72555940330229   occ= 0
MO #909 energy= 1.72694990498668   occ= 0
MO #910 energy= 1.72838270498364   occ= 0
MO #911 energy= 1.72988264355287   occ= 0
MO #912 energy= 1.73118239631124   occ= 0
MO #913 energy= 1.73204109632949   occ= 0
MO #914 energy= 1.73470167462149   occ= 0
MO #915 energy= 1.73540999293132   occ= 0
MO #916 energy= 1.73613805467849   occ= 0
MO #917 energy= 1.73711193186795   occ= 0
MO #918 energy= 1.7385987726909    occ= 0
MO #919 energy= 1.73970945834377   occ= 0
MO #920 energy= 1.74256301774083   occ= 0
MO #921 energy= 1.74400645966884   occ= 0
MO #922 energy= 1.74734399805454   occ= 0
MO #923 energy= 1.74770680570182   occ= 0
MO #924 energy= 1.75098297684373   occ= 0
MO #925 energy= 1.75369078662765   occ= 0
MO #926 energy= 1.7582839203837    occ= 0
MO #927 energy= 1.7592691986343    occ= 0
MO #928 energy= 1.76004889781926   occ= 0
MO #929 energy= 1.76114241202589   occ= 0
MO #930 energy= 1.7645349162693    occ= 0
MO #931 energy= 1.76478969046166   occ= 0
MO #932 energy= 1.76751656631089   occ= 0
MO #933 energy= 1.76844688291444   occ= 0
MO #934 energy= 1.77050285903512   occ= 0
MO #935 energy= 1.77335699055868   occ= 0
MO #936 energy= 1.77429340386548   occ= 0
MO #937 energy= 1.77603765417231   occ= 0
MO #938 energy= 1.77736200386966   occ= 0
MO #939 energy= 1.77990184084284   occ= 0
MO #940 energy= 1.78012023285688   occ= 0
MO #941 energy= 1.78463951764385   occ= 0
MO #942 energy= 1.78532631402279   occ= 0
MO #943 energy= 1.78854542694666   occ= 0
MO #944 energy= 1.78988953429015   occ= 0
MO #945 energy= 1.7927657764179    occ= 0
MO #946 energy= 1.79787813094581   occ= 0
MO #947 energy= 1.79879575593541   occ= 0
MO #948 energy= 1.80140017613932   occ= 0
MO #949 energy= 1.80258475511586   occ= 0
MO #950 energy= 1.80562220295505   occ= 0
MO #951 energy= 1.8081295238646    occ= 0
MO #952 energy= 1.81069147086761   occ= 0
MO #953 energy= 1.81171416052636   occ= 0
MO #954 energy= 1.81315324581588   occ= 0
MO #955 energy= 1.81587265240314   occ= 0
MO #956 energy= 1.81642250091346   occ= 0
MO #957 energy= 1.81982174504485   occ= 0
MO #958 energy= 1.82018183959672   occ= 0
MO #959 energy= 1.82085581121169   occ= 0
MO #960 energy= 1.82197505438334   occ= 0
MO #961 energy= 1.8231873947588    occ= 0
MO #962 energy= 1.8257738412728    occ= 0
MO #963 energy= 1.82853115539246   occ= 0
MO #964 energy= 1.82961354001975   occ= 0
MO #965 energy= 1.83082614914494   occ= 0
MO #966 energy= 1.83221928503789   occ= 0
MO #967 energy= 1.83462243844738   occ= 0
MO #968 energy= 1.83683021333064   occ= 0
MO #969 energy= 1.83796875531728   occ= 0
MO #970 energy= 1.83915079876298   occ= 0
MO #971 energy= 1.84255884761074   occ= 0
MO #972 energy= 1.84407968593227   occ= 0
MO #973 energy= 1.84600928770613   occ= 0
MO #974 energy= 1.84948194964588   occ= 0
MO #975 energy= 1.85240269186953   occ= 0
MO #976 energy= 1.85257578813529   occ= 0
MO #977 energy= 1.85427410615948   occ= 0
MO #978 energy= 1.85503524641737   occ= 0
MO #979 energy= 1.85587702616518   occ= 0
MO #980 energy= 1.85849180644087   occ= 0
MO #981 energy= 1.8596712671197    occ= 0
MO #982 energy= 1.86193462743655   occ= 0
MO #983 energy= 1.86434208791531   occ= 0
MO #984 energy= 1.86581079746338   occ= 0
MO #985 energy= 1.8666739800737    occ= 0
MO #986 energy= 1.86874539040489   occ= 0
MO #987 energy= 1.87160762454857   occ= 0
MO #988 energy= 1.87363913771116   occ= 0
MO #989 energy= 1.87725383380704   occ= 0
MO #990 energy= 1.88219411481211   occ= 0
MO #991 energy= 1.88535926300107   occ= 0
MO #992 energy= 1.88863447466231   occ= 0
MO #993 energy= 1.89153466866187   occ= 0
MO #994 energy= 1.8922871192205    occ= 0
MO #995 energy= 1.89443650852666   occ= 0
MO #996 energy= 1.89559264177633   occ= 0
MO #997 energy= 1.89824292920838   occ= 0
MO #998 energy= 1.89995564701792   occ= 0
MO #999 energy= 1.90292748948645   occ= 0
MO #1000 energy= 1.90307425421877   occ= 0
MO #1001 energy= 1.90483518072865   occ= 0
MO #1002 energy= 1.90650700550523   occ= 0
MO #1003 energy= 1.90902509159388   occ= 0
MO #1004 energy= 1.91214059413611   occ= 0
MO #1005 energy= 1.91605890312313   occ= 0
MO #1006 energy= 1.92125531715211   occ= 0
MO #1007 energy= 1.92241415197374   occ= 0
MO #1008 energy= 1.92675576199386   occ= 0
MO #1009 energy= 1.9308883404482    occ= 0
MO #1010 energy= 1.9316059648014    occ= 0
MO #1011 energy= 1.93480315932231   occ= 0
MO #1012 energy= 1.93793369179677   occ= 0
MO #1013 energy= 1.93919833624953   occ= 0
MO #1014 energy= 1.9418872110562    occ= 0
MO #1015 energy= 1.94481493245953   occ= 0
MO #1016 energy= 1.94776794137727   occ= 0
MO #1017 energy= 1.94955249048008   occ= 0
MO #1018 energy= 1.95337408120052   occ= 0
MO #1019 energy= 1.95370023719642   occ= 0
MO #1020 energy= 1.95788627613929   occ= 0
MO #1021 energy= 1.95907879423317   occ= 0
MO #1022 energy= 1.96193337593684   occ= 0
MO #1023 energy= 1.96502447822322   occ= 0
MO #1024 energy= 1.9710801761134    occ= 0
MO #1025 energy= 1.97211127115758   occ= 0
MO #1026 energy= 1.97582064603715   occ= 0
MO #1027 energy= 1.977093881633     occ= 0
MO #1028 energy= 1.98191564990185   occ= 0
MO #1029 energy= 1.98229393535302   occ= 0
MO #1030 energy= 1.98561061163634   occ= 0
MO #1031 energy= 1.98842649215657   occ= 0
MO #1032 energy= 1.99097148447539   occ= 0
MO #1033 energy= 1.99136507146805   occ= 0
MO #1034 energy= 1.99404515163059   occ= 0
MO #1035 energy= 1.99714897569807   occ= 0
MO #1036 energy= 2.00013948069678   occ= 0
MO #1037 energy= 2.00854921854699   occ= 0
MO #1038 energy= 2.01184554414998   occ= 0
MO #1039 energy= 2.01781252926453   occ= 0
MO #1040 energy= 2.02414002631951   occ= 0
MO #1041 energy= 2.02789846647607   occ= 0
MO #1042 energy= 2.03037720700483   occ= 0
MO #1043 energy= 2.03720839292896   occ= 0
MO #1044 energy= 2.03850715843086   occ= 0
MO #1045 energy= 2.0413205636195    occ= 0
MO #1046 energy= 2.04216777065118   occ= 0
MO #1047 energy= 2.04501517926344   occ= 0
MO #1048 energy= 2.05011804666152   occ= 0
MO #1049 energy= 2.05410369943835   occ= 0
MO #1050 energy= 2.05743195332472   occ= 0
MO #1051 energy= 2.05923643530842   occ= 0
MO #1052 energy= 2.06320899641554   occ= 0
MO #1053 energy= 2.06469428825719   occ= 0
MO #1054 energy= 2.06498180573922   occ= 0
MO #1055 energy= 2.06912363978974   occ= 0
MO #1056 energy= 2.07140976042743   occ= 0
MO #1057 energy= 2.07338975771673   occ= 0
MO #1058 energy= 2.07517290930936   occ= 0
MO #1059 energy= 2.07865174629461   occ= 0
MO #1060 energy= 2.07897069212173   occ= 0
MO #1061 energy= 2.08007943489564   occ= 0
MO #1062 energy= 2.08583390472986   occ= 0
MO #1063 energy= 2.08872843839179   occ= 0
MO #1064 energy= 2.09327465120963   occ= 0
MO #1065 energy= 2.0943623529734    occ= 0
MO #1066 energy= 2.09727671166269   occ= 0
MO #1067 energy= 2.101729020346     occ= 0
MO #1068 energy= 2.1021842164365    occ= 0
MO #1069 energy= 2.10738180808984   occ= 0
MO #1070 energy= 2.108464424732     occ= 0
MO #1071 energy= 2.11401008067934   occ= 0
MO #1072 energy= 2.1197609199678    occ= 0
MO #1073 energy= 2.12389271361331   occ= 0
MO #1074 energy= 2.12857204936656   occ= 0
MO #1075 energy= 2.1305748249258    occ= 0
MO #1076 energy= 2.1337109619384    occ= 0
MO #1077 energy= 2.13641954340394   occ= 0
MO #1078 energy= 2.14004473754912   occ= 0
MO #1079 energy= 2.14422953956446   occ= 0
MO #1080 energy= 2.14575028125084   occ= 0
MO #1081 energy= 2.14662573402333   occ= 0
MO #1082 energy= 2.15382236087645   occ= 0
MO #1083 energy= 2.15639778219982   occ= 0
MO #1084 energy= 2.16155888329213   occ= 0
MO #1085 energy= 2.16221486346873   occ= 0
MO #1086 energy= 2.17089385458151   occ= 0
MO #1087 energy= 2.17288094606681   occ= 0
MO #1088 energy= 2.17835330319249   occ= 0
MO #1089 energy= 2.18138633741964   occ= 0
MO #1090 energy= 2.1890754846603    occ= 0
MO #1091 energy= 2.19147365119509   occ= 0
MO #1092 energy= 2.19546971248347   occ= 0
MO #1093 energy= 2.19689194220743   occ= 0
MO #1094 energy= 2.20113898466539   occ= 0
MO #1095 energy= 2.2050547769001    occ= 0
MO #1096 energy= 2.20708285257655   occ= 0
MO #1097 energy= 2.20832696077811   occ= 0
MO #1098 energy= 2.21152213669204   occ= 0
MO #1099 energy= 2.21381906318626   occ= 0
MO #1100 energy= 2.21725063420322   occ= 0
MO #1101 energy= 2.21909658245811   occ= 0
MO #1102 energy= 2.22397079999232   occ= 0
MO #1103 energy= 2.22443817331453   occ= 0
MO #1104 energy= 2.22740042525372   occ= 0
MO #1105 energy= 2.23408534566321   occ= 0
MO #1106 energy= 2.23607733838452   occ= 0
MO #1107 energy= 2.23972663271186   occ= 0
MO #1108 energy= 2.24326868457038   occ= 0
MO #1109 energy= 2.24878676381185   occ= 0
MO #1110 energy= 2.25098167982027   occ= 0
MO #1111 energy= 2.2552289593663    occ= 0
MO #1112 energy= 2.2562980720944    occ= 0
MO #1113 energy= 2.26156479530606   occ= 0
MO #1114 energy= 2.26260641069424   occ= 0
MO #1115 energy= 2.2645097364039    occ= 0
MO #1116 energy= 2.26539355579729   occ= 0
MO #1117 energy= 2.26832493625525   occ= 0
MO #1118 energy= 2.27272638413407   occ= 0
MO #1119 energy= 2.27326780095411   occ= 0
MO #1120 energy= 2.2780456739521    occ= 0
MO #1121 energy= 2.28156984346617   occ= 0
MO #1122 energy= 2.28270525426288   occ= 0
MO #1123 energy= 2.28395187169892   occ= 0
MO #1124 energy= 2.28668638412274   occ= 0
MO #1125 energy= 2.28801722479108   occ= 0
MO #1126 energy= 2.29297666263807   occ= 0
MO #1127 energy= 2.29438738549476   occ= 0
MO #1128 energy= 2.29489409125143   occ= 0
MO #1129 energy= 2.29952865023419   occ= 0
MO #1130 energy= 2.29992716100128   occ= 0
MO #1131 energy= 2.3046610008112    occ= 0
MO #1132 energy= 2.30932919921516   occ= 0
MO #1133 energy= 2.31496919952415   occ= 0
MO #1134 energy= 2.31710771145635   occ= 0
MO #1135 energy= 2.31961811290476   occ= 0
MO #1136 energy= 2.32291519871874   occ= 0
MO #1137 energy= 2.32647585101091   occ= 0
MO #1138 energy= 2.32808984974101   occ= 0
MO #1139 energy= 2.32993619427197   occ= 0
MO #1140 energy= 2.33355958791738   occ= 0
MO #1141 energy= 2.33586106068972   occ= 0
MO #1142 energy= 2.33938021080724   occ= 0
MO #1143 energy= 2.34545301703004   occ= 0
MO #1144 energy= 2.34612731768918   occ= 0
MO #1145 energy= 2.34751296231346   occ= 0
MO #1146 energy= 2.35124373129153   occ= 0
MO #1147 energy= 2.35608427765261   occ= 0
MO #1148 energy= 2.35831370288346   occ= 0
MO #1149 energy= 2.36430661407718   occ= 0
MO #1150 energy= 2.36775482839298   occ= 0
MO #1151 energy= 2.37150849405226   occ= 0
MO #1152 energy= 2.37850832330518   occ= 0
MO #1153 energy= 2.38070579887344   occ= 0
MO #1154 energy= 2.38441442439454   occ= 0
MO #1155 energy= 2.3921714525352    occ= 0
MO #1156 energy= 2.39435294371949   occ= 0
MO #1157 energy= 2.39831658928356   occ= 0
MO #1158 energy= 2.40084075764516   occ= 0
MO #1159 energy= 2.40719971428877   occ= 0
MO #1160 energy= 2.41541504933492   occ= 0
MO #1161 energy= 2.41551959871692   occ= 0
MO #1162 energy= 2.41785128992473   occ= 0
MO #1163 energy= 2.42155192495898   occ= 0
MO #1164 energy= 2.42675694350859   occ= 0
MO #1165 energy= 2.43252212291288   occ= 0
MO #1166 energy= 2.45315851383877   occ= 0
MO #1167 energy= 2.45793994782745   occ= 0
MO #1168 energy= 2.46168655180606   occ= 0
MO #1169 energy= 2.46610724964952   occ= 0
MO #1170 energy= 2.4673585436395    occ= 0
MO #1171 energy= 2.468986907106     occ= 0
MO #1172 energy= 2.47132849751234   occ= 0
MO #1173 energy= 2.47187532311928   occ= 0
MO #1174 energy= 2.47487467945182   occ= 0
MO #1175 energy= 2.47767104991336   occ= 0
MO #1176 energy= 2.47927380279349   occ= 0
MO #1177 energy= 2.4815774031713    occ= 0
MO #1178 energy= 2.48193084337434   occ= 0
MO #1179 energy= 2.49261521110892   occ= 0
MO #1180 energy= 2.49649424777761   occ= 0
MO #1181 energy= 2.49777538405672   occ= 0
MO #1182 energy= 2.50130842488327   occ= 0
MO #1183 energy= 2.50457299293283   occ= 0
MO #1184 energy= 2.50641847459552   occ= 0
MO #1185 energy= 2.51333026523634   occ= 0
MO #1186 energy= 2.51603085981356   occ= 0
MO #1187 energy= 2.51742154330677   occ= 0
MO #1188 energy= 2.52316151894724   occ= 0
MO #1189 energy= 2.53363972181963   occ= 0
MO #1190 energy= 2.53897255773125   occ= 0
MO #1191 energy= 2.54223800540281   occ= 0
MO #1192 energy= 2.5488665025495    occ= 0
MO #1193 energy= 2.55120901837507   occ= 0
MO #1194 energy= 2.5542707518886    occ= 0
MO #1195 energy= 2.55792701404259   occ= 0
MO #1196 energy= 2.56116281530098   occ= 0
MO #1197 energy= 2.56414070810083   occ= 0
MO #1198 energy= 2.56585286251422   occ= 0
MO #1199 energy= 2.56701981113139   occ= 0
MO #1200 energy= 2.57032399133565   occ= 0
MO #1201 energy= 2.5712063978288    occ= 0
MO #1202 energy= 2.57428228105785   occ= 0
MO #1203 energy= 2.57625829819804   occ= 0
MO #1204 energy= 2.58071722872567   occ= 0
MO #1205 energy= 2.58257419840642   occ= 0
MO #1206 energy= 2.58576273502754   occ= 0
MO #1207 energy= 2.58736820615909   occ= 0
MO #1208 energy= 2.58836561276025   occ= 0
MO #1209 energy= 2.59034789391065   occ= 0
MO #1210 energy= 2.59210081286604   occ= 0
MO #1211 energy= 2.59478237743387   occ= 0
MO #1212 energy= 2.5989078390616    occ= 0
MO #1213 energy= 2.60419152856895   occ= 0
MO #1214 energy= 2.60896188796446   occ= 0
MO #1215 energy= 2.61022023824539   occ= 0
MO #1216 energy= 2.61234369486623   occ= 0
MO #1217 energy= 2.61541529516138   occ= 0
MO #1218 energy= 2.61679387663398   occ= 0
MO #1219 energy= 2.62072860310807   occ= 0
MO #1220 energy= 2.62747486928257   occ= 0
MO #1221 energy= 2.63052604808633   occ= 0
MO #1222 energy= 2.63668363449508   occ= 0
MO #1223 energy= 2.64889501492794   occ= 0
MO #1224 energy= 2.64984832813038   occ= 0
MO #1225 energy= 2.65218191847039   occ= 0
MO #1226 energy= 2.65756722253255   occ= 0
MO #1227 energy= 2.65936061735869   occ= 0
MO #1228 energy= 2.66406811549151   occ= 0
MO #1229 energy= 2.66545185327693   occ= 0
MO #1230 energy= 2.66681830606551   occ= 0
MO #1231 energy= 2.67067496101416   occ= 0
MO #1232 energy= 2.67280687116945   occ= 0
MO #1233 energy= 2.67653054245971   occ= 0
MO #1234 energy= 2.67854459238287   occ= 0
MO #1235 energy= 2.68278910863121   occ= 0
MO #1236 energy= 2.68494243325695   occ= 0
MO #1237 energy= 2.68887781713208   occ= 0
MO #1238 energy= 2.69066799647319   occ= 0
MO #1239 energy= 2.69400671501827   occ= 0
MO #1240 energy= 2.69804652790388   occ= 0
MO #1241 energy= 2.70766310362098   occ= 0
MO #1242 energy= 2.71618429943623   occ= 0
MO #1243 energy= 2.72088783226602   occ= 0
MO #1244 energy= 2.72540733302256   occ= 0
MO #1245 energy= 2.72998405667021   occ= 0
MO #1246 energy= 2.73138046681693   occ= 0
MO #1247 energy= 2.73587154418374   occ= 0
MO #1248 energy= 2.73980326354584   occ= 0
MO #1249 energy= 2.74284292422187   occ= 0
MO #1250 energy= 2.74477169651119   occ= 0
MO #1251 energy= 2.74899297050083   occ= 0
MO #1252 energy= 2.75061695805433   occ= 0
MO #1253 energy= 2.7536824092502    occ= 0
MO #1254 energy= 2.75420213641318   occ= 0
MO #1255 energy= 2.76753848083901   occ= 0
MO #1256 energy= 2.77123173287099   occ= 0
MO #1257 energy= 2.77482813840055   occ= 0
MO #1258 energy= 2.77572166750873   occ= 0
MO #1259 energy= 2.77878209851834   occ= 0
MO #1260 energy= 2.78198208576921   occ= 0
MO #1261 energy= 2.78380081352269   occ= 0
MO #1262 energy= 2.79109401220634   occ= 0
MO #1263 energy= 2.7938810994936    occ= 0
MO #1264 energy= 2.79507694357494   occ= 0
MO #1265 energy= 2.79842115879598   occ= 0
MO #1266 energy= 2.80274481467729   occ= 0
MO #1267 energy= 2.81446324228232   occ= 0
MO #1268 energy= 2.82996917509125   occ= 0
MO #1269 energy= 2.83282984422551   occ= 0
MO #1270 energy= 2.84125588584089   occ= 0
MO #1271 energy= 2.84941161346258   occ= 0
MO #1272 energy= 2.86387825755665   occ= 0
MO #1273 energy= 2.87303164087178   occ= 0
MO #1274 energy= 2.87465808711269   occ= 0
MO #1275 energy= 2.87644568846662   occ= 0
MO #1276 energy= 2.88079941525345   occ= 0
MO #1277 energy= 2.88634293906425   occ= 0
MO #1278 energy= 2.88753151272513   occ= 0
MO #1279 energy= 2.89551003710641   occ= 0
MO #1280 energy= 2.89917894331844   occ= 0
MO #1281 energy= 2.9028766583305    occ= 0
MO #1282 energy= 2.9052288708511    occ= 0
MO #1283 energy= 2.91893882649587   occ= 0
MO #1284 energy= 2.9235317480348    occ= 0
MO #1285 energy= 2.92482251923472   occ= 0
MO #1286 energy= 2.92620193672581   occ= 0
MO #1287 energy= 2.92999708142155   occ= 0
MO #1288 energy= 2.93171844390314   occ= 0
MO #1289 energy= 2.93327431590621   occ= 0
MO #1290 energy= 2.9351411821382    occ= 0
MO #1291 energy= 2.93669983794182   occ= 0
MO #1292 energy= 2.94267866280615   occ= 0
MO #1293 energy= 2.94915792247785   occ= 0
MO #1294 energy= 2.95148912101099   occ= 0
MO #1295 energy= 2.95397527481758   occ= 0
MO #1296 energy= 2.95791854511784   occ= 0
MO #1297 energy= 2.95925846980135   occ= 0
MO #1298 energy= 2.96118096929499   occ= 0
MO #1299 energy= 2.96413600814489   occ= 0
MO #1300 energy= 2.9662093115369    occ= 0
MO #1301 energy= 2.96757091818495   occ= 0
MO #1302 energy= 2.96801482703863   occ= 0
MO #1303 energy= 2.97347175450643   occ= 0
MO #1304 energy= 2.97412929092644   occ= 0
MO #1305 energy= 2.9764641641178    occ= 0
MO #1306 energy= 2.98108702238091   occ= 0
MO #1307 energy= 2.98522759129263   occ= 0
MO #1308 energy= 2.9887885283943    occ= 0
MO #1309 energy= 2.9928590410891    occ= 0
MO #1310 energy= 2.99376155547108   occ= 0
MO #1311 energy= 2.99508659715774   occ= 0
MO #1312 energy= 2.99614965158426   occ= 0
MO #1313 energy= 3.001737101643     occ= 0
MO #1314 energy= 3.00227237984258   occ= 0
MO #1315 energy= 3.00467261224871   occ= 0
MO #1316 energy= 3.00646875839929   occ= 0
MO #1317 energy= 3.00697350840107   occ= 0
MO #1318 energy= 3.01662118060603   occ= 0
MO #1319 energy= 3.01969626800204   occ= 0
MO #1320 energy= 3.02321901560936   occ= 0
MO #1321 energy= 3.02499314880344   occ= 0
MO #1322 energy= 3.0270826751377    occ= 0
MO #1323 energy= 3.02953402843592   occ= 0
MO #1324 energy= 3.03764707376154   occ= 0
MO #1325 energy= 3.0419879401202    occ= 0
MO #1326 energy= 3.04241614036435   occ= 0
MO #1327 energy= 3.04905612758259   occ= 0
MO #1328 energy= 3.05232005140252   occ= 0
MO #1329 energy= 3.05495112611662   occ= 0
MO #1330 energy= 3.05581339591867   occ= 0
MO #1331 energy= 3.05718532794528   occ= 0
MO #1332 energy= 3.05913012844059   occ= 0
MO #1333 energy= 3.06232666866463   occ= 0
MO #1334 energy= 3.0661871700231    occ= 0
MO #1335 energy= 3.07153715428973   occ= 0
MO #1336 energy= 3.07523637807803   occ= 0
MO #1337 energy= 3.07734366352805   occ= 0
MO #1338 energy= 3.08449216101208   occ= 0
MO #1339 energy= 3.09449918303654   occ= 0
MO #1340 energy= 3.09664493858157   occ= 0
MO #1341 energy= 3.09873633049675   occ= 0
MO #1342 energy= 3.10365559996693   occ= 0
MO #1343 energy= 3.10540188215887   occ= 0
MO #1344 energy= 3.10870991069376   occ= 0
MO #1345 energy= 3.10933365768651   occ= 0
MO #1346 energy= 3.11447051579285   occ= 0
MO #1347 energy= 3.1212582304733    occ= 0
MO #1348 energy= 3.14389929158099   occ= 0
MO #1349 energy= 3.14740284218447   occ= 0
MO #1350 energy= 3.19445292310111   occ= 0
MO #1351 energy= 3.22139389843666   occ= 0
MO #1352 energy= 3.23635317556786   occ= 0
MO #1353 energy= 3.24861503398518   occ= 0
MO #1354 energy= 3.29074682503449   occ= 0
MO #1355 energy= 3.29820640612162   occ= 0
MO #1356 energy= 3.30064042260358   occ= 0
MO #1357 energy= 3.3045382273814    occ= 0
MO #1358 energy= 3.33347715516125   occ= 0
MO #1359 energy= 3.36512355298083   occ= 0
MO #1360 energy= 3.38093821563974   occ= 0
MO #1361 energy= 3.39633683372449   occ= 0
MO #1362 energy= 3.50414242767376   occ= 0
MO #1363 energy= 3.53372247617346   occ= 0
MO #1364 energy= 3.54350390085795   occ= 0
MO #1365 energy= 3.58308304508968   occ= 0
MO #1366 energy= 3.59054596828128   occ= 0
MO #1367 energy= 3.59598914544419   occ= 0
MO #1368 energy= 3.61762221289219   occ= 0
MO #1369 energy= 3.66800082625058   occ= 0
MO #1370 energy= 3.68698725335162   occ= 0
MO #1371 energy= 3.71113146202282   occ= 0
 ** Mulliken atomic charges  **
charge of  0O =     -0.76907
charge of  1P =      1.76364
charge of  2O =     -0.64481
charge of  3O =     -0.55235
charge of  4C =      0.16699
charge of  5C =     -0.00301
charge of  6C =      0.00842
charge of  7C =     -0.10787
charge of  8C =      0.01789
charge of  9C =     -0.03102
charge of  10C =      0.02395
charge of  11C =     -0.28937
charge of  12C =     -0.13811
charge of  13C =      0.02908
charge of  14C =     -0.28761
charge of  15C =     -0.13506
charge of  16C =      0.03122
charge of  17C =     -0.29742
charge of  18C =     -0.11755
charge of  19C =      0.01297
charge of  20C =     -0.02931
charge of  21C =      0.02511
charge of  22C =     -0.28995
charge of  23C =     -0.13643
charge of  24C =      0.02906
charge of  25C =     -0.28780
charge of  26C =     -0.13611
charge of  27C =      0.02810
charge of  28C =     -0.28920
charge of  29C =     -0.11438
charge of  30C =     -0.11142
charge of  31C =      0.00492
charge of  32C =     -0.00066
charge of  33C =     -0.17089
charge of  34C =     -0.15822
charge of  35C =     -0.15895
charge of  36C =     -0.16832
charge of  37C =     -0.02840
charge of  38C =     -0.02440
charge of  39C =      0.16232
charge of  40O =     -0.54118
charge of  41C =     -0.02455
charge of  42C =     -0.00125
charge of  43C =     -0.10887
charge of  44C =      0.02228
charge of  45C =     -0.03443
charge of  46C =      0.03044
charge of  47C =     -0.29237
charge of  48C =     -0.13318
charge of  49C =      0.03123
charge of  50C =     -0.28789
charge of  51C =     -0.13672
charge of  52C =      0.02433
charge of  53C =     -0.29019
charge of  54C =     -0.11498
charge of  55C =      0.01598
charge of  56C =     -0.03347
charge of  57C =      0.02635
charge of  58C =     -0.29235
charge of  59C =     -0.13394
charge of  60C =      0.03188
charge of  61C =     -0.28809
charge of  62C =     -0.13495
charge of  63C =      0.02507
charge of  64C =     -0.28971
charge of  65C =     -0.13646
charge of  66C =     -0.11767
charge of  67C =      0.00865
charge of  68C =      0.00609
charge of  69C =     -0.17469
charge of  70C =     -0.16142
charge of  71C =     -0.16538
charge of  72C =     -0.17184
charge of  73H =      0.34701
charge of  74H =      0.10247
charge of  75H =      0.09349
charge of  76H =      0.10308
charge of  77H =      0.10442
charge of  78H =      0.08682
charge of  79H =      0.09796
charge of  80H =      0.10383
charge of  81H =      0.09779
charge of  82H =      0.08815
charge of  83H =      0.10160
charge of  84H =      0.12855
charge of  85H =      0.09175
charge of  86H =      0.10164
charge of  87H =      0.10492
charge of  88H =      0.09375
charge of  89H =      0.10565
charge of  90H =      0.08789
charge of  91H =      0.10301
charge of  92H =      0.09632
charge of  93H =      0.10095
charge of  94H =      0.08751
charge of  95H =      0.09320
charge of  96H =      0.10638
charge of  97H =      0.10809
charge of  98H =      0.10360
charge of  99H =      0.10271
charge of  100H =      0.09927
charge of  101H =      0.09687
charge of  102H =      0.07986
charge of  103H =      0.08776
charge of  104H =      0.08350
charge of  105H =      0.08773
charge of  106H =      0.09471
charge of  107H =      0.09486
charge of  108H =      0.11164
charge of  109H =      0.10368
charge of  110H =      0.09840
charge of  111H =      0.11289
charge of  112H =      0.09059
charge of  113H =      0.09795
charge of  114H =      0.09976
charge of  115H =      0.10470
charge of  116H =      0.08811
charge of  117H =      0.09547
charge of  118H =      0.10437
charge of  119H =      0.10337
charge of  120H =      0.10448
charge of  121H =      0.09717
charge of  122H =      0.10578
charge of  123H =      0.10735
charge of  124H =      0.08986
charge of  125H =      0.09979
charge of  126H =      0.10521
charge of  127H =      0.09922
charge of  128H =      0.08915
charge of  129H =      0.09601
charge of  130H =      0.10620
charge of  131H =      0.10227
charge of  132H =      0.09642
charge of  133H =      0.10323
charge of  134H =      0.08918
charge of  135H =      0.10129
charge of  136H =      0.09002
charge of  137H =      0.09068
charge of  138H =      0.08826
charge of  139H =      0.08971
charge of  140H =      0.09334
charge of  141H =      0.09460
Dipole moment(X, Y, Z, Debye):  5.48712,  2.30137,  0.58181
def2-svp b3lyp 491.0604057312012
