/public3/home/scg5914/software-scg5914/LSW/1/data/data2/std_data/def2svp_b3lyp/cat_24.xyz
converged SCF energy = -2184.27890135345
**** MO energy ****
MO #1   energy= -77.2087348150764  occ= 2
MO #2   energy= -19.1740537335632  occ= 2
MO #3   energy= -19.1721163248973  occ= 2
MO #4   energy= -19.1663163933784  occ= 2
MO #5   energy= -19.1298951881658  occ= 2
MO #6   energy= -19.1246840036893  occ= 2
MO #7   energy= -19.07789049947    occ= 2
MO #8   energy= -10.2518415478387  occ= 2
MO #9   energy= -10.2455585859572  occ= 2
MO #10  energy= -10.2294905993205  occ= 2
MO #11  energy= -10.2265641992098  occ= 2
MO #12  energy= -10.2252732706529  occ= 2
MO #13  energy= -10.218483212869   occ= 2
MO #14  energy= -10.2005105311563  occ= 2
MO #15  energy= -10.1986825244371  occ= 2
MO #16  energy= -10.1959282673406  occ= 2
MO #17  energy= -10.1953048503179  occ= 2
MO #18  energy= -10.1935698768599  occ= 2
MO #19  energy= -10.1921792817429  occ= 2
MO #20  energy= -10.1908031632702  occ= 2
MO #21  energy= -10.1907563114486  occ= 2
MO #22  energy= -10.1901729349104  occ= 2
MO #23  energy= -10.1898999301156  occ= 2
MO #24  energy= -10.1882130797207  occ= 2
MO #25  energy= -10.1877432753715  occ= 2
MO #26  energy= -10.1864955692265  occ= 2
MO #27  energy= -10.1857157471296  occ= 2
MO #28  energy= -10.1851951231803  occ= 2
MO #29  energy= -10.1845157504397  occ= 2
MO #30  energy= -10.1844307326572  occ= 2
MO #31  energy= -10.1843999434926  occ= 2
MO #32  energy= -10.1838457412754  occ= 2
MO #33  energy= -10.1820409790333  occ= 2
MO #34  energy= -10.1819838067974  occ= 2
MO #35  energy= -10.1808604428418  occ= 2
MO #36  energy= -10.1806630233988  occ= 2
MO #37  energy= -10.1806420195396  occ= 2
MO #38  energy= -10.17965781117    occ= 2
MO #39  energy= -10.1791415956324  occ= 2
MO #40  energy= -10.1734995204469  occ= 2
MO #41  energy= -10.1730780919933  occ= 2
MO #42  energy= -10.1708095772022  occ= 2
MO #43  energy= -10.1668217627199  occ= 2
MO #44  energy= -6.68448882369823  occ= 2
MO #45  energy= -4.85202379752689  occ= 2
MO #46  energy= -4.85188602563167  occ= 2
MO #47  energy= -4.84947163478729  occ= 2
MO #48  energy= -1.11043948589448  occ= 2
MO #49  energy= -1.04711914574637  occ= 2
MO #50  energy= -1.03617219851227  occ= 2
MO #51  energy= -1.02558163128864  occ= 2
MO #52  energy= -1.01866052193091  occ= 2
MO #53  energy= -0.952065084301838 occ= 2
MO #54  energy= -0.883315300188952 occ= 2
MO #55  energy= -0.86914482504526  occ= 2
MO #56  energy= -0.857023025634151 occ= 2
MO #57  energy= -0.84747283280293  occ= 2
MO #58  energy= -0.820622524112208 occ= 2
MO #59  energy= -0.814187412111302 occ= 2
MO #60  energy= -0.800119553099525 occ= 2
MO #61  energy= -0.768878130369365 occ= 2
MO #62  energy= -0.764566324500218 occ= 2
MO #63  energy= -0.755439310295961 occ= 2
MO #64  energy= -0.754578736433886 occ= 2
MO #65  energy= -0.749214624110406 occ= 2
MO #66  energy= -0.734875644039225 occ= 2
MO #67  energy= -0.723125753714502 occ= 2
MO #68  energy= -0.715934172819793 occ= 2
MO #69  energy= -0.704037705119276 occ= 2
MO #70  energy= -0.697959664542827 occ= 2
MO #71  energy= -0.692474570281149 occ= 2
MO #72  energy= -0.666491770252208 occ= 2
MO #73  energy= -0.64471284850244  occ= 2
MO #74  energy= -0.638598262443594 occ= 2
MO #75  energy= -0.636158984933061 occ= 2
MO #76  energy= -0.631736667978123 occ= 2
MO #77  energy= -0.624372377301358 occ= 2
MO #78  energy= -0.621026193435378 occ= 2
MO #79  energy= -0.603930370048149 occ= 2
MO #80  energy= -0.593735482802485 occ= 2
MO #81  energy= -0.588475290203918 occ= 2
MO #82  energy= -0.58274803928079  occ= 2
MO #83  energy= -0.572941079544612 occ= 2
MO #84  energy= -0.570793840732067 occ= 2
MO #85  energy= -0.566072489578901 occ= 2
MO #86  energy= -0.555236654799407 occ= 2
MO #87  energy= -0.54417845016377  occ= 2
MO #88  energy= -0.526659490787939 occ= 2
MO #89  energy= -0.524071789100881 occ= 2
MO #90  energy= -0.507954746431105 occ= 2
MO #91  energy= -0.502231476644756 occ= 2
MO #92  energy= -0.501921606654077 occ= 2
MO #93  energy= -0.492396314270969 occ= 2
MO #94  energy= -0.486784385231323 occ= 2
MO #95  energy= -0.483174562370087 occ= 2
MO #96  energy= -0.478193661151587 occ= 2
MO #97  energy= -0.477563465032547 occ= 2
MO #98  energy= -0.474237268949155 occ= 2
MO #99  energy= -0.471998217093637 occ= 2
MO #100 energy= -0.468642633085651 occ= 2
MO #101 energy= -0.462364299137372 occ= 2
MO #102 energy= -0.45865053639286  occ= 2
MO #103 energy= -0.452695095915151 occ= 2
MO #104 energy= -0.450677166196168 occ= 2
MO #105 energy= -0.443552851387306 occ= 2
MO #106 energy= -0.440517230792995 occ= 2
MO #107 energy= -0.438291615075203 occ= 2
MO #108 energy= -0.434750063907044 occ= 2
MO #109 energy= -0.430817625984927 occ= 2
MO #110 energy= -0.425912049561149 occ= 2
MO #111 energy= -0.425228293167386 occ= 2
MO #112 energy= -0.423778918195665 occ= 2
MO #113 energy= -0.414480826872405 occ= 2
MO #114 energy= -0.408173915206098 occ= 2
MO #115 energy= -0.406780305160615 occ= 2
MO #116 energy= -0.406703538881844 occ= 2
MO #117 energy= -0.403512501337192 occ= 2
MO #118 energy= -0.400303331196156 occ= 2
MO #119 energy= -0.397488206260912 occ= 2
MO #120 energy= -0.395936616070129 occ= 2
MO #121 energy= -0.390414591740432 occ= 2
MO #122 energy= -0.389733476159553 occ= 2
MO #123 energy= -0.388629035838035 occ= 2
MO #124 energy= -0.387531465956742 occ= 2
MO #125 energy= -0.383323908556721 occ= 2
MO #126 energy= -0.380594722606458 occ= 2
MO #127 energy= -0.377628664395821 occ= 2
MO #128 energy= -0.3657427572204   occ= 2
MO #129 energy= -0.362708127377864 occ= 2
MO #130 energy= -0.357574520842182 occ= 2
MO #131 energy= -0.355765774220659 occ= 2
MO #132 energy= -0.35326480415045  occ= 2
MO #133 energy= -0.34774072475612  occ= 2
MO #134 energy= -0.341697242814997 occ= 2
MO #135 energy= -0.340432385323752 occ= 2
MO #136 energy= -0.339477646942963 occ= 2
MO #137 energy= -0.338960235119558 occ= 2
MO #138 energy= -0.336973252526412 occ= 2
MO #139 energy= -0.333939619873913 occ= 2
MO #140 energy= -0.328068768560292 occ= 2
MO #141 energy= -0.325352773854601 occ= 2
MO #142 energy= -0.319629585689519 occ= 2
MO #143 energy= -0.318423171542564 occ= 2
MO #144 energy= -0.315029666696386 occ= 2
MO #145 energy= -0.310561523167392 occ= 2
MO #146 energy= -0.305676895390012 occ= 2
MO #147 energy= -0.292309676587576 occ= 2
MO #148 energy= -0.289270053099783 occ= 2
MO #149 energy= -0.278588829052364 occ= 2
MO #150 energy= -0.264563921141785 occ= 2
MO #151 energy= -0.258166001128125 occ= 2
MO #152 energy= -0.255462076950345 occ= 2
MO #153 energy= -0.250130816007353 occ= 2
MO #154 energy= -0.249161086092212 occ= 2
MO #155 energy= -0.238747170181838 occ= 2
MO #156 energy= -0.236400996838214 occ= 2
MO #157 energy= -0.226954617722085 occ= 2
MO #158 energy= -0.21835964101665  occ= 2
MO #159 energy= -0.0384838542348592 occ= 0
MO #160 energy= -0.0282781932434553 occ= 0
MO #161 energy= -0.0166730988320616 occ= 0
MO #162 energy= -0.00682317228948426 occ= 0
MO #163 energy= -0.00121139597495766 occ= 0
MO #164 energy= 0.00946699310483999 occ= 0
MO #165 energy= 0.0155350105691419 occ= 0
MO #166 energy= 0.0227299269058829 occ= 0
MO #167 energy= 0.0422315573509029 occ= 0
MO #168 energy= 0.0459870098583823 occ= 0
MO #169 energy= 0.0624778893031113 occ= 0
MO #170 energy= 0.0631734184939905 occ= 0
MO #171 energy= 0.0738151243776418 occ= 0
MO #172 energy= 0.0743036311699573 occ= 0
MO #173 energy= 0.0777852334879299 occ= 0
MO #174 energy= 0.0805083450623818 occ= 0
MO #175 energy= 0.0834892499124947 occ= 0
MO #176 energy= 0.0876429972453953 occ= 0
MO #177 energy= 0.0935532083270915 occ= 0
MO #178 energy= 0.102132609168192  occ= 0
MO #179 energy= 0.102497417464586  occ= 0
MO #180 energy= 0.104464235007573  occ= 0
MO #181 energy= 0.107241274741725  occ= 0
MO #182 energy= 0.109804847406043  occ= 0
MO #183 energy= 0.111773740953395  occ= 0
MO #184 energy= 0.116517781953469  occ= 0
MO #185 energy= 0.119100573518011  occ= 0
MO #186 energy= 0.122567276620992  occ= 0
MO #187 energy= 0.123318637955865  occ= 0
MO #188 energy= 0.12776159311088   occ= 0
MO #189 energy= 0.128644925522637  occ= 0
MO #190 energy= 0.131380777665635  occ= 0
MO #191 energy= 0.132808161117549  occ= 0
MO #192 energy= 0.137211479234195  occ= 0
MO #193 energy= 0.141842776612605  occ= 0
MO #194 energy= 0.142895439915787  occ= 0
MO #195 energy= 0.146480551855506  occ= 0
MO #196 energy= 0.148638594934392  occ= 0
MO #197 energy= 0.150360234798338  occ= 0
MO #198 energy= 0.15289153703981   occ= 0
MO #199 energy= 0.156693229671528  occ= 0
MO #200 energy= 0.158760244915184  occ= 0
MO #201 energy= 0.160640930377902  occ= 0
MO #202 energy= 0.161124752655479  occ= 0
MO #203 energy= 0.163110114811535  occ= 0
MO #204 energy= 0.166024347446177  occ= 0
MO #205 energy= 0.167553363471323  occ= 0
MO #206 energy= 0.174610645744755  occ= 0
MO #207 energy= 0.175985923669535  occ= 0
MO #208 energy= 0.179115145652578  occ= 0
MO #209 energy= 0.183269365168383  occ= 0
MO #210 energy= 0.186481782956809  occ= 0
MO #211 energy= 0.194378614343606  occ= 0
MO #212 energy= 0.196288189968539  occ= 0
MO #213 energy= 0.197510104375533  occ= 0
MO #214 energy= 0.201579308141068  occ= 0
MO #215 energy= 0.203095250662858  occ= 0
MO #216 energy= 0.216930380440713  occ= 0
MO #217 energy= 0.218815399243562  occ= 0
MO #218 energy= 0.221316571025334  occ= 0
MO #219 energy= 0.228044702564962  occ= 0
MO #220 energy= 0.236850026338855  occ= 0
MO #221 energy= 0.239846714060783  occ= 0
MO #222 energy= 0.241879687788204  occ= 0
MO #223 energy= 0.245098736138768  occ= 0
MO #224 energy= 0.253975077280031  occ= 0
MO #225 energy= 0.260755287639053  occ= 0
MO #226 energy= 0.267811131723085  occ= 0
MO #227 energy= 0.271787776726275  occ= 0
MO #228 energy= 0.280845277435951  occ= 0
MO #229 energy= 0.284563476151555  occ= 0
MO #230 energy= 0.285721253818583  occ= 0
MO #231 energy= 0.28978553501581   occ= 0
MO #232 energy= 0.293576256023468  occ= 0
MO #233 energy= 0.297845375413416  occ= 0
MO #234 energy= 0.304182666290086  occ= 0
MO #235 energy= 0.305926569754309  occ= 0
MO #236 energy= 0.308768715187256  occ= 0
MO #237 energy= 0.314461292486987  occ= 0
MO #238 energy= 0.317533687455391  occ= 0
MO #239 energy= 0.320714869268875  occ= 0
MO #240 energy= 0.323505181391654  occ= 0
MO #241 energy= 0.327926011512851  occ= 0
MO #242 energy= 0.338720887540643  occ= 0
MO #243 energy= 0.34084019317185   occ= 0
MO #244 energy= 0.343047993156624  occ= 0
MO #245 energy= 0.3445368881289    occ= 0
MO #246 energy= 0.353152257661428  occ= 0
MO #247 energy= 0.357943918207659  occ= 0
MO #248 energy= 0.363204225793369  occ= 0
MO #249 energy= 0.37430510722645   occ= 0
MO #250 energy= 0.377109052825926  occ= 0
MO #251 energy= 0.383456383609364  occ= 0
MO #252 energy= 0.390845757821207  occ= 0
MO #253 energy= 0.399215982860609  occ= 0
MO #254 energy= 0.400952107409465  occ= 0
MO #255 energy= 0.404453403823772  occ= 0
MO #256 energy= 0.405954907310883  occ= 0
MO #257 energy= 0.412188493897727  occ= 0
MO #258 energy= 0.414040888656675  occ= 0
MO #259 energy= 0.420473965547641  occ= 0
MO #260 energy= 0.42311254436664   occ= 0
MO #261 energy= 0.426285874395425  occ= 0
MO #262 energy= 0.431214805637198  occ= 0
MO #263 energy= 0.435795407236338  occ= 0
MO #264 energy= 0.441197448566061  occ= 0
MO #265 energy= 0.443901958405094  occ= 0
MO #266 energy= 0.446923893478254  occ= 0
MO #267 energy= 0.448355659684992  occ= 0
MO #268 energy= 0.451258418271311  occ= 0
MO #269 energy= 0.454621321934705  occ= 0
MO #270 energy= 0.456452262417675  occ= 0
MO #271 energy= 0.458806388732735  occ= 0
MO #272 energy= 0.460759313444661  occ= 0
MO #273 energy= 0.464272333961561  occ= 0
MO #274 energy= 0.466038068453952  occ= 0
MO #275 energy= 0.472159897076379  occ= 0
MO #276 energy= 0.476461368690238  occ= 0
MO #277 energy= 0.477204034086949  occ= 0
MO #278 energy= 0.48192765537296   occ= 0
MO #279 energy= 0.482414977076658  occ= 0
MO #280 energy= 0.484763819051028  occ= 0
MO #281 energy= 0.491940437305042  occ= 0
MO #282 energy= 0.492270473344977  occ= 0
MO #283 energy= 0.495684364213855  occ= 0
MO #284 energy= 0.498962395399061  occ= 0
MO #285 energy= 0.500149848153753  occ= 0
MO #286 energy= 0.504794115538122  occ= 0
MO #287 energy= 0.514276220014621  occ= 0
MO #288 energy= 0.517433199288602  occ= 0
MO #289 energy= 0.521167824770182  occ= 0
MO #290 energy= 0.522796879257888  occ= 0
MO #291 energy= 0.525816393569958  occ= 0
MO #292 energy= 0.534267977395745  occ= 0
MO #293 energy= 0.54226497262242   occ= 0
MO #294 energy= 0.54794470359365   occ= 0
MO #295 energy= 0.550294434872444  occ= 0
MO #296 energy= 0.552468986330992  occ= 0
MO #297 energy= 0.559302327437039  occ= 0
MO #298 energy= 0.56463197203186   occ= 0
MO #299 energy= 0.56730750490167   occ= 0
MO #300 energy= 0.578000659863144  occ= 0
MO #301 energy= 0.578838304346395  occ= 0
MO #302 energy= 0.581935114687811  occ= 0
MO #303 energy= 0.586271579774145  occ= 0
MO #304 energy= 0.593855428843658  occ= 0
MO #305 energy= 0.597049394575867  occ= 0
MO #306 energy= 0.598054590995067  occ= 0
MO #307 energy= 0.602132667090303  occ= 0
MO #308 energy= 0.6076831369198    occ= 0
MO #309 energy= 0.60940747477448   occ= 0
MO #310 energy= 0.614024108379858  occ= 0
MO #311 energy= 0.619813402868688  occ= 0
MO #312 energy= 0.621613288303156  occ= 0
MO #313 energy= 0.621936921910711  occ= 0
MO #314 energy= 0.623791810766655  occ= 0
MO #315 energy= 0.62741818274086   occ= 0
MO #316 energy= 0.630221847715327  occ= 0
MO #317 energy= 0.632695007394812  occ= 0
MO #318 energy= 0.636149594281005  occ= 0
MO #319 energy= 0.63665001792882   occ= 0
MO #320 energy= 0.637398830099354  occ= 0
MO #321 energy= 0.640895334534564  occ= 0
MO #322 energy= 0.643177893357886  occ= 0
MO #323 energy= 0.643976428088164  occ= 0
MO #324 energy= 0.646223582845324  occ= 0
MO #325 energy= 0.648490601660509  occ= 0
MO #326 energy= 0.649263236220311  occ= 0
MO #327 energy= 0.652830789344421  occ= 0
MO #328 energy= 0.654080591893372  occ= 0
MO #329 energy= 0.658204693176553  occ= 0
MO #330 energy= 0.65950759477699   occ= 0
MO #331 energy= 0.660684671598955  occ= 0
MO #332 energy= 0.662923551020285  occ= 0
MO #333 energy= 0.664120251364829  occ= 0
MO #334 energy= 0.665803088174803  occ= 0
MO #335 energy= 0.666948296658375  occ= 0
MO #336 energy= 0.669389908206614  occ= 0
MO #337 energy= 0.669755932138485  occ= 0
MO #338 energy= 0.673554537984808  occ= 0
MO #339 energy= 0.676049572252771  occ= 0
MO #340 energy= 0.677987075175229  occ= 0
MO #341 energy= 0.679508675901495  occ= 0
MO #342 energy= 0.681036994404653  occ= 0
MO #343 energy= 0.68268318885555   occ= 0
MO #344 energy= 0.683678654599114  occ= 0
MO #345 energy= 0.684235219943891  occ= 0
MO #346 energy= 0.685640760881899  occ= 0
MO #347 energy= 0.686654437062668  occ= 0
MO #348 energy= 0.689056472640651  occ= 0
MO #349 energy= 0.69091701469624   occ= 0
MO #350 energy= 0.695030197304776  occ= 0
MO #351 energy= 0.695396716959791  occ= 0
MO #352 energy= 0.696911352803257  occ= 0
MO #353 energy= 0.698542748198895  occ= 0
MO #354 energy= 0.701051612795388  occ= 0
MO #355 energy= 0.70506688450945   occ= 0
MO #356 energy= 0.708011951010849  occ= 0
MO #357 energy= 0.710125473110124  occ= 0
MO #358 energy= 0.711630628350042  occ= 0
MO #359 energy= 0.713535079879089  occ= 0
MO #360 energy= 0.717294437247956  occ= 0
MO #361 energy= 0.718884629068613  occ= 0
MO #362 energy= 0.72390866342815   occ= 0
MO #363 energy= 0.728382349614228  occ= 0
MO #364 energy= 0.733119424207769  occ= 0
MO #365 energy= 0.735898939600966  occ= 0
MO #366 energy= 0.741091579617957  occ= 0
MO #367 energy= 0.745794044062263  occ= 0
MO #368 energy= 0.747189295580181  occ= 0
MO #369 energy= 0.749218326241018  occ= 0
MO #370 energy= 0.751249477289754  occ= 0
MO #371 energy= 0.757535773376375  occ= 0
MO #372 energy= 0.760323747053629  occ= 0
MO #373 energy= 0.762631944762866  occ= 0
MO #374 energy= 0.768412925796172  occ= 0
MO #375 energy= 0.772266754216058  occ= 0
MO #376 energy= 0.777487250185803  occ= 0
MO #377 energy= 0.780577163512991  occ= 0
MO #378 energy= 0.785767743961563  occ= 0
MO #379 energy= 0.789143521235326  occ= 0
MO #380 energy= 0.792152779829682  occ= 0
MO #381 energy= 0.79407380298019   occ= 0
MO #382 energy= 0.797861276100184  occ= 0
MO #383 energy= 0.807913858767021  occ= 0
MO #384 energy= 0.813644518624997  occ= 0
MO #385 energy= 0.818150592097711  occ= 0
MO #386 energy= 0.826793214290613  occ= 0
MO #387 energy= 0.82900105835482   occ= 0
MO #388 energy= 0.837806621654135  occ= 0
MO #389 energy= 0.845890180148792  occ= 0
MO #390 energy= 0.849382049934623  occ= 0
MO #391 energy= 0.855780939585083  occ= 0
MO #392 energy= 0.856827983565481  occ= 0
MO #393 energy= 0.86292390221899   occ= 0
MO #394 energy= 0.872807933477444  occ= 0
MO #395 energy= 0.877529730998517  occ= 0
MO #396 energy= 0.884397765432417  occ= 0
MO #397 energy= 0.888289250209242  occ= 0
MO #398 energy= 0.89000985418298   occ= 0
MO #399 energy= 0.899380957071037  occ= 0
MO #400 energy= 0.90650581449002   occ= 0
MO #401 energy= 0.913121185772385  occ= 0
MO #402 energy= 0.919290604508847  occ= 0
MO #403 energy= 0.921148599697206  occ= 0
MO #404 energy= 0.931775648417261  occ= 0
MO #405 energy= 0.935429958174748  occ= 0
MO #406 energy= 0.943927132655057  occ= 0
MO #407 energy= 0.944571719069781  occ= 0
MO #408 energy= 0.954120276096778  occ= 0
MO #409 energy= 0.960136237829834  occ= 0
MO #410 energy= 0.965325241166361  occ= 0
MO #411 energy= 0.975823853613023  occ= 0
MO #412 energy= 0.978224739937578  occ= 0
MO #413 energy= 0.987515591692845  occ= 0
MO #414 energy= 0.994546809574754  occ= 0
MO #415 energy= 1.00660686817731   occ= 0
MO #416 energy= 1.01328843677167   occ= 0
MO #417 energy= 1.02391046045101   occ= 0
MO #418 energy= 1.03103892442115   occ= 0
MO #419 energy= 1.03758777681188   occ= 0
MO #420 energy= 1.04182074246698   occ= 0
MO #421 energy= 1.04830480433683   occ= 0
MO #422 energy= 1.05496093051115   occ= 0
MO #423 energy= 1.05986716984465   occ= 0
MO #424 energy= 1.07341540802615   occ= 0
MO #425 energy= 1.08010339211283   occ= 0
MO #426 energy= 1.08935294869556   occ= 0
MO #427 energy= 1.09337786690609   occ= 0
MO #428 energy= 1.10862306194254   occ= 0
MO #429 energy= 1.11506416250549   occ= 0
MO #430 energy= 1.12033260552849   occ= 0
MO #431 energy= 1.12865955514014   occ= 0
MO #432 energy= 1.13598885493423   occ= 0
MO #433 energy= 1.14690888819852   occ= 0
MO #434 energy= 1.15314744899817   occ= 0
MO #435 energy= 1.15886157355676   occ= 0
MO #436 energy= 1.16868036059157   occ= 0
MO #437 energy= 1.17351033935401   occ= 0
MO #438 energy= 1.18063290468133   occ= 0
MO #439 energy= 1.18426524349352   occ= 0
MO #440 energy= 1.19427557130385   occ= 0
MO #441 energy= 1.20413365991409   occ= 0
MO #442 energy= 1.20860379379925   occ= 0
MO #443 energy= 1.21585260368515   occ= 0
MO #444 energy= 1.22128751028044   occ= 0
MO #445 energy= 1.22464201478669   occ= 0
MO #446 energy= 1.23231039437405   occ= 0
MO #447 energy= 1.23703046886808   occ= 0
MO #448 energy= 1.24667189156854   occ= 0
MO #449 energy= 1.24867754417558   occ= 0
MO #450 energy= 1.25146581448967   occ= 0
MO #451 energy= 1.25418833003044   occ= 0
MO #452 energy= 1.26081512292397   occ= 0
MO #453 energy= 1.26756728963889   occ= 0
MO #454 energy= 1.27704742726483   occ= 0
MO #455 energy= 1.28076798253058   occ= 0
MO #456 energy= 1.28451707945618   occ= 0
MO #457 energy= 1.28767871325655   occ= 0
MO #458 energy= 1.29253346124625   occ= 0
MO #459 energy= 1.29862762593989   occ= 0
MO #460 energy= 1.30171460527436   occ= 0
MO #461 energy= 1.30591574276419   occ= 0
MO #462 energy= 1.31073460380429   occ= 0
MO #463 energy= 1.3136239916476    occ= 0
MO #464 energy= 1.31810002164173   occ= 0
MO #465 energy= 1.32272979986841   occ= 0
MO #466 energy= 1.32734226345257   occ= 0
MO #467 energy= 1.33220855326791   occ= 0
MO #468 energy= 1.33582658389606   occ= 0
MO #469 energy= 1.34425985660929   occ= 0
MO #470 energy= 1.35243627219294   occ= 0
MO #471 energy= 1.35854940911184   occ= 0
MO #472 energy= 1.36555421447507   occ= 0
MO #473 energy= 1.3690740336386    occ= 0
MO #474 energy= 1.37716844424576   occ= 0
MO #475 energy= 1.38027129778615   occ= 0
MO #476 energy= 1.39953073702587   occ= 0
MO #477 energy= 1.40935727606767   occ= 0
MO #478 energy= 1.41029746743892   occ= 0
MO #479 energy= 1.42740182680599   occ= 0
MO #480 energy= 1.44232481459207   occ= 0
MO #481 energy= 1.44792574084001   occ= 0
MO #482 energy= 1.45613053800745   occ= 0
MO #483 energy= 1.46688650948318   occ= 0
MO #484 energy= 1.46963357974077   occ= 0
MO #485 energy= 1.48136240136265   occ= 0
MO #486 energy= 1.4872588098387    occ= 0
MO #487 energy= 1.49368189589156   occ= 0
MO #488 energy= 1.50142902430622   occ= 0
MO #489 energy= 1.51060928004721   occ= 0
MO #490 energy= 1.51793320680458   occ= 0
MO #491 energy= 1.52237611585823   occ= 0
MO #492 energy= 1.5224183903327    occ= 0
MO #493 energy= 1.53354082175883   occ= 0
MO #494 energy= 1.53586900453084   occ= 0
MO #495 energy= 1.54408469507492   occ= 0
MO #496 energy= 1.55339352993295   occ= 0
MO #497 energy= 1.55740995182098   occ= 0
MO #498 energy= 1.560957883099     occ= 0
MO #499 energy= 1.56755922884604   occ= 0
MO #500 energy= 1.57893185904725   occ= 0
MO #501 energy= 1.5847607897553    occ= 0
MO #502 energy= 1.59533862552407   occ= 0
MO #503 energy= 1.59800508014602   occ= 0
MO #504 energy= 1.61486908532697   occ= 0
MO #505 energy= 1.61838575458226   occ= 0
MO #506 energy= 1.62569815365788   occ= 0
MO #507 energy= 1.62883127672079   occ= 0
MO #508 energy= 1.63612531818448   occ= 0
MO #509 energy= 1.65225230946051   occ= 0
MO #510 energy= 1.65623387129379   occ= 0
MO #511 energy= 1.65886331926237   occ= 0
MO #512 energy= 1.66030762081598   occ= 0
MO #513 energy= 1.66909482348947   occ= 0
MO #514 energy= 1.67549614923075   occ= 0
MO #515 energy= 1.68403229964339   occ= 0
MO #516 energy= 1.68501995624546   occ= 0
MO #517 energy= 1.69230698214953   occ= 0
MO #518 energy= 1.69492462527393   occ= 0
MO #519 energy= 1.69699726743756   occ= 0
MO #520 energy= 1.70022081023662   occ= 0
MO #521 energy= 1.70707994559843   occ= 0
MO #522 energy= 1.71129674870074   occ= 0
MO #523 energy= 1.71296399352846   occ= 0
MO #524 energy= 1.71860234843828   occ= 0
MO #525 energy= 1.72715554864997   occ= 0
MO #526 energy= 1.73025692798162   occ= 0
MO #527 energy= 1.73082130131516   occ= 0
MO #528 energy= 1.73549773588755   occ= 0
MO #529 energy= 1.73793548209678   occ= 0
MO #530 energy= 1.74181400930751   occ= 0
MO #531 energy= 1.7433954785787    occ= 0
MO #532 energy= 1.74576173433917   occ= 0
MO #533 energy= 1.74957224661434   occ= 0
MO #534 energy= 1.75228895803429   occ= 0
MO #535 energy= 1.75875908374283   occ= 0
MO #536 energy= 1.75975457891009   occ= 0
MO #537 energy= 1.76102486629126   occ= 0
MO #538 energy= 1.7644044379361    occ= 0
MO #539 energy= 1.76851675378125   occ= 0
MO #540 energy= 1.77091106671662   occ= 0
MO #541 energy= 1.77387050922168   occ= 0
MO #542 energy= 1.77601024896132   occ= 0
MO #543 energy= 1.78029850850803   occ= 0
MO #544 energy= 1.78381792250246   occ= 0
MO #545 energy= 1.785325451624     occ= 0
MO #546 energy= 1.78821761378076   occ= 0
MO #547 energy= 1.7940345679267    occ= 0
MO #548 energy= 1.79523791441479   occ= 0
MO #549 energy= 1.80137497135859   occ= 0
MO #550 energy= 1.80862644093531   occ= 0
MO #551 energy= 1.81342194183957   occ= 0
MO #552 energy= 1.81520369587662   occ= 0
MO #553 energy= 1.8195432176458    occ= 0
MO #554 energy= 1.82147963967107   occ= 0
MO #555 energy= 1.82189504422975   occ= 0
MO #556 energy= 1.8283759475701    occ= 0
MO #557 energy= 1.8353762112312    occ= 0
MO #558 energy= 1.83780259598868   occ= 0
MO #559 energy= 1.84124114378421   occ= 0
MO #560 energy= 1.84496167563856   occ= 0
MO #561 energy= 1.8497462102455    occ= 0
MO #562 energy= 1.85256210094555   occ= 0
MO #563 energy= 1.85541463398312   occ= 0
MO #564 energy= 1.85939922378519   occ= 0
MO #565 energy= 1.86428631181051   occ= 0
MO #566 energy= 1.86800876178138   occ= 0
MO #567 energy= 1.87243599987111   occ= 0
MO #568 energy= 1.87463356008418   occ= 0
MO #569 energy= 1.87715255866613   occ= 0
MO #570 energy= 1.87857750384553   occ= 0
MO #571 energy= 1.88477296897619   occ= 0
MO #572 energy= 1.89046921106062   occ= 0
MO #573 energy= 1.89325281640018   occ= 0
MO #574 energy= 1.89552705714703   occ= 0
MO #575 energy= 1.90359981254968   occ= 0
MO #576 energy= 1.90615354074652   occ= 0
MO #577 energy= 1.90909680762263   occ= 0
MO #578 energy= 1.91342945752751   occ= 0
MO #579 energy= 1.91607846363974   occ= 0
MO #580 energy= 1.91731117183179   occ= 0
MO #581 energy= 1.92024456873288   occ= 0
MO #582 energy= 1.92515722208654   occ= 0
MO #583 energy= 1.92562191573956   occ= 0
MO #584 energy= 1.93106110025418   occ= 0
MO #585 energy= 1.93328769775515   occ= 0
MO #586 energy= 1.93488094115898   occ= 0
MO #587 energy= 1.93934257977862   occ= 0
MO #588 energy= 1.94618140025147   occ= 0
MO #589 energy= 1.95132872989717   occ= 0
MO #590 energy= 1.9550519273085    occ= 0
MO #591 energy= 1.95868086015434   occ= 0
MO #592 energy= 1.97117683719242   occ= 0
MO #593 energy= 1.97322396570809   occ= 0
MO #594 energy= 1.9819154961131    occ= 0
MO #595 energy= 1.98293953395841   occ= 0
MO #596 energy= 1.98604011357594   occ= 0
MO #597 energy= 1.98788830109785   occ= 0
MO #598 energy= 2.00047632076647   occ= 0
MO #599 energy= 2.00200106294056   occ= 0
MO #600 energy= 2.01164178421271   occ= 0
MO #601 energy= 2.01800508291455   occ= 0
MO #602 energy= 2.02507303916558   occ= 0
MO #603 energy= 2.03273507183189   occ= 0
MO #604 energy= 2.04100851286146   occ= 0
MO #605 energy= 2.05000161351774   occ= 0
MO #606 energy= 2.0529487296667    occ= 0
MO #607 energy= 2.06599323428941   occ= 0
MO #608 energy= 2.0684187372252    occ= 0
MO #609 energy= 2.07630394887171   occ= 0
MO #610 energy= 2.07778601330274   occ= 0
MO #611 energy= 2.08130760918705   occ= 0
MO #612 energy= 2.09804250847654   occ= 0
MO #613 energy= 2.1056540179091    occ= 0
MO #614 energy= 2.10769684503122   occ= 0
MO #615 energy= 2.11370140838566   occ= 0
MO #616 energy= 2.11620247034538   occ= 0
MO #617 energy= 2.12675061165771   occ= 0
MO #618 energy= 2.13152117050989   occ= 0
MO #619 energy= 2.13342854955234   occ= 0
MO #620 energy= 2.13528724752619   occ= 0
MO #621 energy= 2.14182765831032   occ= 0
MO #622 energy= 2.15235711588183   occ= 0
MO #623 energy= 2.15499235667526   occ= 0
MO #624 energy= 2.16024725423376   occ= 0
MO #625 energy= 2.16470640876435   occ= 0
MO #626 energy= 2.17415439558573   occ= 0
MO #627 energy= 2.17937235547797   occ= 0
MO #628 energy= 2.19148074562683   occ= 0
MO #629 energy= 2.19390773980775   occ= 0
MO #630 energy= 2.20030374854322   occ= 0
MO #631 energy= 2.20196688916706   occ= 0
MO #632 energy= 2.21081412890246   occ= 0
MO #633 energy= 2.21238851031309   occ= 0
MO #634 energy= 2.21736832417382   occ= 0
MO #635 energy= 2.21905874769289   occ= 0
MO #636 energy= 2.22144384658828   occ= 0
MO #637 energy= 2.22279915193522   occ= 0
MO #638 energy= 2.23392945867225   occ= 0
MO #639 energy= 2.24379383224488   occ= 0
MO #640 energy= 2.25314521502207   occ= 0
MO #641 energy= 2.2590049166439    occ= 0
MO #642 energy= 2.26879294077128   occ= 0
MO #643 energy= 2.27627362554865   occ= 0
MO #644 energy= 2.283383822022     occ= 0
MO #645 energy= 2.29091050546456   occ= 0
MO #646 energy= 2.29697079282795   occ= 0
MO #647 energy= 2.30108670099578   occ= 0
MO #648 energy= 2.31101021960439   occ= 0
MO #649 energy= 2.31493296919344   occ= 0
MO #650 energy= 2.32016712011401   occ= 0
MO #651 energy= 2.32366677085297   occ= 0
MO #652 energy= 2.32725613657662   occ= 0
MO #653 energy= 2.32938698716869   occ= 0
MO #654 energy= 2.33452236118305   occ= 0
MO #655 energy= 2.33790109697877   occ= 0
MO #656 energy= 2.33996979907899   occ= 0
MO #657 energy= 2.34470952704311   occ= 0
MO #658 energy= 2.34502078062609   occ= 0
MO #659 energy= 2.35026851404987   occ= 0
MO #660 energy= 2.36128731804246   occ= 0
MO #661 energy= 2.37350367181497   occ= 0
MO #662 energy= 2.37929167261971   occ= 0
MO #663 energy= 2.38637509278682   occ= 0
MO #664 energy= 2.39393840579477   occ= 0
MO #665 energy= 2.39645934813135   occ= 0
MO #666 energy= 2.40587506195902   occ= 0
MO #667 energy= 2.40737796414344   occ= 0
MO #668 energy= 2.4104047239397    occ= 0
MO #669 energy= 2.4181468842674    occ= 0
MO #670 energy= 2.42965243415104   occ= 0
MO #671 energy= 2.44036362062063   occ= 0
MO #672 energy= 2.44371622712453   occ= 0
MO #673 energy= 2.45463746283398   occ= 0
MO #674 energy= 2.46138589332882   occ= 0
MO #675 energy= 2.47015775277633   occ= 0
MO #676 energy= 2.4826256260324    occ= 0
MO #677 energy= 2.48980950324652   occ= 0
MO #678 energy= 2.49874467540036   occ= 0
MO #679 energy= 2.51705588003799   occ= 0
MO #680 energy= 2.51925647812418   occ= 0
MO #681 energy= 2.53222629786241   occ= 0
MO #682 energy= 2.55023621833216   occ= 0
MO #683 energy= 2.55528904163569   occ= 0
MO #684 energy= 2.56140803175568   occ= 0
MO #685 energy= 2.56522407111562   occ= 0
MO #686 energy= 2.57412712418153   occ= 0
MO #687 energy= 2.57643587838232   occ= 0
MO #688 energy= 2.5865588383942    occ= 0
MO #689 energy= 2.59494095965979   occ= 0
MO #690 energy= 2.60103224011164   occ= 0
MO #691 energy= 2.61129622162077   occ= 0
MO #692 energy= 2.61708186420792   occ= 0
MO #693 energy= 2.61932811324433   occ= 0
MO #694 energy= 2.62596722062764   occ= 0
MO #695 energy= 2.6278275360411    occ= 0
MO #696 energy= 2.6373294363427    occ= 0
MO #697 energy= 2.64642945502089   occ= 0
MO #698 energy= 2.64858959790107   occ= 0
MO #699 energy= 2.66009794303343   occ= 0
MO #700 energy= 2.66666353852541   occ= 0
MO #701 energy= 2.66749963470977   occ= 0
MO #702 energy= 2.6733704438817    occ= 0
MO #703 energy= 2.67820109689462   occ= 0
MO #704 energy= 2.67954813523545   occ= 0
MO #705 energy= 2.68465896000889   occ= 0
MO #706 energy= 2.68723143157698   occ= 0
MO #707 energy= 2.69014393166377   occ= 0
MO #708 energy= 2.69249020171994   occ= 0
MO #709 energy= 2.698374017339     occ= 0
MO #710 energy= 2.70562041777554   occ= 0
MO #711 energy= 2.72084155088481   occ= 0
MO #712 energy= 2.72939748140401   occ= 0
MO #713 energy= 2.73863385194419   occ= 0
MO #714 energy= 2.7455473846842    occ= 0
MO #715 energy= 2.75256232932272   occ= 0
MO #716 energy= 2.758244876509     occ= 0
MO #717 energy= 2.76361993961846   occ= 0
MO #718 energy= 2.76520891342958   occ= 0
MO #719 energy= 2.77362975367541   occ= 0
MO #720 energy= 2.78312716161794   occ= 0
MO #721 energy= 2.79757351555841   occ= 0
MO #722 energy= 2.80837486695852   occ= 0
MO #723 energy= 2.81243463700955   occ= 0
MO #724 energy= 2.81344788172847   occ= 0
MO #725 energy= 2.82138162545201   occ= 0
MO #726 energy= 2.82357944184516   occ= 0
MO #727 energy= 2.83020165991085   occ= 0
MO #728 energy= 2.83214743092928   occ= 0
MO #729 energy= 2.8354240264044    occ= 0
MO #730 energy= 2.85010050972985   occ= 0
MO #731 energy= 2.85583981508369   occ= 0
MO #732 energy= 2.87461837131367   occ= 0
MO #733 energy= 2.87489091500979   occ= 0
MO #734 energy= 2.88201798096585   occ= 0
MO #735 energy= 2.88929329616443   occ= 0
MO #736 energy= 2.8959489008105    occ= 0
MO #737 energy= 2.9024508368513    occ= 0
MO #738 energy= 2.90407288994904   occ= 0
MO #739 energy= 2.91763723508693   occ= 0
MO #740 energy= 2.92526251903089   occ= 0
MO #741 energy= 2.92810735478299   occ= 0
MO #742 energy= 2.93653454163125   occ= 0
MO #743 energy= 2.9400343796218    occ= 0
MO #744 energy= 2.94723224760614   occ= 0
MO #745 energy= 2.95328963048388   occ= 0
MO #746 energy= 2.96226262447297   occ= 0
MO #747 energy= 2.96738590241294   occ= 0
MO #748 energy= 2.97650630060937   occ= 0
MO #749 energy= 2.97800913064353   occ= 0
MO #750 energy= 2.9836546466003    occ= 0
MO #751 energy= 2.99608814622445   occ= 0
MO #752 energy= 3.00143744995297   occ= 0
MO #753 energy= 3.00641235393483   occ= 0
MO #754 energy= 3.01926974346929   occ= 0
MO #755 energy= 3.02316901665221   occ= 0
MO #756 energy= 3.02944243579978   occ= 0
MO #757 energy= 3.03651161247934   occ= 0
MO #758 energy= 3.04343057070848   occ= 0
MO #759 energy= 3.05185532039166   occ= 0
MO #760 energy= 3.05363198812164   occ= 0
MO #761 energy= 3.06609018752762   occ= 0
MO #762 energy= 3.07167634207611   occ= 0
MO #763 energy= 3.08540545349446   occ= 0
MO #764 energy= 3.08777448535001   occ= 0
MO #765 energy= 3.09575813287672   occ= 0
MO #766 energy= 3.11082448230676   occ= 0
MO #767 energy= 3.12577544750452   occ= 0
MO #768 energy= 3.12782675165631   occ= 0
MO #769 energy= 3.13281746448936   occ= 0
MO #770 energy= 3.14145225533045   occ= 0
MO #771 energy= 3.14236820699574   occ= 0
MO #772 energy= 3.15227398177449   occ= 0
MO #773 energy= 3.17620156623577   occ= 0
MO #774 energy= 3.18881390576322   occ= 0
MO #775 energy= 3.22679683049265   occ= 0
MO #776 energy= 3.23042971269197   occ= 0
MO #777 energy= 3.25040369838875   occ= 0
MO #778 energy= 3.32548131598266   occ= 0
MO #779 energy= 3.3376590999707    occ= 0
MO #780 energy= 3.35548303502696   occ= 0
MO #781 energy= 3.37246376120433   occ= 0
MO #782 energy= 3.37721344847184   occ= 0
MO #783 energy= 3.40602278926685   occ= 0
MO #784 energy= 3.46835304218843   occ= 0
MO #785 energy= 3.51705310651097   occ= 0
MO #786 energy= 3.53738282037335   occ= 0
MO #787 energy= 3.5827991546761    occ= 0
MO #788 energy= 3.60323068232767   occ= 0
MO #789 energy= 3.67648624958583   occ= 0
MO #790 energy= 3.69238394206387   occ= 0
MO #791 energy= 3.70144709126041   occ= 0
 ** Mulliken atomic charges  **
charge of  0O =     -0.76284
charge of  1P =      1.75453
charge of  2O =     -0.64363
charge of  3O =     -0.55503
charge of  4C =      0.17077
charge of  5C =     -0.00175
charge of  6C =      0.01097
charge of  7C =     -0.10757
charge of  8C =      0.01611
charge of  9C =      0.04123
charge of  10O =     -0.39304
charge of  11C =     -0.06439
charge of  12C =     -0.11541
charge of  13C =     -0.09585
charge of  14C =     -0.10378
charge of  15C =     -0.11163
charge of  16C =      0.00297
charge of  17C =     -0.00258
charge of  18C =     -0.17083
charge of  19C =     -0.15846
charge of  20C =     -0.15871
charge of  21C =     -0.16841
charge of  22C =     -0.02833
charge of  23C =     -0.02557
charge of  24C =      0.16555
charge of  25O =     -0.54325
charge of  26C =     -0.02312
charge of  27C =      0.00274
charge of  28C =     -0.11905
charge of  29C =     -0.09787
charge of  30C =     -0.10633
charge of  31C =      0.00586
charge of  32C =      0.03331
charge of  33O =     -0.39854
charge of  34C =     -0.06924
charge of  35C =     -0.10617
charge of  36C =     -0.11870
charge of  37C =      0.00749
charge of  38C =      0.00339
charge of  39C =     -0.17934
charge of  40C =     -0.16469
charge of  41C =     -0.16101
charge of  42C =     -0.17045
charge of  43H =      0.34528
charge of  44H =      0.11620
charge of  45H =      0.07812
charge of  46H =      0.08237
charge of  47H =      0.07853
charge of  48H =      0.10788
charge of  49H =      0.07796
charge of  50H =      0.09377
charge of  51H =      0.10083
charge of  52H =      0.10148
charge of  53H =      0.10165
charge of  54H =      0.09890
charge of  55H =      0.09519
charge of  56H =      0.08696
charge of  57H =      0.07913
charge of  58H =      0.08315
charge of  59H =      0.08718
charge of  60H =      0.09434
charge of  61H =      0.09426
charge of  62H =      0.09661
charge of  63H =      0.10173
charge of  64H =      0.10677
charge of  65H =      0.11424
charge of  66H =      0.07590
charge of  67H =      0.10668
charge of  68H =      0.07676
charge of  69H =      0.08366
charge of  70H =      0.10735
charge of  71H =      0.10212
charge of  72H =      0.09908
charge of  73H =      0.10200
charge of  74H =      0.08794
charge of  75H =      0.08760
charge of  76H =      0.08664
charge of  77H =      0.08891
charge of  78H =      0.09098
charge of  79H =      0.09247
Dipole moment(X, Y, Z, Debye):  4.22262, -3.87065, -0.51060
def2-svp b3lyp 168.1226246356964
