/public3/home/scg5914/software-scg5914/LSW/1/data/data2/std_data/def2svp_b3lyp/cat_26.xyz
converged SCF energy = -1950.76058047049
**** MO energy ****
MO #1   energy= -77.221350438264   occ= 2
MO #2   energy= -19.1842535384508  occ= 2
MO #3   energy= -19.1832127976705  occ= 2
MO #4   energy= -19.1746049642135  occ= 2
MO #5   energy= -19.0910935953306  occ= 2
MO #6   energy= -10.2624092467877  occ= 2
MO #7   energy= -10.2599243913013  occ= 2
MO #8   energy= -10.2103956821489  occ= 2
MO #9   energy= -10.2076085460842  occ= 2
MO #10  energy= -10.2064376031427  occ= 2
MO #11  energy= -10.2058304031939  occ= 2
MO #12  energy= -10.2024821094543  occ= 2
MO #13  energy= -10.2006205052644  occ= 2
MO #14  energy= -10.2004647669127  occ= 2
MO #15  energy= -10.1990985359805  occ= 2
MO #16  energy= -10.1966194497201  occ= 2
MO #17  energy= -10.1947245651477  occ= 2
MO #18  energy= -10.1943340595969  occ= 2
MO #19  energy= -10.1936646996801  occ= 2
MO #20  energy= -10.1931627910382  occ= 2
MO #21  energy= -10.1918908722627  occ= 2
MO #22  energy= -10.1915003146085  occ= 2
MO #23  energy= -10.1914636415721  occ= 2
MO #24  energy= -10.1901880116216  occ= 2
MO #25  energy= -10.1895788191765  occ= 2
MO #26  energy= -10.18920893307    occ= 2
MO #27  energy= -10.1885191144419  occ= 2
MO #28  energy= -10.1884373120117  occ= 2
MO #29  energy= -10.184554652677   occ= 2
MO #30  energy= -10.183544836555   occ= 2
MO #31  energy= -10.1833210540047  occ= 2
MO #32  energy= -10.1816669565506  occ= 2
MO #33  energy= -10.1816209107617  occ= 2
MO #34  energy= -10.1815554896719  occ= 2
MO #35  energy= -10.1773988680748  occ= 2
MO #36  energy= -10.175153878911   occ= 2
MO #37  energy= -10.173688691974   occ= 2
MO #38  energy= -10.170136891338   occ= 2
MO #39  energy= -10.1684257267659  occ= 2
MO #40  energy= -6.6966919575195   occ= 2
MO #41  energy= -4.86429837230389  occ= 2
MO #42  energy= -4.86403751143627  occ= 2
MO #43  energy= -4.86179824544749  occ= 2
MO #44  energy= -1.11998391830979  occ= 2
MO #45  energy= -1.05811786941884  occ= 2
MO #46  energy= -1.04455502774087  occ= 2
MO #47  energy= -0.966081622957604 occ= 2
MO #48  energy= -0.893192728106197 occ= 2
MO #49  energy= -0.879295143813668 occ= 2
MO #50  energy= -0.862259026767485 occ= 2
MO #51  energy= -0.852137455698474 occ= 2
MO #52  energy= -0.834438331226478 occ= 2
MO #53  energy= -0.825931558159666 occ= 2
MO #54  energy= -0.80961184149531  occ= 2
MO #55  energy= -0.778826646268296 occ= 2
MO #56  energy= -0.771012725926191 occ= 2
MO #57  energy= -0.762329424941258 occ= 2
MO #58  energy= -0.747670855412349 occ= 2
MO #59  energy= -0.74243587442431  occ= 2
MO #60  energy= -0.739465620787098 occ= 2
MO #61  energy= -0.734664502911201 occ= 2
MO #62  energy= -0.730647815666596 occ= 2
MO #63  energy= -0.714573627176734 occ= 2
MO #64  energy= -0.682641861369401 occ= 2
MO #65  energy= -0.675978836402455 occ= 2
MO #66  energy= -0.673534944075407 occ= 2
MO #67  energy= -0.637824328772502 occ= 2
MO #68  energy= -0.635891790862687 occ= 2
MO #69  energy= -0.620698312233803 occ= 2
MO #70  energy= -0.616926118586327 occ= 2
MO #71  energy= -0.608457839108361 occ= 2
MO #72  energy= -0.606072611855451 occ= 2
MO #73  energy= -0.59713916657918  occ= 2
MO #74  energy= -0.584728730189555 occ= 2
MO #75  energy= -0.578730354505143 occ= 2
MO #76  energy= -0.575048841146242 occ= 2
MO #77  energy= -0.566944122812478 occ= 2
MO #78  energy= -0.562951522910899 occ= 2
MO #79  energy= -0.540861553013861 occ= 2
MO #80  energy= -0.531221936600551 occ= 2
MO #81  energy= -0.523944572230104 occ= 2
MO #82  energy= -0.514302771079509 occ= 2
MO #83  energy= -0.492756606592336 occ= 2
MO #84  energy= -0.4909015825581   occ= 2
MO #85  energy= -0.486518203036651 occ= 2
MO #86  energy= -0.47594167598575  occ= 2
MO #87  energy= -0.472635378982856 occ= 2
MO #88  energy= -0.464720370795007 occ= 2
MO #89  energy= -0.461800151356273 occ= 2
MO #90  energy= -0.458973573192257 occ= 2
MO #91  energy= -0.457040289741556 occ= 2
MO #92  energy= -0.449808685328339 occ= 2
MO #93  energy= -0.446445333440819 occ= 2
MO #94  energy= -0.441304941307429 occ= 2
MO #95  energy= -0.438519574988646 occ= 2
MO #96  energy= -0.435014880725925 occ= 2
MO #97  energy= -0.429883661465989 occ= 2
MO #98  energy= -0.424295568996949 occ= 2
MO #99  energy= -0.423433812525098 occ= 2
MO #100 energy= -0.420916377523552 occ= 2
MO #101 energy= -0.417681780358271 occ= 2
MO #102 energy= -0.415609189911846 occ= 2
MO #103 energy= -0.412857600929161 occ= 2
MO #104 energy= -0.410304244194373 occ= 2
MO #105 energy= -0.403022689184397 occ= 2
MO #106 energy= -0.400964731284572 occ= 2
MO #107 energy= -0.398519327138812 occ= 2
MO #108 energy= -0.391464011908368 occ= 2
MO #109 energy= -0.389198952906082 occ= 2
MO #110 energy= -0.386206583365236 occ= 2
MO #111 energy= -0.380992852212636 occ= 2
MO #112 energy= -0.379921917461356 occ= 2
MO #113 energy= -0.3705933342511   occ= 2
MO #114 energy= -0.365020366285069 occ= 2
MO #115 energy= -0.364154973937048 occ= 2
MO #116 energy= -0.359986951285115 occ= 2
MO #117 energy= -0.354833465765705 occ= 2
MO #118 energy= -0.353634345936887 occ= 2
MO #119 energy= -0.350048513329351 occ= 2
MO #120 energy= -0.345017990973132 occ= 2
MO #121 energy= -0.343741726512589 occ= 2
MO #122 energy= -0.3376818071589   occ= 2
MO #123 energy= -0.332619448385985 occ= 2
MO #124 energy= -0.33199204716351  occ= 2
MO #125 energy= -0.326873945454452 occ= 2
MO #126 energy= -0.320789145997937 occ= 2
MO #127 energy= -0.305807290906282 occ= 2
MO #128 energy= -0.302823285933734 occ= 2
MO #129 energy= -0.29944044399177  occ= 2
MO #130 energy= -0.290626838998197 occ= 2
MO #131 energy= -0.267602962788727 occ= 2
MO #132 energy= -0.258520906358252 occ= 2
MO #133 energy= -0.257600211555253 occ= 2
MO #134 energy= -0.246344105680728 occ= 2
MO #135 energy= -0.238981664553629 occ= 2
MO #136 energy= -0.232858378696013 occ= 2
MO #137 energy= -0.225532191327551 occ= 2
MO #138 energy= -0.215351451255877 occ= 2
MO #139 energy= -0.0629628302678776 occ= 0
MO #140 energy= -0.0508326464206717 occ= 0
MO #141 energy= -0.0323066137165196 occ= 0
MO #142 energy= -0.0235942231254573 occ= 0
MO #143 energy= -0.00894116820905883 occ= 0
MO #144 energy= 0.00277039875141621 occ= 0
MO #145 energy= 0.00290427010176637 occ= 0
MO #146 energy= 0.00912569807357319 occ= 0
MO #147 energy= 0.0136066830197729 occ= 0
MO #148 energy= 0.0303089331934373 occ= 0
MO #149 energy= 0.0381290107613301 occ= 0
MO #150 energy= 0.0653450125624794 occ= 0
MO #151 energy= 0.0683303818579379 occ= 0
MO #152 energy= 0.0703740358552863 occ= 0
MO #153 energy= 0.075438308809535  occ= 0
MO #154 energy= 0.0814631846293772 occ= 0
MO #155 energy= 0.0855432818480842 occ= 0
MO #156 energy= 0.0860487176381527 occ= 0
MO #157 energy= 0.0911693546647816 occ= 0
MO #158 energy= 0.0930526938303936 occ= 0
MO #159 energy= 0.0998471182875565 occ= 0
MO #160 energy= 0.0999398013091215 occ= 0
MO #161 energy= 0.107680794997066  occ= 0
MO #162 energy= 0.111733994295845  occ= 0
MO #163 energy= 0.119149414112377  occ= 0
MO #164 energy= 0.119745346978211  occ= 0
MO #165 energy= 0.124641342161922  occ= 0
MO #166 energy= 0.1294551124986    occ= 0
MO #167 energy= 0.13325176148994   occ= 0
MO #168 energy= 0.138889572984365  occ= 0
MO #169 energy= 0.139907414212402  occ= 0
MO #170 energy= 0.14254885587327   occ= 0
MO #171 energy= 0.145833717953665  occ= 0
MO #172 energy= 0.153118799411512  occ= 0
MO #173 energy= 0.157204032991388  occ= 0
MO #174 energy= 0.160752092648285  occ= 0
MO #175 energy= 0.162316040540721  occ= 0
MO #176 energy= 0.16420732903133   occ= 0
MO #177 energy= 0.172654861127726  occ= 0
MO #178 energy= 0.175004442301164  occ= 0
MO #179 energy= 0.17636776694103   occ= 0
MO #180 energy= 0.180976122051544  occ= 0
MO #181 energy= 0.18618975361307   occ= 0
MO #182 energy= 0.19440036786144   occ= 0
MO #183 energy= 0.201640931077154  occ= 0
MO #184 energy= 0.20981043152483   occ= 0
MO #185 energy= 0.224679525370333  occ= 0
MO #186 energy= 0.231126607112623  occ= 0
MO #187 energy= 0.234733014850095  occ= 0
MO #188 energy= 0.249004073122429  occ= 0
MO #189 energy= 0.253131963792892  occ= 0
MO #190 energy= 0.266063573701349  occ= 0
MO #191 energy= 0.271341951340763  occ= 0
MO #192 energy= 0.274242494119184  occ= 0
MO #193 energy= 0.280007671566642  occ= 0
MO #194 energy= 0.280548198441547  occ= 0
MO #195 energy= 0.286822672717464  occ= 0
MO #196 energy= 0.287868096663152  occ= 0
MO #197 energy= 0.291957776437128  occ= 0
MO #198 energy= 0.294585201947158  occ= 0
MO #199 energy= 0.297015939528901  occ= 0
MO #200 energy= 0.298651921676481  occ= 0
MO #201 energy= 0.301245376080316  occ= 0
MO #202 energy= 0.306028736915867  occ= 0
MO #203 energy= 0.308534413567681  occ= 0
MO #204 energy= 0.314156407740084  occ= 0
MO #205 energy= 0.315855624813927  occ= 0
MO #206 energy= 0.319490616222982  occ= 0
MO #207 energy= 0.322638071775493  occ= 0
MO #208 energy= 0.332263685700291  occ= 0
MO #209 energy= 0.334683678727277  occ= 0
MO #210 energy= 0.343163947578144  occ= 0
MO #211 energy= 0.346757845371446  occ= 0
MO #212 energy= 0.348057608401623  occ= 0
MO #213 energy= 0.356733597257064  occ= 0
MO #214 energy= 0.358801679044516  occ= 0
MO #215 energy= 0.364653443427828  occ= 0
MO #216 energy= 0.36606299687549   occ= 0
MO #217 energy= 0.37195727255106   occ= 0
MO #218 energy= 0.376194269007503  occ= 0
MO #219 energy= 0.379039865032454  occ= 0
MO #220 energy= 0.38537619458409   occ= 0
MO #221 energy= 0.391870117422989  occ= 0
MO #222 energy= 0.398761828296082  occ= 0
MO #223 energy= 0.401524400770835  occ= 0
MO #224 energy= 0.408508282813249  occ= 0
MO #225 energy= 0.41133896763271   occ= 0
MO #226 energy= 0.417377337088844  occ= 0
MO #227 energy= 0.41887257696065   occ= 0
MO #228 energy= 0.425397637046688  occ= 0
MO #229 energy= 0.431993388558944  occ= 0
MO #230 energy= 0.435740744805534  occ= 0
MO #231 energy= 0.439115003088589  occ= 0
MO #232 energy= 0.441144300550444  occ= 0
MO #233 energy= 0.441581015900133  occ= 0
MO #234 energy= 0.443358939841852  occ= 0
MO #235 energy= 0.450779703144513  occ= 0
MO #236 energy= 0.451646031072342  occ= 0
MO #237 energy= 0.455724935286197  occ= 0
MO #238 energy= 0.456504754018671  occ= 0
MO #239 energy= 0.45801140917346   occ= 0
MO #240 energy= 0.463127642563939  occ= 0
MO #241 energy= 0.469617731601701  occ= 0
MO #242 energy= 0.470332082560352  occ= 0
MO #243 energy= 0.476418509041427  occ= 0
MO #244 energy= 0.479555466840275  occ= 0
MO #245 energy= 0.481091151323711  occ= 0
MO #246 energy= 0.485382367030767  occ= 0
MO #247 energy= 0.487140485972732  occ= 0
MO #248 energy= 0.490762191244644  occ= 0
MO #249 energy= 0.496090380704955  occ= 0
MO #250 energy= 0.496662067682418  occ= 0
MO #251 energy= 0.500272089024274  occ= 0
MO #252 energy= 0.502529661964866  occ= 0
MO #253 energy= 0.505492218425524  occ= 0
MO #254 energy= 0.514523594138869  occ= 0
MO #255 energy= 0.518206838274077  occ= 0
MO #256 energy= 0.525173047348981  occ= 0
MO #257 energy= 0.528078315716769  occ= 0
MO #258 energy= 0.532093959184778  occ= 0
MO #259 energy= 0.542806019648985  occ= 0
MO #260 energy= 0.547633192892842  occ= 0
MO #261 energy= 0.549138123919338  occ= 0
MO #262 energy= 0.552691234101772  occ= 0
MO #263 energy= 0.554138113156498  occ= 0
MO #264 energy= 0.557515710476444  occ= 0
MO #265 energy= 0.561665408096821  occ= 0
MO #266 energy= 0.566629254628689  occ= 0
MO #267 energy= 0.572040950949229  occ= 0
MO #268 energy= 0.575857701623748  occ= 0
MO #269 energy= 0.583333109332294  occ= 0
MO #270 energy= 0.58466045532721   occ= 0
MO #271 energy= 0.591568827899426  occ= 0
MO #272 energy= 0.594609238270474  occ= 0
MO #273 energy= 0.602314348745105  occ= 0
MO #274 energy= 0.60494938995953   occ= 0
MO #275 energy= 0.610835021812115  occ= 0
MO #276 energy= 0.613888991255704  occ= 0
MO #277 energy= 0.618143025450158  occ= 0
MO #278 energy= 0.626110487709976  occ= 0
MO #279 energy= 0.630635969931962  occ= 0
MO #280 energy= 0.631736239196226  occ= 0
MO #281 energy= 0.634159480598988  occ= 0
MO #282 energy= 0.638923767682959  occ= 0
MO #283 energy= 0.643693580477264  occ= 0
MO #284 energy= 0.645882576961876  occ= 0
MO #285 energy= 0.650001920456814  occ= 0
MO #286 energy= 0.651529251509448  occ= 0
MO #287 energy= 0.653726315519138  occ= 0
MO #288 energy= 0.656146218744242  occ= 0
MO #289 energy= 0.659794473497733  occ= 0
MO #290 energy= 0.661956289132419  occ= 0
MO #291 energy= 0.666231536794039  occ= 0
MO #292 energy= 0.667973550884612  occ= 0
MO #293 energy= 0.67004760417771   occ= 0
MO #294 energy= 0.671859766548779  occ= 0
MO #295 energy= 0.673165095531699  occ= 0
MO #296 energy= 0.674575944573006  occ= 0
MO #297 energy= 0.677159402053783  occ= 0
MO #298 energy= 0.6788267725767    occ= 0
MO #299 energy= 0.680842102611258  occ= 0
MO #300 energy= 0.684006960020038  occ= 0
MO #301 energy= 0.684810714833984  occ= 0
MO #302 energy= 0.687654742157894  occ= 0
MO #303 energy= 0.689885743538061  occ= 0
MO #304 energy= 0.691709254947309  occ= 0
MO #305 energy= 0.694589118822253  occ= 0
MO #306 energy= 0.696940040133126  occ= 0
MO #307 energy= 0.698369694413449  occ= 0
MO #308 energy= 0.70148937827934   occ= 0
MO #309 energy= 0.706453579699798  occ= 0
MO #310 energy= 0.713091808070246  occ= 0
MO #311 energy= 0.71539820786728   occ= 0
MO #312 energy= 0.72099395567986   occ= 0
MO #313 energy= 0.729573972545092  occ= 0
MO #314 energy= 0.734722398291839  occ= 0
MO #315 energy= 0.735064156129752  occ= 0
MO #316 energy= 0.738672952171187  occ= 0
MO #317 energy= 0.744480943332726  occ= 0
MO #318 energy= 0.745484653117647  occ= 0
MO #319 energy= 0.749776427390655  occ= 0
MO #320 energy= 0.751853869451378  occ= 0
MO #321 energy= 0.758974422147102  occ= 0
MO #322 energy= 0.763084027250794  occ= 0
MO #323 energy= 0.766075350551274  occ= 0
MO #324 energy= 0.772578130546775  occ= 0
MO #325 energy= 0.773991834144547  occ= 0
MO #326 energy= 0.780014309023751  occ= 0
MO #327 energy= 0.783273820820137  occ= 0
MO #328 energy= 0.791395813272154  occ= 0
MO #329 energy= 0.79345897276024   occ= 0
MO #330 energy= 0.800302667872035  occ= 0
MO #331 energy= 0.801243112752344  occ= 0
MO #332 energy= 0.808869403586737  occ= 0
MO #333 energy= 0.813285104814921  occ= 0
MO #334 energy= 0.817900180405323  occ= 0
MO #335 energy= 0.820748593755881  occ= 0
MO #336 energy= 0.824819149392737  occ= 0
MO #337 energy= 0.831765597666333  occ= 0
MO #338 energy= 0.835383020729029  occ= 0
MO #339 energy= 0.839194653356363  occ= 0
MO #340 energy= 0.842961867983314  occ= 0
MO #341 energy= 0.848703948744265  occ= 0
MO #342 energy= 0.850698777623067  occ= 0
MO #343 energy= 0.857303960691456  occ= 0
MO #344 energy= 0.870515473520528  occ= 0
MO #345 energy= 0.873150481726921  occ= 0
MO #346 energy= 0.880114112936358  occ= 0
MO #347 energy= 0.884305140904311  occ= 0
MO #348 energy= 0.895346832929706  occ= 0
MO #349 energy= 0.905364688990483  occ= 0
MO #350 energy= 0.912970047706942  occ= 0
MO #351 energy= 0.915425863937228  occ= 0
MO #352 energy= 0.925305790216741  occ= 0
MO #353 energy= 0.926285600557517  occ= 0
MO #354 energy= 0.940977522797607  occ= 0
MO #355 energy= 0.94687513963955   occ= 0
MO #356 energy= 0.959425856966211  occ= 0
MO #357 energy= 0.962250535196825  occ= 0
MO #358 energy= 0.967939795138841  occ= 0
MO #359 energy= 0.975637759450015  occ= 0
MO #360 energy= 0.985181107133122  occ= 0
MO #361 energy= 1.00083635226417   occ= 0
MO #362 energy= 1.00349289219132   occ= 0
MO #363 energy= 1.01663848447965   occ= 0
MO #364 energy= 1.02825186938023   occ= 0
MO #365 energy= 1.03539261700483   occ= 0
MO #366 energy= 1.05001189586802   occ= 0
MO #367 energy= 1.05226028430829   occ= 0
MO #368 energy= 1.06924602385764   occ= 0
MO #369 energy= 1.08549516936548   occ= 0
MO #370 energy= 1.09574194977313   occ= 0
MO #371 energy= 1.10619641490768   occ= 0
MO #372 energy= 1.11363148704952   occ= 0
MO #373 energy= 1.11792242462977   occ= 0
MO #374 energy= 1.13169535031182   occ= 0
MO #375 energy= 1.13963591967415   occ= 0
MO #376 energy= 1.14825372983698   occ= 0
MO #377 energy= 1.15752771734771   occ= 0
MO #378 energy= 1.16360512823086   occ= 0
MO #379 energy= 1.166406110284     occ= 0
MO #380 energy= 1.17362037146112   occ= 0
MO #381 energy= 1.18008830295697   occ= 0
MO #382 energy= 1.18552829506633   occ= 0
MO #383 energy= 1.1915902442596    occ= 0
MO #384 energy= 1.19453115804593   occ= 0
MO #385 energy= 1.20403885609006   occ= 0
MO #386 energy= 1.21185569287543   occ= 0
MO #387 energy= 1.22117229173159   occ= 0
MO #388 energy= 1.22670863094757   occ= 0
MO #389 energy= 1.23116686734259   occ= 0
MO #390 energy= 1.23813423615067   occ= 0
MO #391 energy= 1.2415807007026    occ= 0
MO #392 energy= 1.24966388410373   occ= 0
MO #393 energy= 1.25313797034608   occ= 0
MO #394 energy= 1.25598066932747   occ= 0
MO #395 energy= 1.26087103568429   occ= 0
MO #396 energy= 1.26282271304632   occ= 0
MO #397 energy= 1.26849858881758   occ= 0
MO #398 energy= 1.26917251883534   occ= 0
MO #399 energy= 1.27478638576208   occ= 0
MO #400 energy= 1.28013807382596   occ= 0
MO #401 energy= 1.28080242950018   occ= 0
MO #402 energy= 1.28496586823675   occ= 0
MO #403 energy= 1.28633776811946   occ= 0
MO #404 energy= 1.29128571896996   occ= 0
MO #405 energy= 1.29542747501838   occ= 0
MO #406 energy= 1.30251518137481   occ= 0
MO #407 energy= 1.3043416259201    occ= 0
MO #408 energy= 1.30820451671851   occ= 0
MO #409 energy= 1.31204370043183   occ= 0
MO #410 energy= 1.31839886712892   occ= 0
MO #411 energy= 1.32334622138375   occ= 0
MO #412 energy= 1.3304271639867    occ= 0
MO #413 energy= 1.33729661574285   occ= 0
MO #414 energy= 1.34934857652942   occ= 0
MO #415 energy= 1.35623534198094   occ= 0
MO #416 energy= 1.37477399593167   occ= 0
MO #417 energy= 1.37949023984381   occ= 0
MO #418 energy= 1.39198781118732   occ= 0
MO #419 energy= 1.3937212713836    occ= 0
MO #420 energy= 1.41761573222247   occ= 0
MO #421 energy= 1.42443608019352   occ= 0
MO #422 energy= 1.44756996157208   occ= 0
MO #423 energy= 1.46331596503152   occ= 0
MO #424 energy= 1.47049158275082   occ= 0
MO #425 energy= 1.47414514236961   occ= 0
MO #426 energy= 1.48195540297683   occ= 0
MO #427 energy= 1.50949987948437   occ= 0
MO #428 energy= 1.51368738828484   occ= 0
MO #429 energy= 1.52245693980867   occ= 0
MO #430 energy= 1.5267473120639    occ= 0
MO #431 energy= 1.53452483396938   occ= 0
MO #432 energy= 1.53687147390303   occ= 0
MO #433 energy= 1.54264759713847   occ= 0
MO #434 energy= 1.54687563935764   occ= 0
MO #435 energy= 1.55150213342375   occ= 0
MO #436 energy= 1.55423586951853   occ= 0
MO #437 energy= 1.55945185041274   occ= 0
MO #438 energy= 1.56453016436199   occ= 0
MO #439 energy= 1.59607208901996   occ= 0
MO #440 energy= 1.6050151332222    occ= 0
MO #441 energy= 1.61198373751695   occ= 0
MO #442 energy= 1.63056339906977   occ= 0
MO #443 energy= 1.64168668460327   occ= 0
MO #444 energy= 1.64778848612163   occ= 0
MO #445 energy= 1.65601012525175   occ= 0
MO #446 energy= 1.66649435367308   occ= 0
MO #447 energy= 1.67055297030223   occ= 0
MO #448 energy= 1.67950540511591   occ= 0
MO #449 energy= 1.68547629526903   occ= 0
MO #450 energy= 1.68951539083313   occ= 0
MO #451 energy= 1.69943614088617   occ= 0
MO #452 energy= 1.70502751857416   occ= 0
MO #453 energy= 1.70935076035543   occ= 0
MO #454 energy= 1.71003828544744   occ= 0
MO #455 energy= 1.71352236838865   occ= 0
MO #456 energy= 1.72111463889057   occ= 0
MO #457 energy= 1.72453087678832   occ= 0
MO #458 energy= 1.72557804671151   occ= 0
MO #459 energy= 1.73156141598427   occ= 0
MO #460 energy= 1.73491713402372   occ= 0
MO #461 energy= 1.73684520014225   occ= 0
MO #462 energy= 1.74212505114996   occ= 0
MO #463 energy= 1.74688389460406   occ= 0
MO #464 energy= 1.74923504596106   occ= 0
MO #465 energy= 1.75262600777787   occ= 0
MO #466 energy= 1.75369008956993   occ= 0
MO #467 energy= 1.75889299161233   occ= 0
MO #468 energy= 1.76390026041153   occ= 0
MO #469 energy= 1.76661965981973   occ= 0
MO #470 energy= 1.76864989885095   occ= 0
MO #471 energy= 1.77101003378857   occ= 0
MO #472 energy= 1.7739042485266    occ= 0
MO #473 energy= 1.78082078367885   occ= 0
MO #474 energy= 1.78175991686409   occ= 0
MO #475 energy= 1.78427631942962   occ= 0
MO #476 energy= 1.78958249700703   occ= 0
MO #477 energy= 1.79626266073722   occ= 0
MO #478 energy= 1.79725885787527   occ= 0
MO #479 energy= 1.79970970872068   occ= 0
MO #480 energy= 1.80356164369811   occ= 0
MO #481 energy= 1.81115708979204   occ= 0
MO #482 energy= 1.81438318502103   occ= 0
MO #483 energy= 1.81619833429187   occ= 0
MO #484 energy= 1.81832902954396   occ= 0
MO #485 energy= 1.82314577986904   occ= 0
MO #486 energy= 1.82510239404938   occ= 0
MO #487 energy= 1.83262412304159   occ= 0
MO #488 energy= 1.83736190022131   occ= 0
MO #489 energy= 1.84211161276923   occ= 0
MO #490 energy= 1.84990309354018   occ= 0
MO #491 energy= 1.86871313458989   occ= 0
MO #492 energy= 1.87641204432081   occ= 0
MO #493 energy= 1.88274644823471   occ= 0
MO #494 energy= 1.88531747594816   occ= 0
MO #495 energy= 1.88905937227174   occ= 0
MO #496 energy= 1.89849126191723   occ= 0
MO #497 energy= 1.90334503455486   occ= 0
MO #498 energy= 1.90947198829615   occ= 0
MO #499 energy= 1.91894693984094   occ= 0
MO #500 energy= 1.92629859626462   occ= 0
MO #501 energy= 1.92899909163729   occ= 0
MO #502 energy= 1.93719718208065   occ= 0
MO #503 energy= 1.94695351355366   occ= 0
MO #504 energy= 1.95489359887867   occ= 0
MO #505 energy= 1.95723685501679   occ= 0
MO #506 energy= 1.96800777893738   occ= 0
MO #507 energy= 1.97300793883393   occ= 0
MO #508 energy= 1.98175213473832   occ= 0
MO #509 energy= 1.98822742877336   occ= 0
MO #510 energy= 1.99107254983011   occ= 0
MO #511 energy= 1.99414572579274   occ= 0
MO #512 energy= 1.99871328528957   occ= 0
MO #513 energy= 2.00711911299733   occ= 0
MO #514 energy= 2.00777065238102   occ= 0
MO #515 energy= 2.01713747587001   occ= 0
MO #516 energy= 2.0357926737475    occ= 0
MO #517 energy= 2.04022421642198   occ= 0
MO #518 energy= 2.04223724633521   occ= 0
MO #519 energy= 2.04313491110051   occ= 0
MO #520 energy= 2.05018962557357   occ= 0
MO #521 energy= 2.05317648730443   occ= 0
MO #522 energy= 2.05897800979433   occ= 0
MO #523 energy= 2.06284027936848   occ= 0
MO #524 energy= 2.07054279288943   occ= 0
MO #525 energy= 2.07235143111563   occ= 0
MO #526 energy= 2.07994875175099   occ= 0
MO #527 energy= 2.08864873120058   occ= 0
MO #528 energy= 2.09757182318448   occ= 0
MO #529 energy= 2.10649772772775   occ= 0
MO #530 energy= 2.1079392828822    occ= 0
MO #531 energy= 2.11755610752602   occ= 0
MO #532 energy= 2.12003155387471   occ= 0
MO #533 energy= 2.13448622272414   occ= 0
MO #534 energy= 2.14026705292106   occ= 0
MO #535 energy= 2.14630070436242   occ= 0
MO #536 energy= 2.14977046603902   occ= 0
MO #537 energy= 2.15289872494378   occ= 0
MO #538 energy= 2.15677299791496   occ= 0
MO #539 energy= 2.16100625852957   occ= 0
MO #540 energy= 2.1695478029481    occ= 0
MO #541 energy= 2.17498369453932   occ= 0
MO #542 energy= 2.18455075106127   occ= 0
MO #543 energy= 2.18921069949556   occ= 0
MO #544 energy= 2.19203098403336   occ= 0
MO #545 energy= 2.19551698544584   occ= 0
MO #546 energy= 2.20001779927611   occ= 0
MO #547 energy= 2.20844814463872   occ= 0
MO #548 energy= 2.21659832121436   occ= 0
MO #549 energy= 2.22532376795027   occ= 0
MO #550 energy= 2.23470558255457   occ= 0
MO #551 energy= 2.24470161586416   occ= 0
MO #552 energy= 2.25657537332351   occ= 0
MO #553 energy= 2.26372099591303   occ= 0
MO #554 energy= 2.26739690917318   occ= 0
MO #555 energy= 2.2735580736577    occ= 0
MO #556 energy= 2.28063075661793   occ= 0
MO #557 energy= 2.28685770222206   occ= 0
MO #558 energy= 2.29998801391367   occ= 0
MO #559 energy= 2.30582321862889   occ= 0
MO #560 energy= 2.31327377043155   occ= 0
MO #561 energy= 2.32289079301065   occ= 0
MO #562 energy= 2.32511508855553   occ= 0
MO #563 energy= 2.33470696900216   occ= 0
MO #564 energy= 2.33855204752938   occ= 0
MO #565 energy= 2.34309154882556   occ= 0
MO #566 energy= 2.35002829323623   occ= 0
MO #567 energy= 2.3557354364444    occ= 0
MO #568 energy= 2.36516565375179   occ= 0
MO #569 energy= 2.3672744992512    occ= 0
MO #570 energy= 2.37384285123142   occ= 0
MO #571 energy= 2.37947264321269   occ= 0
MO #572 energy= 2.38353101976931   occ= 0
MO #573 energy= 2.38652055777082   occ= 0
MO #574 energy= 2.38956425902302   occ= 0
MO #575 energy= 2.40059659379247   occ= 0
MO #576 energy= 2.40306258449063   occ= 0
MO #577 energy= 2.40680833836389   occ= 0
MO #578 energy= 2.43004233342392   occ= 0
MO #579 energy= 2.46343602152916   occ= 0
MO #580 energy= 2.47343286565219   occ= 0
MO #581 energy= 2.4799553871942    occ= 0
MO #582 energy= 2.48395627317957   occ= 0
MO #583 energy= 2.49632327820902   occ= 0
MO #584 energy= 2.49794445496332   occ= 0
MO #585 energy= 2.52366482134487   occ= 0
MO #586 energy= 2.52926041235733   occ= 0
MO #587 energy= 2.54044580849611   occ= 0
MO #588 energy= 2.54878780050375   occ= 0
MO #589 energy= 2.55712412738049   occ= 0
MO #590 energy= 2.57336934565586   occ= 0
MO #591 energy= 2.58313706279271   occ= 0
MO #592 energy= 2.60097060039433   occ= 0
MO #593 energy= 2.60328339053705   occ= 0
MO #594 energy= 2.60584426949605   occ= 0
MO #595 energy= 2.6197642684673    occ= 0
MO #596 energy= 2.62480563731209   occ= 0
MO #597 energy= 2.62861790119771   occ= 0
MO #598 energy= 2.63322431409351   occ= 0
MO #599 energy= 2.63855018586846   occ= 0
MO #600 energy= 2.64706777189243   occ= 0
MO #601 energy= 2.6511219804476    occ= 0
MO #602 energy= 2.65754273977097   occ= 0
MO #603 energy= 2.66137873248344   occ= 0
MO #604 energy= 2.66330629475766   occ= 0
MO #605 energy= 2.66853875396772   occ= 0
MO #606 energy= 2.67601762105727   occ= 0
MO #607 energy= 2.68267886622498   occ= 0
MO #608 energy= 2.68543768758189   occ= 0
MO #609 energy= 2.69006088087209   occ= 0
MO #610 energy= 2.69511721006069   occ= 0
MO #611 energy= 2.69842130047203   occ= 0
MO #612 energy= 2.71064478269602   occ= 0
MO #613 energy= 2.71327781419211   occ= 0
MO #614 energy= 2.72248638311311   occ= 0
MO #615 energy= 2.73140077079111   occ= 0
MO #616 energy= 2.7442736923524    occ= 0
MO #617 energy= 2.7535960440286    occ= 0
MO #618 energy= 2.75608610517169   occ= 0
MO #619 energy= 2.75922818113086   occ= 0
MO #620 energy= 2.76235433901023   occ= 0
MO #621 energy= 2.76467535422326   occ= 0
MO #622 energy= 2.76878708682175   occ= 0
MO #623 energy= 2.77250494291288   occ= 0
MO #624 energy= 2.79192562504406   occ= 0
MO #625 energy= 2.80142959559358   occ= 0
MO #626 energy= 2.80609172586591   occ= 0
MO #627 energy= 2.84116225749622   occ= 0
MO #628 energy= 2.84801967831265   occ= 0
MO #629 energy= 2.86328684276015   occ= 0
MO #630 energy= 2.87000560634803   occ= 0
MO #631 energy= 2.88331471237739   occ= 0
MO #632 energy= 2.88820700011892   occ= 0
MO #633 energy= 2.89293413626307   occ= 0
MO #634 energy= 2.91654921391432   occ= 0
MO #635 energy= 2.91816506666366   occ= 0
MO #636 energy= 2.92205279069799   occ= 0
MO #637 energy= 2.92738202187783   occ= 0
MO #638 energy= 2.9293725894597    occ= 0
MO #639 energy= 2.935387170657     occ= 0
MO #640 energy= 2.93872413049311   occ= 0
MO #641 energy= 2.94833446088871   occ= 0
MO #642 energy= 2.9559896996924    occ= 0
MO #643 energy= 2.96029455064409   occ= 0
MO #644 energy= 2.98118492214414   occ= 0
MO #645 energy= 2.99604890995591   occ= 0
MO #646 energy= 3.00318578274917   occ= 0
MO #647 energy= 3.01264699547136   occ= 0
MO #648 energy= 3.01985447222943   occ= 0
MO #649 energy= 3.0249317756328    occ= 0
MO #650 energy= 3.03934777479308   occ= 0
MO #651 energy= 3.04936512437972   occ= 0
MO #652 energy= 3.05586808921402   occ= 0
MO #653 energy= 3.07667292910241   occ= 0
MO #654 energy= 3.14083771073229   occ= 0
MO #655 energy= 3.14585519630992   occ= 0
MO #656 energy= 3.15458845209148   occ= 0
MO #657 energy= 3.17464693660368   occ= 0
MO #658 energy= 3.18168485774043   occ= 0
MO #659 energy= 3.18382965786422   occ= 0
MO #660 energy= 3.18908012509724   occ= 0
MO #661 energy= 3.22024904730319   occ= 0
MO #662 energy= 3.23269744129887   occ= 0
MO #663 energy= 3.27340297377665   occ= 0
MO #664 energy= 3.32097344096949   occ= 0
MO #665 energy= 3.33829001077969   occ= 0
MO #666 energy= 3.36842078423074   occ= 0
MO #667 energy= 3.39824985851491   occ= 0
MO #668 energy= 3.4633629848335    occ= 0
MO #669 energy= 3.55440499139889   occ= 0
MO #670 energy= 3.57372254896685   occ= 0
MO #671 energy= 3.63865017660239   occ= 0
MO #672 energy= 3.64866386620745   occ= 0
MO #673 energy= 3.68209555990663   occ= 0
MO #674 energy= 3.68744797583752   occ= 0
MO #675 energy= 3.71330555561138   occ= 0
 ** Mulliken atomic charges  **
charge of  0O =     -0.76646
charge of  1P =      1.76327
charge of  2O =     -0.64209
charge of  3O =     -0.53495
charge of  4C =      0.16728
charge of  5C =     -0.01666
charge of  6C =     -0.00910
charge of  7C =     -0.11027
charge of  8C =     -0.11327
charge of  9C =      0.03550
charge of  10C =     -0.28905
charge of  11C =     -0.10833
charge of  12C =     -0.09128
charge of  13C =     -0.10635
charge of  14C =      0.00721
charge of  15C =      0.00129
charge of  16C =     -0.10322
charge of  17C =     -0.09799
charge of  18C =     -0.10078
charge of  19C =     -0.10230
charge of  20C =     -0.02545
charge of  21C =     -0.03106
charge of  22C =      0.18162
charge of  23O =     -0.54708
charge of  24C =     -0.00267
charge of  25C =     -0.00490
charge of  26C =     -0.10134
charge of  27C =     -0.11087
charge of  28C =      0.03049
charge of  29C =     -0.28869
charge of  30C =     -0.11733
charge of  31C =     -0.10765
charge of  32C =     -0.10197
charge of  33C =      0.00787
charge of  34C =      0.00151
charge of  35C =     -0.10455
charge of  36C =     -0.09966
charge of  37C =     -0.10204
charge of  38C =     -0.10137
charge of  39H =      0.34726
charge of  40H =      0.09681
charge of  41H =      0.09716
charge of  42H =      0.11021
charge of  43H =      0.09966
charge of  44H =      0.10233
charge of  45H =      0.10018
charge of  46H =      0.11160
charge of  47H =      0.10615
charge of  48H =      0.11338
charge of  49H =      0.10534
charge of  50H =      0.10466
charge of  51H =      0.10117
charge of  52H =      0.12284
charge of  53H =      0.09859
charge of  54H =      0.10622
charge of  55H =      0.09722
charge of  56H =      0.10298
charge of  57H =      0.09459
charge of  58H =      0.09802
charge of  59H =      0.10694
charge of  60H =      0.10947
charge of  61H =      0.10433
charge of  62H =      0.10389
charge of  63H =      0.10165
Dipole moment(X, Y, Z, Debye): -3.74704, -1.72129, -1.36140
def2-svp b3lyp 142.96152639389038
