/public3/home/scg5914/software-scg5914/LSW/1/data/data2/std_data/def2svp_b3lyp/cat_0.xyz
converged SCF energy = -6557.01340686306
**** MO energy ****
MO #1   energy= -482.793242033245  occ= 2
MO #2   energy= -482.788729749242  occ= 2
MO #3   energy= -77.2256591316962  occ= 2
MO #4   energy= -62.4750917490293  occ= 2
MO #5   energy= -62.4705877217596  occ= 2
MO #6   energy= -56.3075568298453  occ= 2
MO #7   energy= -56.30381890298    occ= 2
MO #8   energy= -56.3036181498737  occ= 2
MO #9   energy= -56.303068145035   occ= 2
MO #10  energy= -56.299303889849   occ= 2
MO #11  energy= -56.2991033753925  occ= 2
MO #12  energy= -19.1913395640084  occ= 2
MO #13  energy= -19.1880025498455  occ= 2
MO #14  energy= -19.1803053523123  occ= 2
MO #15  energy= -19.0957582125037  occ= 2
MO #16  energy= -10.2738497611418  occ= 2
MO #17  energy= -10.2713703407857  occ= 2
MO #18  energy= -10.2486895100608  occ= 2
MO #19  energy= -10.2459760726465  occ= 2
MO #20  energy= -10.2195875600644  occ= 2
MO #21  energy= -10.2183274479375  occ= 2
MO #22  energy= -10.2128679558257  occ= 2
MO #23  energy= -10.2115039357218  occ= 2
MO #24  energy= -10.2107085346799  occ= 2
MO #25  energy= -10.2101363570531  occ= 2
MO #26  energy= -10.2091066893177  occ= 2
MO #27  energy= -10.2079684928679  occ= 2
MO #28  energy= -10.1999494486431  occ= 2
MO #29  energy= -10.1987271651067  occ= 2
MO #30  energy= -10.198415897663   occ= 2
MO #31  energy= -10.198392618998   occ= 2
MO #32  energy= -10.1975110558018  occ= 2
MO #33  energy= -10.1974139249317  occ= 2
MO #34  energy= -10.1970736529794  occ= 2
MO #35  energy= -10.1964652447172  occ= 2
MO #36  energy= -8.6935515322039   occ= 2
MO #37  energy= -8.68907296633587  occ= 2
MO #38  energy= -6.70169777755023  occ= 2
MO #39  energy= -6.5274544364302   occ= 2
MO #40  energy= -6.52303975200225  occ= 2
MO #41  energy= -6.51409764138114  occ= 2
MO #42  energy= -6.51350868005829  occ= 2
MO #43  energy= -6.50957833835495  occ= 2
MO #44  energy= -6.5089994589849   occ= 2
MO #45  energy= -4.8692111804954   occ= 2
MO #46  energy= -4.86872122054931  occ= 2
MO #47  energy= -4.86696513373091  occ= 2
MO #48  energy= -2.6417075827974   occ= 2
MO #49  energy= -2.63797187917908  occ= 2
MO #50  energy= -2.63753416958063  occ= 2
MO #51  energy= -2.6372844056519   occ= 2
MO #52  energy= -2.63351328703915  occ= 2
MO #53  energy= -2.63308496794042  occ= 2
MO #54  energy= -2.62696783151893  occ= 2
MO #55  energy= -2.62695442135953  occ= 2
MO #56  energy= -2.62243162681969  occ= 2
MO #57  energy= -2.62242355700799  occ= 2
MO #58  energy= -1.12931294822597  occ= 2
MO #59  energy= -1.06750308227442  occ= 2
MO #60  energy= -1.05612915155584  occ= 2
MO #61  energy= -0.968254335676671 occ= 2
MO #62  energy= -0.902838336635175 occ= 2
MO #63  energy= -0.889642126077078 occ= 2
MO #64  energy= -0.85018880629657  occ= 2
MO #65  energy= -0.84681634714591  occ= 2
MO #66  energy= -0.829389411079476 occ= 2
MO #67  energy= -0.79469772493236  occ= 2
MO #68  energy= -0.786066767309539 occ= 2
MO #69  energy= -0.772024236517859 occ= 2
MO #70  energy= -0.753519208397878 occ= 2
MO #71  energy= -0.739517895813368 occ= 2
MO #72  energy= -0.729462871554858 occ= 2
MO #73  energy= -0.714859039234892 occ= 2
MO #74  energy= -0.687711255146182 occ= 2
MO #75  energy= -0.647882371225234 occ= 2
MO #76  energy= -0.643926965629295 occ= 2
MO #77  energy= -0.621333172142115 occ= 2
MO #78  energy= -0.617500630188856 occ= 2
MO #79  energy= -0.614230887880545 occ= 2
MO #80  energy= -0.590655672414989 occ= 2
MO #81  energy= -0.576980841765801 occ= 2
MO #82  energy= -0.565536431452942 occ= 2
MO #83  energy= -0.551465528814537 occ= 2
MO #84  energy= -0.531835786337794 occ= 2
MO #85  energy= -0.522427506521881 occ= 2
MO #86  energy= -0.500129578314753 occ= 2
MO #87  energy= -0.49741350370402  occ= 2
MO #88  energy= -0.489232314285482 occ= 2
MO #89  energy= -0.478822787310095 occ= 2
MO #90  energy= -0.468466106917558 occ= 2
MO #91  energy= -0.465283362911975 occ= 2
MO #92  energy= -0.458067829729538 occ= 2
MO #93  energy= -0.453938517819348 occ= 2
MO #94  energy= -0.452509789686117 occ= 2
MO #95  energy= -0.443676126552299 occ= 2
MO #96  energy= -0.438587542553123 occ= 2
MO #97  energy= -0.434074380864187 occ= 2
MO #98  energy= -0.4308231764901   occ= 2
MO #99  energy= -0.41247502621047  occ= 2
MO #100 energy= -0.407518329465425 occ= 2
MO #101 energy= -0.404596935853979 occ= 2
MO #102 energy= -0.399987522143421 occ= 2
MO #103 energy= -0.388606177356525 occ= 2
MO #104 energy= -0.386050883784719 occ= 2
MO #105 energy= -0.374749886475925 occ= 2
MO #106 energy= -0.369315550066232 occ= 2
MO #107 energy= -0.366701243489877 occ= 2
MO #108 energy= -0.362638167610436 occ= 2
MO #109 energy= -0.356921818871477 occ= 2
MO #110 energy= -0.352594232932417 occ= 2
MO #111 energy= -0.346780120921414 occ= 2
MO #112 energy= -0.341913230557941 occ= 2
MO #113 energy= -0.323264586972315 occ= 2
MO #114 energy= -0.31042387004462  occ= 2
MO #115 energy= -0.306510604927128 occ= 2
MO #116 energy= -0.300695912507356 occ= 2
MO #117 energy= -0.296634645855464 occ= 2
MO #118 energy= -0.292725720616447 occ= 2
MO #119 energy= -0.288040165628145 occ= 2
MO #120 energy= -0.28333443887001  occ= 2
MO #121 energy= -0.254259737249267 occ= 2
MO #122 energy= -0.247840340291031 occ= 2
MO #123 energy= -0.236000382694534 occ= 2
MO #124 energy= -0.226412663158466 occ= 2
MO #125 energy= -0.0699059575424433 occ= 0
MO #126 energy= -0.0565353481154596 occ= 0
MO #127 energy= -0.0324915371696057 occ= 0
MO #128 energy= -0.0260317895621741 occ= 0
MO #129 energy= 0.00179393359327871 occ= 0
MO #130 energy= 0.00454171527795182 occ= 0
MO #131 energy= 0.00651019992363353 occ= 0
MO #132 energy= 0.0215414889978688 occ= 0
MO #133 energy= 0.0397001622290865 occ= 0
MO #134 energy= 0.0648063920487931 occ= 0
MO #135 energy= 0.0663948062818967 occ= 0
MO #136 energy= 0.0753465853151627 occ= 0
MO #137 energy= 0.0787387568607629 occ= 0
MO #138 energy= 0.0887031325076622 occ= 0
MO #139 energy= 0.0906818411732423 occ= 0
MO #140 energy= 0.105478997814384  occ= 0
MO #141 energy= 0.116227948374932  occ= 0
MO #142 energy= 0.117671084323169  occ= 0
MO #143 energy= 0.125906488424049  occ= 0
MO #144 energy= 0.135978089422122  occ= 0
MO #145 energy= 0.136787759023509  occ= 0
MO #146 energy= 0.144956340990209  occ= 0
MO #147 energy= 0.155806919484592  occ= 0
MO #148 energy= 0.157123799463345  occ= 0
MO #149 energy= 0.169082872887236  occ= 0
MO #150 energy= 0.17391119054165   occ= 0
MO #151 energy= 0.183472137283814  occ= 0
MO #152 energy= 0.195270640344346  occ= 0
MO #153 energy= 0.219456964655556  occ= 0
MO #154 energy= 0.235989001911429  occ= 0
MO #155 energy= 0.238217084957041  occ= 0
MO #156 energy= 0.259656609290338  occ= 0
MO #157 energy= 0.261121490817855  occ= 0
MO #158 energy= 0.264552033557798  occ= 0
MO #159 energy= 0.267712456835239  occ= 0
MO #160 energy= 0.280123819601608  occ= 0
MO #161 energy= 0.282194142561953  occ= 0
MO #162 energy= 0.287267084390093  occ= 0
MO #163 energy= 0.288296771068291  occ= 0
MO #164 energy= 0.294051059581173  occ= 0
MO #165 energy= 0.296671589868318  occ= 0
MO #166 energy= 0.302805276963609  occ= 0
MO #167 energy= 0.305956215979802  occ= 0
MO #168 energy= 0.321456378795472  occ= 0
MO #169 energy= 0.324557434159888  occ= 0
MO #170 energy= 0.332929297001549  occ= 0
MO #171 energy= 0.348403779998434  occ= 0
MO #172 energy= 0.351237781572838  occ= 0
MO #173 energy= 0.357342206245351  occ= 0
MO #174 energy= 0.357879360030755  occ= 0
MO #175 energy= 0.36331565253233   occ= 0
MO #176 energy= 0.373278076913422  occ= 0
MO #177 energy= 0.37984327313448   occ= 0
MO #178 energy= 0.384609491208214  occ= 0
MO #179 energy= 0.394631016148511  occ= 0
MO #180 energy= 0.395976693147237  occ= 0
MO #181 energy= 0.429506542913099  occ= 0
MO #182 energy= 0.433826260867792  occ= 0
MO #183 energy= 0.441645967656651  occ= 0
MO #184 energy= 0.443848493572455  occ= 0
MO #185 energy= 0.449897037014879  occ= 0
MO #186 energy= 0.452200223196991  occ= 0
MO #187 energy= 0.457619384419993  occ= 0
MO #188 energy= 0.460934900995107  occ= 0
MO #189 energy= 0.46510872215986   occ= 0
MO #190 energy= 0.467120422261603  occ= 0
MO #191 energy= 0.472298334012888  occ= 0
MO #192 energy= 0.475909913450641  occ= 0
MO #193 energy= 0.478829481344151  occ= 0
MO #194 energy= 0.481633615021164  occ= 0
MO #195 energy= 0.486262282951079  occ= 0
MO #196 energy= 0.494072794871867  occ= 0
MO #197 energy= 0.496541911673874  occ= 0
MO #198 energy= 0.500322142620096  occ= 0
MO #199 energy= 0.502920801359367  occ= 0
MO #200 energy= 0.504661804146309  occ= 0
MO #201 energy= 0.512587544621198  occ= 0
MO #202 energy= 0.516351140154998  occ= 0
MO #203 energy= 0.519050899831548  occ= 0
MO #204 energy= 0.525710783707832  occ= 0
MO #205 energy= 0.5338731211379    occ= 0
MO #206 energy= 0.538680490871235  occ= 0
MO #207 energy= 0.540946314152864  occ= 0
MO #208 energy= 0.544400288507482  occ= 0
MO #209 energy= 0.54998641808633   occ= 0
MO #210 energy= 0.553235953321539  occ= 0
MO #211 energy= 0.558183156018639  occ= 0
MO #212 energy= 0.561111258933923  occ= 0
MO #213 energy= 0.565063501117724  occ= 0
MO #214 energy= 0.574591462887598  occ= 0
MO #215 energy= 0.5818605021191    occ= 0
MO #216 energy= 0.595009075592146  occ= 0
MO #217 energy= 0.596980144919986  occ= 0
MO #218 energy= 0.60431354121451   occ= 0
MO #219 energy= 0.605505442055952  occ= 0
MO #220 energy= 0.611494048354435  occ= 0
MO #221 energy= 0.615745110219606  occ= 0
MO #222 energy= 0.622294859035458  occ= 0
MO #223 energy= 0.628848130884215  occ= 0
MO #224 energy= 0.63616395376435   occ= 0
MO #225 energy= 0.638276121844344  occ= 0
MO #226 energy= 0.63921105452968   occ= 0
MO #227 energy= 0.653376142726813  occ= 0
MO #228 energy= 0.660219909378249  occ= 0
MO #229 energy= 0.663721463537436  occ= 0
MO #230 energy= 0.668055847191514  occ= 0
MO #231 energy= 0.669946875925467  occ= 0
MO #232 energy= 0.671109341858856  occ= 0
MO #233 energy= 0.674905526703419  occ= 0
MO #234 energy= 0.68436583905638   occ= 0
MO #235 energy= 0.690392277005119  occ= 0
MO #236 energy= 0.698632303215855  occ= 0
MO #237 energy= 0.699338825958328  occ= 0
MO #238 energy= 0.708330160771618  occ= 0
MO #239 energy= 0.722849725486411  occ= 0
MO #240 energy= 0.72773826663832   occ= 0
MO #241 energy= 0.733245966325697  occ= 0
MO #242 energy= 0.736203291847631  occ= 0
MO #243 energy= 0.744924846120926  occ= 0
MO #244 energy= 0.745045479687895  occ= 0
MO #245 energy= 0.752294807287914  occ= 0
MO #246 energy= 0.754987940770927  occ= 0
MO #247 energy= 0.769839994399792  occ= 0
MO #248 energy= 0.7707035552443    occ= 0
MO #249 energy= 0.776667355439963  occ= 0
MO #250 energy= 0.785725632218195  occ= 0
MO #251 energy= 0.797967755373692  occ= 0
MO #252 energy= 0.799641034500777  occ= 0
MO #253 energy= 0.807473043294566  occ= 0
MO #254 energy= 0.809021067605235  occ= 0
MO #255 energy= 0.819434893004064  occ= 0
MO #256 energy= 0.827949216838881  occ= 0
MO #257 energy= 0.839983628239533  occ= 0
MO #258 energy= 0.841902063153277  occ= 0
MO #259 energy= 0.847285781641513  occ= 0
MO #260 energy= 0.85962322554764   occ= 0
MO #261 energy= 0.864718808459995  occ= 0
MO #262 energy= 0.876719739620497  occ= 0
MO #263 energy= 0.882923864428928  occ= 0
MO #264 energy= 0.902954279024552  occ= 0
MO #265 energy= 0.917937157406088  occ= 0
MO #266 energy= 0.922216483304998  occ= 0
MO #267 energy= 0.929106814741303  occ= 0
MO #268 energy= 0.942897145347078  occ= 0
MO #269 energy= 0.961480589766019  occ= 0
MO #270 energy= 0.968568297863472  occ= 0
MO #271 energy= 0.97912521354048   occ= 0
MO #272 energy= 0.990857326093785  occ= 0
MO #273 energy= 0.999443626648493  occ= 0
MO #274 energy= 1.01536906396287   occ= 0
MO #275 energy= 1.02644586611036   occ= 0
MO #276 energy= 1.04929165573952   occ= 0
MO #277 energy= 1.06963645483482   occ= 0
MO #278 energy= 1.07976776160474   occ= 0
MO #279 energy= 1.09643693883299   occ= 0
MO #280 energy= 1.10971233887507   occ= 0
MO #281 energy= 1.11287608446694   occ= 0
MO #282 energy= 1.12165350898053   occ= 0
MO #283 energy= 1.13197959078082   occ= 0
MO #284 energy= 1.14902106775944   occ= 0
MO #285 energy= 1.15266675632758   occ= 0
MO #286 energy= 1.16967330199099   occ= 0
MO #287 energy= 1.17384115537443   occ= 0
MO #288 energy= 1.18373102203913   occ= 0
MO #289 energy= 1.18567867286111   occ= 0
MO #290 energy= 1.19406861228726   occ= 0
MO #291 energy= 1.19770816213897   occ= 0
MO #292 energy= 1.20689267730902   occ= 0
MO #293 energy= 1.21664761130379   occ= 0
MO #294 energy= 1.2344462852158    occ= 0
MO #295 energy= 1.23854487620934   occ= 0
MO #296 energy= 1.23911430790764   occ= 0
MO #297 energy= 1.24347232762851   occ= 0
MO #298 energy= 1.25550249973376   occ= 0
MO #299 energy= 1.26256925970654   occ= 0
MO #300 energy= 1.26952815867141   occ= 0
MO #301 energy= 1.27649483010475   occ= 0
MO #302 energy= 1.28062594835237   occ= 0
MO #303 energy= 1.29445878560693   occ= 0
MO #304 energy= 1.29680328165085   occ= 0
MO #305 energy= 1.30650137517248   occ= 0
MO #306 energy= 1.31252472126303   occ= 0
MO #307 energy= 1.32079707395205   occ= 0
MO #308 energy= 1.3305159314457    occ= 0
MO #309 energy= 1.34198009009101   occ= 0
MO #310 energy= 1.3589907006021    occ= 0
MO #311 energy= 1.36966098773899   occ= 0
MO #312 energy= 1.3731076853869    occ= 0
MO #313 energy= 1.3767271155675    occ= 0
MO #314 energy= 1.44733213245678   occ= 0
MO #315 energy= 1.45090319232491   occ= 0
MO #316 energy= 1.4622044549773    occ= 0
MO #317 energy= 1.47433506756454   occ= 0
MO #318 energy= 1.48232361166723   occ= 0
MO #319 energy= 1.4861819426106    occ= 0
MO #320 energy= 1.50868950356064   occ= 0
MO #321 energy= 1.53517820309843   occ= 0
MO #322 energy= 1.54394764751141   occ= 0
MO #323 energy= 1.55840755454379   occ= 0
MO #324 energy= 1.59045241026092   occ= 0
MO #325 energy= 1.59844840610496   occ= 0
MO #326 energy= 1.61739737255696   occ= 0
MO #327 energy= 1.63809515889312   occ= 0
MO #328 energy= 1.65410732153904   occ= 0
MO #329 energy= 1.66130409995809   occ= 0
MO #330 energy= 1.66654160638731   occ= 0
MO #331 energy= 1.66756859536367   occ= 0
MO #332 energy= 1.68835964190564   occ= 0
MO #333 energy= 1.69894546220181   occ= 0
MO #334 energy= 1.7029853765071    occ= 0
MO #335 energy= 1.71939003896233   occ= 0
MO #336 energy= 1.72500291248776   occ= 0
MO #337 energy= 1.72803136344942   occ= 0
MO #338 energy= 1.73044363142241   occ= 0
MO #339 energy= 1.73674281698385   occ= 0
MO #340 energy= 1.73892690007487   occ= 0
MO #341 energy= 1.74054847739147   occ= 0
MO #342 energy= 1.75243078771039   occ= 0
MO #343 energy= 1.75836146718182   occ= 0
MO #344 energy= 1.76465404576813   occ= 0
MO #345 energy= 1.7677441590642    occ= 0
MO #346 energy= 1.78388984971431   occ= 0
MO #347 energy= 1.78577101153325   occ= 0
MO #348 energy= 1.79062870622006   occ= 0
MO #349 energy= 1.81533234010027   occ= 0
MO #350 energy= 1.81921809713452   occ= 0
MO #351 energy= 1.82801223290597   occ= 0
MO #352 energy= 1.83149578189274   occ= 0
MO #353 energy= 1.84903539323262   occ= 0
MO #354 energy= 1.85377118347429   occ= 0
MO #355 energy= 1.86530806601021   occ= 0
MO #356 energy= 1.89594292570245   occ= 0
MO #357 energy= 1.90208258966893   occ= 0
MO #358 energy= 1.91200090494792   occ= 0
MO #359 energy= 1.93294462814258   occ= 0
MO #360 energy= 1.94203392084445   occ= 0
MO #361 energy= 1.94823378896269   occ= 0
MO #362 energy= 1.95433752367028   occ= 0
MO #363 energy= 1.96683961497227   occ= 0
MO #364 energy= 1.96786257848303   occ= 0
MO #365 energy= 1.9821688230132    occ= 0
MO #366 energy= 1.98984065510446   occ= 0
MO #367 energy= 2.00381408348013   occ= 0
MO #368 energy= 2.03178246987423   occ= 0
MO #369 energy= 2.03792646153734   occ= 0
MO #370 energy= 2.03903318406318   occ= 0
MO #371 energy= 2.04807844541195   occ= 0
MO #372 energy= 2.05310713107502   occ= 0
MO #373 energy= 2.08135645496458   occ= 0
MO #374 energy= 2.08665704604968   occ= 0
MO #375 energy= 2.11719654719479   occ= 0
MO #376 energy= 2.11996507556912   occ= 0
MO #377 energy= 2.13041190723858   occ= 0
MO #378 energy= 2.1319229134361    occ= 0
MO #379 energy= 2.14414057164059   occ= 0
MO #380 energy= 2.1555021454443    occ= 0
MO #381 energy= 2.15985279285023   occ= 0
MO #382 energy= 2.17856897348558   occ= 0
MO #383 energy= 2.18207036732208   occ= 0
MO #384 energy= 2.18330721800128   occ= 0
MO #385 energy= 2.19474751104503   occ= 0
MO #386 energy= 2.19804846292101   occ= 0
MO #387 energy= 2.20136727234763   occ= 0
MO #388 energy= 2.21938394476335   occ= 0
MO #389 energy= 2.23829284317212   occ= 0
MO #390 energy= 2.24446674474217   occ= 0
MO #391 energy= 2.26005963249079   occ= 0
MO #392 energy= 2.27133608778935   occ= 0
MO #393 energy= 2.31385269108305   occ= 0
MO #394 energy= 2.32694896452878   occ= 0
MO #395 energy= 2.33502428331424   occ= 0
MO #396 energy= 2.35151945288916   occ= 0
MO #397 energy= 2.36011069566645   occ= 0
MO #398 energy= 2.362921133304     occ= 0
MO #399 energy= 2.36974620888776   occ= 0
MO #400 energy= 2.37111917384845   occ= 0
MO #401 energy= 2.38736563748674   occ= 0
MO #402 energy= 2.39257725532717   occ= 0
MO #403 energy= 2.39841860087822   occ= 0
MO #404 energy= 2.44661156114993   occ= 0
MO #405 energy= 2.48215673373845   occ= 0
MO #406 energy= 2.4854607887823    occ= 0
MO #407 energy= 2.53521575743362   occ= 0
MO #408 energy= 2.55524354622091   occ= 0
MO #409 energy= 2.55688123761405   occ= 0
MO #410 energy= 2.56893982387181   occ= 0
MO #411 energy= 2.58555033563345   occ= 0
MO #412 energy= 2.59113693559484   occ= 0
MO #413 energy= 2.59770943102523   occ= 0
MO #414 energy= 2.61642044122351   occ= 0
MO #415 energy= 2.63088163889691   occ= 0
MO #416 energy= 2.63289759918155   occ= 0
MO #417 energy= 2.63716254186861   occ= 0
MO #418 energy= 2.64748267500686   occ= 0
MO #419 energy= 2.65039367337739   occ= 0
MO #420 energy= 2.65865246120882   occ= 0
MO #421 energy= 2.66447053097481   occ= 0
MO #422 energy= 2.67216499803615   occ= 0
MO #423 energy= 2.68454092015292   occ= 0
MO #424 energy= 2.70024641878721   occ= 0
MO #425 energy= 2.71421656309897   occ= 0
MO #426 energy= 2.72424317451404   occ= 0
MO #427 energy= 2.74679011809371   occ= 0
MO #428 energy= 2.75333774594391   occ= 0
MO #429 energy= 2.75631876436272   occ= 0
MO #430 energy= 2.76771939812973   occ= 0
MO #431 energy= 2.79330810557892   occ= 0
MO #432 energy= 2.80534707898709   occ= 0
MO #433 energy= 2.83701095983872   occ= 0
MO #434 energy= 2.85411503095195   occ= 0
MO #435 energy= 2.86455411340357   occ= 0
MO #436 energy= 2.87151338958741   occ= 0
MO #437 energy= 2.8753329335348    occ= 0
MO #438 energy= 2.8891411204216    occ= 0
MO #439 energy= 2.90984579591304   occ= 0
MO #440 energy= 2.92353996639591   occ= 0
MO #441 energy= 2.9341836709464    occ= 0
MO #442 energy= 2.98614984048872   occ= 0
MO #443 energy= 2.99213002284959   occ= 0
MO #444 energy= 2.99422082742575   occ= 0
MO #445 energy= 3.00068105661169   occ= 0
MO #446 energy= 3.05903167597853   occ= 0
MO #447 energy= 3.07862736357833   occ= 0
MO #448 energy= 3.13277258610424   occ= 0
MO #449 energy= 3.13539357940375   occ= 0
MO #450 energy= 3.14934656325531   occ= 0
MO #451 energy= 3.15126418046989   occ= 0
MO #452 energy= 3.16761363699165   occ= 0
MO #453 energy= 3.19217978459888   occ= 0
MO #454 energy= 3.20860492148495   occ= 0
MO #455 energy= 3.28825463768998   occ= 0
MO #456 energy= 3.34945740136107   occ= 0
MO #457 energy= 3.38623293230858   occ= 0
MO #458 energy= 3.41069131879157   occ= 0
MO #459 energy= 3.41637919870493   occ= 0
MO #460 energy= 3.43489349910572   occ= 0
MO #461 energy= 3.45371582178521   occ= 0
MO #462 energy= 3.4592563388766    occ= 0
MO #463 energy= 3.50174363448718   occ= 0
MO #464 energy= 3.50573563386795   occ= 0
MO #465 energy= 3.53893176992359   occ= 0
MO #466 energy= 3.56160902345876   occ= 0
MO #467 energy= 3.63080713420132   occ= 0
MO #468 energy= 3.64537848044685   occ= 0
MO #469 energy= 3.65703318110425   occ= 0
MO #470 energy= 3.67621106983934   occ= 0
MO #471 energy= 3.68298964509875   occ= 0
MO #472 energy= 3.83049111776387   occ= 0
MO #473 energy= 3.83830007989389   occ= 0
 ** Mulliken atomic charges  **
charge of  0O =     -0.76561
charge of  1P =      1.74953
charge of  2O =     -0.64673
charge of  3O =     -0.52639
charge of  4C =      0.18160
charge of  5C =     -0.02364
charge of  6Br =     -0.01973
charge of  7C =     -0.10042
charge of  8C =      0.01199
charge of  9C =      0.00237
charge of  10C =     -0.10355
charge of  11C =     -0.09626
charge of  12C =     -0.09856
charge of  13C =     -0.09987
charge of  14C =     -0.02126
charge of  15C =     -0.02403
charge of  16C =      0.18064
charge of  17O =     -0.53170
charge of  18C =     -0.02357
charge of  19Br =     -0.01152
charge of  20C =     -0.09954
charge of  21C =      0.01241
charge of  22C =     -0.09939
charge of  23C =     -0.09871
charge of  24C =     -0.09651
charge of  25C =     -0.10407
charge of  26C =      0.00180
charge of  27H =      0.35569
charge of  28H =      0.11812
charge of  29H =      0.11289
charge of  30H =      0.10685
charge of  31H =      0.10649
charge of  32H =      0.10357
charge of  33H =      0.11839
charge of  34H =      0.10382
charge of  35H =      0.10637
charge of  36H =      0.10657
charge of  37H =      0.11194
Dipole moment(X, Y, Z, Debye):  3.52499, -1.09634,  2.14311
def2-svp b3lyp 52.57332515716553
