/public3/home/scg5914/software-scg5914/LSW/1/data/data2/std_data/def2svp_b3lyp/cat_4.xyz
converged SCF energy = -2107.78630868527
**** MO energy ****
MO #1   energy= -77.2196957151979  occ= 2
MO #2   energy= -19.1829472118484  occ= 2
MO #3   energy= -19.1826272963045  occ= 2
MO #4   energy= -19.1744128837098  occ= 2
MO #5   energy= -19.088288443774   occ= 2
MO #6   energy= -10.2617942925023  occ= 2
MO #7   energy= -10.2567673007005  occ= 2
MO #8   energy= -10.210235841917   occ= 2
MO #9   energy= -10.206320965269   occ= 2
MO #10  energy= -10.206137209711   occ= 2
MO #11  energy= -10.2056031579588  occ= 2
MO #12  energy= -10.2029550939497  occ= 2
MO #13  energy= -10.2012390164225  occ= 2
MO #14  energy= -10.1995331027134  occ= 2
MO #15  energy= -10.1977137783723  occ= 2
MO #16  energy= -10.1972655572644  occ= 2
MO #17  energy= -10.1953474703697  occ= 2
MO #18  energy= -10.1942048841342  occ= 2
MO #19  energy= -10.1937347065868  occ= 2
MO #20  energy= -10.1933571564653  occ= 2
MO #21  energy= -10.192460145952   occ= 2
MO #22  energy= -10.1921920686855  occ= 2
MO #23  energy= -10.1920565138083  occ= 2
MO #24  energy= -10.1905134466652  occ= 2
MO #25  energy= -10.1900063502331  occ= 2
MO #26  energy= -10.1895489697638  occ= 2
MO #27  energy= -10.1888549865239  occ= 2
MO #28  energy= -10.18812311807    occ= 2
MO #29  energy= -10.1870119802205  occ= 2
MO #30  energy= -10.1866973969525  occ= 2
MO #31  energy= -10.1792603921465  occ= 2
MO #32  energy= -10.1764365913273  occ= 2
MO #33  energy= -10.1751366208609  occ= 2
MO #34  energy= -10.1742273072733  occ= 2
MO #35  energy= -10.1734882435784  occ= 2
MO #36  energy= -10.1733029256221  occ= 2
MO #37  energy= -10.1731891369713  occ= 2
MO #38  energy= -10.1713999962903  occ= 2
MO #39  energy= -10.1698685118941  occ= 2
MO #40  energy= -10.1689991493314  occ= 2
MO #41  energy= -10.1611850203764  occ= 2
MO #42  energy= -10.1585830487761  occ= 2
MO #43  energy= -10.1523792140359  occ= 2
MO #44  energy= -6.69509966463903  occ= 2
MO #45  energy= -4.86271337342537  occ= 2
MO #46  energy= -4.86248302243774  occ= 2
MO #47  energy= -4.86014312987071  occ= 2
MO #48  energy= -1.11880282916635  occ= 2
MO #49  energy= -1.05608343148208  occ= 2
MO #50  energy= -1.04532076534573  occ= 2
MO #51  energy= -0.962817972988739 occ= 2
MO #52  energy= -0.893502318203076 occ= 2
MO #53  energy= -0.879791529627983 occ= 2
MO #54  energy= -0.865168181986044 occ= 2
MO #55  energy= -0.852152609139683 occ= 2
MO #56  energy= -0.834325669552983 occ= 2
MO #57  energy= -0.824802401212746 occ= 2
MO #58  energy= -0.808363762249558 occ= 2
MO #59  energy= -0.782721316330631 occ= 2
MO #60  energy= -0.779944524434231 occ= 2
MO #61  energy= -0.772030174206132 occ= 2
MO #62  energy= -0.763998130465529 occ= 2
MO #63  energy= -0.761669213388767 occ= 2
MO #64  energy= -0.748928896594888 occ= 2
MO #65  energy= -0.740991395188744 occ= 2
MO #66  energy= -0.736442800110863 occ= 2
MO #67  energy= -0.714614970507978 occ= 2
MO #68  energy= -0.700009743881737 occ= 2
MO #69  energy= -0.682286505567425 occ= 2
MO #70  energy= -0.680359863798839 occ= 2
MO #71  energy= -0.675448657123619 occ= 2
MO #72  energy= -0.673120168596314 occ= 2
MO #73  energy= -0.668916258889447 occ= 2
MO #74  energy= -0.65780900596807  occ= 2
MO #75  energy= -0.635703933530526 occ= 2
MO #76  energy= -0.632875361003791 occ= 2
MO #77  energy= -0.617784919919065 occ= 2
MO #78  energy= -0.612514216143774 occ= 2
MO #79  energy= -0.606789328428081 occ= 2
MO #80  energy= -0.584682274932112 occ= 2
MO #81  energy= -0.576698913090301 occ= 2
MO #82  energy= -0.574030193004774 occ= 2
MO #83  energy= -0.565523320435741 occ= 2
MO #84  energy= -0.562329927666692 occ= 2
MO #85  energy= -0.557910806610198 occ= 2
MO #86  energy= -0.55219984291954  occ= 2
MO #87  energy= -0.541430426757507 occ= 2
MO #88  energy= -0.524394211508761 occ= 2
MO #89  energy= -0.522080087787861 occ= 2
MO #90  energy= -0.503953353450437 occ= 2
MO #91  energy= -0.495941366617896 occ= 2
MO #92  energy= -0.492910873827624 occ= 2
MO #93  energy= -0.487496883568696 occ= 2
MO #94  energy= -0.481899904834768 occ= 2
MO #95  energy= -0.477182828980464 occ= 2
MO #96  energy= -0.467499952435803 occ= 2
MO #97  energy= -0.463625512157138 occ= 2
MO #98  energy= -0.459105248663559 occ= 2
MO #99  energy= -0.451827830860827 occ= 2
MO #100 energy= -0.44747550992114  occ= 2
MO #101 energy= -0.442725663589469 occ= 2
MO #102 energy= -0.438514871218901 occ= 2
MO #103 energy= -0.435524246125323 occ= 2
MO #104 energy= -0.430853752872208 occ= 2
MO #105 energy= -0.428268352472928 occ= 2
MO #106 energy= -0.421689958148435 occ= 2
MO #107 energy= -0.419335524122886 occ= 2
MO #108 energy= -0.419086496486386 occ= 2
MO #109 energy= -0.415314108314954 occ= 2
MO #110 energy= -0.412857223149626 occ= 2
MO #111 energy= -0.412231137463529 occ= 2
MO #112 energy= -0.410333520280287 occ= 2
MO #113 energy= -0.40853411385217  occ= 2
MO #114 energy= -0.404605320371765 occ= 2
MO #115 energy= -0.40417648610116  occ= 2
MO #116 energy= -0.403334565224652 occ= 2
MO #117 energy= -0.400554407661698 occ= 2
MO #118 energy= -0.397634819563474 occ= 2
MO #119 energy= -0.393708401848863 occ= 2
MO #120 energy= -0.392034906306455 occ= 2
MO #121 energy= -0.390360117994709 occ= 2
MO #122 energy= -0.387449793595141 occ= 2
MO #123 energy= -0.386586550685141 occ= 2
MO #124 energy= -0.381635720892718 occ= 2
MO #125 energy= -0.379878197327007 occ= 2
MO #126 energy= -0.376054127215778 occ= 2
MO #127 energy= -0.369436316340094 occ= 2
MO #128 energy= -0.368550994830001 occ= 2
MO #129 energy= -0.362884260822871 occ= 2
MO #130 energy= -0.359438933267739 occ= 2
MO #131 energy= -0.354761572367534 occ= 2
MO #132 energy= -0.35213681614225  occ= 2
MO #133 energy= -0.343398133160468 occ= 2
MO #134 energy= -0.342947038169205 occ= 2
MO #135 energy= -0.337168961122374 occ= 2
MO #136 energy= -0.336078937250569 occ= 2
MO #137 energy= -0.335320574280521 occ= 2
MO #138 energy= -0.32901511883446  occ= 2
MO #139 energy= -0.328332681814036 occ= 2
MO #140 energy= -0.32159739236256  occ= 2
MO #141 energy= -0.319458791400507 occ= 2
MO #142 energy= -0.31837942347381  occ= 2
MO #143 energy= -0.302315177633583 occ= 2
MO #144 energy= -0.300068763035026 occ= 2
MO #145 energy= -0.298107687288634 occ= 2
MO #146 energy= -0.290645136316999 occ= 2
MO #147 energy= -0.258213315574666 occ= 2
MO #148 energy= -0.251059248549872 occ= 2
MO #149 energy= -0.240862684282229 occ= 2
MO #150 energy= -0.237437708710003 occ= 2
MO #151 energy= -0.230960634973432 occ= 2
MO #152 energy= -0.225705887984243 occ= 2
MO #153 energy= -0.223892091844094 occ= 2
MO #154 energy= -0.217819273522594 occ= 2
MO #155 energy= -0.0627229764463443 occ= 0
MO #156 energy= -0.0495356978361374 occ= 0
MO #157 energy= -0.0274220402885615 occ= 0
MO #158 energy= -0.0192405867155813 occ= 0
MO #159 energy= -0.00433349065716788 occ= 0
MO #160 energy= -0.00011756965718399 occ= 0
MO #161 energy= 0.00976023044772462 occ= 0
MO #162 energy= 0.0115343707827867 occ= 0
MO #163 energy= 0.0169563190498058 occ= 0
MO #164 energy= 0.0262925048283909 occ= 0
MO #165 energy= 0.0341033990455231 occ= 0
MO #166 energy= 0.0634092233336388 occ= 0
MO #167 energy= 0.0677892928385701 occ= 0
MO #168 energy= 0.0715219297872249 occ= 0
MO #169 energy= 0.0729046536888312 occ= 0
MO #170 energy= 0.0803627391520606 occ= 0
MO #171 energy= 0.0814185686768426 occ= 0
MO #172 energy= 0.0827900391141373 occ= 0
MO #173 energy= 0.0867940796345051 occ= 0
MO #174 energy= 0.0898274324730673 occ= 0
MO #175 energy= 0.0938570674552293 occ= 0
MO #176 energy= 0.0967849877259057 occ= 0
MO #177 energy= 0.102871923316651  occ= 0
MO #178 energy= 0.106301066204728  occ= 0
MO #179 energy= 0.108852559529065  occ= 0
MO #180 energy= 0.109807666239544  occ= 0
MO #181 energy= 0.113407356941352  occ= 0
MO #182 energy= 0.1177940974042    occ= 0
MO #183 energy= 0.12060539471826   occ= 0
MO #184 energy= 0.125714539124915  occ= 0
MO #185 energy= 0.127531198222862  occ= 0
MO #186 energy= 0.129526119765857  occ= 0
MO #187 energy= 0.133436370796128  occ= 0
MO #188 energy= 0.136945505395739  occ= 0
MO #189 energy= 0.140123475112437  occ= 0
MO #190 energy= 0.143276650248837  occ= 0
MO #191 energy= 0.14442738294764   occ= 0
MO #192 energy= 0.152102859965736  occ= 0
MO #193 energy= 0.154725463704503  occ= 0
MO #194 energy= 0.158912296839956  occ= 0
MO #195 energy= 0.162273030298632  occ= 0
MO #196 energy= 0.164016303125489  occ= 0
MO #197 energy= 0.166540745529479  occ= 0
MO #198 energy= 0.169971542730165  occ= 0
MO #199 energy= 0.173361978925046  occ= 0
MO #200 energy= 0.175306790205014  occ= 0
MO #201 energy= 0.177708047052237  occ= 0
MO #202 energy= 0.182648532930836  occ= 0
MO #203 energy= 0.187108889662258  occ= 0
MO #204 energy= 0.18919001770496   occ= 0
MO #205 energy= 0.194052174970348  occ= 0
MO #206 energy= 0.203866905813514  occ= 0
MO #207 energy= 0.206899645921192  occ= 0
MO #208 energy= 0.209622785385982  occ= 0
MO #209 energy= 0.226357692378295  occ= 0
MO #210 energy= 0.235486967235236  occ= 0
MO #211 energy= 0.242126424650373  occ= 0
MO #212 energy= 0.242674212517145  occ= 0
MO #213 energy= 0.247151321130619  occ= 0
MO #214 energy= 0.250498611744685  occ= 0
MO #215 energy= 0.252762614788638  occ= 0
MO #216 energy= 0.255796370556735  occ= 0
MO #217 energy= 0.267302260909038  occ= 0
MO #218 energy= 0.269848627249277  occ= 0
MO #219 energy= 0.27450282261878   occ= 0
MO #220 energy= 0.281818179302656  occ= 0
MO #221 energy= 0.282306269786733  occ= 0
MO #222 energy= 0.286510806860402  occ= 0
MO #223 energy= 0.291055970673926  occ= 0
MO #224 energy= 0.293381364443864  occ= 0
MO #225 energy= 0.296556035177662  occ= 0
MO #226 energy= 0.2973282315323    occ= 0
MO #227 energy= 0.303754835600491  occ= 0
MO #228 energy= 0.313375608039331  occ= 0
MO #229 energy= 0.316714651172232  occ= 0
MO #230 energy= 0.319021220494435  occ= 0
MO #231 energy= 0.325835846773571  occ= 0
MO #232 energy= 0.328217011630688  occ= 0
MO #233 energy= 0.334725525446444  occ= 0
MO #234 energy= 0.336297061872736  occ= 0
MO #235 energy= 0.338746630599344  occ= 0
MO #236 energy= 0.345063571762693  occ= 0
MO #237 energy= 0.348519948626674  occ= 0
MO #238 energy= 0.353288055801233  occ= 0
MO #239 energy= 0.355300917756163  occ= 0
MO #240 energy= 0.357682282097941  occ= 0
MO #241 energy= 0.362388945756078  occ= 0
MO #242 energy= 0.368034828232529  occ= 0
MO #243 energy= 0.368697319296525  occ= 0
MO #244 energy= 0.372136690101086  occ= 0
MO #245 energy= 0.377954589425501  occ= 0
MO #246 energy= 0.382684195646293  occ= 0
MO #247 energy= 0.384045224070818  occ= 0
MO #248 energy= 0.388444170358947  occ= 0
MO #249 energy= 0.393623026961461  occ= 0
MO #250 energy= 0.398726813465349  occ= 0
MO #251 energy= 0.402351507497384  occ= 0
MO #252 energy= 0.403490652321814  occ= 0
MO #253 energy= 0.408834599077696  occ= 0
MO #254 energy= 0.413677027669955  occ= 0
MO #255 energy= 0.415578531224573  occ= 0
MO #256 energy= 0.416714204342532  occ= 0
MO #257 energy= 0.419889056568099  occ= 0
MO #258 energy= 0.428408380328593  occ= 0
MO #259 energy= 0.435308704943755  occ= 0
MO #260 energy= 0.440135828207585  occ= 0
MO #261 energy= 0.445103923073842  occ= 0
MO #262 energy= 0.44742061543139   occ= 0
MO #263 energy= 0.449005537759514  occ= 0
MO #264 energy= 0.450459727967156  occ= 0
MO #265 energy= 0.451973607084736  occ= 0
MO #266 energy= 0.453913394069349  occ= 0
MO #267 energy= 0.459060856721447  occ= 0
MO #268 energy= 0.463604974696171  occ= 0
MO #269 energy= 0.465986581812688  occ= 0
MO #270 energy= 0.469546417264416  occ= 0
MO #271 energy= 0.470256521833274  occ= 0
MO #272 energy= 0.471965160831553  occ= 0
MO #273 energy= 0.475746524124808  occ= 0
MO #274 energy= 0.479115095895092  occ= 0
MO #275 energy= 0.481788951958103  occ= 0
MO #276 energy= 0.488063843342977  occ= 0
MO #277 energy= 0.491257994661079  occ= 0
MO #278 energy= 0.49526117607149   occ= 0
MO #279 energy= 0.496793103235347  occ= 0
MO #280 energy= 0.498469935134702  occ= 0
MO #281 energy= 0.500796676640619  occ= 0
MO #282 energy= 0.504378691563175  occ= 0
MO #283 energy= 0.509697278848858  occ= 0
MO #284 energy= 0.512171079283965  occ= 0
MO #285 energy= 0.514953103448094  occ= 0
MO #286 energy= 0.520060578845731  occ= 0
MO #287 energy= 0.52071673561384   occ= 0
MO #288 energy= 0.531254116165339  occ= 0
MO #289 energy= 0.534903009912044  occ= 0
MO #290 energy= 0.54098625116061   occ= 0
MO #291 energy= 0.545896039264135  occ= 0
MO #292 energy= 0.546691098570127  occ= 0
MO #293 energy= 0.547383531674337  occ= 0
MO #294 energy= 0.552522995210544  occ= 0
MO #295 energy= 0.555052268482449  occ= 0
MO #296 energy= 0.561940408827763  occ= 0
MO #297 energy= 0.567729130687046  occ= 0
MO #298 energy= 0.570153570231951  occ= 0
MO #299 energy= 0.572376962574228  occ= 0
MO #300 energy= 0.57757714537724   occ= 0
MO #301 energy= 0.585582690525522  occ= 0
MO #302 energy= 0.590892131583994  occ= 0
MO #303 energy= 0.5973044649179    occ= 0
MO #304 energy= 0.599934819542398  occ= 0
MO #305 energy= 0.601741270479957  occ= 0
MO #306 energy= 0.606652172938104  occ= 0
MO #307 energy= 0.610367905809639  occ= 0
MO #308 energy= 0.613304244087162  occ= 0
MO #309 energy= 0.618469327936196  occ= 0
MO #310 energy= 0.61886990548078   occ= 0
MO #311 energy= 0.627689924371704  occ= 0
MO #312 energy= 0.632369872634532  occ= 0
MO #313 energy= 0.633550118687129  occ= 0
MO #314 energy= 0.635131069218209  occ= 0
MO #315 energy= 0.639519039604608  occ= 0
MO #316 energy= 0.640933953835932  occ= 0
MO #317 energy= 0.644535666725088  occ= 0
MO #318 energy= 0.645780735091764  occ= 0
MO #319 energy= 0.649934522834693  occ= 0
MO #320 energy= 0.652221114302498  occ= 0
MO #321 energy= 0.654186320431857  occ= 0
MO #322 energy= 0.657001144657415  occ= 0
MO #323 energy= 0.659533107849214  occ= 0
MO #324 energy= 0.659949250745911  occ= 0
MO #325 energy= 0.662147184123484  occ= 0
MO #326 energy= 0.663397635267923  occ= 0
MO #327 energy= 0.66562484554674   occ= 0
MO #328 energy= 0.666561063298951  occ= 0
MO #329 energy= 0.66882608729423   occ= 0
MO #330 energy= 0.673334731934919  occ= 0
MO #331 energy= 0.674153033224085  occ= 0
MO #332 energy= 0.676353757539216  occ= 0
MO #333 energy= 0.679273900254185  occ= 0
MO #334 energy= 0.68172952029152   occ= 0
MO #335 energy= 0.683078672538032  occ= 0
MO #336 energy= 0.684493703528538  occ= 0
MO #337 energy= 0.686635426258752  occ= 0
MO #338 energy= 0.688885224590703  occ= 0
MO #339 energy= 0.690120287532433  occ= 0
MO #340 energy= 0.692743858092044  occ= 0
MO #341 energy= 0.694937483407036  occ= 0
MO #342 energy= 0.697375668303145  occ= 0
MO #343 energy= 0.700166084629571  occ= 0
MO #344 energy= 0.70378017877685   occ= 0
MO #345 energy= 0.705579898973633  occ= 0
MO #346 energy= 0.707258286347709  occ= 0
MO #347 energy= 0.709549209456786  occ= 0
MO #348 energy= 0.713219789025201  occ= 0
MO #349 energy= 0.715033992954187  occ= 0
MO #350 energy= 0.720541969851333  occ= 0
MO #351 energy= 0.723578242712487  occ= 0
MO #352 energy= 0.725748636054395  occ= 0
MO #353 energy= 0.727444651179759  occ= 0
MO #354 energy= 0.730503807826632  occ= 0
MO #355 energy= 0.734251902370917  occ= 0
MO #356 energy= 0.736890902357639  occ= 0
MO #357 energy= 0.739524841859966  occ= 0
MO #358 energy= 0.742254764455386  occ= 0
MO #359 energy= 0.746001249287479  occ= 0
MO #360 energy= 0.746802789149307  occ= 0
MO #361 energy= 0.74866591320485   occ= 0
MO #362 energy= 0.754073511410375  occ= 0
MO #363 energy= 0.757787289443217  occ= 0
MO #364 energy= 0.760843345746767  occ= 0
MO #365 energy= 0.762812453548159  occ= 0
MO #366 energy= 0.765601449101984  occ= 0
MO #367 energy= 0.768039699020808  occ= 0
MO #368 energy= 0.772149977575225  occ= 0
MO #369 energy= 0.775151215623169  occ= 0
MO #370 energy= 0.778544416489274  occ= 0
MO #371 energy= 0.785409505939332  occ= 0
MO #372 energy= 0.791581040336311  occ= 0
MO #373 energy= 0.792986240573665  occ= 0
MO #374 energy= 0.794307885394156  occ= 0
MO #375 energy= 0.80054123741572   occ= 0
MO #376 energy= 0.803912435935122  occ= 0
MO #377 energy= 0.808372130633942  occ= 0
MO #378 energy= 0.813203222851445  occ= 0
MO #379 energy= 0.817240963291772  occ= 0
MO #380 energy= 0.823966963218667  occ= 0
MO #381 energy= 0.826078004404403  occ= 0
MO #382 energy= 0.830892695923134  occ= 0
MO #383 energy= 0.833150633062738  occ= 0
MO #384 energy= 0.836697787521446  occ= 0
MO #385 energy= 0.840987416439994  occ= 0
MO #386 energy= 0.844043283470649  occ= 0
MO #387 energy= 0.851100868663971  occ= 0
MO #388 energy= 0.853896328190943  occ= 0
MO #389 energy= 0.858618498515285  occ= 0
MO #390 energy= 0.866212758198139  occ= 0
MO #391 energy= 0.873776459012284  occ= 0
MO #392 energy= 0.881429177542543  occ= 0
MO #393 energy= 0.886500319604514  occ= 0
MO #394 energy= 0.896724844025221  occ= 0
MO #395 energy= 0.901180664827615  occ= 0
MO #396 energy= 0.903576178985524  occ= 0
MO #397 energy= 0.911386741506441  occ= 0
MO #398 energy= 0.912206488264632  occ= 0
MO #399 energy= 0.927021905992049  occ= 0
MO #400 energy= 0.932754849122275  occ= 0
MO #401 energy= 0.943963079115582  occ= 0
MO #402 energy= 0.961262090524958  occ= 0
MO #403 energy= 0.963827688967827  occ= 0
MO #404 energy= 0.973718719324065  occ= 0
MO #405 energy= 0.976679738655828  occ= 0
MO #406 energy= 0.994541472348021  occ= 0
MO #407 energy= 1.00150316536336   occ= 0
MO #408 energy= 1.01265966923766   occ= 0
MO #409 energy= 1.02052843446895   occ= 0
MO #410 energy= 1.02279951317781   occ= 0
MO #411 energy= 1.03130803845771   occ= 0
MO #412 energy= 1.03629379484771   occ= 0
MO #413 energy= 1.04950146357471   occ= 0
MO #414 energy= 1.06609555669743   occ= 0
MO #415 energy= 1.07065907111641   occ= 0
MO #416 energy= 1.07623324173034   occ= 0
MO #417 energy= 1.09161549201154   occ= 0
MO #418 energy= 1.09874209947897   occ= 0
MO #419 energy= 1.10336857174253   occ= 0
MO #420 energy= 1.11511567582352   occ= 0
MO #421 energy= 1.12430764225532   occ= 0
MO #422 energy= 1.14476798403102   occ= 0
MO #423 energy= 1.15099074107201   occ= 0
MO #424 energy= 1.15394170702644   occ= 0
MO #425 energy= 1.16078773210687   occ= 0
MO #426 energy= 1.16654625001847   occ= 0
MO #427 energy= 1.17221835285632   occ= 0
MO #428 energy= 1.17420679782847   occ= 0
MO #429 energy= 1.17590934772755   occ= 0
MO #430 energy= 1.18057507751951   occ= 0
MO #431 energy= 1.18438203849958   occ= 0
MO #432 energy= 1.18917252262318   occ= 0
MO #433 energy= 1.19432263051949   occ= 0
MO #434 energy= 1.19679711422594   occ= 0
MO #435 energy= 1.20550443918063   occ= 0
MO #436 energy= 1.20736844796986   occ= 0
MO #437 energy= 1.21140735796433   occ= 0
MO #438 energy= 1.2200391267676    occ= 0
MO #439 energy= 1.22169646258643   occ= 0
MO #440 energy= 1.22775932533844   occ= 0
MO #441 energy= 1.23592163119171   occ= 0
MO #442 energy= 1.24405240567451   occ= 0
MO #443 energy= 1.24746490979877   occ= 0
MO #444 energy= 1.2515576647969    occ= 0
MO #445 energy= 1.25356485552578   occ= 0
MO #446 energy= 1.25802550401599   occ= 0
MO #447 energy= 1.26333595388404   occ= 0
MO #448 energy= 1.26803700955781   occ= 0
MO #449 energy= 1.26889650165874   occ= 0
MO #450 energy= 1.27350889388726   occ= 0
MO #451 energy= 1.28362835294608   occ= 0
MO #452 energy= 1.28534186512966   occ= 0
MO #453 energy= 1.28956338806692   occ= 0
MO #454 energy= 1.29112077761197   occ= 0
MO #455 energy= 1.29369137240851   occ= 0
MO #456 energy= 1.29623136362626   occ= 0
MO #457 energy= 1.30265437470322   occ= 0
MO #458 energy= 1.31004907026716   occ= 0
MO #459 energy= 1.31287183616817   occ= 0
MO #460 energy= 1.31580448553958   occ= 0
MO #461 energy= 1.32311110377582   occ= 0
MO #462 energy= 1.323816655051     occ= 0
MO #463 energy= 1.32817940462042   occ= 0
MO #464 energy= 1.32900626684658   occ= 0
MO #465 energy= 1.34123009522379   occ= 0
MO #466 energy= 1.35199675148576   occ= 0
MO #467 energy= 1.36557334054479   occ= 0
MO #468 energy= 1.36705012977014   occ= 0
MO #469 energy= 1.38473635457296   occ= 0
MO #470 energy= 1.39621484240956   occ= 0
MO #471 energy= 1.40759052866192   occ= 0
MO #472 energy= 1.42147944066058   occ= 0
MO #473 energy= 1.43356402169588   occ= 0
MO #474 energy= 1.44059507450696   occ= 0
MO #475 energy= 1.4571704270477    occ= 0
MO #476 energy= 1.458635487077     occ= 0
MO #477 energy= 1.4723040715619    occ= 0
MO #478 energy= 1.48416524283717   occ= 0
MO #479 energy= 1.49715109450345   occ= 0
MO #480 energy= 1.50096356091726   occ= 0
MO #481 energy= 1.50676427131748   occ= 0
MO #482 energy= 1.51187971909235   occ= 0
MO #483 energy= 1.51588106070338   occ= 0
MO #484 energy= 1.52261042843483   occ= 0
MO #485 energy= 1.52684656109346   occ= 0
MO #486 energy= 1.53098283287354   occ= 0
MO #487 energy= 1.5403549237123    occ= 0
MO #488 energy= 1.54627588889271   occ= 0
MO #489 energy= 1.55091991817692   occ= 0
MO #490 energy= 1.5558521740047    occ= 0
MO #491 energy= 1.559513987712     occ= 0
MO #492 energy= 1.56042250522069   occ= 0
MO #493 energy= 1.56515240081886   occ= 0
MO #494 energy= 1.57132333478791   occ= 0
MO #495 energy= 1.57183966828299   occ= 0
MO #496 energy= 1.57758517798213   occ= 0
MO #497 energy= 1.58467379220336   occ= 0
MO #498 energy= 1.5865217160404    occ= 0
MO #499 energy= 1.59750443802008   occ= 0
MO #500 energy= 1.6032000781817    occ= 0
MO #501 energy= 1.61185555086682   occ= 0
MO #502 energy= 1.62452571423858   occ= 0
MO #503 energy= 1.63979825735739   occ= 0
MO #504 energy= 1.64751155111985   occ= 0
MO #505 energy= 1.64971127522462   occ= 0
MO #506 energy= 1.66462905776918   occ= 0
MO #507 energy= 1.66875223350904   occ= 0
MO #508 energy= 1.67795667056689   occ= 0
MO #509 energy= 1.68070666851179   occ= 0
MO #510 energy= 1.68516604324395   occ= 0
MO #511 energy= 1.6918876893056    occ= 0
MO #512 energy= 1.69811385852327   occ= 0
MO #513 energy= 1.7020569758907    occ= 0
MO #514 energy= 1.706458809657     occ= 0
MO #515 energy= 1.71163332734968   occ= 0
MO #516 energy= 1.71370133361903   occ= 0
MO #517 energy= 1.71567070428499   occ= 0
MO #518 energy= 1.71778809825223   occ= 0
MO #519 energy= 1.72269883414758   occ= 0
MO #520 energy= 1.72478336390155   occ= 0
MO #521 energy= 1.73099198436764   occ= 0
MO #522 energy= 1.73262207286529   occ= 0
MO #523 energy= 1.73772116743246   occ= 0
MO #524 energy= 1.74100091580081   occ= 0
MO #525 energy= 1.74339357246265   occ= 0
MO #526 energy= 1.74601330347847   occ= 0
MO #527 energy= 1.75172410975351   occ= 0
MO #528 energy= 1.75297003823185   occ= 0
MO #529 energy= 1.75753001927299   occ= 0
MO #530 energy= 1.75907280363694   occ= 0
MO #531 energy= 1.76135797057764   occ= 0
MO #532 energy= 1.76460355675101   occ= 0
MO #533 energy= 1.76723113387117   occ= 0
MO #534 energy= 1.76972736449569   occ= 0
MO #535 energy= 1.77256230966703   occ= 0
MO #536 energy= 1.77691357661127   occ= 0
MO #537 energy= 1.78084085660117   occ= 0
MO #538 energy= 1.78611781655643   occ= 0
MO #539 energy= 1.79218214254083   occ= 0
MO #540 energy= 1.79650480802623   occ= 0
MO #541 energy= 1.7991300515386    occ= 0
MO #542 energy= 1.79944220849312   occ= 0
MO #543 energy= 1.80606149784321   occ= 0
MO #544 energy= 1.81058867381817   occ= 0
MO #545 energy= 1.81184007435083   occ= 0
MO #546 energy= 1.82054848303058   occ= 0
MO #547 energy= 1.8215452106595    occ= 0
MO #548 energy= 1.82336100217279   occ= 0
MO #549 energy= 1.8292120051293    occ= 0
MO #550 energy= 1.83430233938559   occ= 0
MO #551 energy= 1.83806572091679   occ= 0
MO #552 energy= 1.83906617502984   occ= 0
MO #553 energy= 1.84516070696006   occ= 0
MO #554 energy= 1.84753362791041   occ= 0
MO #555 energy= 1.84982961499944   occ= 0
MO #556 energy= 1.85617785593068   occ= 0
MO #557 energy= 1.85818452431423   occ= 0
MO #558 energy= 1.86347361617558   occ= 0
MO #559 energy= 1.8638713827776    occ= 0
MO #560 energy= 1.87027347871666   occ= 0
MO #561 energy= 1.87362688765803   occ= 0
MO #562 energy= 1.87453767675309   occ= 0
MO #563 energy= 1.88200591007267   occ= 0
MO #564 energy= 1.88495382441828   occ= 0
MO #565 energy= 1.89780886319      occ= 0
MO #566 energy= 1.90549412087602   occ= 0
MO #567 energy= 1.90885197748784   occ= 0
MO #568 energy= 1.91683432215049   occ= 0
MO #569 energy= 1.92161658095661   occ= 0
MO #570 energy= 1.92990961992689   occ= 0
MO #571 energy= 1.94063960042873   occ= 0
MO #572 energy= 1.94488922395329   occ= 0
MO #573 energy= 1.94919919741775   occ= 0
MO #574 energy= 1.95232048483863   occ= 0
MO #575 energy= 1.95727612711019   occ= 0
MO #576 energy= 1.95888229413707   occ= 0
MO #577 energy= 1.96197836197278   occ= 0
MO #578 energy= 1.96569742682396   occ= 0
MO #579 energy= 1.98199756608267   occ= 0
MO #580 energy= 1.98731080204999   occ= 0
MO #581 energy= 1.99138594850521   occ= 0
MO #582 energy= 1.99864131251261   occ= 0
MO #583 energy= 2.00218999520819   occ= 0
MO #584 energy= 2.00429025289194   occ= 0
MO #585 energy= 2.00945756720795   occ= 0
MO #586 energy= 2.01318609427263   occ= 0
MO #587 energy= 2.02010152249759   occ= 0
MO #588 energy= 2.03131087100332   occ= 0
MO #589 energy= 2.03538132126719   occ= 0
MO #590 energy= 2.04267633402625   occ= 0
MO #591 energy= 2.04951647554394   occ= 0
MO #592 energy= 2.05484043240534   occ= 0
MO #593 energy= 2.0567335405699    occ= 0
MO #594 energy= 2.06961242904197   occ= 0
MO #595 energy= 2.07504735494901   occ= 0
MO #596 energy= 2.07753275084024   occ= 0
MO #597 energy= 2.07926284043051   occ= 0
MO #598 energy= 2.08842758349949   occ= 0
MO #599 energy= 2.09463681334293   occ= 0
MO #600 energy= 2.09483363587072   occ= 0
MO #601 energy= 2.09916251045843   occ= 0
MO #602 energy= 2.10670334615314   occ= 0
MO #603 energy= 2.11343575126338   occ= 0
MO #604 energy= 2.11538020344708   occ= 0
MO #605 energy= 2.11898394964229   occ= 0
MO #606 energy= 2.12138883543764   occ= 0
MO #607 energy= 2.13121361336667   occ= 0
MO #608 energy= 2.1374788287767    occ= 0
MO #609 energy= 2.14224892485038   occ= 0
MO #610 energy= 2.14892495681668   occ= 0
MO #611 energy= 2.15300883191986   occ= 0
MO #612 energy= 2.15556761859999   occ= 0
MO #613 energy= 2.1607374833821    occ= 0
MO #614 energy= 2.16350349228878   occ= 0
MO #615 energy= 2.17293292971162   occ= 0
MO #616 energy= 2.17994107307877   occ= 0
MO #617 energy= 2.19195823093162   occ= 0
MO #618 energy= 2.19587967780209   occ= 0
MO #619 energy= 2.19930676720669   occ= 0
MO #620 energy= 2.20663424359115   occ= 0
MO #621 energy= 2.2130552292613    occ= 0
MO #622 energy= 2.2223110518806    occ= 0
MO #623 energy= 2.22667435368862   occ= 0
MO #624 energy= 2.23002423811636   occ= 0
MO #625 energy= 2.24219600338409   occ= 0
MO #626 energy= 2.24592041422704   occ= 0
MO #627 energy= 2.2513490689434    occ= 0
MO #628 energy= 2.25812182984571   occ= 0
MO #629 energy= 2.26125104705334   occ= 0
MO #630 energy= 2.26867535070056   occ= 0
MO #631 energy= 2.27750356040676   occ= 0
MO #632 energy= 2.28089177966064   occ= 0
MO #633 energy= 2.29290059500583   occ= 0
MO #634 energy= 2.29390329215861   occ= 0
MO #635 energy= 2.29853939909059   occ= 0
MO #636 energy= 2.30562775879336   occ= 0
MO #637 energy= 2.31284940824821   occ= 0
MO #638 energy= 2.31787530164491   occ= 0
MO #639 energy= 2.32231821204747   occ= 0
MO #640 energy= 2.32539706892696   occ= 0
MO #641 energy= 2.32970318939691   occ= 0
MO #642 energy= 2.33278723694007   occ= 0
MO #643 energy= 2.33499022240304   occ= 0
MO #644 energy= 2.34607179508817   occ= 0
MO #645 energy= 2.35059565649743   occ= 0
MO #646 energy= 2.35474937677703   occ= 0
MO #647 energy= 2.35688481353353   occ= 0
MO #648 energy= 2.36857039646487   occ= 0
MO #649 energy= 2.38076473093313   occ= 0
MO #650 energy= 2.38977855152197   occ= 0
MO #651 energy= 2.39100878143171   occ= 0
MO #652 energy= 2.3950168822685    occ= 0
MO #653 energy= 2.40290377349154   occ= 0
MO #654 energy= 2.40803284934776   occ= 0
MO #655 energy= 2.41714897556629   occ= 0
MO #656 energy= 2.43907138062811   occ= 0
MO #657 energy= 2.45306295844785   occ= 0
MO #658 energy= 2.46419335085618   occ= 0
MO #659 energy= 2.47088876672192   occ= 0
MO #660 energy= 2.47403660960812   occ= 0
MO #661 energy= 2.47844192763359   occ= 0
MO #662 energy= 2.48682429171303   occ= 0
MO #663 energy= 2.4896650174764    occ= 0
MO #664 energy= 2.49841710377899   occ= 0
MO #665 energy= 2.50279827068      occ= 0
MO #666 energy= 2.51361297287012   occ= 0
MO #667 energy= 2.51934844819755   occ= 0
MO #668 energy= 2.54232545828114   occ= 0
MO #669 energy= 2.5529115852799    occ= 0
MO #670 energy= 2.55797553340916   occ= 0
MO #671 energy= 2.5609078806021    occ= 0
MO #672 energy= 2.56537317698331   occ= 0
MO #673 energy= 2.56780061740834   occ= 0
MO #674 energy= 2.57448917330484   occ= 0
MO #675 energy= 2.58533154694495   occ= 0
MO #676 energy= 2.59108289309762   occ= 0
MO #677 energy= 2.59459512810556   occ= 0
MO #678 energy= 2.59626694284892   occ= 0
MO #679 energy= 2.60095769087682   occ= 0
MO #680 energy= 2.60830530857333   occ= 0
MO #681 energy= 2.61152566628969   occ= 0
MO #682 energy= 2.61658615875592   occ= 0
MO #683 energy= 2.62572328783819   occ= 0
MO #684 energy= 2.62989821139682   occ= 0
MO #685 energy= 2.63327090753504   occ= 0
MO #686 energy= 2.64483538789522   occ= 0
MO #687 energy= 2.6521333289891    occ= 0
MO #688 energy= 2.65544334442522   occ= 0
MO #689 energy= 2.66220295329396   occ= 0
MO #690 energy= 2.66489195673012   occ= 0
MO #691 energy= 2.66826195297183   occ= 0
MO #692 energy= 2.67513775378068   occ= 0
MO #693 energy= 2.67806824243128   occ= 0
MO #694 energy= 2.68445162434158   occ= 0
MO #695 energy= 2.68913391006707   occ= 0
MO #696 energy= 2.69346086764289   occ= 0
MO #697 energy= 2.70421671453001   occ= 0
MO #698 energy= 2.70587941431374   occ= 0
MO #699 energy= 2.71337700549701   occ= 0
MO #700 energy= 2.72111015017019   occ= 0
MO #701 energy= 2.73263649341965   occ= 0
MO #702 energy= 2.74050607681369   occ= 0
MO #703 energy= 2.74649389430527   occ= 0
MO #704 energy= 2.75674178201426   occ= 0
MO #705 energy= 2.76015825904981   occ= 0
MO #706 energy= 2.76393801006139   occ= 0
MO #707 energy= 2.76575674508807   occ= 0
MO #708 energy= 2.77807025293259   occ= 0
MO #709 energy= 2.78045642838498   occ= 0
MO #710 energy= 2.79071950029757   occ= 0
MO #711 energy= 2.79196687280691   occ= 0
MO #712 energy= 2.8092741845192    occ= 0
MO #713 energy= 2.81072773349587   occ= 0
MO #714 energy= 2.8150544262966    occ= 0
MO #715 energy= 2.84678240211131   occ= 0
MO #716 energy= 2.85757144787881   occ= 0
MO #717 energy= 2.86884924307764   occ= 0
MO #718 energy= 2.88067397963388   occ= 0
MO #719 energy= 2.88687977660998   occ= 0
MO #720 energy= 2.90148696436199   occ= 0
MO #721 energy= 2.90766212718878   occ= 0
MO #722 energy= 2.91729992882544   occ= 0
MO #723 energy= 2.92273259072296   occ= 0
MO #724 energy= 2.92529534398672   occ= 0
MO #725 energy= 2.93137307935632   occ= 0
MO #726 energy= 2.93346934704004   occ= 0
MO #727 energy= 2.93639497329151   occ= 0
MO #728 energy= 2.94684129270265   occ= 0
MO #729 energy= 2.9538572999087    occ= 0
MO #730 energy= 2.95757453316396   occ= 0
MO #731 energy= 2.96228549423077   occ= 0
MO #732 energy= 2.96806390953866   occ= 0
MO #733 energy= 2.97224846018476   occ= 0
MO #734 energy= 2.97895049995462   occ= 0
MO #735 energy= 2.98560104602192   occ= 0
MO #736 energy= 2.99117646071491   occ= 0
MO #737 energy= 2.99568149830665   occ= 0
MO #738 energy= 3.00473601775183   occ= 0
MO #739 energy= 3.00854268192424   occ= 0
MO #740 energy= 3.00940135827085   occ= 0
MO #741 energy= 3.0132324778252    occ= 0
MO #742 energy= 3.02177455380763   occ= 0
MO #743 energy= 3.02655689290535   occ= 0
MO #744 energy= 3.04274350194018   occ= 0
MO #745 energy= 3.0507602858634    occ= 0
MO #746 energy= 3.06152787741266   occ= 0
MO #747 energy= 3.06765961411418   occ= 0
MO #748 energy= 3.07953562204752   occ= 0
MO #749 energy= 3.08453038286986   occ= 0
MO #750 energy= 3.09690362534701   occ= 0
MO #751 energy= 3.10735452866      occ= 0
MO #752 energy= 3.14569663527251   occ= 0
MO #753 energy= 3.15992804835331   occ= 0
MO #754 energy= 3.17614162526158   occ= 0
MO #755 energy= 3.18320703265304   occ= 0
MO #756 energy= 3.19211411406474   occ= 0
MO #757 energy= 3.22265680907894   occ= 0
MO #758 energy= 3.23852361846138   occ= 0
MO #759 energy= 3.27613285280977   occ= 0
MO #760 energy= 3.30128293254885   occ= 0
MO #761 energy= 3.32415009274342   occ= 0
MO #762 energy= 3.37509352437587   occ= 0
MO #763 energy= 3.4064391069145    occ= 0
MO #764 energy= 3.47921353520273   occ= 0
MO #765 energy= 3.55338750544716   occ= 0
MO #766 energy= 3.56545272555725   occ= 0
MO #767 energy= 3.60186030518835   occ= 0
MO #768 energy= 3.61405060735698   occ= 0
MO #769 energy= 3.66654199951951   occ= 0
MO #770 energy= 3.70300113293154   occ= 0
MO #771 energy= 3.7228283370298    occ= 0
 ** Mulliken atomic charges  **
charge of  0O =     -0.76801
charge of  1P =      1.76476
charge of  2O =     -0.63861
charge of  3O =     -0.55031
charge of  4C =      0.18011
charge of  5C =     -0.00013
charge of  6C =     -0.03774
charge of  7C =      0.04020
charge of  8C =     -0.30105
charge of  9C =     -0.13217
charge of  10C =      0.03412
charge of  11C =     -0.28806
charge of  12C =     -0.13687
charge of  13C =      0.03108
charge of  14C =     -0.29281
charge of  15C =     -0.09975
charge of  16C =      0.00774
charge of  17C =      0.00128
charge of  18C =     -0.10512
charge of  19C =     -0.09954
charge of  20C =     -0.10197
charge of  21C =     -0.10132
charge of  22C =     -0.03042
charge of  23C =     -0.02505
charge of  24C =      0.17169
charge of  25O =     -0.53905
charge of  26C =     -0.01530
charge of  27C =     -0.03803
charge of  28C =      0.01399
charge of  29C =     -0.30184
charge of  30C =     -0.13296
charge of  31C =      0.03851
charge of  32C =     -0.28857
charge of  33C =     -0.12802
charge of  34C =      0.03927
charge of  35C =     -0.29483
charge of  36C =     -0.10518
charge of  37C =      0.00593
charge of  38C =      0.00136
charge of  39C =     -0.10366
charge of  40C =     -0.09805
charge of  41C =     -0.10106
charge of  42C =     -0.10263
charge of  43H =      0.34426
charge of  44H =      0.09604
charge of  45H =      0.09219
charge of  46H =      0.13380
charge of  47H =      0.09013
charge of  48H =      0.10400
charge of  49H =      0.10238
charge of  50H =      0.09650
charge of  51H =      0.08780
charge of  52H =      0.10152
charge of  53H =      0.09550
charge of  54H =      0.10697
charge of  55H =      0.10729
charge of  56H =      0.10932
charge of  57H =      0.10423
charge of  58H =      0.10395
charge of  59H =      0.10177
charge of  60H =      0.09638
charge of  61H =      0.11377
charge of  62H =      0.10036
charge of  63H =      0.09045
charge of  64H =      0.10615
charge of  65H =      0.10343
charge of  66H =      0.09989
charge of  67H =      0.09276
charge of  68H =      0.10240
charge of  69H =      0.09772
charge of  70H =      0.11723
charge of  71H =      0.10573
charge of  72H =      0.11304
charge of  73H =      0.10543
charge of  74H =      0.10462
charge of  75H =      0.10109
Dipole moment(X, Y, Z, Debye): -3.15501, -3.30962, -1.65217
def2-svp b3lyp 212.2374312877655
