/public3/home/scg5914/software-scg5914/LSW/1/data/data2/std_data/def2svp_b3lyp/cat_13.xyz
converged SCF energy = -2258.02419949325
**** MO energy ****
MO #1   energy= -77.221364676414   occ= 2
MO #2   energy= -19.1852472838139  occ= 2
MO #3   energy= -19.1799057954506  occ= 2
MO #4   energy= -19.1714006730311  occ= 2
MO #5   energy= -19.1541942986019  occ= 2
MO #6   energy= -19.1453761237789  occ= 2
MO #7   energy= -19.0933730339111  occ= 2
MO #8   energy= -10.2576506157067  occ= 2
MO #9   energy= -10.2568100730073  occ= 2
MO #10  energy= -10.2388441618543  occ= 2
MO #11  energy= -10.2388411232308  occ= 2
MO #12  energy= -10.2346860924158  occ= 2
MO #13  energy= -10.2289223815398  occ= 2
MO #14  energy= -10.2068146786499  occ= 2
MO #15  energy= -10.2053284634308  occ= 2
MO #16  energy= -10.2021330462638  occ= 2
MO #17  energy= -10.2019726716908  occ= 2
MO #18  energy= -10.1992609106932  occ= 2
MO #19  energy= -10.197787113145   occ= 2
MO #20  energy= -10.1960285558743  occ= 2
MO #21  energy= -10.1952031698381  occ= 2
MO #22  energy= -10.1928610387533  occ= 2
MO #23  energy= -10.1914927941263  occ= 2
MO #24  energy= -10.19063706632    occ= 2
MO #25  energy= -10.1899576867232  occ= 2
MO #26  energy= -10.1885092707689  occ= 2
MO #27  energy= -10.1883054204459  occ= 2
MO #28  energy= -10.1877121660153  occ= 2
MO #29  energy= -10.1874983494367  occ= 2
MO #30  energy= -10.1871966824656  occ= 2
MO #31  energy= -10.1864410449955  occ= 2
MO #32  energy= -10.1858755206912  occ= 2
MO #33  energy= -10.1798704088322  occ= 2
MO #34  energy= -10.1797698817849  occ= 2
MO #35  energy= -10.1794169534826  occ= 2
MO #36  energy= -10.1787189951687  occ= 2
MO #37  energy= -10.1781979244523  occ= 2
MO #38  energy= -10.17742986702    occ= 2
MO #39  energy= -10.174114971258   occ= 2
MO #40  energy= -10.1728768506271  occ= 2
MO #41  energy= -10.1726449790597  occ= 2
MO #42  energy= -10.1710053019091  occ= 2
MO #43  energy= -10.1669599117476  occ= 2
MO #44  energy= -10.1658804897293  occ= 2
MO #45  energy= -10.1639873642005  occ= 2
MO #46  energy= -6.69676022793331  occ= 2
MO #47  energy= -4.86434498376501  occ= 2
MO #48  energy= -4.86375741507373  occ= 2
MO #49  energy= -4.86218948617622  occ= 2
MO #50  energy= -1.11994967579187  occ= 2
MO #51  energy= -1.05786480201486  occ= 2
MO #52  energy= -1.05106836520332  occ= 2
MO #53  energy= -1.04508191098222  occ= 2
MO #54  energy= -1.04185328214053  occ= 2
MO #55  energy= -0.96354776536251  occ= 2
MO #56  energy= -0.889981928157329 occ= 2
MO #57  energy= -0.87550956124713  occ= 2
MO #58  energy= -0.854417829453579 occ= 2
MO #59  energy= -0.849207572539176 occ= 2
MO #60  energy= -0.831491425933623 occ= 2
MO #61  energy= -0.822666808696658 occ= 2
MO #62  energy= -0.805358437289276 occ= 2
MO #63  energy= -0.775961679421263 occ= 2
MO #64  energy= -0.773802985986837 occ= 2
MO #65  energy= -0.764898855437447 occ= 2
MO #66  energy= -0.760416926332497 occ= 2
MO #67  energy= -0.756276559997469 occ= 2
MO #68  energy= -0.741105622317561 occ= 2
MO #69  energy= -0.73774449474401  occ= 2
MO #70  energy= -0.733405892165034 occ= 2
MO #71  energy= -0.726231886486492 occ= 2
MO #72  energy= -0.717203728632133 occ= 2
MO #73  energy= -0.703644899740765 occ= 2
MO #74  energy= -0.677659917977513 occ= 2
MO #75  energy= -0.671001343803633 occ= 2
MO #76  energy= -0.664254983413634 occ= 2
MO #77  energy= -0.645382721419698 occ= 2
MO #78  energy= -0.635820117528676 occ= 2
MO #79  energy= -0.630136371936166 occ= 2
MO #80  energy= -0.629589333756763 occ= 2
MO #81  energy= -0.618847068222414 occ= 2
MO #82  energy= -0.61142995525374  occ= 2
MO #83  energy= -0.602555003596438 occ= 2
MO #84  energy= -0.597824594412234 occ= 2
MO #85  energy= -0.583590663322511 occ= 2
MO #86  energy= -0.579519701596648 occ= 2
MO #87  energy= -0.570119989856814 occ= 2
MO #88  energy= -0.565115435205232 occ= 2
MO #89  energy= -0.560268539915059 occ= 2
MO #90  energy= -0.554420863090343 occ= 2
MO #91  energy= -0.538650531969078 occ= 2
MO #92  energy= -0.535059499251336 occ= 2
MO #93  energy= -0.528871500366739 occ= 2
MO #94  energy= -0.519707302395312 occ= 2
MO #95  energy= -0.507603412075699 occ= 2
MO #96  energy= -0.494745025113445 occ= 2
MO #97  energy= -0.487499242416859 occ= 2
MO #98  energy= -0.486476412408652 occ= 2
MO #99  energy= -0.484373857071076 occ= 2
MO #100 energy= -0.480008549626364 occ= 2
MO #101 energy= -0.473018171821897 occ= 2
MO #102 energy= -0.469878058130663 occ= 2
MO #103 energy= -0.457901157063485 occ= 2
MO #104 energy= -0.457361262280448 occ= 2
MO #105 energy= -0.454234098462447 occ= 2
MO #106 energy= -0.452290131231606 occ= 2
MO #107 energy= -0.448373842063198 occ= 2
MO #108 energy= -0.444474278290483 occ= 2
MO #109 energy= -0.442795465417017 occ= 2
MO #110 energy= -0.439234835454207 occ= 2
MO #111 energy= -0.434692871417706 occ= 2
MO #112 energy= -0.430693817482147 occ= 2
MO #113 energy= -0.429166022547715 occ= 2
MO #114 energy= -0.427996453706082 occ= 2
MO #115 energy= -0.425955659241346 occ= 2
MO #116 energy= -0.417900838195829 occ= 2
MO #117 energy= -0.417567429118384 occ= 2
MO #118 energy= -0.416954800099681 occ= 2
MO #119 energy= -0.408431788265839 occ= 2
MO #120 energy= -0.404999531848251 occ= 2
MO #121 energy= -0.40399827412535  occ= 2
MO #122 energy= -0.400137421951937 occ= 2
MO #123 energy= -0.397592136914895 occ= 2
MO #124 energy= -0.393753561211317 occ= 2
MO #125 energy= -0.392930264833334 occ= 2
MO #126 energy= -0.391105373079794 occ= 2
MO #127 energy= -0.390304462931229 occ= 2
MO #128 energy= -0.38491880250479  occ= 2
MO #129 energy= -0.380787968289233 occ= 2
MO #130 energy= -0.379819402160536 occ= 2
MO #131 energy= -0.371308628350992 occ= 2
MO #132 energy= -0.367210519503573 occ= 2
MO #133 energy= -0.364107916206807 occ= 2
MO #134 energy= -0.362323450996506 occ= 2
MO #135 energy= -0.357538740693398 occ= 2
MO #136 energy= -0.356904612216497 occ= 2
MO #137 energy= -0.354760100128782 occ= 2
MO #138 energy= -0.353516940282177 occ= 2
MO #139 energy= -0.351412563619025 occ= 2
MO #140 energy= -0.348262394270939 occ= 2
MO #141 energy= -0.345552339095993 occ= 2
MO #142 energy= -0.343796282466002 occ= 2
MO #143 energy= -0.338434671718476 occ= 2
MO #144 energy= -0.334416478549877 occ= 2
MO #145 energy= -0.330695705869398 occ= 2
MO #146 energy= -0.32230453499361  occ= 2
MO #147 energy= -0.316015879392135 occ= 2
MO #148 energy= -0.314984365364006 occ= 2
MO #149 energy= -0.305252566654899 occ= 2
MO #150 energy= -0.304952388351463 occ= 2
MO #151 energy= -0.299767304643544 occ= 2
MO #152 energy= -0.297697108203459 occ= 2
MO #153 energy= -0.291611305865259 occ= 2
MO #154 energy= -0.286523863180683 occ= 2
MO #155 energy= -0.260134093105004 occ= 2
MO #156 energy= -0.255300241081967 occ= 2
MO #157 energy= -0.241904899066726 occ= 2
MO #158 energy= -0.236340157115794 occ= 2
MO #159 energy= -0.227644137259032 occ= 2
MO #160 energy= -0.216990782804593 occ= 2
MO #161 energy= -0.210124590698196 occ= 2
MO #162 energy= -0.205675993366281 occ= 2
MO #163 energy= -0.0585543429585818 occ= 0
MO #164 energy= -0.0465558286744285 occ= 0
MO #165 energy= -0.0263356816919313 occ= 0
MO #166 energy= -0.0185877111668407 occ= 0
MO #167 energy= 0.00129324329018956 occ= 0
MO #168 energy= 0.00601559858380771 occ= 0
MO #169 energy= 0.0111484741202073 occ= 0
MO #170 energy= 0.0153410966802081 occ= 0
MO #171 energy= 0.0208148634570994 occ= 0
MO #172 energy= 0.0319968343697398 occ= 0
MO #173 energy= 0.0444299780912769 occ= 0
MO #174 energy= 0.0609331754155846 occ= 0
MO #175 energy= 0.0653792176393933 occ= 0
MO #176 energy= 0.0678702837905151 occ= 0
MO #177 energy= 0.0730241887026402 occ= 0
MO #178 energy= 0.0784478036088407 occ= 0
MO #179 energy= 0.0821294264864666 occ= 0
MO #180 energy= 0.0842749578041375 occ= 0
MO #181 energy= 0.0887396120156269 occ= 0
MO #182 energy= 0.0922926171803204 occ= 0
MO #183 energy= 0.0947991799339623 occ= 0
MO #184 energy= 0.0988671551783253 occ= 0
MO #185 energy= 0.101986526634118  occ= 0
MO #186 energy= 0.105849426181586  occ= 0
MO #187 energy= 0.108311631517735  occ= 0
MO #188 energy= 0.111879621430228  occ= 0
MO #189 energy= 0.114759457487571  occ= 0
MO #190 energy= 0.118134403209484  occ= 0
MO #191 energy= 0.121504481746689  occ= 0
MO #192 energy= 0.124606628627694  occ= 0
MO #193 energy= 0.127159135459531  occ= 0
MO #194 energy= 0.132077494704799  occ= 0
MO #195 energy= 0.132269486920329  occ= 0
MO #196 energy= 0.133564772905329  occ= 0
MO #197 energy= 0.139823658477585  occ= 0
MO #198 energy= 0.141895735308029  occ= 0
MO #199 energy= 0.144405628482719  occ= 0
MO #200 energy= 0.148263839515934  occ= 0
MO #201 energy= 0.150475724656445  occ= 0
MO #202 energy= 0.155489754362043  occ= 0
MO #203 energy= 0.158082294567873  occ= 0
MO #204 energy= 0.159302031447689  occ= 0
MO #205 energy= 0.160797749656847  occ= 0
MO #206 energy= 0.162381574037684  occ= 0
MO #207 energy= 0.163658108028757  occ= 0
MO #208 energy= 0.165870775402385  occ= 0
MO #209 energy= 0.170478078455905  occ= 0
MO #210 energy= 0.173343615567011  occ= 0
MO #211 energy= 0.181163766094116  occ= 0
MO #212 energy= 0.182988949187079  occ= 0
MO #213 energy= 0.185741614965558  occ= 0
MO #214 energy= 0.186627986373584  occ= 0
MO #215 energy= 0.192594647746688  occ= 0
MO #216 energy= 0.199495241953916  occ= 0
MO #217 energy= 0.201933166952486  occ= 0
MO #218 energy= 0.204877517199231  occ= 0
MO #219 energy= 0.217032817868434  occ= 0
MO #220 energy= 0.223011634784153  occ= 0
MO #221 energy= 0.228395526913399  occ= 0
MO #222 energy= 0.2385085496616    occ= 0
MO #223 energy= 0.243675445255446  occ= 0
MO #224 energy= 0.250135977677096  occ= 0
MO #225 energy= 0.254258080217377  occ= 0
MO #226 energy= 0.25698751979172   occ= 0
MO #227 energy= 0.262081129532901  occ= 0
MO #228 energy= 0.273174124758393  occ= 0
MO #229 energy= 0.278306298654176  occ= 0
MO #230 energy= 0.284068129318098  occ= 0
MO #231 energy= 0.287495869576042  occ= 0
MO #232 energy= 0.290648437205368  occ= 0
MO #233 energy= 0.293343574338333  occ= 0
MO #234 energy= 0.295374791902535  occ= 0
MO #235 energy= 0.296602171601306  occ= 0
MO #236 energy= 0.299821574377831  occ= 0
MO #237 energy= 0.30499255359869   occ= 0
MO #238 energy= 0.308773914412415  occ= 0
MO #239 energy= 0.311583029777785  occ= 0
MO #240 energy= 0.319701300254817  occ= 0
MO #241 energy= 0.324469790002823  occ= 0
MO #242 energy= 0.326045513469159  occ= 0
MO #243 energy= 0.330207183936504  occ= 0
MO #244 energy= 0.332016372367397  occ= 0
MO #245 energy= 0.332439841804294  occ= 0
MO #246 energy= 0.339694259405758  occ= 0
MO #247 energy= 0.347136219142663  occ= 0
MO #248 energy= 0.354331451383069  occ= 0
MO #249 energy= 0.359036503148475  occ= 0
MO #250 energy= 0.360309690685261  occ= 0
MO #251 energy= 0.363482646482758  occ= 0
MO #252 energy= 0.366149410683701  occ= 0
MO #253 energy= 0.36744264911917   occ= 0
MO #254 energy= 0.373652986132308  occ= 0
MO #255 energy= 0.379165170753967  occ= 0
MO #256 energy= 0.381400733197296  occ= 0
MO #257 energy= 0.390110579498109  occ= 0
MO #258 energy= 0.396249346380322  occ= 0
MO #259 energy= 0.397840906775276  occ= 0
MO #260 energy= 0.402364237764704  occ= 0
MO #261 energy= 0.405900549867014  occ= 0
MO #262 energy= 0.412245105738604  occ= 0
MO #263 energy= 0.414482967269237  occ= 0
MO #264 energy= 0.416408036619185  occ= 0
MO #265 energy= 0.423260325819578  occ= 0
MO #266 energy= 0.424128834760637  occ= 0
MO #267 energy= 0.424873628938615  occ= 0
MO #268 energy= 0.427782583175579  occ= 0
MO #269 energy= 0.434527480375709  occ= 0
MO #270 energy= 0.440408109243003  occ= 0
MO #271 energy= 0.442856558263536  occ= 0
MO #272 energy= 0.444053615576715  occ= 0
MO #273 energy= 0.449914605758098  occ= 0
MO #274 energy= 0.45591738430279   occ= 0
MO #275 energy= 0.457576075326263  occ= 0
MO #276 energy= 0.463047942122558  occ= 0
MO #277 energy= 0.46566321389623   occ= 0
MO #278 energy= 0.468921419021317  occ= 0
MO #279 energy= 0.469657815645674  occ= 0
MO #280 energy= 0.469918612943214  occ= 0
MO #281 energy= 0.473485393091269  occ= 0
MO #282 energy= 0.478023273591537  occ= 0
MO #283 energy= 0.479271467215868  occ= 0
MO #284 energy= 0.480724885015752  occ= 0
MO #285 energy= 0.482350351331356  occ= 0
MO #286 energy= 0.486874503740823  occ= 0
MO #287 energy= 0.487137531018853  occ= 0
MO #288 energy= 0.491500152745473  occ= 0
MO #289 energy= 0.494863720152874  occ= 0
MO #290 energy= 0.49889624787029   occ= 0
MO #291 energy= 0.503110952378117  occ= 0
MO #292 energy= 0.503993427831638  occ= 0
MO #293 energy= 0.506432209498693  occ= 0
MO #294 energy= 0.508922211556199  occ= 0
MO #295 energy= 0.514042681359295  occ= 0
MO #296 energy= 0.516478688278234  occ= 0
MO #297 energy= 0.521267037116942  occ= 0
MO #298 energy= 0.522468822865791  occ= 0
MO #299 energy= 0.524799839284176  occ= 0
MO #300 energy= 0.529188831898486  occ= 0
MO #301 energy= 0.535132710885547  occ= 0
MO #302 energy= 0.542558056996313  occ= 0
MO #303 energy= 0.543917642764878  occ= 0
MO #304 energy= 0.545172200185176  occ= 0
MO #305 energy= 0.548655321763875  occ= 0
MO #306 energy= 0.554238686745829  occ= 0
MO #307 energy= 0.55776170482066   occ= 0
MO #308 energy= 0.566207593940164  occ= 0
MO #309 energy= 0.567231474376281  occ= 0
MO #310 energy= 0.573797739771938  occ= 0
MO #311 energy= 0.577293120017165  occ= 0
MO #312 energy= 0.579715345222943  occ= 0
MO #313 energy= 0.584470154450171  occ= 0
MO #314 energy= 0.588097314948743  occ= 0
MO #315 energy= 0.593945355836581  occ= 0
MO #316 energy= 0.597681252123911  occ= 0
MO #317 energy= 0.599553125477643  occ= 0
MO #318 energy= 0.604354399785778  occ= 0
MO #319 energy= 0.607852367123219  occ= 0
MO #320 energy= 0.611519514136917  occ= 0
MO #321 energy= 0.615216428384207  occ= 0
MO #322 energy= 0.616079249809573  occ= 0
MO #323 energy= 0.616867183265282  occ= 0
MO #324 energy= 0.620392494957777  occ= 0
MO #325 energy= 0.624908314766825  occ= 0
MO #326 energy= 0.629931267425438  occ= 0
MO #327 energy= 0.635049404647805  occ= 0
MO #328 energy= 0.635325241880816  occ= 0
MO #329 energy= 0.637674436269169  occ= 0
MO #330 energy= 0.64145846863931   occ= 0
MO #331 energy= 0.64287995585779   occ= 0
MO #332 energy= 0.64573574815512   occ= 0
MO #333 energy= 0.647440634576484  occ= 0
MO #334 energy= 0.653326615778836  occ= 0
MO #335 energy= 0.655603299509491  occ= 0
MO #336 energy= 0.659943022139219  occ= 0
MO #337 energy= 0.660799304291785  occ= 0
MO #338 energy= 0.662684589733008  occ= 0
MO #339 energy= 0.665605195565661  occ= 0
MO #340 energy= 0.667508184644559  occ= 0
MO #341 energy= 0.67023064627094   occ= 0
MO #342 energy= 0.671052808122065  occ= 0
MO #343 energy= 0.672553760999398  occ= 0
MO #344 energy= 0.673197241550815  occ= 0
MO #345 energy= 0.677768213216402  occ= 0
MO #346 energy= 0.678455442671463  occ= 0
MO #347 energy= 0.680412652111027  occ= 0
MO #348 energy= 0.6820208047694    occ= 0
MO #349 energy= 0.684854797258633  occ= 0
MO #350 energy= 0.686514780301956  occ= 0
MO #351 energy= 0.688636231183561  occ= 0
MO #352 energy= 0.690299471329866  occ= 0
MO #353 energy= 0.692216973777994  occ= 0
MO #354 energy= 0.695852319288149  occ= 0
MO #355 energy= 0.696328710089994  occ= 0
MO #356 energy= 0.697396898728733  occ= 0
MO #357 energy= 0.701176800921747  occ= 0
MO #358 energy= 0.701513433463054  occ= 0
MO #359 energy= 0.705112957834457  occ= 0
MO #360 energy= 0.708819216078608  occ= 0
MO #361 energy= 0.711147279374945  occ= 0
MO #362 energy= 0.713180963429028  occ= 0
MO #363 energy= 0.716692924324148  occ= 0
MO #364 energy= 0.718632169059588  occ= 0
MO #365 energy= 0.719802691977176  occ= 0
MO #366 energy= 0.72654228463167   occ= 0
MO #367 energy= 0.729354222480177  occ= 0
MO #368 energy= 0.73146892588608   occ= 0
MO #369 energy= 0.732808806915531  occ= 0
MO #370 energy= 0.740775872550976  occ= 0
MO #371 energy= 0.741231534991306  occ= 0
MO #372 energy= 0.74381042205646   occ= 0
MO #373 energy= 0.749285711297729  occ= 0
MO #374 energy= 0.753597248825558  occ= 0
MO #375 energy= 0.754997053368735  occ= 0
MO #376 energy= 0.75782615689129   occ= 0
MO #377 energy= 0.76759785851655   occ= 0
MO #378 energy= 0.768261298592891  occ= 0
MO #379 energy= 0.771519562003869  occ= 0
MO #380 energy= 0.777153395084172  occ= 0
MO #381 energy= 0.781223263468782  occ= 0
MO #382 energy= 0.784677097573577  occ= 0
MO #383 energy= 0.786979202646673  occ= 0
MO #384 energy= 0.791064434982466  occ= 0
MO #385 energy= 0.796597729242496  occ= 0
MO #386 energy= 0.797373261094473  occ= 0
MO #387 energy= 0.802145997564045  occ= 0
MO #388 energy= 0.803621343126177  occ= 0
MO #389 energy= 0.809680321115125  occ= 0
MO #390 energy= 0.810561426989605  occ= 0
MO #391 energy= 0.819876584585174  occ= 0
MO #392 energy= 0.825767768253865  occ= 0
MO #393 energy= 0.82644285333257   occ= 0
MO #394 energy= 0.828996578577404  occ= 0
MO #395 energy= 0.836426657372887  occ= 0
MO #396 energy= 0.841139531921753  occ= 0
MO #397 energy= 0.844133475926237  occ= 0
MO #398 energy= 0.848016897465435  occ= 0
MO #399 energy= 0.857177106091627  occ= 0
MO #400 energy= 0.862840209901768  occ= 0
MO #401 energy= 0.867058060032574  occ= 0
MO #402 energy= 0.877396015431158  occ= 0
MO #403 energy= 0.880947981200917  occ= 0
MO #404 energy= 0.889887911062119  occ= 0
MO #405 energy= 0.893448579876781  occ= 0
MO #406 energy= 0.901436108161841  occ= 0
MO #407 energy= 0.908423244160259  occ= 0
MO #408 energy= 0.916462971338687  occ= 0
MO #409 energy= 0.920115871875987  occ= 0
MO #410 energy= 0.926511618512699  occ= 0
MO #411 energy= 0.92930535641359   occ= 0
MO #412 energy= 0.941065275171034  occ= 0
MO #413 energy= 0.945184772904886  occ= 0
MO #414 energy= 0.947541119259388  occ= 0
MO #415 energy= 0.956519692261057  occ= 0
MO #416 energy= 0.965481829456473  occ= 0
MO #417 energy= 0.973971029028137  occ= 0
MO #418 energy= 0.978410869713179  occ= 0
MO #419 energy= 0.979141525072923  occ= 0
MO #420 energy= 0.985218788814914  occ= 0
MO #421 energy= 0.994065082652488  occ= 0
MO #422 energy= 1.01570243214966   occ= 0
MO #423 energy= 1.01912009751294   occ= 0
MO #424 energy= 1.02805848024158   occ= 0
MO #425 energy= 1.02901584018062   occ= 0
MO #426 energy= 1.0364488810122    occ= 0
MO #427 energy= 1.04964998449286   occ= 0
MO #428 energy= 1.05974372540889   occ= 0
MO #429 energy= 1.07303170412086   occ= 0
MO #430 energy= 1.08719349612617   occ= 0
MO #431 energy= 1.09108152540828   occ= 0
MO #432 energy= 1.09354005541661   occ= 0
MO #433 energy= 1.10081176600746   occ= 0
MO #434 energy= 1.1120294459626    occ= 0
MO #435 energy= 1.11580480396205   occ= 0
MO #436 energy= 1.12537603724432   occ= 0
MO #437 energy= 1.13064260395603   occ= 0
MO #438 energy= 1.13549293639635   occ= 0
MO #439 energy= 1.14447439377955   occ= 0
MO #440 energy= 1.15457863108384   occ= 0
MO #441 energy= 1.16004032846405   occ= 0
MO #442 energy= 1.16384710053637   occ= 0
MO #443 energy= 1.17280536807623   occ= 0
MO #444 energy= 1.17396127524702   occ= 0
MO #445 energy= 1.17636146608404   occ= 0
MO #446 energy= 1.1854758039451    occ= 0
MO #447 energy= 1.19230797831628   occ= 0
MO #448 energy= 1.19690200056009   occ= 0
MO #449 energy= 1.20170212597801   occ= 0
MO #450 energy= 1.20375834847869   occ= 0
MO #451 energy= 1.20823515155629   occ= 0
MO #452 energy= 1.21789918578207   occ= 0
MO #453 energy= 1.22142573800661   occ= 0
MO #454 energy= 1.22636208383647   occ= 0
MO #455 energy= 1.22767254103541   occ= 0
MO #456 energy= 1.23983546024542   occ= 0
MO #457 energy= 1.24702624817833   occ= 0
MO #458 energy= 1.24825166642885   occ= 0
MO #459 energy= 1.25196200340223   occ= 0
MO #460 energy= 1.25414620079741   occ= 0
MO #461 energy= 1.25615740770752   occ= 0
MO #462 energy= 1.26023427072228   occ= 0
MO #463 energy= 1.26350153793183   occ= 0
MO #464 energy= 1.26861296108156   occ= 0
MO #465 energy= 1.27103069455988   occ= 0
MO #466 energy= 1.27881925295124   occ= 0
MO #467 energy= 1.28313720967336   occ= 0
MO #468 energy= 1.285854910014     occ= 0
MO #469 energy= 1.29301866953316   occ= 0
MO #470 energy= 1.29405188926859   occ= 0
MO #471 energy= 1.29654472120628   occ= 0
MO #472 energy= 1.3001332240622    occ= 0
MO #473 energy= 1.30277139093452   occ= 0
MO #474 energy= 1.30892400928635   occ= 0
MO #475 energy= 1.31323265580806   occ= 0
MO #476 energy= 1.323782029504     occ= 0
MO #477 energy= 1.329334562102     occ= 0
MO #478 energy= 1.32990897036894   occ= 0
MO #479 energy= 1.33577122138658   occ= 0
MO #480 energy= 1.34057781442035   occ= 0
MO #481 energy= 1.35436660298371   occ= 0
MO #482 energy= 1.3573093173035    occ= 0
MO #483 energy= 1.360240193373     occ= 0
MO #484 energy= 1.37157432038375   occ= 0
MO #485 energy= 1.37725276357042   occ= 0
MO #486 energy= 1.39075265897906   occ= 0
MO #487 energy= 1.39385071512317   occ= 0
MO #488 energy= 1.40833119428828   occ= 0
MO #489 energy= 1.412786136056     occ= 0
MO #490 energy= 1.42168311639655   occ= 0
MO #491 energy= 1.43716612240626   occ= 0
MO #492 energy= 1.44350595455343   occ= 0
MO #493 energy= 1.46274673621443   occ= 0
MO #494 energy= 1.4684719548318    occ= 0
MO #495 energy= 1.47107070961393   occ= 0
MO #496 energy= 1.47369805796921   occ= 0
MO #497 energy= 1.48287767612905   occ= 0
MO #498 energy= 1.48908502614528   occ= 0
MO #499 energy= 1.49283998371128   occ= 0
MO #500 energy= 1.49725009996772   occ= 0
MO #501 energy= 1.5019069451932    occ= 0
MO #502 energy= 1.51545271206691   occ= 0
MO #503 energy= 1.5177183168052    occ= 0
MO #504 energy= 1.53132116547495   occ= 0
MO #505 energy= 1.53817668174973   occ= 0
MO #506 energy= 1.54713410870281   occ= 0
MO #507 energy= 1.55117145924621   occ= 0
MO #508 energy= 1.55275438693056   occ= 0
MO #509 energy= 1.55428614532805   occ= 0
MO #510 energy= 1.5581216363536    occ= 0
MO #511 energy= 1.55950439043213   occ= 0
MO #512 energy= 1.56930380928847   occ= 0
MO #513 energy= 1.57377863325788   occ= 0
MO #514 energy= 1.58384500215535   occ= 0
MO #515 energy= 1.58985228236507   occ= 0
MO #516 energy= 1.61548032366874   occ= 0
MO #517 energy= 1.62259810090385   occ= 0
MO #518 energy= 1.63696393966181   occ= 0
MO #519 energy= 1.65372978258202   occ= 0
MO #520 energy= 1.65506554654439   occ= 0
MO #521 energy= 1.66180669896953   occ= 0
MO #522 energy= 1.66793011897485   occ= 0
MO #523 energy= 1.67628095016225   occ= 0
MO #524 energy= 1.67999703288466   occ= 0
MO #525 energy= 1.68354695159437   occ= 0
MO #526 energy= 1.68908510783878   occ= 0
MO #527 energy= 1.69491930821715   occ= 0
MO #528 energy= 1.6996136453217    occ= 0
MO #529 energy= 1.70819015502229   occ= 0
MO #530 energy= 1.71154512693138   occ= 0
MO #531 energy= 1.71348445140567   occ= 0
MO #532 energy= 1.71703388490669   occ= 0
MO #533 energy= 1.72371132309355   occ= 0
MO #534 energy= 1.72730983754242   occ= 0
MO #535 energy= 1.72914661765746   occ= 0
MO #536 energy= 1.73273656834762   occ= 0
MO #537 energy= 1.73365787210802   occ= 0
MO #538 energy= 1.73785841213869   occ= 0
MO #539 energy= 1.74146791810941   occ= 0
MO #540 energy= 1.74272675603      occ= 0
MO #541 energy= 1.74680062780004   occ= 0
MO #542 energy= 1.74991817294285   occ= 0
MO #543 energy= 1.75348812672774   occ= 0
MO #544 energy= 1.75643659135812   occ= 0
MO #545 energy= 1.75777300447845   occ= 0
MO #546 energy= 1.76138375566745   occ= 0
MO #547 energy= 1.76506644451983   occ= 0
MO #548 energy= 1.76759850595101   occ= 0
MO #549 energy= 1.77045026182819   occ= 0
MO #550 energy= 1.77551703525988   occ= 0
MO #551 energy= 1.77631056813772   occ= 0
MO #552 energy= 1.77864449466303   occ= 0
MO #553 energy= 1.78062575465223   occ= 0
MO #554 energy= 1.7836390962171    occ= 0
MO #555 energy= 1.7878312182862    occ= 0
MO #556 energy= 1.78988883045081   occ= 0
MO #557 energy= 1.79211683402141   occ= 0
MO #558 energy= 1.79597514350634   occ= 0
MO #559 energy= 1.79939198500972   occ= 0
MO #560 energy= 1.80197698803339   occ= 0
MO #561 energy= 1.80639338674851   occ= 0
MO #562 energy= 1.80805219278686   occ= 0
MO #563 energy= 1.81038571417922   occ= 0
MO #564 energy= 1.81057469867127   occ= 0
MO #565 energy= 1.81631940417855   occ= 0
MO #566 energy= 1.82267501153834   occ= 0
MO #567 energy= 1.82442891573493   occ= 0
MO #568 energy= 1.8265657903382    occ= 0
MO #569 energy= 1.82831856888309   occ= 0
MO #570 energy= 1.83013458146995   occ= 0
MO #571 energy= 1.84020958734002   occ= 0
MO #572 energy= 1.84405932096222   occ= 0
MO #573 energy= 1.84713770279302   occ= 0
MO #574 energy= 1.8504051007997    occ= 0
MO #575 energy= 1.85738547350872   occ= 0
MO #576 energy= 1.86013587049249   occ= 0
MO #577 energy= 1.86804704430339   occ= 0
MO #578 energy= 1.87430500306606   occ= 0
MO #579 energy= 1.8750977297332    occ= 0
MO #580 energy= 1.87783155231562   occ= 0
MO #581 energy= 1.87998249197166   occ= 0
MO #582 energy= 1.89204027468343   occ= 0
MO #583 energy= 1.89519800349825   occ= 0
MO #584 energy= 1.90447478992701   occ= 0
MO #585 energy= 1.90657218405635   occ= 0
MO #586 energy= 1.912697080949     occ= 0
MO #587 energy= 1.91575517478502   occ= 0
MO #588 energy= 1.9241696436802    occ= 0
MO #589 energy= 1.93084013538683   occ= 0
MO #590 energy= 1.9371710694755    occ= 0
MO #591 energy= 1.94571065563515   occ= 0
MO #592 energy= 1.9517872413431    occ= 0
MO #593 energy= 1.95710672388794   occ= 0
MO #594 energy= 1.96094440844784   occ= 0
MO #595 energy= 1.9660016849487    occ= 0
MO #596 energy= 1.96695465110123   occ= 0
MO #597 energy= 1.97453688656124   occ= 0
MO #598 energy= 1.97741068512138   occ= 0
MO #599 energy= 1.98441036002495   occ= 0
MO #600 energy= 1.99241827952526   occ= 0
MO #601 energy= 1.99454979495729   occ= 0
MO #602 energy= 1.99800971567607   occ= 0
MO #603 energy= 2.00266958241654   occ= 0
MO #604 energy= 2.00425322948373   occ= 0
MO #605 energy= 2.01164482354435   occ= 0
MO #606 energy= 2.01441467876399   occ= 0
MO #607 energy= 2.02115502073475   occ= 0
MO #608 energy= 2.02590297889394   occ= 0
MO #609 energy= 2.03921273541061   occ= 0
MO #610 energy= 2.04560314027523   occ= 0
MO #611 energy= 2.05275017586686   occ= 0
MO #612 energy= 2.05456320502534   occ= 0
MO #613 energy= 2.0556163327343    occ= 0
MO #614 energy= 2.06121326816174   occ= 0
MO #615 energy= 2.06354085597561   occ= 0
MO #616 energy= 2.0693513439225    occ= 0
MO #617 energy= 2.07550631322052   occ= 0
MO #618 energy= 2.07923162557488   occ= 0
MO #619 energy= 2.09072279033141   occ= 0
MO #620 energy= 2.09168465139157   occ= 0
MO #621 energy= 2.10199514357265   occ= 0
MO #622 energy= 2.10365807039983   occ= 0
MO #623 energy= 2.11572853068485   occ= 0
MO #624 energy= 2.12123235932857   occ= 0
MO #625 energy= 2.12772380246299   occ= 0
MO #626 energy= 2.13114837444868   occ= 0
MO #627 energy= 2.13808672053727   occ= 0
MO #628 energy= 2.14227179119886   occ= 0
MO #629 energy= 2.14885475490038   occ= 0
MO #630 energy= 2.15158573548003   occ= 0
MO #631 energy= 2.15705500855214   occ= 0
MO #632 energy= 2.1611245486863    occ= 0
MO #633 energy= 2.16697168503913   occ= 0
MO #634 energy= 2.17135768201553   occ= 0
MO #635 energy= 2.17719388934764   occ= 0
MO #636 energy= 2.18315650632099   occ= 0
MO #637 energy= 2.18906752655241   occ= 0
MO #638 energy= 2.19256086368651   occ= 0
MO #639 energy= 2.1974810047535    occ= 0
MO #640 energy= 2.19937841662488   occ= 0
MO #641 energy= 2.20979248779451   occ= 0
MO #642 energy= 2.21581209125336   occ= 0
MO #643 energy= 2.21840261814132   occ= 0
MO #644 energy= 2.22651371537116   occ= 0
MO #645 energy= 2.23023130208343   occ= 0
MO #646 energy= 2.23537556430836   occ= 0
MO #647 energy= 2.23967121436617   occ= 0
MO #648 energy= 2.24862446988736   occ= 0
MO #649 energy= 2.25256116184357   occ= 0
MO #650 energy= 2.25517330241292   occ= 0
MO #651 energy= 2.2587770669162    occ= 0
MO #652 energy= 2.26934930136893   occ= 0
MO #653 energy= 2.27526115272796   occ= 0
MO #654 energy= 2.28370268608306   occ= 0
MO #655 energy= 2.29131131102606   occ= 0
MO #656 energy= 2.30006590810621   occ= 0
MO #657 energy= 2.30400923624871   occ= 0
MO #658 energy= 2.31291146022199   occ= 0
MO #659 energy= 2.32290650827787   occ= 0
MO #660 energy= 2.32566849252128   occ= 0
MO #661 energy= 2.33284599598372   occ= 0
MO #662 energy= 2.33402996205284   occ= 0
MO #663 energy= 2.34346834916079   occ= 0
MO #664 energy= 2.34693109126104   occ= 0
MO #665 energy= 2.35456249179143   occ= 0
MO #666 energy= 2.35717232684845   occ= 0
MO #667 energy= 2.3731262620259    occ= 0
MO #668 energy= 2.38323090969049   occ= 0
MO #669 energy= 2.38662383113491   occ= 0
MO #670 energy= 2.38944689731041   occ= 0
MO #671 energy= 2.39342828319235   occ= 0
MO #672 energy= 2.39666273279038   occ= 0
MO #673 energy= 2.39892606637766   occ= 0
MO #674 energy= 2.40698959840323   occ= 0
MO #675 energy= 2.41105611611086   occ= 0
MO #676 energy= 2.41308624544152   occ= 0
MO #677 energy= 2.42414058113378   occ= 0
MO #678 energy= 2.42800519583201   occ= 0
MO #679 energy= 2.42934394444896   occ= 0
MO #680 energy= 2.43846220795237   occ= 0
MO #681 energy= 2.44629920605995   occ= 0
MO #682 energy= 2.46078122093359   occ= 0
MO #683 energy= 2.47859749703882   occ= 0
MO #684 energy= 2.48931020083245   occ= 0
MO #685 energy= 2.49221766396892   occ= 0
MO #686 energy= 2.49683477820407   occ= 0
MO #687 energy= 2.50504790016855   occ= 0
MO #688 energy= 2.51275294444958   occ= 0
MO #689 energy= 2.52164140538822   occ= 0
MO #690 energy= 2.53971016946626   occ= 0
MO #691 energy= 2.55265657438142   occ= 0
MO #692 energy= 2.55727453195805   occ= 0
MO #693 energy= 2.55949489579346   occ= 0
MO #694 energy= 2.56539775793877   occ= 0
MO #695 energy= 2.57729491171322   occ= 0
MO #696 energy= 2.58682470605521   occ= 0
MO #697 energy= 2.59123045903242   occ= 0
MO #698 energy= 2.60148725950901   occ= 0
MO #699 energy= 2.61137755948662   occ= 0
MO #700 energy= 2.61440587980545   occ= 0
MO #701 energy= 2.62008794467271   occ= 0
MO #702 energy= 2.62306149297264   occ= 0
MO #703 energy= 2.63282242341399   occ= 0
MO #704 energy= 2.64598039446073   occ= 0
MO #705 energy= 2.64606182167179   occ= 0
MO #706 energy= 2.65300725074038   occ= 0
MO #707 energy= 2.65395932324625   occ= 0
MO #708 energy= 2.65753845619562   occ= 0
MO #709 energy= 2.66121280384429   occ= 0
MO #710 energy= 2.66476811693026   occ= 0
MO #711 energy= 2.67152279347705   occ= 0
MO #712 energy= 2.67347416157917   occ= 0
MO #713 energy= 2.67591641733957   occ= 0
MO #714 energy= 2.68208301080012   occ= 0
MO #715 energy= 2.68873776910309   occ= 0
MO #716 energy= 2.69931232989924   occ= 0
MO #717 energy= 2.70249432357759   occ= 0
MO #718 energy= 2.70575313032103   occ= 0
MO #719 energy= 2.71329144523552   occ= 0
MO #720 energy= 2.72092867189309   occ= 0
MO #721 energy= 2.721904361306     occ= 0
MO #722 energy= 2.7260663553013    occ= 0
MO #723 energy= 2.73615216370619   occ= 0
MO #724 energy= 2.74987325867247   occ= 0
MO #725 energy= 2.7592884813657    occ= 0
MO #726 energy= 2.76224242351996   occ= 0
MO #727 energy= 2.76421519345384   occ= 0
MO #728 energy= 2.76713722201325   occ= 0
MO #729 energy= 2.77073766708176   occ= 0
MO #730 energy= 2.7817509129316    occ= 0
MO #731 energy= 2.78588362841547   occ= 0
MO #732 energy= 2.79902690572948   occ= 0
MO #733 energy= 2.80486978435278   occ= 0
MO #734 energy= 2.80987514825613   occ= 0
MO #735 energy= 2.82103535756783   occ= 0
MO #736 energy= 2.84044318879374   occ= 0
MO #737 energy= 2.84206988384431   occ= 0
MO #738 energy= 2.84793251109156   occ= 0
MO #739 energy= 2.85506747826061   occ= 0
MO #740 energy= 2.85933697907119   occ= 0
MO #741 energy= 2.87341871718231   occ= 0
MO #742 energy= 2.87988658379632   occ= 0
MO #743 energy= 2.89429940626496   occ= 0
MO #744 energy= 2.90244847619171   occ= 0
MO #745 energy= 2.90875450517001   occ= 0
MO #746 energy= 2.92084774774941   occ= 0
MO #747 energy= 2.92363963967713   occ= 0
MO #748 energy= 2.93067911030493   occ= 0
MO #749 energy= 2.93935390817925   occ= 0
MO #750 energy= 2.94214273347054   occ= 0
MO #751 energy= 2.94333768335402   occ= 0
MO #752 energy= 2.95190446283019   occ= 0
MO #753 energy= 2.95387854419539   occ= 0
MO #754 energy= 2.95436321075711   occ= 0
MO #755 energy= 2.96746233687202   occ= 0
MO #756 energy= 2.96896512463121   occ= 0
MO #757 energy= 2.96999983890672   occ= 0
MO #758 energy= 2.97389716033134   occ= 0
MO #759 energy= 2.9837291370178    occ= 0
MO #760 energy= 2.98901544579183   occ= 0
MO #761 energy= 2.99054794033249   occ= 0
MO #762 energy= 2.99404414725234   occ= 0
MO #763 energy= 3.00200082294868   occ= 0
MO #764 energy= 3.00837263603094   occ= 0
MO #765 energy= 3.01203970227115   occ= 0
MO #766 energy= 3.02011948628314   occ= 0
MO #767 energy= 3.05405842810393   occ= 0
MO #768 energy= 3.07022415501269   occ= 0
MO #769 energy= 3.08348392715179   occ= 0
MO #770 energy= 3.08430082876428   occ= 0
MO #771 energy= 3.09368285765571   occ= 0
MO #772 energy= 3.1051492331832    occ= 0
MO #773 energy= 3.11212599559267   occ= 0
MO #774 energy= 3.12093468026941   occ= 0
MO #775 energy= 3.14486091615542   occ= 0
MO #776 energy= 3.14885026717729   occ= 0
MO #777 energy= 3.16397951672046   occ= 0
MO #778 energy= 3.17925566123729   occ= 0
MO #779 energy= 3.18280067915526   occ= 0
MO #780 energy= 3.20188562148644   occ= 0
MO #781 energy= 3.21513808667119   occ= 0
MO #782 energy= 3.22196610739626   occ= 0
MO #783 energy= 3.24861687709552   occ= 0
MO #784 energy= 3.27745631365692   occ= 0
MO #785 energy= 3.32697728670464   occ= 0
MO #786 energy= 3.38133282759392   occ= 0
MO #787 energy= 3.40375267821023   occ= 0
MO #788 energy= 3.43518599325196   occ= 0
MO #789 energy= 3.4415699439302    occ= 0
MO #790 energy= 3.44864623534949   occ= 0
MO #791 energy= 3.50821991334622   occ= 0
MO #792 energy= 3.52404994920496   occ= 0
MO #793 energy= 3.56996007138491   occ= 0
MO #794 energy= 3.60054906405181   occ= 0
MO #795 energy= 3.66217122980718   occ= 0
MO #796 energy= 3.68522759038733   occ= 0
MO #797 energy= 3.713113488677     occ= 0
MO #798 energy= 3.72232451107452   occ= 0
MO #799 energy= 3.73865128197888   occ= 0
 ** Mulliken atomic charges  **
charge of  0O =     -0.78228
charge of  1P =      1.75889
charge of  2O =     -0.65149
charge of  3O =     -0.53140
charge of  4C =      0.18411
charge of  5C =      0.00140
charge of  6C =     -0.02737
charge of  7C =      0.19274
charge of  8O =     -0.35651
charge of  9C =      0.05369
charge of  10C =     -0.27992
charge of  11C =     -0.16556
charge of  12C =     -0.10591
charge of  13C =      0.01400
charge of  14C =     -0.29065
charge of  15C =     -0.10452
charge of  16C =     -0.08540
charge of  17C =      0.00650
charge of  18C =      0.00148
charge of  19C =     -0.10648
charge of  20C =     -0.10103
charge of  21C =     -0.10435
charge of  22C =     -0.10073
charge of  23C =     -0.03645
charge of  24C =     -0.02294
charge of  25C =      0.17334
charge of  26O =     -0.53389
charge of  27C =     -0.00338
charge of  28C =     -0.05577
charge of  29C =     -0.10665
charge of  30C =      0.00320
charge of  31C =     -0.28809
charge of  32C =     -0.10780
charge of  33C =     -0.12557
charge of  34C =      0.20697
charge of  35O =     -0.35803
charge of  36C =      0.04939
charge of  37C =     -0.28674
charge of  38C =     -0.10899
charge of  39C =      0.00770
charge of  40C =      0.00154
charge of  41C =     -0.10194
charge of  42C =     -0.09926
charge of  43C =     -0.10098
charge of  44C =     -0.10301
charge of  45H =      0.35335
charge of  46H =      0.08228
charge of  47H =      0.08023
charge of  48H =      0.10202
charge of  49H =      0.10017
charge of  50H =      0.09915
charge of  51H =      0.10130
charge of  52H =      0.09547
charge of  53H =      0.10230
charge of  54H =      0.11101
charge of  55H =      0.09478
charge of  56H =      0.11510
charge of  57H =      0.10875
charge of  58H =      0.10771
charge of  59H =      0.10307
charge of  60H =      0.10287
charge of  61H =      0.10097
charge of  62H =      0.09955
charge of  63H =      0.10366
charge of  64H =      0.09975
charge of  65H =      0.09717
charge of  66H =      0.09769
charge of  67H =      0.11082
charge of  68H =      0.08725
charge of  69H =      0.09136
charge of  70H =      0.10018
charge of  71H =      0.10625
charge of  72H =      0.09496
charge of  73H =      0.10630
charge of  74H =      0.11356
charge of  75H =      0.10452
charge of  76H =      0.10388
charge of  77H =      0.10073
Dipole moment(X, Y, Z, Debye):  3.00825,  1.47875,  1.95259
def2-svp b3lyp 175.29365801811218
