/public3/home/scg5914/software-scg5914/LSW/1/data/data2/std_data/def2svp_b3lyp/cat_31.xyz
converged SCF energy = -3664.11920120028
**** MO energy ****
MO #1   energy= -89.2115484100936  occ= 2
MO #2   energy= -89.2071147231638  occ= 2
MO #3   energy= -77.236298308842   occ= 2
MO #4   energy= -24.7178931913186  occ= 2
MO #5   energy= -24.7131525085261  occ= 2
MO #6   energy= -24.7087668038888  occ= 2
MO #7   energy= -24.7080770906074  occ= 2
MO #8   energy= -24.7080049829415  occ= 2
MO #9   energy= -24.7070503074369  occ= 2
MO #10  energy= -24.7051686092724  occ= 2
MO #11  energy= -24.7042899411366  occ= 2
MO #12  energy= -24.7031445823927  occ= 2
MO #13  energy= -24.7025458914788  occ= 2
MO #14  energy= -19.2011705644089  occ= 2
MO #15  energy= -19.197127085326   occ= 2
MO #16  energy= -19.1918367530401  occ= 2
MO #17  energy= -19.1072021610413  occ= 2
MO #18  energy= -10.2782282874214  occ= 2
MO #19  energy= -10.2743115154075  occ= 2
MO #20  energy= -10.2466374967757  occ= 2
MO #21  energy= -10.2417376184367  occ= 2
MO #22  energy= -10.2253770614174  occ= 2
MO #23  energy= -10.2241433365884  occ= 2
MO #24  energy= -10.2229794012481  occ= 2
MO #25  energy= -10.2228515683321  occ= 2
MO #26  energy= -10.2224304373315  occ= 2
MO #27  energy= -10.2216138866257  occ= 2
MO #28  energy= -10.2201322139265  occ= 2
MO #29  energy= -10.2196965992457  occ= 2
MO #30  energy= -10.2189405981161  occ= 2
MO #31  energy= -10.2177774193213  occ= 2
MO #32  energy= -10.2169172891324  occ= 2
MO #33  energy= -10.2167329923296  occ= 2
MO #34  energy= -10.2164447455226  occ= 2
MO #35  energy= -10.215212290056   occ= 2
MO #36  energy= -10.2147775601749  occ= 2
MO #37  energy= -10.214366353766   occ= 2
MO #38  energy= -10.2139677353874  occ= 2
MO #39  energy= -10.2123261438098  occ= 2
MO #40  energy= -10.2106214021334  occ= 2
MO #41  energy= -10.2105136676577  occ= 2
MO #42  energy= -10.2064738724056  occ= 2
MO #43  energy= -10.2054562436679  occ= 2
MO #44  energy= -10.2049414052891  occ= 2
MO #45  energy= -10.2048430006732  occ= 2
MO #46  energy= -10.2042325815454  occ= 2
MO #47  energy= -10.2039609482772  occ= 2
MO #48  energy= -10.2034996557769  occ= 2
MO #49  energy= -10.2029308753489  occ= 2
MO #50  energy= -8.25693514933716  occ= 2
MO #51  energy= -8.25254713562263  occ= 2
MO #52  energy= -6.71217885709797  occ= 2
MO #53  energy= -6.22761296049309  occ= 2
MO #54  energy= -6.22750908169747  occ= 2
MO #55  energy= -6.22322548951003  occ= 2
MO #56  energy= -6.22311773090812  occ= 2
MO #57  energy= -6.22265975523841  occ= 2
MO #58  energy= -6.21824596291675  occ= 2
MO #59  energy= -4.87969319513911  occ= 2
MO #60  energy= -4.87926204426848  occ= 2
MO #61  energy= -4.87743369887     occ= 2
MO #62  energy= -1.3009387598534   occ= 2
MO #63  energy= -1.2961248639018   occ= 2
MO #64  energy= -1.19930483787639  occ= 2
MO #65  energy= -1.19846283629227  occ= 2
MO #66  energy= -1.19517778336832  occ= 2
MO #67  energy= -1.19388549463707  occ= 2
MO #68  energy= -1.18495125761654  occ= 2
MO #69  energy= -1.1799775705853   occ= 2
MO #70  energy= -1.15997565404949  occ= 2
MO #71  energy= -1.15566753934611  occ= 2
MO #72  energy= -1.13830093781663  occ= 2
MO #73  energy= -1.07471365983076  occ= 2
MO #74  energy= -1.06564622521977  occ= 2
MO #75  energy= -0.97821713687484  occ= 2
MO #76  energy= -0.908902909119896 occ= 2
MO #77  energy= -0.901124488975347 occ= 2
MO #78  energy= -0.895009755488039 occ= 2
MO #79  energy= -0.888660860243249 occ= 2
MO #80  energy= -0.852287952578319 occ= 2
MO #81  energy= -0.848173575665159 occ= 2
MO #82  energy= -0.834769513239706 occ= 2
MO #83  energy= -0.819053842592747 occ= 2
MO #84  energy= -0.810500415016333 occ= 2
MO #85  energy= -0.780529391113679 occ= 2
MO #86  energy= -0.77903143312575  occ= 2
MO #87  energy= -0.776612298424611 occ= 2
MO #88  energy= -0.775149769466212 occ= 2
MO #89  energy= -0.772008698328122 occ= 2
MO #90  energy= -0.758358025251047 occ= 2
MO #91  energy= -0.744845405821616 occ= 2
MO #92  energy= -0.737417889174359 occ= 2
MO #93  energy= -0.723699507009113 occ= 2
MO #94  energy= -0.693718771753007 occ= 2
MO #95  energy= -0.667675808038933 occ= 2
MO #96  energy= -0.662604944036532 occ= 2
MO #97  energy= -0.652212811515733 occ= 2
MO #98  energy= -0.647744725396688 occ= 2
MO #99  energy= -0.642095716122874 occ= 2
MO #100 energy= -0.636690176943565 occ= 2
MO #101 energy= -0.622596571257319 occ= 2
MO #102 energy= -0.620588686666412 occ= 2
MO #103 energy= -0.617867184289106 occ= 2
MO #104 energy= -0.607405650596168 occ= 2
MO #105 energy= -0.605828896298598 occ= 2
MO #106 energy= -0.602999479776191 occ= 2
MO #107 energy= -0.601604076232734 occ= 2
MO #108 energy= -0.596504088328063 occ= 2
MO #109 energy= -0.593096027660879 occ= 2
MO #110 energy= -0.587924923701288 occ= 2
MO #111 energy= -0.581048450745653 occ= 2
MO #112 energy= -0.573662077338043 occ= 2
MO #113 energy= -0.557624422669668 occ= 2
MO #114 energy= -0.550479158506897 occ= 2
MO #115 energy= -0.537983583753639 occ= 2
MO #116 energy= -0.535371922901939 occ= 2
MO #117 energy= -0.511377398291435 occ= 2
MO #118 energy= -0.509907730590286 occ= 2
MO #119 energy= -0.503979935801862 occ= 2
MO #120 energy= -0.502457332186174 occ= 2
MO #121 energy= -0.49987278975755  occ= 2
MO #122 energy= -0.497290138468303 occ= 2
MO #123 energy= -0.494832899099899 occ= 2
MO #124 energy= -0.49410975120961  occ= 2
MO #125 energy= -0.489570747014376 occ= 2
MO #126 energy= -0.486033751436362 occ= 2
MO #127 energy= -0.483215208373723 occ= 2
MO #128 energy= -0.476814853638397 occ= 2
MO #129 energy= -0.47604555283029  occ= 2
MO #130 energy= -0.475099283623948 occ= 2
MO #131 energy= -0.474237248666434 occ= 2
MO #132 energy= -0.472067331984685 occ= 2
MO #133 energy= -0.471417695913812 occ= 2
MO #134 energy= -0.470789727904509 occ= 2
MO #135 energy= -0.465906548526427 occ= 2
MO #136 energy= -0.465370113909931 occ= 2
MO #137 energy= -0.460229219699713 occ= 2
MO #138 energy= -0.459655421144033 occ= 2
MO #139 energy= -0.454534155593912 occ= 2
MO #140 energy= -0.452049257146116 occ= 2
MO #141 energy= -0.449657670470295 occ= 2
MO #142 energy= -0.448184693981321 occ= 2
MO #143 energy= -0.445028337207087 occ= 2
MO #144 energy= -0.444372961373577 occ= 2
MO #145 energy= -0.429005803497706 occ= 2
MO #146 energy= -0.428825208744149 occ= 2
MO #147 energy= -0.427677337246963 occ= 2
MO #148 energy= -0.427480664512869 occ= 2
MO #149 energy= -0.425786173690567 occ= 2
MO #150 energy= -0.424663141503238 occ= 2
MO #151 energy= -0.42362226224569  occ= 2
MO #152 energy= -0.423156712034147 occ= 2
MO #153 energy= -0.417302597547613 occ= 2
MO #154 energy= -0.416020233925339 occ= 2
MO #155 energy= -0.412826337548429 occ= 2
MO #156 energy= -0.41066535082853  occ= 2
MO #157 energy= -0.410187707606649 occ= 2
MO #158 energy= -0.406275651560846 occ= 2
MO #159 energy= -0.402846239190422 occ= 2
MO #160 energy= -0.399043306554696 occ= 2
MO #161 energy= -0.398326897603628 occ= 2
MO #162 energy= -0.39652419832649  occ= 2
MO #163 energy= -0.395731632876214 occ= 2
MO #164 energy= -0.393605408535157 occ= 2
MO #165 energy= -0.391582143693689 occ= 2
MO #166 energy= -0.390967609787466 occ= 2
MO #167 energy= -0.385611952926101 occ= 2
MO #168 energy= -0.381596198853994 occ= 2
MO #169 energy= -0.378919683691937 occ= 2
MO #170 energy= -0.377432775850344 occ= 2
MO #171 energy= -0.375269478402437 occ= 2
MO #172 energy= -0.372176111039418 occ= 2
MO #173 energy= -0.367376566484695 occ= 2
MO #174 energy= -0.36606249115064  occ= 2
MO #175 energy= -0.351447579720966 occ= 2
MO #176 energy= -0.350378159964649 occ= 2
MO #177 energy= -0.346760220858668 occ= 2
MO #178 energy= -0.344854054037803 occ= 2
MO #179 energy= -0.322177288334536 occ= 2
MO #180 energy= -0.31906050975571  occ= 2
MO #181 energy= -0.314853558655996 occ= 2
MO #182 energy= -0.305123860515179 occ= 2
MO #183 energy= -0.295407950470219 occ= 2
MO #184 energy= -0.290286379700281 occ= 2
MO #185 energy= -0.286879544847449 occ= 2
MO #186 energy= -0.280775416582904 occ= 2
MO #187 energy= -0.262339018894179 occ= 2
MO #188 energy= -0.257171423002732 occ= 2
MO #189 energy= -0.243107351018549 occ= 2
MO #190 energy= -0.235444868955122 occ= 2
MO #191 energy= -0.0801037569113705 occ= 0
MO #192 energy= -0.073724907633318 occ= 0
MO #193 energy= -0.0707431603455905 occ= 0
MO #194 energy= -0.069551343663279 occ= 0
MO #195 energy= -0.0539522960027569 occ= 0
MO #196 energy= -0.0510422351738417 occ= 0
MO #197 energy= -0.0353785136492589 occ= 0
MO #198 energy= -0.0295675529390259 occ= 0
MO #199 energy= -0.0257259265754135 occ= 0
MO #200 energy= -0.020485422068797 occ= 0
MO #201 energy= -0.00146482667855297 occ= 0
MO #202 energy= 0.01153417429818   occ= 0
MO #203 energy= 0.0288281459533916 occ= 0
MO #204 energy= 0.0548751560325144 occ= 0
MO #205 energy= 0.0573022626790701 occ= 0
MO #206 energy= 0.0581356270311178 occ= 0
MO #207 energy= 0.0615999983633607 occ= 0
MO #208 energy= 0.0625932611612615 occ= 0
MO #209 energy= 0.0646165051520274 occ= 0
MO #210 energy= 0.0665815088507792 occ= 0
MO #211 energy= 0.069025845200229  occ= 0
MO #212 energy= 0.0731383811795744 occ= 0
MO #213 energy= 0.0769480057740549 occ= 0
MO #214 energy= 0.0794081411803098 occ= 0
MO #215 energy= 0.081000986341774  occ= 0
MO #216 energy= 0.0917769660116578 occ= 0
MO #217 energy= 0.0946328091499126 occ= 0
MO #218 energy= 0.0993374367164509 occ= 0
MO #219 energy= 0.103220739534818  occ= 0
MO #220 energy= 0.108875409695532  occ= 0
MO #221 energy= 0.114089610326596  occ= 0
MO #222 energy= 0.124468990390301  occ= 0
MO #223 energy= 0.126909041012045  occ= 0
MO #224 energy= 0.128453137191664  occ= 0
MO #225 energy= 0.131005381479677  occ= 0
MO #226 energy= 0.135037771494214  occ= 0
MO #227 energy= 0.136815632664936  occ= 0
MO #228 energy= 0.138999406326533  occ= 0
MO #229 energy= 0.144158345627023  occ= 0
MO #230 energy= 0.14619598201864   occ= 0
MO #231 energy= 0.148137086896223  occ= 0
MO #232 energy= 0.150876433745733  occ= 0
MO #233 energy= 0.153112818514297  occ= 0
MO #234 energy= 0.157513390807985  occ= 0
MO #235 energy= 0.163998478018949  occ= 0
MO #236 energy= 0.167571651898277  occ= 0
MO #237 energy= 0.181591320769765  occ= 0
MO #238 energy= 0.188204118374199  occ= 0
MO #239 energy= 0.197365293689407  occ= 0
MO #240 energy= 0.232736896820764  occ= 0
MO #241 energy= 0.234157747824485  occ= 0
MO #242 energy= 0.235937908170055  occ= 0
MO #243 energy= 0.241698887039141  occ= 0
MO #244 energy= 0.252164357894898  occ= 0
MO #245 energy= 0.256065319062399  occ= 0
MO #246 energy= 0.259949292277362  occ= 0
MO #247 energy= 0.264615968996541  occ= 0
MO #248 energy= 0.268202563591004  occ= 0
MO #249 energy= 0.270600292428038  occ= 0
MO #250 energy= 0.272229895891812  occ= 0
MO #251 energy= 0.274285370337878  occ= 0
MO #252 energy= 0.276606774072565  occ= 0
MO #253 energy= 0.277726051242989  occ= 0
MO #254 energy= 0.280567442572562  occ= 0
MO #255 energy= 0.283844358984943  occ= 0
MO #256 energy= 0.287126873411602  occ= 0
MO #257 energy= 0.288438719791099  occ= 0
MO #258 energy= 0.292817734590829  occ= 0
MO #259 energy= 0.295550201316003  occ= 0
MO #260 energy= 0.302346947330488  occ= 0
MO #261 energy= 0.310531877457048  occ= 0
MO #262 energy= 0.319774259890541  occ= 0
MO #263 energy= 0.325318871624818  occ= 0
MO #264 energy= 0.331114351670621  occ= 0
MO #265 energy= 0.335347236893678  occ= 0
MO #266 energy= 0.338807448356042  occ= 0
MO #267 energy= 0.342301185175726  occ= 0
MO #268 energy= 0.345027121652096  occ= 0
MO #269 energy= 0.355619843315385  occ= 0
MO #270 energy= 0.364719694039992  occ= 0
MO #271 energy= 0.367104372673344  occ= 0
MO #272 energy= 0.370170275368217  occ= 0
MO #273 energy= 0.37228248097717   occ= 0
MO #274 energy= 0.379348737403104  occ= 0
MO #275 energy= 0.381854039273888  occ= 0
MO #276 energy= 0.38351127099607   occ= 0
MO #277 energy= 0.387234337781523  occ= 0
MO #278 energy= 0.393450601965667  occ= 0
MO #279 energy= 0.394628875893369  occ= 0
MO #280 energy= 0.397236695149865  occ= 0
MO #281 energy= 0.412074139170391  occ= 0
MO #282 energy= 0.415863086700056  occ= 0
MO #283 energy= 0.420830803210456  occ= 0
MO #284 energy= 0.426557814047274  occ= 0
MO #285 energy= 0.431522446363273  occ= 0
MO #286 energy= 0.435148130487983  occ= 0
MO #287 energy= 0.43897753437687   occ= 0
MO #288 energy= 0.441088983315409  occ= 0
MO #289 energy= 0.442327691703768  occ= 0
MO #290 energy= 0.448484534674493  occ= 0
MO #291 energy= 0.448939960206332  occ= 0
MO #292 energy= 0.454184347574055  occ= 0
MO #293 energy= 0.455668134263001  occ= 0
MO #294 energy= 0.456831253206514  occ= 0
MO #295 energy= 0.46188740246716   occ= 0
MO #296 energy= 0.465948204886556  occ= 0
MO #297 energy= 0.46968245544769   occ= 0
MO #298 energy= 0.470482799392514  occ= 0
MO #299 energy= 0.472285947274504  occ= 0
MO #300 energy= 0.47296054509089   occ= 0
MO #301 energy= 0.476888729478229  occ= 0
MO #302 energy= 0.480530614040297  occ= 0
MO #303 energy= 0.481073604206771  occ= 0
MO #304 energy= 0.484802231692042  occ= 0
MO #305 energy= 0.490720697019441  occ= 0
MO #306 energy= 0.491883594245733  occ= 0
MO #307 energy= 0.495298496635582  occ= 0
MO #308 energy= 0.498014440190157  occ= 0
MO #309 energy= 0.501944411555569  occ= 0
MO #310 energy= 0.503734082786713  occ= 0
MO #311 energy= 0.508666899141747  occ= 0
MO #312 energy= 0.510319376812401  occ= 0
MO #313 energy= 0.517391152546568  occ= 0
MO #314 energy= 0.519452706869137  occ= 0
MO #315 energy= 0.524189832632757  occ= 0
MO #316 energy= 0.527635297893539  occ= 0
MO #317 energy= 0.53187850274427   occ= 0
MO #318 energy= 0.534673653919829  occ= 0
MO #319 energy= 0.540462408710979  occ= 0
MO #320 energy= 0.542750777285757  occ= 0
MO #321 energy= 0.544408324311093  occ= 0
MO #322 energy= 0.546455244468462  occ= 0
MO #323 energy= 0.552741460452137  occ= 0
MO #324 energy= 0.555352154387108  occ= 0
MO #325 energy= 0.557230194268497  occ= 0
MO #326 energy= 0.566014915457381  occ= 0
MO #327 energy= 0.576881373779713  occ= 0
MO #328 energy= 0.578877605812675  occ= 0
MO #329 energy= 0.581312932997983  occ= 0
MO #330 energy= 0.586119926106184  occ= 0
MO #331 energy= 0.591240537902559  occ= 0
MO #332 energy= 0.594546122579728  occ= 0
MO #333 energy= 0.601375625747345  occ= 0
MO #334 energy= 0.60755013021217   occ= 0
MO #335 energy= 0.609902402974399  occ= 0
MO #336 energy= 0.614728901296537  occ= 0
MO #337 energy= 0.618775405543017  occ= 0
MO #338 energy= 0.62210740990568   occ= 0
MO #339 energy= 0.625586378241791  occ= 0
MO #340 energy= 0.62965563299162   occ= 0
MO #341 energy= 0.638742758282881  occ= 0
MO #342 energy= 0.640596890085636  occ= 0
MO #343 energy= 0.640881355186699  occ= 0
MO #344 energy= 0.645039258021532  occ= 0
MO #345 energy= 0.649071588006765  occ= 0
MO #346 energy= 0.65140072901734   occ= 0
MO #347 energy= 0.652781166074868  occ= 0
MO #348 energy= 0.655139697379833  occ= 0
MO #349 energy= 0.658524856217817  occ= 0
MO #350 energy= 0.661803498720619  occ= 0
MO #351 energy= 0.662614975055325  occ= 0
MO #352 energy= 0.665852239447949  occ= 0
MO #353 energy= 0.66793585053717   occ= 0
MO #354 energy= 0.671250971208238  occ= 0
MO #355 energy= 0.67662372384323   occ= 0
MO #356 energy= 0.681695078090331  occ= 0
MO #357 energy= 0.683537742827776  occ= 0
MO #358 energy= 0.685982702827494  occ= 0
MO #359 energy= 0.690347406625505  occ= 0
MO #360 energy= 0.691547939937544  occ= 0
MO #361 energy= 0.692655618530361  occ= 0
MO #362 energy= 0.6973598480457    occ= 0
MO #363 energy= 0.702047469228822  occ= 0
MO #364 energy= 0.708537759045804  occ= 0
MO #365 energy= 0.711170358336971  occ= 0
MO #366 energy= 0.716855616717657  occ= 0
MO #367 energy= 0.722199987064761  occ= 0
MO #368 energy= 0.723440440031075  occ= 0
MO #369 energy= 0.728243487507572  occ= 0
MO #370 energy= 0.732217358316474  occ= 0
MO #371 energy= 0.734002253672384  occ= 0
MO #372 energy= 0.735395777927884  occ= 0
MO #373 energy= 0.739392889667186  occ= 0
MO #374 energy= 0.744638731728399  occ= 0
MO #375 energy= 0.746906275352824  occ= 0
MO #376 energy= 0.747790728305368  occ= 0
MO #377 energy= 0.756568987532247  occ= 0
MO #378 energy= 0.760611881660713  occ= 0
MO #379 energy= 0.765748699085763  occ= 0
MO #380 energy= 0.768884532678499  occ= 0
MO #381 energy= 0.783463666002392  occ= 0
MO #382 energy= 0.790833924505134  occ= 0
MO #383 energy= 0.79357066315576   occ= 0
MO #384 energy= 0.794491190215614  occ= 0
MO #385 energy= 0.796867784307954  occ= 0
MO #386 energy= 0.800787726485886  occ= 0
MO #387 energy= 0.805003301967318  occ= 0
MO #388 energy= 0.806680308726     occ= 0
MO #389 energy= 0.816185199934469  occ= 0
MO #390 energy= 0.818582341845659  occ= 0
MO #391 energy= 0.821204045876623  occ= 0
MO #392 energy= 0.832905363402467  occ= 0
MO #393 energy= 0.838767733284572  occ= 0
MO #394 energy= 0.844184174083305  occ= 0
MO #395 energy= 0.847552234775337  occ= 0
MO #396 energy= 0.859255755816253  occ= 0
MO #397 energy= 0.862113905843217  occ= 0
MO #398 energy= 0.863236285756493  occ= 0
MO #399 energy= 0.867296475492635  occ= 0
MO #400 energy= 0.872560691285926  occ= 0
MO #401 energy= 0.875100556054378  occ= 0
MO #402 energy= 0.879016596408167  occ= 0
MO #403 energy= 0.880585148317809  occ= 0
MO #404 energy= 0.893440202692591  occ= 0
MO #405 energy= 0.900461078892355  occ= 0
MO #406 energy= 0.904529629653095  occ= 0
MO #407 energy= 0.906276052362109  occ= 0
MO #408 energy= 0.908337759284967  occ= 0
MO #409 energy= 0.918868087383904  occ= 0
MO #410 energy= 0.924712249543646  occ= 0
MO #411 energy= 0.927146048281374  occ= 0
MO #412 energy= 0.937003485818696  occ= 0
MO #413 energy= 0.949980215238559  occ= 0
MO #414 energy= 0.964974970077666  occ= 0
MO #415 energy= 0.965365609657588  occ= 0
MO #416 energy= 0.977698882278707  occ= 0
MO #417 energy= 0.987670181225054  occ= 0
MO #418 energy= 0.996868277964062  occ= 0
MO #419 energy= 1.00297503286735   occ= 0
MO #420 energy= 1.01250966130266   occ= 0
MO #421 energy= 1.02085434990592   occ= 0
MO #422 energy= 1.02850898459553   occ= 0
MO #423 energy= 1.04237383621602   occ= 0
MO #424 energy= 1.05309450436424   occ= 0
MO #425 energy= 1.07199588391248   occ= 0
MO #426 energy= 1.07569636370004   occ= 0
MO #427 energy= 1.08317336897564   occ= 0
MO #428 energy= 1.08444992788796   occ= 0
MO #429 energy= 1.09829127655008   occ= 0
MO #430 energy= 1.10064050213649   occ= 0
MO #431 energy= 1.10961001744839   occ= 0
MO #432 energy= 1.11288566029587   occ= 0
MO #433 energy= 1.11751484550013   occ= 0
MO #434 energy= 1.12169280966731   occ= 0
MO #435 energy= 1.12450963403761   occ= 0
MO #436 energy= 1.13041734961734   occ= 0
MO #437 energy= 1.13312929282326   occ= 0
MO #438 energy= 1.13565766383277   occ= 0
MO #439 energy= 1.13811972638499   occ= 0
MO #440 energy= 1.14738357203298   occ= 0
MO #441 energy= 1.14890049097576   occ= 0
MO #442 energy= 1.15261558703734   occ= 0
MO #443 energy= 1.15362104882041   occ= 0
MO #444 energy= 1.15646201207694   occ= 0
MO #445 energy= 1.16023680654648   occ= 0
MO #446 energy= 1.16147838725382   occ= 0
MO #447 energy= 1.162930379324     occ= 0
MO #448 energy= 1.16395249607699   occ= 0
MO #449 energy= 1.16522495678763   occ= 0
MO #450 energy= 1.17633385381391   occ= 0
MO #451 energy= 1.17811896127046   occ= 0
MO #452 energy= 1.18086094304662   occ= 0
MO #453 energy= 1.18548906869371   occ= 0
MO #454 energy= 1.18915426839005   occ= 0
MO #455 energy= 1.19114236339744   occ= 0
MO #456 energy= 1.19287963736549   occ= 0
MO #457 energy= 1.19710300371202   occ= 0
MO #458 energy= 1.1976835865127    occ= 0
MO #459 energy= 1.20401908205522   occ= 0
MO #460 energy= 1.2061501244887    occ= 0
MO #461 energy= 1.21326497931106   occ= 0
MO #462 energy= 1.2149185351395    occ= 0
MO #463 energy= 1.22124440402977   occ= 0
MO #464 energy= 1.22436238798471   occ= 0
MO #465 energy= 1.22829624856234   occ= 0
MO #466 energy= 1.23376460964882   occ= 0
MO #467 energy= 1.23653799520599   occ= 0
MO #468 energy= 1.24129122620295   occ= 0
MO #469 energy= 1.24748196643475   occ= 0
MO #470 energy= 1.2516795309481    occ= 0
MO #471 energy= 1.26124673308268   occ= 0
MO #472 energy= 1.26375888889314   occ= 0
MO #473 energy= 1.26640562670297   occ= 0
MO #474 energy= 1.26789374619934   occ= 0
MO #475 energy= 1.27401326686057   occ= 0
MO #476 energy= 1.27978552339289   occ= 0
MO #477 energy= 1.28054053588341   occ= 0
MO #478 energy= 1.28462342171465   occ= 0
MO #479 energy= 1.28759441273768   occ= 0
MO #480 energy= 1.29473295776472   occ= 0
MO #481 energy= 1.29772401236556   occ= 0
MO #482 energy= 1.30076463227401   occ= 0
MO #483 energy= 1.30344769012077   occ= 0
MO #484 energy= 1.31101102644799   occ= 0
MO #485 energy= 1.31764389184225   occ= 0
MO #486 energy= 1.3206617788361    occ= 0
MO #487 energy= 1.32809987070056   occ= 0
MO #488 energy= 1.33356487906144   occ= 0
MO #489 energy= 1.35075684867227   occ= 0
MO #490 energy= 1.35402569085578   occ= 0
MO #491 energy= 1.35875432951068   occ= 0
MO #492 energy= 1.38192504938731   occ= 0
MO #493 energy= 1.3866204841573    occ= 0
MO #494 energy= 1.3908979181668    occ= 0
MO #495 energy= 1.39342873329283   occ= 0
MO #496 energy= 1.39657498182771   occ= 0
MO #497 energy= 1.40777013975257   occ= 0
MO #498 energy= 1.41258282198241   occ= 0
MO #499 energy= 1.41569151754928   occ= 0
MO #500 energy= 1.417524558204     occ= 0
MO #501 energy= 1.42091593025529   occ= 0
MO #502 energy= 1.43435406005425   occ= 0
MO #503 energy= 1.43980399270788   occ= 0
MO #504 energy= 1.45092699587948   occ= 0
MO #505 energy= 1.45739570414719   occ= 0
MO #506 energy= 1.47375183163865   occ= 0
MO #507 energy= 1.48074909735396   occ= 0
MO #508 energy= 1.49055126200441   occ= 0
MO #509 energy= 1.5021416553056    occ= 0
MO #510 energy= 1.51002196566989   occ= 0
MO #511 energy= 1.51420136000872   occ= 0
MO #512 energy= 1.51784523660603   occ= 0
MO #513 energy= 1.52488495605747   occ= 0
MO #514 energy= 1.53291602636427   occ= 0
MO #515 energy= 1.54797764614107   occ= 0
MO #516 energy= 1.55297833765868   occ= 0
MO #517 energy= 1.56256765405329   occ= 0
MO #518 energy= 1.56492360723081   occ= 0
MO #519 energy= 1.5709906572141    occ= 0
MO #520 energy= 1.59890176202317   occ= 0
MO #521 energy= 1.6033210439982    occ= 0
MO #522 energy= 1.60731928411547   occ= 0
MO #523 energy= 1.61148885658875   occ= 0
MO #524 energy= 1.61767970695698   occ= 0
MO #525 energy= 1.61816054672259   occ= 0
MO #526 energy= 1.63190973314427   occ= 0
MO #527 energy= 1.6348876621276    occ= 0
MO #528 energy= 1.64316519608973   occ= 0
MO #529 energy= 1.65526199268465   occ= 0
MO #530 energy= 1.66649824234203   occ= 0
MO #531 energy= 1.66751673369817   occ= 0
MO #532 energy= 1.6779780461769    occ= 0
MO #533 energy= 1.68420234323538   occ= 0
MO #534 energy= 1.68913218853152   occ= 0
MO #535 energy= 1.69526357609328   occ= 0
MO #536 energy= 1.70394108123631   occ= 0
MO #537 energy= 1.70606107643775   occ= 0
MO #538 energy= 1.71089472926075   occ= 0
MO #539 energy= 1.71318104037281   occ= 0
MO #540 energy= 1.72013871204775   occ= 0
MO #541 energy= 1.72167335301315   occ= 0
MO #542 energy= 1.72399172408474   occ= 0
MO #543 energy= 1.72450455498108   occ= 0
MO #544 energy= 1.72647993788953   occ= 0
MO #545 energy= 1.72862048974063   occ= 0
MO #546 energy= 1.73696774631619   occ= 0
MO #547 energy= 1.73867943261619   occ= 0
MO #548 energy= 1.74143660155405   occ= 0
MO #549 energy= 1.74267026120631   occ= 0
MO #550 energy= 1.74873277193101   occ= 0
MO #551 energy= 1.75201651582998   occ= 0
MO #552 energy= 1.75620501188254   occ= 0
MO #553 energy= 1.76377596646526   occ= 0
MO #554 energy= 1.76734995621051   occ= 0
MO #555 energy= 1.77102030366957   occ= 0
MO #556 energy= 1.77383657686467   occ= 0
MO #557 energy= 1.77808158885327   occ= 0
MO #558 energy= 1.77924431994825   occ= 0
MO #559 energy= 1.78260814724255   occ= 0
MO #560 energy= 1.7861144369181    occ= 0
MO #561 energy= 1.79275796564508   occ= 0
MO #562 energy= 1.80190736485215   occ= 0
MO #563 energy= 1.81303081303739   occ= 0
MO #564 energy= 1.81626512968017   occ= 0
MO #565 energy= 1.82696880090768   occ= 0
MO #566 energy= 1.83181343806643   occ= 0
MO #567 energy= 1.83826434702811   occ= 0
MO #568 energy= 1.84520550196097   occ= 0
MO #569 energy= 1.85113775967183   occ= 0
MO #570 energy= 1.85307563563782   occ= 0
MO #571 energy= 1.85621508727603   occ= 0
MO #572 energy= 1.87100894105742   occ= 0
MO #573 energy= 1.87452048810272   occ= 0
MO #574 energy= 1.87718743527906   occ= 0
MO #575 energy= 1.88242651447495   occ= 0
MO #576 energy= 1.89486658688556   occ= 0
MO #577 energy= 1.90052698149298   occ= 0
MO #578 energy= 1.90913456981515   occ= 0
MO #579 energy= 1.9139343746776    occ= 0
MO #580 energy= 1.9254546755972    occ= 0
MO #581 energy= 1.93204965981788   occ= 0
MO #582 energy= 1.9377039815072    occ= 0
MO #583 energy= 1.94502676757503   occ= 0
MO #584 energy= 1.94598115581274   occ= 0
MO #585 energy= 1.95173237846128   occ= 0
MO #586 energy= 1.95905280925443   occ= 0
MO #587 energy= 1.96348643335806   occ= 0
MO #588 energy= 1.97116910891099   occ= 0
MO #589 energy= 1.97495555720934   occ= 0
MO #590 energy= 1.97532324116422   occ= 0
MO #591 energy= 1.98252733761352   occ= 0
MO #592 energy= 1.98975966352025   occ= 0
MO #593 energy= 1.99652677662636   occ= 0
MO #594 energy= 2.0023774666283    occ= 0
MO #595 energy= 2.00877098546045   occ= 0
MO #596 energy= 2.01365064494473   occ= 0
MO #597 energy= 2.01892493725396   occ= 0
MO #598 energy= 2.02542154242569   occ= 0
MO #599 energy= 2.02948329708242   occ= 0
MO #600 energy= 2.03160532367159   occ= 0
MO #601 energy= 2.0442537961058    occ= 0
MO #602 energy= 2.04490772334847   occ= 0
MO #603 energy= 2.04880830235153   occ= 0
MO #604 energy= 2.05511762829932   occ= 0
MO #605 energy= 2.081294969094     occ= 0
MO #606 energy= 2.08882745143253   occ= 0
MO #607 energy= 2.09442713262329   occ= 0
MO #608 energy= 2.10083133029307   occ= 0
MO #609 energy= 2.10906007412998   occ= 0
MO #610 energy= 2.11567041393428   occ= 0
MO #611 energy= 2.11839651182492   occ= 0
MO #612 energy= 2.11933406984518   occ= 0
MO #613 energy= 2.12447888264562   occ= 0
MO #614 energy= 2.1319863148544    occ= 0
MO #615 energy= 2.13601159388421   occ= 0
MO #616 energy= 2.14181026505466   occ= 0
MO #617 energy= 2.15345024089196   occ= 0
MO #618 energy= 2.15589950525406   occ= 0
MO #619 energy= 2.1596622121713    occ= 0
MO #620 energy= 2.16217225574974   occ= 0
MO #621 energy= 2.17119719161737   occ= 0
MO #622 energy= 2.17824019675087   occ= 0
MO #623 energy= 2.18386002216975   occ= 0
MO #624 energy= 2.18666672531731   occ= 0
MO #625 energy= 2.19308973837264   occ= 0
MO #626 energy= 2.2046318583511    occ= 0
MO #627 energy= 2.2062801530989    occ= 0
MO #628 energy= 2.21541150092445   occ= 0
MO #629 energy= 2.23096736475777   occ= 0
MO #630 energy= 2.23576602380934   occ= 0
MO #631 energy= 2.24222084702603   occ= 0
MO #632 energy= 2.25211968669739   occ= 0
MO #633 energy= 2.26743396843705   occ= 0
MO #634 energy= 2.27223378439558   occ= 0
MO #635 energy= 2.27760760306876   occ= 0
MO #636 energy= 2.28224337238497   occ= 0
MO #637 energy= 2.29360034071692   occ= 0
MO #638 energy= 2.29422238308993   occ= 0
MO #639 energy= 2.30164044014013   occ= 0
MO #640 energy= 2.30772497885012   occ= 0
MO #641 energy= 2.31101426672006   occ= 0
MO #642 energy= 2.33041306514067   occ= 0
MO #643 energy= 2.33447820340935   occ= 0
MO #644 energy= 2.34465757932159   occ= 0
MO #645 energy= 2.34620221762799   occ= 0
MO #646 energy= 2.3474006499029    occ= 0
MO #647 energy= 2.35022172259726   occ= 0
MO #648 energy= 2.35162533684841   occ= 0
MO #649 energy= 2.36449736349247   occ= 0
MO #650 energy= 2.36995921297456   occ= 0
MO #651 energy= 2.37239292729711   occ= 0
MO #652 energy= 2.38771164866649   occ= 0
MO #653 energy= 2.38939680267729   occ= 0
MO #654 energy= 2.3991671155107    occ= 0
MO #655 energy= 2.40388377140848   occ= 0
MO #656 energy= 2.41117196445557   occ= 0
MO #657 energy= 2.41837881103447   occ= 0
MO #658 energy= 2.42727530568964   occ= 0
MO #659 energy= 2.47312644785294   occ= 0
MO #660 energy= 2.47838217054284   occ= 0
MO #661 energy= 2.50377717420635   occ= 0
MO #662 energy= 2.50752531855597   occ= 0
MO #663 energy= 2.51744105571422   occ= 0
MO #664 energy= 2.53635599543969   occ= 0
MO #665 energy= 2.53783361524539   occ= 0
MO #666 energy= 2.55904072369435   occ= 0
MO #667 energy= 2.56046149445278   occ= 0
MO #668 energy= 2.58051370483893   occ= 0
MO #669 energy= 2.58603942716327   occ= 0
MO #670 energy= 2.59671922598139   occ= 0
MO #671 energy= 2.60215481393593   occ= 0
MO #672 energy= 2.61220206051256   occ= 0
MO #673 energy= 2.62052966907017   occ= 0
MO #674 energy= 2.6256531762081    occ= 0
MO #675 energy= 2.62730570735668   occ= 0
MO #676 energy= 2.63181313507505   occ= 0
MO #677 energy= 2.63591534340937   occ= 0
MO #678 energy= 2.64358692630599   occ= 0
MO #679 energy= 2.6471104961444    occ= 0
MO #680 energy= 2.65476988203973   occ= 0
MO #681 energy= 2.65939508835721   occ= 0
MO #682 energy= 2.66411772698856   occ= 0
MO #683 energy= 2.6709437221821    occ= 0
MO #684 energy= 2.67715013254319   occ= 0
MO #685 energy= 2.68091570473375   occ= 0
MO #686 energy= 2.69025171695634   occ= 0
MO #687 energy= 2.69124033185616   occ= 0
MO #688 energy= 2.70477838092407   occ= 0
MO #689 energy= 2.71419506637622   occ= 0
MO #690 energy= 2.71885122432513   occ= 0
MO #691 energy= 2.72723578316862   occ= 0
MO #692 energy= 2.73129348619299   occ= 0
MO #693 energy= 2.74094085161292   occ= 0
MO #694 energy= 2.74796350261713   occ= 0
MO #695 energy= 2.75159711357448   occ= 0
MO #696 energy= 2.7621931253677    occ= 0
MO #697 energy= 2.79060105798254   occ= 0
MO #698 energy= 2.79599677489557   occ= 0
MO #699 energy= 2.805968803786     occ= 0
MO #700 energy= 2.81875084094156   occ= 0
MO #701 energy= 2.83782506092782   occ= 0
MO #702 energy= 2.85156592936184   occ= 0
MO #703 energy= 2.85875988171849   occ= 0
MO #704 energy= 2.86231918822694   occ= 0
MO #705 energy= 2.87963035904504   occ= 0
MO #706 energy= 2.88380076856085   occ= 0
MO #707 energy= 2.88628483099089   occ= 0
MO #708 energy= 2.89225147377124   occ= 0
MO #709 energy= 2.90278357590442   occ= 0
MO #710 energy= 2.90828114926202   occ= 0
MO #711 energy= 2.92178264970294   occ= 0
MO #712 energy= 2.92337190681365   occ= 0
MO #713 energy= 2.93038456808935   occ= 0
MO #714 energy= 2.96742871535588   occ= 0
MO #715 energy= 2.96993147338136   occ= 0
MO #716 energy= 2.98147676642003   occ= 0
MO #717 energy= 2.98701822546546   occ= 0
MO #718 energy= 2.9909575207644    occ= 0
MO #719 energy= 2.99500608512689   occ= 0
MO #720 energy= 2.99636217662594   occ= 0
MO #721 energy= 2.99925662924059   occ= 0
MO #722 energy= 3.00333368328512   occ= 0
MO #723 energy= 3.00794555099819   occ= 0
MO #724 energy= 3.01459447488868   occ= 0
MO #725 energy= 3.01524540810657   occ= 0
MO #726 energy= 3.01862381392976   occ= 0
MO #727 energy= 3.01985170096818   occ= 0
MO #728 energy= 3.03151563360703   occ= 0
MO #729 energy= 3.03622032446203   occ= 0
MO #730 energy= 3.04281099921124   occ= 0
MO #731 energy= 3.04572814664585   occ= 0
MO #732 energy= 3.04701041662172   occ= 0
MO #733 energy= 3.04733401857151   occ= 0
MO #734 energy= 3.04939416053374   occ= 0
MO #735 energy= 3.04988586962926   occ= 0
MO #736 energy= 3.05180829199606   occ= 0
MO #737 energy= 3.05768495021977   occ= 0
MO #738 energy= 3.05823289991541   occ= 0
MO #739 energy= 3.06210706830977   occ= 0
MO #740 energy= 3.06247195483468   occ= 0
MO #741 energy= 3.06546122094449   occ= 0
MO #742 energy= 3.06870606000699   occ= 0
MO #743 energy= 3.07013381078068   occ= 0
MO #744 energy= 3.07553675035729   occ= 0
MO #745 energy= 3.07948246991363   occ= 0
MO #746 energy= 3.09024578476415   occ= 0
MO #747 energy= 3.094301512878     occ= 0
MO #748 energy= 3.10253414549586   occ= 0
MO #749 energy= 3.10810762997142   occ= 0
MO #750 energy= 3.13171578217988   occ= 0
MO #751 energy= 3.13342071648241   occ= 0
MO #752 energy= 3.13524518007405   occ= 0
MO #753 energy= 3.14107127263199   occ= 0
MO #754 energy= 3.14467147340208   occ= 0
MO #755 energy= 3.15036980479905   occ= 0
MO #756 energy= 3.15560986362658   occ= 0
MO #757 energy= 3.15948593660351   occ= 0
MO #758 energy= 3.16155490422143   occ= 0
MO #759 energy= 3.16538215692909   occ= 0
MO #760 energy= 3.16725013995067   occ= 0
MO #761 energy= 3.16865348248211   occ= 0
MO #762 energy= 3.169535521013     occ= 0
MO #763 energy= 3.17806022911501   occ= 0
MO #764 energy= 3.18803395087434   occ= 0
MO #765 energy= 3.20186440294511   occ= 0
MO #766 energy= 3.20379843111624   occ= 0
MO #767 energy= 3.20712345894211   occ= 0
MO #768 energy= 3.20875862528599   occ= 0
MO #769 energy= 3.22439164217671   occ= 0
MO #770 energy= 3.284038462939     occ= 0
MO #771 energy= 3.28613325462068   occ= 0
MO #772 energy= 3.28804972239766   occ= 0
MO #773 energy= 3.31500296902676   occ= 0
MO #774 energy= 3.34604094041093   occ= 0
MO #775 energy= 3.38623146597796   occ= 0
MO #776 energy= 3.40032401470174   occ= 0
MO #777 energy= 3.40444730752193   occ= 0
MO #778 energy= 3.42536375541941   occ= 0
MO #779 energy= 3.46479732999212   occ= 0
MO #780 energy= 3.46712809740743   occ= 0
MO #781 energy= 3.52465649348637   occ= 0
MO #782 energy= 3.53680471759064   occ= 0
MO #783 energy= 3.54770800356467   occ= 0
MO #784 energy= 3.55260794470888   occ= 0
MO #785 energy= 3.58765178445517   occ= 0
MO #786 energy= 3.59707658601868   occ= 0
MO #787 energy= 3.63653905912977   occ= 0
MO #788 energy= 3.64221626407481   occ= 0
MO #789 energy= 3.66253490972257   occ= 0
MO #790 energy= 3.67364329637841   occ= 0
MO #791 energy= 3.676726942889     occ= 0
MO #792 energy= 3.67929007170375   occ= 0
MO #793 energy= 3.69364451581528   occ= 0
 ** Mulliken atomic charges  **
charge of  0O =     -0.77350
charge of  1P =      1.75135
charge of  2O =     -0.64865
charge of  3O =     -0.54370
charge of  4C =      0.17488
charge of  5C =     -0.01013
charge of  6C =      0.02631
charge of  7C =     -0.09068
charge of  8C =     -0.09085
charge of  9C =     -0.09353
charge of  10S =      1.98196
charge of  11F =     -0.37846
charge of  12F =     -0.42182
charge of  13F =     -0.41638
charge of  14F =     -0.42064
charge of  15F =     -0.42106
charge of  16C =     -0.08393
charge of  17C =     -0.08355
charge of  18C =     -0.09847
charge of  19C =      0.01003
charge of  20C =      0.00382
charge of  21C =     -0.10519
charge of  22C =     -0.09451
charge of  23C =     -0.09840
charge of  24C =     -0.09882
charge of  25C =     -0.02455
charge of  26C =     -0.02261
charge of  27C =      0.17939
charge of  28O =     -0.53703
charge of  29C =     -0.01357
charge of  30C =      0.02429
charge of  31C =     -0.09504
charge of  32C =     -0.08851
charge of  33C =     -0.09586
charge of  34S =      1.98397
charge of  35F =     -0.37679
charge of  36F =     -0.42072
charge of  37F =     -0.42077
charge of  38F =     -0.41826
charge of  39F =     -0.41910
charge of  40C =     -0.08791
charge of  41C =     -0.08825
charge of  42C =     -0.09911
charge of  43C =      0.00910
charge of  44C =      0.00476
charge of  45C =     -0.10476
charge of  46C =     -0.09427
charge of  47C =     -0.09846
charge of  48C =     -0.09935
charge of  49H =      0.35835
charge of  50H =      0.11713
charge of  51H =      0.12923
charge of  52H =      0.13086
charge of  53H =      0.11558
charge of  54H =      0.10877
charge of  55H =      0.11179
charge of  56H =      0.10735
charge of  57H =      0.10724
charge of  58H =      0.10383
charge of  59H =      0.11357
charge of  60H =      0.13061
charge of  61H =      0.13181
charge of  62H =      0.12204
charge of  63H =      0.10799
charge of  64H =      0.11257
charge of  65H =      0.10768
charge of  66H =      0.10737
charge of  67H =      0.10356
Dipole moment(X, Y, Z, Debye):  8.36377, -2.69505, -4.86579
def2-svp b3lyp 157.92530941963196
