/public3/home/scg5914/software-scg5914/LSW/1/data/data2/std_data/def2svp_b3lyp/cat_21.xyz
converged SCF energy = -2640.60267320394
**** MO energy ****
MO #1   energy= -77.2271127399953  occ= 2
MO #2   energy= -19.1894283048108  occ= 2
MO #3   energy= -19.1863911107608  occ= 2
MO #4   energy= -19.1794533305536  occ= 2
MO #5   energy= -19.0966529622122  occ= 2
MO #6   energy= -10.2639794656416  occ= 2
MO #7   energy= -10.2618624957727  occ= 2
MO #8   energy= -10.209483327226   occ= 2
MO #9   energy= -10.2082053564247  occ= 2
MO #10  energy= -10.2048065442232  occ= 2
MO #11  energy= -10.2039223640626  occ= 2
MO #12  energy= -10.2031476272304  occ= 2
MO #13  energy= -10.2024784878919  occ= 2
MO #14  energy= -10.1998945156594  occ= 2
MO #15  energy= -10.1985419833537  occ= 2
MO #16  energy= -10.1972227171284  occ= 2
MO #17  energy= -10.1954149948762  occ= 2
MO #18  energy= -10.195231609455   occ= 2
MO #19  energy= -10.1926254660757  occ= 2
MO #20  energy= -10.1924078472416  occ= 2
MO #21  energy= -10.1919085481738  occ= 2
MO #22  energy= -10.1916160725499  occ= 2
MO #23  energy= -10.1914816563379  occ= 2
MO #24  energy= -10.1913890430704  occ= 2
MO #25  energy= -10.191264912709   occ= 2
MO #26  energy= -10.1906683409262  occ= 2
MO #27  energy= -10.1905382139996  occ= 2
MO #28  energy= -10.1902100323753  occ= 2
MO #29  energy= -10.1898611226417  occ= 2
MO #30  energy= -10.1898346329479  occ= 2
MO #31  energy= -10.1894239269521  occ= 2
MO #32  energy= -10.1891231289626  occ= 2
MO #33  energy= -10.1891148642586  occ= 2
MO #34  energy= -10.1890426083476  occ= 2
MO #35  energy= -10.1885087490286  occ= 2
MO #36  energy= -10.1862793021615  occ= 2
MO #37  energy= -10.1862535977436  occ= 2
MO #38  energy= -10.1854862457878  occ= 2
MO #39  energy= -10.1852627744407  occ= 2
MO #40  energy= -10.1851966728978  occ= 2
MO #41  energy= -10.1850730600179  occ= 2
MO #42  energy= -10.1849748926099  occ= 2
MO #43  energy= -10.1847755463816  occ= 2
MO #44  energy= -10.1845909163044  occ= 2
MO #45  energy= -10.1845370942546  occ= 2
MO #46  energy= -10.1844919534211  occ= 2
MO #47  energy= -10.1843280668821  occ= 2
MO #48  energy= -10.1839579007987  occ= 2
MO #49  energy= -10.1838828402303  occ= 2
MO #50  energy= -10.1838603100425  occ= 2
MO #51  energy= -10.1838174016525  occ= 2
MO #52  energy= -10.1827853078192  occ= 2
MO #53  energy= -10.1827338994136  occ= 2
MO #54  energy= -10.1826192692666  occ= 2
MO #55  energy= -10.1809892514302  occ= 2
MO #56  energy= -10.1803594831112  occ= 2
MO #57  energy= -10.1747160262996  occ= 2
MO #58  energy= -6.70244414597023  occ= 2
MO #59  energy= -4.87002694015043  occ= 2
MO #60  energy= -4.86955372697238  occ= 2
MO #61  energy= -4.86778203984543  occ= 2
MO #62  energy= -1.12401624512799  occ= 2
MO #63  energy= -1.06345318785704  occ= 2
MO #64  energy= -1.05304049510255  occ= 2
MO #65  energy= -0.967416055397671 occ= 2
MO #66  energy= -0.893695428247823 occ= 2
MO #67  energy= -0.880527549424064 occ= 2
MO #68  energy= -0.875719839653182 occ= 2
MO #69  energy= -0.874191476276963 occ= 2
MO #70  energy= -0.861441541347769 occ= 2
MO #71  energy= -0.858106110120353 occ= 2
MO #72  energy= -0.835652864862602 occ= 2
MO #73  energy= -0.830593234408416 occ= 2
MO #74  energy= -0.822457006751038 occ= 2
MO #75  energy= -0.817337080632051 occ= 2
MO #76  energy= -0.806563368592535 occ= 2
MO #77  energy= -0.775336807379807 occ= 2
MO #78  energy= -0.773504191590996 occ= 2
MO #79  energy= -0.767147149758612 occ= 2
MO #80  energy= -0.764335919722555 occ= 2
MO #81  energy= -0.761704951327804 occ= 2
MO #82  energy= -0.755747798611869 occ= 2
MO #83  energy= -0.754665134830981 occ= 2
MO #84  energy= -0.745410203790548 occ= 2
MO #85  energy= -0.732533758200298 occ= 2
MO #86  energy= -0.72704488165362  occ= 2
MO #87  energy= -0.72262437299459  occ= 2
MO #88  energy= -0.720970902153668 occ= 2
MO #89  energy= -0.709309567740546 occ= 2
MO #90  energy= -0.706806567714886 occ= 2
MO #91  energy= -0.703346335899    occ= 2
MO #92  energy= -0.682952390760583 occ= 2
MO #93  energy= -0.645749457517701 occ= 2
MO #94  energy= -0.6416459519006   occ= 2
MO #95  energy= -0.634800583396223 occ= 2
MO #96  energy= -0.632443171539865 occ= 2
MO #97  energy= -0.630471000355108 occ= 2
MO #98  energy= -0.621536011225976 occ= 2
MO #99  energy= -0.616447780414918 occ= 2
MO #100 energy= -0.614002288827143 occ= 2
MO #101 energy= -0.606163206845394 occ= 2
MO #102 energy= -0.599822143968411 occ= 2
MO #103 energy= -0.597202360560484 occ= 2
MO #104 energy= -0.590501907276695 occ= 2
MO #105 energy= -0.588453254888487 occ= 2
MO #106 energy= -0.583796492591143 occ= 2
MO #107 energy= -0.579409409989735 occ= 2
MO #108 energy= -0.571863543912848 occ= 2
MO #109 energy= -0.567333887997885 occ= 2
MO #110 energy= -0.559800588753966 occ= 2
MO #111 energy= -0.541621663633788 occ= 2
MO #112 energy= -0.534774912786561 occ= 2
MO #113 energy= -0.527120570625573 occ= 2
MO #114 energy= -0.522785912075167 occ= 2
MO #115 energy= -0.514596127390349 occ= 2
MO #116 energy= -0.513492351115068 occ= 2
MO #117 energy= -0.5053398595532   occ= 2
MO #118 energy= -0.503192904744028 occ= 2
MO #119 energy= -0.501868532198209 occ= 2
MO #120 energy= -0.489466303177786 occ= 2
MO #121 energy= -0.487378540869242 occ= 2
MO #122 energy= -0.485027435869526 occ= 2
MO #123 energy= -0.481508183906231 occ= 2
MO #124 energy= -0.477586830222509 occ= 2
MO #125 energy= -0.471785380753959 occ= 2
MO #126 energy= -0.464777285559897 occ= 2
MO #127 energy= -0.463189169375612 occ= 2
MO #128 energy= -0.459337752240496 occ= 2
MO #129 energy= -0.45671475877943  occ= 2
MO #130 energy= -0.454315880834775 occ= 2
MO #131 energy= -0.451363548703503 occ= 2
MO #132 energy= -0.446966555379915 occ= 2
MO #133 energy= -0.446157458377274 occ= 2
MO #134 energy= -0.444283506804839 occ= 2
MO #135 energy= -0.442092274819422 occ= 2
MO #136 energy= -0.441324493207895 occ= 2
MO #137 energy= -0.437342892225505 occ= 2
MO #138 energy= -0.435943985507241 occ= 2
MO #139 energy= -0.432901971492413 occ= 2
MO #140 energy= -0.429240010455953 occ= 2
MO #141 energy= -0.426181717506594 occ= 2
MO #142 energy= -0.423449890444856 occ= 2
MO #143 energy= -0.420997573516173 occ= 2
MO #144 energy= -0.420252105814611 occ= 2
MO #145 energy= -0.418486519653305 occ= 2
MO #146 energy= -0.417202168028756 occ= 2
MO #147 energy= -0.409056822259202 occ= 2
MO #148 energy= -0.405469455994889 occ= 2
MO #149 energy= -0.404037546802025 occ= 2
MO #150 energy= -0.401447115867928 occ= 2
MO #151 energy= -0.399381658821061 occ= 2
MO #152 energy= -0.39633465355165  occ= 2
MO #153 energy= -0.395764301915976 occ= 2
MO #154 energy= -0.394252609389047 occ= 2
MO #155 energy= -0.387825431332886 occ= 2
MO #156 energy= -0.385178456401171 occ= 2
MO #157 energy= -0.377693518728252 occ= 2
MO #158 energy= -0.376227862882384 occ= 2
MO #159 energy= -0.37560315539373  occ= 2
MO #160 energy= -0.370261815595842 occ= 2
MO #161 energy= -0.369281128106433 occ= 2
MO #162 energy= -0.363757831564918 occ= 2
MO #163 energy= -0.36206643052434  occ= 2
MO #164 energy= -0.358265047111677 occ= 2
MO #165 energy= -0.355550361974249 occ= 2
MO #166 energy= -0.353848189280162 occ= 2
MO #167 energy= -0.35026045005398  occ= 2
MO #168 energy= -0.348345152168308 occ= 2
MO #169 energy= -0.34170200788384  occ= 2
MO #170 energy= -0.339590175675784 occ= 2
MO #171 energy= -0.336958544273349 occ= 2
MO #172 energy= -0.333438104108474 occ= 2
MO #173 energy= -0.332813598144275 occ= 2
MO #174 energy= -0.332195082364506 occ= 2
MO #175 energy= -0.329582536485855 occ= 2
MO #176 energy= -0.328539624763688 occ= 2
MO #177 energy= -0.327364906973053 occ= 2
MO #178 energy= -0.322775662545645 occ= 2
MO #179 energy= -0.307518546648032 occ= 2
MO #180 energy= -0.305636938272538 occ= 2
MO #181 energy= -0.299431972882844 occ= 2
MO #182 energy= -0.291410774579904 occ= 2
MO #183 energy= -0.290748251868685 occ= 2
MO #184 energy= -0.289848839342916 occ= 2
MO #185 energy= -0.267801837860608 occ= 2
MO #186 energy= -0.267143397510722 occ= 2
MO #187 energy= -0.261830370520748 occ= 2
MO #188 energy= -0.261162185479621 occ= 2
MO #189 energy= -0.248481269196247 occ= 2
MO #190 energy= -0.24190845167079  occ= 2
MO #191 energy= -0.236811505521281 occ= 2
MO #192 energy= -0.234613735100367 occ= 2
MO #193 energy= -0.229808830336704 occ= 2
MO #194 energy= -0.218653129429795 occ= 2
MO #195 energy= -0.214896306241885 occ= 2
MO #196 energy= -0.212965936562952 occ= 2
MO #197 energy= -0.0623832538037279 occ= 0
MO #198 energy= -0.0507075348443392 occ= 0
MO #199 energy= -0.045850058060695 occ= 0
MO #200 energy= -0.0448637131584937 occ= 0
MO #201 energy= -0.0281661847121155 occ= 0
MO #202 energy= -0.0244215433521566 occ= 0
MO #203 energy= -0.0228568683005488 occ= 0
MO #204 energy= -0.0209388780031495 occ= 0
MO #205 energy= -0.00514925766789505 occ= 0
MO #206 energy= 0.000551234469519527 occ= 0
MO #207 energy= 0.00968252382629662 occ= 0
MO #208 energy= 0.0124810171086385 occ= 0
MO #209 energy= 0.013384905972576  occ= 0
MO #210 energy= 0.0272024908564906 occ= 0
MO #211 energy= 0.0291122317502168 occ= 0
MO #212 energy= 0.0312130002391861 occ= 0
MO #213 energy= 0.0388901206079393 occ= 0
MO #214 energy= 0.0672094587884662 occ= 0
MO #215 energy= 0.0686809814548627 occ= 0
MO #216 energy= 0.0701233004889351 occ= 0
MO #217 energy= 0.0704804967840546 occ= 0
MO #218 energy= 0.0799568602854914 occ= 0
MO #219 energy= 0.0825189404639759 occ= 0
MO #220 energy= 0.0844291545779327 occ= 0
MO #221 energy= 0.0852919215805743 occ= 0
MO #222 energy= 0.0861108127756108 occ= 0
MO #223 energy= 0.0870265266271869 occ= 0
MO #224 energy= 0.0896895820618114 occ= 0
MO #225 energy= 0.0909899918507823 occ= 0
MO #226 energy= 0.0954686411348645 occ= 0
MO #227 energy= 0.0971860189439851 occ= 0
MO #228 energy= 0.0990225925597809 occ= 0
MO #229 energy= 0.100967679142     occ= 0
MO #230 energy= 0.105242138341654  occ= 0
MO #231 energy= 0.108704152286492  occ= 0
MO #232 energy= 0.112367337582686  occ= 0
MO #233 energy= 0.116937353696956  occ= 0
MO #234 energy= 0.12174598431628   occ= 0
MO #235 energy= 0.126503714489841  occ= 0
MO #236 energy= 0.128941829370631  occ= 0
MO #237 energy= 0.131543655899735  occ= 0
MO #238 energy= 0.135530147094382  occ= 0
MO #239 energy= 0.13776070672128   occ= 0
MO #240 energy= 0.139551456925015  occ= 0
MO #241 energy= 0.141634325810652  occ= 0
MO #242 energy= 0.141804666215113  occ= 0
MO #243 energy= 0.146427854229529  occ= 0
MO #244 energy= 0.148660998161314  occ= 0
MO #245 energy= 0.149981161635883  occ= 0
MO #246 energy= 0.15248111314963   occ= 0
MO #247 energy= 0.156693875678154  occ= 0
MO #248 energy= 0.161633309034544  occ= 0
MO #249 energy= 0.163835388790398  occ= 0
MO #250 energy= 0.172983980847175  occ= 0
MO #251 energy= 0.175967923768353  occ= 0
MO #252 energy= 0.177907824751738  occ= 0
MO #253 energy= 0.178922665579929  occ= 0
MO #254 energy= 0.180202915527998  occ= 0
MO #255 energy= 0.182906629375542  occ= 0
MO #256 energy= 0.192205584234088  occ= 0
MO #257 energy= 0.196007042548373  occ= 0
MO #258 energy= 0.200309801239235  occ= 0
MO #259 energy= 0.203131104820078  occ= 0
MO #260 energy= 0.212471894944209  occ= 0
MO #261 energy= 0.216870853067677  occ= 0
MO #262 energy= 0.239776742558507  occ= 0
MO #263 energy= 0.241729225565709  occ= 0
MO #264 energy= 0.246463066419147  occ= 0
MO #265 energy= 0.249921413892181  occ= 0
MO #266 energy= 0.252427131647408  occ= 0
MO #267 energy= 0.262459648906952  occ= 0
MO #268 energy= 0.26677704862497   occ= 0
MO #269 energy= 0.267568997612263  occ= 0
MO #270 energy= 0.27072887352397   occ= 0
MO #271 energy= 0.272351035351633  occ= 0
MO #272 energy= 0.275479436494219  occ= 0
MO #273 energy= 0.279278393141257  occ= 0
MO #274 energy= 0.281875936661255  occ= 0
MO #275 energy= 0.283928892411246  occ= 0
MO #276 energy= 0.285529617265518  occ= 0
MO #277 energy= 0.286122202578748  occ= 0
MO #278 energy= 0.289348850629475  occ= 0
MO #279 energy= 0.291634018306754  occ= 0
MO #280 energy= 0.291905228946744  occ= 0
MO #281 energy= 0.294384410578562  occ= 0
MO #282 energy= 0.295126896758603  occ= 0
MO #283 energy= 0.297949005702365  occ= 0
MO #284 energy= 0.299346333272324  occ= 0
MO #285 energy= 0.300750143433536  occ= 0
MO #286 energy= 0.302287184688467  occ= 0
MO #287 energy= 0.305441326939398  occ= 0
MO #288 energy= 0.30667445602099   occ= 0
MO #289 energy= 0.312407110872412  occ= 0
MO #290 energy= 0.315616779137647  occ= 0
MO #291 energy= 0.316875236627484  occ= 0
MO #292 energy= 0.321603656595014  occ= 0
MO #293 energy= 0.326150212986704  occ= 0
MO #294 energy= 0.329487106839394  occ= 0
MO #295 energy= 0.332146607428966  occ= 0
MO #296 energy= 0.33438266273591   occ= 0
MO #297 energy= 0.337330709474456  occ= 0
MO #298 energy= 0.340704999783455  occ= 0
MO #299 energy= 0.342451233435187  occ= 0
MO #300 energy= 0.344097598205098  occ= 0
MO #301 energy= 0.346141163160367  occ= 0
MO #302 energy= 0.351445303375203  occ= 0
MO #303 energy= 0.354339101622331  occ= 0
MO #304 energy= 0.358586721700656  occ= 0
MO #305 energy= 0.362344148869778  occ= 0
MO #306 energy= 0.363978559527613  occ= 0
MO #307 energy= 0.366545353927328  occ= 0
MO #308 energy= 0.367224200437599  occ= 0
MO #309 energy= 0.371794385844628  occ= 0
MO #310 energy= 0.372430000590705  occ= 0
MO #311 energy= 0.376914665771581  occ= 0
MO #312 energy= 0.380322689542207  occ= 0
MO #313 energy= 0.383213473810715  occ= 0
MO #314 energy= 0.387126466786201  occ= 0
MO #315 energy= 0.390303871056849  occ= 0
MO #316 energy= 0.391776726294377  occ= 0
MO #317 energy= 0.392869613465195  occ= 0
MO #318 energy= 0.394876277666923  occ= 0
MO #319 energy= 0.398875195793851  occ= 0
MO #320 energy= 0.400857218781711  occ= 0
MO #321 energy= 0.4026145733282    occ= 0
MO #322 energy= 0.404068633547238  occ= 0
MO #323 energy= 0.408758638840676  occ= 0
MO #324 energy= 0.413623319277142  occ= 0
MO #325 energy= 0.416668566091447  occ= 0
MO #326 energy= 0.418734861653588  occ= 0
MO #327 energy= 0.419323750849013  occ= 0
MO #328 energy= 0.423027245241232  occ= 0
MO #329 energy= 0.42721284956048   occ= 0
MO #330 energy= 0.42924327901476   occ= 0
MO #331 energy= 0.436830125191738  occ= 0
MO #332 energy= 0.439584809698264  occ= 0
MO #333 energy= 0.443266194162079  occ= 0
MO #334 energy= 0.444606052081328  occ= 0
MO #335 energy= 0.452060558361168  occ= 0
MO #336 energy= 0.452587552530328  occ= 0
MO #337 energy= 0.455885773738195  occ= 0
MO #338 energy= 0.456260804405833  occ= 0
MO #339 energy= 0.459938097628919  occ= 0
MO #340 energy= 0.461499344591265  occ= 0
MO #341 energy= 0.463326634741403  occ= 0
MO #342 energy= 0.465624970197274  occ= 0
MO #343 energy= 0.466120364085434  occ= 0
MO #344 energy= 0.468791746813068  occ= 0
MO #345 energy= 0.47038252393287   occ= 0
MO #346 energy= 0.471599225392283  occ= 0
MO #347 energy= 0.474427259075991  occ= 0
MO #348 energy= 0.477508526346276  occ= 0
MO #349 energy= 0.480100504868065  occ= 0
MO #350 energy= 0.481540767291395  occ= 0
MO #351 energy= 0.481911097821884  occ= 0
MO #352 energy= 0.484297447769061  occ= 0
MO #353 energy= 0.487303076836324  occ= 0
MO #354 energy= 0.491299203017432  occ= 0
MO #355 energy= 0.491786506102182  occ= 0
MO #356 energy= 0.493321539043917  occ= 0
MO #357 energy= 0.496216422423093  occ= 0
MO #358 energy= 0.498997311682167  occ= 0
MO #359 energy= 0.50133620480814   occ= 0
MO #360 energy= 0.501887688840293  occ= 0
MO #361 energy= 0.504690156445768  occ= 0
MO #362 energy= 0.506234918675873  occ= 0
MO #363 energy= 0.509309261709492  occ= 0
MO #364 energy= 0.50992364704726   occ= 0
MO #365 energy= 0.511463723003368  occ= 0
MO #366 energy= 0.515484214095371  occ= 0
MO #367 energy= 0.517137077844051  occ= 0
MO #368 energy= 0.518251223658911  occ= 0
MO #369 energy= 0.518816209135585  occ= 0
MO #370 energy= 0.521853957770697  occ= 0
MO #371 energy= 0.525284322083044  occ= 0
MO #372 energy= 0.526588217493709  occ= 0
MO #373 energy= 0.533653327879274  occ= 0
MO #374 energy= 0.535156469349349  occ= 0
MO #375 energy= 0.537011211903243  occ= 0
MO #376 energy= 0.538312636502286  occ= 0
MO #377 energy= 0.54066440055301   occ= 0
MO #378 energy= 0.543154445332064  occ= 0
MO #379 energy= 0.547711360382966  occ= 0
MO #380 energy= 0.552609901687095  occ= 0
MO #381 energy= 0.556157564780802  occ= 0
MO #382 energy= 0.559385041526341  occ= 0
MO #383 energy= 0.569147693294479  occ= 0
MO #384 energy= 0.570688703217475  occ= 0
MO #385 energy= 0.573891435586654  occ= 0
MO #386 energy= 0.574137347286531  occ= 0
MO #387 energy= 0.577481665192116  occ= 0
MO #388 energy= 0.580235413145133  occ= 0
MO #389 energy= 0.582040621986487  occ= 0
MO #390 energy= 0.585750629850785  occ= 0
MO #391 energy= 0.591780819656386  occ= 0
MO #392 energy= 0.594408281328215  occ= 0
MO #393 energy= 0.598258446501316  occ= 0
MO #394 energy= 0.600498727520782  occ= 0
MO #395 energy= 0.601877270195818  occ= 0
MO #396 energy= 0.606229094303273  occ= 0
MO #397 energy= 0.609746217375932  occ= 0
MO #398 energy= 0.612642992327208  occ= 0
MO #399 energy= 0.614330546160929  occ= 0
MO #400 energy= 0.620511023772119  occ= 0
MO #401 energy= 0.622402652247704  occ= 0
MO #402 energy= 0.626015408715186  occ= 0
MO #403 energy= 0.629584273144554  occ= 0
MO #404 energy= 0.631508049935879  occ= 0
MO #405 energy= 0.634628694238321  occ= 0
MO #406 energy= 0.635941087301248  occ= 0
MO #407 energy= 0.638208043307258  occ= 0
MO #408 energy= 0.641519036044648  occ= 0
MO #409 energy= 0.644897552765597  occ= 0
MO #410 energy= 0.647593683938418  occ= 0
MO #411 energy= 0.649591981201265  occ= 0
MO #412 energy= 0.651481500785301  occ= 0
MO #413 energy= 0.652672513008771  occ= 0
MO #414 energy= 0.653776974638166  occ= 0
MO #415 energy= 0.655659679583092  occ= 0
MO #416 energy= 0.655730983656423  occ= 0
MO #417 energy= 0.65899697143696   occ= 0
MO #418 energy= 0.661025765594769  occ= 0
MO #419 energy= 0.662024276623298  occ= 0
MO #420 energy= 0.664939286997594  occ= 0
MO #421 energy= 0.666822568620562  occ= 0
MO #422 energy= 0.669615922261194  occ= 0
MO #423 energy= 0.670804699629209  occ= 0
MO #424 energy= 0.671298712003795  occ= 0
MO #425 energy= 0.672379119830747  occ= 0
MO #426 energy= 0.674225799294794  occ= 0
MO #427 energy= 0.676184797385675  occ= 0
MO #428 energy= 0.67833520868103   occ= 0
MO #429 energy= 0.681794674657162  occ= 0
MO #430 energy= 0.683304189923611  occ= 0
MO #431 energy= 0.684296915068772  occ= 0
MO #432 energy= 0.687633485421144  occ= 0
MO #433 energy= 0.688506162209443  occ= 0
MO #434 energy= 0.691810407238819  occ= 0
MO #435 energy= 0.694558964479382  occ= 0
MO #436 energy= 0.696065020667689  occ= 0
MO #437 energy= 0.697390214014273  occ= 0
MO #438 energy= 0.699268783844672  occ= 0
MO #439 energy= 0.704342869927308  occ= 0
MO #440 energy= 0.704729142273614  occ= 0
MO #441 energy= 0.706987932302054  occ= 0
MO #442 energy= 0.709641967918785  occ= 0
MO #443 energy= 0.712573711814553  occ= 0
MO #444 energy= 0.718931202661451  occ= 0
MO #445 energy= 0.721424146470071  occ= 0
MO #446 energy= 0.725894955656105  occ= 0
MO #447 energy= 0.727008099071012  occ= 0
MO #448 energy= 0.730865066806225  occ= 0
MO #449 energy= 0.732400181879291  occ= 0
MO #450 energy= 0.733977950542473  occ= 0
MO #451 energy= 0.736489684514015  occ= 0
MO #452 energy= 0.736996634142267  occ= 0
MO #453 energy= 0.741127234332186  occ= 0
MO #454 energy= 0.746323316223167  occ= 0
MO #455 energy= 0.748384719963342  occ= 0
MO #456 energy= 0.753636868257461  occ= 0
MO #457 energy= 0.754335767584837  occ= 0
MO #458 energy= 0.75576449384815   occ= 0
MO #459 energy= 0.758832450455162  occ= 0
MO #460 energy= 0.762333939435523  occ= 0
MO #461 energy= 0.762762197312741  occ= 0
MO #462 energy= 0.766392307034371  occ= 0
MO #463 energy= 0.769408842188708  occ= 0
MO #464 energy= 0.770942438671102  occ= 0
MO #465 energy= 0.776960723050722  occ= 0
MO #466 energy= 0.778553278243344  occ= 0
MO #467 energy= 0.7828232278993    occ= 0
MO #468 energy= 0.784208642451455  occ= 0
MO #469 energy= 0.787037354088498  occ= 0
MO #470 energy= 0.790345544219509  occ= 0
MO #471 energy= 0.794257062135788  occ= 0
MO #472 energy= 0.796911477583476  occ= 0
MO #473 energy= 0.798465982771279  occ= 0
MO #474 energy= 0.80234522111703   occ= 0
MO #475 energy= 0.805968224507152  occ= 0
MO #476 energy= 0.810214150243222  occ= 0
MO #477 energy= 0.812418707743993  occ= 0
MO #478 energy= 0.814672056468275  occ= 0
MO #479 energy= 0.819835884753455  occ= 0
MO #480 energy= 0.821389541101901  occ= 0
MO #481 energy= 0.825208592894685  occ= 0
MO #482 energy= 0.828438171060071  occ= 0
MO #483 energy= 0.828912670169349  occ= 0
MO #484 energy= 0.82973959956387   occ= 0
MO #485 energy= 0.833072250266092  occ= 0
MO #486 energy= 0.836010468923057  occ= 0
MO #487 energy= 0.838697631407552  occ= 0
MO #488 energy= 0.84354375414372   occ= 0
MO #489 energy= 0.84590459480886   occ= 0
MO #490 energy= 0.848426898312801  occ= 0
MO #491 energy= 0.851910594267351  occ= 0
MO #492 energy= 0.86001142321071   occ= 0
MO #493 energy= 0.862328222705291  occ= 0
MO #494 energy= 0.869151429860016  occ= 0
MO #495 energy= 0.871906174334261  occ= 0
MO #496 energy= 0.877690936779055  occ= 0
MO #497 energy= 0.88460785598555   occ= 0
MO #498 energy= 0.893649609236575  occ= 0
MO #499 energy= 0.894348173817885  occ= 0
MO #500 energy= 0.899356194207186  occ= 0
MO #501 energy= 0.903528383244459  occ= 0
MO #502 energy= 0.908812128137379  occ= 0
MO #503 energy= 0.909203015943531  occ= 0
MO #504 energy= 0.914452593247862  occ= 0
MO #505 energy= 0.915057017933559  occ= 0
MO #506 energy= 0.916840616453071  occ= 0
MO #507 energy= 0.93024073886437   occ= 0
MO #508 energy= 0.937238490606224  occ= 0
MO #509 energy= 0.945757533203386  occ= 0
MO #510 energy= 0.950163048570339  occ= 0
MO #511 energy= 0.956068174735724  occ= 0
MO #512 energy= 0.957918364884033  occ= 0
MO #513 energy= 0.961423111124056  occ= 0
MO #514 energy= 0.972264874443397  occ= 0
MO #515 energy= 0.973318886490008  occ= 0
MO #516 energy= 0.973821036142393  occ= 0
MO #517 energy= 0.984612637601667  occ= 0
MO #518 energy= 0.98852784701389   occ= 0
MO #519 energy= 1.00041193704809   occ= 0
MO #520 energy= 1.00546961227596   occ= 0
MO #521 energy= 1.02003590546621   occ= 0
MO #522 energy= 1.02598670424783   occ= 0
MO #523 energy= 1.03664774519583   occ= 0
MO #524 energy= 1.05375592476012   occ= 0
MO #525 energy= 1.06752667552282   occ= 0
MO #526 energy= 1.07419632613853   occ= 0
MO #527 energy= 1.08124101601993   occ= 0
MO #528 energy= 1.08284356319674   occ= 0
MO #529 energy= 1.08820817162742   occ= 0
MO #530 energy= 1.09755318342772   occ= 0
MO #531 energy= 1.10474165308851   occ= 0
MO #532 energy= 1.105331669762     occ= 0
MO #533 energy= 1.11181415538261   occ= 0
MO #534 energy= 1.11522912483415   occ= 0
MO #535 energy= 1.11785291093443   occ= 0
MO #536 energy= 1.11887500361489   occ= 0
MO #537 energy= 1.12132421140078   occ= 0
MO #538 energy= 1.12492395167239   occ= 0
MO #539 energy= 1.13174611013168   occ= 0
MO #540 energy= 1.14143657640188   occ= 0
MO #541 energy= 1.14831162504693   occ= 0
MO #542 energy= 1.15289929526511   occ= 0
MO #543 energy= 1.15726224874703   occ= 0
MO #544 energy= 1.16899719239005   occ= 0
MO #545 energy= 1.17680142945193   occ= 0
MO #546 energy= 1.17982221463497   occ= 0
MO #547 energy= 1.18069820817967   occ= 0
MO #548 energy= 1.18481736924494   occ= 0
MO #549 energy= 1.18772051735311   occ= 0
MO #550 energy= 1.19326832290172   occ= 0
MO #551 energy= 1.20092185853689   occ= 0
MO #552 energy= 1.20456872329847   occ= 0
MO #553 energy= 1.21191112391918   occ= 0
MO #554 energy= 1.22209286616922   occ= 0
MO #555 energy= 1.22246409218499   occ= 0
MO #556 energy= 1.223972943726     occ= 0
MO #557 energy= 1.23080413201038   occ= 0
MO #558 energy= 1.23328883370966   occ= 0
MO #559 energy= 1.23509036956661   occ= 0
MO #560 energy= 1.23917402703477   occ= 0
MO #561 energy= 1.24361924954965   occ= 0
MO #562 energy= 1.24475000246939   occ= 0
MO #563 energy= 1.24597186987765   occ= 0
MO #564 energy= 1.24760360259222   occ= 0
MO #565 energy= 1.24988340358321   occ= 0
MO #566 energy= 1.25428703250302   occ= 0
MO #567 energy= 1.25446900717046   occ= 0
MO #568 energy= 1.25776034091116   occ= 0
MO #569 energy= 1.25982582870133   occ= 0
MO #570 energy= 1.26575369850791   occ= 0
MO #571 energy= 1.26660230940491   occ= 0
MO #572 energy= 1.26831045418984   occ= 0
MO #573 energy= 1.27087700807217   occ= 0
MO #574 energy= 1.27269557276923   occ= 0
MO #575 energy= 1.27478143200491   occ= 0
MO #576 energy= 1.27941948432419   occ= 0
MO #577 energy= 1.28159278818517   occ= 0
MO #578 energy= 1.28259327376199   occ= 0
MO #579 energy= 1.2855131977497    occ= 0
MO #580 energy= 1.2878423060332    occ= 0
MO #581 energy= 1.288446684706     occ= 0
MO #582 energy= 1.29124721352493   occ= 0
MO #583 energy= 1.29183497441667   occ= 0
MO #584 energy= 1.29379990171923   occ= 0
MO #585 energy= 1.30044850377517   occ= 0
MO #586 energy= 1.30429427676783   occ= 0
MO #587 energy= 1.30619091081451   occ= 0
MO #588 energy= 1.3090013562012    occ= 0
MO #589 energy= 1.3121388893239    occ= 0
MO #590 energy= 1.31776959098345   occ= 0
MO #591 energy= 1.32162411914998   occ= 0
MO #592 energy= 1.32439270640092   occ= 0
MO #593 energy= 1.32811051915657   occ= 0
MO #594 energy= 1.33195806781505   occ= 0
MO #595 energy= 1.33312738267561   occ= 0
MO #596 energy= 1.33574061774235   occ= 0
MO #597 energy= 1.3386805189224    occ= 0
MO #598 energy= 1.34024126167278   occ= 0
MO #599 energy= 1.3438527868402    occ= 0
MO #600 energy= 1.35614303581569   occ= 0
MO #601 energy= 1.35911466622498   occ= 0
MO #602 energy= 1.37032999060528   occ= 0
MO #603 energy= 1.37989114577857   occ= 0
MO #604 energy= 1.38250642568724   occ= 0
MO #605 energy= 1.38859082093516   occ= 0
MO #606 energy= 1.39448185569919   occ= 0
MO #607 energy= 1.40861276656077   occ= 0
MO #608 energy= 1.42780715878918   occ= 0
MO #609 energy= 1.43849123476416   occ= 0
MO #610 energy= 1.46029382031403   occ= 0
MO #611 energy= 1.46883807642013   occ= 0
MO #612 energy= 1.47682473217602   occ= 0
MO #613 energy= 1.49475566649237   occ= 0
MO #614 energy= 1.50216060364832   occ= 0
MO #615 energy= 1.504455911227     occ= 0
MO #616 energy= 1.51093099495896   occ= 0
MO #617 energy= 1.51181616666154   occ= 0
MO #618 energy= 1.51960875206455   occ= 0
MO #619 energy= 1.52615701872721   occ= 0
MO #620 energy= 1.53146585088766   occ= 0
MO #621 energy= 1.54027917199019   occ= 0
MO #622 energy= 1.54425408492904   occ= 0
MO #623 energy= 1.54798771312266   occ= 0
MO #624 energy= 1.55112751745444   occ= 0
MO #625 energy= 1.56447969762686   occ= 0
MO #626 energy= 1.58497007720519   occ= 0
MO #627 energy= 1.60081799537263   occ= 0
MO #628 energy= 1.60300114899528   occ= 0
MO #629 energy= 1.61065028863196   occ= 0
MO #630 energy= 1.61457548921855   occ= 0
MO #631 energy= 1.62580796818193   occ= 0
MO #632 energy= 1.6331421966959    occ= 0
MO #633 energy= 1.64118890819218   occ= 0
MO #634 energy= 1.64256980732578   occ= 0
MO #635 energy= 1.65038539744336   occ= 0
MO #636 energy= 1.65544058118608   occ= 0
MO #637 energy= 1.6563992077957    occ= 0
MO #638 energy= 1.6657668771345    occ= 0
MO #639 energy= 1.66920029396039   occ= 0
MO #640 energy= 1.67330480631055   occ= 0
MO #641 energy= 1.67623997543469   occ= 0
MO #642 energy= 1.68096201491839   occ= 0
MO #643 energy= 1.68501695882111   occ= 0
MO #644 energy= 1.68964427572573   occ= 0
MO #645 energy= 1.69134634509266   occ= 0
MO #646 energy= 1.69307911223322   occ= 0
MO #647 energy= 1.69703818259092   occ= 0
MO #648 energy= 1.70254279610458   occ= 0
MO #649 energy= 1.7069888774766    occ= 0
MO #650 energy= 1.71275298671357   occ= 0
MO #651 energy= 1.71525726432074   occ= 0
MO #652 energy= 1.71618875937863   occ= 0
MO #653 energy= 1.72004689238371   occ= 0
MO #654 energy= 1.72342933944617   occ= 0
MO #655 energy= 1.72567289735074   occ= 0
MO #656 energy= 1.7276762081974    occ= 0
MO #657 energy= 1.72862367395199   occ= 0
MO #658 energy= 1.73194889052834   occ= 0
MO #659 energy= 1.73341130871029   occ= 0
MO #660 energy= 1.73464854563541   occ= 0
MO #661 energy= 1.73785835085153   occ= 0
MO #662 energy= 1.73848845510823   occ= 0
MO #663 energy= 1.74096139069008   occ= 0
MO #664 energy= 1.74278592318519   occ= 0
MO #665 energy= 1.7477406696298    occ= 0
MO #666 energy= 1.74861894026376   occ= 0
MO #667 energy= 1.75026321162992   occ= 0
MO #668 energy= 1.75179275433059   occ= 0
MO #669 energy= 1.75427201772951   occ= 0
MO #670 energy= 1.75578088726657   occ= 0
MO #671 energy= 1.75749505185717   occ= 0
MO #672 energy= 1.75942505564651   occ= 0
MO #673 energy= 1.76269156600095   occ= 0
MO #674 energy= 1.76351013527261   occ= 0
MO #675 energy= 1.76501072784965   occ= 0
MO #676 energy= 1.7696542890529    occ= 0
MO #677 energy= 1.77544267164175   occ= 0
MO #678 energy= 1.77742711631564   occ= 0
MO #679 energy= 1.77793262589147   occ= 0
MO #680 energy= 1.77980465009292   occ= 0
MO #681 energy= 1.78471012805126   occ= 0
MO #682 energy= 1.78657434596204   occ= 0
MO #683 energy= 1.78787318067813   occ= 0
MO #684 energy= 1.78913946781123   occ= 0
MO #685 energy= 1.7907262795257    occ= 0
MO #686 energy= 1.79122349383064   occ= 0
MO #687 energy= 1.79595991650911   occ= 0
MO #688 energy= 1.79736328739263   occ= 0
MO #689 energy= 1.80067783146833   occ= 0
MO #690 energy= 1.80545390345674   occ= 0
MO #691 energy= 1.8070671521665    occ= 0
MO #692 energy= 1.80998368414928   occ= 0
MO #693 energy= 1.81397922987432   occ= 0
MO #694 energy= 1.81712158083719   occ= 0
MO #695 energy= 1.81988384148308   occ= 0
MO #696 energy= 1.82245459859058   occ= 0
MO #697 energy= 1.83042080095672   occ= 0
MO #698 energy= 1.83120249828282   occ= 0
MO #699 energy= 1.83537555068503   occ= 0
MO #700 energy= 1.83609247974523   occ= 0
MO #701 energy= 1.84382613672187   occ= 0
MO #702 energy= 1.84612665641824   occ= 0
MO #703 energy= 1.86059858570848   occ= 0
MO #704 energy= 1.86502882122737   occ= 0
MO #705 energy= 1.870541343031     occ= 0
MO #706 energy= 1.87579126656693   occ= 0
MO #707 energy= 1.88380203065578   occ= 0
MO #708 energy= 1.88948561022714   occ= 0
MO #709 energy= 1.89214301991419   occ= 0
MO #710 energy= 1.8986510611741    occ= 0
MO #711 energy= 1.90320635613131   occ= 0
MO #712 energy= 1.90953238070479   occ= 0
MO #713 energy= 1.91589791929638   occ= 0
MO #714 energy= 1.92107943503343   occ= 0
MO #715 energy= 1.92131881550153   occ= 0
MO #716 energy= 1.93348068955167   occ= 0
MO #717 energy= 1.94142513766773   occ= 0
MO #718 energy= 1.94504562166638   occ= 0
MO #719 energy= 1.94758956114206   occ= 0
MO #720 energy= 1.94979919936034   occ= 0
MO #721 energy= 1.95198236223352   occ= 0
MO #722 energy= 1.95515107250571   occ= 0
MO #723 energy= 1.9564847072142    occ= 0
MO #724 energy= 1.95920813777932   occ= 0
MO #725 energy= 1.95958504625559   occ= 0
MO #726 energy= 1.95999144026325   occ= 0
MO #727 energy= 1.96112106889951   occ= 0
MO #728 energy= 1.96231271986951   occ= 0
MO #729 energy= 1.96547384223665   occ= 0
MO #730 energy= 1.96995676320105   occ= 0
MO #731 energy= 1.97601089480914   occ= 0
MO #732 energy= 1.97722778634079   occ= 0
MO #733 energy= 1.98322106840662   occ= 0
MO #734 energy= 1.99000638758105   occ= 0
MO #735 energy= 1.99264491157358   occ= 0
MO #736 energy= 1.99521979842983   occ= 0
MO #737 energy= 1.99553831204858   occ= 0
MO #738 energy= 1.9963757948034    occ= 0
MO #739 energy= 1.99883228118786   occ= 0
MO #740 energy= 2.00199365792809   occ= 0
MO #741 energy= 2.01167988213838   occ= 0
MO #742 energy= 2.01858433432131   occ= 0
MO #743 energy= 2.03148817606597   occ= 0
MO #744 energy= 2.03938995746651   occ= 0
MO #745 energy= 2.04782334643651   occ= 0
MO #746 energy= 2.05206167742137   occ= 0
MO #747 energy= 2.05328985700336   occ= 0
MO #748 energy= 2.05524073435517   occ= 0
MO #749 energy= 2.05920140489538   occ= 0
MO #750 energy= 2.06036107824349   occ= 0
MO #751 energy= 2.06107922804433   occ= 0
MO #752 energy= 2.07572813955694   occ= 0
MO #753 energy= 2.08241736812993   occ= 0
MO #754 energy= 2.08385711556094   occ= 0
MO #755 energy= 2.09034385174675   occ= 0
MO #756 energy= 2.09367586331699   occ= 0
MO #757 energy= 2.09639579980446   occ= 0
MO #758 energy= 2.10001808516331   occ= 0
MO #759 energy= 2.10497862499016   occ= 0
MO #760 energy= 2.10893054696002   occ= 0
MO #761 energy= 2.12171734524952   occ= 0
MO #762 energy= 2.12295879583144   occ= 0
MO #763 energy= 2.13216692754599   occ= 0
MO #764 energy= 2.1353789628982    occ= 0
MO #765 energy= 2.13600995617083   occ= 0
MO #766 energy= 2.13996753140566   occ= 0
MO #767 energy= 2.14235365279171   occ= 0
MO #768 energy= 2.14421345572457   occ= 0
MO #769 energy= 2.14607113147193   occ= 0
MO #770 energy= 2.14766179298967   occ= 0
MO #771 energy= 2.14949777079172   occ= 0
MO #772 energy= 2.1519291848094    occ= 0
MO #773 energy= 2.15664256703763   occ= 0
MO #774 energy= 2.15866914161311   occ= 0
MO #775 energy= 2.16278181693574   occ= 0
MO #776 energy= 2.16488035230796   occ= 0
MO #777 energy= 2.16945802099307   occ= 0
MO #778 energy= 2.17313963273859   occ= 0
MO #779 energy= 2.1792883072838    occ= 0
MO #780 energy= 2.18243264240337   occ= 0
MO #781 energy= 2.18934332644729   occ= 0
MO #782 energy= 2.19237690118754   occ= 0
MO #783 energy= 2.19414464863007   occ= 0
MO #784 energy= 2.19651875034389   occ= 0
MO #785 energy= 2.20277299342458   occ= 0
MO #786 energy= 2.20597568726344   occ= 0
MO #787 energy= 2.20735978929826   occ= 0
MO #788 energy= 2.21867387527893   occ= 0
MO #789 energy= 2.22207094380726   occ= 0
MO #790 energy= 2.22527817096642   occ= 0
MO #791 energy= 2.23115007482295   occ= 0
MO #792 energy= 2.23647680071269   occ= 0
MO #793 energy= 2.24569684476165   occ= 0
MO #794 energy= 2.24716434746945   occ= 0
MO #795 energy= 2.2499928073871    occ= 0
MO #796 energy= 2.26168899072337   occ= 0
MO #797 energy= 2.26350581978832   occ= 0
MO #798 energy= 2.27198789037205   occ= 0
MO #799 energy= 2.27346522972321   occ= 0
MO #800 energy= 2.275178835573     occ= 0
MO #801 energy= 2.28754069994544   occ= 0
MO #802 energy= 2.2966678852573    occ= 0
MO #803 energy= 2.29923146861216   occ= 0
MO #804 energy= 2.30344130553986   occ= 0
MO #805 energy= 2.30604255573364   occ= 0
MO #806 energy= 2.30654744656524   occ= 0
MO #807 energy= 2.31166251228844   occ= 0
MO #808 energy= 2.3156653089559    occ= 0
MO #809 energy= 2.32187089521057   occ= 0
MO #810 energy= 2.32432353610891   occ= 0
MO #811 energy= 2.32679973961301   occ= 0
MO #812 energy= 2.32847810911395   occ= 0
MO #813 energy= 2.33161884480827   occ= 0
MO #814 energy= 2.33384896802225   occ= 0
MO #815 energy= 2.3385764620641    occ= 0
MO #816 energy= 2.3447464770914    occ= 0
MO #817 energy= 2.34904749369436   occ= 0
MO #818 energy= 2.35450284432968   occ= 0
MO #819 energy= 2.36584592026704   occ= 0
MO #820 energy= 2.36876737468993   occ= 0
MO #821 energy= 2.3709963089571    occ= 0
MO #822 energy= 2.37740559895574   occ= 0
MO #823 energy= 2.38230725866298   occ= 0
MO #824 energy= 2.38838137549532   occ= 0
MO #825 energy= 2.39158113129144   occ= 0
MO #826 energy= 2.39331741688821   occ= 0
MO #827 energy= 2.39755751926604   occ= 0
MO #828 energy= 2.39946632362408   occ= 0
MO #829 energy= 2.40242413098935   occ= 0
MO #830 energy= 2.41031657633069   occ= 0
MO #831 energy= 2.41565314813141   occ= 0
MO #832 energy= 2.42044356462803   occ= 0
MO #833 energy= 2.42560428260122   occ= 0
MO #834 energy= 2.42992005838952   occ= 0
MO #835 energy= 2.43063295875616   occ= 0
MO #836 energy= 2.45290099938336   occ= 0
MO #837 energy= 2.46236788603835   occ= 0
MO #838 energy= 2.46996348199948   occ= 0
MO #839 energy= 2.48856468370097   occ= 0
MO #840 energy= 2.49334741671745   occ= 0
MO #841 energy= 2.50855462668805   occ= 0
MO #842 energy= 2.51471230249938   occ= 0
MO #843 energy= 2.52618633387822   occ= 0
MO #844 energy= 2.5302147264617    occ= 0
MO #845 energy= 2.53961798257055   occ= 0
MO #846 energy= 2.54715481991751   occ= 0
MO #847 energy= 2.55479638704564   occ= 0
MO #848 energy= 2.55891403745906   occ= 0
MO #849 energy= 2.57306099211897   occ= 0
MO #850 energy= 2.57448671857563   occ= 0
MO #851 energy= 2.581054618974     occ= 0
MO #852 energy= 2.58287763352909   occ= 0
MO #853 energy= 2.58790421710836   occ= 0
MO #854 energy= 2.59770036572412   occ= 0
MO #855 energy= 2.60187008242628   occ= 0
MO #856 energy= 2.60411783271697   occ= 0
MO #857 energy= 2.61012048034552   occ= 0
MO #858 energy= 2.61110757543031   occ= 0
MO #859 energy= 2.62704826583852   occ= 0
MO #860 energy= 2.62904747707372   occ= 0
MO #861 energy= 2.63272378643186   occ= 0
MO #862 energy= 2.63434509118007   occ= 0
MO #863 energy= 2.63909204977939   occ= 0
MO #864 energy= 2.64172969326162   occ= 0
MO #865 energy= 2.65256612285053   occ= 0
MO #866 energy= 2.65566933085547   occ= 0
MO #867 energy= 2.65809114529601   occ= 0
MO #868 energy= 2.66006898103777   occ= 0
MO #869 energy= 2.66293329536484   occ= 0
MO #870 energy= 2.66360026088629   occ= 0
MO #871 energy= 2.66420655613691   occ= 0
MO #872 energy= 2.67126799794525   occ= 0
MO #873 energy= 2.67601369860427   occ= 0
MO #874 energy= 2.68438195526017   occ= 0
MO #875 energy= 2.6863873716605    occ= 0
MO #876 energy= 2.69015329312821   occ= 0
MO #877 energy= 2.69138343096932   occ= 0
MO #878 energy= 2.69333088922538   occ= 0
MO #879 energy= 2.70384939497181   occ= 0
MO #880 energy= 2.70910214399817   occ= 0
MO #881 energy= 2.71121830885965   occ= 0
MO #882 energy= 2.71507463091709   occ= 0
MO #883 energy= 2.71881587399775   occ= 0
MO #884 energy= 2.72410759081042   occ= 0
MO #885 energy= 2.72852963178559   occ= 0
MO #886 energy= 2.73566537837947   occ= 0
MO #887 energy= 2.73993911627368   occ= 0
MO #888 energy= 2.74328324249943   occ= 0
MO #889 energy= 2.75492269831449   occ= 0
MO #890 energy= 2.7578496661251    occ= 0
MO #891 energy= 2.76225010695138   occ= 0
MO #892 energy= 2.76251185467797   occ= 0
MO #893 energy= 2.76312703433366   occ= 0
MO #894 energy= 2.7671582716795    occ= 0
MO #895 energy= 2.77423474044473   occ= 0
MO #896 energy= 2.7754791848741    occ= 0
MO #897 energy= 2.78637348774216   occ= 0
MO #898 energy= 2.79788118609246   occ= 0
MO #899 energy= 2.80605291327191   occ= 0
MO #900 energy= 2.81545316280028   occ= 0
MO #901 energy= 2.81669863160128   occ= 0
MO #902 energy= 2.81719281445705   occ= 0
MO #903 energy= 2.81900399408507   occ= 0
MO #904 energy= 2.82440740885794   occ= 0
MO #905 energy= 2.84826720889222   occ= 0
MO #906 energy= 2.84969743747352   occ= 0
MO #907 energy= 2.87061003915806   occ= 0
MO #908 energy= 2.87661135613471   occ= 0
MO #909 energy= 2.88645333599677   occ= 0
MO #910 energy= 2.90130959449794   occ= 0
MO #911 energy= 2.90383035020442   occ= 0
MO #912 energy= 2.90779781786887   occ= 0
MO #913 energy= 2.91560993383698   occ= 0
MO #914 energy= 2.91636551445456   occ= 0
MO #915 energy= 2.91923671072975   occ= 0
MO #916 energy= 2.92650513158827   occ= 0
MO #917 energy= 2.92837894359374   occ= 0
MO #918 energy= 2.93361008351126   occ= 0
MO #919 energy= 2.94777774780733   occ= 0
MO #920 energy= 2.95675001532776   occ= 0
MO #921 energy= 2.96165159356686   occ= 0
MO #922 energy= 2.96704827178901   occ= 0
MO #923 energy= 2.9692447666834    occ= 0
MO #924 energy= 2.98916082240157   occ= 0
MO #925 energy= 2.99261086823381   occ= 0
MO #926 energy= 2.99501201345457   occ= 0
MO #927 energy= 3.00030289138466   occ= 0
MO #928 energy= 3.00379386527244   occ= 0
MO #929 energy= 3.00785555466619   occ= 0
MO #930 energy= 3.05236326366818   occ= 0
MO #931 energy= 3.05918125420112   occ= 0
MO #932 energy= 3.06830842213493   occ= 0
MO #933 energy= 3.07627751988554   occ= 0
MO #934 energy= 3.09312253020789   occ= 0
MO #935 energy= 3.09745247541244   occ= 0
MO #936 energy= 3.12373179177305   occ= 0
MO #937 energy= 3.12745045134262   occ= 0
MO #938 energy= 3.14052395324784   occ= 0
MO #939 energy= 3.14329597067758   occ= 0
MO #940 energy= 3.14698140772131   occ= 0
MO #941 energy= 3.16191898930117   occ= 0
MO #942 energy= 3.17325066691755   occ= 0
MO #943 energy= 3.17473897965665   occ= 0
MO #944 energy= 3.17568729028879   occ= 0
MO #945 energy= 3.18960335805847   occ= 0
MO #946 energy= 3.19295381855713   occ= 0
MO #947 energy= 3.21386516751262   occ= 0
MO #948 energy= 3.23066882018835   occ= 0
MO #949 energy= 3.25703953395912   occ= 0
MO #950 energy= 3.27013546695976   occ= 0
MO #951 energy= 3.3166092807277    occ= 0
MO #952 energy= 3.33164696217577   occ= 0
MO #953 energy= 3.34122116644979   occ= 0
MO #954 energy= 3.36162471869926   occ= 0
MO #955 energy= 3.39803481863577   occ= 0
MO #956 energy= 3.43422873049769   occ= 0
MO #957 energy= 3.53499538033877   occ= 0
MO #958 energy= 3.54143194933896   occ= 0
MO #959 energy= 3.56315478569098   occ= 0
MO #960 energy= 3.58672933806736   occ= 0
MO #961 energy= 3.64338274667176   occ= 0
MO #962 energy= 3.64844850136145   occ= 0
MO #963 energy= 3.67181927774569   occ= 0
MO #964 energy= 3.68824573577668   occ= 0
MO #965 energy= 3.69510889190771   occ= 0
MO #966 energy= 3.71769958514056   occ= 0
MO #967 energy= 3.7247871012772    occ= 0
 ** Mulliken atomic charges  **
charge of  0O =     -0.78412
charge of  1P =      1.75979
charge of  2O =     -0.65308
charge of  3O =     -0.53325
charge of  4C =      0.18017
charge of  5C =     -0.00578
charge of  6C =      0.00770
charge of  7C =     -0.11703
charge of  8C =      0.00882
charge of  9C =      0.00828
charge of  10C =     -0.11195
charge of  11C =      0.01092
charge of  12C =     -0.10316
charge of  13C =     -0.10261
charge of  14C =     -0.10434
charge of  15C =     -0.10225
charge of  16C =      0.00742
charge of  17C =     -0.09997
charge of  18C =     -0.11021
charge of  19C =     -0.10868
charge of  20C =     -0.09629
charge of  21C =     -0.10784
charge of  22C =     -0.10091
charge of  23C =      0.00747
charge of  24C =      0.00300
charge of  25C =     -0.10276
charge of  26C =     -0.09847
charge of  27C =     -0.10137
charge of  28C =     -0.10131
charge of  29C =     -0.03189
charge of  30C =     -0.02914
charge of  31C =      0.18019
charge of  32O =     -0.52639
charge of  33C =     -0.00812
charge of  34C =      0.00990
charge of  35C =     -0.10731
charge of  36C =     -0.09688
charge of  37C =     -0.10945
charge of  38C =      0.01243
charge of  39C =      0.00714
charge of  40C =     -0.11076
charge of  41C =     -0.09975
charge of  42C =      0.00776
charge of  43C =     -0.10236
charge of  44C =     -0.10361
charge of  45C =     -0.10217
charge of  46C =     -0.10240
charge of  47C =      0.01111
charge of  48C =     -0.11054
charge of  49C =     -0.11330
charge of  50C =     -0.10078
charge of  51C =      0.00710
charge of  52C =      0.00347
charge of  53C =     -0.10254
charge of  54C =     -0.09821
charge of  55C =     -0.10133
charge of  56C =     -0.10162
charge of  57H =      0.35384
charge of  58H =      0.09996
charge of  59H =      0.09910
charge of  60H =      0.09928
charge of  61H =      0.10214
charge of  62H =      0.10195
charge of  63H =      0.09912
charge of  64H =      0.09980
charge of  65H =      0.10328
charge of  66H =      0.10104
charge of  67H =      0.10332
charge of  68H =      0.12302
charge of  69H =      0.10803
charge of  70H =      0.11055
charge of  71H =      0.10471
charge of  72H =      0.10429
charge of  73H =      0.10200
charge of  74H =      0.11130
charge of  75H =      0.10141
charge of  76H =      0.10208
charge of  77H =      0.10242
charge of  78H =      0.10001
charge of  79H =      0.09924
charge of  80H =      0.10221
charge of  81H =      0.10253
charge of  82H =      0.10030
charge of  83H =      0.10095
charge of  84H =      0.10281
charge of  85H =      0.10808
charge of  86H =      0.11155
charge of  87H =      0.10489
charge of  88H =      0.10437
charge of  89H =      0.10172
Dipole moment(X, Y, Z, Debye): -2.66704,  0.05271, -0.30239
def2-svp b3lyp 206.35047602653503
