/public3/home/scg5914/software-scg5914/LSW/1/data/data2/std_data/def2svp_b3lyp/cat_5.xyz
converged SCF energy = -2645.37112783837
**** MO energy ****
MO #1   energy= -77.2203049382334  occ= 2
MO #2   energy= -19.1821919390576  occ= 2
MO #3   energy= -19.179305329848   occ= 2
MO #4   energy= -19.176747241309   occ= 2
MO #5   energy= -19.093256919877   occ= 2
MO #6   energy= -10.2485788535987  occ= 2
MO #7   energy= -10.245738174574   occ= 2
MO #8   energy= -10.1949451759733  occ= 2
MO #9   energy= -10.1936654360932  occ= 2
MO #10  energy= -10.1930773268506  occ= 2
MO #11  energy= -10.1924232260265  occ= 2
MO #12  energy= -10.1914365781302  occ= 2
MO #13  energy= -10.1910170072462  occ= 2
MO #14  energy= -10.1907090134046  occ= 2
MO #15  energy= -10.1897208760594  occ= 2
MO #16  energy= -10.1893150469872  occ= 2
MO #17  energy= -10.1887017809539  occ= 2
MO #18  energy= -10.1876571843721  occ= 2
MO #19  energy= -10.1871353882352  occ= 2
MO #20  energy= -10.1862622238804  occ= 2
MO #21  energy= -10.1857789341364  occ= 2
MO #22  energy= -10.1854919383455  occ= 2
MO #23  energy= -10.1854609437775  occ= 2
MO #24  energy= -10.1853334601149  occ= 2
MO #25  energy= -10.1852253910344  occ= 2
MO #26  energy= -10.1848640139424  occ= 2
MO #27  energy= -10.1844628450967  occ= 2
MO #28  energy= -10.184371330174   occ= 2
MO #29  energy= -10.1843082406376  occ= 2
MO #30  energy= -10.1836665915872  occ= 2
MO #31  energy= -10.1834935561942  occ= 2
MO #32  energy= -10.1830368250367  occ= 2
MO #33  energy= -10.1824987909878  occ= 2
MO #34  energy= -10.1818691813359  occ= 2
MO #35  energy= -10.1817233563782  occ= 2
MO #36  energy= -10.1816372552694  occ= 2
MO #37  energy= -10.1814705087746  occ= 2
MO #38  energy= -10.1809623216741  occ= 2
MO #39  energy= -10.1805009483877  occ= 2
MO #40  energy= -10.180197923678   occ= 2
MO #41  energy= -10.1800235719502  occ= 2
MO #42  energy= -10.1794360479664  occ= 2
MO #43  energy= -10.1792950733762  occ= 2
MO #44  energy= -10.1792923724634  occ= 2
MO #45  energy= -10.1791061139335  occ= 2
MO #46  energy= -10.1790365009821  occ= 2
MO #47  energy= -10.1788956564838  occ= 2
MO #48  energy= -10.1784334662872  occ= 2
MO #49  energy= -10.1780243987317  occ= 2
MO #50  energy= -10.1780073885313  occ= 2
MO #51  energy= -10.1775137996764  occ= 2
MO #52  energy= -10.1770491281844  occ= 2
MO #53  energy= -10.175923623185   occ= 2
MO #54  energy= -10.1750914618404  occ= 2
MO #55  energy= -10.1741387919521  occ= 2
MO #56  energy= -10.1732394019335  occ= 2
MO #57  energy= -10.1702445064199  occ= 2
MO #58  energy= -6.6959954637735   occ= 2
MO #59  energy= -4.86339085880049  occ= 2
MO #60  energy= -4.86315474389672  occ= 2
MO #61  energy= -4.8613691842961   occ= 2
MO #62  energy= -1.11876619848902  occ= 2
MO #63  energy= -1.0539771005233   occ= 2
MO #64  energy= -1.04847498745335  occ= 2
MO #65  energy= -0.96297050724774  occ= 2
MO #66  energy= -0.882473867966236 occ= 2
MO #67  energy= -0.876735828147798 occ= 2
MO #68  energy= -0.870555449687276 occ= 2
MO #69  energy= -0.863801172244447 occ= 2
MO #70  energy= -0.857000644935728 occ= 2
MO #71  energy= -0.851059354351728 occ= 2
MO #72  energy= -0.820185261110289 occ= 2
MO #73  energy= -0.815002199220585 occ= 2
MO #74  energy= -0.814572369096409 occ= 2
MO #75  energy= -0.810511562538029 occ= 2
MO #76  energy= -0.796647859315895 occ= 2
MO #77  energy= -0.772336049529272 occ= 2
MO #78  energy= -0.76707474002085  occ= 2
MO #79  energy= -0.760562011615687 occ= 2
MO #80  energy= -0.757151099526442 occ= 2
MO #81  energy= -0.756537023877986 occ= 2
MO #82  energy= -0.751940280613436 occ= 2
MO #83  energy= -0.750964958317824 occ= 2
MO #84  energy= -0.732452659995541 occ= 2
MO #85  energy= -0.724730531147486 occ= 2
MO #86  energy= -0.721761506034141 occ= 2
MO #87  energy= -0.71919216824054  occ= 2
MO #88  energy= -0.714317993546591 occ= 2
MO #89  energy= -0.705722070807391 occ= 2
MO #90  energy= -0.70065260493322  occ= 2
MO #91  energy= -0.695052565300559 occ= 2
MO #92  energy= -0.668898682014889 occ= 2
MO #93  energy= -0.640035185908894 occ= 2
MO #94  energy= -0.635552628820448 occ= 2
MO #95  energy= -0.629019047204427 occ= 2
MO #96  energy= -0.623575326305136 occ= 2
MO #97  energy= -0.621981217973879 occ= 2
MO #98  energy= -0.6184587637085   occ= 2
MO #99  energy= -0.615729843701926 occ= 2
MO #100 energy= -0.61201123922724  occ= 2
MO #101 energy= -0.602000175167732 occ= 2
MO #102 energy= -0.596010804049739 occ= 2
MO #103 energy= -0.590203303121265 occ= 2
MO #104 energy= -0.588149504136188 occ= 2
MO #105 energy= -0.584363864083405 occ= 2
MO #106 energy= -0.583324789010559 occ= 2
MO #107 energy= -0.57715865403134  occ= 2
MO #108 energy= -0.56837533203262  occ= 2
MO #109 energy= -0.561786956925066 occ= 2
MO #110 energy= -0.554178908670646 occ= 2
MO #111 energy= -0.543884848459876 occ= 2
MO #112 energy= -0.528137713420467 occ= 2
MO #113 energy= -0.52462889374091  occ= 2
MO #114 energy= -0.51572997895902  occ= 2
MO #115 energy= -0.511055181731328 occ= 2
MO #116 energy= -0.509783641139759 occ= 2
MO #117 energy= -0.505197741144191 occ= 2
MO #118 energy= -0.502171360200625 occ= 2
MO #119 energy= -0.500109111347099 occ= 2
MO #120 energy= -0.496645074688936 occ= 2
MO #121 energy= -0.485361006760253 occ= 2
MO #122 energy= -0.480384749914206 occ= 2
MO #123 energy= -0.475003263870966 occ= 2
MO #124 energy= -0.473289147175313 occ= 2
MO #125 energy= -0.468876479850441 occ= 2
MO #126 energy= -0.462467354186403 occ= 2
MO #127 energy= -0.461307994080991 occ= 2
MO #128 energy= -0.458727586305345 occ= 2
MO #129 energy= -0.454970190492769 occ= 2
MO #130 energy= -0.451233126923178 occ= 2
MO #131 energy= -0.446688867659019 occ= 2
MO #132 energy= -0.442693567910131 occ= 2
MO #133 energy= -0.44159478658009  occ= 2
MO #134 energy= -0.438075226433096 occ= 2
MO #135 energy= -0.437109025782572 occ= 2
MO #136 energy= -0.434310165838254 occ= 2
MO #137 energy= -0.433428570103406 occ= 2
MO #138 energy= -0.433120114597836 occ= 2
MO #139 energy= -0.427508883501882 occ= 2
MO #140 energy= -0.424690141435181 occ= 2
MO #141 energy= -0.421005857210733 occ= 2
MO #142 energy= -0.420814513879677 occ= 2
MO #143 energy= -0.417611932509199 occ= 2
MO #144 energy= -0.41655799015141  occ= 2
MO #145 energy= -0.415535433304087 occ= 2
MO #146 energy= -0.411162145910645 occ= 2
MO #147 energy= -0.408158116650875 occ= 2
MO #148 energy= -0.404798704156441 occ= 2
MO #149 energy= -0.403179671462319 occ= 2
MO #150 energy= -0.399858290129151 occ= 2
MO #151 energy= -0.397026379237842 occ= 2
MO #152 energy= -0.394007427089842 occ= 2
MO #153 energy= -0.391392342323229 occ= 2
MO #154 energy= -0.389636397593949 occ= 2
MO #155 energy= -0.388813707730743 occ= 2
MO #156 energy= -0.386157008184373 occ= 2
MO #157 energy= -0.384247735578189 occ= 2
MO #158 energy= -0.380357741022821 occ= 2
MO #159 energy= -0.377417478534923 occ= 2
MO #160 energy= -0.374393514660734 occ= 2
MO #161 energy= -0.372103141304068 occ= 2
MO #162 energy= -0.370890313055859 occ= 2
MO #163 energy= -0.367612687194552 occ= 2
MO #164 energy= -0.361748898579002 occ= 2
MO #165 energy= -0.357728677547218 occ= 2
MO #166 energy= -0.356533171167688 occ= 2
MO #167 energy= -0.35313161890182  occ= 2
MO #168 energy= -0.352375948628829 occ= 2
MO #169 energy= -0.34336126147346  occ= 2
MO #170 energy= -0.341568698238179 occ= 2
MO #171 energy= -0.339713404459739 occ= 2
MO #172 energy= -0.337086287937758 occ= 2
MO #173 energy= -0.335367093307644 occ= 2
MO #174 energy= -0.333182064804623 occ= 2
MO #175 energy= -0.331577027551411 occ= 2
MO #176 energy= -0.330545908254493 occ= 2
MO #177 energy= -0.327846172894094 occ= 2
MO #178 energy= -0.324223555854381 occ= 2
MO #179 energy= -0.323348313864559 occ= 2
MO #180 energy= -0.320700526182067 occ= 2
MO #181 energy= -0.317449222996559 occ= 2
MO #182 energy= -0.31374888799773  occ= 2
MO #183 energy= -0.312572941958079 occ= 2
MO #184 energy= -0.307738764395489 occ= 2
MO #185 energy= -0.301466868269315 occ= 2
MO #186 energy= -0.297896806542863 occ= 2
MO #187 energy= -0.289029711316064 occ= 2
MO #188 energy= -0.28342018334973  occ= 2
MO #189 energy= -0.269078024419712 occ= 2
MO #190 energy= -0.263710067306797 occ= 2
MO #191 energy= -0.261465817797215 occ= 2
MO #192 energy= -0.25701216073144  occ= 2
MO #193 energy= -0.247834417801772 occ= 2
MO #194 energy= -0.240083426528366 occ= 2
MO #195 energy= -0.236866421781463 occ= 2
MO #196 energy= -0.234095382498136 occ= 2
MO #197 energy= -0.230637624547864 occ= 2
MO #198 energy= -0.226087974058209 occ= 2
MO #199 energy= -0.207529440580838 occ= 2
MO #200 energy= -0.202397127918548 occ= 2
MO #201 energy= -0.0465176662769324 occ= 0
MO #202 energy= -0.0406274984705398 occ= 0
MO #203 energy= -0.034059880268405 occ= 0
MO #204 energy= -0.0289627905076716 occ= 0
MO #205 energy= -0.0230636613013107 occ= 0
MO #206 energy= -0.0155055738483085 occ= 0
MO #207 energy= -0.00465072966999535 occ= 0
MO #208 energy= 0.000778027184668156 occ= 0
MO #209 energy= 0.00625514143056213 occ= 0
MO #210 energy= 0.0108233935173442 occ= 0
MO #211 energy= 0.0164367476085257 occ= 0
MO #212 energy= 0.0200964125966246 occ= 0
MO #213 energy= 0.0293064652195208 occ= 0
MO #214 energy= 0.0344641625338598 occ= 0
MO #215 energy= 0.0400388540903209 occ= 0
MO #216 energy= 0.0552030303333016 occ= 0
MO #217 energy= 0.062006757875972  occ= 0
MO #218 energy= 0.0699029764077703 occ= 0
MO #219 energy= 0.073155717056029  occ= 0
MO #220 energy= 0.0747432260426902 occ= 0
MO #221 energy= 0.0752207005945572 occ= 0
MO #222 energy= 0.080532197983074  occ= 0
MO #223 energy= 0.0827967487400039 occ= 0
MO #224 energy= 0.0840442131671589 occ= 0
MO #225 energy= 0.0925122383820059 occ= 0
MO #226 energy= 0.0940043969899426 occ= 0
MO #227 energy= 0.0966117449327863 occ= 0
MO #228 energy= 0.100659716108704  occ= 0
MO #229 energy= 0.101753935601936  occ= 0
MO #230 energy= 0.103738650422695  occ= 0
MO #231 energy= 0.106902551589948  occ= 0
MO #232 energy= 0.109186761754887  occ= 0
MO #233 energy= 0.110132223731472  occ= 0
MO #234 energy= 0.11479759836119   occ= 0
MO #235 energy= 0.116125354833294  occ= 0
MO #236 energy= 0.121678277663856  occ= 0
MO #237 energy= 0.122743012447009  occ= 0
MO #238 energy= 0.123778994509116  occ= 0
MO #239 energy= 0.125777029759717  occ= 0
MO #240 energy= 0.130790892266227  occ= 0
MO #241 energy= 0.133104846722812  occ= 0
MO #242 energy= 0.13493300114554   occ= 0
MO #243 energy= 0.140699519872077  occ= 0
MO #244 energy= 0.141462263902335  occ= 0
MO #245 energy= 0.143367442533889  occ= 0
MO #246 energy= 0.146796203534621  occ= 0
MO #247 energy= 0.148654488216355  occ= 0
MO #248 energy= 0.150339848346806  occ= 0
MO #249 energy= 0.15116535700301   occ= 0
MO #250 energy= 0.154712702824579  occ= 0
MO #251 energy= 0.157874299242985  occ= 0
MO #252 energy= 0.159943444790178  occ= 0
MO #253 energy= 0.160475136726551  occ= 0
MO #254 energy= 0.163762874441128  occ= 0
MO #255 energy= 0.164794885328872  occ= 0
MO #256 energy= 0.166048491889528  occ= 0
MO #257 energy= 0.169772355162776  occ= 0
MO #258 energy= 0.174326850532916  occ= 0
MO #259 energy= 0.178162969351939  occ= 0
MO #260 energy= 0.180006161129787  occ= 0
MO #261 energy= 0.189128891929573  occ= 0
MO #262 energy= 0.194023125301984  occ= 0
MO #263 energy= 0.19573681160989   occ= 0
MO #264 energy= 0.198103864568119  occ= 0
MO #265 energy= 0.200732247544319  occ= 0
MO #266 energy= 0.206048394076873  occ= 0
MO #267 energy= 0.208106227397235  occ= 0
MO #268 energy= 0.210347631278406  occ= 0
MO #269 energy= 0.218284799437649  occ= 0
MO #270 energy= 0.220420111394369  occ= 0
MO #271 energy= 0.231745022766678  occ= 0
MO #272 energy= 0.233343778512911  occ= 0
MO #273 energy= 0.238364622322855  occ= 0
MO #274 energy= 0.239494444661303  occ= 0
MO #275 energy= 0.242442392852066  occ= 0
MO #276 energy= 0.244477769892611  occ= 0
MO #277 energy= 0.245316304411721  occ= 0
MO #278 energy= 0.25166205244674   occ= 0
MO #279 energy= 0.260229908341623  occ= 0
MO #280 energy= 0.271386024038746  occ= 0
MO #281 energy= 0.275544025336034  occ= 0
MO #282 energy= 0.27753324070328   occ= 0
MO #283 energy= 0.278635493957313  occ= 0
MO #284 energy= 0.281648724435593  occ= 0
MO #285 energy= 0.282231635848335  occ= 0
MO #286 energy= 0.285794782619609  occ= 0
MO #287 energy= 0.287416995618005  occ= 0
MO #288 energy= 0.289674304203488  occ= 0
MO #289 energy= 0.293216573135211  occ= 0
MO #290 energy= 0.294230780805532  occ= 0
MO #291 energy= 0.295885747379748  occ= 0
MO #292 energy= 0.296236376940124  occ= 0
MO #293 energy= 0.300670711374185  occ= 0
MO #294 energy= 0.304560952981527  occ= 0
MO #295 energy= 0.304887196609823  occ= 0
MO #296 energy= 0.306914628532315  occ= 0
MO #297 energy= 0.308825228118187  occ= 0
MO #298 energy= 0.310981290638847  occ= 0
MO #299 energy= 0.314768369316371  occ= 0
MO #300 energy= 0.321689717799675  occ= 0
MO #301 energy= 0.326717393565612  occ= 0
MO #302 energy= 0.328880698355924  occ= 0
MO #303 energy= 0.334031930015848  occ= 0
MO #304 energy= 0.337794529013083  occ= 0
MO #305 energy= 0.338517247184177  occ= 0
MO #306 energy= 0.341575738204944  occ= 0
MO #307 energy= 0.343955680731277  occ= 0
MO #308 energy= 0.345008866909679  occ= 0
MO #309 energy= 0.349187697272246  occ= 0
MO #310 energy= 0.350717653387511  occ= 0
MO #311 energy= 0.354042706457464  occ= 0
MO #312 energy= 0.358688756931152  occ= 0
MO #313 energy= 0.363348019069947  occ= 0
MO #314 energy= 0.369361711087351  occ= 0
MO #315 energy= 0.373463711233687  occ= 0
MO #316 energy= 0.375647876762952  occ= 0
MO #317 energy= 0.378266096059397  occ= 0
MO #318 energy= 0.383034213434326  occ= 0
MO #319 energy= 0.385551353898361  occ= 0
MO #320 energy= 0.388162488627515  occ= 0
MO #321 energy= 0.391185023072085  occ= 0
MO #322 energy= 0.392723914835074  occ= 0
MO #323 energy= 0.394522617144869  occ= 0
MO #324 energy= 0.399611181423325  occ= 0
MO #325 energy= 0.40401433240077   occ= 0
MO #326 energy= 0.408106779188849  occ= 0
MO #327 energy= 0.409441669682138  occ= 0
MO #328 energy= 0.411136806269879  occ= 0
MO #329 energy= 0.414446372294288  occ= 0
MO #330 energy= 0.416215900997138  occ= 0
MO #331 energy= 0.419742102518077  occ= 0
MO #332 energy= 0.425548295786642  occ= 0
MO #333 energy= 0.426742785461633  occ= 0
MO #334 energy= 0.429914879520264  occ= 0
MO #335 energy= 0.431021842371152  occ= 0
MO #336 energy= 0.431234381281726  occ= 0
MO #337 energy= 0.433979587218194  occ= 0
MO #338 energy= 0.438533691538784  occ= 0
MO #339 energy= 0.442956481152773  occ= 0
MO #340 energy= 0.444299511048019  occ= 0
MO #341 energy= 0.445811855180355  occ= 0
MO #342 energy= 0.44827834375191   occ= 0
MO #343 energy= 0.449121165306412  occ= 0
MO #344 energy= 0.452418073117953  occ= 0
MO #345 energy= 0.455397316714462  occ= 0
MO #346 energy= 0.459996854286581  occ= 0
MO #347 energy= 0.462594694705384  occ= 0
MO #348 energy= 0.465633138820166  occ= 0
MO #349 energy= 0.469052881482951  occ= 0
MO #350 energy= 0.4713152113497    occ= 0
MO #351 energy= 0.472340299169419  occ= 0
MO #352 energy= 0.475973003305845  occ= 0
MO #353 energy= 0.476780437734278  occ= 0
MO #354 energy= 0.477830484135997  occ= 0
MO #355 energy= 0.484079471783982  occ= 0
MO #356 energy= 0.485527132587504  occ= 0
MO #357 energy= 0.487384069308829  occ= 0
MO #358 energy= 0.49101392939169   occ= 0
MO #359 energy= 0.49447556065549   occ= 0
MO #360 energy= 0.495975633900351  occ= 0
MO #361 energy= 0.49737107315522   occ= 0
MO #362 energy= 0.499376847474735  occ= 0
MO #363 energy= 0.501335781346381  occ= 0
MO #364 energy= 0.502782990624343  occ= 0
MO #365 energy= 0.50386123872082   occ= 0
MO #366 energy= 0.507233524784786  occ= 0
MO #367 energy= 0.508906980302616  occ= 0
MO #368 energy= 0.510421740341289  occ= 0
MO #369 energy= 0.512645458575718  occ= 0
MO #370 energy= 0.513705573200861  occ= 0
MO #371 energy= 0.517150168851623  occ= 0
MO #372 energy= 0.518518760100411  occ= 0
MO #373 energy= 0.520896180975639  occ= 0
MO #374 energy= 0.525372957208923  occ= 0
MO #375 energy= 0.528624659069465  occ= 0
MO #376 energy= 0.533835782391406  occ= 0
MO #377 energy= 0.535755443376767  occ= 0
MO #378 energy= 0.538810999880039  occ= 0
MO #379 energy= 0.541025629726491  occ= 0
MO #380 energy= 0.54382755075614   occ= 0
MO #381 energy= 0.548963925415613  occ= 0
MO #382 energy= 0.54926828959695   occ= 0
MO #383 energy= 0.555408372709337  occ= 0
MO #384 energy= 0.558130022322457  occ= 0
MO #385 energy= 0.560575574469288  occ= 0
MO #386 energy= 0.565487505000103  occ= 0
MO #387 energy= 0.566767519042755  occ= 0
MO #388 energy= 0.576717881347242  occ= 0
MO #389 energy= 0.580956517894958  occ= 0
MO #390 energy= 0.58291104345764   occ= 0
MO #391 energy= 0.586632276902421  occ= 0
MO #392 energy= 0.587836943932872  occ= 0
MO #393 energy= 0.591669833388741  occ= 0
MO #394 energy= 0.594372013594345  occ= 0
MO #395 energy= 0.59976950462101   occ= 0
MO #396 energy= 0.601710223886693  occ= 0
MO #397 energy= 0.604528291829363  occ= 0
MO #398 energy= 0.606373477617434  occ= 0
MO #399 energy= 0.607418310431125  occ= 0
MO #400 energy= 0.608429405545949  occ= 0
MO #401 energy= 0.611855916240712  occ= 0
MO #402 energy= 0.613985823967703  occ= 0
MO #403 energy= 0.616421650055652  occ= 0
MO #404 energy= 0.62249971766798   occ= 0
MO #405 energy= 0.623470358206211  occ= 0
MO #406 energy= 0.626085864583294  occ= 0
MO #407 energy= 0.630119896739291  occ= 0
MO #408 energy= 0.632818396088698  occ= 0
MO #409 energy= 0.638603320138768  occ= 0
MO #410 energy= 0.640888188657967  occ= 0
MO #411 energy= 0.641691628355946  occ= 0
MO #412 energy= 0.642851326011169  occ= 0
MO #413 energy= 0.646105693695962  occ= 0
MO #414 energy= 0.6496579382495    occ= 0
MO #415 energy= 0.650696143559741  occ= 0
MO #416 energy= 0.65382417876601   occ= 0
MO #417 energy= 0.654453054456588  occ= 0
MO #418 energy= 0.656687269047792  occ= 0
MO #419 energy= 0.65816527509993   occ= 0
MO #420 energy= 0.659837068903254  occ= 0
MO #421 energy= 0.660383385561236  occ= 0
MO #422 energy= 0.661627518046877  occ= 0
MO #423 energy= 0.663492974573978  occ= 0
MO #424 energy= 0.664881137811469  occ= 0
MO #425 energy= 0.665912428562507  occ= 0
MO #426 energy= 0.669730521672832  occ= 0
MO #427 energy= 0.671363607470313  occ= 0
MO #428 energy= 0.675207859055061  occ= 0
MO #429 energy= 0.675644938524427  occ= 0
MO #430 energy= 0.676100744964697  occ= 0
MO #431 energy= 0.67894319063234   occ= 0
MO #432 energy= 0.67942019003947   occ= 0
MO #433 energy= 0.682462023596555  occ= 0
MO #434 energy= 0.682837205067006  occ= 0
MO #435 energy= 0.683455515596555  occ= 0
MO #436 energy= 0.685105754303156  occ= 0
MO #437 energy= 0.686457504354352  occ= 0
MO #438 energy= 0.688696282231408  occ= 0
MO #439 energy= 0.691672569466478  occ= 0
MO #440 energy= 0.693594509146787  occ= 0
MO #441 energy= 0.69417701568735   occ= 0
MO #442 energy= 0.696601849609157  occ= 0
MO #443 energy= 0.698936435972551  occ= 0
MO #444 energy= 0.700386029989097  occ= 0
MO #445 energy= 0.703666959430246  occ= 0
MO #446 energy= 0.704875102826755  occ= 0
MO #447 energy= 0.708898585937978  occ= 0
MO #448 energy= 0.71111869122308   occ= 0
MO #449 energy= 0.713552130818366  occ= 0
MO #450 energy= 0.715566242435198  occ= 0
MO #451 energy= 0.717373703468864  occ= 0
MO #452 energy= 0.721313714108104  occ= 0
MO #453 energy= 0.723071822293155  occ= 0
MO #454 energy= 0.7264689501303    occ= 0
MO #455 energy= 0.727148601477596  occ= 0
MO #456 energy= 0.728611429094279  occ= 0
MO #457 energy= 0.734039788006951  occ= 0
MO #458 energy= 0.737731916586998  occ= 0
MO #459 energy= 0.738509325024261  occ= 0
MO #460 energy= 0.741608806572928  occ= 0
MO #461 energy= 0.744703194943652  occ= 0
MO #462 energy= 0.746616459325832  occ= 0
MO #463 energy= 0.748506816416405  occ= 0
MO #464 energy= 0.750490325638949  occ= 0
MO #465 energy= 0.751481177463556  occ= 0
MO #466 energy= 0.755001779256182  occ= 0
MO #467 energy= 0.757900220139449  occ= 0
MO #468 energy= 0.760913293332949  occ= 0
MO #469 energy= 0.763455085325284  occ= 0
MO #470 energy= 0.765507533576849  occ= 0
MO #471 energy= 0.767992305980549  occ= 0
MO #472 energy= 0.772739791590491  occ= 0
MO #473 energy= 0.775072036258134  occ= 0
MO #474 energy= 0.778068230037779  occ= 0
MO #475 energy= 0.782971915232248  occ= 0
MO #476 energy= 0.786951753463907  occ= 0
MO #477 energy= 0.787572840376561  occ= 0
MO #478 energy= 0.790271260014389  occ= 0
MO #479 energy= 0.790659833615513  occ= 0
MO #480 energy= 0.791343762694376  occ= 0
MO #481 energy= 0.796779499065603  occ= 0
MO #482 energy= 0.79997837104631   occ= 0
MO #483 energy= 0.801749746528431  occ= 0
MO #484 energy= 0.806598394915639  occ= 0
MO #485 energy= 0.808478559237121  occ= 0
MO #486 energy= 0.810448408953237  occ= 0
MO #487 energy= 0.812592454656799  occ= 0
MO #488 energy= 0.817670609735647  occ= 0
MO #489 energy= 0.821215897355458  occ= 0
MO #490 energy= 0.82377979095768   occ= 0
MO #491 energy= 0.825959844848039  occ= 0
MO #492 energy= 0.831736992391614  occ= 0
MO #493 energy= 0.832474367979649  occ= 0
MO #494 energy= 0.838344475371646  occ= 0
MO #495 energy= 0.845173459028185  occ= 0
MO #496 energy= 0.845767383322925  occ= 0
MO #497 energy= 0.854201802125668  occ= 0
MO #498 energy= 0.858561547720693  occ= 0
MO #499 energy= 0.858931837063962  occ= 0
MO #500 energy= 0.861984562171608  occ= 0
MO #501 energy= 0.86535581430922   occ= 0
MO #502 energy= 0.868220901273231  occ= 0
MO #503 energy= 0.871815401431689  occ= 0
MO #504 energy= 0.875181565127611  occ= 0
MO #505 energy= 0.877026518240205  occ= 0
MO #506 energy= 0.884251357146936  occ= 0
MO #507 energy= 0.88530050007223   occ= 0
MO #508 energy= 0.895759963467242  occ= 0
MO #509 energy= 0.899204773074045  occ= 0
MO #510 energy= 0.903372905207355  occ= 0
MO #511 energy= 0.903755859639204  occ= 0
MO #512 energy= 0.912085385340749  occ= 0
MO #513 energy= 0.912335206676337  occ= 0
MO #514 energy= 0.912773540966817  occ= 0
MO #515 energy= 0.916066379799516  occ= 0
MO #516 energy= 0.926147826359352  occ= 0
MO #517 energy= 0.929062758197288  occ= 0
MO #518 energy= 0.937709211172382  occ= 0
MO #519 energy= 0.938225001784758  occ= 0
MO #520 energy= 0.942378681975329  occ= 0
MO #521 energy= 0.943321605342721  occ= 0
MO #522 energy= 0.950563444344781  occ= 0
MO #523 energy= 0.958710018522772  occ= 0
MO #524 energy= 0.961111951323085  occ= 0
MO #525 energy= 0.967362539101688  occ= 0
MO #526 energy= 0.969938141245562  occ= 0
MO #527 energy= 0.975611564488226  occ= 0
MO #528 energy= 0.983894363774077  occ= 0
MO #529 energy= 0.988755120431743  occ= 0
MO #530 energy= 0.990644832099373  occ= 0
MO #531 energy= 0.995034329810796  occ= 0
MO #532 energy= 0.998574428855044  occ= 0
MO #533 energy= 1.00717979577586   occ= 0
MO #534 energy= 1.01104018636879   occ= 0
MO #535 energy= 1.02603063781294   occ= 0
MO #536 energy= 1.0300717402185    occ= 0
MO #537 energy= 1.04064616805287   occ= 0
MO #538 energy= 1.04277259880063   occ= 0
MO #539 energy= 1.04546183663525   occ= 0
MO #540 energy= 1.05398833450808   occ= 0
MO #541 energy= 1.06296934711756   occ= 0
MO #542 energy= 1.07336524627386   occ= 0
MO #543 energy= 1.07845493030987   occ= 0
MO #544 energy= 1.08514202808517   occ= 0
MO #545 energy= 1.08716854935108   occ= 0
MO #546 energy= 1.09422451760984   occ= 0
MO #547 energy= 1.10481405516216   occ= 0
MO #548 energy= 1.10947460274974   occ= 0
MO #549 energy= 1.11351955794571   occ= 0
MO #550 energy= 1.11726136380631   occ= 0
MO #551 energy= 1.11994762182088   occ= 0
MO #552 energy= 1.12490951609476   occ= 0
MO #553 energy= 1.13122098416847   occ= 0
MO #554 energy= 1.13350751008254   occ= 0
MO #555 energy= 1.13799719173256   occ= 0
MO #556 energy= 1.14662038440775   occ= 0
MO #557 energy= 1.15575896079842   occ= 0
MO #558 energy= 1.1579514192765    occ= 0
MO #559 energy= 1.16139256611689   occ= 0
MO #560 energy= 1.1707827930463    occ= 0
MO #561 energy= 1.17667720608115   occ= 0
MO #562 energy= 1.1791568176049    occ= 0
MO #563 energy= 1.19927489227362   occ= 0
MO #564 energy= 1.20237607232658   occ= 0
MO #565 energy= 1.20542527174066   occ= 0
MO #566 energy= 1.20601322557246   occ= 0
MO #567 energy= 1.21515837376501   occ= 0
MO #568 energy= 1.21903815414267   occ= 0
MO #569 energy= 1.22471414273558   occ= 0
MO #570 energy= 1.22546363422141   occ= 0
MO #571 energy= 1.22685498596474   occ= 0
MO #572 energy= 1.2297616266858    occ= 0
MO #573 energy= 1.23501138813007   occ= 0
MO #574 energy= 1.23614240364035   occ= 0
MO #575 energy= 1.23895410000625   occ= 0
MO #576 energy= 1.24358626914129   occ= 0
MO #577 energy= 1.24913658103104   occ= 0
MO #578 energy= 1.25315745768677   occ= 0
MO #579 energy= 1.25798087509864   occ= 0
MO #580 energy= 1.26153499757288   occ= 0
MO #581 energy= 1.2628844894814    occ= 0
MO #582 energy= 1.26903440119572   occ= 0
MO #583 energy= 1.26966381697025   occ= 0
MO #584 energy= 1.27340544856241   occ= 0
MO #585 energy= 1.27647307444304   occ= 0
MO #586 energy= 1.27936621867746   occ= 0
MO #587 energy= 1.28255767976205   occ= 0
MO #588 energy= 1.28349120236196   occ= 0
MO #589 energy= 1.2853075711625    occ= 0
MO #590 energy= 1.28708778621723   occ= 0
MO #591 energy= 1.29113658760935   occ= 0
MO #592 energy= 1.29456110172363   occ= 0
MO #593 energy= 1.29863239914799   occ= 0
MO #594 energy= 1.3042900292652    occ= 0
MO #595 energy= 1.30735678610651   occ= 0
MO #596 energy= 1.31187778022006   occ= 0
MO #597 energy= 1.31315334577533   occ= 0
MO #598 energy= 1.31915344759674   occ= 0
MO #599 energy= 1.32207490925749   occ= 0
MO #600 energy= 1.32464003145153   occ= 0
MO #601 energy= 1.32739882556255   occ= 0
MO #602 energy= 1.32769181192148   occ= 0
MO #603 energy= 1.32992606584656   occ= 0
MO #604 energy= 1.33502366026426   occ= 0
MO #605 energy= 1.33995791386251   occ= 0
MO #606 energy= 1.34158205912701   occ= 0
MO #607 energy= 1.34351215125975   occ= 0
MO #608 energy= 1.34611311756217   occ= 0
MO #609 energy= 1.34884970310269   occ= 0
MO #610 energy= 1.35547188900636   occ= 0
MO #611 energy= 1.35766006260813   occ= 0
MO #612 energy= 1.36370834341921   occ= 0
MO #613 energy= 1.37913636528136   occ= 0
MO #614 energy= 1.38097231503948   occ= 0
MO #615 energy= 1.3837971488863    occ= 0
MO #616 energy= 1.38665007618693   occ= 0
MO #617 energy= 1.38785449970967   occ= 0
MO #618 energy= 1.3941191204548    occ= 0
MO #619 energy= 1.39969828730774   occ= 0
MO #620 energy= 1.41992847165221   occ= 0
MO #621 energy= 1.42881648401564   occ= 0
MO #622 energy= 1.43493252441705   occ= 0
MO #623 energy= 1.444164393872     occ= 0
MO #624 energy= 1.45211741288916   occ= 0
MO #625 energy= 1.4661149043546    occ= 0
MO #626 energy= 1.46901755247416   occ= 0
MO #627 energy= 1.47843865224691   occ= 0
MO #628 energy= 1.48442115442265   occ= 0
MO #629 energy= 1.48743312343164   occ= 0
MO #630 energy= 1.50324060300298   occ= 0
MO #631 energy= 1.52050752982413   occ= 0
MO #632 energy= 1.52177546259044   occ= 0
MO #633 energy= 1.52704150223733   occ= 0
MO #634 energy= 1.53377486811685   occ= 0
MO #635 energy= 1.53811859489989   occ= 0
MO #636 energy= 1.54481666489707   occ= 0
MO #637 energy= 1.54924546400277   occ= 0
MO #638 energy= 1.55375445152338   occ= 0
MO #639 energy= 1.56524516477863   occ= 0
MO #640 energy= 1.57046484454143   occ= 0
MO #641 energy= 1.57823222180133   occ= 0
MO #642 energy= 1.58203863428888   occ= 0
MO #643 energy= 1.58589813233491   occ= 0
MO #644 energy= 1.58790197617676   occ= 0
MO #645 energy= 1.60033476144686   occ= 0
MO #646 energy= 1.61011089449925   occ= 0
MO #647 energy= 1.62570914980433   occ= 0
MO #648 energy= 1.62827934887181   occ= 0
MO #649 energy= 1.63537952495435   occ= 0
MO #650 energy= 1.64090072001774   occ= 0
MO #651 energy= 1.64571655068367   occ= 0
MO #652 energy= 1.65606843297468   occ= 0
MO #653 energy= 1.659500763619     occ= 0
MO #654 energy= 1.66489853095045   occ= 0
MO #655 energy= 1.66614516649483   occ= 0
MO #656 energy= 1.67058494066883   occ= 0
MO #657 energy= 1.67325747831772   occ= 0
MO #658 energy= 1.67622351356727   occ= 0
MO #659 energy= 1.67931438380534   occ= 0
MO #660 energy= 1.6850069355076    occ= 0
MO #661 energy= 1.68627731740373   occ= 0
MO #662 energy= 1.69301373984452   occ= 0
MO #663 energy= 1.6974850988042    occ= 0
MO #664 energy= 1.69907082133268   occ= 0
MO #665 energy= 1.70480094053739   occ= 0
MO #666 energy= 1.71045280884466   occ= 0
MO #667 energy= 1.71406855868544   occ= 0
MO #668 energy= 1.71868541529747   occ= 0
MO #669 energy= 1.71983719674282   occ= 0
MO #670 energy= 1.72479773627867   occ= 0
MO #671 energy= 1.726580628016     occ= 0
MO #672 energy= 1.72833797499927   occ= 0
MO #673 energy= 1.73121370375957   occ= 0
MO #674 energy= 1.73241630237398   occ= 0
MO #675 energy= 1.73681095140914   occ= 0
MO #676 energy= 1.73823985940191   occ= 0
MO #677 energy= 1.74111663416941   occ= 0
MO #678 energy= 1.74608531897571   occ= 0
MO #679 energy= 1.74855034047254   occ= 0
MO #680 energy= 1.75155927435169   occ= 0
MO #681 energy= 1.75281571536294   occ= 0
MO #682 energy= 1.75874626861815   occ= 0
MO #683 energy= 1.75957869157629   occ= 0
MO #684 energy= 1.76279611851607   occ= 0
MO #685 energy= 1.76395968647922   occ= 0
MO #686 energy= 1.76475496443505   occ= 0
MO #687 energy= 1.76662677380645   occ= 0
MO #688 energy= 1.76870095973318   occ= 0
MO #689 energy= 1.77047650655023   occ= 0
MO #690 energy= 1.77153172895458   occ= 0
MO #691 energy= 1.77609113471728   occ= 0
MO #692 energy= 1.77655149434522   occ= 0
MO #693 energy= 1.78052401595131   occ= 0
MO #694 energy= 1.78209824518226   occ= 0
MO #695 energy= 1.78863919967978   occ= 0
MO #696 energy= 1.78986648085901   occ= 0
MO #697 energy= 1.79120603560224   occ= 0
MO #698 energy= 1.79403525997508   occ= 0
MO #699 energy= 1.79602448060657   occ= 0
MO #700 energy= 1.79759633546105   occ= 0
MO #701 energy= 1.79971659346332   occ= 0
MO #702 energy= 1.80264615735082   occ= 0
MO #703 energy= 1.80407947612684   occ= 0
MO #704 energy= 1.80611801696061   occ= 0
MO #705 energy= 1.80842687481112   occ= 0
MO #706 energy= 1.81213590160042   occ= 0
MO #707 energy= 1.81385098535866   occ= 0
MO #708 energy= 1.81718841085147   occ= 0
MO #709 energy= 1.81743793785983   occ= 0
MO #710 energy= 1.82061417094704   occ= 0
MO #711 energy= 1.82300365210995   occ= 0
MO #712 energy= 1.82698497544654   occ= 0
MO #713 energy= 1.83058719987039   occ= 0
MO #714 energy= 1.83299701765855   occ= 0
MO #715 energy= 1.83538403524112   occ= 0
MO #716 energy= 1.83810107886036   occ= 0
MO #717 energy= 1.84264380037593   occ= 0
MO #718 energy= 1.84621769648065   occ= 0
MO #719 energy= 1.85089921693838   occ= 0
MO #720 energy= 1.85624387163488   occ= 0
MO #721 energy= 1.86202991031978   occ= 0
MO #722 energy= 1.86270953814229   occ= 0
MO #723 energy= 1.86513741360511   occ= 0
MO #724 energy= 1.86765734599289   occ= 0
MO #725 energy= 1.86941550883764   occ= 0
MO #726 energy= 1.87585173936879   occ= 0
MO #727 energy= 1.87678587068613   occ= 0
MO #728 energy= 1.87923958546272   occ= 0
MO #729 energy= 1.88508878913948   occ= 0
MO #730 energy= 1.88982638257357   occ= 0
MO #731 energy= 1.89149632751895   occ= 0
MO #732 energy= 1.89385767773533   occ= 0
MO #733 energy= 1.89852999060083   occ= 0
MO #734 energy= 1.9012472300092    occ= 0
MO #735 energy= 1.90828308473429   occ= 0
MO #736 energy= 1.90899629637064   occ= 0
MO #737 energy= 1.91339202727809   occ= 0
MO #738 energy= 1.91884995164984   occ= 0
MO #739 energy= 1.92387059051204   occ= 0
MO #740 energy= 1.92990996472653   occ= 0
MO #741 energy= 1.93608481187419   occ= 0
MO #742 energy= 1.9369029319338    occ= 0
MO #743 energy= 1.93884683283525   occ= 0
MO #744 energy= 1.94364319482028   occ= 0
MO #745 energy= 1.95000539113037   occ= 0
MO #746 energy= 1.9516066001059    occ= 0
MO #747 energy= 1.95435052083551   occ= 0
MO #748 energy= 1.95620806303123   occ= 0
MO #749 energy= 1.95976732904124   occ= 0
MO #750 energy= 1.96089867366248   occ= 0
MO #751 energy= 1.96390515486704   occ= 0
MO #752 energy= 1.96581773871903   occ= 0
MO #753 energy= 1.97176337602274   occ= 0
MO #754 energy= 1.97322025091856   occ= 0
MO #755 energy= 1.97568173494912   occ= 0
MO #756 energy= 1.97652655262238   occ= 0
MO #757 energy= 1.977742839797     occ= 0
MO #758 energy= 1.98353489281751   occ= 0
MO #759 energy= 1.98894071650566   occ= 0
MO #760 energy= 1.99300765066408   occ= 0
MO #761 energy= 1.99690549188169   occ= 0
MO #762 energy= 1.99845155104934   occ= 0
MO #763 energy= 2.00331514639876   occ= 0
MO #764 energy= 2.00567560918787   occ= 0
MO #765 energy= 2.00710716499734   occ= 0
MO #766 energy= 2.00995362333205   occ= 0
MO #767 energy= 2.011023315109     occ= 0
MO #768 energy= 2.01360630633995   occ= 0
MO #769 energy= 2.02337349969109   occ= 0
MO #770 energy= 2.03194499963378   occ= 0
MO #771 energy= 2.03602823309075   occ= 0
MO #772 energy= 2.04497819269315   occ= 0
MO #773 energy= 2.04811263763508   occ= 0
MO #774 energy= 2.05384378384272   occ= 0
MO #775 energy= 2.05738581099219   occ= 0
MO #776 energy= 2.06226561020771   occ= 0
MO #777 energy= 2.06633604190062   occ= 0
MO #778 energy= 2.07417164682676   occ= 0
MO #779 energy= 2.07633132519913   occ= 0
MO #780 energy= 2.08083003915324   occ= 0
MO #781 energy= 2.08630901051702   occ= 0
MO #782 energy= 2.09748835917717   occ= 0
MO #783 energy= 2.10470354006383   occ= 0
MO #784 energy= 2.1086219274836    occ= 0
MO #785 energy= 2.11013646871147   occ= 0
MO #786 energy= 2.11336337929299   occ= 0
MO #787 energy= 2.11531153927529   occ= 0
MO #788 energy= 2.11910758452463   occ= 0
MO #789 energy= 2.12541446311528   occ= 0
MO #790 energy= 2.12586555126863   occ= 0
MO #791 energy= 2.12672341558763   occ= 0
MO #792 energy= 2.13622735743962   occ= 0
MO #793 energy= 2.14137950424688   occ= 0
MO #794 energy= 2.14583164774328   occ= 0
MO #795 energy= 2.14975674658577   occ= 0
MO #796 energy= 2.15391533290533   occ= 0
MO #797 energy= 2.15917832430389   occ= 0
MO #798 energy= 2.16302268960587   occ= 0
MO #799 energy= 2.16554171456055   occ= 0
MO #800 energy= 2.16972964228146   occ= 0
MO #801 energy= 2.16993238093593   occ= 0
MO #802 energy= 2.17203475237144   occ= 0
MO #803 energy= 2.17549445691473   occ= 0
MO #804 energy= 2.17914642423432   occ= 0
MO #805 energy= 2.17972713332694   occ= 0
MO #806 energy= 2.18462850261711   occ= 0
MO #807 energy= 2.18780124100555   occ= 0
MO #808 energy= 2.19192571358668   occ= 0
MO #809 energy= 2.19697205759123   occ= 0
MO #810 energy= 2.20285700052509   occ= 0
MO #811 energy= 2.20646451691293   occ= 0
MO #812 energy= 2.20951159535766   occ= 0
MO #813 energy= 2.21188292368238   occ= 0
MO #814 energy= 2.21404760430034   occ= 0
MO #815 energy= 2.21483021356584   occ= 0
MO #816 energy= 2.22705738359951   occ= 0
MO #817 energy= 2.22952771461792   occ= 0
MO #818 energy= 2.23589408272412   occ= 0
MO #819 energy= 2.24051319331412   occ= 0
MO #820 energy= 2.24901377651367   occ= 0
MO #821 energy= 2.25126584297788   occ= 0
MO #822 energy= 2.25573643980226   occ= 0
MO #823 energy= 2.260130759641     occ= 0
MO #824 energy= 2.26354673073255   occ= 0
MO #825 energy= 2.26983300994103   occ= 0
MO #826 energy= 2.2783833158657    occ= 0
MO #827 energy= 2.27936028581676   occ= 0
MO #828 energy= 2.28444142616886   occ= 0
MO #829 energy= 2.28946596973188   occ= 0
MO #830 energy= 2.2908479596337    occ= 0
MO #831 energy= 2.29748795163071   occ= 0
MO #832 energy= 2.30224762035902   occ= 0
MO #833 energy= 2.30691240461171   occ= 0
MO #834 energy= 2.31184532282335   occ= 0
MO #835 energy= 2.31431213567173   occ= 0
MO #836 energy= 2.3209014967966    occ= 0
MO #837 energy= 2.32428469241186   occ= 0
MO #838 energy= 2.32808532934568   occ= 0
MO #839 energy= 2.3293120402604    occ= 0
MO #840 energy= 2.33385655052982   occ= 0
MO #841 energy= 2.33681508159112   occ= 0
MO #842 energy= 2.343150730201     occ= 0
MO #843 energy= 2.34423982090368   occ= 0
MO #844 energy= 2.34869573701973   occ= 0
MO #845 energy= 2.35404172747423   occ= 0
MO #846 energy= 2.35751504761308   occ= 0
MO #847 energy= 2.35879422239046   occ= 0
MO #848 energy= 2.36469369339349   occ= 0
MO #849 energy= 2.37596081052688   occ= 0
MO #850 energy= 2.3790161054979    occ= 0
MO #851 energy= 2.38374854798911   occ= 0
MO #852 energy= 2.38579641473065   occ= 0
MO #853 energy= 2.39839689496779   occ= 0
MO #854 energy= 2.40347714452781   occ= 0
MO #855 energy= 2.40778366778802   occ= 0
MO #856 energy= 2.41100979456893   occ= 0
MO #857 energy= 2.41675261172195   occ= 0
MO #858 energy= 2.42040831664706   occ= 0
MO #859 energy= 2.42414927976706   occ= 0
MO #860 energy= 2.42708932345047   occ= 0
MO #861 energy= 2.43082312102067   occ= 0
MO #862 energy= 2.4344848340988    occ= 0
MO #863 energy= 2.43543228644398   occ= 0
MO #864 energy= 2.44471631101074   occ= 0
MO #865 energy= 2.44765328760952   occ= 0
MO #866 energy= 2.46793899412578   occ= 0
MO #867 energy= 2.47065153825854   occ= 0
MO #868 energy= 2.47349652557389   occ= 0
MO #869 energy= 2.47995356081719   occ= 0
MO #870 energy= 2.48779758641707   occ= 0
MO #871 energy= 2.48909638923744   occ= 0
MO #872 energy= 2.49182262927248   occ= 0
MO #873 energy= 2.51999494972778   occ= 0
MO #874 energy= 2.52513026924842   occ= 0
MO #875 energy= 2.54555874033305   occ= 0
MO #876 energy= 2.54845337764186   occ= 0
MO #877 energy= 2.54952073895927   occ= 0
MO #878 energy= 2.55551279130003   occ= 0
MO #879 energy= 2.56136837074016   occ= 0
MO #880 energy= 2.56357733314152   occ= 0
MO #881 energy= 2.57365841864047   occ= 0
MO #882 energy= 2.57869763143686   occ= 0
MO #883 energy= 2.58119655533698   occ= 0
MO #884 energy= 2.58629148175966   occ= 0
MO #885 energy= 2.59258513417585   occ= 0
MO #886 energy= 2.59869025961931   occ= 0
MO #887 energy= 2.60176377308168   occ= 0
MO #888 energy= 2.60807837264804   occ= 0
MO #889 energy= 2.61242167766733   occ= 0
MO #890 energy= 2.61584009507069   occ= 0
MO #891 energy= 2.61851994251054   occ= 0
MO #892 energy= 2.62284300677572   occ= 0
MO #893 energy= 2.6251522099978    occ= 0
MO #894 energy= 2.62838097975382   occ= 0
MO #895 energy= 2.64059927817504   occ= 0
MO #896 energy= 2.64247875678635   occ= 0
MO #897 energy= 2.65009538116541   occ= 0
MO #898 energy= 2.65271970829877   occ= 0
MO #899 energy= 2.6551173109755    occ= 0
MO #900 energy= 2.6594569902546    occ= 0
MO #901 energy= 2.66128991894194   occ= 0
MO #902 energy= 2.66367504531698   occ= 0
MO #903 energy= 2.66666716250777   occ= 0
MO #904 energy= 2.66860559973613   occ= 0
MO #905 energy= 2.6745753875131    occ= 0
MO #906 energy= 2.67862098504204   occ= 0
MO #907 energy= 2.68240139220635   occ= 0
MO #908 energy= 2.68397358028168   occ= 0
MO #909 energy= 2.68508885200174   occ= 0
MO #910 energy= 2.69246111360117   occ= 0
MO #911 energy= 2.69858216109247   occ= 0
MO #912 energy= 2.7049490893913    occ= 0
MO #913 energy= 2.70825878911811   occ= 0
MO #914 energy= 2.71120950462128   occ= 0
MO #915 energy= 2.71697703057318   occ= 0
MO #916 energy= 2.71969671153385   occ= 0
MO #917 energy= 2.72623732944772   occ= 0
MO #918 energy= 2.74492386010897   occ= 0
MO #919 energy= 2.74762218079392   occ= 0
MO #920 energy= 2.75398999380686   occ= 0
MO #921 energy= 2.75685101049701   occ= 0
MO #922 energy= 2.7631867846118    occ= 0
MO #923 energy= 2.76660649808313   occ= 0
MO #924 energy= 2.76981829927166   occ= 0
MO #925 energy= 2.77187476373093   occ= 0
MO #926 energy= 2.77378274393476   occ= 0
MO #927 energy= 2.77869527118709   occ= 0
MO #928 energy= 2.78244758984935   occ= 0
MO #929 energy= 2.78683984116572   occ= 0
MO #930 energy= 2.80542253476046   occ= 0
MO #931 energy= 2.80879265424227   occ= 0
MO #932 energy= 2.81261067008924   occ= 0
MO #933 energy= 2.82318347186738   occ= 0
MO #934 energy= 2.82741112400309   occ= 0
MO #935 energy= 2.83675198096711   occ= 0
MO #936 energy= 2.84129679724362   occ= 0
MO #937 energy= 2.84517322393559   occ= 0
MO #938 energy= 2.84824219495413   occ= 0
MO #939 energy= 2.85471308476817   occ= 0
MO #940 energy= 2.86657566284995   occ= 0
MO #941 energy= 2.86892828486177   occ= 0
MO #942 energy= 2.88054430210348   occ= 0
MO #943 energy= 2.88540217001705   occ= 0
MO #944 energy= 2.8911924550161    occ= 0
MO #945 energy= 2.89703305824915   occ= 0
MO #946 energy= 2.90605540314012   occ= 0
MO #947 energy= 2.91102760036654   occ= 0
MO #948 energy= 2.92393252227553   occ= 0
MO #949 energy= 2.92892818529203   occ= 0
MO #950 energy= 2.93229993003916   occ= 0
MO #951 energy= 2.93865107278477   occ= 0
MO #952 energy= 2.9470886780212    occ= 0
MO #953 energy= 2.95152713916286   occ= 0
MO #954 energy= 2.95578970853195   occ= 0
MO #955 energy= 2.95902014212028   occ= 0
MO #956 energy= 2.96485280200637   occ= 0
MO #957 energy= 2.96941064495381   occ= 0
MO #958 energy= 2.97509699299956   occ= 0
MO #959 energy= 2.98900182131646   occ= 0
MO #960 energy= 2.99301390533563   occ= 0
MO #961 energy= 2.996612800707     occ= 0
MO #962 energy= 2.99959087269844   occ= 0
MO #963 energy= 3.00472121991146   occ= 0
MO #964 energy= 3.00840192231384   occ= 0
MO #965 energy= 3.01204340510215   occ= 0
MO #966 energy= 3.02824022135125   occ= 0
MO #967 energy= 3.03120261757932   occ= 0
MO #968 energy= 3.03637412414717   occ= 0
MO #969 energy= 3.05424477367293   occ= 0
MO #970 energy= 3.05718293707321   occ= 0
MO #971 energy= 3.05976964939224   occ= 0
MO #972 energy= 3.06728304545113   occ= 0
MO #973 energy= 3.07467933692984   occ= 0
MO #974 energy= 3.08240929372249   occ= 0
MO #975 energy= 3.08640694200913   occ= 0
MO #976 energy= 3.09668508968224   occ= 0
MO #977 energy= 3.0982361051598    occ= 0
MO #978 energy= 3.10215270676958   occ= 0
MO #979 energy= 3.1213375983499    occ= 0
MO #980 energy= 3.13569634501169   occ= 0
MO #981 energy= 3.13999450687205   occ= 0
MO #982 energy= 3.15108490722838   occ= 0
MO #983 energy= 3.1554081324535    occ= 0
MO #984 energy= 3.16130203960499   occ= 0
MO #985 energy= 3.16882573781402   occ= 0
MO #986 energy= 3.18206711633908   occ= 0
MO #987 energy= 3.18849051316044   occ= 0
MO #988 energy= 3.19195510746442   occ= 0
MO #989 energy= 3.22376642232799   occ= 0
MO #990 energy= 3.24905976452102   occ= 0
MO #991 energy= 3.25931984554154   occ= 0
MO #992 energy= 3.28954346985866   occ= 0
MO #993 energy= 3.30600881835741   occ= 0
MO #994 energy= 3.34424161254365   occ= 0
MO #995 energy= 3.36220832629201   occ= 0
MO #996 energy= 3.37577143427806   occ= 0
MO #997 energy= 3.39573378745574   occ= 0
MO #998 energy= 3.45504904555915   occ= 0
MO #999 energy= 3.55021720026904   occ= 0
MO #1000 energy= 3.55686132420775   occ= 0
MO #1001 energy= 3.59073304967149   occ= 0
MO #1002 energy= 3.61188779248099   occ= 0
MO #1003 energy= 3.66426685920142   occ= 0
MO #1004 energy= 3.67873231385435   occ= 0
MO #1005 energy= 3.70433645602339   occ= 0
MO #1006 energy= 3.71932666105851   occ= 0
MO #1007 energy= 3.72178962566611   occ= 0
 ** Mulliken atomic charges  **
charge of  0O =     -0.78261
charge of  1P =      1.75395
charge of  2O =     -0.65316
charge of  3O =     -0.54017
charge of  4C =      0.16468
charge of  5C =     -0.01529
charge of  6C =     -0.00056
charge of  7C =      0.00440
charge of  8C =      0.00202
charge of  9C =     -0.09656
charge of  10C =      0.00784
charge of  11C =     -0.10195
charge of  12C =     -0.10715
charge of  13C =     -0.10592
charge of  14C =     -0.10487
charge of  15C =      0.00460
charge of  16C =     -0.10770
charge of  17C =     -0.11265
charge of  18C =     -0.10936
charge of  19C =     -0.10106
charge of  20C =     -0.10280
charge of  21C =     -0.09566
charge of  22C =     -0.09701
charge of  23C =      0.00389
charge of  24C =      0.00184
charge of  25C =     -0.16951
charge of  26C =     -0.15905
charge of  27C =     -0.15946
charge of  28C =     -0.17006
charge of  29C =     -0.03115
charge of  30C =     -0.03375
charge of  31C =      0.16091
charge of  32O =     -0.54560
charge of  33C =     -0.01193
charge of  34C =     -0.00002
charge of  35C =     -0.09687
charge of  36C =     -0.10410
charge of  37C =     -0.09872
charge of  38C =     -0.10449
charge of  39C =      0.01042
charge of  40C =      0.00302
charge of  41C =     -0.11273
charge of  42C =     -0.10966
charge of  43C =      0.00397
charge of  44C =     -0.10604
charge of  45C =     -0.10717
charge of  46C =     -0.10885
charge of  47C =     -0.10043
charge of  48C =      0.00822
charge of  49C =     -0.09379
charge of  50C =     -0.09582
charge of  51C =      0.00515
charge of  52C =      0.00106
charge of  53C =     -0.16926
charge of  54C =     -0.15904
charge of  55C =     -0.15946
charge of  56C =     -0.17050
charge of  57H =      0.35550
charge of  58H =      0.11217
charge of  59H =      0.10459
charge of  60H =      0.10200
charge of  61H =      0.10181
charge of  62H =      0.09890
charge of  63H =      0.09895
charge of  64H =      0.10193
charge of  65H =      0.10158
charge of  66H =      0.10182
charge of  67H =      0.10312
charge of  68H =      0.10873
charge of  69H =      0.10461
charge of  70H =      0.09958
charge of  71H =      0.09028
charge of  72H =      0.08560
charge of  73H =      0.08660
charge of  74H =      0.08755
charge of  75H =      0.07814
charge of  76H =      0.09452
charge of  77H =      0.10142
charge of  78H =      0.10488
charge of  79H =      0.10009
charge of  80H =      0.10092
charge of  81H =      0.10232
charge of  82H =      0.10098
charge of  83H =      0.09781
charge of  84H =      0.09787
charge of  85H =      0.10067
charge of  86H =      0.10094
charge of  87H =      0.10550
charge of  88H =      0.11609
charge of  89H =      0.10533
charge of  90H =      0.08897
charge of  91H =      0.09876
charge of  92H =      0.08825
charge of  93H =      0.08508
charge of  94H =      0.07734
charge of  95H =      0.08763
charge of  96H =      0.09434
charge of  97H =      0.10285
Dipole moment(X, Y, Z, Debye):  0.66175,  2.53042,  1.07522
def2-svp b3lyp 254.43639731407166
