/public3/home/scg5914/software-scg5914/LSW/1/data/data2/std_data/def2svp_b3lyp/cat_41.xyz
converged SCF energy = -3381.12963758164
**** MO energy ****
MO #1   energy= -77.2136619868473  occ= 2
MO #2   energy= -66.1084564378461  occ= 2
MO #3   energy= -66.1054857921904  occ= 2
MO #4   energy= -19.1779901600985  occ= 2
MO #5   energy= -19.1713154913614  occ= 2
MO #6   energy= -19.1556533737552  occ= 2
MO #7   energy= -19.0840926488452  occ= 2
MO #8   energy= -10.2518582002116  occ= 2
MO #9   energy= -10.2443014468679  occ= 2
MO #10  energy= -10.1978547261191  occ= 2
MO #11  energy= -10.1953950537868  occ= 2
MO #12  energy= -10.1949596396968  occ= 2
MO #13  energy= -10.1935250809089  occ= 2
MO #14  energy= -10.1909416965608  occ= 2
MO #15  energy= -10.188467211815   occ= 2
MO #16  energy= -10.1867210171836  occ= 2
MO #17  energy= -10.1864037356698  occ= 2
MO #18  energy= -10.1857715101656  occ= 2
MO #19  energy= -10.1854163333009  occ= 2
MO #20  energy= -10.18520869989    occ= 2
MO #21  energy= -10.1849780807477  occ= 2
MO #22  energy= -10.1848850166391  occ= 2
MO #23  energy= -10.184735325479   occ= 2
MO #24  energy= -10.1844849184497  occ= 2
MO #25  energy= -10.1840650359806  occ= 2
MO #26  energy= -10.1839105160725  occ= 2
MO #27  energy= -10.1839043081529  occ= 2
MO #28  energy= -10.1831938422056  occ= 2
MO #29  energy= -10.1823801078961  occ= 2
MO #30  energy= -10.1812951748469  occ= 2
MO #31  energy= -10.1808681811487  occ= 2
MO #32  energy= -10.1808427047726  occ= 2
MO #33  energy= -10.1808255027694  occ= 2
MO #34  energy= -10.1806989814059  occ= 2
MO #35  energy= -10.1805877664046  occ= 2
MO #36  energy= -10.1801773955568  occ= 2
MO #37  energy= -10.1800796927822  occ= 2
MO #38  energy= -10.1793870418254  occ= 2
MO #39  energy= -10.1789256000206  occ= 2
MO #40  energy= -10.1782051276776  occ= 2
MO #41  energy= -10.1781872918275  occ= 2
MO #42  energy= -10.1776003058132  occ= 2
MO #43  energy= -10.17737762406    occ= 2
MO #44  energy= -10.1771348220563  occ= 2
MO #45  energy= -10.1769724623539  occ= 2
MO #46  energy= -10.176469588392   occ= 2
MO #47  energy= -10.1763686815641  occ= 2
MO #48  energy= -10.1763122100753  occ= 2
MO #49  energy= -10.1754550783059  occ= 2
MO #50  energy= -10.1750434830183  occ= 2
MO #51  energy= -10.1748147535497  occ= 2
MO #52  energy= -10.1744460323044  occ= 2
MO #53  energy= -10.1739821611398  occ= 2
MO #54  energy= -10.1725141321772  occ= 2
MO #55  energy= -10.1722106039362  occ= 2
MO #56  energy= -10.1718908403963  occ= 2
MO #57  energy= -10.1712829427852  occ= 2
MO #58  energy= -10.1686566530932  occ= 2
MO #59  energy= -10.1663279092178  occ= 2
MO #60  energy= -10.1637920616528  occ= 2
MO #61  energy= -10.1637558639169  occ= 2
MO #62  energy= -10.1632567071412  occ= 2
MO #63  energy= -10.1612475737622  occ= 2
MO #64  energy= -6.68874463101122  occ= 2
MO #65  energy= -5.27061838195445  occ= 2
MO #66  energy= -5.26796927235766  occ= 2
MO #67  energy= -4.8565442070028   occ= 2
MO #68  energy= -4.85582466856599  occ= 2
MO #69  energy= -4.85399209146111  occ= 2
MO #70  energy= -3.63310125328344  occ= 2
MO #71  energy= -3.63245336303323  occ= 2
MO #72  energy= -3.63215943490326  occ= 2
MO #73  energy= -3.63024450535938  occ= 2
MO #74  energy= -3.62989008245727  occ= 2
MO #75  energy= -3.62959727845463  occ= 2
MO #76  energy= -1.11294764673064  occ= 2
MO #77  energy= -1.05229368806741  occ= 2
MO #78  energy= -1.03396909601276  occ= 2
MO #79  energy= -0.955131558572459 occ= 2
MO #80  energy= -0.878751967319246 occ= 2
MO #81  energy= -0.86237191070152  occ= 2
MO #82  energy= -0.852871925901403 occ= 2
MO #83  energy= -0.845498331414299 occ= 2
MO #84  energy= -0.84430764540765  occ= 2
MO #85  energy= -0.841057114816549 occ= 2
MO #86  energy= -0.839938266333521 occ= 2
MO #87  energy= -0.837648926182455 occ= 2
MO #88  energy= -0.817103748006679 occ= 2
MO #89  energy= -0.808812797033014 occ= 2
MO #90  energy= -0.789728776318756 occ= 2
MO #91  energy= -0.754059876219559 occ= 2
MO #92  energy= -0.746538711684477 occ= 2
MO #93  energy= -0.744205836161523 occ= 2
MO #94  energy= -0.74054291090528  occ= 2
MO #95  energy= -0.738625758784611 occ= 2
MO #96  energy= -0.735713048156056 occ= 2
MO #97  energy= -0.734103750623542 occ= 2
MO #98  energy= -0.733643272709687 occ= 2
MO #99  energy= -0.731899926521359 occ= 2
MO #100 energy= -0.731150452565327 occ= 2
MO #101 energy= -0.730107500136388 occ= 2
MO #102 energy= -0.727511181451408 occ= 2
MO #103 energy= -0.726607481238903 occ= 2
MO #104 energy= -0.72636660695539  occ= 2
MO #105 energy= -0.725198327096956 occ= 2
MO #106 energy= -0.724156359545686 occ= 2
MO #107 energy= -0.701032983127889 occ= 2
MO #108 energy= -0.670632169068763 occ= 2
MO #109 energy= -0.639257953264374 occ= 2
MO #110 energy= -0.629530727718948 occ= 2
MO #111 energy= -0.621461820500644 occ= 2
MO #112 energy= -0.615509269807187 occ= 2
MO #113 energy= -0.603862527247322 occ= 2
MO #114 energy= -0.600294460288553 occ= 2
MO #115 energy= -0.599397612275688 occ= 2
MO #116 energy= -0.595783369262253 occ= 2
MO #117 energy= -0.594993245904837 occ= 2
MO #118 energy= -0.593584118155384 occ= 2
MO #119 energy= -0.590143241342692 occ= 2
MO #120 energy= -0.589051121083175 occ= 2
MO #121 energy= -0.588679217008285 occ= 2
MO #122 energy= -0.585453667203223 occ= 2
MO #123 energy= -0.58247901650321  occ= 2
MO #124 energy= -0.580921787506211 occ= 2
MO #125 energy= -0.579986742894011 occ= 2
MO #126 energy= -0.578230273366429 occ= 2
MO #127 energy= -0.564796701617301 occ= 2
MO #128 energy= -0.550927011943639 occ= 2
MO #129 energy= -0.54737585237397  occ= 2
MO #130 energy= -0.534909947019413 occ= 2
MO #131 energy= -0.531840061946826 occ= 2
MO #132 energy= -0.519374640392134 occ= 2
MO #133 energy= -0.513911503760334 occ= 2
MO #134 energy= -0.511574704506949 occ= 2
MO #135 energy= -0.509065018887451 occ= 2
MO #136 energy= -0.508503279429202 occ= 2
MO #137 energy= -0.506242477251726 occ= 2
MO #138 energy= -0.498541904266033 occ= 2
MO #139 energy= -0.491710693305989 occ= 2
MO #140 energy= -0.4810769748618   occ= 2
MO #141 energy= -0.475102949448842 occ= 2
MO #142 energy= -0.46809546268568  occ= 2
MO #143 energy= -0.465894186242674 occ= 2
MO #144 energy= -0.457790602510343 occ= 2
MO #145 energy= -0.453591816214979 occ= 2
MO #146 energy= -0.452828930308005 occ= 2
MO #147 energy= -0.448590633813377 occ= 2
MO #148 energy= -0.447526094234986 occ= 2
MO #149 energy= -0.446749750999986 occ= 2
MO #150 energy= -0.445047622299849 occ= 2
MO #151 energy= -0.443521867416922 occ= 2
MO #152 energy= -0.443155768638271 occ= 2
MO #153 energy= -0.441195366184971 occ= 2
MO #154 energy= -0.440648985263394 occ= 2
MO #155 energy= -0.438214148520557 occ= 2
MO #156 energy= -0.437403309588352 occ= 2
MO #157 energy= -0.436458278535983 occ= 2
MO #158 energy= -0.434434223580621 occ= 2
MO #159 energy= -0.43179787005439  occ= 2
MO #160 energy= -0.431461446086525 occ= 2
MO #161 energy= -0.430009298369142 occ= 2
MO #162 energy= -0.420978066931339 occ= 2
MO #163 energy= -0.420682388559917 occ= 2
MO #164 energy= -0.417567608165312 occ= 2
MO #165 energy= -0.416914055674384 occ= 2
MO #166 energy= -0.415016029553298 occ= 2
MO #167 energy= -0.413388620803469 occ= 2
MO #168 energy= -0.411396027848376 occ= 2
MO #169 energy= -0.410692896269468 occ= 2
MO #170 energy= -0.408649492801639 occ= 2
MO #171 energy= -0.405490756410503 occ= 2
MO #172 energy= -0.402064558360742 occ= 2
MO #173 energy= -0.397048212388298 occ= 2
MO #174 energy= -0.395448928440679 occ= 2
MO #175 energy= -0.393078365440741 occ= 2
MO #176 energy= -0.391228280686917 occ= 2
MO #177 energy= -0.388583251283417 occ= 2
MO #178 energy= -0.387232334378121 occ= 2
MO #179 energy= -0.385624376939265 occ= 2
MO #180 energy= -0.384706134027815 occ= 2
MO #181 energy= -0.381855916857197 occ= 2
MO #182 energy= -0.370605402626289 occ= 2
MO #183 energy= -0.370048183446083 occ= 2
MO #184 energy= -0.368235993283313 occ= 2
MO #185 energy= -0.366187734917361 occ= 2
MO #186 energy= -0.36413277737187  occ= 2
MO #187 energy= -0.363599084720827 occ= 2
MO #188 energy= -0.360302085517533 occ= 2
MO #189 energy= -0.359619856814637 occ= 2
MO #190 energy= -0.351945983016234 occ= 2
MO #191 energy= -0.345958421316888 occ= 2
MO #192 energy= -0.342793468518627 occ= 2
MO #193 energy= -0.341194355296516 occ= 2
MO #194 energy= -0.34036947454379  occ= 2
MO #195 energy= -0.339169492606808 occ= 2
MO #196 energy= -0.337726624839463 occ= 2
MO #197 energy= -0.337441420640815 occ= 2
MO #198 energy= -0.335854395714882 occ= 2
MO #199 energy= -0.335670666259767 occ= 2
MO #200 energy= -0.334658682829393 occ= 2
MO #201 energy= -0.333229060149485 occ= 2
MO #202 energy= -0.330344996997727 occ= 2
MO #203 energy= -0.327691556223692 occ= 2
MO #204 energy= -0.326339828051499 occ= 2
MO #205 energy= -0.322461800608346 occ= 2
MO #206 energy= -0.317167805390835 occ= 2
MO #207 energy= -0.309378303563641 occ= 2
MO #208 energy= -0.300792036051611 occ= 2
MO #209 energy= -0.299015890464694 occ= 2
MO #210 energy= -0.295490185643952 occ= 2
MO #211 energy= -0.294624274283857 occ= 2
MO #212 energy= -0.293123100336603 occ= 2
MO #213 energy= -0.291995981176338 occ= 2
MO #214 energy= -0.289562083661338 occ= 2
MO #215 energy= -0.264248777455359 occ= 2
MO #216 energy= -0.25890302847944  occ= 2
MO #217 energy= -0.254229789020066 occ= 2
MO #218 energy= -0.253882661365166 occ= 2
MO #219 energy= -0.251791537630026 occ= 2
MO #220 energy= -0.251078147999954 occ= 2
MO #221 energy= -0.249237370258649 occ= 2
MO #222 energy= -0.247733188140046 occ= 2
MO #223 energy= -0.246701573455225 occ= 2
MO #224 energy= -0.245793619605731 occ= 2
MO #225 energy= -0.245296934427685 occ= 2
MO #226 energy= -0.244368170528048 occ= 2
MO #227 energy= -0.240693436270196 occ= 2
MO #228 energy= -0.238754457552947 occ= 2
MO #229 energy= -0.235186698015612 occ= 2
MO #230 energy= -0.23327652038763  occ= 2
MO #231 energy= -0.0345634336503623 occ= 0
MO #232 energy= -0.0253799759895794 occ= 0
MO #233 energy= -0.0197549760664834 occ= 0
MO #234 energy= -0.01599125628585  occ= 0
MO #235 energy= -0.0132100692403355 occ= 0
MO #236 energy= -0.00954338684445246 occ= 0
MO #237 energy= -0.00802012235375007 occ= 0
MO #238 energy= -0.00748352579759209 occ= 0
MO #239 energy= -0.00602044103682195 occ= 0
MO #240 energy= -0.00441300866795236 occ= 0
MO #241 energy= -0.00261766691453582 occ= 0
MO #242 energy= 0.0019967104305583 occ= 0
MO #243 energy= 0.00403378358781589 occ= 0
MO #244 energy= 0.00740987572196693 occ= 0
MO #245 energy= 0.00772306645101055 occ= 0
MO #246 energy= 0.00805877989247735 occ= 0
MO #247 energy= 0.0407850678257209 occ= 0
MO #248 energy= 0.0553532106940705 occ= 0
MO #249 energy= 0.0592241065495184 occ= 0
MO #250 energy= 0.0664001126136606 occ= 0
MO #251 energy= 0.0701042160675389 occ= 0
MO #252 energy= 0.0739194573529228 occ= 0
MO #253 energy= 0.0753909940521243 occ= 0
MO #254 energy= 0.079651830482885  occ= 0
MO #255 energy= 0.0828306006510748 occ= 0
MO #256 energy= 0.0841234305583224 occ= 0
MO #257 energy= 0.0865832270340393 occ= 0
MO #258 energy= 0.0920434711226239 occ= 0
MO #259 energy= 0.0969747965330828 occ= 0
MO #260 energy= 0.0984068066597824 occ= 0
MO #261 energy= 0.0992586078043835 occ= 0
MO #262 energy= 0.102082350925733  occ= 0
MO #263 energy= 0.104710538425187  occ= 0
MO #264 energy= 0.106121111492913  occ= 0
MO #265 energy= 0.109034225825249  occ= 0
MO #266 energy= 0.109716368062634  occ= 0
MO #267 energy= 0.111777402436172  occ= 0
MO #268 energy= 0.113459155480939  occ= 0
MO #269 energy= 0.11623794395686   occ= 0
MO #270 energy= 0.11742815356394   occ= 0
MO #271 energy= 0.118709447354641  occ= 0
MO #272 energy= 0.119514205165307  occ= 0
MO #273 energy= 0.120338767712517  occ= 0
MO #274 energy= 0.120913203861948  occ= 0
MO #275 energy= 0.123515552476857  occ= 0
MO #276 energy= 0.12504269453544   occ= 0
MO #277 energy= 0.127988233237374  occ= 0
MO #278 energy= 0.131388585260728  occ= 0
MO #279 energy= 0.132513016756154  occ= 0
MO #280 energy= 0.135752268966847  occ= 0
MO #281 energy= 0.138037806047075  occ= 0
MO #282 energy= 0.141001024437065  occ= 0
MO #283 energy= 0.143465435168352  occ= 0
MO #284 energy= 0.144252258931373  occ= 0
MO #285 energy= 0.145996339104464  occ= 0
MO #286 energy= 0.148353774758453  occ= 0
MO #287 energy= 0.148859819158886  occ= 0
MO #288 energy= 0.151561729855573  occ= 0
MO #289 energy= 0.15298139248288   occ= 0
MO #290 energy= 0.154039975080896  occ= 0
MO #291 energy= 0.156147667583781  occ= 0
MO #292 energy= 0.158811225815585  occ= 0
MO #293 energy= 0.159526691985087  occ= 0
MO #294 energy= 0.161027628436299  occ= 0
MO #295 energy= 0.162762311786427  occ= 0
MO #296 energy= 0.165793338109722  occ= 0
MO #297 energy= 0.167167916630443  occ= 0
MO #298 energy= 0.168481319876519  occ= 0
MO #299 energy= 0.172292921394373  occ= 0
MO #300 energy= 0.17299379102619   occ= 0
MO #301 energy= 0.174599374459004  occ= 0
MO #302 energy= 0.175040943783115  occ= 0
MO #303 energy= 0.181876636177244  occ= 0
MO #304 energy= 0.183734154167016  occ= 0
MO #305 energy= 0.185863948152387  occ= 0
MO #306 energy= 0.188713948981231  occ= 0
MO #307 energy= 0.19064100844041   occ= 0
MO #308 energy= 0.193019425432951  occ= 0
MO #309 energy= 0.196867504501195  occ= 0
MO #310 energy= 0.200538988670795  occ= 0
MO #311 energy= 0.203272243922003  occ= 0
MO #312 energy= 0.203700415303973  occ= 0
MO #313 energy= 0.207026906840871  occ= 0
MO #314 energy= 0.210402145321388  occ= 0
MO #315 energy= 0.215962163169324  occ= 0
MO #316 energy= 0.219412964917168  occ= 0
MO #317 energy= 0.223736006437401  occ= 0
MO #318 energy= 0.224459877172508  occ= 0
MO #319 energy= 0.231420965432806  occ= 0
MO #320 energy= 0.236149097197269  occ= 0
MO #321 energy= 0.243309581827468  occ= 0
MO #322 energy= 0.247225648672574  occ= 0
MO #323 energy= 0.255464647476298  occ= 0
MO #324 energy= 0.256016878320181  occ= 0
MO #325 energy= 0.262557987519487  occ= 0
MO #326 energy= 0.267330199890914  occ= 0
MO #327 energy= 0.270471130580912  occ= 0
MO #328 energy= 0.27864842150637   occ= 0
MO #329 energy= 0.284083839479946  occ= 0
MO #330 energy= 0.287196387110144  occ= 0
MO #331 energy= 0.29167445673492   occ= 0
MO #332 energy= 0.292549431443107  occ= 0
MO #333 energy= 0.294010611561585  occ= 0
MO #334 energy= 0.294691180227326  occ= 0
MO #335 energy= 0.300190293178034  occ= 0
MO #336 energy= 0.300610265647748  occ= 0
MO #337 energy= 0.302688944941447  occ= 0
MO #338 energy= 0.303373354669251  occ= 0
MO #339 energy= 0.30455475282872   occ= 0
MO #340 energy= 0.307207023552643  occ= 0
MO #341 energy= 0.308840340457247  occ= 0
MO #342 energy= 0.310641120623791  occ= 0
MO #343 energy= 0.312953970594393  occ= 0
MO #344 energy= 0.313980423121542  occ= 0
MO #345 energy= 0.314873448841034  occ= 0
MO #346 energy= 0.315644654469141  occ= 0
MO #347 energy= 0.31838130944844   occ= 0
MO #348 energy= 0.319591842647466  occ= 0
MO #349 energy= 0.321197926283223  occ= 0
MO #350 energy= 0.324519082318638  occ= 0
MO #351 energy= 0.327171237059632  occ= 0
MO #352 energy= 0.330160384269033  occ= 0
MO #353 energy= 0.332654376648275  occ= 0
MO #354 energy= 0.33335108973225   occ= 0
MO #355 energy= 0.335133747127279  occ= 0
MO #356 energy= 0.341922287988177  occ= 0
MO #357 energy= 0.343013290669779  occ= 0
MO #358 energy= 0.349778509934203  occ= 0
MO #359 energy= 0.355114956262615  occ= 0
MO #360 energy= 0.357351378600811  occ= 0
MO #361 energy= 0.368779976644679  occ= 0
MO #362 energy= 0.370170846072184  occ= 0
MO #363 energy= 0.377372787719371  occ= 0
MO #364 energy= 0.379519922172956  occ= 0
MO #365 energy= 0.380283825795543  occ= 0
MO #366 energy= 0.382882988910683  occ= 0
MO #367 energy= 0.386310866753883  occ= 0
MO #368 energy= 0.387291183627276  occ= 0
MO #369 energy= 0.392566155073542  occ= 0
MO #370 energy= 0.393603479786632  occ= 0
MO #371 energy= 0.394971359414328  occ= 0
MO #372 energy= 0.400408959828854  occ= 0
MO #373 energy= 0.404863273686916  occ= 0
MO #374 energy= 0.40674668792321   occ= 0
MO #375 energy= 0.409275590295949  occ= 0
MO #376 energy= 0.413806632847967  occ= 0
MO #377 energy= 0.419541894926327  occ= 0
MO #378 energy= 0.421121440238535  occ= 0
MO #379 energy= 0.422182417301279  occ= 0
MO #380 energy= 0.424532111997673  occ= 0
MO #381 energy= 0.426712860909459  occ= 0
MO #382 energy= 0.428022777277694  occ= 0
MO #383 energy= 0.431571721875154  occ= 0
MO #384 energy= 0.43492602121068   occ= 0
MO #385 energy= 0.435837265853317  occ= 0
MO #386 energy= 0.437167403281063  occ= 0
MO #387 energy= 0.439737518630707  occ= 0
MO #388 energy= 0.440623458079664  occ= 0
MO #389 energy= 0.442022363447888  occ= 0
MO #390 energy= 0.445014561272268  occ= 0
MO #391 energy= 0.447245920707511  occ= 0
MO #392 energy= 0.448390618280828  occ= 0
MO #393 energy= 0.449964370134684  occ= 0
MO #394 energy= 0.451776877830562  occ= 0
MO #395 energy= 0.453665848899916  occ= 0
MO #396 energy= 0.454061957156341  occ= 0
MO #397 energy= 0.457445332111204  occ= 0
MO #398 energy= 0.458810757618744  occ= 0
MO #399 energy= 0.460614209061829  occ= 0
MO #400 energy= 0.464896821183123  occ= 0
MO #401 energy= 0.467982264724037  occ= 0
MO #402 energy= 0.471472671122449  occ= 0
MO #403 energy= 0.47519881478024   occ= 0
MO #404 energy= 0.476413401548529  occ= 0
MO #405 energy= 0.478612954738925  occ= 0
MO #406 energy= 0.478867290064412  occ= 0
MO #407 energy= 0.481475976987142  occ= 0
MO #408 energy= 0.483016714308346  occ= 0
MO #409 energy= 0.48418023377149   occ= 0
MO #410 energy= 0.485361442332471  occ= 0
MO #411 energy= 0.487134481843237  occ= 0
MO #412 energy= 0.488263356350983  occ= 0
MO #413 energy= 0.490219647845365  occ= 0
MO #414 energy= 0.492969174742203  occ= 0
MO #415 energy= 0.493424393439522  occ= 0
MO #416 energy= 0.495514297849621  occ= 0
MO #417 energy= 0.495881428591764  occ= 0
MO #418 energy= 0.496863126726752  occ= 0
MO #419 energy= 0.49993038284685   occ= 0
MO #420 energy= 0.499965696076753  occ= 0
MO #421 energy= 0.502067541213667  occ= 0
MO #422 energy= 0.504317048665547  occ= 0
MO #423 energy= 0.50617978623922   occ= 0
MO #424 energy= 0.509080503515813  occ= 0
MO #425 energy= 0.510386896253345  occ= 0
MO #426 energy= 0.511834594604894  occ= 0
MO #427 energy= 0.512577642284435  occ= 0
MO #428 energy= 0.516250331571785  occ= 0
MO #429 energy= 0.517690764388539  occ= 0
MO #430 energy= 0.523630143743648  occ= 0
MO #431 energy= 0.526584488869297  occ= 0
MO #432 energy= 0.52701976286383   occ= 0
MO #433 energy= 0.534443139143264  occ= 0
MO #434 energy= 0.536217077766399  occ= 0
MO #435 energy= 0.540670690446686  occ= 0
MO #436 energy= 0.544037048979764  occ= 0
MO #437 energy= 0.547598380156937  occ= 0
MO #438 energy= 0.551930651978651  occ= 0
MO #439 energy= 0.555663668579997  occ= 0
MO #440 energy= 0.55666406037236   occ= 0
MO #441 energy= 0.558201300859773  occ= 0
MO #442 energy= 0.561044782143961  occ= 0
MO #443 energy= 0.563716514123297  occ= 0
MO #444 energy= 0.567917085346973  occ= 0
MO #445 energy= 0.572658546037389  occ= 0
MO #446 energy= 0.574309179422742  occ= 0
MO #447 energy= 0.577154332480828  occ= 0
MO #448 energy= 0.579911064050382  occ= 0
MO #449 energy= 0.580318373067551  occ= 0
MO #450 energy= 0.585150924892212  occ= 0
MO #451 energy= 0.587390347696759  occ= 0
MO #452 energy= 0.587925418820817  occ= 0
MO #453 energy= 0.589686273626658  occ= 0
MO #454 energy= 0.594005279284505  occ= 0
MO #455 energy= 0.597276182587027  occ= 0
MO #456 energy= 0.600569738155248  occ= 0
MO #457 energy= 0.601428284809474  occ= 0
MO #458 energy= 0.603919308847537  occ= 0
MO #459 energy= 0.607226949638084  occ= 0
MO #460 energy= 0.608454503200445  occ= 0
MO #461 energy= 0.61018926818297   occ= 0
MO #462 energy= 0.618325473708078  occ= 0
MO #463 energy= 0.619340178317226  occ= 0
MO #464 energy= 0.621402056954368  occ= 0
MO #465 energy= 0.623642984895002  occ= 0
MO #466 energy= 0.626791023821837  occ= 0
MO #467 energy= 0.631429835888938  occ= 0
MO #468 energy= 0.63328428976238   occ= 0
MO #469 energy= 0.636695456289794  occ= 0
MO #470 energy= 0.636867231317428  occ= 0
MO #471 energy= 0.642650316992837  occ= 0
MO #472 energy= 0.645000927647806  occ= 0
MO #473 energy= 0.645600664176639  occ= 0
MO #474 energy= 0.647769168523291  occ= 0
MO #475 energy= 0.650935928625766  occ= 0
MO #476 energy= 0.651699236368592  occ= 0
MO #477 energy= 0.65302009338973   occ= 0
MO #478 energy= 0.654071400151597  occ= 0
MO #479 energy= 0.655479177955687  occ= 0
MO #480 energy= 0.657287204802436  occ= 0
MO #481 energy= 0.657982416977124  occ= 0
MO #482 energy= 0.659118481028502  occ= 0
MO #483 energy= 0.662421913624749  occ= 0
MO #484 energy= 0.664225041955207  occ= 0
MO #485 energy= 0.664533223634904  occ= 0
MO #486 energy= 0.665616815538364  occ= 0
MO #487 energy= 0.665691327931068  occ= 0
MO #488 energy= 0.668503243015404  occ= 0
MO #489 energy= 0.670056304033382  occ= 0
MO #490 energy= 0.671039741332482  occ= 0
MO #491 energy= 0.671784467377757  occ= 0
MO #492 energy= 0.674125051885814  occ= 0
MO #493 energy= 0.67613635179579   occ= 0
MO #494 energy= 0.676546785368621  occ= 0
MO #495 energy= 0.67742843315559   occ= 0
MO #496 energy= 0.679699252649163  occ= 0
MO #497 energy= 0.680337817492452  occ= 0
MO #498 energy= 0.682825153357077  occ= 0
MO #499 energy= 0.684979800924286  occ= 0
MO #500 energy= 0.685513073568287  occ= 0
MO #501 energy= 0.68821716127986   occ= 0
MO #502 energy= 0.688576259400386  occ= 0
MO #503 energy= 0.689318042116879  occ= 0
MO #504 energy= 0.690871654641032  occ= 0
MO #505 energy= 0.692031077717481  occ= 0
MO #506 energy= 0.6950297505576    occ= 0
MO #507 energy= 0.695856963252531  occ= 0
MO #508 energy= 0.698382541972631  occ= 0
MO #509 energy= 0.701918110401703  occ= 0
MO #510 energy= 0.703062488056888  occ= 0
MO #511 energy= 0.705849613505881  occ= 0
MO #512 energy= 0.706153514226027  occ= 0
MO #513 energy= 0.707704360832892  occ= 0
MO #514 energy= 0.709533945738782  occ= 0
MO #515 energy= 0.711160163438926  occ= 0
MO #516 energy= 0.711671412332915  occ= 0
MO #517 energy= 0.714556983044332  occ= 0
MO #518 energy= 0.71627971996817   occ= 0
MO #519 energy= 0.717228403125178  occ= 0
MO #520 energy= 0.719388640773102  occ= 0
MO #521 energy= 0.721392920324392  occ= 0
MO #522 energy= 0.723027402972904  occ= 0
MO #523 energy= 0.723560307029841  occ= 0
MO #524 energy= 0.725574553885776  occ= 0
MO #525 energy= 0.726788810726592  occ= 0
MO #526 energy= 0.727723520288012  occ= 0
MO #527 energy= 0.730286479978366  occ= 0
MO #528 energy= 0.730851508588954  occ= 0
MO #529 energy= 0.732508796834932  occ= 0
MO #530 energy= 0.73625568712601   occ= 0
MO #531 energy= 0.737609443024297  occ= 0
MO #532 energy= 0.73984944137485   occ= 0
MO #533 energy= 0.743377432318761  occ= 0
MO #534 energy= 0.743595015620487  occ= 0
MO #535 energy= 0.744642892136478  occ= 0
MO #536 energy= 0.748463735289573  occ= 0
MO #537 energy= 0.750483823210754  occ= 0
MO #538 energy= 0.751951180739537  occ= 0
MO #539 energy= 0.752960190414424  occ= 0
MO #540 energy= 0.754890136147861  occ= 0
MO #541 energy= 0.757185283180937  occ= 0
MO #542 energy= 0.759990247698117  occ= 0
MO #543 energy= 0.761734075627849  occ= 0
MO #544 energy= 0.761834938645237  occ= 0
MO #545 energy= 0.766503818413271  occ= 0
MO #546 energy= 0.768824148980813  occ= 0
MO #547 energy= 0.772199883579184  occ= 0
MO #548 energy= 0.772512683052073  occ= 0
MO #549 energy= 0.774719159277661  occ= 0
MO #550 energy= 0.776797278537381  occ= 0
MO #551 energy= 0.777698362934434  occ= 0
MO #552 energy= 0.779704994869632  occ= 0
MO #553 energy= 0.781776305436405  occ= 0
MO #554 energy= 0.785050508121358  occ= 0
MO #555 energy= 0.788320343623023  occ= 0
MO #556 energy= 0.790313034585347  occ= 0
MO #557 energy= 0.792351627534876  occ= 0
MO #558 energy= 0.794433974991299  occ= 0
MO #559 energy= 0.795765358550736  occ= 0
MO #560 energy= 0.799074917079761  occ= 0
MO #561 energy= 0.802251078067337  occ= 0
MO #562 energy= 0.802575026670552  occ= 0
MO #563 energy= 0.808824347544529  occ= 0
MO #564 energy= 0.810256984841802  occ= 0
MO #565 energy= 0.811153491790165  occ= 0
MO #566 energy= 0.815865221434097  occ= 0
MO #567 energy= 0.819244945869444  occ= 0
MO #568 energy= 0.822053654732824  occ= 0
MO #569 energy= 0.823556277829122  occ= 0
MO #570 energy= 0.827304978357511  occ= 0
MO #571 energy= 0.831304076576308  occ= 0
MO #572 energy= 0.83700690950953   occ= 0
MO #573 energy= 0.841983574251785  occ= 0
MO #574 energy= 0.844532460218898  occ= 0
MO #575 energy= 0.848322893178646  occ= 0
MO #576 energy= 0.851758464146347  occ= 0
MO #577 energy= 0.852490213293182  occ= 0
MO #578 energy= 0.856097539937765  occ= 0
MO #579 energy= 0.862186742345004  occ= 0
MO #580 energy= 0.863930115141313  occ= 0
MO #581 energy= 0.871760258829227  occ= 0
MO #582 energy= 0.873947695274079  occ= 0
MO #583 energy= 0.87515532159878   occ= 0
MO #584 energy= 0.879651784958503  occ= 0
MO #585 energy= 0.884107551095125  occ= 0
MO #586 energy= 0.888157892532896  occ= 0
MO #587 energy= 0.894236241952608  occ= 0
MO #588 energy= 0.896228613769703  occ= 0
MO #589 energy= 0.900631049141718  occ= 0
MO #590 energy= 0.905618948847674  occ= 0
MO #591 energy= 0.907517834818982  occ= 0
MO #592 energy= 0.9108630439353    occ= 0
MO #593 energy= 0.914620807502364  occ= 0
MO #594 energy= 0.919476558581559  occ= 0
MO #595 energy= 0.923332234405873  occ= 0
MO #596 energy= 0.923599688206881  occ= 0
MO #597 energy= 0.931544962335184  occ= 0
MO #598 energy= 0.933755793560543  occ= 0
MO #599 energy= 0.936035373384573  occ= 0
MO #600 energy= 0.939644435520519  occ= 0
MO #601 energy= 0.943590850959422  occ= 0
MO #602 energy= 0.946620018993581  occ= 0
MO #603 energy= 0.950591930678182  occ= 0
MO #604 energy= 0.953430077064753  occ= 0
MO #605 energy= 0.957989875562403  occ= 0
MO #606 energy= 0.961359749715842  occ= 0
MO #607 energy= 0.962179536695845  occ= 0
MO #608 energy= 0.965147275280535  occ= 0
MO #609 energy= 0.969667200714538  occ= 0
MO #610 energy= 0.970937626121246  occ= 0
MO #611 energy= 0.976807578143607  occ= 0
MO #612 energy= 0.984262141180457  occ= 0
MO #613 energy= 0.986041476699677  occ= 0
MO #614 energy= 0.98802285542462   occ= 0
MO #615 energy= 0.990316794698396  occ= 0
MO #616 energy= 0.993074027121755  occ= 0
MO #617 energy= 0.998840988418548  occ= 0
MO #618 energy= 1.0066685621984    occ= 0
MO #619 energy= 1.01113293810844   occ= 0
MO #620 energy= 1.01186893970878   occ= 0
MO #621 energy= 1.01992334446816   occ= 0
MO #622 energy= 1.02040126768747   occ= 0
MO #623 energy= 1.02707653020305   occ= 0
MO #624 energy= 1.03775544014574   occ= 0
MO #625 energy= 1.04373137044037   occ= 0
MO #626 energy= 1.05296214535788   occ= 0
MO #627 energy= 1.05614125129598   occ= 0
MO #628 energy= 1.06724498356479   occ= 0
MO #629 energy= 1.07853428991871   occ= 0
MO #630 energy= 1.08017328179214   occ= 0
MO #631 energy= 1.08772147422095   occ= 0
MO #632 energy= 1.09048737613343   occ= 0
MO #633 energy= 1.09197410967138   occ= 0
MO #634 energy= 1.10425916267814   occ= 0
MO #635 energy= 1.10666899188156   occ= 0
MO #636 energy= 1.11173196929316   occ= 0
MO #637 energy= 1.12584019480679   occ= 0
MO #638 energy= 1.12820812669728   occ= 0
MO #639 energy= 1.13643801456298   occ= 0
MO #640 energy= 1.14117167069862   occ= 0
MO #641 energy= 1.14666417478828   occ= 0
MO #642 energy= 1.15023097191646   occ= 0
MO #643 energy= 1.16383804749899   occ= 0
MO #644 energy= 1.16574926624417   occ= 0
MO #645 energy= 1.16779185014576   occ= 0
MO #646 energy= 1.17195020205983   occ= 0
MO #647 energy= 1.18295400507199   occ= 0
MO #648 energy= 1.18994433213877   occ= 0
MO #649 energy= 1.19282426273594   occ= 0
MO #650 energy= 1.19840140929519   occ= 0
MO #651 energy= 1.20095816243165   occ= 0
MO #652 energy= 1.20692124104584   occ= 0
MO #653 energy= 1.21171346625248   occ= 0
MO #654 energy= 1.21584123408753   occ= 0
MO #655 energy= 1.21889774226323   occ= 0
MO #656 energy= 1.22359835983399   occ= 0
MO #657 energy= 1.22612840633205   occ= 0
MO #658 energy= 1.23263189939143   occ= 0
MO #659 energy= 1.23334734557184   occ= 0
MO #660 energy= 1.23532880788451   occ= 0
MO #661 energy= 1.24147744281726   occ= 0
MO #662 energy= 1.24340335162946   occ= 0
MO #663 energy= 1.24958001923142   occ= 0
MO #664 energy= 1.25109463102549   occ= 0
MO #665 energy= 1.25814809140504   occ= 0
MO #666 energy= 1.2602779993489    occ= 0
MO #667 energy= 1.26189994706194   occ= 0
MO #668 energy= 1.2626217014787    occ= 0
MO #669 energy= 1.263897803925     occ= 0
MO #670 energy= 1.26459725479301   occ= 0
MO #671 energy= 1.26641301154178   occ= 0
MO #672 energy= 1.26780407166874   occ= 0
MO #673 energy= 1.26880816341226   occ= 0
MO #674 energy= 1.27175466760937   occ= 0
MO #675 energy= 1.27324950690427   occ= 0
MO #676 energy= 1.27639565572055   occ= 0
MO #677 energy= 1.27817245143162   occ= 0
MO #678 energy= 1.28254466135958   occ= 0
MO #679 energy= 1.28778408223866   occ= 0
MO #680 energy= 1.29025476100188   occ= 0
MO #681 energy= 1.29433207377732   occ= 0
MO #682 energy= 1.29683114944365   occ= 0
MO #683 energy= 1.29838324176224   occ= 0
MO #684 energy= 1.30160105453746   occ= 0
MO #685 energy= 1.30348311692113   occ= 0
MO #686 energy= 1.31046179849552   occ= 0
MO #687 energy= 1.31071346464702   occ= 0
MO #688 energy= 1.31242276643011   occ= 0
MO #689 energy= 1.31544545261008   occ= 0
MO #690 energy= 1.31636863721291   occ= 0
MO #691 energy= 1.3187445206041    occ= 0
MO #692 energy= 1.32226937084354   occ= 0
MO #693 energy= 1.32872776134722   occ= 0
MO #694 energy= 1.32990097509242   occ= 0
MO #695 energy= 1.33166652408692   occ= 0
MO #696 energy= 1.33364410108614   occ= 0
MO #697 energy= 1.33974715034636   occ= 0
MO #698 energy= 1.34080691440754   occ= 0
MO #699 energy= 1.3435550385788    occ= 0
MO #700 energy= 1.34612895232452   occ= 0
MO #701 energy= 1.3468060256627    occ= 0
MO #702 energy= 1.35054221642024   occ= 0
MO #703 energy= 1.35589321978929   occ= 0
MO #704 energy= 1.35783034580656   occ= 0
MO #705 energy= 1.3649693219144    occ= 0
MO #706 energy= 1.36917052466765   occ= 0
MO #707 energy= 1.37276403918939   occ= 0
MO #708 energy= 1.37839901140474   occ= 0
MO #709 energy= 1.38251829472775   occ= 0
MO #710 energy= 1.39428576656771   occ= 0
MO #711 energy= 1.40013014044049   occ= 0
MO #712 energy= 1.4105591741204    occ= 0
MO #713 energy= 1.41636256621234   occ= 0
MO #714 energy= 1.42746414891764   occ= 0
MO #715 energy= 1.43043210646939   occ= 0
MO #716 energy= 1.44318890128647   occ= 0
MO #717 energy= 1.45513053779598   occ= 0
MO #718 energy= 1.45891579655116   occ= 0
MO #719 energy= 1.47044469112364   occ= 0
MO #720 energy= 1.47855528156465   occ= 0
MO #721 energy= 1.49611357566602   occ= 0
MO #722 energy= 1.50039931478048   occ= 0
MO #723 energy= 1.5083910719815    occ= 0
MO #724 energy= 1.51251322430833   occ= 0
MO #725 energy= 1.5239472335585    occ= 0
MO #726 energy= 1.52712082089567   occ= 0
MO #727 energy= 1.53500313501221   occ= 0
MO #728 energy= 1.53718957471898   occ= 0
MO #729 energy= 1.54205290438153   occ= 0
MO #730 energy= 1.54535365000492   occ= 0
MO #731 energy= 1.55139075696556   occ= 0
MO #732 energy= 1.55574340584428   occ= 0
MO #733 energy= 1.56305675164459   occ= 0
MO #734 energy= 1.56535294869143   occ= 0
MO #735 energy= 1.57296684720632   occ= 0
MO #736 energy= 1.57711554587533   occ= 0
MO #737 energy= 1.58295201988874   occ= 0
MO #738 energy= 1.58550710693065   occ= 0
MO #739 energy= 1.58705789018759   occ= 0
MO #740 energy= 1.59236093439035   occ= 0
MO #741 energy= 1.59697850916374   occ= 0
MO #742 energy= 1.61209167982929   occ= 0
MO #743 energy= 1.61528957729981   occ= 0
MO #744 energy= 1.6262958587813    occ= 0
MO #745 energy= 1.6379184270473    occ= 0
MO #746 energy= 1.64869715490862   occ= 0
MO #747 energy= 1.65909205795171   occ= 0
MO #748 energy= 1.66399296808236   occ= 0
MO #749 energy= 1.67702760325411   occ= 0
MO #750 energy= 1.68036653052428   occ= 0
MO #751 energy= 1.68327420828685   occ= 0
MO #752 energy= 1.68581182107624   occ= 0
MO #753 energy= 1.68986001982688   occ= 0
MO #754 energy= 1.69113338995607   occ= 0
MO #755 energy= 1.69314402513883   occ= 0
MO #756 energy= 1.6947174535607    occ= 0
MO #757 energy= 1.69597152998553   occ= 0
MO #758 energy= 1.69780847484822   occ= 0
MO #759 energy= 1.69983210251086   occ= 0
MO #760 energy= 1.70382897579546   occ= 0
MO #761 energy= 1.70463737802166   occ= 0
MO #762 energy= 1.7088093103227    occ= 0
MO #763 energy= 1.71383938783497   occ= 0
MO #764 energy= 1.71433403638313   occ= 0
MO #765 energy= 1.71636111813362   occ= 0
MO #766 energy= 1.7196936545789    occ= 0
MO #767 energy= 1.72474627763771   occ= 0
MO #768 energy= 1.72651162293504   occ= 0
MO #769 energy= 1.73059488420724   occ= 0
MO #770 energy= 1.73202995429923   occ= 0
MO #771 energy= 1.73371006988105   occ= 0
MO #772 energy= 1.73907472639005   occ= 0
MO #773 energy= 1.7420546512043    occ= 0
MO #774 energy= 1.74870853100017   occ= 0
MO #775 energy= 1.75005016331544   occ= 0
MO #776 energy= 1.75525440636964   occ= 0
MO #777 energy= 1.7559756678993    occ= 0
MO #778 energy= 1.76003606063787   occ= 0
MO #779 energy= 1.76203742926862   occ= 0
MO #780 energy= 1.762656972027     occ= 0
MO #781 energy= 1.7631986692235    occ= 0
MO #782 energy= 1.76565932550245   occ= 0
MO #783 energy= 1.76670334913636   occ= 0
MO #784 energy= 1.76898766613984   occ= 0
MO #785 energy= 1.76984672831362   occ= 0
MO #786 energy= 1.77307337984511   occ= 0
MO #787 energy= 1.77437131878851   occ= 0
MO #788 energy= 1.7765421501289    occ= 0
MO #789 energy= 1.77872415538531   occ= 0
MO #790 energy= 1.77961867193885   occ= 0
MO #791 energy= 1.78102233663303   occ= 0
MO #792 energy= 1.78183918956339   occ= 0
MO #793 energy= 1.78219055221725   occ= 0
MO #794 energy= 1.78291535471144   occ= 0
MO #795 energy= 1.78581360486565   occ= 0
MO #796 energy= 1.78646132945109   occ= 0
MO #797 energy= 1.78691021588137   occ= 0
MO #798 energy= 1.78833448325456   occ= 0
MO #799 energy= 1.7889209612906    occ= 0
MO #800 energy= 1.79028955013954   occ= 0
MO #801 energy= 1.79147516112911   occ= 0
MO #802 energy= 1.79422437994479   occ= 0
MO #803 energy= 1.79501774846094   occ= 0
MO #804 energy= 1.79635981410211   occ= 0
MO #805 energy= 1.79892495569895   occ= 0
MO #806 energy= 1.80364343309893   occ= 0
MO #807 energy= 1.80540997215636   occ= 0
MO #808 energy= 1.80594248738728   occ= 0
MO #809 energy= 1.80875276276881   occ= 0
MO #810 energy= 1.81445430139527   occ= 0
MO #811 energy= 1.81477392886035   occ= 0
MO #812 energy= 1.82035343928695   occ= 0
MO #813 energy= 1.82304547431902   occ= 0
MO #814 energy= 1.82518644554971   occ= 0
MO #815 energy= 1.82857729031413   occ= 0
MO #816 energy= 1.83317778989329   occ= 0
MO #817 energy= 1.83511401216033   occ= 0
MO #818 energy= 1.83724984690029   occ= 0
MO #819 energy= 1.83839558554253   occ= 0
MO #820 energy= 1.84285942043236   occ= 0
MO #821 energy= 1.84390317442263   occ= 0
MO #822 energy= 1.84449045023576   occ= 0
MO #823 energy= 1.84991372434125   occ= 0
MO #824 energy= 1.85100764578839   occ= 0
MO #825 energy= 1.8523374433913    occ= 0
MO #826 energy= 1.85457902249806   occ= 0
MO #827 energy= 1.85879445782305   occ= 0
MO #828 energy= 1.85957261805745   occ= 0
MO #829 energy= 1.86275408207186   occ= 0
MO #830 energy= 1.87027544759801   occ= 0
MO #831 energy= 1.87264162843849   occ= 0
MO #832 energy= 1.87360586279032   occ= 0
MO #833 energy= 1.87796110741686   occ= 0
MO #834 energy= 1.87907949248656   occ= 0
MO #835 energy= 1.88224293892916   occ= 0
MO #836 energy= 1.88644872807555   occ= 0
MO #837 energy= 1.88717840717642   occ= 0
MO #838 energy= 1.89261019882161   occ= 0
MO #839 energy= 1.89493331786057   occ= 0
MO #840 energy= 1.89921067565863   occ= 0
MO #841 energy= 1.90098341689091   occ= 0
MO #842 energy= 1.90582899919244   occ= 0
MO #843 energy= 1.90911312129211   occ= 0
MO #844 energy= 1.91172096694297   occ= 0
MO #845 energy= 1.91299405347442   occ= 0
MO #846 energy= 1.91492742566687   occ= 0
MO #847 energy= 1.92050219714865   occ= 0
MO #848 energy= 1.9217882303928    occ= 0
MO #849 energy= 1.92566836981364   occ= 0
MO #850 energy= 1.92837543054366   occ= 0
MO #851 energy= 1.93578551079101   occ= 0
MO #852 energy= 1.93753199266519   occ= 0
MO #853 energy= 1.94290336786524   occ= 0
MO #854 energy= 1.94589155603886   occ= 0
MO #855 energy= 1.95767880465598   occ= 0
MO #856 energy= 1.96104856853555   occ= 0
MO #857 energy= 1.96372119502249   occ= 0
MO #858 energy= 1.96399019854049   occ= 0
MO #859 energy= 1.96522896369271   occ= 0
MO #860 energy= 1.96729793620641   occ= 0
MO #861 energy= 1.96858682023915   occ= 0
MO #862 energy= 1.97181158582834   occ= 0
MO #863 energy= 1.97699237723945   occ= 0
MO #864 energy= 1.97888633191495   occ= 0
MO #865 energy= 1.98041754612292   occ= 0
MO #866 energy= 1.98331143947523   occ= 0
MO #867 energy= 1.98877391251321   occ= 0
MO #868 energy= 1.99420171488977   occ= 0
MO #869 energy= 1.99699245884651   occ= 0
MO #870 energy= 1.99857080372896   occ= 0
MO #871 energy= 2.00015934986043   occ= 0
MO #872 energy= 2.00565518679328   occ= 0
MO #873 energy= 2.00672047882332   occ= 0
MO #874 energy= 2.00885732120932   occ= 0
MO #875 energy= 2.00982246931786   occ= 0
MO #876 energy= 2.0123800511833    occ= 0
MO #877 energy= 2.01303758103714   occ= 0
MO #878 energy= 2.01597447115745   occ= 0
MO #879 energy= 2.0169561315917    occ= 0
MO #880 energy= 2.01915140039378   occ= 0
MO #881 energy= 2.02348481140148   occ= 0
MO #882 energy= 2.02724341975168   occ= 0
MO #883 energy= 2.03104565488852   occ= 0
MO #884 energy= 2.03191557959349   occ= 0
MO #885 energy= 2.03504373606276   occ= 0
MO #886 energy= 2.03896550914188   occ= 0
MO #887 energy= 2.04313263145771   occ= 0
MO #888 energy= 2.04528231279125   occ= 0
MO #889 energy= 2.05010888635647   occ= 0
MO #890 energy= 2.05360260159446   occ= 0
MO #891 energy= 2.05842826614758   occ= 0
MO #892 energy= 2.06453403870338   occ= 0
MO #893 energy= 2.06643278575489   occ= 0
MO #894 energy= 2.0765047862917    occ= 0
MO #895 energy= 2.08271168888768   occ= 0
MO #896 energy= 2.08829520649827   occ= 0
MO #897 energy= 2.08981140220169   occ= 0
MO #898 energy= 2.09667087934154   occ= 0
MO #899 energy= 2.09789118371926   occ= 0
MO #900 energy= 2.10298180145363   occ= 0
MO #901 energy= 2.10508220444173   occ= 0
MO #902 energy= 2.11152826709305   occ= 0
MO #903 energy= 2.11658130317136   occ= 0
MO #904 energy= 2.11942517744605   occ= 0
MO #905 energy= 2.12017514616274   occ= 0
MO #906 energy= 2.12727423023972   occ= 0
MO #907 energy= 2.12956953461246   occ= 0
MO #908 energy= 2.13458496558543   occ= 0
MO #909 energy= 2.13816839993961   occ= 0
MO #910 energy= 2.1440016929349    occ= 0
MO #911 energy= 2.1545288183815    occ= 0
MO #912 energy= 2.16095074497106   occ= 0
MO #913 energy= 2.16216455367614   occ= 0
MO #914 energy= 2.16570661046922   occ= 0
MO #915 energy= 2.16777997063514   occ= 0
MO #916 energy= 2.16806653655308   occ= 0
MO #917 energy= 2.16948224610016   occ= 0
MO #918 energy= 2.17362829950075   occ= 0
MO #919 energy= 2.17861388928281   occ= 0
MO #920 energy= 2.18166924104767   occ= 0
MO #921 energy= 2.18835551577452   occ= 0
MO #922 energy= 2.19356874777856   occ= 0
MO #923 energy= 2.19560745816944   occ= 0
MO #924 energy= 2.19621035476691   occ= 0
MO #925 energy= 2.20344739778643   occ= 0
MO #926 energy= 2.21066908173753   occ= 0
MO #927 energy= 2.21156610712006   occ= 0
MO #928 energy= 2.21535384546604   occ= 0
MO #929 energy= 2.22249381969237   occ= 0
MO #930 energy= 2.22914693720726   occ= 0
MO #931 energy= 2.23209242452012   occ= 0
MO #932 energy= 2.23924417666625   occ= 0
MO #933 energy= 2.24287378650008   occ= 0
MO #934 energy= 2.25251196972109   occ= 0
MO #935 energy= 2.25649141255223   occ= 0
MO #936 energy= 2.25956126456004   occ= 0
MO #937 energy= 2.26158053681578   occ= 0
MO #938 energy= 2.26880697596407   occ= 0
MO #939 energy= 2.2725502746741    occ= 0
MO #940 energy= 2.27652193400735   occ= 0
MO #941 energy= 2.2851842899122    occ= 0
MO #942 energy= 2.29653447876386   occ= 0
MO #943 energy= 2.30101169143088   occ= 0
MO #944 energy= 2.30646784114555   occ= 0
MO #945 energy= 2.30846897050616   occ= 0
MO #946 energy= 2.30931253731828   occ= 0
MO #947 energy= 2.3113219401146    occ= 0
MO #948 energy= 2.31326673625181   occ= 0
MO #949 energy= 2.3139072492465    occ= 0
MO #950 energy= 2.31751440431752   occ= 0
MO #951 energy= 2.31844458135964   occ= 0
MO #952 energy= 2.3193097541848    occ= 0
MO #953 energy= 2.32181930606216   occ= 0
MO #954 energy= 2.32453645690686   occ= 0
MO #955 energy= 2.32630311441859   occ= 0
MO #956 energy= 2.327531451458     occ= 0
MO #957 energy= 2.33125787576826   occ= 0
MO #958 energy= 2.33316914297216   occ= 0
MO #959 energy= 2.33430710040287   occ= 0
MO #960 energy= 2.33736855205143   occ= 0
MO #961 energy= 2.33811107905318   occ= 0
MO #962 energy= 2.34225943258562   occ= 0
MO #963 energy= 2.34345207913865   occ= 0
MO #964 energy= 2.34936409594777   occ= 0
MO #965 energy= 2.35156064719548   occ= 0
MO #966 energy= 2.35933783969615   occ= 0
MO #967 energy= 2.36041162565173   occ= 0
MO #968 energy= 2.36643537141775   occ= 0
MO #969 energy= 2.36834870911354   occ= 0
MO #970 energy= 2.36870437556052   occ= 0
MO #971 energy= 2.36978744867526   occ= 0
MO #972 energy= 2.37324227032774   occ= 0
MO #973 energy= 2.3738759283054    occ= 0
MO #974 energy= 2.37740730318232   occ= 0
MO #975 energy= 2.37945221442821   occ= 0
MO #976 energy= 2.38025440274185   occ= 0
MO #977 energy= 2.38247448942708   occ= 0
MO #978 energy= 2.3832764601885    occ= 0
MO #979 energy= 2.38751804055739   occ= 0
MO #980 energy= 2.39153372184119   occ= 0
MO #981 energy= 2.39464805632507   occ= 0
MO #982 energy= 2.4100539161955    occ= 0
MO #983 energy= 2.41431453034309   occ= 0
MO #984 energy= 2.41581741942766   occ= 0
MO #985 energy= 2.42034329103581   occ= 0
MO #986 energy= 2.42710120498875   occ= 0
MO #987 energy= 2.42888703345589   occ= 0
MO #988 energy= 2.43044166770425   occ= 0
MO #989 energy= 2.43258075645442   occ= 0
MO #990 energy= 2.43670667846876   occ= 0
MO #991 energy= 2.45238612037816   occ= 0
MO #992 energy= 2.47117016312442   occ= 0
MO #993 energy= 2.48159657759688   occ= 0
MO #994 energy= 2.48982911379295   occ= 0
MO #995 energy= 2.50195664695987   occ= 0
MO #996 energy= 2.51927391102113   occ= 0
MO #997 energy= 2.54283243059135   occ= 0
MO #998 energy= 2.55378781740173   occ= 0
MO #999 energy= 2.56010884954929   occ= 0
MO #1000 energy= 2.5601587250874    occ= 0
MO #1001 energy= 2.56444267801559   occ= 0
MO #1002 energy= 2.56705921870623   occ= 0
MO #1003 energy= 2.56838352437312   occ= 0
MO #1004 energy= 2.57027772860832   occ= 0
MO #1005 energy= 2.5735948419297    occ= 0
MO #1006 energy= 2.58399322913347   occ= 0
MO #1007 energy= 2.59241629106218   occ= 0
MO #1008 energy= 2.5987254832929    occ= 0
MO #1009 energy= 2.60609981603121   occ= 0
MO #1010 energy= 2.61228849355114   occ= 0
MO #1011 energy= 2.62523671433671   occ= 0
MO #1012 energy= 2.62738013077244   occ= 0
MO #1013 energy= 2.63219106295848   occ= 0
MO #1014 energy= 2.63516151633404   occ= 0
MO #1015 energy= 2.6372109698725    occ= 0
MO #1016 energy= 2.63966785913701   occ= 0
MO #1017 energy= 2.63993719213521   occ= 0
MO #1018 energy= 2.64213917108182   occ= 0
MO #1019 energy= 2.64350650842022   occ= 0
MO #1020 energy= 2.64605682906285   occ= 0
MO #1021 energy= 2.64730006311193   occ= 0
MO #1022 energy= 2.65015357859589   occ= 0
MO #1023 energy= 2.6510631271118    occ= 0
MO #1024 energy= 2.65298424448036   occ= 0
MO #1025 energy= 2.65487546273308   occ= 0
MO #1026 energy= 2.65617494178116   occ= 0
MO #1027 energy= 2.65841853323573   occ= 0
MO #1028 energy= 2.6619573000088    occ= 0
MO #1029 energy= 2.6696458000323    occ= 0
MO #1030 energy= 2.67456025522583   occ= 0
MO #1031 energy= 2.67641209607094   occ= 0
MO #1032 energy= 2.67949430772029   occ= 0
MO #1033 energy= 2.68029599299944   occ= 0
MO #1034 energy= 2.68061773689037   occ= 0
MO #1035 energy= 2.68199041818416   occ= 0
MO #1036 energy= 2.69082484384276   occ= 0
MO #1037 energy= 2.70384929110641   occ= 0
MO #1038 energy= 2.70749299366301   occ= 0
MO #1039 energy= 2.71818946135509   occ= 0
MO #1040 energy= 2.72741113970835   occ= 0
MO #1041 energy= 2.73050867836066   occ= 0
MO #1042 energy= 2.74085162533598   occ= 0
MO #1043 energy= 2.74831207414717   occ= 0
MO #1044 energy= 2.75013468586958   occ= 0
MO #1045 energy= 2.75161906929947   occ= 0
MO #1046 energy= 2.75402482957293   occ= 0
MO #1047 energy= 2.75710377941392   occ= 0
MO #1048 energy= 2.75805854632904   occ= 0
MO #1049 energy= 2.75978617152139   occ= 0
MO #1050 energy= 2.76103586337258   occ= 0
MO #1051 energy= 2.7626642502959    occ= 0
MO #1052 energy= 2.76600137639073   occ= 0
MO #1053 energy= 2.76770862666495   occ= 0
MO #1054 energy= 2.7712460358654    occ= 0
MO #1055 energy= 2.77793807865527   occ= 0
MO #1056 energy= 2.79262377686665   occ= 0
MO #1057 energy= 2.80065749932983   occ= 0
MO #1058 energy= 2.81514223186979   occ= 0
MO #1059 energy= 2.83005724007735   occ= 0
MO #1060 energy= 2.84194647844536   occ= 0
MO #1061 energy= 2.85052647361818   occ= 0
MO #1062 energy= 2.85499982632366   occ= 0
MO #1063 energy= 2.85659933399634   occ= 0
MO #1064 energy= 2.85985110823976   occ= 0
MO #1065 energy= 2.86099919571228   occ= 0
MO #1066 energy= 2.86742113700901   occ= 0
MO #1067 energy= 2.86866653570461   occ= 0
MO #1068 energy= 2.87150211972303   occ= 0
MO #1069 energy= 2.87570066836291   occ= 0
MO #1070 energy= 2.88628610225189   occ= 0
MO #1071 energy= 2.90214238270042   occ= 0
MO #1072 energy= 2.9032239138823    occ= 0
MO #1073 energy= 2.90789124915012   occ= 0
MO #1074 energy= 2.90974165556209   occ= 0
MO #1075 energy= 2.91676020808596   occ= 0
MO #1076 energy= 2.91707136507185   occ= 0
MO #1077 energy= 2.9202559769749    occ= 0
MO #1078 energy= 2.92254070728901   occ= 0
MO #1079 energy= 2.92345674526529   occ= 0
MO #1080 energy= 2.92377595067708   occ= 0
MO #1081 energy= 2.92997546033002   occ= 0
MO #1082 energy= 2.93071450609459   occ= 0
MO #1083 energy= 2.93298811608925   occ= 0
MO #1084 energy= 2.93472118239625   occ= 0
MO #1085 energy= 2.93968267666818   occ= 0
MO #1086 energy= 2.94503806557705   occ= 0
MO #1087 energy= 2.94803246283053   occ= 0
MO #1088 energy= 2.95856117216194   occ= 0
MO #1089 energy= 2.96678544733343   occ= 0
MO #1090 energy= 2.97482401652959   occ= 0
MO #1091 energy= 2.98869683309661   occ= 0
MO #1092 energy= 2.99809414053894   occ= 0
MO #1093 energy= 3.00805295189916   occ= 0
MO #1094 energy= 3.02154377649051   occ= 0
MO #1095 energy= 3.0251027694652    occ= 0
MO #1096 energy= 3.03540988993634   occ= 0
MO #1097 energy= 3.04723184954777   occ= 0
MO #1098 energy= 3.05176201423086   occ= 0
MO #1099 energy= 3.05628131604242   occ= 0
MO #1100 energy= 3.06141718249543   occ= 0
MO #1101 energy= 3.06397863464017   occ= 0
MO #1102 energy= 3.06512685423888   occ= 0
MO #1103 energy= 3.06758612076439   occ= 0
MO #1104 energy= 3.07157527524198   occ= 0
MO #1105 energy= 3.07279362443119   occ= 0
MO #1106 energy= 3.07456654260307   occ= 0
MO #1107 energy= 3.08446505301137   occ= 0
MO #1108 energy= 3.09708413933256   occ= 0
MO #1109 energy= 3.10807844769201   occ= 0
MO #1110 energy= 3.14111626885035   occ= 0
MO #1111 energy= 3.14446489342936   occ= 0
MO #1112 energy= 3.14886984775973   occ= 0
MO #1113 energy= 3.15056080488934   occ= 0
MO #1114 energy= 3.15322366135508   occ= 0
MO #1115 energy= 3.1564287026428    occ= 0
MO #1116 energy= 3.15897671847504   occ= 0
MO #1117 energy= 3.16186494099044   occ= 0
MO #1118 energy= 3.19924163531089   occ= 0
MO #1119 energy= 3.23977892349115   occ= 0
MO #1120 energy= 3.24624345501253   occ= 0
MO #1121 energy= 3.24711998697812   occ= 0
MO #1122 energy= 3.24853978712258   occ= 0
MO #1123 energy= 3.25282947646623   occ= 0
MO #1124 energy= 3.25381473761348   occ= 0
MO #1125 energy= 3.26416608050685   occ= 0
MO #1126 energy= 3.28926307487567   occ= 0
MO #1127 energy= 3.33939307921511   occ= 0
MO #1128 energy= 3.37807554491782   occ= 0
MO #1129 energy= 3.38574398144874   occ= 0
MO #1130 energy= 3.48051696387874   occ= 0
MO #1131 energy= 3.57849036733079   occ= 0
MO #1132 energy= 3.62466210677804   occ= 0
MO #1133 energy= 3.64131675242265   occ= 0
MO #1134 energy= 3.64946521311477   occ= 0
MO #1135 energy= 3.65206951390667   occ= 0
MO #1136 energy= 3.65708404615969   occ= 0
MO #1137 energy= 3.65964955780054   occ= 0
MO #1138 energy= 3.66009725058108   occ= 0
MO #1139 energy= 3.79644557971142   occ= 0
 ** Mulliken atomic charges  **
charge of  0O =     -0.80232
charge of  1P =      1.76752
charge of  2O =     -0.64847
charge of  3O =     -0.53706
charge of  4C =      0.19150
charge of  5C =     -0.24847
charge of  6Si =      0.84669
charge of  7C =     -0.22088
charge of  8C =     -0.09343
charge of  9C =     -0.10406
charge of  10C =     -0.09588
charge of  11C =     -0.10217
charge of  12C =     -0.08428
charge of  13C =     -0.22456
charge of  14C =     -0.09436
charge of  15C =     -0.10406
charge of  16C =     -0.09764
charge of  17C =     -0.10322
charge of  18C =     -0.09553
charge of  19C =     -0.21455
charge of  20C =     -0.08518
charge of  21C =     -0.10418
charge of  22C =     -0.10196
charge of  23C =     -0.10115
charge of  24C =     -0.08343
charge of  25C =     -0.09822
charge of  26C =      0.00343
charge of  27C =      0.01220
charge of  28C =     -0.17934
charge of  29C =     -0.16327
charge of  30C =     -0.15972
charge of  31C =     -0.17069
charge of  32C =     -0.03481
charge of  33C =     -0.03536
charge of  34C =      0.18238
charge of  35O =     -0.54939
charge of  36C =     -0.23790
charge of  37Si =      0.84949
charge of  38C =     -0.22399
charge of  39C =     -0.09416
charge of  40C =     -0.10316
charge of  41C =     -0.09645
charge of  42C =     -0.10306
charge of  43C =     -0.09462
charge of  44C =     -0.22758
charge of  45C =     -0.09689
charge of  46C =     -0.10330
charge of  47C =     -0.09694
charge of  48C =     -0.10602
charge of  49C =     -0.09627
charge of  50C =     -0.21766
charge of  51C =     -0.07774
charge of  52C =     -0.10908
charge of  53C =     -0.11324
charge of  54C =     -0.12561
charge of  55C =     -0.07433
charge of  56C =     -0.09320
charge of  57C =     -0.00082
charge of  58C =      0.00521
charge of  59C =     -0.17006
charge of  60C =     -0.15797
charge of  61C =     -0.15942
charge of  62C =     -0.16889
charge of  63H =      0.34616
charge of  64H =      0.09651
charge of  65H =      0.09966
charge of  66H =      0.10009
charge of  67H =      0.09935
charge of  68H =      0.09931
charge of  69H =      0.09541
charge of  70H =      0.09930
charge of  71H =      0.10004
charge of  72H =      0.09941
charge of  73H =      0.10055
charge of  74H =      0.10207
charge of  75H =      0.09871
charge of  76H =      0.09681
charge of  77H =      0.09787
charge of  78H =      0.09402
charge of  79H =      0.10417
charge of  80H =      0.10016
charge of  81H =      0.10170
charge of  82H =      0.08715
charge of  83H =      0.08487
charge of  84H =      0.08586
charge of  85H =      0.08809
charge of  86H =      0.09360
charge of  87H =      0.09025
charge of  88H =      0.09822
charge of  89H =      0.09915
charge of  90H =      0.10067
charge of  91H =      0.10040
charge of  92H =      0.09767
charge of  93H =      0.12106
charge of  94H =      0.10021
charge of  95H =      0.09889
charge of  96H =      0.09820
charge of  97H =      0.09870
charge of  98H =      0.10341
charge of  99H =      0.10355
charge of  100H =      0.10412
charge of  101H =      0.10512
charge of  102H =      0.11461
charge of  103H =      0.09981
charge of  104H =      0.10017
charge of  105H =      0.09170
charge of  106H =      0.08385
charge of  107H =      0.08726
charge of  108H =      0.07921
charge of  109H =      0.08807
charge of  110H =      0.09523
charge of  111H =      0.09720
Dipole moment(X, Y, Z, Debye):  2.07725,  2.00694, -1.35060
def2-svp b3lyp 337.29706168174744
