/public3/home/scg5914/software-scg5914/LSW/1/data/data2/std_data/def2svp_b3lyp/cat_39.xyz
converged SCF energy = -2993.38940870096
**** MO energy ****
MO #1   energy= -77.2211657444745  occ= 2
MO #2   energy= -66.1110743750344  occ= 2
MO #3   energy= -66.1043196930637  occ= 2
MO #4   energy= -19.1847702104435  occ= 2
MO #5   energy= -19.1834201206025  occ= 2
MO #6   energy= -19.1725183499502  occ= 2
MO #7   energy= -19.0896848241514  occ= 2
MO #8   energy= -10.2607167113792  occ= 2
MO #9   energy= -10.2563560300913  occ= 2
MO #10  energy= -10.2075392834489  occ= 2
MO #11  energy= -10.2052123005097  occ= 2
MO #12  energy= -10.2050440909232  occ= 2
MO #13  energy= -10.2023808163458  occ= 2
MO #14  energy= -10.1998822317052  occ= 2
MO #15  energy= -10.1983319388387  occ= 2
MO #16  energy= -10.1965728129165  occ= 2
MO #17  energy= -10.1945869928845  occ= 2
MO #18  energy= -10.194289025338   occ= 2
MO #19  energy= -10.193861721799   occ= 2
MO #20  energy= -10.192762351182   occ= 2
MO #21  energy= -10.1913685453232  occ= 2
MO #22  energy= -10.1911228919317  occ= 2
MO #23  energy= -10.1909003094538  occ= 2
MO #24  energy= -10.1896525430366  occ= 2
MO #25  energy= -10.1888943221858  occ= 2
MO #26  energy= -10.1881734836893  occ= 2
MO #27  energy= -10.1878375098119  occ= 2
MO #28  energy= -10.1871287117654  occ= 2
MO #29  energy= -10.1864264521926  occ= 2
MO #30  energy= -10.1859167902638  occ= 2
MO #31  energy= -10.1829384401553  occ= 2
MO #32  energy= -10.1824153566125  occ= 2
MO #33  energy= -10.1814036671493  occ= 2
MO #34  energy= -10.1809340433753  occ= 2
MO #35  energy= -10.1804553221448  occ= 2
MO #36  energy= -10.1804286752896  occ= 2
MO #37  energy= -10.1802602825915  occ= 2
MO #38  energy= -10.1799234802782  occ= 2
MO #39  energy= -10.1794007983473  occ= 2
MO #40  energy= -10.1788341946421  occ= 2
MO #41  energy= -10.1777741129652  occ= 2
MO #42  energy= -10.1774805336386  occ= 2
MO #43  energy= -10.1755275489747  occ= 2
MO #44  energy= -10.1751201808205  occ= 2
MO #45  energy= -10.1742090202205  occ= 2
MO #46  energy= -10.1726933762896  occ= 2
MO #47  energy= -10.1718502499688  occ= 2
MO #48  energy= -10.171325682879   occ= 2
MO #49  energy= -10.1660361215138  occ= 2
MO #50  energy= -10.1641816496191  occ= 2
MO #51  energy= -10.1640245616326  occ= 2
MO #52  energy= -10.1617764047032  occ= 2
MO #53  energy= -10.1480412701557  occ= 2
MO #54  energy= -6.69623029236745  occ= 2
MO #55  energy= -5.27398830791592  occ= 2
MO #56  energy= -5.26751893416811  occ= 2
MO #57  energy= -4.86397163765297  occ= 2
MO #58  energy= -4.86357558680634  occ= 2
MO #59  energy= -4.86124553539631  occ= 2
MO #60  energy= -3.63658239706128  occ= 2
MO #61  energy= -3.63578821057494  occ= 2
MO #62  energy= -3.635354717318    occ= 2
MO #63  energy= -3.63002680890744  occ= 2
MO #64  energy= -3.6294841425814   occ= 2
MO #65  energy= -3.62874799373329  occ= 2
MO #66  energy= -1.12027725075427  occ= 2
MO #67  energy= -1.05959859470742  occ= 2
MO #68  energy= -1.04428875213218  occ= 2
MO #69  energy= -0.964254030111757 occ= 2
MO #70  energy= -0.890168043789594 occ= 2
MO #71  energy= -0.875410890300241 occ= 2
MO #72  energy= -0.851579780075165 occ= 2
MO #73  energy= -0.84543999950755  occ= 2
MO #74  energy= -0.843083785892104 occ= 2
MO #75  energy= -0.838740378320595 occ= 2
MO #76  energy= -0.83276309609933  occ= 2
MO #77  energy= -0.821790098771532 occ= 2
MO #78  energy= -0.799705347303023 occ= 2
MO #79  energy= -0.762863372813543 occ= 2
MO #80  energy= -0.751225270183196 occ= 2
MO #81  energy= -0.745667413874253 occ= 2
MO #82  energy= -0.742391933071472 occ= 2
MO #83  energy= -0.741481199581094 occ= 2
MO #84  energy= -0.73722539130625  occ= 2
MO #85  energy= -0.735142027577435 occ= 2
MO #86  energy= -0.734002562991542 occ= 2
MO #87  energy= -0.732615829988326 occ= 2
MO #88  energy= -0.729287716144305 occ= 2
MO #89  energy= -0.72833823676355  occ= 2
MO #90  energy= -0.726445929081709 occ= 2
MO #91  energy= -0.710235815437499 occ= 2
MO #92  energy= -0.684207536482125 occ= 2
MO #93  energy= -0.675491709815798 occ= 2
MO #94  energy= -0.672383210484782 occ= 2
MO #95  energy= -0.637338417461231 occ= 2
MO #96  energy= -0.636290660601064 occ= 2
MO #97  energy= -0.620125235556261 occ= 2
MO #98  energy= -0.616817273144673 occ= 2
MO #99  energy= -0.605495512114129 occ= 2
MO #100 energy= -0.600713868528106 occ= 2
MO #101 energy= -0.598534592397294 occ= 2
MO #102 energy= -0.595882638830457 occ= 2
MO #103 energy= -0.594002053235162 occ= 2
MO #104 energy= -0.59094220153289  occ= 2
MO #105 energy= -0.587794453742908 occ= 2
MO #106 energy= -0.584908151849926 occ= 2
MO #107 energy= -0.583936298165273 occ= 2
MO #108 energy= -0.58132448399445  occ= 2
MO #109 energy= -0.57361672578573  occ= 2
MO #110 energy= -0.561644276396527 occ= 2
MO #111 energy= -0.539900160124153 occ= 2
MO #112 energy= -0.534883720061299 occ= 2
MO #113 energy= -0.529413604880753 occ= 2
MO #114 energy= -0.522475394410723 occ= 2
MO #115 energy= -0.515786025742547 occ= 2
MO #116 energy= -0.511940034082303 occ= 2
MO #117 energy= -0.508796734194287 occ= 2
MO #118 energy= -0.494050430144284 occ= 2
MO #119 energy= -0.489607013059274 occ= 2
MO #120 energy= -0.485160990497834 occ= 2
MO #121 energy= -0.473900398603084 occ= 2
MO #122 energy= -0.465840241496918 occ= 2
MO #123 energy= -0.46263726135316  occ= 2
MO #124 energy= -0.459577822075054 occ= 2
MO #125 energy= -0.454503426029635 occ= 2
MO #126 energy= -0.450369470190246 occ= 2
MO #127 energy= -0.448480042406211 occ= 2
MO #128 energy= -0.447220293814815 occ= 2
MO #129 energy= -0.446319311862348 occ= 2
MO #130 energy= -0.445011045656911 occ= 2
MO #131 energy= -0.443639395034682 occ= 2
MO #132 energy= -0.441289890071886 occ= 2
MO #133 energy= -0.440100237899808 occ= 2
MO #134 energy= -0.437382315152677 occ= 2
MO #135 energy= -0.434433555493164 occ= 2
MO #136 energy= -0.432441885853258 occ= 2
MO #137 energy= -0.429255820213778 occ= 2
MO #138 energy= -0.423756266423901 occ= 2
MO #139 energy= -0.419979837607172 occ= 2
MO #140 energy= -0.417375083593516 occ= 2
MO #141 energy= -0.416128160574841 occ= 2
MO #142 energy= -0.415320562849109 occ= 2
MO #143 energy= -0.411563880395665 occ= 2
MO #144 energy= -0.411148548580037 occ= 2
MO #145 energy= -0.404208096053824 occ= 2
MO #146 energy= -0.403213927424042 occ= 2
MO #147 energy= -0.401277244717552 occ= 2
MO #148 energy= -0.39745813712626  occ= 2
MO #149 energy= -0.395858928172507 occ= 2
MO #150 energy= -0.390267523448319 occ= 2
MO #151 energy= -0.387827941828941 occ= 2
MO #152 energy= -0.383375229396516 occ= 2
MO #153 energy= -0.382645498495725 occ= 2
MO #154 energy= -0.378532817234028 occ= 2
MO #155 energy= -0.376882116563629 occ= 2
MO #156 energy= -0.372815676244229 occ= 2
MO #157 energy= -0.37064135692286  occ= 2
MO #158 energy= -0.370003572343817 occ= 2
MO #159 energy= -0.368027756350155 occ= 2
MO #160 energy= -0.364797059529405 occ= 2
MO #161 energy= -0.362864789211123 occ= 2
MO #162 energy= -0.360209883475863 occ= 2
MO #163 energy= -0.353742245186826 occ= 2
MO #164 energy= -0.349118699530077 occ= 2
MO #165 energy= -0.345214554060823 occ= 2
MO #166 energy= -0.343301405095756 occ= 2
MO #167 energy= -0.341497096274207 occ= 2
MO #168 energy= -0.339182351378773 occ= 2
MO #169 energy= -0.33629877953269  occ= 2
MO #170 energy= -0.335991518564221 occ= 2
MO #171 energy= -0.333324813371134 occ= 2
MO #172 energy= -0.330891364362105 occ= 2
MO #173 energy= -0.314127431608417 occ= 2
MO #174 energy= -0.308192788661093 occ= 2
MO #175 energy= -0.306208995042318 occ= 2
MO #176 energy= -0.304992317060591 occ= 2
MO #177 energy= -0.300822650964749 occ= 2
MO #178 energy= -0.299254864356292 occ= 2
MO #179 energy= -0.293671944863401 occ= 2
MO #180 energy= -0.292085912918937 occ= 2
MO #181 energy= -0.290361862324524 occ= 2
MO #182 energy= -0.28893819048454  occ= 2
MO #183 energy= -0.258817505923239 occ= 2
MO #184 energy= -0.258197262693235 occ= 2
MO #185 energy= -0.254165587062595 occ= 2
MO #186 energy= -0.253608198921434 occ= 2
MO #187 energy= -0.251254210360899 occ= 2
MO #188 energy= -0.250456962752887 occ= 2
MO #189 energy= -0.24916969435845  occ= 2
MO #190 energy= -0.247160848442559 occ= 2
MO #191 energy= -0.243605989917894 occ= 2
MO #192 energy= -0.242245161942701 occ= 2
MO #193 energy= -0.230928889285867 occ= 2
MO #194 energy= -0.219647530100815 occ= 2
MO #195 energy= -0.0618552403896426 occ= 0
MO #196 energy= -0.0504521502524426 occ= 0
MO #197 energy= -0.0292282848307093 occ= 0
MO #198 energy= -0.0233370021471863 occ= 0
MO #199 energy= -0.0193519827731783 occ= 0
MO #200 energy= -0.0109726828071611 occ= 0
MO #201 energy= -0.010178743198468 occ= 0
MO #202 energy= -0.00930627863863566 occ= 0
MO #203 energy= -0.00508954945744477 occ= 0
MO #204 energy= -0.00390119059094403 occ= 0
MO #205 energy= 0.00352779776887153 occ= 0
MO #206 energy= 0.00461903622559898 occ= 0
MO #207 energy= 0.011970246911205  occ= 0
MO #208 energy= 0.0255717895342471 occ= 0
MO #209 energy= 0.036722455735552  occ= 0
MO #210 energy= 0.0607832897297806 occ= 0
MO #211 energy= 0.0617726839282193 occ= 0
MO #212 energy= 0.065825024605169  occ= 0
MO #213 energy= 0.0691816032104569 occ= 0
MO #214 energy= 0.0699899563715026 occ= 0
MO #215 energy= 0.0708068573795432 occ= 0
MO #216 energy= 0.0749145080319671 occ= 0
MO #217 energy= 0.076195337258854  occ= 0
MO #218 energy= 0.0826809321355789 occ= 0
MO #219 energy= 0.0860968172246507 occ= 0
MO #220 energy= 0.0929250969693141 occ= 0
MO #221 energy= 0.096664009865377  occ= 0
MO #222 energy= 0.0989814886177546 occ= 0
MO #223 energy= 0.101300328668325  occ= 0
MO #224 energy= 0.102231676274513  occ= 0
MO #225 energy= 0.103145880720851  occ= 0
MO #226 energy= 0.107507372170195  occ= 0
MO #227 energy= 0.110093910963035  occ= 0
MO #228 energy= 0.112855899807784  occ= 0
MO #229 energy= 0.113522601799749  occ= 0
MO #230 energy= 0.119130423177277  occ= 0
MO #231 energy= 0.123160266352192  occ= 0
MO #232 energy= 0.124524536316441  occ= 0
MO #233 energy= 0.126282557235857  occ= 0
MO #234 energy= 0.129288021078217  occ= 0
MO #235 energy= 0.131152501103527  occ= 0
MO #236 energy= 0.133864309267515  occ= 0
MO #237 energy= 0.134388786845173  occ= 0
MO #238 energy= 0.137026157448285  occ= 0
MO #239 energy= 0.139826919239163  occ= 0
MO #240 energy= 0.14293095593029   occ= 0
MO #241 energy= 0.144279378094448  occ= 0
MO #242 energy= 0.148429747234702  occ= 0
MO #243 energy= 0.14915114780304   occ= 0
MO #244 energy= 0.150653336830868  occ= 0
MO #245 energy= 0.154104428650771  occ= 0
MO #246 energy= 0.158636663356069  occ= 0
MO #247 energy= 0.159449998003655  occ= 0
MO #248 energy= 0.1618054088178    occ= 0
MO #249 energy= 0.163270810087712  occ= 0
MO #250 energy= 0.16491505049151   occ= 0
MO #251 energy= 0.167811623815074  occ= 0
MO #252 energy= 0.168835359277647  occ= 0
MO #253 energy= 0.173344632138081  occ= 0
MO #254 energy= 0.175219001404407  occ= 0
MO #255 energy= 0.177606354875622  occ= 0
MO #256 energy= 0.18178482419713   occ= 0
MO #257 energy= 0.185573392544778  occ= 0
MO #258 energy= 0.187424830289403  occ= 0
MO #259 energy= 0.190027511770341  occ= 0
MO #260 energy= 0.195188076448441  occ= 0
MO #261 energy= 0.199015591809017  occ= 0
MO #262 energy= 0.202573947570814  occ= 0
MO #263 energy= 0.20782105318973   occ= 0
MO #264 energy= 0.212423156747659  occ= 0
MO #265 energy= 0.217481264115277  occ= 0
MO #266 energy= 0.223795040071817  occ= 0
MO #267 energy= 0.236371705286436  occ= 0
MO #268 energy= 0.249949768750537  occ= 0
MO #269 energy= 0.25271814239266   occ= 0
MO #270 energy= 0.25900333046109   occ= 0
MO #271 energy= 0.266600753339818  occ= 0
MO #272 energy= 0.272200171558457  occ= 0
MO #273 energy= 0.275175011121464  occ= 0
MO #274 energy= 0.279874969504652  occ= 0
MO #275 energy= 0.282026414628718  occ= 0
MO #276 energy= 0.284704744726794  occ= 0
MO #277 energy= 0.288988990754724  occ= 0
MO #278 energy= 0.292164048166212  occ= 0
MO #279 energy= 0.295413921131351  occ= 0
MO #280 energy= 0.295566229797877  occ= 0
MO #281 energy= 0.298637040833364  occ= 0
MO #282 energy= 0.299588507118121  occ= 0
MO #283 energy= 0.300927155019079  occ= 0
MO #284 energy= 0.302179268776357  occ= 0
MO #285 energy= 0.304214080145102  occ= 0
MO #286 energy= 0.306752740438853  occ= 0
MO #287 energy= 0.309299832662816  occ= 0
MO #288 energy= 0.311382509585215  occ= 0
MO #289 energy= 0.312577975678115  occ= 0
MO #290 energy= 0.314722001674277  occ= 0
MO #291 energy= 0.317126018025035  occ= 0
MO #292 energy= 0.323801221625447  occ= 0
MO #293 energy= 0.325486908885057  occ= 0
MO #294 energy= 0.326575594070356  occ= 0
MO #295 energy= 0.327816829403104  occ= 0
MO #296 energy= 0.335272157684276  occ= 0
MO #297 energy= 0.340128991886305  occ= 0
MO #298 energy= 0.341783777767436  occ= 0
MO #299 energy= 0.343463107441171  occ= 0
MO #300 energy= 0.352726010474585  occ= 0
MO #301 energy= 0.354760733215902  occ= 0
MO #302 energy= 0.364538356298853  occ= 0
MO #303 energy= 0.367098326736519  occ= 0
MO #304 energy= 0.369593434475853  occ= 0
MO #305 energy= 0.372383703401997  occ= 0
MO #306 energy= 0.373122485333919  occ= 0
MO #307 energy= 0.381050074714884  occ= 0
MO #308 energy= 0.382408133952692  occ= 0
MO #309 energy= 0.385994231614405  occ= 0
MO #310 energy= 0.387566830316325  occ= 0
MO #311 energy= 0.390058132046901  occ= 0
MO #312 energy= 0.392738245729765  occ= 0
MO #313 energy= 0.398988866217237  occ= 0
MO #314 energy= 0.40061407217935   occ= 0
MO #315 energy= 0.404712542247088  occ= 0
MO #316 energy= 0.40897121427173   occ= 0
MO #317 energy= 0.414441779444716  occ= 0
MO #318 energy= 0.417932200658743  occ= 0
MO #319 energy= 0.418517695372369  occ= 0
MO #320 energy= 0.419674155834659  occ= 0
MO #321 energy= 0.423025810957607  occ= 0
MO #322 energy= 0.429369466220324  occ= 0
MO #323 energy= 0.433646973474447  occ= 0
MO #324 energy= 0.434571144167589  occ= 0
MO #325 energy= 0.436896253586084  occ= 0
MO #326 energy= 0.445110585705378  occ= 0
MO #327 energy= 0.446934905961278  occ= 0
MO #328 energy= 0.448775800433367  occ= 0
MO #329 energy= 0.449440115983737  occ= 0
MO #330 energy= 0.455341973901384  occ= 0
MO #331 energy= 0.456539713395803  occ= 0
MO #332 energy= 0.460672590883998  occ= 0
MO #333 energy= 0.464577299142199  occ= 0
MO #334 energy= 0.465249671009114  occ= 0
MO #335 energy= 0.468457869950637  occ= 0
MO #336 energy= 0.470321336720097  occ= 0
MO #337 energy= 0.470619431324912  occ= 0
MO #338 energy= 0.473728770843222  occ= 0
MO #339 energy= 0.476573484792241  occ= 0
MO #340 energy= 0.479854510124001  occ= 0
MO #341 energy= 0.48047756620322   occ= 0
MO #342 energy= 0.481410487309871  occ= 0
MO #343 energy= 0.482040058548215  occ= 0
MO #344 energy= 0.483649376868322  occ= 0
MO #345 energy= 0.484944694825642  occ= 0
MO #346 energy= 0.486397318837223  occ= 0
MO #347 energy= 0.488276729811984  occ= 0
MO #348 energy= 0.48916190051365   occ= 0
MO #349 energy= 0.490697439082862  occ= 0
MO #350 energy= 0.49267042378726   occ= 0
MO #351 energy= 0.493198690554765  occ= 0
MO #352 energy= 0.494742965193046  occ= 0
MO #353 energy= 0.49878368926313   occ= 0
MO #354 energy= 0.500671859597876  occ= 0
MO #355 energy= 0.502174422713537  occ= 0
MO #356 energy= 0.506277682717425  occ= 0
MO #357 energy= 0.50662020296685   occ= 0
MO #358 energy= 0.508993874579808  occ= 0
MO #359 energy= 0.510983128171729  occ= 0
MO #360 energy= 0.520087887738018  occ= 0
MO #361 energy= 0.520399603588043  occ= 0
MO #362 energy= 0.524565490178578  occ= 0
MO #363 energy= 0.531081317899089  occ= 0
MO #364 energy= 0.534129457439884  occ= 0
MO #365 energy= 0.53742654650613   occ= 0
MO #366 energy= 0.541320096635581  occ= 0
MO #367 energy= 0.544311764402983  occ= 0
MO #368 energy= 0.545655620937052  occ= 0
MO #369 energy= 0.547927974166408  occ= 0
MO #370 energy= 0.553963002299634  occ= 0
MO #371 energy= 0.554888190177211  occ= 0
MO #372 energy= 0.556126283563007  occ= 0
MO #373 energy= 0.560992341655227  occ= 0
MO #374 energy= 0.564396390991772  occ= 0
MO #375 energy= 0.565982032207141  occ= 0
MO #376 energy= 0.568357981747846  occ= 0
MO #377 energy= 0.571542932492114  occ= 0
MO #378 energy= 0.574210656531291  occ= 0
MO #379 energy= 0.577090616998148  occ= 0
MO #380 energy= 0.580047538332998  occ= 0
MO #381 energy= 0.584814631004031  occ= 0
MO #382 energy= 0.585370396890182  occ= 0
MO #383 energy= 0.587686304124029  occ= 0
MO #384 energy= 0.58970864338952   occ= 0
MO #385 energy= 0.593080164247959  occ= 0
MO #386 energy= 0.597716682980957  occ= 0
MO #387 energy= 0.602959656699276  occ= 0
MO #388 energy= 0.608932357699906  occ= 0
MO #389 energy= 0.610467186753875  occ= 0
MO #390 energy= 0.615661067742168  occ= 0
MO #391 energy= 0.618090332699144  occ= 0
MO #392 energy= 0.620627334285281  occ= 0
MO #393 energy= 0.626003394376093  occ= 0
MO #394 energy= 0.626373954999112  occ= 0
MO #395 energy= 0.632220196485821  occ= 0
MO #396 energy= 0.633007443723488  occ= 0
MO #397 energy= 0.635897221016425  occ= 0
MO #398 energy= 0.640088960983554  occ= 0
MO #399 energy= 0.641736158870879  occ= 0
MO #400 energy= 0.642958749415172  occ= 0
MO #401 energy= 0.646185689923004  occ= 0
MO #402 energy= 0.648818375453111  occ= 0
MO #403 energy= 0.651379361244207  occ= 0
MO #404 energy= 0.654332266217011  occ= 0
MO #405 energy= 0.657117209092153  occ= 0
MO #406 energy= 0.660021743091694  occ= 0
MO #407 energy= 0.661255273425842  occ= 0
MO #408 energy= 0.662308571510718  occ= 0
MO #409 energy= 0.66492980831569   occ= 0
MO #410 energy= 0.667413390753343  occ= 0
MO #411 energy= 0.670270949291341  occ= 0
MO #412 energy= 0.671435261416692  occ= 0
MO #413 energy= 0.672265381511123  occ= 0
MO #414 energy= 0.67461211897251   occ= 0
MO #415 energy= 0.675248522986805  occ= 0
MO #416 energy= 0.681058865665511  occ= 0
MO #417 energy= 0.682149486048623  occ= 0
MO #418 energy= 0.68428212766475   occ= 0
MO #419 energy= 0.687159532553349  occ= 0
MO #420 energy= 0.687984980530463  occ= 0
MO #421 energy= 0.690567921753537  occ= 0
MO #422 energy= 0.691092933811912  occ= 0
MO #423 energy= 0.69369534190846   occ= 0
MO #424 energy= 0.697380354681696  occ= 0
MO #425 energy= 0.698142942176525  occ= 0
MO #426 energy= 0.700678675166104  occ= 0
MO #427 energy= 0.702214427418498  occ= 0
MO #428 energy= 0.703684683314778  occ= 0
MO #429 energy= 0.704993931689837  occ= 0
MO #430 energy= 0.708858889444756  occ= 0
MO #431 energy= 0.710868498282323  occ= 0
MO #432 energy= 0.712544235741283  occ= 0
MO #433 energy= 0.714074719783853  occ= 0
MO #434 energy= 0.715802927083343  occ= 0
MO #435 energy= 0.719951924068228  occ= 0
MO #436 energy= 0.721115223275312  occ= 0
MO #437 energy= 0.724937588078161  occ= 0
MO #438 energy= 0.727299162737838  occ= 0
MO #439 energy= 0.730162185428553  occ= 0
MO #440 energy= 0.731128268162162  occ= 0
MO #441 energy= 0.73316136462118   occ= 0
MO #442 energy= 0.735882435876883  occ= 0
MO #443 energy= 0.738309984287906  occ= 0
MO #444 energy= 0.74005245854515   occ= 0
MO #445 energy= 0.743040567523255  occ= 0
MO #446 energy= 0.744604057083963  occ= 0
MO #447 energy= 0.74745335331676   occ= 0
MO #448 energy= 0.748505182235163  occ= 0
MO #449 energy= 0.748897696636578  occ= 0
MO #450 energy= 0.750794417645668  occ= 0
MO #451 energy= 0.752573258641133  occ= 0
MO #452 energy= 0.756330223393269  occ= 0
MO #453 energy= 0.759913477731374  occ= 0
MO #454 energy= 0.761539359399956  occ= 0
MO #455 energy= 0.764227397115298  occ= 0
MO #456 energy= 0.767107379851635  occ= 0
MO #457 energy= 0.770882517360338  occ= 0
MO #458 energy= 0.773011227141307  occ= 0
MO #459 energy= 0.777025841653756  occ= 0
MO #460 energy= 0.778935118763671  occ= 0
MO #461 energy= 0.785028660573077  occ= 0
MO #462 energy= 0.786939555973689  occ= 0
MO #463 energy= 0.787985082268179  occ= 0
MO #464 energy= 0.789118953834178  occ= 0
MO #465 energy= 0.792380573405578  occ= 0
MO #466 energy= 0.79524917718877   occ= 0
MO #467 energy= 0.800030591020859  occ= 0
MO #468 energy= 0.801231532224307  occ= 0
MO #469 energy= 0.803597832167076  occ= 0
MO #470 energy= 0.805963435525126  occ= 0
MO #471 energy= 0.810264523074978  occ= 0
MO #472 energy= 0.813645448817512  occ= 0
MO #473 energy= 0.818162639563449  occ= 0
MO #474 energy= 0.821101397903598  occ= 0
MO #475 energy= 0.824789261113991  occ= 0
MO #476 energy= 0.825740111074882  occ= 0
MO #477 energy= 0.828821934171466  occ= 0
MO #478 energy= 0.833642662897069  occ= 0
MO #479 energy= 0.84322974706706   occ= 0
MO #480 energy= 0.844560798333364  occ= 0
MO #481 energy= 0.848742840063954  occ= 0
MO #482 energy= 0.856573090147327  occ= 0
MO #483 energy= 0.862419054787664  occ= 0
MO #484 energy= 0.863816516325718  occ= 0
MO #485 energy= 0.866001923195692  occ= 0
MO #486 energy= 0.873246432732822  occ= 0
MO #487 energy= 0.877120212532048  occ= 0
MO #488 energy= 0.881758132238199  occ= 0
MO #489 energy= 0.884483937551309  occ= 0
MO #490 energy= 0.890752874389052  occ= 0
MO #491 energy= 0.892802446490428  occ= 0
MO #492 energy= 0.899248823060435  occ= 0
MO #493 energy= 0.900474155043331  occ= 0
MO #494 energy= 0.905682696781468  occ= 0
MO #495 energy= 0.90867948488267   occ= 0
MO #496 energy= 0.911110398344825  occ= 0
MO #497 energy= 0.912607821472479  occ= 0
MO #498 energy= 0.921211401693993  occ= 0
MO #499 energy= 0.923899809913288  occ= 0
MO #500 energy= 0.926263768325448  occ= 0
MO #501 energy= 0.932126804368943  occ= 0
MO #502 energy= 0.938162313024105  occ= 0
MO #503 energy= 0.941626251881813  occ= 0
MO #504 energy= 0.948646690810126  occ= 0
MO #505 energy= 0.954345617884989  occ= 0
MO #506 energy= 0.959281221510358  occ= 0
MO #507 energy= 0.963692983784498  occ= 0
MO #508 energy= 0.968279324280158  occ= 0
MO #509 energy= 0.97316383589428   occ= 0
MO #510 energy= 0.974401906173641  occ= 0
MO #511 energy= 0.975791314363821  occ= 0
MO #512 energy= 0.981144168069244  occ= 0
MO #513 energy= 0.989459512285596  occ= 0
MO #514 energy= 1.00053575386684   occ= 0
MO #515 energy= 1.0074159090715    occ= 0
MO #516 energy= 1.01140853216217   occ= 0
MO #517 energy= 1.01824809359403   occ= 0
MO #518 energy= 1.02009545694033   occ= 0
MO #519 energy= 1.03130773621602   occ= 0
MO #520 energy= 1.04637356076786   occ= 0
MO #521 energy= 1.05535224540647   occ= 0
MO #522 energy= 1.06029319943366   occ= 0
MO #523 energy= 1.06803267438084   occ= 0
MO #524 energy= 1.08075937430737   occ= 0
MO #525 energy= 1.09013788265163   occ= 0
MO #526 energy= 1.10165152021811   occ= 0
MO #527 energy= 1.1030588961578    occ= 0
MO #528 energy= 1.1084586330676    occ= 0
MO #529 energy= 1.11045643629266   occ= 0
MO #530 energy= 1.12832794345309   occ= 0
MO #531 energy= 1.13027699650369   occ= 0
MO #532 energy= 1.13062426148395   occ= 0
MO #533 energy= 1.13876687175617   occ= 0
MO #534 energy= 1.1466056885599    occ= 0
MO #535 energy= 1.14749144578315   occ= 0
MO #536 energy= 1.15452742820628   occ= 0
MO #537 energy= 1.16349490089646   occ= 0
MO #538 energy= 1.16918324725645   occ= 0
MO #539 energy= 1.17450330829796   occ= 0
MO #540 energy= 1.18674756664878   occ= 0
MO #541 energy= 1.18923133381779   occ= 0
MO #542 energy= 1.19243635595784   occ= 0
MO #543 energy= 1.19436053912587   occ= 0
MO #544 energy= 1.19457746488989   occ= 0
MO #545 energy= 1.20208239774475   occ= 0
MO #546 energy= 1.20676041415294   occ= 0
MO #547 energy= 1.2124543317243    occ= 0
MO #548 energy= 1.21568303572785   occ= 0
MO #549 energy= 1.21736945732958   occ= 0
MO #550 energy= 1.22274897663114   occ= 0
MO #551 energy= 1.22760830010274   occ= 0
MO #552 energy= 1.23605806548585   occ= 0
MO #553 energy= 1.24352585416482   occ= 0
MO #554 energy= 1.24870472506991   occ= 0
MO #555 energy= 1.25136889331039   occ= 0
MO #556 energy= 1.25319029051371   occ= 0
MO #557 energy= 1.25501098232341   occ= 0
MO #558 energy= 1.25556594889131   occ= 0
MO #559 energy= 1.25940268031622   occ= 0
MO #560 energy= 1.26004144815924   occ= 0
MO #561 energy= 1.26219880817996   occ= 0
MO #562 energy= 1.26368143228232   occ= 0
MO #563 energy= 1.26511070111093   occ= 0
MO #564 energy= 1.26613513246554   occ= 0
MO #565 energy= 1.26886122796809   occ= 0
MO #566 energy= 1.27074021744801   occ= 0
MO #567 energy= 1.27602434906333   occ= 0
MO #568 energy= 1.27831108173612   occ= 0
MO #569 energy= 1.28199164984865   occ= 0
MO #570 energy= 1.28441269997325   occ= 0
MO #571 energy= 1.28809452861007   occ= 0
MO #572 energy= 1.2904657961774    occ= 0
MO #573 energy= 1.29661156248322   occ= 0
MO #574 energy= 1.29895327788732   occ= 0
MO #575 energy= 1.30244371650251   occ= 0
MO #576 energy= 1.30460135641696   occ= 0
MO #577 energy= 1.3052695298219    occ= 0
MO #578 energy= 1.30786126592358   occ= 0
MO #579 energy= 1.31352057870541   occ= 0
MO #580 energy= 1.3144704214211    occ= 0
MO #581 energy= 1.31860912972049   occ= 0
MO #582 energy= 1.32147978048309   occ= 0
MO #583 energy= 1.324190396806     occ= 0
MO #584 energy= 1.32592551146326   occ= 0
MO #585 energy= 1.33011446791889   occ= 0
MO #586 energy= 1.33693410200941   occ= 0
MO #587 energy= 1.33921879428786   occ= 0
MO #588 energy= 1.34238974085769   occ= 0
MO #589 energy= 1.34626642784174   occ= 0
MO #590 energy= 1.35297901840313   occ= 0
MO #591 energy= 1.35853022024905   occ= 0
MO #592 energy= 1.37035488275463   occ= 0
MO #593 energy= 1.37435373892553   occ= 0
MO #594 energy= 1.38047308921417   occ= 0
MO #595 energy= 1.38610668972889   occ= 0
MO #596 energy= 1.39798779908425   occ= 0
MO #597 energy= 1.40612577211216   occ= 0
MO #598 energy= 1.41125485573762   occ= 0
MO #599 energy= 1.41931975143982   occ= 0
MO #600 energy= 1.44190734483557   occ= 0
MO #601 energy= 1.46777762137577   occ= 0
MO #602 energy= 1.47767908430314   occ= 0
MO #603 energy= 1.49625718781898   occ= 0
MO #604 energy= 1.50046042457708   occ= 0
MO #605 energy= 1.51408755664876   occ= 0
MO #606 energy= 1.52184623576533   occ= 0
MO #607 energy= 1.52674546815067   occ= 0
MO #608 energy= 1.53438943881879   occ= 0
MO #609 energy= 1.54070893242561   occ= 0
MO #610 energy= 1.5460681738134    occ= 0
MO #611 energy= 1.54907601942043   occ= 0
MO #612 energy= 1.55413087319432   occ= 0
MO #613 energy= 1.56074321038272   occ= 0
MO #614 energy= 1.56333662872943   occ= 0
MO #615 energy= 1.56761561138594   occ= 0
MO #616 energy= 1.57290026396351   occ= 0
MO #617 energy= 1.57769045381828   occ= 0
MO #618 energy= 1.59067443320911   occ= 0
MO #619 energy= 1.60495060595239   occ= 0
MO #620 energy= 1.61099274893819   occ= 0
MO #621 energy= 1.63373757333204   occ= 0
MO #622 energy= 1.64454895161008   occ= 0
MO #623 energy= 1.64779439163788   occ= 0
MO #624 energy= 1.65582988130236   occ= 0
MO #625 energy= 1.67098389044103   occ= 0
MO #626 energy= 1.67464886761513   occ= 0
MO #627 energy= 1.6797706307908    occ= 0
MO #628 energy= 1.68079881219703   occ= 0
MO #629 energy= 1.68214546777115   occ= 0
MO #630 energy= 1.68699985531269   occ= 0
MO #631 energy= 1.68798509933592   occ= 0
MO #632 energy= 1.69267896090041   occ= 0
MO #633 energy= 1.69421542147757   occ= 0
MO #634 energy= 1.69617317270873   occ= 0
MO #635 energy= 1.70155024779279   occ= 0
MO #636 energy= 1.70950536077417   occ= 0
MO #637 energy= 1.71171028249767   occ= 0
MO #638 energy= 1.71694070825068   occ= 0
MO #639 energy= 1.71973905016592   occ= 0
MO #640 energy= 1.72470301022946   occ= 0
MO #641 energy= 1.72772902153976   occ= 0
MO #642 energy= 1.73046547751619   occ= 0
MO #643 energy= 1.73431014762202   occ= 0
MO #644 energy= 1.73586900667637   occ= 0
MO #645 energy= 1.73742839440719   occ= 0
MO #646 energy= 1.74213254765446   occ= 0
MO #647 energy= 1.7426882152608    occ= 0
MO #648 energy= 1.74659539892714   occ= 0
MO #649 energy= 1.7521629969967    occ= 0
MO #650 energy= 1.75473084342123   occ= 0
MO #651 energy= 1.75597580152581   occ= 0
MO #652 energy= 1.75856892790774   occ= 0
MO #653 energy= 1.7607802067548    occ= 0
MO #654 energy= 1.76495033817615   occ= 0
MO #655 energy= 1.76774003956421   occ= 0
MO #656 energy= 1.77041294330409   occ= 0
MO #657 energy= 1.77081642953663   occ= 0
MO #658 energy= 1.77201944714872   occ= 0
MO #659 energy= 1.77273412632979   occ= 0
MO #660 energy= 1.77652484525364   occ= 0
MO #661 energy= 1.77831249679922   occ= 0
MO #662 energy= 1.77868044255557   occ= 0
MO #663 energy= 1.77998240091839   occ= 0
MO #664 energy= 1.78214714115011   occ= 0
MO #665 energy= 1.78383761948194   occ= 0
MO #666 energy= 1.78485918553365   occ= 0
MO #667 energy= 1.78615365265105   occ= 0
MO #668 energy= 1.78867572628262   occ= 0
MO #669 energy= 1.79250535618406   occ= 0
MO #670 energy= 1.79526833164696   occ= 0
MO #671 energy= 1.79583173790435   occ= 0
MO #672 energy= 1.79983792269994   occ= 0
MO #673 energy= 1.80068310424792   occ= 0
MO #674 energy= 1.80352062177762   occ= 0
MO #675 energy= 1.80527441030228   occ= 0
MO #676 energy= 1.80756326776175   occ= 0
MO #677 energy= 1.81038106701802   occ= 0
MO #678 energy= 1.82074297741291   occ= 0
MO #679 energy= 1.8223126005113    occ= 0
MO #680 energy= 1.82523120042621   occ= 0
MO #681 energy= 1.8309117526983    occ= 0
MO #682 energy= 1.83459932433299   occ= 0
MO #683 energy= 1.83664831680342   occ= 0
MO #684 energy= 1.84251576611501   occ= 0
MO #685 energy= 1.845505704485     occ= 0
MO #686 energy= 1.84956955641081   occ= 0
MO #687 energy= 1.85181281207318   occ= 0
MO #688 energy= 1.85354647445007   occ= 0
MO #689 energy= 1.86001373527161   occ= 0
MO #690 energy= 1.86290167997435   occ= 0
MO #691 energy= 1.86894491542733   occ= 0
MO #692 energy= 1.87638129693785   occ= 0
MO #693 energy= 1.87955351878581   occ= 0
MO #694 energy= 1.87991253293949   occ= 0
MO #695 energy= 1.8839001553619    occ= 0
MO #696 energy= 1.89493387266663   occ= 0
MO #697 energy= 1.90199524652935   occ= 0
MO #698 energy= 1.90429307887553   occ= 0
MO #699 energy= 1.90510447901791   occ= 0
MO #700 energy= 1.91513098553822   occ= 0
MO #701 energy= 1.9267373169116    occ= 0
MO #702 energy= 1.92804495573631   occ= 0
MO #703 energy= 1.93800376512029   occ= 0
MO #704 energy= 1.94826475401159   occ= 0
MO #705 energy= 1.95463208206729   occ= 0
MO #706 energy= 1.95626811124456   occ= 0
MO #707 energy= 1.95785898645181   occ= 0
MO #708 energy= 1.96075144726198   occ= 0
MO #709 energy= 1.96244926715459   occ= 0
MO #710 energy= 1.96350240632702   occ= 0
MO #711 energy= 1.96422576807336   occ= 0
MO #712 energy= 1.97078256265993   occ= 0
MO #713 energy= 1.97233977336696   occ= 0
MO #714 energy= 1.97569214086388   occ= 0
MO #715 energy= 1.9806318623628    occ= 0
MO #716 energy= 1.98897072709448   occ= 0
MO #717 energy= 1.99014872033311   occ= 0
MO #718 energy= 1.99331661774393   occ= 0
MO #719 energy= 1.99606951926366   occ= 0
MO #720 energy= 1.9961478521408    occ= 0
MO #721 energy= 1.99689599773114   occ= 0
MO #722 energy= 1.99954019863185   occ= 0
MO #723 energy= 2.00125676070401   occ= 0
MO #724 energy= 2.00563635651926   occ= 0
MO #725 energy= 2.00711892056074   occ= 0
MO #726 energy= 2.01014966784452   occ= 0
MO #727 energy= 2.01392355408779   occ= 0
MO #728 energy= 2.01443141707145   occ= 0
MO #729 energy= 2.01851063238055   occ= 0
MO #730 energy= 2.01955220362655   occ= 0
MO #731 energy= 2.02483996340065   occ= 0
MO #732 energy= 2.02811565253877   occ= 0
MO #733 energy= 2.03257987023252   occ= 0
MO #734 energy= 2.03729759680743   occ= 0
MO #735 energy= 2.04272849699714   occ= 0
MO #736 energy= 2.05583151860041   occ= 0
MO #737 energy= 2.05850708297178   occ= 0
MO #738 energy= 2.0605813168404    occ= 0
MO #739 energy= 2.06358565197359   occ= 0
MO #740 energy= 2.06516517814987   occ= 0
MO #741 energy= 2.07029586405941   occ= 0
MO #742 energy= 2.07962321212045   occ= 0
MO #743 energy= 2.0860115694551    occ= 0
MO #744 energy= 2.09288393118787   occ= 0
MO #745 energy= 2.10070663239012   occ= 0
MO #746 energy= 2.10723298915294   occ= 0
MO #747 energy= 2.11294729726336   occ= 0
MO #748 energy= 2.12062920179908   occ= 0
MO #749 energy= 2.1212434071559    occ= 0
MO #750 energy= 2.13609039383546   occ= 0
MO #751 energy= 2.13831528101936   occ= 0
MO #752 energy= 2.14169216186294   occ= 0
MO #753 energy= 2.1428298363123    occ= 0
MO #754 energy= 2.15081470228971   occ= 0
MO #755 energy= 2.15727787865978   occ= 0
MO #756 energy= 2.15826833412324   occ= 0
MO #757 energy= 2.15921715641833   occ= 0
MO #758 energy= 2.16068207293406   occ= 0
MO #759 energy= 2.16576636226793   occ= 0
MO #760 energy= 2.17283960690062   occ= 0
MO #761 energy= 2.17969378992121   occ= 0
MO #762 energy= 2.1801972687328    occ= 0
MO #763 energy= 2.19109223919265   occ= 0
MO #764 energy= 2.1950313318841    occ= 0
MO #765 energy= 2.20286648846147   occ= 0
MO #766 energy= 2.20577808731796   occ= 0
MO #767 energy= 2.21036873680011   occ= 0
MO #768 energy= 2.21433245529774   occ= 0
MO #769 energy= 2.21516821112599   occ= 0
MO #770 energy= 2.22331183094037   occ= 0
MO #771 energy= 2.22767944928637   occ= 0
MO #772 energy= 2.23689270948129   occ= 0
MO #773 energy= 2.24324268248512   occ= 0
MO #774 energy= 2.24557038495285   occ= 0
MO #775 energy= 2.25154890722631   occ= 0
MO #776 energy= 2.25736723225945   occ= 0
MO #777 energy= 2.2592992089446    occ= 0
MO #778 energy= 2.26703603158073   occ= 0
MO #779 energy= 2.28345664903324   occ= 0
MO #780 energy= 2.29163541028257   occ= 0
MO #781 energy= 2.29404080344995   occ= 0
MO #782 energy= 2.29577895855437   occ= 0
MO #783 energy= 2.30517109271897   occ= 0
MO #784 energy= 2.30811690682844   occ= 0
MO #785 energy= 2.31068146560832   occ= 0
MO #786 energy= 2.3149627325425    occ= 0
MO #787 energy= 2.3188329975179    occ= 0
MO #788 energy= 2.3193315550688    occ= 0
MO #789 energy= 2.32141552946798   occ= 0
MO #790 energy= 2.32401804488888   occ= 0
MO #791 energy= 2.32719994771145   occ= 0
MO #792 energy= 2.32864001203638   occ= 0
MO #793 energy= 2.32991498802743   occ= 0
MO #794 energy= 2.334257405019     occ= 0
MO #795 energy= 2.33992751163874   occ= 0
MO #796 energy= 2.34713409643209   occ= 0
MO #797 energy= 2.35181290797905   occ= 0
MO #798 energy= 2.35969491424995   occ= 0
MO #799 energy= 2.36007542840936   occ= 0
MO #800 energy= 2.36327157882427   occ= 0
MO #801 energy= 2.36671218506152   occ= 0
MO #802 energy= 2.36948949027299   occ= 0
MO #803 energy= 2.37036063587928   occ= 0
MO #804 energy= 2.37191330190979   occ= 0
MO #805 energy= 2.37547072367848   occ= 0
MO #806 energy= 2.37579549615113   occ= 0
MO #807 energy= 2.38198489490403   occ= 0
MO #808 energy= 2.38618314229179   occ= 0
MO #809 energy= 2.39134010605083   occ= 0
MO #810 energy= 2.39943652687143   occ= 0
MO #811 energy= 2.40327201344525   occ= 0
MO #812 energy= 2.40505581869472   occ= 0
MO #813 energy= 2.40661410927641   occ= 0
MO #814 energy= 2.41630819632846   occ= 0
MO #815 energy= 2.41721150247024   occ= 0
MO #816 energy= 2.42372988167626   occ= 0
MO #817 energy= 2.43083229252432   occ= 0
MO #818 energy= 2.48059171962686   occ= 0
MO #819 energy= 2.48466195098374   occ= 0
MO #820 energy= 2.49183264361857   occ= 0
MO #821 energy= 2.49820349692587   occ= 0
MO #822 energy= 2.50116524870092   occ= 0
MO #823 energy= 2.50408933690414   occ= 0
MO #824 energy= 2.51436922657758   occ= 0
MO #825 energy= 2.55388037935688   occ= 0
MO #826 energy= 2.5599227278633    occ= 0
MO #827 energy= 2.56209436725443   occ= 0
MO #828 energy= 2.56330902183724   occ= 0
MO #829 energy= 2.56867637532325   occ= 0
MO #830 energy= 2.57164745781997   occ= 0
MO #831 energy= 2.58730791882501   occ= 0
MO #832 energy= 2.59645505665698   occ= 0
MO #833 energy= 2.60360653514057   occ= 0
MO #834 energy= 2.6076409446953    occ= 0
MO #835 energy= 2.61659666671109   occ= 0
MO #836 energy= 2.63066775351443   occ= 0
MO #837 energy= 2.63343005906262   occ= 0
MO #838 energy= 2.6358103805562    occ= 0
MO #839 energy= 2.6369512231228    occ= 0
MO #840 energy= 2.63801680863813   occ= 0
MO #841 energy= 2.64255314149413   occ= 0
MO #842 energy= 2.64395133173021   occ= 0
MO #843 energy= 2.64674197629237   occ= 0
MO #844 energy= 2.64845275935047   occ= 0
MO #845 energy= 2.64943070892672   occ= 0
MO #846 energy= 2.65376813980703   occ= 0
MO #847 energy= 2.65967241038724   occ= 0
MO #848 energy= 2.66520750062428   occ= 0
MO #849 energy= 2.67027703540126   occ= 0
MO #850 energy= 2.67294616272522   occ= 0
MO #851 energy= 2.67522967691983   occ= 0
MO #852 energy= 2.6764309273521    occ= 0
MO #853 energy= 2.67889744763768   occ= 0
MO #854 energy= 2.68072230011637   occ= 0
MO #855 energy= 2.68419648165496   occ= 0
MO #856 energy= 2.68997074446062   occ= 0
MO #857 energy= 2.70112792897553   occ= 0
MO #858 energy= 2.71230375755136   occ= 0
MO #859 energy= 2.72643420047285   occ= 0
MO #860 energy= 2.72843687606466   occ= 0
MO #861 energy= 2.74442661396851   occ= 0
MO #862 energy= 2.74533442677067   occ= 0
MO #863 energy= 2.74949346084365   occ= 0
MO #864 energy= 2.75050239446111   occ= 0
MO #865 energy= 2.75082307251176   occ= 0
MO #866 energy= 2.75446802300199   occ= 0
MO #867 energy= 2.75815899004662   occ= 0
MO #868 energy= 2.76170853792986   occ= 0
MO #869 energy= 2.76313574888972   occ= 0
MO #870 energy= 2.76475177771748   occ= 0
MO #871 energy= 2.7714642716658    occ= 0
MO #872 energy= 2.773136644924     occ= 0
MO #873 energy= 2.77836224156996   occ= 0
MO #874 energy= 2.80142742429754   occ= 0
MO #875 energy= 2.80754947771741   occ= 0
MO #876 energy= 2.81776496138482   occ= 0
MO #877 energy= 2.8444018693507    occ= 0
MO #878 energy= 2.84686547941038   occ= 0
MO #879 energy= 2.84977106060391   occ= 0
MO #880 energy= 2.85327814450805   occ= 0
MO #881 energy= 2.85959427999154   occ= 0
MO #882 energy= 2.86327854519043   occ= 0
MO #883 energy= 2.87568165246982   occ= 0
MO #884 energy= 2.8916665953185    occ= 0
MO #885 energy= 2.8995491928933    occ= 0
MO #886 energy= 2.90269174424516   occ= 0
MO #887 energy= 2.90516195726406   occ= 0
MO #888 energy= 2.90948947712696   occ= 0
MO #889 energy= 2.91773015598604   occ= 0
MO #890 energy= 2.91837795676466   occ= 0
MO #891 energy= 2.9199351212244    occ= 0
MO #892 energy= 2.92299935400588   occ= 0
MO #893 energy= 2.92458054613483   occ= 0
MO #894 energy= 2.92738825700726   occ= 0
MO #895 energy= 2.93043616549194   occ= 0
MO #896 energy= 2.937137316293     occ= 0
MO #897 energy= 2.95282935653518   occ= 0
MO #898 energy= 2.97147447669189   occ= 0
MO #899 energy= 2.98013105605124   occ= 0
MO #900 energy= 2.99165397321891   occ= 0
MO #901 energy= 2.99588226563664   occ= 0
MO #902 energy= 3.0003269633248    occ= 0
MO #903 energy= 3.00150502495447   occ= 0
MO #904 energy= 3.01319863430927   occ= 0
MO #905 energy= 3.0262050520587    occ= 0
MO #906 energy= 3.0559107802888    occ= 0
MO #907 energy= 3.05813642951447   occ= 0
MO #908 energy= 3.06147021064207   occ= 0
MO #909 energy= 3.0690042522657    occ= 0
MO #910 energy= 3.0738052591643    occ= 0
MO #911 energy= 3.07465018539596   occ= 0
MO #912 energy= 3.14062698054051   occ= 0
MO #913 energy= 3.14415662522799   occ= 0
MO #914 energy= 3.14865211735903   occ= 0
MO #915 energy= 3.1497789003748    occ= 0
MO #916 energy= 3.15538852549236   occ= 0
MO #917 energy= 3.15924823139415   occ= 0
MO #918 energy= 3.17299700857032   occ= 0
MO #919 energy= 3.1745648504497    occ= 0
MO #920 energy= 3.18392681709806   occ= 0
MO #921 energy= 3.20399456618809   occ= 0
MO #922 energy= 3.23993781798781   occ= 0
MO #923 energy= 3.24539876030585   occ= 0
MO #924 energy= 3.24584500113782   occ= 0
MO #925 energy= 3.24724671035374   occ= 0
MO #926 energy= 3.25272423507966   occ= 0
MO #927 energy= 3.31673341068512   occ= 0
MO #928 energy= 3.36631062682458   occ= 0
MO #929 energy= 3.41040774749994   occ= 0
MO #930 energy= 3.46664205240475   occ= 0
MO #931 energy= 3.55225226720372   occ= 0
MO #932 energy= 3.58468288147886   occ= 0
MO #933 energy= 3.64305974171504   occ= 0
MO #934 energy= 3.64751882364907   occ= 0
MO #935 energy= 3.65443413522178   occ= 0
MO #936 energy= 3.65607770233305   occ= 0
MO #937 energy= 3.66022078387039   occ= 0
MO #938 energy= 3.68552224310897   occ= 0
MO #939 energy= 3.70223875029122   occ= 0
 ** Mulliken atomic charges  **
charge of  0O =     -0.77198
charge of  1P =      1.76278
charge of  2O =     -0.63970
charge of  3O =     -0.53919
charge of  4C =      0.18409
charge of  5C =     -0.24925
charge of  6Si =      0.85925
charge of  7C =     -0.22362
charge of  8C =     -0.10055
charge of  9C =     -0.10342
charge of  10C =     -0.09622
charge of  11C =     -0.10011
charge of  12C =     -0.09156
charge of  13C =     -0.53433
charge of  14C =     -0.22526
charge of  15C =     -0.09120
charge of  16C =     -0.08884
charge of  17C =     -0.08954
charge of  18C =     -0.10026
charge of  19C =     -0.09631
charge of  20C =     -0.08675
charge of  21C =      0.00317
charge of  22C =      0.00577
charge of  23C =     -0.10636
charge of  24C =     -0.09581
charge of  25C =     -0.10356
charge of  26C =     -0.09879
charge of  27C =     -0.03284
charge of  28C =     -0.03467
charge of  29C =      0.19019
charge of  30O =     -0.55174
charge of  31C =     -0.24087
charge of  32Si =      0.86276
charge of  33C =     -0.22508
charge of  34C =     -0.09399
charge of  35C =     -0.10227
charge of  36C =     -0.09808
charge of  37C =     -0.10367
charge of  38C =     -0.09929
charge of  39C =     -0.21835
charge of  40C =     -0.09245
charge of  41C =     -0.10378
charge of  42C =     -0.09899
charge of  43C =     -0.10345
charge of  44C =     -0.09506
charge of  45C =     -0.53355
charge of  46C =     -0.08052
charge of  47C =      0.00479
charge of  48C =      0.00603
charge of  49C =     -0.10635
charge of  50C =     -0.09560
charge of  51C =     -0.10343
charge of  52C =     -0.09703
charge of  53H =      0.34767
charge of  54H =      0.09205
charge of  55H =      0.10049
charge of  56H =      0.10203
charge of  57H =      0.10143
charge of  58H =      0.09585
charge of  59H =      0.10838
charge of  60H =      0.10910
charge of  61H =      0.11494
charge of  62H =      0.10038
charge of  63H =      0.10719
charge of  64H =      0.10068
charge of  65H =      0.09748
charge of  66H =      0.09401
charge of  67H =      0.10557
charge of  68H =      0.11114
charge of  69H =      0.10522
charge of  70H =      0.10429
charge of  71H =      0.10256
charge of  72H =      0.10122
charge of  73H =      0.09971
charge of  74H =      0.10031
charge of  75H =      0.09984
charge of  76H =      0.09440
charge of  77H =      0.09585
charge of  78H =      0.09920
charge of  79H =      0.10000
charge of  80H =      0.09982
charge of  81H =      0.09483
charge of  82H =      0.10648
charge of  83H =      0.12834
charge of  84H =      0.11411
charge of  85H =      0.10812
charge of  86H =      0.10992
charge of  87H =      0.10472
charge of  88H =      0.10408
charge of  89H =      0.10340
Dipole moment(X, Y, Z, Debye): -3.35168, -2.60073, -0.73449
def2-svp b3lyp 210.12747931480408
