/public3/home/scg5914/software-scg5914/LSW/1/data/data2/std_data/def2svp_b3lyp/cat_38.xyz
converged SCF energy = -4323.25268586567
**** MO energy ****
MO #1   energy= -77.2100566590878  occ= 2
MO #2   energy= -66.1039316338411  occ= 2
MO #3   energy= -66.0987422523767  occ= 2
MO #4   energy= -19.1725602775556  occ= 2
MO #5   energy= -19.1696662425127  occ= 2
MO #6   energy= -19.166373741765   occ= 2
MO #7   energy= -19.0788966973372  occ= 2
MO #8   energy= -10.2484472685938  occ= 2
MO #9   energy= -10.2429020389119  occ= 2
MO #10  energy= -10.1957690074148  occ= 2
MO #11  energy= -10.1949560689158  occ= 2
MO #12  energy= -10.1948126795349  occ= 2
MO #13  energy= -10.1929245810503  occ= 2
MO #14  energy= -10.1921363030002  occ= 2
MO #15  energy= -10.1915419306032  occ= 2
MO #16  energy= -10.1903745345121  occ= 2
MO #17  energy= -10.1894324912008  occ= 2
MO #18  energy= -10.1880757022106  occ= 2
MO #19  energy= -10.1853709569584  occ= 2
MO #20  energy= -10.185014779564   occ= 2
MO #21  energy= -10.1849219824497  occ= 2
MO #22  energy= -10.1848430094038  occ= 2
MO #23  energy= -10.1846087655002  occ= 2
MO #24  energy= -10.1843528254992  occ= 2
MO #25  energy= -10.183389304497   occ= 2
MO #26  energy= -10.1830691756469  occ= 2
MO #27  energy= -10.1828361008763  occ= 2
MO #28  energy= -10.1826609426141  occ= 2
MO #29  energy= -10.1825378723265  occ= 2
MO #30  energy= -10.182002124444   occ= 2
MO #31  energy= -10.1819842859721  occ= 2
MO #32  energy= -10.1814155603779  occ= 2
MO #33  energy= -10.1810585484347  occ= 2
MO #34  energy= -10.1808511148309  occ= 2
MO #35  energy= -10.1797113006327  occ= 2
MO #36  energy= -10.178118265232   occ= 2
MO #37  energy= -10.1770313309856  occ= 2
MO #38  energy= -10.1769747143376  occ= 2
MO #39  energy= -10.1754770034656  occ= 2
MO #40  energy= -10.1751426248921  occ= 2
MO #41  energy= -10.1747676160121  occ= 2
MO #42  energy= -10.1739406397592  occ= 2
MO #43  energy= -10.1727665678242  occ= 2
MO #44  energy= -10.1726424013804  occ= 2
MO #45  energy= -10.1723182316299  occ= 2
MO #46  energy= -10.1722641114778  occ= 2
MO #47  energy= -10.1719701144384  occ= 2
MO #48  energy= -10.1714517028784  occ= 2
MO #49  energy= -10.171367251803   occ= 2
MO #50  energy= -10.171327458421   occ= 2
MO #51  energy= -10.1711118378202  occ= 2
MO #52  energy= -10.1710111099267  occ= 2
MO #53  energy= -10.170849852769   occ= 2
MO #54  energy= -10.170813496854   occ= 2
MO #55  energy= -10.17059226158    occ= 2
MO #56  energy= -10.1701837696779  occ= 2
MO #57  energy= -10.1692365704864  occ= 2
MO #58  energy= -10.1692326762039  occ= 2
MO #59  energy= -10.1691943492791  occ= 2
MO #60  energy= -10.1686705518499  occ= 2
MO #61  energy= -10.1686553159557  occ= 2
MO #62  energy= -10.1684503405621  occ= 2
MO #63  energy= -10.1684098054265  occ= 2
MO #64  energy= -10.1681785667249  occ= 2
MO #65  energy= -10.167256734407   occ= 2
MO #66  energy= -10.1666931996115  occ= 2
MO #67  energy= -10.1660108808863  occ= 2
MO #68  energy= -10.1659348081216  occ= 2
MO #69  energy= -10.1659186773547  occ= 2
MO #70  energy= -10.1657158022365  occ= 2
MO #71  energy= -10.165196168265   occ= 2
MO #72  energy= -10.1636977890664  occ= 2
MO #73  energy= -10.1629187724093  occ= 2
MO #74  energy= -10.1628705048706  occ= 2
MO #75  energy= -10.1625183489029  occ= 2
MO #76  energy= -10.1622515866594  occ= 2
MO #77  energy= -10.1617613248675  occ= 2
MO #78  energy= -10.1607317674496  occ= 2
MO #79  energy= -10.1603993425639  occ= 2
MO #80  energy= -10.1602531384379  occ= 2
MO #81  energy= -10.1596409838306  occ= 2
MO #82  energy= -10.1596289557141  occ= 2
MO #83  energy= -10.1593670160686  occ= 2
MO #84  energy= -10.1561615841608  occ= 2
MO #85  energy= -10.1559492968258  occ= 2
MO #86  energy= -10.1554758270955  occ= 2
MO #87  energy= -10.1508554331556  occ= 2
MO #88  energy= -6.68521762422562  occ= 2
MO #89  energy= -5.26623340066399  occ= 2
MO #90  energy= -5.2609984192945   occ= 2
MO #91  energy= -4.85289329773909  occ= 2
MO #92  energy= -4.85258836996386  occ= 2
MO #93  energy= -4.85023969792132  occ= 2
MO #94  energy= -3.62874337106922  occ= 2
MO #95  energy= -3.62812540520132  occ= 2
MO #96  energy= -3.62768206740806  occ= 2
MO #97  energy= -3.62352098914013  occ= 2
MO #98  energy= -3.62297071740354  occ= 2
MO #99  energy= -3.62235693341876  occ= 2
MO #100 energy= -1.10856854490206  occ= 2
MO #101 energy= -1.04523674390519  occ= 2
MO #102 energy= -1.03611643294683  occ= 2
MO #103 energy= -0.952306779879037 occ= 2
MO #104 energy= -0.877701098596003 occ= 2
MO #105 energy= -0.86144995221945  occ= 2
MO #106 energy= -0.854190762487343 occ= 2
MO #107 energy= -0.850629916937468 occ= 2
MO #108 energy= -0.849165173893906 occ= 2
MO #109 energy= -0.847213295997143 occ= 2
MO #110 energy= -0.843621437144577 occ= 2
MO #111 energy= -0.840829061542616 occ= 2
MO #112 energy= -0.816391853369668 occ= 2
MO #113 energy= -0.809635942364865 occ= 2
MO #114 energy= -0.807484636056645 occ= 2
MO #115 energy= -0.805305263958499 occ= 2
MO #116 energy= -0.804429992434385 occ= 2
MO #117 energy= -0.802112988629573 occ= 2
MO #118 energy= -0.798638988171376 occ= 2
MO #119 energy= -0.796168710725999 occ= 2
MO #120 energy= -0.788094667756504 occ= 2
MO #121 energy= -0.752739635110811 occ= 2
MO #122 energy= -0.741380938708199 occ= 2
MO #123 energy= -0.735194446273482 occ= 2
MO #124 energy= -0.734597142787827 occ= 2
MO #125 energy= -0.731449007651178 occ= 2
MO #126 energy= -0.730446953746578 occ= 2
MO #127 energy= -0.729451887462116 occ= 2
MO #128 energy= -0.727762920572771 occ= 2
MO #129 energy= -0.724840093734547 occ= 2
MO #130 energy= -0.724384584577592 occ= 2
MO #131 energy= -0.721382617431966 occ= 2
MO #132 energy= -0.72078776850469  occ= 2
MO #133 energy= -0.717100617396532 occ= 2
MO #134 energy= -0.712939453659175 occ= 2
MO #135 energy= -0.710681251633966 occ= 2
MO #136 energy= -0.707513860550393 occ= 2
MO #137 energy= -0.698955873636847 occ= 2
MO #138 energy= -0.679888650995028 occ= 2
MO #139 energy= -0.67929301379273  occ= 2
MO #140 energy= -0.677237520390225 occ= 2
MO #141 energy= -0.676945762172163 occ= 2
MO #142 energy= -0.676789525557963 occ= 2
MO #143 energy= -0.676485142491283 occ= 2
MO #144 energy= -0.674645150596193 occ= 2
MO #145 energy= -0.674313048311476 occ= 2
MO #146 energy= -0.671936154164087 occ= 2
MO #147 energy= -0.670041427541055 occ= 2
MO #148 energy= -0.669027278581218 occ= 2
MO #149 energy= -0.667363048380959 occ= 2
MO #150 energy= -0.663225313273156 occ= 2
MO #151 energy= -0.639059456338237 occ= 2
MO #152 energy= -0.628213766852366 occ= 2
MO #153 energy= -0.62053876183127  occ= 2
MO #154 energy= -0.615143854864964 occ= 2
MO #155 energy= -0.607417768550696 occ= 2
MO #156 energy= -0.602959549147041 occ= 2
MO #157 energy= -0.598231161865612 occ= 2
MO #158 energy= -0.596212833863155 occ= 2
MO #159 energy= -0.593335510992012 occ= 2
MO #160 energy= -0.592300626248434 occ= 2
MO #161 energy= -0.591042949746978 occ= 2
MO #162 energy= -0.588692913914694 occ= 2
MO #163 energy= -0.587561073938516 occ= 2
MO #164 energy= -0.586785658137818 occ= 2
MO #165 energy= -0.583721035485877 occ= 2
MO #166 energy= -0.581362888338768 occ= 2
MO #167 energy= -0.578128280694667 occ= 2
MO #168 energy= -0.575498978711945 occ= 2
MO #169 energy= -0.566474614969784 occ= 2
MO #170 energy= -0.562935207750781 occ= 2
MO #171 energy= -0.547434712696493 occ= 2
MO #172 energy= -0.543642625073441 occ= 2
MO #173 energy= -0.540254517242627 occ= 2
MO #174 energy= -0.538835847023925 occ= 2
MO #175 energy= -0.536744264529716 occ= 2
MO #176 energy= -0.533346350255436 occ= 2
MO #177 energy= -0.530742123660912 occ= 2
MO #178 energy= -0.528567726756026 occ= 2
MO #179 energy= -0.525799751817861 occ= 2
MO #180 energy= -0.510467139045014 occ= 2
MO #181 energy= -0.50402157704977  occ= 2
MO #182 energy= -0.501392068631835 occ= 2
MO #183 energy= -0.493853249127859 occ= 2
MO #184 energy= -0.490129636171616 occ= 2
MO #185 energy= -0.488906390897016 occ= 2
MO #186 energy= -0.48785409661079  occ= 2
MO #187 energy= -0.484904311873322 occ= 2
MO #188 energy= -0.476935535308859 occ= 2
MO #189 energy= -0.473778147113475 occ= 2
MO #190 energy= -0.464689505817277 occ= 2
MO #191 energy= -0.463300000706447 occ= 2
MO #192 energy= -0.461487199453874 occ= 2
MO #193 energy= -0.460500368477225 occ= 2
MO #194 energy= -0.457195802524351 occ= 2
MO #195 energy= -0.456146697992624 occ= 2
MO #196 energy= -0.45392080322275  occ= 2
MO #197 energy= -0.451683457794806 occ= 2
MO #198 energy= -0.450594898194572 occ= 2
MO #199 energy= -0.44772173357862  occ= 2
MO #200 energy= -0.441902311590137 occ= 2
MO #201 energy= -0.441561473612104 occ= 2
MO #202 energy= -0.441030527084242 occ= 2
MO #203 energy= -0.438916905144873 occ= 2
MO #204 energy= -0.438625995681467 occ= 2
MO #205 energy= -0.436969091282702 occ= 2
MO #206 energy= -0.436392325624962 occ= 2
MO #207 energy= -0.435845131249396 occ= 2
MO #208 energy= -0.435380157549069 occ= 2
MO #209 energy= -0.43484694233469  occ= 2
MO #210 energy= -0.434211943506464 occ= 2
MO #211 energy= -0.432613010563798 occ= 2
MO #212 energy= -0.431753498383077 occ= 2
MO #213 energy= -0.430717682614345 occ= 2
MO #214 energy= -0.429315953393195 occ= 2
MO #215 energy= -0.428399351662839 occ= 2
MO #216 energy= -0.428311437565112 occ= 2
MO #217 energy= -0.426730760408863 occ= 2
MO #218 energy= -0.424023330056696 occ= 2
MO #219 energy= -0.421035571316065 occ= 2
MO #220 energy= -0.419528092796959 occ= 2
MO #221 energy= -0.419304566904353 occ= 2
MO #222 energy= -0.418149248833264 occ= 2
MO #223 energy= -0.416335650305652 occ= 2
MO #224 energy= -0.415206654661199 occ= 2
MO #225 energy= -0.413945847371766 occ= 2
MO #226 energy= -0.413811321179204 occ= 2
MO #227 energy= -0.411109703923071 occ= 2
MO #228 energy= -0.410072377057069 occ= 2
MO #229 energy= -0.409748745423886 occ= 2
MO #230 energy= -0.408642131534755 occ= 2
MO #231 energy= -0.406919432064255 occ= 2
MO #232 energy= -0.406334380807373 occ= 2
MO #233 energy= -0.403576170286867 occ= 2
MO #234 energy= -0.40305655017313  occ= 2
MO #235 energy= -0.400613758957486 occ= 2
MO #236 energy= -0.398397952123076 occ= 2
MO #237 energy= -0.39677727447515  occ= 2
MO #238 energy= -0.395790922118401 occ= 2
MO #239 energy= -0.394524516671861 occ= 2
MO #240 energy= -0.393771155589672 occ= 2
MO #241 energy= -0.392347241012787 occ= 2
MO #242 energy= -0.391648905530983 occ= 2
MO #243 energy= -0.389261009446781 occ= 2
MO #244 energy= -0.388063247748986 occ= 2
MO #245 energy= -0.387663502648622 occ= 2
MO #246 energy= -0.385368220813819 occ= 2
MO #247 energy= -0.38344370602142  occ= 2
MO #248 energy= -0.382724006216858 occ= 2
MO #249 energy= -0.377379217195941 occ= 2
MO #250 energy= -0.376467766821059 occ= 2
MO #251 energy= -0.374571428930709 occ= 2
MO #252 energy= -0.374310110665809 occ= 2
MO #253 energy= -0.371984621488931 occ= 2
MO #254 energy= -0.368211410439098 occ= 2
MO #255 energy= -0.367157666858237 occ= 2
MO #256 energy= -0.366444268989638 occ= 2
MO #257 energy= -0.366241871219723 occ= 2
MO #258 energy= -0.363868423868162 occ= 2
MO #259 energy= -0.363468219960793 occ= 2
MO #260 energy= -0.361270619238526 occ= 2
MO #261 energy= -0.359735173588548 occ= 2
MO #262 energy= -0.358398440979763 occ= 2
MO #263 energy= -0.357216967454123 occ= 2
MO #264 energy= -0.355443051271593 occ= 2
MO #265 energy= -0.35384087023249  occ= 2
MO #266 energy= -0.353311948295572 occ= 2
MO #267 energy= -0.351201470541922 occ= 2
MO #268 energy= -0.34836329367569  occ= 2
MO #269 energy= -0.347352677356825 occ= 2
MO #270 energy= -0.345952151456323 occ= 2
MO #271 energy= -0.345689900536218 occ= 2
MO #272 energy= -0.344470049665027 occ= 2
MO #273 energy= -0.342800919030294 occ= 2
MO #274 energy= -0.341398828635993 occ= 2
MO #275 energy= -0.341023431236949 occ= 2
MO #276 energy= -0.339134381535578 occ= 2
MO #277 energy= -0.337461848737396 occ= 2
MO #278 energy= -0.335835258529427 occ= 2
MO #279 energy= -0.335379841662491 occ= 2
MO #280 energy= -0.334656033074901 occ= 2
MO #281 energy= -0.334100954444243 occ= 2
MO #282 energy= -0.332058556047702 occ= 2
MO #283 energy= -0.331540499698014 occ= 2
MO #284 energy= -0.331390008468965 occ= 2
MO #285 energy= -0.329999875068515 occ= 2
MO #286 energy= -0.329743051158485 occ= 2
MO #287 energy= -0.328328359020129 occ= 2
MO #288 energy= -0.327569792145346 occ= 2
MO #289 energy= -0.326329805161519 occ= 2
MO #290 energy= -0.325163858422621 occ= 2
MO #291 energy= -0.324193073921992 occ= 2
MO #292 energy= -0.323226077620439 occ= 2
MO #293 energy= -0.318978596045276 occ= 2
MO #294 energy= -0.316838033914271 occ= 2
MO #295 energy= -0.315175121388032 occ= 2
MO #296 energy= -0.314558554266167 occ= 2
MO #297 energy= -0.313713416009955 occ= 2
MO #298 energy= -0.31188587905044  occ= 2
MO #299 energy= -0.310925688212135 occ= 2
MO #300 energy= -0.308863091748081 occ= 2
MO #301 energy= -0.304830146360072 occ= 2
MO #302 energy= -0.3029319253394   occ= 2
MO #303 energy= -0.299551932195607 occ= 2
MO #304 energy= -0.295722775280061 occ= 2
MO #305 energy= -0.291079278495502 occ= 2
MO #306 energy= -0.29054652068016  occ= 2
MO #307 energy= -0.289129516707339 occ= 2
MO #308 energy= -0.287721563852105 occ= 2
MO #309 energy= -0.285615689124699 occ= 2
MO #310 energy= -0.282572988947411 occ= 2
MO #311 energy= -0.262783128953037 occ= 2
MO #312 energy= -0.251446177484089 occ= 2
MO #313 energy= -0.247517839133251 occ= 2
MO #314 energy= -0.24642409252159  occ= 2
MO #315 energy= -0.243978091037554 occ= 2
MO #316 energy= -0.243324746597526 occ= 2
MO #317 energy= -0.240990443819236 occ= 2
MO #318 energy= -0.239953354395435 occ= 2
MO #319 energy= -0.237355754890887 occ= 2
MO #320 energy= -0.237239451613914 occ= 2
MO #321 energy= -0.235810048080003 occ= 2
MO #322 energy= -0.234092676836064 occ= 2
MO #323 energy= -0.232140785331198 occ= 2
MO #324 energy= -0.22942035849514  occ= 2
MO #325 energy= -0.22740925264289  occ= 2
MO #326 energy= -0.223618828908673 occ= 2
MO #327 energy= -0.0338012481315326 occ= 0
MO #328 energy= -0.017971645351519 occ= 0
MO #329 energy= -0.0171584584995556 occ= 0
MO #330 energy= -0.0111265463816239 occ= 0
MO #331 energy= -0.00849010697666483 occ= 0
MO #332 energy= -0.00659290299899242 occ= 0
MO #333 energy= -0.00412062707150093 occ= 0
MO #334 energy= -0.00225957191087066 occ= 0
MO #335 energy= 0.000969084002227621 occ= 0
MO #336 energy= 0.00248302007799402 occ= 0
MO #337 energy= 0.00293795626379967 occ= 0
MO #338 energy= 0.00408510611058855 occ= 0
MO #339 energy= 0.00853269701192578 occ= 0
MO #340 energy= 0.00916148387275166 occ= 0
MO #341 energy= 0.0132019814033001 occ= 0
MO #342 energy= 0.0177473937280546 occ= 0
MO #343 energy= 0.0329009383287187 occ= 0
MO #344 energy= 0.0425126833296205 occ= 0
MO #345 energy= 0.0544800864834443 occ= 0
MO #346 energy= 0.0567086689042088 occ= 0
MO #347 energy= 0.0573258820646399 occ= 0
MO #348 energy= 0.0592885101358749 occ= 0
MO #349 energy= 0.0602085820866925 occ= 0
MO #350 energy= 0.0633666543282355 occ= 0
MO #351 energy= 0.0690456331005349 occ= 0
MO #352 energy= 0.0710361887181721 occ= 0
MO #353 energy= 0.0766739694832244 occ= 0
MO #354 energy= 0.0824571212275468 occ= 0
MO #355 energy= 0.0865504443648906 occ= 0
MO #356 energy= 0.0880411343508817 occ= 0
MO #357 energy= 0.0901573664854509 occ= 0
MO #358 energy= 0.0911780975701927 occ= 0
MO #359 energy= 0.0920179055464124 occ= 0
MO #360 energy= 0.0942475947138432 occ= 0
MO #361 energy= 0.0947918954337767 occ= 0
MO #362 energy= 0.0971808926555669 occ= 0
MO #363 energy= 0.0985594911132489 occ= 0
MO #364 energy= 0.0986697518702828 occ= 0
MO #365 energy= 0.0997932796789612 occ= 0
MO #366 energy= 0.102596242643287  occ= 0
MO #367 energy= 0.10350998946215   occ= 0
MO #368 energy= 0.105077786395349  occ= 0
MO #369 energy= 0.105905982141368  occ= 0
MO #370 energy= 0.106425331092888  occ= 0
MO #371 energy= 0.107211636389605  occ= 0
MO #372 energy= 0.108688731589701  occ= 0
MO #373 energy= 0.109139690219421  occ= 0
MO #374 energy= 0.110330319021657  occ= 0
MO #375 energy= 0.111843090632315  occ= 0
MO #376 energy= 0.11254023868988   occ= 0
MO #377 energy= 0.114040748651191  occ= 0
MO #378 energy= 0.114560532916911  occ= 0
MO #379 energy= 0.115913969032994  occ= 0
MO #380 energy= 0.116841070069084  occ= 0
MO #381 energy= 0.11727042632182   occ= 0
MO #382 energy= 0.118021613993606  occ= 0
MO #383 energy= 0.119606307570999  occ= 0
MO #384 energy= 0.119967345612601  occ= 0
MO #385 energy= 0.12044430149527   occ= 0
MO #386 energy= 0.12220679995236   occ= 0
MO #387 energy= 0.122988999107392  occ= 0
MO #388 energy= 0.124835938097499  occ= 0
MO #389 energy= 0.126285990633414  occ= 0
MO #390 energy= 0.127949059022367  occ= 0
MO #391 energy= 0.128827633191213  occ= 0
MO #392 energy= 0.129466228817745  occ= 0
MO #393 energy= 0.130198697684226  occ= 0
MO #394 energy= 0.13126131839914   occ= 0
MO #395 energy= 0.132101921121679  occ= 0
MO #396 energy= 0.133029466980359  occ= 0
MO #397 energy= 0.133452375260655  occ= 0
MO #398 energy= 0.134911091621217  occ= 0
MO #399 energy= 0.136033666290976  occ= 0
MO #400 energy= 0.137607593190343  occ= 0
MO #401 energy= 0.138923474875335  occ= 0
MO #402 energy= 0.139986859653564  occ= 0
MO #403 energy= 0.141679831839703  occ= 0
MO #404 energy= 0.142812508787772  occ= 0
MO #405 energy= 0.143856445778155  occ= 0
MO #406 energy= 0.145227996161931  occ= 0
MO #407 energy= 0.146792961743611  occ= 0
MO #408 energy= 0.147682802662837  occ= 0
MO #409 energy= 0.150436855456447  occ= 0
MO #410 energy= 0.151030256178863  occ= 0
MO #411 energy= 0.154200995139367  occ= 0
MO #412 energy= 0.155410980642234  occ= 0
MO #413 energy= 0.156918369213804  occ= 0
MO #414 energy= 0.158615412867838  occ= 0
MO #415 energy= 0.160357485243723  occ= 0
MO #416 energy= 0.163078464408459  occ= 0
MO #417 energy= 0.164755592552147  occ= 0
MO #418 energy= 0.167425635084568  occ= 0
MO #419 energy= 0.168962063790996  occ= 0
MO #420 energy= 0.169413434447787  occ= 0
MO #421 energy= 0.171566611155612  occ= 0
MO #422 energy= 0.173082787918767  occ= 0
MO #423 energy= 0.173854004431623  occ= 0
MO #424 energy= 0.174494058908383  occ= 0
MO #425 energy= 0.175466651634396  occ= 0
MO #426 energy= 0.176405595866956  occ= 0
MO #427 energy= 0.177350497580325  occ= 0
MO #428 energy= 0.177822406258983  occ= 0
MO #429 energy= 0.178147283397533  occ= 0
MO #430 energy= 0.179122366607727  occ= 0
MO #431 energy= 0.180569026516084  occ= 0
MO #432 energy= 0.181446934696768  occ= 0
MO #433 energy= 0.18234361392598   occ= 0
MO #434 energy= 0.182713984560192  occ= 0
MO #435 energy= 0.183599923849316  occ= 0
MO #436 energy= 0.185323131694981  occ= 0
MO #437 energy= 0.186216230938915  occ= 0
MO #438 energy= 0.187945238673414  occ= 0
MO #439 energy= 0.189857667639097  occ= 0
MO #440 energy= 0.191758189864759  occ= 0
MO #441 energy= 0.192686765185824  occ= 0
MO #442 energy= 0.194531585415778  occ= 0
MO #443 energy= 0.195615907087684  occ= 0
MO #444 energy= 0.196496682902929  occ= 0
MO #445 energy= 0.197177789086667  occ= 0
MO #446 energy= 0.197846591178002  occ= 0
MO #447 energy= 0.198698994685732  occ= 0
MO #448 energy= 0.198760840672466  occ= 0
MO #449 energy= 0.199106272715528  occ= 0
MO #450 energy= 0.200006323371747  occ= 0
MO #451 energy= 0.200880322351911  occ= 0
MO #452 energy= 0.202115554294906  occ= 0
MO #453 energy= 0.203296585143793  occ= 0
MO #454 energy= 0.204619163831993  occ= 0
MO #455 energy= 0.20553828833446   occ= 0
MO #456 energy= 0.207838386099851  occ= 0
MO #457 energy= 0.209445049637081  occ= 0
MO #458 energy= 0.211747157346798  occ= 0
MO #459 energy= 0.212209633590832  occ= 0
MO #460 energy= 0.213878271501205  occ= 0
MO #461 energy= 0.214639349799107  occ= 0
MO #462 energy= 0.217512154186232  occ= 0
MO #463 energy= 0.21784543947576   occ= 0
MO #464 energy= 0.219023748592631  occ= 0
MO #465 energy= 0.220570430920825  occ= 0
MO #466 energy= 0.224385567885915  occ= 0
MO #467 energy= 0.225053491088104  occ= 0
MO #468 energy= 0.229697799268194  occ= 0
MO #469 energy= 0.230799320753882  occ= 0
MO #470 energy= 0.231430727100094  occ= 0
MO #471 energy= 0.234787205289093  occ= 0
MO #472 energy= 0.236383059829628  occ= 0
MO #473 energy= 0.23938713528391   occ= 0
MO #474 energy= 0.239980768076382  occ= 0
MO #475 energy= 0.242391827068628  occ= 0
MO #476 energy= 0.243917365684662  occ= 0
MO #477 energy= 0.247108495126727  occ= 0
MO #478 energy= 0.250109954644322  occ= 0
MO #479 energy= 0.251983857467636  occ= 0
MO #480 energy= 0.253898927817017  occ= 0
MO #481 energy= 0.254790356288983  occ= 0
MO #482 energy= 0.255209010359095  occ= 0
MO #483 energy= 0.256158151159417  occ= 0
MO #484 energy= 0.257567122108921  occ= 0
MO #485 energy= 0.25888815878869   occ= 0
MO #486 energy= 0.259422036414142  occ= 0
MO #487 energy= 0.260129314780525  occ= 0
MO #488 energy= 0.262341114807078  occ= 0
MO #489 energy= 0.263563216425727  occ= 0
MO #490 energy= 0.26697464149445   occ= 0
MO #491 energy= 0.271553073034462  occ= 0
MO #492 energy= 0.274591661501582  occ= 0
MO #493 energy= 0.276507185511129  occ= 0
MO #494 energy= 0.277858887559448  occ= 0
MO #495 energy= 0.284444169689731  occ= 0
MO #496 energy= 0.28597962182092   occ= 0
MO #497 energy= 0.286721518806123  occ= 0
MO #498 energy= 0.290761565546695  occ= 0
MO #499 energy= 0.293868406168839  occ= 0
MO #500 energy= 0.295313071552683  occ= 0
MO #501 energy= 0.299376582441886  occ= 0
MO #502 energy= 0.30113203203583   occ= 0
MO #503 energy= 0.302030942188069  occ= 0
MO #504 energy= 0.303884979488988  occ= 0
MO #505 energy= 0.308315412033777  occ= 0
MO #506 energy= 0.310613830792477  occ= 0
MO #507 energy= 0.31113794941112   occ= 0
MO #508 energy= 0.315662072252964  occ= 0
MO #509 energy= 0.316005772657636  occ= 0
MO #510 energy= 0.321659896182404  occ= 0
MO #511 energy= 0.328589930208555  occ= 0
MO #512 energy= 0.329634699821917  occ= 0
MO #513 energy= 0.330403624435483  occ= 0
MO #514 energy= 0.33190154681888   occ= 0
MO #515 energy= 0.333616920313138  occ= 0
MO #516 energy= 0.335004137787423  occ= 0
MO #517 energy= 0.337176726958832  occ= 0
MO #518 energy= 0.338443497752698  occ= 0
MO #519 energy= 0.340729951743359  occ= 0
MO #520 energy= 0.344222727363636  occ= 0
MO #521 energy= 0.345801259403224  occ= 0
MO #522 energy= 0.348879981240703  occ= 0
MO #523 energy= 0.350269742744405  occ= 0
MO #524 energy= 0.352884067205647  occ= 0
MO #525 energy= 0.353477432584568  occ= 0
MO #526 energy= 0.355962046237202  occ= 0
MO #527 energy= 0.356430173709595  occ= 0
MO #528 energy= 0.36146616518621   occ= 0
MO #529 energy= 0.365572215015095  occ= 0
MO #530 energy= 0.36787555251239   occ= 0
MO #531 energy= 0.370494350580764  occ= 0
MO #532 energy= 0.372500093530959  occ= 0
MO #533 energy= 0.373789637419267  occ= 0
MO #534 energy= 0.376376558787297  occ= 0
MO #535 energy= 0.38343592775485   occ= 0
MO #536 energy= 0.383821225667274  occ= 0
MO #537 energy= 0.38812852980271   occ= 0
MO #538 energy= 0.391126856643995  occ= 0
MO #539 energy= 0.394053334966941  occ= 0
MO #540 energy= 0.396261751069337  occ= 0
MO #541 energy= 0.396550757943286  occ= 0
MO #542 energy= 0.398047268035931  occ= 0
MO #543 energy= 0.399072868519229  occ= 0
MO #544 energy= 0.401991806227477  occ= 0
MO #545 energy= 0.405707186666981  occ= 0
MO #546 energy= 0.407864953522278  occ= 0
MO #547 energy= 0.409184506963842  occ= 0
MO #548 energy= 0.410381720309043  occ= 0
MO #549 energy= 0.412705580591404  occ= 0
MO #550 energy= 0.413572431542956  occ= 0
MO #551 energy= 0.416258834583339  occ= 0
MO #552 energy= 0.418730458040939  occ= 0
MO #553 energy= 0.419234025515499  occ= 0
MO #554 energy= 0.420187021389505  occ= 0
MO #555 energy= 0.422234234007073  occ= 0
MO #556 energy= 0.42486012313825   occ= 0
MO #557 energy= 0.425922481985883  occ= 0
MO #558 energy= 0.426473764828342  occ= 0
MO #559 energy= 0.429038838650663  occ= 0
MO #560 energy= 0.430143761675925  occ= 0
MO #561 energy= 0.432162065760666  occ= 0
MO #562 energy= 0.433381396075621  occ= 0
MO #563 energy= 0.435526201531947  occ= 0
MO #564 energy= 0.437306850498139  occ= 0
MO #565 energy= 0.437891437376849  occ= 0
MO #566 energy= 0.440815084263498  occ= 0
MO #567 energy= 0.443033712607156  occ= 0
MO #568 energy= 0.444039536726036  occ= 0
MO #569 energy= 0.446788743834159  occ= 0
MO #570 energy= 0.448523108549417  occ= 0
MO #571 energy= 0.44965850430001   occ= 0
MO #572 energy= 0.450231443909958  occ= 0
MO #573 energy= 0.453993772925513  occ= 0
MO #574 energy= 0.456076599901614  occ= 0
MO #575 energy= 0.456931471739761  occ= 0
MO #576 energy= 0.457206212006143  occ= 0
MO #577 energy= 0.459001938564844  occ= 0
MO #578 energy= 0.459707265685603  occ= 0
MO #579 energy= 0.460491458080279  occ= 0
MO #580 energy= 0.46293529111131   occ= 0
MO #581 energy= 0.463106401168911  occ= 0
MO #582 energy= 0.464212271648871  occ= 0
MO #583 energy= 0.464988797155371  occ= 0
MO #584 energy= 0.46648968276585   occ= 0
MO #585 energy= 0.467250503838566  occ= 0
MO #586 energy= 0.469593758551873  occ= 0
MO #587 energy= 0.471380773416618  occ= 0
MO #588 energy= 0.47373005047893   occ= 0
MO #589 energy= 0.475292721278712  occ= 0
MO #590 energy= 0.478807577805332  occ= 0
MO #591 energy= 0.48031163068885   occ= 0
MO #592 energy= 0.483963817592381  occ= 0
MO #593 energy= 0.484601785309622  occ= 0
MO #594 energy= 0.487024826424973  occ= 0
MO #595 energy= 0.487874689068151  occ= 0
MO #596 energy= 0.488906901255206  occ= 0
MO #597 energy= 0.489546352855867  occ= 0
MO #598 energy= 0.491171027850703  occ= 0
MO #599 energy= 0.493811915857268  occ= 0
MO #600 energy= 0.494613159255544  occ= 0
MO #601 energy= 0.497193887521972  occ= 0
MO #602 energy= 0.501235737322338  occ= 0
MO #603 energy= 0.502242598601495  occ= 0
MO #604 energy= 0.503955376414794  occ= 0
MO #605 energy= 0.506408204283297  occ= 0
MO #606 energy= 0.507621881720542  occ= 0
MO #607 energy= 0.509424995059678  occ= 0
MO #608 energy= 0.512495176804993  occ= 0
MO #609 energy= 0.516591783182125  occ= 0
MO #610 energy= 0.518995893530043  occ= 0
MO #611 energy= 0.526099442041047  occ= 0
MO #612 energy= 0.528812451735938  occ= 0
MO #613 energy= 0.530350396627377  occ= 0
MO #614 energy= 0.533019222099932  occ= 0
MO #615 energy= 0.534835407390784  occ= 0
MO #616 energy= 0.535091944209091  occ= 0
MO #617 energy= 0.5381609165917    occ= 0
MO #618 energy= 0.540862494191306  occ= 0
MO #619 energy= 0.543232730558939  occ= 0
MO #620 energy= 0.544108320757909  occ= 0
MO #621 energy= 0.54590923306242   occ= 0
MO #622 energy= 0.546917040935308  occ= 0
MO #623 energy= 0.550018867174379  occ= 0
MO #624 energy= 0.550468287710778  occ= 0
MO #625 energy= 0.554896218654076  occ= 0
MO #626 energy= 0.557532803530163  occ= 0
MO #627 energy= 0.561370998139642  occ= 0
MO #628 energy= 0.563166553991835  occ= 0
MO #629 energy= 0.565303624298542  occ= 0
MO #630 energy= 0.567960326448061  occ= 0
MO #631 energy= 0.570576408033701  occ= 0
MO #632 energy= 0.572695415234979  occ= 0
MO #633 energy= 0.575349403693947  occ= 0
MO #634 energy= 0.576740703661337  occ= 0
MO #635 energy= 0.578489046769696  occ= 0
MO #636 energy= 0.5810312443913    occ= 0
MO #637 energy= 0.582210592753532  occ= 0
MO #638 energy= 0.584548314147281  occ= 0
MO #639 energy= 0.585706360757238  occ= 0
MO #640 energy= 0.588116992722201  occ= 0
MO #641 energy= 0.590645286462984  occ= 0
MO #642 energy= 0.591455101169675  occ= 0
MO #643 energy= 0.59212324881981   occ= 0
MO #644 energy= 0.593687751097947  occ= 0
MO #645 energy= 0.594027031961084  occ= 0
MO #646 energy= 0.596726648185736  occ= 0
MO #647 energy= 0.597697623587081  occ= 0
MO #648 energy= 0.599017447152405  occ= 0
MO #649 energy= 0.600604384278085  occ= 0
MO #650 energy= 0.601730086212252  occ= 0
MO #651 energy= 0.603083238144977  occ= 0
MO #652 energy= 0.603486333081427  occ= 0
MO #653 energy= 0.606966121293803  occ= 0
MO #654 energy= 0.609021129743164  occ= 0
MO #655 energy= 0.610828571551627  occ= 0
MO #656 energy= 0.613977553153275  occ= 0
MO #657 energy= 0.615391090136537  occ= 0
MO #658 energy= 0.616206215206531  occ= 0
MO #659 energy= 0.618059598694423  occ= 0
MO #660 energy= 0.622667267079721  occ= 0
MO #661 energy= 0.625280496657747  occ= 0
MO #662 energy= 0.625998397164409  occ= 0
MO #663 energy= 0.628332308643506  occ= 0
MO #664 energy= 0.629677299237149  occ= 0
MO #665 energy= 0.630273723245098  occ= 0
MO #666 energy= 0.6315612939526    occ= 0
MO #667 energy= 0.632837798125213  occ= 0
MO #668 energy= 0.633338012192111  occ= 0
MO #669 energy= 0.634294786607806  occ= 0
MO #670 energy= 0.635552923464028  occ= 0
MO #671 energy= 0.63676564630892   occ= 0
MO #672 energy= 0.637876729143294  occ= 0
MO #673 energy= 0.638152432032387  occ= 0
MO #674 energy= 0.639929178420545  occ= 0
MO #675 energy= 0.640247925169964  occ= 0
MO #676 energy= 0.641112216126972  occ= 0
MO #677 energy= 0.64201102790486   occ= 0
MO #678 energy= 0.642727704085262  occ= 0
MO #679 energy= 0.643006303360611  occ= 0
MO #680 energy= 0.644785074502862  occ= 0
MO #681 energy= 0.645101779618582  occ= 0
MO #682 energy= 0.645977436779731  occ= 0
MO #683 energy= 0.647584391249093  occ= 0
MO #684 energy= 0.648872572535801  occ= 0
MO #685 energy= 0.64958835778777   occ= 0
MO #686 energy= 0.649994891181578  occ= 0
MO #687 energy= 0.651160069600846  occ= 0
MO #688 energy= 0.651697153319432  occ= 0
MO #689 energy= 0.652605063530236  occ= 0
MO #690 energy= 0.653536628030168  occ= 0
MO #691 energy= 0.654378843666944  occ= 0
MO #692 energy= 0.654481983884607  occ= 0
MO #693 energy= 0.65544516917644   occ= 0
MO #694 energy= 0.656297257699052  occ= 0
MO #695 energy= 0.657891790538996  occ= 0
MO #696 energy= 0.658658213729185  occ= 0
MO #697 energy= 0.659884944844617  occ= 0
MO #698 energy= 0.660350011409867  occ= 0
MO #699 energy= 0.66130002544099   occ= 0
MO #700 energy= 0.661500038289155  occ= 0
MO #701 energy= 0.66374424614017   occ= 0
MO #702 energy= 0.664598001306548  occ= 0
MO #703 energy= 0.665369575807691  occ= 0
MO #704 energy= 0.666349348116235  occ= 0
MO #705 energy= 0.666741911588905  occ= 0
MO #706 energy= 0.668271390450042  occ= 0
MO #707 energy= 0.668486359141407  occ= 0
MO #708 energy= 0.670025872804291  occ= 0
MO #709 energy= 0.670578474350184  occ= 0
MO #710 energy= 0.67119300213685   occ= 0
MO #711 energy= 0.672036378050218  occ= 0
MO #712 energy= 0.673893564645074  occ= 0
MO #713 energy= 0.674719214236953  occ= 0
MO #714 energy= 0.675834548207608  occ= 0
MO #715 energy= 0.676057186793928  occ= 0
MO #716 energy= 0.676856909115861  occ= 0
MO #717 energy= 0.67781818034069   occ= 0
MO #718 energy= 0.679778935637841  occ= 0
MO #719 energy= 0.680364484638481  occ= 0
MO #720 energy= 0.68220690922153   occ= 0
MO #721 energy= 0.682419373386452  occ= 0
MO #722 energy= 0.683241334912793  occ= 0
MO #723 energy= 0.684078403724944  occ= 0
MO #724 energy= 0.684746381103979  occ= 0
MO #725 energy= 0.685870438376793  occ= 0
MO #726 energy= 0.686684071969631  occ= 0
MO #727 energy= 0.687658370121425  occ= 0
MO #728 energy= 0.68935759273277   occ= 0
MO #729 energy= 0.689866501086216  occ= 0
MO #730 energy= 0.69106373677752   occ= 0
MO #731 energy= 0.69203212983431   occ= 0
MO #732 energy= 0.692431797248712  occ= 0
MO #733 energy= 0.693154355434919  occ= 0
MO #734 energy= 0.693779879157575  occ= 0
MO #735 energy= 0.694946704855061  occ= 0
MO #736 energy= 0.695844030433434  occ= 0
MO #737 energy= 0.696989329030749  occ= 0
MO #738 energy= 0.698615132468069  occ= 0
MO #739 energy= 0.699283515248724  occ= 0
MO #740 energy= 0.699410933771669  occ= 0
MO #741 energy= 0.701125280358389  occ= 0
MO #742 energy= 0.70183694039554   occ= 0
MO #743 energy= 0.702827119101826  occ= 0
MO #744 energy= 0.703671823097017  occ= 0
MO #745 energy= 0.705074215128621  occ= 0
MO #746 energy= 0.706272156998492  occ= 0
MO #747 energy= 0.707100414191477  occ= 0
MO #748 energy= 0.708255194390874  occ= 0
MO #749 energy= 0.709190715574366  occ= 0
MO #750 energy= 0.709505491935164  occ= 0
MO #751 energy= 0.71045555363244   occ= 0
MO #752 energy= 0.711368322802409  occ= 0
MO #753 energy= 0.712402518818654  occ= 0
MO #754 energy= 0.712712789620968  occ= 0
MO #755 energy= 0.713187747655531  occ= 0
MO #756 energy= 0.713525906959181  occ= 0
MO #757 energy= 0.714403200787644  occ= 0
MO #758 energy= 0.715178884054229  occ= 0
MO #759 energy= 0.716654801919434  occ= 0
MO #760 energy= 0.717294584772073  occ= 0
MO #761 energy= 0.71758076319907   occ= 0
MO #762 energy= 0.71828057350427   occ= 0
MO #763 energy= 0.71840585185494   occ= 0
MO #764 energy= 0.719289615036125  occ= 0
MO #765 energy= 0.720334961831683  occ= 0
MO #766 energy= 0.721185921399706  occ= 0
MO #767 energy= 0.722126862362103  occ= 0
MO #768 energy= 0.722438868368554  occ= 0
MO #769 energy= 0.72392382678997   occ= 0
MO #770 energy= 0.724073062821452  occ= 0
MO #771 energy= 0.724555772506873  occ= 0
MO #772 energy= 0.725694557502933  occ= 0
MO #773 energy= 0.726803863866964  occ= 0
MO #774 energy= 0.728680487787612  occ= 0
MO #775 energy= 0.730074485209991  occ= 0
MO #776 energy= 0.730313382196527  occ= 0
MO #777 energy= 0.730777249946085  occ= 0
MO #778 energy= 0.731272494808554  occ= 0
MO #779 energy= 0.732958023258039  occ= 0
MO #780 energy= 0.733891558559251  occ= 0
MO #781 energy= 0.734374436173889  occ= 0
MO #782 energy= 0.736200398570374  occ= 0
MO #783 energy= 0.736731213714994  occ= 0
MO #784 energy= 0.738140319938131  occ= 0
MO #785 energy= 0.739546517412753  occ= 0
MO #786 energy= 0.739902743555526  occ= 0
MO #787 energy= 0.741460320318106  occ= 0
MO #788 energy= 0.74306544906668   occ= 0
MO #789 energy= 0.743076483837322  occ= 0
MO #790 energy= 0.744578714070788  occ= 0
MO #791 energy= 0.74514263374393   occ= 0
MO #792 energy= 0.746151212128034  occ= 0
MO #793 energy= 0.747139564563734  occ= 0
MO #794 energy= 0.750004072066165  occ= 0
MO #795 energy= 0.75148028852293   occ= 0
MO #796 energy= 0.753067408531314  occ= 0
MO #797 energy= 0.75421735219267   occ= 0
MO #798 energy= 0.756209002080905  occ= 0
MO #799 energy= 0.757852843750335  occ= 0
MO #800 energy= 0.759735403392459  occ= 0
MO #801 energy= 0.761064523761936  occ= 0
MO #802 energy= 0.761843990596917  occ= 0
MO #803 energy= 0.762647725747042  occ= 0
MO #804 energy= 0.76293896501458   occ= 0
MO #805 energy= 0.764981758356114  occ= 0
MO #806 energy= 0.765661998577718  occ= 0
MO #807 energy= 0.767662431682129  occ= 0
MO #808 energy= 0.769245091143268  occ= 0
MO #809 energy= 0.770741062476546  occ= 0
MO #810 energy= 0.772407566396571  occ= 0
MO #811 energy= 0.772833982752698  occ= 0
MO #812 energy= 0.774934687430235  occ= 0
MO #813 energy= 0.776128371602575  occ= 0
MO #814 energy= 0.778797568450284  occ= 0
MO #815 energy= 0.780203714070255  occ= 0
MO #816 energy= 0.781804697519144  occ= 0
MO #817 energy= 0.782815058140462  occ= 0
MO #818 energy= 0.785592472240859  occ= 0
MO #819 energy= 0.78767158317753   occ= 0
MO #820 energy= 0.78855527291919   occ= 0
MO #821 energy= 0.788797994399807  occ= 0
MO #822 energy= 0.792021360151812  occ= 0
MO #823 energy= 0.793970473126096  occ= 0
MO #824 energy= 0.795839719070536  occ= 0
MO #825 energy= 0.798607716396116  occ= 0
MO #826 energy= 0.800400787259866  occ= 0
MO #827 energy= 0.803273882930497  occ= 0
MO #828 energy= 0.806232973187509  occ= 0
MO #829 energy= 0.809031497862645  occ= 0
MO #830 energy= 0.812762272600591  occ= 0
MO #831 energy= 0.817412213259358  occ= 0
MO #832 energy= 0.81975338642648   occ= 0
MO #833 energy= 0.821992496116251  occ= 0
MO #834 energy= 0.823638683244514  occ= 0
MO #835 energy= 0.825884269884695  occ= 0
MO #836 energy= 0.826367336068763  occ= 0
MO #837 energy= 0.829992990936992  occ= 0
MO #838 energy= 0.831938847686715  occ= 0
MO #839 energy= 0.833754169085972  occ= 0
MO #840 energy= 0.838660044133977  occ= 0
MO #841 energy= 0.840378753626179  occ= 0
MO #842 energy= 0.843704491472134  occ= 0
MO #843 energy= 0.844141136492029  occ= 0
MO #844 energy= 0.845080752355913  occ= 0
MO #845 energy= 0.84762279929107   occ= 0
MO #846 energy= 0.850226465412446  occ= 0
MO #847 energy= 0.850844720277765  occ= 0
MO #848 energy= 0.853582024035791  occ= 0
MO #849 energy= 0.85849370755441   occ= 0
MO #850 energy= 0.858993074678545  occ= 0
MO #851 energy= 0.860049511337825  occ= 0
MO #852 energy= 0.862589212623566  occ= 0
MO #853 energy= 0.866145060727354  occ= 0
MO #854 energy= 0.868941800630175  occ= 0
MO #855 energy= 0.870403608579121  occ= 0
MO #856 energy= 0.872244859020908  occ= 0
MO #857 energy= 0.875499531151054  occ= 0
MO #858 energy= 0.877423657670309  occ= 0
MO #859 energy= 0.879608392975277  occ= 0
MO #860 energy= 0.880987164685673  occ= 0
MO #861 energy= 0.882180469639026  occ= 0
MO #862 energy= 0.885221235736017  occ= 0
MO #863 energy= 0.886130109622581  occ= 0
MO #864 energy= 0.889521606334002  occ= 0
MO #865 energy= 0.891918068496758  occ= 0
MO #866 energy= 0.892691562206438  occ= 0
MO #867 energy= 0.896693862866517  occ= 0
MO #868 energy= 0.897909818067224  occ= 0
MO #869 energy= 0.899213455944654  occ= 0
MO #870 energy= 0.902801392234949  occ= 0
MO #871 energy= 0.905065042120364  occ= 0
MO #872 energy= 0.910248210189069  occ= 0
MO #873 energy= 0.913744572024008  occ= 0
MO #874 energy= 0.915875356733898  occ= 0
MO #875 energy= 0.921440058464616  occ= 0
MO #876 energy= 0.923775180786041  occ= 0
MO #877 energy= 0.926625211924593  occ= 0
MO #878 energy= 0.928160034978129  occ= 0
MO #879 energy= 0.931537231716714  occ= 0
MO #880 energy= 0.932758551627917  occ= 0
MO #881 energy= 0.93547155960473   occ= 0
MO #882 energy= 0.936758326295291  occ= 0
MO #883 energy= 0.938914383595177  occ= 0
MO #884 energy= 0.940675594095557  occ= 0
MO #885 energy= 0.943286227111771  occ= 0
MO #886 energy= 0.946971257493435  occ= 0
MO #887 energy= 0.951272170113489  occ= 0
MO #888 energy= 0.953801751718184  occ= 0
MO #889 energy= 0.958494229375085  occ= 0
MO #890 energy= 0.961931705497663  occ= 0
MO #891 energy= 0.964670220645041  occ= 0
MO #892 energy= 0.97072162937709   occ= 0
MO #893 energy= 0.973783575469491  occ= 0
MO #894 energy= 0.97757872345602   occ= 0
MO #895 energy= 0.981447741874463  occ= 0
MO #896 energy= 0.985264564337817  occ= 0
MO #897 energy= 0.989062169179451  occ= 0
MO #898 energy= 0.99415731797465   occ= 0
MO #899 energy= 0.995339145172687  occ= 0
MO #900 energy= 1.00262433631324   occ= 0
MO #901 energy= 1.00490152568153   occ= 0
MO #902 energy= 1.0055801716818    occ= 0
MO #903 energy= 1.00722807614626   occ= 0
MO #904 energy= 1.01001836587164   occ= 0
MO #905 energy= 1.01563630287367   occ= 0
MO #906 energy= 1.02150984689967   occ= 0
MO #907 energy= 1.02450137920612   occ= 0
MO #908 energy= 1.02702641853367   occ= 0
MO #909 energy= 1.02820674235041   occ= 0
MO #910 energy= 1.03041090216704   occ= 0
MO #911 energy= 1.03408452952128   occ= 0
MO #912 energy= 1.03988297391721   occ= 0
MO #913 energy= 1.04342062465997   occ= 0
MO #914 energy= 1.04695783106244   occ= 0
MO #915 energy= 1.04885773973214   occ= 0
MO #916 energy= 1.05922347078212   occ= 0
MO #917 energy= 1.06245095108689   occ= 0
MO #918 energy= 1.06367943150986   occ= 0
MO #919 energy= 1.06499790982334   occ= 0
MO #920 energy= 1.06640150658933   occ= 0
MO #921 energy= 1.06864851603926   occ= 0
MO #922 energy= 1.07331395378836   occ= 0
MO #923 energy= 1.07464008826713   occ= 0
MO #924 energy= 1.07705819006784   occ= 0
MO #925 energy= 1.07927983608653   occ= 0
MO #926 energy= 1.07962428283913   occ= 0
MO #927 energy= 1.08737329716124   occ= 0
MO #928 energy= 1.09092657816138   occ= 0
MO #929 energy= 1.09475362338058   occ= 0
MO #930 energy= 1.09713310973029   occ= 0
MO #931 energy= 1.10111936387167   occ= 0
MO #932 energy= 1.10242482356211   occ= 0
MO #933 energy= 1.10574194064188   occ= 0
MO #934 energy= 1.10709503951083   occ= 0
MO #935 energy= 1.1114401468287    occ= 0
MO #936 energy= 1.11593719120787   occ= 0
MO #937 energy= 1.11877248392317   occ= 0
MO #938 energy= 1.12453297554339   occ= 0
MO #939 energy= 1.1270514813548    occ= 0
MO #940 energy= 1.12840235973465   occ= 0
MO #941 energy= 1.13899111029619   occ= 0
MO #942 energy= 1.14225720746837   occ= 0
MO #943 energy= 1.14576646040861   occ= 0
MO #944 energy= 1.14867590801512   occ= 0
MO #945 energy= 1.15146933057755   occ= 0
MO #946 energy= 1.15205908740437   occ= 0
MO #947 energy= 1.15349849639152   occ= 0
MO #948 energy= 1.15515952957334   occ= 0
MO #949 energy= 1.15659143557644   occ= 0
MO #950 energy= 1.16274721851544   occ= 0
MO #951 energy= 1.16723841579356   occ= 0
MO #952 energy= 1.16953555801473   occ= 0
MO #953 energy= 1.17178517708602   occ= 0
MO #954 energy= 1.17950944928846   occ= 0
MO #955 energy= 1.1847536842813    occ= 0
MO #956 energy= 1.18780065908594   occ= 0
MO #957 energy= 1.19175813679117   occ= 0
MO #958 energy= 1.19413495546394   occ= 0
MO #959 energy= 1.20498044614029   occ= 0
MO #960 energy= 1.21288398032198   occ= 0
MO #961 energy= 1.21643353440048   occ= 0
MO #962 energy= 1.21872641083745   occ= 0
MO #963 energy= 1.22012832247402   occ= 0
MO #964 energy= 1.22389784863419   occ= 0
MO #965 energy= 1.22636666742586   occ= 0
MO #966 energy= 1.2291013977579    occ= 0
MO #967 energy= 1.23325429065977   occ= 0
MO #968 energy= 1.23509434600922   occ= 0
MO #969 energy= 1.23908699447035   occ= 0
MO #970 energy= 1.24044742098696   occ= 0
MO #971 energy= 1.24479405081985   occ= 0
MO #972 energy= 1.24599243725547   occ= 0
MO #973 energy= 1.25018955143917   occ= 0
MO #974 energy= 1.25119222107947   occ= 0
MO #975 energy= 1.25736135209424   occ= 0
MO #976 energy= 1.26035073567956   occ= 0
MO #977 energy= 1.2616102501472    occ= 0
MO #978 energy= 1.26262981005375   occ= 0
MO #979 energy= 1.26345142578841   occ= 0
MO #980 energy= 1.26645353405727   occ= 0
MO #981 energy= 1.2697025184574    occ= 0
MO #982 energy= 1.27121658589725   occ= 0
MO #983 energy= 1.27545338474578   occ= 0
MO #984 energy= 1.27652657146481   occ= 0
MO #985 energy= 1.27694171528502   occ= 0
MO #986 energy= 1.2786080724501    occ= 0
MO #987 energy= 1.27933648624733   occ= 0
MO #988 energy= 1.2796626804761    occ= 0
MO #989 energy= 1.28081901188416   occ= 0
MO #990 energy= 1.28233384632174   occ= 0
MO #991 energy= 1.28283328499399   occ= 0
MO #992 energy= 1.28378344808964   occ= 0
MO #993 energy= 1.28719903112684   occ= 0
MO #994 energy= 1.28796799218516   occ= 0
MO #995 energy= 1.28908035444994   occ= 0
MO #996 energy= 1.29134396189262   occ= 0
MO #997 energy= 1.29278141961469   occ= 0
MO #998 energy= 1.29328515619372   occ= 0
MO #999 energy= 1.29475440517793   occ= 0
MO #1000 energy= 1.29703662618201   occ= 0
MO #1001 energy= 1.29905312051258   occ= 0
MO #1002 energy= 1.30107448039186   occ= 0
MO #1003 energy= 1.3024870261453    occ= 0
MO #1004 energy= 1.30303763641608   occ= 0
MO #1005 energy= 1.30568858320838   occ= 0
MO #1006 energy= 1.3078791668318    occ= 0
MO #1007 energy= 1.30959663711939   occ= 0
MO #1008 energy= 1.31452422717967   occ= 0
MO #1009 energy= 1.31869494081381   occ= 0
MO #1010 energy= 1.31983540931966   occ= 0
MO #1011 energy= 1.32189960045752   occ= 0
MO #1012 energy= 1.32335057433397   occ= 0
MO #1013 energy= 1.32475214001895   occ= 0
MO #1014 energy= 1.32981070113839   occ= 0
MO #1015 energy= 1.33246395799227   occ= 0
MO #1016 energy= 1.33293456798655   occ= 0
MO #1017 energy= 1.33678649333811   occ= 0
MO #1018 energy= 1.33924988635462   occ= 0
MO #1019 energy= 1.34053468975345   occ= 0
MO #1020 energy= 1.34615736553797   occ= 0
MO #1021 energy= 1.34761375666709   occ= 0
MO #1022 energy= 1.35106660335164   occ= 0
MO #1023 energy= 1.35260112363601   occ= 0
MO #1024 energy= 1.35667856330825   occ= 0
MO #1025 energy= 1.35799467820677   occ= 0
MO #1026 energy= 1.36582298193162   occ= 0
MO #1027 energy= 1.37162479973117   occ= 0
MO #1028 energy= 1.37408832036258   occ= 0
MO #1029 energy= 1.37716861103318   occ= 0
MO #1030 energy= 1.38135635090615   occ= 0
MO #1031 energy= 1.38250782629979   occ= 0
MO #1032 energy= 1.38870764977283   occ= 0
MO #1033 energy= 1.39367588707609   occ= 0
MO #1034 energy= 1.39868688000658   occ= 0
MO #1035 energy= 1.40049910714404   occ= 0
MO #1036 energy= 1.4019050455352    occ= 0
MO #1037 energy= 1.40278247188912   occ= 0
MO #1038 energy= 1.40485641037759   occ= 0
MO #1039 energy= 1.40739520832482   occ= 0
MO #1040 energy= 1.40896099876232   occ= 0
MO #1041 energy= 1.41086164386001   occ= 0
MO #1042 energy= 1.41869679027617   occ= 0
MO #1043 energy= 1.42609060717206   occ= 0
MO #1044 energy= 1.42787524769496   occ= 0
MO #1045 energy= 1.43312171834591   occ= 0
MO #1046 energy= 1.43506691506275   occ= 0
MO #1047 energy= 1.44529536496489   occ= 0
MO #1048 energy= 1.45622234141629   occ= 0
MO #1049 energy= 1.46967538045688   occ= 0
MO #1050 energy= 1.47653621224828   occ= 0
MO #1051 energy= 1.4838805029953    occ= 0
MO #1052 energy= 1.49421773459848   occ= 0
MO #1053 energy= 1.50370271040252   occ= 0
MO #1054 energy= 1.51914113150224   occ= 0
MO #1055 energy= 1.52157246866192   occ= 0
MO #1056 energy= 1.52309369476794   occ= 0
MO #1057 energy= 1.5277041241162    occ= 0
MO #1058 energy= 1.5311750964664    occ= 0
MO #1059 energy= 1.53210989088178   occ= 0
MO #1060 energy= 1.53338340474989   occ= 0
MO #1061 energy= 1.53531472887024   occ= 0
MO #1062 energy= 1.53677954957558   occ= 0
MO #1063 energy= 1.53826718167592   occ= 0
MO #1064 energy= 1.53967333025706   occ= 0
MO #1065 energy= 1.54164906304363   occ= 0
MO #1066 energy= 1.54230297792197   occ= 0
MO #1067 energy= 1.54309890438511   occ= 0
MO #1068 energy= 1.545631843185     occ= 0
MO #1069 energy= 1.54610151810531   occ= 0
MO #1070 energy= 1.54681030990465   occ= 0
MO #1071 energy= 1.54856711410796   occ= 0
MO #1072 energy= 1.54892311726793   occ= 0
MO #1073 energy= 1.5518259383634    occ= 0
MO #1074 energy= 1.55244251064131   occ= 0
MO #1075 energy= 1.55436834478679   occ= 0
MO #1076 energy= 1.55602526795251   occ= 0
MO #1077 energy= 1.55712454887304   occ= 0
MO #1078 energy= 1.559627130501     occ= 0
MO #1079 energy= 1.5612105176411    occ= 0
MO #1080 energy= 1.56379686307497   occ= 0
MO #1081 energy= 1.56557967945868   occ= 0
MO #1082 energy= 1.56787495562777   occ= 0
MO #1083 energy= 1.56847585253414   occ= 0
MO #1084 energy= 1.5702449732863    occ= 0
MO #1085 energy= 1.57054115428543   occ= 0
MO #1086 energy= 1.57138553571406   occ= 0
MO #1087 energy= 1.57289756215984   occ= 0
MO #1088 energy= 1.57349351641922   occ= 0
MO #1089 energy= 1.57503460654803   occ= 0
MO #1090 energy= 1.57599848864556   occ= 0
MO #1091 energy= 1.57715707145207   occ= 0
MO #1092 energy= 1.57830876243209   occ= 0
MO #1093 energy= 1.58191266921706   occ= 0
MO #1094 energy= 1.58312144556703   occ= 0
MO #1095 energy= 1.58517561413695   occ= 0
MO #1096 energy= 1.58785753493358   occ= 0
MO #1097 energy= 1.5904244885955    occ= 0
MO #1098 energy= 1.59856316060028   occ= 0
MO #1099 energy= 1.5999100324883    occ= 0
MO #1100 energy= 1.60300400103117   occ= 0
MO #1101 energy= 1.60944282586991   occ= 0
MO #1102 energy= 1.62223152836085   occ= 0
MO #1103 energy= 1.62631408291841   occ= 0
MO #1104 energy= 1.62977152410593   occ= 0
MO #1105 energy= 1.63638265431715   occ= 0
MO #1106 energy= 1.6453813677198    occ= 0
MO #1107 energy= 1.64996011687591   occ= 0
MO #1108 energy= 1.65286873303746   occ= 0
MO #1109 energy= 1.65398539000487   occ= 0
MO #1110 energy= 1.65714067594323   occ= 0
MO #1111 energy= 1.65832806409499   occ= 0
MO #1112 energy= 1.66013667717644   occ= 0
MO #1113 energy= 1.66453484577717   occ= 0
MO #1114 energy= 1.6694649881159    occ= 0
MO #1115 energy= 1.67691929963317   occ= 0
MO #1116 energy= 1.67864846970248   occ= 0
MO #1117 energy= 1.68369590562568   occ= 0
MO #1118 energy= 1.68627827418939   occ= 0
MO #1119 energy= 1.68736235369334   occ= 0
MO #1120 energy= 1.68899811294328   occ= 0
MO #1121 energy= 1.69106581800777   occ= 0
MO #1122 energy= 1.69385223990888   occ= 0
MO #1123 energy= 1.69475680743039   occ= 0
MO #1124 energy= 1.69574460377996   occ= 0
MO #1125 energy= 1.69741793903319   occ= 0
MO #1126 energy= 1.69861667473556   occ= 0
MO #1127 energy= 1.7013959635705    occ= 0
MO #1128 energy= 1.70201842241096   occ= 0
MO #1129 energy= 1.70247476757323   occ= 0
MO #1130 energy= 1.70350215465082   occ= 0
MO #1131 energy= 1.70360472361816   occ= 0
MO #1132 energy= 1.70640784325413   occ= 0
MO #1133 energy= 1.70834948027136   occ= 0
MO #1134 energy= 1.7093948273589    occ= 0
MO #1135 energy= 1.71398743041305   occ= 0
MO #1136 energy= 1.71684365139252   occ= 0
MO #1137 energy= 1.72070718965392   occ= 0
MO #1138 energy= 1.72865352710441   occ= 0
MO #1139 energy= 1.7322946887091    occ= 0
MO #1140 energy= 1.73456130260291   occ= 0
MO #1141 energy= 1.73587817463553   occ= 0
MO #1142 energy= 1.73757088739987   occ= 0
MO #1143 energy= 1.73860346640987   occ= 0
MO #1144 energy= 1.7403433111749    occ= 0
MO #1145 energy= 1.74171759360003   occ= 0
MO #1146 energy= 1.74197355103762   occ= 0
MO #1147 energy= 1.74368196916635   occ= 0
MO #1148 energy= 1.74483849600515   occ= 0
MO #1149 energy= 1.74556463085939   occ= 0
MO #1150 energy= 1.7476977469206    occ= 0
MO #1151 energy= 1.74835535256281   occ= 0
MO #1152 energy= 1.74874384777481   occ= 0
MO #1153 energy= 1.75078704189084   occ= 0
MO #1154 energy= 1.75183836335009   occ= 0
MO #1155 energy= 1.75358323779716   occ= 0
MO #1156 energy= 1.75471878417099   occ= 0
MO #1157 energy= 1.75733992737325   occ= 0
MO #1158 energy= 1.76267630301336   occ= 0
MO #1159 energy= 1.76521014131874   occ= 0
MO #1160 energy= 1.76811311905754   occ= 0
MO #1161 energy= 1.76952048411572   occ= 0
MO #1162 energy= 1.773414770763     occ= 0
MO #1163 energy= 1.77470006796392   occ= 0
MO #1164 energy= 1.77682738817591   occ= 0
MO #1165 energy= 1.77820196570254   occ= 0
MO #1166 energy= 1.77940728169322   occ= 0
MO #1167 energy= 1.78136907525934   occ= 0
MO #1168 energy= 1.78205313603788   occ= 0
MO #1169 energy= 1.78350532999761   occ= 0
MO #1170 energy= 1.78548173551676   occ= 0
MO #1171 energy= 1.78677746176145   occ= 0
MO #1172 energy= 1.7894032961311    occ= 0
MO #1173 energy= 1.79113144448408   occ= 0
MO #1174 energy= 1.79284271503449   occ= 0
MO #1175 energy= 1.79404663271537   occ= 0
MO #1176 energy= 1.79715626945382   occ= 0
MO #1177 energy= 1.7984027122663    occ= 0
MO #1178 energy= 1.79981453609857   occ= 0
MO #1179 energy= 1.80427225138433   occ= 0
MO #1180 energy= 1.80495127460175   occ= 0
MO #1181 energy= 1.8078137849807    occ= 0
MO #1182 energy= 1.80968764014936   occ= 0
MO #1183 energy= 1.81062282328267   occ= 0
MO #1184 energy= 1.81158328829017   occ= 0
MO #1185 energy= 1.81350913996488   occ= 0
MO #1186 energy= 1.81737448048473   occ= 0
MO #1187 energy= 1.82009689438894   occ= 0
MO #1188 energy= 1.8210622337483    occ= 0
MO #1189 energy= 1.8261672048563    occ= 0
MO #1190 energy= 1.82789906950665   occ= 0
MO #1191 energy= 1.82903670359048   occ= 0
MO #1192 energy= 1.83113396720693   occ= 0
MO #1193 energy= 1.83153185364884   occ= 0
MO #1194 energy= 1.83188819602364   occ= 0
MO #1195 energy= 1.8324543349297    occ= 0
MO #1196 energy= 1.8333681229973    occ= 0
MO #1197 energy= 1.83445387240269   occ= 0
MO #1198 energy= 1.83515675864724   occ= 0
MO #1199 energy= 1.83771843026785   occ= 0
MO #1200 energy= 1.83969712123335   occ= 0
MO #1201 energy= 1.84141730310092   occ= 0
MO #1202 energy= 1.84235517067162   occ= 0
MO #1203 energy= 1.84317494993586   occ= 0
MO #1204 energy= 1.84461564704      occ= 0
MO #1205 energy= 1.84569630783018   occ= 0
MO #1206 energy= 1.84607885776898   occ= 0
MO #1207 energy= 1.84703353621137   occ= 0
MO #1208 energy= 1.84774691069804   occ= 0
MO #1209 energy= 1.84904218992632   occ= 0
MO #1210 energy= 1.84919133800745   occ= 0
MO #1211 energy= 1.84965193515391   occ= 0
MO #1212 energy= 1.85033333573752   occ= 0
MO #1213 energy= 1.85058792717745   occ= 0
MO #1214 energy= 1.85129789368494   occ= 0
MO #1215 energy= 1.85181811681411   occ= 0
MO #1216 energy= 1.85285872146254   occ= 0
MO #1217 energy= 1.85535832065842   occ= 0
MO #1218 energy= 1.85701867011819   occ= 0
MO #1219 energy= 1.85798288118603   occ= 0
MO #1220 energy= 1.85906423627704   occ= 0
MO #1221 energy= 1.86051870491039   occ= 0
MO #1222 energy= 1.86150475847984   occ= 0
MO #1223 energy= 1.8623392887659    occ= 0
MO #1224 energy= 1.8634095561482    occ= 0
MO #1225 energy= 1.8645197864153    occ= 0
MO #1226 energy= 1.86528631160237   occ= 0
MO #1227 energy= 1.8662299102823    occ= 0
MO #1228 energy= 1.86674099773258   occ= 0
MO #1229 energy= 1.86783223295187   occ= 0
MO #1230 energy= 1.86915459905396   occ= 0
MO #1231 energy= 1.87215738658273   occ= 0
MO #1232 energy= 1.87293198718723   occ= 0
MO #1233 energy= 1.87359517319189   occ= 0
MO #1234 energy= 1.87597600455132   occ= 0
MO #1235 energy= 1.87737800449499   occ= 0
MO #1236 energy= 1.87801457229561   occ= 0
MO #1237 energy= 1.87923836840833   occ= 0
MO #1238 energy= 1.87982897378456   occ= 0
MO #1239 energy= 1.88273505208454   occ= 0
MO #1240 energy= 1.88343056193128   occ= 0
MO #1241 energy= 1.88608191987889   occ= 0
MO #1242 energy= 1.88719806957813   occ= 0
MO #1243 energy= 1.889291612857     occ= 0
MO #1244 energy= 1.89173829537422   occ= 0
MO #1245 energy= 1.89268235319837   occ= 0
MO #1246 energy= 1.89634424270998   occ= 0
MO #1247 energy= 1.89839329999625   occ= 0
MO #1248 energy= 1.89977557017063   occ= 0
MO #1249 energy= 1.90140754013551   occ= 0
MO #1250 energy= 1.90207201830372   occ= 0
MO #1251 energy= 1.90418089251285   occ= 0
MO #1252 energy= 1.90723607951259   occ= 0
MO #1253 energy= 1.90767363248199   occ= 0
MO #1254 energy= 1.90862860599887   occ= 0
MO #1255 energy= 1.9111117325474    occ= 0
MO #1256 energy= 1.91354797089143   occ= 0
MO #1257 energy= 1.9137801956123    occ= 0
MO #1258 energy= 1.91548106369034   occ= 0
MO #1259 energy= 1.91679639596904   occ= 0
MO #1260 energy= 1.91713839612719   occ= 0
MO #1261 energy= 1.92016849562683   occ= 0
MO #1262 energy= 1.9215477828213    occ= 0
MO #1263 energy= 1.9224568735246    occ= 0
MO #1264 energy= 1.92519571815217   occ= 0
MO #1265 energy= 1.92706764180501   occ= 0
MO #1266 energy= 1.92996117086902   occ= 0
MO #1267 energy= 1.93066316906135   occ= 0
MO #1268 energy= 1.93192335532993   occ= 0
MO #1269 energy= 1.93284139288052   occ= 0
MO #1270 energy= 1.93705431175979   occ= 0
MO #1271 energy= 1.93768557748274   occ= 0
MO #1272 energy= 1.94049567685804   occ= 0
MO #1273 energy= 1.94082825763145   occ= 0
MO #1274 energy= 1.94325837884166   occ= 0
MO #1275 energy= 1.94472531089094   occ= 0
MO #1276 energy= 1.94556111216749   occ= 0
MO #1277 energy= 1.94643083899271   occ= 0
MO #1278 energy= 1.95416361278815   occ= 0
MO #1279 energy= 1.95440968884287   occ= 0
MO #1280 energy= 1.95538523512028   occ= 0
MO #1281 energy= 1.95691422914365   occ= 0
MO #1282 energy= 1.95757134049358   occ= 0
MO #1283 energy= 1.9580232643786    occ= 0
MO #1284 energy= 1.9603901875858    occ= 0
MO #1285 energy= 1.96391590723795   occ= 0
MO #1286 energy= 1.96450587891234   occ= 0
MO #1287 energy= 1.96668260654932   occ= 0
MO #1288 energy= 1.96729837663916   occ= 0
MO #1289 energy= 1.96989184174651   occ= 0
MO #1290 energy= 1.97200127490979   occ= 0
MO #1291 energy= 1.97288516858564   occ= 0
MO #1292 energy= 1.97637687764797   occ= 0
MO #1293 energy= 1.97753303244488   occ= 0
MO #1294 energy= 1.97973579084645   occ= 0
MO #1295 energy= 1.9855600536232    occ= 0
MO #1296 energy= 1.99007541004508   occ= 0
MO #1297 energy= 1.99337405674798   occ= 0
MO #1298 energy= 1.99978102628001   occ= 0
MO #1299 energy= 2.00202583154861   occ= 0
MO #1300 energy= 2.00420872790386   occ= 0
MO #1301 energy= 2.00532500716045   occ= 0
MO #1302 energy= 2.00897843083669   occ= 0
MO #1303 energy= 2.00930857356389   occ= 0
MO #1304 energy= 2.01152246696706   occ= 0
MO #1305 energy= 2.01207366304954   occ= 0
MO #1306 energy= 2.01337747512584   occ= 0
MO #1307 energy= 2.0146285415847    occ= 0
MO #1308 energy= 2.0158075273773    occ= 0
MO #1309 energy= 2.01848880610134   occ= 0
MO #1310 energy= 2.02118295033179   occ= 0
MO #1311 energy= 2.02136821587401   occ= 0
MO #1312 energy= 2.02247994983954   occ= 0
MO #1313 energy= 2.02338218231036   occ= 0
MO #1314 energy= 2.0248445738851    occ= 0
MO #1315 energy= 2.024912571789     occ= 0
MO #1316 energy= 2.02607874876845   occ= 0
MO #1317 energy= 2.02761877744232   occ= 0
MO #1318 energy= 2.02784456360815   occ= 0
MO #1319 energy= 2.02861090701433   occ= 0
MO #1320 energy= 2.02961412794525   occ= 0
MO #1321 energy= 2.03105184994463   occ= 0
MO #1322 energy= 2.03720011238609   occ= 0
MO #1323 energy= 2.03829965858653   occ= 0
MO #1324 energy= 2.03947175867641   occ= 0
MO #1325 energy= 2.04240758821386   occ= 0
MO #1326 energy= 2.04372737626548   occ= 0
MO #1327 energy= 2.04825520088656   occ= 0
MO #1328 energy= 2.04906403651076   occ= 0
MO #1329 energy= 2.0516321117411    occ= 0
MO #1330 energy= 2.05890039523044   occ= 0
MO #1331 energy= 2.06053598115653   occ= 0
MO #1332 energy= 2.06438443171095   occ= 0
MO #1333 energy= 2.06624039126042   occ= 0
MO #1334 energy= 2.07149989220936   occ= 0
MO #1335 energy= 2.07715899065904   occ= 0
MO #1336 energy= 2.08206889888009   occ= 0
MO #1337 energy= 2.08638884915982   occ= 0
MO #1338 energy= 2.08759809769763   occ= 0
MO #1339 energy= 2.09199562537661   occ= 0
MO #1340 energy= 2.0955105018893    occ= 0
MO #1341 energy= 2.09660726009445   occ= 0
MO #1342 energy= 2.1018307869365    occ= 0
MO #1343 energy= 2.10410905833808   occ= 0
MO #1344 energy= 2.11087581792242   occ= 0
MO #1345 energy= 2.11483113836995   occ= 0
MO #1346 energy= 2.1168035750126    occ= 0
MO #1347 energy= 2.12259664720585   occ= 0
MO #1348 energy= 2.12451339966164   occ= 0
MO #1349 energy= 2.12710301502659   occ= 0
MO #1350 energy= 2.12970893986732   occ= 0
MO #1351 energy= 2.13181124215269   occ= 0
MO #1352 energy= 2.13653443862123   occ= 0
MO #1353 energy= 2.13981812383407   occ= 0
MO #1354 energy= 2.14154997563703   occ= 0
MO #1355 energy= 2.15082678668172   occ= 0
MO #1356 energy= 2.15289014055398   occ= 0
MO #1357 energy= 2.15607460585514   occ= 0
MO #1358 energy= 2.15633081509801   occ= 0
MO #1359 energy= 2.15777725091164   occ= 0
MO #1360 energy= 2.15916692704277   occ= 0
MO #1361 energy= 2.16351897461416   occ= 0
MO #1362 energy= 2.16598948233888   occ= 0
MO #1363 energy= 2.16822298734812   occ= 0
MO #1364 energy= 2.17013887365489   occ= 0
MO #1365 energy= 2.17140006383873   occ= 0
MO #1366 energy= 2.17379953977904   occ= 0
MO #1367 energy= 2.17927015172035   occ= 0
MO #1368 energy= 2.18048675112363   occ= 0
MO #1369 energy= 2.18471192210583   occ= 0
MO #1370 energy= 2.18907825059548   occ= 0
MO #1371 energy= 2.19118289236679   occ= 0
MO #1372 energy= 2.19393697074593   occ= 0
MO #1373 energy= 2.19800230880421   occ= 0
MO #1374 energy= 2.20180836194233   occ= 0
MO #1375 energy= 2.20331871015927   occ= 0
MO #1376 energy= 2.20429377565363   occ= 0
MO #1377 energy= 2.20563613422736   occ= 0
MO #1378 energy= 2.20573960098774   occ= 0
MO #1379 energy= 2.20691486721254   occ= 0
MO #1380 energy= 2.20806410632783   occ= 0
MO #1381 energy= 2.20942962367248   occ= 0
MO #1382 energy= 2.21138011275996   occ= 0
MO #1383 energy= 2.21481028981261   occ= 0
MO #1384 energy= 2.21951798679384   occ= 0
MO #1385 energy= 2.22162386687333   occ= 0
MO #1386 energy= 2.22391095098124   occ= 0
MO #1387 energy= 2.22477433972427   occ= 0
MO #1388 energy= 2.2277579652515    occ= 0
MO #1389 energy= 2.23021856273137   occ= 0
MO #1390 energy= 2.23176352536625   occ= 0
MO #1391 energy= 2.23354337760329   occ= 0
MO #1392 energy= 2.23491667419612   occ= 0
MO #1393 energy= 2.23690253151798   occ= 0
MO #1394 energy= 2.23928784801039   occ= 0
MO #1395 energy= 2.24196000500579   occ= 0
MO #1396 energy= 2.24821522575582   occ= 0
MO #1397 energy= 2.24847354075998   occ= 0
MO #1398 energy= 2.25252693798262   occ= 0
MO #1399 energy= 2.25537566247199   occ= 0
MO #1400 energy= 2.2579203560453    occ= 0
MO #1401 energy= 2.2593920378989    occ= 0
MO #1402 energy= 2.26300038463242   occ= 0
MO #1403 energy= 2.26416424783173   occ= 0
MO #1404 energy= 2.26724952481057   occ= 0
MO #1405 energy= 2.27425037090301   occ= 0
MO #1406 energy= 2.27812618159598   occ= 0
MO #1407 energy= 2.28030164766924   occ= 0
MO #1408 energy= 2.282269336995     occ= 0
MO #1409 energy= 2.28861543719371   occ= 0
MO #1410 energy= 2.29521936424243   occ= 0
MO #1411 energy= 2.30434296469511   occ= 0
MO #1412 energy= 2.30668444735967   occ= 0
MO #1413 energy= 2.30966026869075   occ= 0
MO #1414 energy= 2.3120229864002    occ= 0
MO #1415 energy= 2.31387710101813   occ= 0
MO #1416 energy= 2.31427695140415   occ= 0
MO #1417 energy= 2.32076627515058   occ= 0
MO #1418 energy= 2.32337493343774   occ= 0
MO #1419 energy= 2.32433817400398   occ= 0
MO #1420 energy= 2.32751228413047   occ= 0
MO #1421 energy= 2.32988516649706   occ= 0
MO #1422 energy= 2.33174233628448   occ= 0
MO #1423 energy= 2.33360021767776   occ= 0
MO #1424 energy= 2.34015247791088   occ= 0
MO #1425 energy= 2.34125148879051   occ= 0
MO #1426 energy= 2.34240820578162   occ= 0
MO #1427 energy= 2.344136292717     occ= 0
MO #1428 energy= 2.34478145450624   occ= 0
MO #1429 energy= 2.34778341059645   occ= 0
MO #1430 energy= 2.34888244802002   occ= 0
MO #1431 energy= 2.3497390364685    occ= 0
MO #1432 energy= 2.35061622970062   occ= 0
MO #1433 energy= 2.3514681123952    occ= 0
MO #1434 energy= 2.35295621127065   occ= 0
MO #1435 energy= 2.35534357589945   occ= 0
MO #1436 energy= 2.35689294338915   occ= 0
MO #1437 energy= 2.35795232491864   occ= 0
MO #1438 energy= 2.3601688742051    occ= 0
MO #1439 energy= 2.36178475942769   occ= 0
MO #1440 energy= 2.36316365963816   occ= 0
MO #1441 energy= 2.3653988354605    occ= 0
MO #1442 energy= 2.37183363426871   occ= 0
MO #1443 energy= 2.37517419526713   occ= 0
MO #1444 energy= 2.37733472249947   occ= 0
MO #1445 energy= 2.37752084278619   occ= 0
MO #1446 energy= 2.38006213493676   occ= 0
MO #1447 energy= 2.3850775571716    occ= 0
MO #1448 energy= 2.38626501030893   occ= 0
MO #1449 energy= 2.38726388915454   occ= 0
MO #1450 energy= 2.39236300699098   occ= 0
MO #1451 energy= 2.39683114027429   occ= 0
MO #1452 energy= 2.40053264874137   occ= 0
MO #1453 energy= 2.40935335662014   occ= 0
MO #1454 energy= 2.41307382705212   occ= 0
MO #1455 energy= 2.41915342906704   occ= 0
MO #1456 energy= 2.42222265947275   occ= 0
MO #1457 energy= 2.42256912816549   occ= 0
MO #1458 energy= 2.42457092963541   occ= 0
MO #1459 energy= 2.42497609430443   occ= 0
MO #1460 energy= 2.42597070403306   occ= 0
MO #1461 energy= 2.42722644734736   occ= 0
MO #1462 energy= 2.43285289178846   occ= 0
MO #1463 energy= 2.43373625274712   occ= 0
MO #1464 energy= 2.43426716896505   occ= 0
MO #1465 energy= 2.44065302965187   occ= 0
MO #1466 energy= 2.44322772141725   occ= 0
MO #1467 energy= 2.44525555409645   occ= 0
MO #1468 energy= 2.4459688997055    occ= 0
MO #1469 energy= 2.44691549410758   occ= 0
MO #1470 energy= 2.45563960651957   occ= 0
MO #1471 energy= 2.46144512916373   occ= 0
MO #1472 energy= 2.46618043643135   occ= 0
MO #1473 energy= 2.47003903721422   occ= 0
MO #1474 energy= 2.47022827904269   occ= 0
MO #1475 energy= 2.47233994124587   occ= 0
MO #1476 energy= 2.47250603115163   occ= 0
MO #1477 energy= 2.47337545670064   occ= 0
MO #1478 energy= 2.47484056772635   occ= 0
MO #1479 energy= 2.47576070992198   occ= 0
MO #1480 energy= 2.48055825570885   occ= 0
MO #1481 energy= 2.4815142726927    occ= 0
MO #1482 energy= 2.48203491675821   occ= 0
MO #1483 energy= 2.48341671677461   occ= 0
MO #1484 energy= 2.48728812215953   occ= 0
MO #1485 energy= 2.49072420582535   occ= 0
MO #1486 energy= 2.49159062278699   occ= 0
MO #1487 energy= 2.49629033923792   occ= 0
MO #1488 energy= 2.49727291394731   occ= 0
MO #1489 energy= 2.4977233790339    occ= 0
MO #1490 energy= 2.49965635762435   occ= 0
MO #1491 energy= 2.50301748586099   occ= 0
MO #1492 energy= 2.50425097821821   occ= 0
MO #1493 energy= 2.5049380468406    occ= 0
MO #1494 energy= 2.50766537629088   occ= 0
MO #1495 energy= 2.51014512718912   occ= 0
MO #1496 energy= 2.51168047079962   occ= 0
MO #1497 energy= 2.51634371376702   occ= 0
MO #1498 energy= 2.52221807703268   occ= 0
MO #1499 energy= 2.52512356242893   occ= 0
MO #1500 energy= 2.52978974071844   occ= 0
MO #1501 energy= 2.54662618963703   occ= 0
MO #1502 energy= 2.54784665600338   occ= 0
MO #1503 energy= 2.55163155784067   occ= 0
MO #1504 energy= 2.55189564123913   occ= 0
MO #1505 energy= 2.55605485075639   occ= 0
MO #1506 energy= 2.55796678264106   occ= 0
MO #1507 energy= 2.55979074281327   occ= 0
MO #1508 energy= 2.5628638759549    occ= 0
MO #1509 energy= 2.57798787947848   occ= 0
MO #1510 energy= 2.58478297245438   occ= 0
MO #1511 energy= 2.5936554986567    occ= 0
MO #1512 energy= 2.60231426161625   occ= 0
MO #1513 energy= 2.60953934152818   occ= 0
MO #1514 energy= 2.61646966388649   occ= 0
MO #1515 energy= 2.62396427663103   occ= 0
MO #1516 energy= 2.62625935334421   occ= 0
MO #1517 energy= 2.62789286718026   occ= 0
MO #1518 energy= 2.62885741146295   occ= 0
MO #1519 energy= 2.62960678916278   occ= 0
MO #1520 energy= 2.63122916765341   occ= 0
MO #1521 energy= 2.6348922560545    occ= 0
MO #1522 energy= 2.64216460168692   occ= 0
MO #1523 energy= 2.64343936102412   occ= 0
MO #1524 energy= 2.6446310131463    occ= 0
MO #1525 energy= 2.64740788153058   occ= 0
MO #1526 energy= 2.6490933119236    occ= 0
MO #1527 energy= 2.65037795916964   occ= 0
MO #1528 energy= 2.65242408304816   occ= 0
MO #1529 energy= 2.65273273861266   occ= 0
MO #1530 energy= 2.65418057790556   occ= 0
MO #1531 energy= 2.65482798311412   occ= 0
MO #1532 energy= 2.65568640380638   occ= 0
MO #1533 energy= 2.65973064463739   occ= 0
MO #1534 energy= 2.65996017748987   occ= 0
MO #1535 energy= 2.66202683199542   occ= 0
MO #1536 energy= 2.66289300248895   occ= 0
MO #1537 energy= 2.66532283337273   occ= 0
MO #1538 energy= 2.66677140444724   occ= 0
MO #1539 energy= 2.67018936640389   occ= 0
MO #1540 energy= 2.67223303517566   occ= 0
MO #1541 energy= 2.67345031631088   occ= 0
MO #1542 energy= 2.67425201429577   occ= 0
MO #1543 energy= 2.67676776884969   occ= 0
MO #1544 energy= 2.68086564207762   occ= 0
MO #1545 energy= 2.68375497935605   occ= 0
MO #1546 energy= 2.68488279425066   occ= 0
MO #1547 energy= 2.68537305483418   occ= 0
MO #1548 energy= 2.68605601524525   occ= 0
MO #1549 energy= 2.68708222993342   occ= 0
MO #1550 energy= 2.68737849095677   occ= 0
MO #1551 energy= 2.68917715559316   occ= 0
MO #1552 energy= 2.69060130470949   occ= 0
MO #1553 energy= 2.69293457130838   occ= 0
MO #1554 energy= 2.69455584075954   occ= 0
MO #1555 energy= 2.69519305413361   occ= 0
MO #1556 energy= 2.69559865431639   occ= 0
MO #1557 energy= 2.69780546172535   occ= 0
MO #1558 energy= 2.69882683151786   occ= 0
MO #1559 energy= 2.70065416878878   occ= 0
MO #1560 energy= 2.70154101578376   occ= 0
MO #1561 energy= 2.70284330572564   occ= 0
MO #1562 energy= 2.7054462485368    occ= 0
MO #1563 energy= 2.70700262222384   occ= 0
MO #1564 energy= 2.71048656536929   occ= 0
MO #1565 energy= 2.71486277353292   occ= 0
MO #1566 energy= 2.72085302878607   occ= 0
MO #1567 energy= 2.72521236693964   occ= 0
MO #1568 energy= 2.74458143639358   occ= 0
MO #1569 energy= 2.74602546424303   occ= 0
MO #1570 energy= 2.75186780006972   occ= 0
MO #1571 energy= 2.76832241559854   occ= 0
MO #1572 energy= 2.77444109219988   occ= 0
MO #1573 energy= 2.77757682324332   occ= 0
MO #1574 energy= 2.77922062620828   occ= 0
MO #1575 energy= 2.78302461270995   occ= 0
MO #1576 energy= 2.78494102455534   occ= 0
MO #1577 energy= 2.78710356321564   occ= 0
MO #1578 energy= 2.79948555889135   occ= 0
MO #1579 energy= 2.80332897994728   occ= 0
MO #1580 energy= 2.81675003906263   occ= 0
MO #1581 energy= 2.82497836983885   occ= 0
MO #1582 energy= 2.82642744116264   occ= 0
MO #1583 energy= 2.82853202981828   occ= 0
MO #1584 energy= 2.83302407901225   occ= 0
MO #1585 energy= 2.8343468944644    occ= 0
MO #1586 energy= 2.83776801895262   occ= 0
MO #1587 energy= 2.8390489188157    occ= 0
MO #1588 energy= 2.84354735651387   occ= 0
MO #1589 energy= 2.84576058401298   occ= 0
MO #1590 energy= 2.84741197484582   occ= 0
MO #1591 energy= 2.84913320223116   occ= 0
MO #1592 energy= 2.84962007225525   occ= 0
MO #1593 energy= 2.8523778388088    occ= 0
MO #1594 energy= 2.85639090713628   occ= 0
MO #1595 energy= 2.85698666514304   occ= 0
MO #1596 energy= 2.86661798991379   occ= 0
MO #1597 energy= 2.87112427311098   occ= 0
MO #1598 energy= 2.87449842907181   occ= 0
MO #1599 energy= 2.87667428434369   occ= 0
MO #1600 energy= 2.87717773231916   occ= 0
MO #1601 energy= 2.87837025966165   occ= 0
MO #1602 energy= 2.87933253962274   occ= 0
MO #1603 energy= 2.88051495541211   occ= 0
MO #1604 energy= 2.88984026209058   occ= 0
MO #1605 energy= 2.89053488988451   occ= 0
MO #1606 energy= 2.89333815313428   occ= 0
MO #1607 energy= 2.89596371153837   occ= 0
MO #1608 energy= 2.89742386022467   occ= 0
MO #1609 energy= 2.89876229003939   occ= 0
MO #1610 energy= 2.90614450795849   occ= 0
MO #1611 energy= 2.90700980368664   occ= 0
MO #1612 energy= 2.90930924074844   occ= 0
MO #1613 energy= 2.90975615923293   occ= 0
MO #1614 energy= 2.91040107797659   occ= 0
MO #1615 energy= 2.91203828150185   occ= 0
MO #1616 energy= 2.91327038730317   occ= 0
MO #1617 energy= 2.92146183239985   occ= 0
MO #1618 energy= 2.92741441936064   occ= 0
MO #1619 energy= 2.92960364830345   occ= 0
MO #1620 energy= 2.93180757277485   occ= 0
MO #1621 energy= 2.93382662143398   occ= 0
MO #1622 energy= 2.93458549341207   occ= 0
MO #1623 energy= 2.93676383552935   occ= 0
MO #1624 energy= 2.93746858949104   occ= 0
MO #1625 energy= 2.93864327555471   occ= 0
MO #1626 energy= 2.94064145448343   occ= 0
MO #1627 energy= 2.94499609036458   occ= 0
MO #1628 energy= 2.94616408956963   occ= 0
MO #1629 energy= 2.94750074090809   occ= 0
MO #1630 energy= 2.95064602375927   occ= 0
MO #1631 energy= 2.9527710361131    occ= 0
MO #1632 energy= 2.9556328336045    occ= 0
MO #1633 energy= 2.95610780569283   occ= 0
MO #1634 energy= 2.95829419570682   occ= 0
MO #1635 energy= 2.96159561472774   occ= 0
MO #1636 energy= 2.96245419915524   occ= 0
MO #1637 energy= 2.9650765370337    occ= 0
MO #1638 energy= 2.96573625268859   occ= 0
MO #1639 energy= 2.96766217000751   occ= 0
MO #1640 energy= 2.97684517465481   occ= 0
MO #1641 energy= 2.97840898398004   occ= 0
MO #1642 energy= 2.98489069497019   occ= 0
MO #1643 energy= 2.98580118497307   occ= 0
MO #1644 energy= 2.98682272454894   occ= 0
MO #1645 energy= 2.98747455674597   occ= 0
MO #1646 energy= 2.98789605394102   occ= 0
MO #1647 energy= 2.98987591178144   occ= 0
MO #1648 energy= 2.99400290393956   occ= 0
MO #1649 energy= 2.99474065095012   occ= 0
MO #1650 energy= 2.99819951408235   occ= 0
MO #1651 energy= 2.99903476204843   occ= 0
MO #1652 energy= 3.00045414180064   occ= 0
MO #1653 energy= 3.00275033188914   occ= 0
MO #1654 energy= 3.00489589523222   occ= 0
MO #1655 energy= 3.00749230533873   occ= 0
MO #1656 energy= 3.00817273615364   occ= 0
MO #1657 energy= 3.02181469113501   occ= 0
MO #1658 energy= 3.02818429079694   occ= 0
MO #1659 energy= 3.02941003728652   occ= 0
MO #1660 energy= 3.03441891229783   occ= 0
MO #1661 energy= 3.03803638386122   occ= 0
MO #1662 energy= 3.04636253205109   occ= 0
MO #1663 energy= 3.04875742241653   occ= 0
MO #1664 energy= 3.05345621115262   occ= 0
MO #1665 energy= 3.05407320328885   occ= 0
MO #1666 energy= 3.05823367548472   occ= 0
MO #1667 energy= 3.06169766957795   occ= 0
MO #1668 energy= 3.06268859898989   occ= 0
MO #1669 energy= 3.06559245802518   occ= 0
MO #1670 energy= 3.06742510285418   occ= 0
MO #1671 energy= 3.06875028705417   occ= 0
MO #1672 energy= 3.0712708561573    occ= 0
MO #1673 energy= 3.07331239173979   occ= 0
MO #1674 energy= 3.07472824033103   occ= 0
MO #1675 energy= 3.07851333627437   occ= 0
MO #1676 energy= 3.08384094528137   occ= 0
MO #1677 energy= 3.08591467640161   occ= 0
MO #1678 energy= 3.09022928463827   occ= 0
MO #1679 energy= 3.09489638333776   occ= 0
MO #1680 energy= 3.09740900695033   occ= 0
MO #1681 energy= 3.09788362326839   occ= 0
MO #1682 energy= 3.09997549199361   occ= 0
MO #1683 energy= 3.10828780430344   occ= 0
MO #1684 energy= 3.10973192404278   occ= 0
MO #1685 energy= 3.11279931648553   occ= 0
MO #1686 energy= 3.14691215677415   occ= 0
MO #1687 energy= 3.15183824638931   occ= 0
MO #1688 energy= 3.16980463107372   occ= 0
MO #1689 energy= 3.17335182682752   occ= 0
MO #1690 energy= 3.17382456349572   occ= 0
MO #1691 energy= 3.1766868529527    occ= 0
MO #1692 energy= 3.18300290388728   occ= 0
MO #1693 energy= 3.18512651644822   occ= 0
MO #1694 energy= 3.20305175218065   occ= 0
MO #1695 energy= 3.25578372949284   occ= 0
MO #1696 energy= 3.26715533488152   occ= 0
MO #1697 energy= 3.27034491613851   occ= 0
MO #1698 energy= 3.27271227823988   occ= 0
MO #1699 energy= 3.27283947150319   occ= 0
MO #1700 energy= 3.27608628705454   occ= 0
MO #1701 energy= 3.27815331304604   occ= 0
MO #1702 energy= 3.2825866218702    occ= 0
MO #1703 energy= 3.34267008930531   occ= 0
MO #1704 energy= 3.36720326435974   occ= 0
MO #1705 energy= 3.38544885335749   occ= 0
MO #1706 energy= 3.47747302219668   occ= 0
MO #1707 energy= 3.58328983296522   occ= 0
MO #1708 energy= 3.60041316729689   occ= 0
MO #1709 energy= 3.60414358846464   occ= 0
MO #1710 energy= 3.60821908678694   occ= 0
MO #1711 energy= 3.61278603755953   occ= 0
MO #1712 energy= 3.61790585736024   occ= 0
MO #1713 energy= 3.62132519466731   occ= 0
MO #1714 energy= 3.62452549717233   occ= 0
MO #1715 energy= 3.70294605538201   occ= 0
 ** Mulliken atomic charges  **
charge of  0O =     -0.77169
charge of  1P =      1.76462
charge of  2O =     -0.63803
charge of  3O =     -0.54211
charge of  4C =      0.18500
charge of  5C =     -0.25523
charge of  6Si =      0.83952
charge of  7C =     -0.23050
charge of  8C =     -0.09616
charge of  9C =     -0.12324
charge of  10C =      0.01706
charge of  11C =      0.07091
charge of  12C =     -0.28529
charge of  13C =     -0.27953
charge of  14C =     -0.27927
charge of  15C =     -0.11502
charge of  16C =     -0.08929
charge of  17C =     -0.23276
charge of  18C =     -0.08934
charge of  19C =     -0.11780
charge of  20C =      0.02139
charge of  21C =      0.07122
charge of  22C =     -0.27859
charge of  23C =     -0.28562
charge of  24C =     -0.27942
charge of  25C =     -0.11410
charge of  26C =     -0.07949
charge of  27C =     -0.22985
charge of  28C =     -0.09054
charge of  29C =     -0.11695
charge of  30C =      0.01770
charge of  31C =      0.07100
charge of  32C =     -0.28526
charge of  33C =     -0.27939
charge of  34C =     -0.27935
charge of  35C =     -0.12179
charge of  36C =     -0.09090
charge of  37C =     -0.09946
charge of  38C =     -0.00508
charge of  39C =      0.00550
charge of  40C =     -0.17141
charge of  41C =     -0.15859
charge of  42C =     -0.15880
charge of  43C =     -0.16879
charge of  44C =     -0.03157
charge of  45C =     -0.03320
charge of  46C =      0.18252
charge of  47O =     -0.55990
charge of  48C =     -0.23982
charge of  49Si =      0.84834
charge of  50C =     -0.22608
charge of  51C =     -0.08805
charge of  52C =     -0.12025
charge of  53C =      0.02039
charge of  54C =      0.07117
charge of  55C =     -0.28202
charge of  56C =     -0.28493
charge of  57C =     -0.27885
charge of  58C =     -0.12088
charge of  59C =     -0.06961
charge of  60C =     -0.22927
charge of  61C =     -0.09208
charge of  62C =     -0.12418
charge of  63C =      0.01557
charge of  64C =      0.07112
charge of  65C =     -0.27911
charge of  66C =     -0.28494
charge of  67C =     -0.27964
charge of  68C =     -0.11770
charge of  69C =     -0.09132
charge of  70C =     -0.23108
charge of  71C =     -0.09452
charge of  72C =     -0.12213
charge of  73C =      0.01606
charge of  74C =      0.07108
charge of  75C =     -0.27910
charge of  76C =     -0.28513
charge of  77C =     -0.27954
charge of  78C =     -0.11716
charge of  79C =     -0.09153
charge of  80C =     -0.09819
charge of  81C =      0.00644
charge of  82C =      0.00798
charge of  83C =     -0.17964
charge of  84C =     -0.16499
charge of  85C =     -0.16065
charge of  86C =     -0.17044
charge of  87H =      0.34442
charge of  88H =      0.08669
charge of  89H =      0.09810
charge of  90H =      0.08910
charge of  91H =      0.08997
charge of  92H =      0.09153
charge of  93H =      0.08776
charge of  94H =      0.09295
charge of  95H =      0.09017
charge of  96H =      0.09174
charge of  97H =      0.09022
charge of  98H =      0.08772
charge of  99H =      0.09395
charge of  100H =      0.10043
charge of  101H =      0.09387
charge of  102H =      0.09175
charge of  103H =      0.08571
charge of  104H =      0.08835
charge of  105H =      0.09653
charge of  106H =      0.08896
charge of  107H =      0.08905
charge of  108H =      0.09450
charge of  109H =      0.08875
charge of  110H =      0.09137
charge of  111H =      0.08643
charge of  112H =      0.10257
charge of  113H =      0.10386
charge of  114H =      0.09643
charge of  115H =      0.09201
charge of  116H =      0.09065
charge of  117H =      0.09085
charge of  118H =      0.08972
charge of  119H =      0.08718
charge of  120H =      0.09353
charge of  121H =      0.08911
charge of  122H =      0.08920
charge of  123H =      0.09229
charge of  124H =      0.08734
charge of  125H =      0.09896
charge of  126H =      0.09848
charge of  127H =      0.10186
charge of  128H =      0.09850
charge of  129H =      0.09871
charge of  130H =      0.07978
charge of  131H =      0.08746
charge of  132H =      0.08157
charge of  133H =      0.08732
charge of  134H =      0.09477
charge of  135H =      0.09415
charge of  136H =      0.09591
charge of  137H =      0.08822
charge of  138H =      0.08470
charge of  139H =      0.08525
charge of  140H =      0.10108
charge of  141H =      0.09275
charge of  142H =      0.08868
charge of  143H =      0.08852
charge of  144H =      0.08554
charge of  145H =      0.08831
charge of  146H =      0.09127
charge of  147H =      0.09732
charge of  148H =      0.09952
charge of  149H =      0.09598
charge of  150H =      0.09618
charge of  151H =      0.08678
charge of  152H =      0.09170
charge of  153H =      0.09035
charge of  154H =      0.08988
charge of  155H =      0.08885
charge of  156H =      0.09056
charge of  157H =      0.08713
charge of  158H =      0.09248
charge of  159H =      0.08984
charge of  160H =      0.09295
charge of  161H =      0.09821
charge of  162H =      0.10243
charge of  163H =      0.09900
charge of  164H =      0.08967
charge of  165H =      0.08683
charge of  166H =      0.09161
charge of  167H =      0.09065
charge of  168H =      0.08952
charge of  169H =      0.09040
charge of  170H =      0.09310
charge of  171H =      0.08691
charge of  172H =      0.08955
charge of  173H =      0.09249
charge of  174H =      0.09892
charge of  175H =      0.10386
charge of  176H =      0.10202
charge of  177H =      0.09872
charge of  178H =      0.08576
charge of  179H =      0.08741
charge of  180H =      0.08816
charge of  181H =      0.08522
charge of  182H =      0.09137
charge of  183H =      0.09377
Dipole moment(X, Y, Z, Debye):  2.77700, -3.47787,  0.54546
def2-svp b3lyp 837.8787796497345
