/public3/home/scg5914/software-scg5914/LSW/1/data/data2/std_data/def2svp_b3lyp/cat_3.xyz
converged SCF energy = -3118.83141098761
**** MO energy ****
MO #1   energy= -77.2272793877521  occ= 2
MO #2   energy= -19.189504250558   occ= 2
MO #3   energy= -19.1880122135866  occ= 2
MO #4   energy= -19.1804184972495  occ= 2
MO #5   energy= -19.0975862639269  occ= 2
MO #6   energy= -10.2624910388037  occ= 2
MO #7   energy= -10.2606209577795  occ= 2
MO #8   energy= -10.2095018024791  occ= 2
MO #9   energy= -10.2087663477532  occ= 2
MO #10  energy= -10.2041665120425  occ= 2
MO #11  energy= -10.2034391440029  occ= 2
MO #12  energy= -10.203092761545   occ= 2
MO #13  energy= -10.2013098271157  occ= 2
MO #14  energy= -10.2003028240876  occ= 2
MO #15  energy= -10.1990246639727  occ= 2
MO #16  energy= -10.1960815345395  occ= 2
MO #17  energy= -10.1941801841065  occ= 2
MO #18  energy= -10.1933051892267  occ= 2
MO #19  energy= -10.1931024732705  occ= 2
MO #20  energy= -10.1921588750338  occ= 2
MO #21  energy= -10.1918706319397  occ= 2
MO #22  energy= -10.1918076935905  occ= 2
MO #23  energy= -10.1913968643379  occ= 2
MO #24  energy= -10.1911443091854  occ= 2
MO #25  energy= -10.1908210479684  occ= 2
MO #26  energy= -10.1905892561457  occ= 2
MO #27  energy= -10.1898176974095  occ= 2
MO #28  energy= -10.1850160901007  occ= 2
MO #29  energy= -10.1836275807903  occ= 2
MO #30  energy= -10.1831921090917  occ= 2
MO #31  energy= -10.1830515735435  occ= 2
MO #32  energy= -10.182196073752   occ= 2
MO #33  energy= -10.1818441070004  occ= 2
MO #34  energy= -10.1806842864064  occ= 2
MO #35  energy= -10.1804252776781  occ= 2
MO #36  energy= -10.1798547974557  occ= 2
MO #37  energy= -10.1794505643381  occ= 2
MO #38  energy= -10.1792003272571  occ= 2
MO #39  energy= -10.1790921524359  occ= 2
MO #40  energy= -10.1786748874885  occ= 2
MO #41  energy= -10.1785286509413  occ= 2
MO #42  energy= -10.1782115278252  occ= 2
MO #43  energy= -10.1777480521623  occ= 2
MO #44  energy= -10.1771136407722  occ= 2
MO #45  energy= -10.1769774697168  occ= 2
MO #46  energy= -10.1763224838855  occ= 2
MO #47  energy= -10.1755246929494  occ= 2
MO #48  energy= -10.1745623089989  occ= 2
MO #49  energy= -10.1743547240295  occ= 2
MO #50  energy= -10.1735098975673  occ= 2
MO #51  energy= -10.1718981893234  occ= 2
MO #52  energy= -10.1713269137397  occ= 2
MO #53  energy= -10.1710791479541  occ= 2
MO #54  energy= -10.1700006373997  occ= 2
MO #55  energy= -10.1698589096487  occ= 2
MO #56  energy= -10.169796796024   occ= 2
MO #57  energy= -10.1696022107513  occ= 2
MO #58  energy= -10.1681513495015  occ= 2
MO #59  energy= -10.1680564186859  occ= 2
MO #60  energy= -10.1679704292278  occ= 2
MO #61  energy= -10.1677113756067  occ= 2
MO #62  energy= -10.1673638562671  occ= 2
MO #63  energy= -10.1660755430137  occ= 2
MO #64  energy= -10.1660575139254  occ= 2
MO #65  energy= -10.1639590116664  occ= 2
MO #66  energy= -10.1631633768508  occ= 2
MO #67  energy= -10.1615753381051  occ= 2
MO #68  energy= -10.1587572562867  occ= 2
MO #69  energy= -10.1455503780827  occ= 2
MO #70  energy= -6.70260606378196  occ= 2
MO #71  energy= -4.870153198506    occ= 2
MO #72  energy= -4.86973916423991  occ= 2
MO #73  energy= -4.86794092175691  occ= 2
MO #74  energy= -1.12648455236799  occ= 2
MO #75  energy= -1.06436756092057  occ= 2
MO #76  energy= -1.0541028648959   occ= 2
MO #77  energy= -0.967616240732097 occ= 2
MO #78  energy= -0.893871174642603 occ= 2
MO #79  energy= -0.880610161422179 occ= 2
MO #80  energy= -0.867838773963768 occ= 2
MO #81  energy= -0.86389369085932  occ= 2
MO #82  energy= -0.854544695536877 occ= 2
MO #83  energy= -0.85147656910622  occ= 2
MO #84  energy= -0.834611901368741 occ= 2
MO #85  energy= -0.827143489143502 occ= 2
MO #86  energy= -0.816573986842466 occ= 2
MO #87  energy= -0.811527480438631 occ= 2
MO #88  energy= -0.805268886645265 occ= 2
MO #89  energy= -0.803811894781662 occ= 2
MO #90  energy= -0.800022461067922 occ= 2
MO #91  energy= -0.781231450790966 occ= 2
MO #92  energy= -0.777027236424691 occ= 2
MO #93  energy= -0.764109639357378 occ= 2
MO #94  energy= -0.762413134239968 occ= 2
MO #95  energy= -0.759135582895496 occ= 2
MO #96  energy= -0.746200436470962 occ= 2
MO #97  energy= -0.737822648966031 occ= 2
MO #98  energy= -0.737239807971479 occ= 2
MO #99  energy= -0.734492398263904 occ= 2
MO #100 energy= -0.734239696402567 occ= 2
MO #101 energy= -0.719111244332804 occ= 2
MO #102 energy= -0.711217136375673 occ= 2
MO #103 energy= -0.706264674182309 occ= 2
MO #104 energy= -0.700882906677702 occ= 2
MO #105 energy= -0.695714225753966 occ= 2
MO #106 energy= -0.683230279722078 occ= 2
MO #107 energy= -0.678622608546133 occ= 2
MO #108 energy= -0.677951378878456 occ= 2
MO #109 energy= -0.676786836443997 occ= 2
MO #110 energy= -0.676254602566168 occ= 2
MO #111 energy= -0.672492423095498 occ= 2
MO #112 energy= -0.669260406913707 occ= 2
MO #113 energy= -0.668387797488254 occ= 2
MO #114 energy= -0.660384014526128 occ= 2
MO #115 energy= -0.645364459994467 occ= 2
MO #116 energy= -0.641440780552013 occ= 2
MO #117 energy= -0.63509952775545  occ= 2
MO #118 energy= -0.626485273481915 occ= 2
MO #119 energy= -0.623895246221734 occ= 2
MO #120 energy= -0.619811611637794 occ= 2
MO #121 energy= -0.607000383188016 occ= 2
MO #122 energy= -0.606120239034757 occ= 2
MO #123 energy= -0.603461224683119 occ= 2
MO #124 energy= -0.593107419133482 occ= 2
MO #125 energy= -0.58994889771954  occ= 2
MO #126 energy= -0.588728987754188 occ= 2
MO #127 energy= -0.585736432081357 occ= 2
MO #128 energy= -0.580630916374325 occ= 2
MO #129 energy= -0.568639180670687 occ= 2
MO #130 energy= -0.564229462479619 occ= 2
MO #131 energy= -0.560239718624077 occ= 2
MO #132 energy= -0.558342546245313 occ= 2
MO #133 energy= -0.543980856617286 occ= 2
MO #134 energy= -0.54208634738576  occ= 2
MO #135 energy= -0.54142914345016  occ= 2
MO #136 energy= -0.528631292475667 occ= 2
MO #137 energy= -0.525226684237814 occ= 2
MO #138 energy= -0.523626188198593 occ= 2
MO #139 energy= -0.522795257593512 occ= 2
MO #140 energy= -0.512194858055957 occ= 2
MO #141 energy= -0.505409560939603 occ= 2
MO #142 energy= -0.497388502497635 occ= 2
MO #143 energy= -0.494220485422576 occ= 2
MO #144 energy= -0.491654381923446 occ= 2
MO #145 energy= -0.483744697264567 occ= 2
MO #146 energy= -0.481958918906944 occ= 2
MO #147 energy= -0.479918203684089 occ= 2
MO #148 energy= -0.469013732657837 occ= 2
MO #149 energy= -0.468069465051354 occ= 2
MO #150 energy= -0.462805393868301 occ= 2
MO #151 energy= -0.460829230885364 occ= 2
MO #152 energy= -0.458523042283064 occ= 2
MO #153 energy= -0.456498042687717 occ= 2
MO #154 energy= -0.454413586293085 occ= 2
MO #155 energy= -0.453376396823333 occ= 2
MO #156 energy= -0.4492648280204   occ= 2
MO #157 energy= -0.446180511962052 occ= 2
MO #158 energy= -0.44367045868889  occ= 2
MO #159 energy= -0.440256995787012 occ= 2
MO #160 energy= -0.438438905531588 occ= 2
MO #161 energy= -0.438311025135186 occ= 2
MO #162 energy= -0.437764795469852 occ= 2
MO #163 energy= -0.435875633965892 occ= 2
MO #164 energy= -0.434419494050203 occ= 2
MO #165 energy= -0.433719966215321 occ= 2
MO #166 energy= -0.432693575685661 occ= 2
MO #167 energy= -0.43083718491928  occ= 2
MO #168 energy= -0.43050260473064  occ= 2
MO #169 energy= -0.428343368432548 occ= 2
MO #170 energy= -0.426197624426782 occ= 2
MO #171 energy= -0.422422117278705 occ= 2
MO #172 energy= -0.419978864108428 occ= 2
MO #173 energy= -0.419018405693884 occ= 2
MO #174 energy= -0.415847318746983 occ= 2
MO #175 energy= -0.415098281923367 occ= 2
MO #176 energy= -0.414213673092842 occ= 2
MO #177 energy= -0.413001083075386 occ= 2
MO #178 energy= -0.412253947112243 occ= 2
MO #179 energy= -0.409235173435295 occ= 2
MO #180 energy= -0.40533049887248  occ= 2
MO #181 energy= -0.404433443428206 occ= 2
MO #182 energy= -0.401295321377124 occ= 2
MO #183 energy= -0.399378251488658 occ= 2
MO #184 energy= -0.396120750813608 occ= 2
MO #185 energy= -0.395680800518051 occ= 2
MO #186 energy= -0.393896252841849 occ= 2
MO #187 energy= -0.390012167635953 occ= 2
MO #188 energy= -0.385521797660382 occ= 2
MO #189 energy= -0.384787144883202 occ= 2
MO #190 energy= -0.383662219280338 occ= 2
MO #191 energy= -0.380847143943866 occ= 2
MO #192 energy= -0.380002069584391 occ= 2
MO #193 energy= -0.379451007880889 occ= 2
MO #194 energy= -0.376818004275781 occ= 2
MO #195 energy= -0.376025766714153 occ= 2
MO #196 energy= -0.374689187031965 occ= 2
MO #197 energy= -0.373820884435244 occ= 2
MO #198 energy= -0.371416236740345 occ= 2
MO #199 energy= -0.36926780748827  occ= 2
MO #200 energy= -0.367489542829451 occ= 2
MO #201 energy= -0.366449386506766 occ= 2
MO #202 energy= -0.36569840738079  occ= 2
MO #203 energy= -0.363910656298429 occ= 2
MO #204 energy= -0.363423535515884 occ= 2
MO #205 energy= -0.362255164611787 occ= 2
MO #206 energy= -0.360331477337946 occ= 2
MO #207 energy= -0.357811697519084 occ= 2
MO #208 energy= -0.354437501939842 occ= 2
MO #209 energy= -0.350507945459743 occ= 2
MO #210 energy= -0.347510215884    occ= 2
MO #211 energy= -0.347194079015807 occ= 2
MO #212 energy= -0.344612947037653 occ= 2
MO #213 energy= -0.343040056585229 occ= 2
MO #214 energy= -0.341225726169859 occ= 2
MO #215 energy= -0.34040005176835  occ= 2
MO #216 energy= -0.33871504507392  occ= 2
MO #217 energy= -0.336757767345465 occ= 2
MO #218 energy= -0.335168333738428 occ= 2
MO #219 energy= -0.333808625532905 occ= 2
MO #220 energy= -0.331277276668916 occ= 2
MO #221 energy= -0.331052410254687 occ= 2
MO #222 energy= -0.326179885984161 occ= 2
MO #223 energy= -0.324458355180613 occ= 2
MO #224 energy= -0.323520603856846 occ= 2
MO #225 energy= -0.322222377279571 occ= 2
MO #226 energy= -0.320617029114604 occ= 2
MO #227 energy= -0.317227048082624 occ= 2
MO #228 energy= -0.316124190532217 occ= 2
MO #229 energy= -0.314537681693133 occ= 2
MO #230 energy= -0.312771126242794 occ= 2
MO #231 energy= -0.312209247555567 occ= 2
MO #232 energy= -0.310302753140217 occ= 2
MO #233 energy= -0.308725648655786 occ= 2
MO #234 energy= -0.30596738094023  occ= 2
MO #235 energy= -0.304887616987206 occ= 2
MO #236 energy= -0.300403650523203 occ= 2
MO #237 energy= -0.296265555850336 occ= 2
MO #238 energy= -0.291275199040604 occ= 2
MO #239 energy= -0.265128292454782 occ= 2
MO #240 energy= -0.261895707247828 occ= 2
MO #241 energy= -0.251649104028224 occ= 2
MO #242 energy= -0.250573187365654 occ= 2
MO #243 energy= -0.248426401239526 occ= 2
MO #244 energy= -0.246696508038962 occ= 2
MO #245 energy= -0.235554913676402 occ= 2
MO #246 energy= -0.231391516566379 occ= 2
MO #247 energy= -0.230308619247183 occ= 2
MO #248 energy= -0.221573827565602 occ= 2
MO #249 energy= -0.216693832420328 occ= 2
MO #250 energy= -0.213234467229067 occ= 2
MO #251 energy= -0.0626321263612752 occ= 0
MO #252 energy= -0.0497558025362764 occ= 0
MO #253 energy= -0.0294421439418872 occ= 0
MO #254 energy= -0.0256583960687609 occ= 0
MO #255 energy= -0.0167506625516398 occ= 0
MO #256 energy= -0.0128617091060004 occ= 0
MO #257 energy= -0.00291610716051856 occ= 0
MO #258 energy= -0.00131027115542679 occ= 0
MO #259 energy= 0.000137625727403018 occ= 0
MO #260 energy= 0.00323711747675866 occ= 0
MO #261 energy= 0.0120865447862346 occ= 0
MO #262 energy= 0.0253790555968804 occ= 0
MO #263 energy= 0.0300416798007779 occ= 0
MO #264 energy= 0.0334948394218181 occ= 0
MO #265 energy= 0.0348503078869149 occ= 0
MO #266 energy= 0.055878273270608  occ= 0
MO #267 energy= 0.0574861198712346 occ= 0
MO #268 energy= 0.0587238871030014 occ= 0
MO #269 energy= 0.0606526582716646 occ= 0
MO #270 energy= 0.0643310225619042 occ= 0
MO #271 energy= 0.0675467736738079 occ= 0
MO #272 energy= 0.071828382421092  occ= 0
MO #273 energy= 0.0726669839736723 occ= 0
MO #274 energy= 0.0775051451659417 occ= 0
MO #275 energy= 0.0810367915541039 occ= 0
MO #276 energy= 0.0830840176456476 occ= 0
MO #277 energy= 0.0854998416885957 occ= 0
MO #278 energy= 0.0877654630948451 occ= 0
MO #279 energy= 0.0907481341024112 occ= 0
MO #280 energy= 0.0911519354092896 occ= 0
MO #281 energy= 0.0933393868492883 occ= 0
MO #282 energy= 0.0974145785102954 occ= 0
MO #283 energy= 0.098599524728383  occ= 0
MO #284 energy= 0.102573040452656  occ= 0
MO #285 energy= 0.103851019220209  occ= 0
MO #286 energy= 0.10650939607078   occ= 0
MO #287 energy= 0.106927062312028  occ= 0
MO #288 energy= 0.108914376346636  occ= 0
MO #289 energy= 0.112000852863467  occ= 0
MO #290 energy= 0.114874271746217  occ= 0
MO #291 energy= 0.117115244576513  occ= 0
MO #292 energy= 0.1175166512081    occ= 0
MO #293 energy= 0.118769563940827  occ= 0
MO #294 energy= 0.119096087807773  occ= 0
MO #295 energy= 0.120130287659572  occ= 0
MO #296 energy= 0.12304634498155   occ= 0
MO #297 energy= 0.124749834943501  occ= 0
MO #298 energy= 0.12688732114899   occ= 0
MO #299 energy= 0.129207945422969  occ= 0
MO #300 energy= 0.130040736861071  occ= 0
MO #301 energy= 0.131043555232706  occ= 0
MO #302 energy= 0.132221712551132  occ= 0
MO #303 energy= 0.134354618947619  occ= 0
MO #304 energy= 0.135905508853692  occ= 0
MO #305 energy= 0.137897233284782  occ= 0
MO #306 energy= 0.139039521303765  occ= 0
MO #307 energy= 0.142341393941003  occ= 0
MO #308 energy= 0.145816568172583  occ= 0
MO #309 energy= 0.146836568024395  occ= 0
MO #310 energy= 0.150371423952107  occ= 0
MO #311 energy= 0.151134889987529  occ= 0
MO #312 energy= 0.152044287063328  occ= 0
MO #313 energy= 0.153897449163365  occ= 0
MO #314 energy= 0.157913809645744  occ= 0
MO #315 energy= 0.158034410274771  occ= 0
MO #316 energy= 0.161156820093404  occ= 0
MO #317 energy= 0.164181827473042  occ= 0
MO #318 energy= 0.168653545811039  occ= 0
MO #319 energy= 0.170353730246183  occ= 0
MO #320 energy= 0.171638205646837  occ= 0
MO #321 energy= 0.174661075237286  occ= 0
MO #322 energy= 0.176239144706423  occ= 0
MO #323 energy= 0.176414986631477  occ= 0
MO #324 energy= 0.177683022738018  occ= 0
MO #325 energy= 0.17775570564531   occ= 0
MO #326 energy= 0.178714128236842  occ= 0
MO #327 energy= 0.179862557498717  occ= 0
MO #328 energy= 0.181217805881764  occ= 0
MO #329 energy= 0.182311583122618  occ= 0
MO #330 energy= 0.18517676295515   occ= 0
MO #331 energy= 0.186252764515771  occ= 0
MO #332 energy= 0.188438628835612  occ= 0
MO #333 energy= 0.189162256685764  occ= 0
MO #334 energy= 0.189904239448737  occ= 0
MO #335 energy= 0.192182075013378  occ= 0
MO #336 energy= 0.192975657535819  occ= 0
MO #337 energy= 0.194081486631039  occ= 0
MO #338 energy= 0.195847605417523  occ= 0
MO #339 energy= 0.196773147870096  occ= 0
MO #340 energy= 0.198216938205808  occ= 0
MO #341 energy= 0.198773216177945  occ= 0
MO #342 energy= 0.201393614309371  occ= 0
MO #343 energy= 0.202501442427387  occ= 0
MO #344 energy= 0.206031542106293  occ= 0
MO #345 energy= 0.206426564022882  occ= 0
MO #346 energy= 0.209188620795322  occ= 0
MO #347 energy= 0.211734107702741  occ= 0
MO #348 energy= 0.214526935885145  occ= 0
MO #349 energy= 0.21556218694796   occ= 0
MO #350 energy= 0.219585684910612  occ= 0
MO #351 energy= 0.224775843012209  occ= 0
MO #352 energy= 0.225005423521119  occ= 0
MO #353 energy= 0.227378010559021  occ= 0
MO #354 energy= 0.229730378806422  occ= 0
MO #355 energy= 0.240588270147289  occ= 0
MO #356 energy= 0.247825796692417  occ= 0
MO #357 energy= 0.248243613396033  occ= 0
MO #358 energy= 0.249117567196174  occ= 0
MO #359 energy= 0.250797265715421  occ= 0
MO #360 energy= 0.252571529497304  occ= 0
MO #361 energy= 0.256716539693658  occ= 0
MO #362 energy= 0.257693070222882  occ= 0
MO #363 energy= 0.259661355661984  occ= 0
MO #364 energy= 0.266150010000816  occ= 0
MO #365 energy= 0.271466414593394  occ= 0
MO #366 energy= 0.27261977187926   occ= 0
MO #367 energy= 0.273866386508347  occ= 0
MO #368 energy= 0.275487051348392  occ= 0
MO #369 energy= 0.276795288158773  occ= 0
MO #370 energy= 0.278796863419109  occ= 0
MO #371 energy= 0.279481623251336  occ= 0
MO #372 energy= 0.281253797329941  occ= 0
MO #373 energy= 0.283723722262613  occ= 0
MO #374 energy= 0.28750245145109   occ= 0
MO #375 energy= 0.2886773069978    occ= 0
MO #376 energy= 0.289643637381901  occ= 0
MO #377 energy= 0.292338810758156  occ= 0
MO #378 energy= 0.294196410721078  occ= 0
MO #379 energy= 0.295682487212856  occ= 0
MO #380 energy= 0.298790401046382  occ= 0
MO #381 energy= 0.302819582457057  occ= 0
MO #382 energy= 0.303457325456291  occ= 0
MO #383 energy= 0.305784738387665  occ= 0
MO #384 energy= 0.306907612638338  occ= 0
MO #385 energy= 0.309821171335403  occ= 0
MO #386 energy= 0.311979044161483  occ= 0
MO #387 energy= 0.314184065103462  occ= 0
MO #388 energy= 0.321854888877954  occ= 0
MO #389 energy= 0.327734062638772  occ= 0
MO #390 energy= 0.329006798981746  occ= 0
MO #391 energy= 0.331914667041557  occ= 0
MO #392 energy= 0.333269779900662  occ= 0
MO #393 energy= 0.336810231156736  occ= 0
MO #394 energy= 0.337756445486346  occ= 0
MO #395 energy= 0.339626182908461  occ= 0
MO #396 energy= 0.341069466529714  occ= 0
MO #397 energy= 0.348477938024117  occ= 0
MO #398 energy= 0.349467340667747  occ= 0
MO #399 energy= 0.354215957822247  occ= 0
MO #400 energy= 0.357038778316651  occ= 0
MO #401 energy= 0.357799608024734  occ= 0
MO #402 energy= 0.358441397272139  occ= 0
MO #403 energy= 0.362023093756249  occ= 0
MO #404 energy= 0.36411311086685   occ= 0
MO #405 energy= 0.365933565020485  occ= 0
MO #406 energy= 0.368906247542799  occ= 0
MO #407 energy= 0.375746061735716  occ= 0
MO #408 energy= 0.37852501318535   occ= 0
MO #409 energy= 0.379591390968537  occ= 0
MO #410 energy= 0.384171592078287  occ= 0
MO #411 energy= 0.386486904238443  occ= 0
MO #412 energy= 0.392263676792365  occ= 0
MO #413 energy= 0.393492192137869  occ= 0
MO #414 energy= 0.394795121349055  occ= 0
MO #415 energy= 0.395133152221733  occ= 0
MO #416 energy= 0.396834193712808  occ= 0
MO #417 energy= 0.397830950199747  occ= 0
MO #418 energy= 0.40204321683979   occ= 0
MO #419 energy= 0.405177066380589  occ= 0
MO #420 energy= 0.406728513999873  occ= 0
MO #421 energy= 0.410778445911092  occ= 0
MO #422 energy= 0.413427752120523  occ= 0
MO #423 energy= 0.415618202039274  occ= 0
MO #424 energy= 0.417516724390288  occ= 0
MO #425 energy= 0.418141119135583  occ= 0
MO #426 energy= 0.419320769974231  occ= 0
MO #427 energy= 0.424274570667996  occ= 0
MO #428 energy= 0.425221197171642  occ= 0
MO #429 energy= 0.426409123457828  occ= 0
MO #430 energy= 0.42726633283885   occ= 0
MO #431 energy= 0.428252653829946  occ= 0
MO #432 energy= 0.429466871690924  occ= 0
MO #433 energy= 0.430572101871425  occ= 0
MO #434 energy= 0.435668532958454  occ= 0
MO #435 energy= 0.438087239523815  occ= 0
MO #436 energy= 0.44078119863366   occ= 0
MO #437 energy= 0.443268354406294  occ= 0
MO #438 energy= 0.444209011071808  occ= 0
MO #439 energy= 0.446515868457019  occ= 0
MO #440 energy= 0.452880635811858  occ= 0
MO #441 energy= 0.453313829383636  occ= 0
MO #442 energy= 0.457735645239878  occ= 0
MO #443 energy= 0.460289333599932  occ= 0
MO #444 energy= 0.460660965405132  occ= 0
MO #445 energy= 0.46270684104913   occ= 0
MO #446 energy= 0.463116192754392  occ= 0
MO #447 energy= 0.466536807883418  occ= 0
MO #448 energy= 0.468460894725891  occ= 0
MO #449 energy= 0.469568575721778  occ= 0
MO #450 energy= 0.47223344225453   occ= 0
MO #451 energy= 0.473564247684314  occ= 0
MO #452 energy= 0.474395285700098  occ= 0
MO #453 energy= 0.47715674839738   occ= 0
MO #454 energy= 0.479930024133741  occ= 0
MO #455 energy= 0.481026868421618  occ= 0
MO #456 energy= 0.481799776687115  occ= 0
MO #457 energy= 0.484899076386124  occ= 0
MO #458 energy= 0.487092656896484  occ= 0
MO #459 energy= 0.489597787718886  occ= 0
MO #460 energy= 0.491332894232846  occ= 0
MO #461 energy= 0.493076411563836  occ= 0
MO #462 energy= 0.495826332153122  occ= 0
MO #463 energy= 0.498687975131238  occ= 0
MO #464 energy= 0.499947336451225  occ= 0
MO #465 energy= 0.5018610183228    occ= 0
MO #466 energy= 0.503284257134069  occ= 0
MO #467 energy= 0.508028755502126  occ= 0
MO #468 energy= 0.509529722392785  occ= 0
MO #469 energy= 0.512496481616763  occ= 0
MO #470 energy= 0.516520457068143  occ= 0
MO #471 energy= 0.517085792210496  occ= 0
MO #472 energy= 0.522022508313786  occ= 0
MO #473 energy= 0.5241163530438    occ= 0
MO #474 energy= 0.529801299729837  occ= 0
MO #475 energy= 0.530517502585764  occ= 0
MO #476 energy= 0.53655097611828   occ= 0
MO #477 energy= 0.538437385806934  occ= 0
MO #478 energy= 0.541030480767825  occ= 0
MO #479 energy= 0.542126459921196  occ= 0
MO #480 energy= 0.545328646511563  occ= 0
MO #481 energy= 0.54739760001785   occ= 0
MO #482 energy= 0.551588135847856  occ= 0
MO #483 energy= 0.553078843369008  occ= 0
MO #484 energy= 0.557979021190624  occ= 0
MO #485 energy= 0.562272338927491  occ= 0
MO #486 energy= 0.567189872518018  occ= 0
MO #487 energy= 0.569081789046843  occ= 0
MO #488 energy= 0.573692493365948  occ= 0
MO #489 energy= 0.574980958057193  occ= 0
MO #490 energy= 0.579810492561036  occ= 0
MO #491 energy= 0.581243400637256  occ= 0
MO #492 energy= 0.584629221151671  occ= 0
MO #493 energy= 0.586709816620182  occ= 0
MO #494 energy= 0.588295847429197  occ= 0
MO #495 energy= 0.590263871697592  occ= 0
MO #496 energy= 0.590948799542456  occ= 0
MO #497 energy= 0.591937549900704  occ= 0
MO #498 energy= 0.593038543854595  occ= 0
MO #499 energy= 0.595092568594869  occ= 0
MO #500 energy= 0.595452407637284  occ= 0
MO #501 energy= 0.598751043852756  occ= 0
MO #502 energy= 0.599270079008014  occ= 0
MO #503 energy= 0.602891691287913  occ= 0
MO #504 energy= 0.603005552902471  occ= 0
MO #505 energy= 0.606462412203549  occ= 0
MO #506 energy= 0.607162713481401  occ= 0
MO #507 energy= 0.609126583326715  occ= 0
MO #508 energy= 0.613937050196328  occ= 0
MO #509 energy= 0.61457866120707   occ= 0
MO #510 energy= 0.616036070624147  occ= 0
MO #511 energy= 0.620767368360173  occ= 0
MO #512 energy= 0.624940338525085  occ= 0
MO #513 energy= 0.625640367363885  occ= 0
MO #514 energy= 0.626521047452886  occ= 0
MO #515 energy= 0.627717681354561  occ= 0
MO #516 energy= 0.628278763208633  occ= 0
MO #517 energy= 0.63080530964576   occ= 0
MO #518 energy= 0.633982690695429  occ= 0
MO #519 energy= 0.636425914089657  occ= 0
MO #520 energy= 0.639348573318441  occ= 0
MO #521 energy= 0.63967308245967   occ= 0
MO #522 energy= 0.640745937440275  occ= 0
MO #523 energy= 0.64111062647191   occ= 0
MO #524 energy= 0.642092693610564  occ= 0
MO #525 energy= 0.643210743538534  occ= 0
MO #526 energy= 0.645471596500874  occ= 0
MO #527 energy= 0.64554010324141   occ= 0
MO #528 energy= 0.64812993161292   occ= 0
MO #529 energy= 0.648895619679226  occ= 0
MO #530 energy= 0.651642957677036  occ= 0
MO #531 energy= 0.651766556855463  occ= 0
MO #532 energy= 0.652836560849843  occ= 0
MO #533 energy= 0.653905111685801  occ= 0
MO #534 energy= 0.654656415635537  occ= 0
MO #535 energy= 0.65571393299596   occ= 0
MO #536 energy= 0.658796822572733  occ= 0
MO #537 energy= 0.65977718763506   occ= 0
MO #538 energy= 0.660662024117004  occ= 0
MO #539 energy= 0.661676697012357  occ= 0
MO #540 energy= 0.663277891770192  occ= 0
MO #541 energy= 0.664222258689375  occ= 0
MO #542 energy= 0.66455707797849   occ= 0
MO #543 energy= 0.667309378213031  occ= 0
MO #544 energy= 0.668519394267376  occ= 0
MO #545 energy= 0.669382852763614  occ= 0
MO #546 energy= 0.669891174950847  occ= 0
MO #547 energy= 0.671774631630466  occ= 0
MO #548 energy= 0.672292349346975  occ= 0
MO #549 energy= 0.672616884316214  occ= 0
MO #550 energy= 0.673606520185722  occ= 0
MO #551 energy= 0.674023761346686  occ= 0
MO #552 energy= 0.675671927736682  occ= 0
MO #553 energy= 0.675952694093625  occ= 0
MO #554 energy= 0.677772865045027  occ= 0
MO #555 energy= 0.678749558814666  occ= 0
MO #556 energy= 0.680181473127899  occ= 0
MO #557 energy= 0.681474440639548  occ= 0
MO #558 energy= 0.683596422543057  occ= 0
MO #559 energy= 0.684980755972122  occ= 0
MO #560 energy= 0.686630166470796  occ= 0
MO #561 energy= 0.687889919403968  occ= 0
MO #562 energy= 0.688866051764467  occ= 0
MO #563 energy= 0.691489467474441  occ= 0
MO #564 energy= 0.693026849028899  occ= 0
MO #565 energy= 0.695075129241153  occ= 0
MO #566 energy= 0.695566456123693  occ= 0
MO #567 energy= 0.698870260407844  occ= 0
MO #568 energy= 0.700353350705913  occ= 0
MO #569 energy= 0.701370988164412  occ= 0
MO #570 energy= 0.703409220998117  occ= 0
MO #571 energy= 0.704533812374056  occ= 0
MO #572 energy= 0.706071334116966  occ= 0
MO #573 energy= 0.707631307792613  occ= 0
MO #574 energy= 0.707964923902286  occ= 0
MO #575 energy= 0.708993106520769  occ= 0
MO #576 energy= 0.710238962350407  occ= 0
MO #577 energy= 0.710811844820853  occ= 0
MO #578 energy= 0.711966237415885  occ= 0
MO #579 energy= 0.7130553491666    occ= 0
MO #580 energy= 0.715791417543009  occ= 0
MO #581 energy= 0.715962128408203  occ= 0
MO #582 energy= 0.716803766857333  occ= 0
MO #583 energy= 0.718848625601573  occ= 0
MO #584 energy= 0.719405842246122  occ= 0
MO #585 energy= 0.719722121221382  occ= 0
MO #586 energy= 0.720654627474846  occ= 0
MO #587 energy= 0.721196885585993  occ= 0
MO #588 energy= 0.722731431212399  occ= 0
MO #589 energy= 0.724276193283223  occ= 0
MO #590 energy= 0.72743803673475   occ= 0
MO #591 energy= 0.728658205228659  occ= 0
MO #592 energy= 0.730924092991625  occ= 0
MO #593 energy= 0.732014431009964  occ= 0
MO #594 energy= 0.733696679483471  occ= 0
MO #595 energy= 0.737117213944711  occ= 0
MO #596 energy= 0.738794264129391  occ= 0
MO #597 energy= 0.739876484903945  occ= 0
MO #598 energy= 0.741051422684837  occ= 0
MO #599 energy= 0.742175311538025  occ= 0
MO #600 energy= 0.743935455750729  occ= 0
MO #601 energy= 0.745409819279686  occ= 0
MO #602 energy= 0.747046010787342  occ= 0
MO #603 energy= 0.748410751737621  occ= 0
MO #604 energy= 0.749114567379197  occ= 0
MO #605 energy= 0.751353028775203  occ= 0
MO #606 energy= 0.752220686941214  occ= 0
MO #607 energy= 0.754301111091078  occ= 0
MO #608 energy= 0.75821817595947   occ= 0
MO #609 energy= 0.761995375427245  occ= 0
MO #610 energy= 0.762775493839608  occ= 0
MO #611 energy= 0.767365547248189  occ= 0
MO #612 energy= 0.770623568008468  occ= 0
MO #613 energy= 0.773268157101415  occ= 0
MO #614 energy= 0.773695084454688  occ= 0
MO #615 energy= 0.775274653155567  occ= 0
MO #616 energy= 0.776956924422517  occ= 0
MO #617 energy= 0.780048386302129  occ= 0
MO #618 energy= 0.783369905560003  occ= 0
MO #619 energy= 0.783911080949508  occ= 0
MO #620 energy= 0.784374812397036  occ= 0
MO #621 energy= 0.785807270236206  occ= 0
MO #622 energy= 0.786148740390221  occ= 0
MO #623 energy= 0.789673806386105  occ= 0
MO #624 energy= 0.791534259458651  occ= 0
MO #625 energy= 0.79214899456641   occ= 0
MO #626 energy= 0.79429698209037   occ= 0
MO #627 energy= 0.79918274102219   occ= 0
MO #628 energy= 0.799999480014727  occ= 0
MO #629 energy= 0.803698653535396  occ= 0
MO #630 energy= 0.804724594159775  occ= 0
MO #631 energy= 0.80561411028573   occ= 0
MO #632 energy= 0.806356281691002  occ= 0
MO #633 energy= 0.810390851566271  occ= 0
MO #634 energy= 0.812654489609321  occ= 0
MO #635 energy= 0.816145382355401  occ= 0
MO #636 energy= 0.817209083718372  occ= 0
MO #637 energy= 0.821791788130587  occ= 0
MO #638 energy= 0.824787532111233  occ= 0
MO #639 energy= 0.825850651408721  occ= 0
MO #640 energy= 0.829534165707553  occ= 0
MO #641 energy= 0.832206617631308  occ= 0
MO #642 energy= 0.83648802296663   occ= 0
MO #643 energy= 0.837003547027234  occ= 0
MO #644 energy= 0.837562333897544  occ= 0
MO #645 energy= 0.841447148741993  occ= 0
MO #646 energy= 0.842991638533419  occ= 0
MO #647 energy= 0.844512846863304  occ= 0
MO #648 energy= 0.84631543397255   occ= 0
MO #649 energy= 0.850836765597668  occ= 0
MO #650 energy= 0.852702375248716  occ= 0
MO #651 energy= 0.856905324169914  occ= 0
MO #652 energy= 0.858155087249325  occ= 0
MO #653 energy= 0.861905438294215  occ= 0
MO #654 energy= 0.870439861228691  occ= 0
MO #655 energy= 0.873727144773645  occ= 0
MO #656 energy= 0.876446707679717  occ= 0
MO #657 energy= 0.87887371399534   occ= 0
MO #658 energy= 0.881064646487332  occ= 0
MO #659 energy= 0.884826379905045  occ= 0
MO #660 energy= 0.887315622231967  occ= 0
MO #661 energy= 0.891032318220367  occ= 0
MO #662 energy= 0.893533586340319  occ= 0
MO #663 energy= 0.896742236930709  occ= 0
MO #664 energy= 0.900470699772788  occ= 0
MO #665 energy= 0.901526664589214  occ= 0
MO #666 energy= 0.916878713554635  occ= 0
MO #667 energy= 0.921097850303178  occ= 0
MO #668 energy= 0.923887161018537  occ= 0
MO #669 energy= 0.928764050023529  occ= 0
MO #670 energy= 0.931281804809918  occ= 0
MO #671 energy= 0.938885795719503  occ= 0
MO #672 energy= 0.944527000258736  occ= 0
MO #673 energy= 0.946700923808072  occ= 0
MO #674 energy= 0.952821125427742  occ= 0
MO #675 energy= 0.954252180841492  occ= 0
MO #676 energy= 0.9583099083845    occ= 0
MO #677 energy= 0.961730510721431  occ= 0
MO #678 energy= 0.967791240102235  occ= 0
MO #679 energy= 0.970827221358705  occ= 0
MO #680 energy= 0.974490194903052  occ= 0
MO #681 energy= 0.980920615987245  occ= 0
MO #682 energy= 0.983038298839074  occ= 0
MO #683 energy= 0.996433354234264  occ= 0
MO #684 energy= 1.00232704485546   occ= 0
MO #685 energy= 1.00555004988128   occ= 0
MO #686 energy= 1.0102130646728    occ= 0
MO #687 energy= 1.01257158772473   occ= 0
MO #688 energy= 1.01928149500888   occ= 0
MO #689 energy= 1.02215470423136   occ= 0
MO #690 energy= 1.0261957833286    occ= 0
MO #691 energy= 1.02657985305033   occ= 0
MO #692 energy= 1.03352138377734   occ= 0
MO #693 energy= 1.04027676083588   occ= 0
MO #694 energy= 1.04690838261789   occ= 0
MO #695 energy= 1.05025185518251   occ= 0
MO #696 energy= 1.06122343914186   occ= 0
MO #697 energy= 1.06189578354946   occ= 0
MO #698 energy= 1.06698674059404   occ= 0
MO #699 energy= 1.07189550504445   occ= 0
MO #700 energy= 1.07487872409101   occ= 0
MO #701 energy= 1.07848526162795   occ= 0
MO #702 energy= 1.08540519730327   occ= 0
MO #703 energy= 1.08779740645632   occ= 0
MO #704 energy= 1.09276630118336   occ= 0
MO #705 energy= 1.09495929085808   occ= 0
MO #706 energy= 1.09823278551943   occ= 0
MO #707 energy= 1.09897688674602   occ= 0
MO #708 energy= 1.10483444650772   occ= 0
MO #709 energy= 1.1052952857858    occ= 0
MO #710 energy= 1.10866210457784   occ= 0
MO #711 energy= 1.11099375209465   occ= 0
MO #712 energy= 1.11462133729834   occ= 0
MO #713 energy= 1.11710743473708   occ= 0
MO #714 energy= 1.12643114036335   occ= 0
MO #715 energy= 1.12926619439185   occ= 0
MO #716 energy= 1.13272569875698   occ= 0
MO #717 energy= 1.14046736506584   occ= 0
MO #718 energy= 1.14292866656187   occ= 0
MO #719 energy= 1.14581057567375   occ= 0
MO #720 energy= 1.14803089496428   occ= 0
MO #721 energy= 1.15119817463836   occ= 0
MO #722 energy= 1.15264855037101   occ= 0
MO #723 energy= 1.15775213389945   occ= 0
MO #724 energy= 1.16435857612908   occ= 0
MO #725 energy= 1.1666204584193    occ= 0
MO #726 energy= 1.168219151318     occ= 0
MO #727 energy= 1.17264342488098   occ= 0
MO #728 energy= 1.18584815448853   occ= 0
MO #729 energy= 1.18711063575633   occ= 0
MO #730 energy= 1.18887665888837   occ= 0
MO #731 energy= 1.19443618451187   occ= 0
MO #732 energy= 1.1962735148735    occ= 0
MO #733 energy= 1.20197667797392   occ= 0
MO #734 energy= 1.2073399659963    occ= 0
MO #735 energy= 1.20889410993372   occ= 0
MO #736 energy= 1.21368634759275   occ= 0
MO #737 energy= 1.21903860404009   occ= 0
MO #738 energy= 1.22349098208903   occ= 0
MO #739 energy= 1.22968052529207   occ= 0
MO #740 energy= 1.23394241928576   occ= 0
MO #741 energy= 1.24048796273365   occ= 0
MO #742 energy= 1.24509935468126   occ= 0
MO #743 energy= 1.25054115503023   occ= 0
MO #744 energy= 1.25202159073311   occ= 0
MO #745 energy= 1.25548842901067   occ= 0
MO #746 energy= 1.25745281658508   occ= 0
MO #747 energy= 1.26020712975982   occ= 0
MO #748 energy= 1.26068442673769   occ= 0
MO #749 energy= 1.26531809566109   occ= 0
MO #750 energy= 1.26678121365373   occ= 0
MO #751 energy= 1.26794753098432   occ= 0
MO #752 energy= 1.27390147744218   occ= 0
MO #753 energy= 1.27692833988705   occ= 0
MO #754 energy= 1.27838890973439   occ= 0
MO #755 energy= 1.27948512532942   occ= 0
MO #756 energy= 1.2826749347279    occ= 0
MO #757 energy= 1.28286702532484   occ= 0
MO #758 energy= 1.28596171331558   occ= 0
MO #759 energy= 1.28830159561156   occ= 0
MO #760 energy= 1.29209319721365   occ= 0
MO #761 energy= 1.29391317176963   occ= 0
MO #762 energy= 1.29472523288443   occ= 0
MO #763 energy= 1.30086326066699   occ= 0
MO #764 energy= 1.3028154181457    occ= 0
MO #765 energy= 1.30330803665219   occ= 0
MO #766 energy= 1.30570677747863   occ= 0
MO #767 energy= 1.30911793893791   occ= 0
MO #768 energy= 1.31131673874325   occ= 0
MO #769 energy= 1.31365927256096   occ= 0
MO #770 energy= 1.31701122414479   occ= 0
MO #771 energy= 1.32123026761279   occ= 0
MO #772 energy= 1.32408172564344   occ= 0
MO #773 energy= 1.32594883213766   occ= 0
MO #774 energy= 1.32987078464134   occ= 0
MO #775 energy= 1.3346863109944    occ= 0
MO #776 energy= 1.33591200110318   occ= 0
MO #777 energy= 1.33856276789833   occ= 0
MO #778 energy= 1.34158722729189   occ= 0
MO #779 energy= 1.34423467288132   occ= 0
MO #780 energy= 1.35167473603049   occ= 0
MO #781 energy= 1.35994045319241   occ= 0
MO #782 energy= 1.36360905004827   occ= 0
MO #783 energy= 1.37048379998544   occ= 0
MO #784 energy= 1.37263768647091   occ= 0
MO #785 energy= 1.37482006114669   occ= 0
MO #786 energy= 1.37910473713932   occ= 0
MO #787 energy= 1.38193107045704   occ= 0
MO #788 energy= 1.38530844641098   occ= 0
MO #789 energy= 1.39311213734398   occ= 0
MO #790 energy= 1.3940786855976    occ= 0
MO #791 energy= 1.39932136078216   occ= 0
MO #792 energy= 1.400843240811     occ= 0
MO #793 energy= 1.40287868128626   occ= 0
MO #794 energy= 1.41399152076786   occ= 0
MO #795 energy= 1.41832652228279   occ= 0
MO #796 energy= 1.42168450744618   occ= 0
MO #797 energy= 1.42697179035661   occ= 0
MO #798 energy= 1.43407444305698   occ= 0
MO #799 energy= 1.44086638320732   occ= 0
MO #800 energy= 1.44366846858877   occ= 0
MO #801 energy= 1.45451537085065   occ= 0
MO #802 energy= 1.46957816667379   occ= 0
MO #803 energy= 1.47184459289554   occ= 0
MO #804 energy= 1.48045409470743   occ= 0
MO #805 energy= 1.48724266872069   occ= 0
MO #806 energy= 1.50111379611651   occ= 0
MO #807 energy= 1.51566874601386   occ= 0
MO #808 energy= 1.52186227384292   occ= 0
MO #809 energy= 1.52502414741363   occ= 0
MO #810 energy= 1.52908087317111   occ= 0
MO #811 energy= 1.53060230935841   occ= 0
MO #812 energy= 1.53478172590949   occ= 0
MO #813 energy= 1.53645109512644   occ= 0
MO #814 energy= 1.53894081458827   occ= 0
MO #815 energy= 1.54125521583788   occ= 0
MO #816 energy= 1.54141110473223   occ= 0
MO #817 energy= 1.54324226993009   occ= 0
MO #818 energy= 1.54543976976696   occ= 0
MO #819 energy= 1.54590683179228   occ= 0
MO #820 energy= 1.54782308937788   occ= 0
MO #821 energy= 1.54853904942279   occ= 0
MO #822 energy= 1.55177221055545   occ= 0
MO #823 energy= 1.55302301861914   occ= 0
MO #824 energy= 1.55706028823332   occ= 0
MO #825 energy= 1.55995770859791   occ= 0
MO #826 energy= 1.56258147191734   occ= 0
MO #827 energy= 1.56522002012389   occ= 0
MO #828 energy= 1.56675454625355   occ= 0
MO #829 energy= 1.56788726980433   occ= 0
MO #830 energy= 1.56882917452206   occ= 0
MO #831 energy= 1.57053201385303   occ= 0
MO #832 energy= 1.57235871299226   occ= 0
MO #833 energy= 1.57410611343507   occ= 0
MO #834 energy= 1.57452183333459   occ= 0
MO #835 energy= 1.57800114615999   occ= 0
MO #836 energy= 1.57967723064723   occ= 0
MO #837 energy= 1.58675738731872   occ= 0
MO #838 energy= 1.59022518450423   occ= 0
MO #839 energy= 1.59305150248945   occ= 0
MO #840 energy= 1.5953551927214    occ= 0
MO #841 energy= 1.61924956699296   occ= 0
MO #842 energy= 1.62895510379474   occ= 0
MO #843 energy= 1.63377430313456   occ= 0
MO #844 energy= 1.63830164522855   occ= 0
MO #845 energy= 1.64070925195546   occ= 0
MO #846 energy= 1.65037055828399   occ= 0
MO #847 energy= 1.65108829655519   occ= 0
MO #848 energy= 1.6562243030452    occ= 0
MO #849 energy= 1.65788682186927   occ= 0
MO #850 energy= 1.6618913230226    occ= 0
MO #851 energy= 1.66357040608439   occ= 0
MO #852 energy= 1.66739251823597   occ= 0
MO #853 energy= 1.67357137725741   occ= 0
MO #854 energy= 1.68389964206826   occ= 0
MO #855 energy= 1.68482937014979   occ= 0
MO #856 energy= 1.68856258091698   occ= 0
MO #857 energy= 1.69251853773158   occ= 0
MO #858 energy= 1.6950488771094    occ= 0
MO #859 energy= 1.69739820375125   occ= 0
MO #860 energy= 1.69910365371912   occ= 0
MO #861 energy= 1.70052904881673   occ= 0
MO #862 energy= 1.70196542435539   occ= 0
MO #863 energy= 1.70267403745501   occ= 0
MO #864 energy= 1.70544097039002   occ= 0
MO #865 energy= 1.70862812815576   occ= 0
MO #866 energy= 1.70989459912191   occ= 0
MO #867 energy= 1.71539947042337   occ= 0
MO #868 energy= 1.71649454190084   occ= 0
MO #869 energy= 1.71877508628427   occ= 0
MO #870 energy= 1.72125568017632   occ= 0
MO #871 energy= 1.72535536040001   occ= 0
MO #872 energy= 1.72917074906281   occ= 0
MO #873 energy= 1.73291380037532   occ= 0
MO #874 energy= 1.73392055323951   occ= 0
MO #875 energy= 1.73498916887985   occ= 0
MO #876 energy= 1.73535040754836   occ= 0
MO #877 energy= 1.73725934520711   occ= 0
MO #878 energy= 1.73933171246945   occ= 0
MO #879 energy= 1.74102545918335   occ= 0
MO #880 energy= 1.74332026985215   occ= 0
MO #881 energy= 1.74757304476829   occ= 0
MO #882 energy= 1.75255521886646   occ= 0
MO #883 energy= 1.75337115841135   occ= 0
MO #884 energy= 1.7549990830545    occ= 0
MO #885 energy= 1.75629153837026   occ= 0
MO #886 energy= 1.75972052197005   occ= 0
MO #887 energy= 1.76073558375593   occ= 0
MO #888 energy= 1.76162479528194   occ= 0
MO #889 energy= 1.76453773811583   occ= 0
MO #890 energy= 1.76665648631814   occ= 0
MO #891 energy= 1.76764406356305   occ= 0
MO #892 energy= 1.76998965481229   occ= 0
MO #893 energy= 1.77229083314843   occ= 0
MO #894 energy= 1.77434649094534   occ= 0
MO #895 energy= 1.77599524373638   occ= 0
MO #896 energy= 1.78000813409243   occ= 0
MO #897 energy= 1.78402357959267   occ= 0
MO #898 energy= 1.78790272800645   occ= 0
MO #899 energy= 1.78899801587812   occ= 0
MO #900 energy= 1.79133657136889   occ= 0
MO #901 energy= 1.79329810711364   occ= 0
MO #902 energy= 1.79453925651442   occ= 0
MO #903 energy= 1.79678197189651   occ= 0
MO #904 energy= 1.79739579837003   occ= 0
MO #905 energy= 1.80049295439412   occ= 0
MO #906 energy= 1.80170580341121   occ= 0
MO #907 energy= 1.80576129098636   occ= 0
MO #908 energy= 1.80768362808584   occ= 0
MO #909 energy= 1.80837720606369   occ= 0
MO #910 energy= 1.8111192454827    occ= 0
MO #911 energy= 1.81229295994841   occ= 0
MO #912 energy= 1.8169140710643    occ= 0
MO #913 energy= 1.81756880856627   occ= 0
MO #914 energy= 1.82088512053727   occ= 0
MO #915 energy= 1.82400620451068   occ= 0
MO #916 energy= 1.82498311496512   occ= 0
MO #917 energy= 1.82847779481491   occ= 0
MO #918 energy= 1.82934493912858   occ= 0
MO #919 energy= 1.83073840616597   occ= 0
MO #920 energy= 1.83215012245922   occ= 0
MO #921 energy= 1.83270948466442   occ= 0
MO #922 energy= 1.83474698081616   occ= 0
MO #923 energy= 1.835993257021     occ= 0
MO #924 energy= 1.83705104509574   occ= 0
MO #925 energy= 1.83859604639137   occ= 0
MO #926 energy= 1.84037216600879   occ= 0
MO #927 energy= 1.84252719017485   occ= 0
MO #928 energy= 1.84440287238883   occ= 0
MO #929 energy= 1.84601424904428   occ= 0
MO #930 energy= 1.84730333397452   occ= 0
MO #931 energy= 1.85048666817992   occ= 0
MO #932 energy= 1.85255911881669   occ= 0
MO #933 energy= 1.85360389969527   occ= 0
MO #934 energy= 1.85727583526824   occ= 0
MO #935 energy= 1.85784092398832   occ= 0
MO #936 energy= 1.86033241670504   occ= 0
MO #937 energy= 1.86105395721501   occ= 0
MO #938 energy= 1.86249791608209   occ= 0
MO #939 energy= 1.86315165268304   occ= 0
MO #940 energy= 1.86495646000476   occ= 0
MO #941 energy= 1.86625492377238   occ= 0
MO #942 energy= 1.86651624541356   occ= 0
MO #943 energy= 1.86984836853215   occ= 0
MO #944 energy= 1.87229827560756   occ= 0
MO #945 energy= 1.87488741307632   occ= 0
MO #946 energy= 1.87543630588148   occ= 0
MO #947 energy= 1.87614154872155   occ= 0
MO #948 energy= 1.88069931423675   occ= 0
MO #949 energy= 1.88588478700525   occ= 0
MO #950 energy= 1.88934739028796   occ= 0
MO #951 energy= 1.89101812823376   occ= 0
MO #952 energy= 1.89330706658506   occ= 0
MO #953 energy= 1.89462708421112   occ= 0
MO #954 energy= 1.89557523254742   occ= 0
MO #955 energy= 1.89756077919843   occ= 0
MO #956 energy= 1.90044861519962   occ= 0
MO #957 energy= 1.90361922796023   occ= 0
MO #958 energy= 1.90496791251008   occ= 0
MO #959 energy= 1.91178201625501   occ= 0
MO #960 energy= 1.91232960016598   occ= 0
MO #961 energy= 1.91619657544167   occ= 0
MO #962 energy= 1.91725381550036   occ= 0
MO #963 energy= 1.92037041956842   occ= 0
MO #964 energy= 1.92362934896389   occ= 0
MO #965 energy= 1.92718880236618   occ= 0
MO #966 energy= 1.93114113809951   occ= 0
MO #967 energy= 1.93584517975926   occ= 0
MO #968 energy= 1.93682548076003   occ= 0
MO #969 energy= 1.93847298905707   occ= 0
MO #970 energy= 1.94331103984015   occ= 0
MO #971 energy= 1.94751251020758   occ= 0
MO #972 energy= 1.94931176379165   occ= 0
MO #973 energy= 1.95073706112391   occ= 0
MO #974 energy= 1.95413933584821   occ= 0
MO #975 energy= 1.95507732051287   occ= 0
MO #976 energy= 1.955966585706     occ= 0
MO #977 energy= 1.95663520261806   occ= 0
MO #978 energy= 1.95796047894034   occ= 0
MO #979 energy= 1.95882287050205   occ= 0
MO #980 energy= 1.96385024153438   occ= 0
MO #981 energy= 1.96391384287543   occ= 0
MO #982 energy= 1.96555930772556   occ= 0
MO #983 energy= 1.96734265278279   occ= 0
MO #984 energy= 1.96997308619321   occ= 0
MO #985 energy= 1.97184045654402   occ= 0
MO #986 energy= 1.97455032171647   occ= 0
MO #987 energy= 1.97906358819838   occ= 0
MO #988 energy= 1.98479577555412   occ= 0
MO #989 energy= 1.98844720653705   occ= 0
MO #990 energy= 1.99162761154839   occ= 0
MO #991 energy= 1.99483452114      occ= 0
MO #992 energy= 1.99669829215164   occ= 0
MO #993 energy= 1.99862348650296   occ= 0
MO #994 energy= 2.00107240097444   occ= 0
MO #995 energy= 2.00150591647188   occ= 0
MO #996 energy= 2.00331844180191   occ= 0
MO #997 energy= 2.00385130794047   occ= 0
MO #998 energy= 2.00659270370872   occ= 0
MO #999 energy= 2.00953483523119   occ= 0
MO #1000 energy= 2.01031618209616   occ= 0
MO #1001 energy= 2.01203180397559   occ= 0
MO #1002 energy= 2.01547983364095   occ= 0
MO #1003 energy= 2.0175171073836    occ= 0
MO #1004 energy= 2.02275949379371   occ= 0
MO #1005 energy= 2.02606656882532   occ= 0
MO #1006 energy= 2.02750789300603   occ= 0
MO #1007 energy= 2.02801376603379   occ= 0
MO #1008 energy= 2.03351286210881   occ= 0
MO #1009 energy= 2.03476966025421   occ= 0
MO #1010 energy= 2.0367863459961    occ= 0
MO #1011 energy= 2.04132616702591   occ= 0
MO #1012 energy= 2.04752632888632   occ= 0
MO #1013 energy= 2.04969085951138   occ= 0
MO #1014 energy= 2.0573972847067    occ= 0
MO #1015 energy= 2.05904618633439   occ= 0
MO #1016 energy= 2.0721107163386    occ= 0
MO #1017 energy= 2.07858660629191   occ= 0
MO #1018 energy= 2.08206626544306   occ= 0
MO #1019 energy= 2.08609291010153   occ= 0
MO #1020 energy= 2.08843811603632   occ= 0
MO #1021 energy= 2.09197548145632   occ= 0
MO #1022 energy= 2.09441814062056   occ= 0
MO #1023 energy= 2.09798908409387   occ= 0
MO #1024 energy= 2.10196166744121   occ= 0
MO #1025 energy= 2.10983118001206   occ= 0
MO #1026 energy= 2.11178214334111   occ= 0
MO #1027 energy= 2.11329587384202   occ= 0
MO #1028 energy= 2.11915186937336   occ= 0
MO #1029 energy= 2.12027182630912   occ= 0
MO #1030 energy= 2.12567260908399   occ= 0
MO #1031 energy= 2.12992748551819   occ= 0
MO #1032 energy= 2.13243375800801   occ= 0
MO #1033 energy= 2.13911175842281   occ= 0
MO #1034 energy= 2.14863674901237   occ= 0
MO #1035 energy= 2.1496443222386    occ= 0
MO #1036 energy= 2.15355032421954   occ= 0
MO #1037 energy= 2.15495796989263   occ= 0
MO #1038 energy= 2.15595933315589   occ= 0
MO #1039 energy= 2.15801730490857   occ= 0
MO #1040 energy= 2.15912185015836   occ= 0
MO #1041 energy= 2.16170217936452   occ= 0
MO #1042 energy= 2.16452842334123   occ= 0
MO #1043 energy= 2.16652586463468   occ= 0
MO #1044 energy= 2.17220396279754   occ= 0
MO #1045 energy= 2.17295894454939   occ= 0
MO #1046 energy= 2.17911903053938   occ= 0
MO #1047 energy= 2.18271819302463   occ= 0
MO #1048 energy= 2.18818514194184   occ= 0
MO #1049 energy= 2.18984047219408   occ= 0
MO #1050 energy= 2.19511837841938   occ= 0
MO #1051 energy= 2.19986516051118   occ= 0
MO #1052 energy= 2.20096849526974   occ= 0
MO #1053 energy= 2.20283960715933   occ= 0
MO #1054 energy= 2.20397304419975   occ= 0
MO #1055 energy= 2.20670093918054   occ= 0
MO #1056 energy= 2.20836668660066   occ= 0
MO #1057 energy= 2.21453625002844   occ= 0
MO #1058 energy= 2.21638014152611   occ= 0
MO #1059 energy= 2.21889631813495   occ= 0
MO #1060 energy= 2.22037320228797   occ= 0
MO #1061 energy= 2.22239743257589   occ= 0
MO #1062 energy= 2.23028205345083   occ= 0
MO #1063 energy= 2.23245560073309   occ= 0
MO #1064 energy= 2.23484252554097   occ= 0
MO #1065 energy= 2.23581821655081   occ= 0
MO #1066 energy= 2.24146898090407   occ= 0
MO #1067 energy= 2.25008330472568   occ= 0
MO #1068 energy= 2.25518199083775   occ= 0
MO #1069 energy= 2.26213044742118   occ= 0
MO #1070 energy= 2.26662877612938   occ= 0
MO #1071 energy= 2.27513299677615   occ= 0
MO #1072 energy= 2.28456658059082   occ= 0
MO #1073 energy= 2.28779787389131   occ= 0
MO #1074 energy= 2.29060770259207   occ= 0
MO #1075 energy= 2.29171586484926   occ= 0
MO #1076 energy= 2.29493529544672   occ= 0
MO #1077 energy= 2.29646178836906   occ= 0
MO #1078 energy= 2.30235011527789   occ= 0
MO #1079 energy= 2.3037886546637    occ= 0
MO #1080 energy= 2.31052049494642   occ= 0
MO #1081 energy= 2.31096310112235   occ= 0
MO #1082 energy= 2.3118724582443    occ= 0
MO #1083 energy= 2.31224227883625   occ= 0
MO #1084 energy= 2.31874018810553   occ= 0
MO #1085 energy= 2.32082618233907   occ= 0
MO #1086 energy= 2.32359905360637   occ= 0
MO #1087 energy= 2.32660216259167   occ= 0
MO #1088 energy= 2.33000350696284   occ= 0
MO #1089 energy= 2.33198411064529   occ= 0
MO #1090 energy= 2.33638780263395   occ= 0
MO #1091 energy= 2.34002218672925   occ= 0
MO #1092 energy= 2.34423906457855   occ= 0
MO #1093 energy= 2.34532250726193   occ= 0
MO #1094 energy= 2.34795162830104   occ= 0
MO #1095 energy= 2.35222580134962   occ= 0
MO #1096 energy= 2.35737243481896   occ= 0
MO #1097 energy= 2.35974906658189   occ= 0
MO #1098 energy= 2.36150731384034   occ= 0
MO #1099 energy= 2.36454057551091   occ= 0
MO #1100 energy= 2.36714471312896   occ= 0
MO #1101 energy= 2.36963782824401   occ= 0
MO #1102 energy= 2.37081206736608   occ= 0
MO #1103 energy= 2.37270012703911   occ= 0
MO #1104 energy= 2.37574720230156   occ= 0
MO #1105 energy= 2.37867241563598   occ= 0
MO #1106 energy= 2.38561204317585   occ= 0
MO #1107 energy= 2.38790734081038   occ= 0
MO #1108 energy= 2.39166697118557   occ= 0
MO #1109 energy= 2.39535464591125   occ= 0
MO #1110 energy= 2.39624799648618   occ= 0
MO #1111 energy= 2.40108181970643   occ= 0
MO #1112 energy= 2.40360487273208   occ= 0
MO #1113 energy= 2.40881901261781   occ= 0
MO #1114 energy= 2.41409926379819   occ= 0
MO #1115 energy= 2.42087783368534   occ= 0
MO #1116 energy= 2.42242052487966   occ= 0
MO #1117 energy= 2.42425252488331   occ= 0
MO #1118 energy= 2.42537250265741   occ= 0
MO #1119 energy= 2.42965466299704   occ= 0
MO #1120 energy= 2.43992057758007   occ= 0
MO #1121 energy= 2.44162932149659   occ= 0
MO #1122 energy= 2.44441163037117   occ= 0
MO #1123 energy= 2.44632601465789   occ= 0
MO #1124 energy= 2.44805151770059   occ= 0
MO #1125 energy= 2.45161892551714   occ= 0
MO #1126 energy= 2.45287253700136   occ= 0
MO #1127 energy= 2.45787799469915   occ= 0
MO #1128 energy= 2.46855582547571   occ= 0
MO #1129 energy= 2.47098990184421   occ= 0
MO #1130 energy= 2.4732305144467    occ= 0
MO #1131 energy= 2.47383542849145   occ= 0
MO #1132 energy= 2.47531249972384   occ= 0
MO #1133 energy= 2.47946418093      occ= 0
MO #1134 energy= 2.4812258276026    occ= 0
MO #1135 energy= 2.48766734684218   occ= 0
MO #1136 energy= 2.49113975818676   occ= 0
MO #1137 energy= 2.5011040796581    occ= 0
MO #1138 energy= 2.5025251718208    occ= 0
MO #1139 energy= 2.51846674070067   occ= 0
MO #1140 energy= 2.53043508908749   occ= 0
MO #1141 energy= 2.54053773247236   occ= 0
MO #1142 energy= 2.54259985556832   occ= 0
MO #1143 energy= 2.54544759934444   occ= 0
MO #1144 energy= 2.55402094068724   occ= 0
MO #1145 energy= 2.56137258099108   occ= 0
MO #1146 energy= 2.56558638207768   occ= 0
MO #1147 energy= 2.56911694229759   occ= 0
MO #1148 energy= 2.5698133973879    occ= 0
MO #1149 energy= 2.57887712387954   occ= 0
MO #1150 energy= 2.58804797277831   occ= 0
MO #1151 energy= 2.59217253467841   occ= 0
MO #1152 energy= 2.59554585934863   occ= 0
MO #1153 energy= 2.59945337027102   occ= 0
MO #1154 energy= 2.60327811283213   occ= 0
MO #1155 energy= 2.60837632072269   occ= 0
MO #1156 energy= 2.60940583312207   occ= 0
MO #1157 energy= 2.61253678272866   occ= 0
MO #1158 energy= 2.61556741162109   occ= 0
MO #1159 energy= 2.61656857719823   occ= 0
MO #1160 energy= 2.62179872265141   occ= 0
MO #1161 energy= 2.62332188121563   occ= 0
MO #1162 energy= 2.62466409349393   occ= 0
MO #1163 energy= 2.62840085221315   occ= 0
MO #1164 energy= 2.6294496812658    occ= 0
MO #1165 energy= 2.63209621477536   occ= 0
MO #1166 energy= 2.63536457205521   occ= 0
MO #1167 energy= 2.63836540639282   occ= 0
MO #1168 energy= 2.63933950374381   occ= 0
MO #1169 energy= 2.64672078173255   occ= 0
MO #1170 energy= 2.64849701101497   occ= 0
MO #1171 energy= 2.64923364275658   occ= 0
MO #1172 energy= 2.65189668001319   occ= 0
MO #1173 energy= 2.65530243843558   occ= 0
MO #1174 energy= 2.65812526233992   occ= 0
MO #1175 energy= 2.66010620807972   occ= 0
MO #1176 energy= 2.66265740247076   occ= 0
MO #1177 energy= 2.66537241955758   occ= 0
MO #1178 energy= 2.66779865090874   occ= 0
MO #1179 energy= 2.67154175836177   occ= 0
MO #1180 energy= 2.67278507623942   occ= 0
MO #1181 energy= 2.67524498117172   occ= 0
MO #1182 energy= 2.67573797272292   occ= 0
MO #1183 energy= 2.67817589512137   occ= 0
MO #1184 energy= 2.68334244053847   occ= 0
MO #1185 energy= 2.68934929111397   occ= 0
MO #1186 energy= 2.69043417598254   occ= 0
MO #1187 energy= 2.69206789288036   occ= 0
MO #1188 energy= 2.69360412839245   occ= 0
MO #1189 energy= 2.69474411042422   occ= 0
MO #1190 energy= 2.69712857990708   occ= 0
MO #1191 energy= 2.69940540954637   occ= 0
MO #1192 energy= 2.70144043378476   occ= 0
MO #1193 energy= 2.7055215140228    occ= 0
MO #1194 energy= 2.70917881557276   occ= 0
MO #1195 energy= 2.71014546841241   occ= 0
MO #1196 energy= 2.71401966304557   occ= 0
MO #1197 energy= 2.71542172569596   occ= 0
MO #1198 energy= 2.71871753184598   occ= 0
MO #1199 energy= 2.72194307346252   occ= 0
MO #1200 energy= 2.72760847175194   occ= 0
MO #1201 energy= 2.73412574336036   occ= 0
MO #1202 energy= 2.74726331392824   occ= 0
MO #1203 energy= 2.75826157694348   occ= 0
MO #1204 energy= 2.76550468395953   occ= 0
MO #1205 energy= 2.76740090178999   occ= 0
MO #1206 energy= 2.76906282997025   occ= 0
MO #1207 energy= 2.78691920991231   occ= 0
MO #1208 energy= 2.79356706020576   occ= 0
MO #1209 energy= 2.7957240638497    occ= 0
MO #1210 energy= 2.79883291292667   occ= 0
MO #1211 energy= 2.80518426487474   occ= 0
MO #1212 energy= 2.80958013022448   occ= 0
MO #1213 energy= 2.82200894656242   occ= 0
MO #1214 energy= 2.82363766800854   occ= 0
MO #1215 energy= 2.83952252877329   occ= 0
MO #1216 energy= 2.8421106420545    occ= 0
MO #1217 energy= 2.84529264657382   occ= 0
MO #1218 energy= 2.84771125053213   occ= 0
MO #1219 energy= 2.85321383464772   occ= 0
MO #1220 energy= 2.85667021892843   occ= 0
MO #1221 energy= 2.87344135006078   occ= 0
MO #1222 energy= 2.87548347773329   occ= 0
MO #1223 energy= 2.87680559738504   occ= 0
MO #1224 energy= 2.87717196121121   occ= 0
MO #1225 energy= 2.87877146149734   occ= 0
MO #1226 energy= 2.87956495412446   occ= 0
MO #1227 energy= 2.88201909746993   occ= 0
MO #1228 energy= 2.88318441956997   occ= 0
MO #1229 energy= 2.88988454435486   occ= 0
MO #1230 energy= 2.89171774160861   occ= 0
MO #1231 energy= 2.89644900524669   occ= 0
MO #1232 energy= 2.90024861551618   occ= 0
MO #1233 energy= 2.90824962267929   occ= 0
MO #1234 energy= 2.90961089273365   occ= 0
MO #1235 energy= 2.90990485846061   occ= 0
MO #1236 energy= 2.91225896431528   occ= 0
MO #1237 energy= 2.9150690233539    occ= 0
MO #1238 energy= 2.91822852161683   occ= 0
MO #1239 energy= 2.9210276743523    occ= 0
MO #1240 energy= 2.92771681695426   occ= 0
MO #1241 energy= 2.93062054044371   occ= 0
MO #1242 energy= 2.93128303061136   occ= 0
MO #1243 energy= 2.93510436811383   occ= 0
MO #1244 energy= 2.93841492468731   occ= 0
MO #1245 energy= 2.94367579874221   occ= 0
MO #1246 energy= 2.9483713228773    occ= 0
MO #1247 energy= 2.95147229783582   occ= 0
MO #1248 energy= 2.95493504338109   occ= 0
MO #1249 energy= 2.95758781323457   occ= 0
MO #1250 energy= 2.9588205848289    occ= 0
MO #1251 energy= 2.96217209488702   occ= 0
MO #1252 energy= 2.96388153377604   occ= 0
MO #1253 energy= 2.96552828055824   occ= 0
MO #1254 energy= 2.96555283705511   occ= 0
MO #1255 energy= 2.97517058953309   occ= 0
MO #1256 energy= 2.97799285330607   occ= 0
MO #1257 energy= 2.9829812433824    occ= 0
MO #1258 energy= 2.98465742308837   occ= 0
MO #1259 energy= 2.98703653288734   occ= 0
MO #1260 energy= 2.98965906996549   occ= 0
MO #1261 energy= 2.99280222624141   occ= 0
MO #1262 energy= 3.00158602609509   occ= 0
MO #1263 energy= 3.00617753876699   occ= 0
MO #1264 energy= 3.00950434532511   occ= 0
MO #1265 energy= 3.01227591129006   occ= 0
MO #1266 energy= 3.0161424203112    occ= 0
MO #1267 energy= 3.01908769311219   occ= 0
MO #1268 energy= 3.02829857750825   occ= 0
MO #1269 energy= 3.03454610020295   occ= 0
MO #1270 energy= 3.03965556423244   occ= 0
MO #1271 energy= 3.04380776332604   occ= 0
MO #1272 energy= 3.04573983151924   occ= 0
MO #1273 energy= 3.05048365925257   occ= 0
MO #1274 energy= 3.06038056512064   occ= 0
MO #1275 energy= 3.06461367136631   occ= 0
MO #1276 energy= 3.0659802067814    occ= 0
MO #1277 energy= 3.07098785287487   occ= 0
MO #1278 energy= 3.07230973428285   occ= 0
MO #1279 energy= 3.08444972903941   occ= 0
MO #1280 energy= 3.09655593501705   occ= 0
MO #1281 energy= 3.09801768886211   occ= 0
MO #1282 energy= 3.09848713309205   occ= 0
MO #1283 energy= 3.10131800963235   occ= 0
MO #1284 energy= 3.12403065652239   occ= 0
MO #1285 energy= 3.1291003214153    occ= 0
MO #1286 energy= 3.14565368872266   occ= 0
MO #1287 energy= 3.15059909575268   occ= 0
MO #1288 energy= 3.15446828266037   occ= 0
MO #1289 energy= 3.15911397157349   occ= 0
MO #1290 energy= 3.16219445276417   occ= 0
MO #1291 energy= 3.16787138278452   occ= 0
MO #1292 energy= 3.17823334623124   occ= 0
MO #1293 energy= 3.1855492335221    occ= 0
MO #1294 energy= 3.18655649484297   occ= 0
MO #1295 energy= 3.18905136227707   occ= 0
MO #1296 energy= 3.20196944188562   occ= 0
MO #1297 energy= 3.22373767803672   occ= 0
MO #1298 energy= 3.23054454033788   occ= 0
MO #1299 energy= 3.2545128534395    occ= 0
MO #1300 energy= 3.26634891607877   occ= 0
MO #1301 energy= 3.31971518657219   occ= 0
MO #1302 energy= 3.35414084916074   occ= 0
MO #1303 energy= 3.36111910804693   occ= 0
MO #1304 energy= 3.377685985766     occ= 0
MO #1305 energy= 3.41241625441835   occ= 0
MO #1306 energy= 3.47031510589234   occ= 0
MO #1307 energy= 3.53321419332156   occ= 0
MO #1308 energy= 3.53687033617002   occ= 0
MO #1309 energy= 3.58647687244649   occ= 0
MO #1310 energy= 3.6040867070592    occ= 0
MO #1311 energy= 3.66166453013529   occ= 0
MO #1312 energy= 3.67656633452833   occ= 0
MO #1313 energy= 3.68555553204328   occ= 0
MO #1314 energy= 3.69680258899882   occ= 0
MO #1315 energy= 3.70646901756559   occ= 0
 ** Mulliken atomic charges  **
charge of  0O =     -0.78215
charge of  1P =      1.76275
charge of  2O =     -0.65111
charge of  3O =     -0.53215
charge of  4C =      0.17838
charge of  5C =     -0.00261
charge of  6C =     -0.03314
charge of  7C =      0.02414
charge of  8C =     -0.04116
charge of  9C =     -0.28124
charge of  10C =     -0.27722
charge of  11C =     -0.12760
charge of  12C =      0.01505
charge of  13C =      0.00446
charge of  14C =     -0.10725
charge of  15C =     -0.11173
charge of  16C =      0.01069
charge of  17C =      0.07133
charge of  18C =     -0.27933
charge of  19C =     -0.27967
charge of  20C =     -0.28519
charge of  21C =     -0.11697
charge of  22C =     -0.10666
charge of  23C =     -0.13086
charge of  24C =      0.01797
charge of  25C =     -0.04391
charge of  26C =     -0.27688
charge of  27C =     -0.28281
charge of  28C =     -0.10090
charge of  29C =      0.00642
charge of  30C =      0.00156
charge of  31C =     -0.10360
charge of  32C =     -0.09891
charge of  33C =     -0.10146
charge of  34C =     -0.10225
charge of  35C =     -0.02906
charge of  36C =     -0.03063
charge of  37C =      0.17641
charge of  38O =     -0.53559
charge of  39C =     -0.00012
charge of  40C =     -0.03299
charge of  41C =      0.02056
charge of  42C =     -0.04101
charge of  43C =     -0.28049
charge of  44C =     -0.27755
charge of  45C =     -0.13024
charge of  46C =      0.01475
charge of  47C =      0.00548
charge of  48C =     -0.10727
charge of  49C =     -0.11231
charge of  50C =      0.00961
charge of  51C =      0.07146
charge of  52C =     -0.28510
charge of  53C =     -0.27952
charge of  54C =     -0.27945
charge of  55C =     -0.11739
charge of  56C =     -0.10656
charge of  57C =     -0.12570
charge of  58C =      0.02478
charge of  59C =     -0.04334
charge of  60C =     -0.28865
charge of  61C =     -0.27670
charge of  62C =     -0.09900
charge of  63C =      0.00722
charge of  64C =      0.00122
charge of  65C =     -0.10384
charge of  66C =     -0.09900
charge of  67C =     -0.10133
charge of  68C =     -0.10160
charge of  69H =      0.35586
charge of  70H =      0.08493
charge of  71H =      0.10564
charge of  72H =      0.08500
charge of  73H =      0.08834
charge of  74H =      0.09105
charge of  75H =      0.08983
charge of  76H =      0.08771
charge of  77H =      0.09590
charge of  78H =      0.09847
charge of  79H =      0.09465
charge of  80H =      0.08945
charge of  81H =      0.08743
charge of  82H =      0.09301
charge of  83H =      0.09258
charge of  84H =      0.08889
charge of  85H =      0.08768
charge of  86H =      0.09133
charge of  87H =      0.08990
charge of  88H =      0.08972
charge of  89H =      0.09999
charge of  90H =      0.09936
charge of  91H =      0.09426
charge of  92H =      0.08979
charge of  93H =      0.08968
charge of  94H =      0.08750
charge of  95H =      0.09012
charge of  96H =      0.10012
charge of  97H =      0.08872
charge of  98H =      0.08285
charge of  99H =      0.10571
charge of  100H =      0.11130
charge of  101H =      0.10494
charge of  102H =      0.10437
charge of  103H =      0.10144
charge of  104H =      0.08466
charge of  105H =      0.10042
charge of  106H =      0.08783
charge of  107H =      0.08409
charge of  108H =      0.08911
charge of  109H =      0.09198
charge of  110H =      0.08861
charge of  111H =      0.09345
charge of  112H =      0.09898
charge of  113H =      0.09397
charge of  114H =      0.08994
charge of  115H =      0.08962
charge of  116H =      0.09091
charge of  117H =      0.08714
charge of  118H =      0.09297
charge of  119H =      0.08905
charge of  120H =      0.08707
charge of  121H =      0.08907
charge of  122H =      0.09252
charge of  123H =      0.09946
charge of  124H =      0.09931
charge of  125H =      0.09592
charge of  126H =      0.08702
charge of  127H =      0.08471
charge of  128H =      0.12170
charge of  129H =      0.08007
charge of  130H =      0.08421
charge of  131H =      0.08785
charge of  132H =      0.08966
charge of  133H =      0.10665
charge of  134H =      0.11054
charge of  135H =      0.10470
charge of  136H =      0.10435
charge of  137H =      0.10190
Dipole moment(X, Y, Z, Debye):  1.73092, -1.73129,  0.71676
def2-svp b3lyp 442.0805675983429
