/public3/home/scg5914/software-scg5914/LSW/1/data/data2/std_data/def2svp_b3lyp/cat_9.xyz
converged SCF energy = -2485.96499583633
**** MO energy ****
MO #1   energy= -77.2176543926518  occ= 2
MO #2   energy= -19.1838678658886  occ= 2
MO #3   energy= -19.1802335172798  occ= 2
MO #4   energy= -19.1706432897925  occ= 2
MO #5   energy= -19.0881943686225  occ= 2
MO #6   energy= -10.2609546982135  occ= 2
MO #7   energy= -10.2584433555766  occ= 2
MO #8   energy= -10.2087283794874  occ= 2
MO #9   energy= -10.2073775749967  occ= 2
MO #10  energy= -10.2045558318222  occ= 2
MO #11  energy= -10.2044263067525  occ= 2
MO #12  energy= -10.2034466498524  occ= 2
MO #13  energy= -10.2018014008233  occ= 2
MO #14  energy= -10.2008493253934  occ= 2
MO #15  energy= -10.1994657012277  occ= 2
MO #16  energy= -10.1975388984102  occ= 2
MO #17  energy= -10.1955156570687  occ= 2
MO #18  energy= -10.1941203422455  occ= 2
MO #19  energy= -10.193400405693   occ= 2
MO #20  energy= -10.1925434073658  occ= 2
MO #21  energy= -10.1921546631726  occ= 2
MO #22  energy= -10.1920774070525  occ= 2
MO #23  energy= -10.191518476043   occ= 2
MO #24  energy= -10.1915029753125  occ= 2
MO #25  energy= -10.1909416120599  occ= 2
MO #26  energy= -10.1908695485747  occ= 2
MO #27  energy= -10.1905068624368  occ= 2
MO #28  energy= -10.1900744699895  occ= 2
MO #29  energy= -10.1899955749632  occ= 2
MO #30  energy= -10.1895569570434  occ= 2
MO #31  energy= -10.1886901003992  occ= 2
MO #32  energy= -10.1861208802749  occ= 2
MO #33  energy= -10.1850523444969  occ= 2
MO #34  energy= -10.1848452509827  occ= 2
MO #35  energy= -10.184730551491   occ= 2
MO #36  energy= -10.1844499969421  occ= 2
MO #37  energy= -10.1838804288863  occ= 2
MO #38  energy= -10.1835058171671  occ= 2
MO #39  energy= -10.183306692247   occ= 2
MO #40  energy= -10.1828920745189  occ= 2
MO #41  energy= -10.1827110228236  occ= 2
MO #42  energy= -10.1825852235799  occ= 2
MO #43  energy= -10.1811631952498  occ= 2
MO #44  energy= -10.180980375072   occ= 2
MO #45  energy= -10.1806616504365  occ= 2
MO #46  energy= -10.1800937626818  occ= 2
MO #47  energy= -10.179815714      occ= 2
MO #48  energy= -10.1794852964446  occ= 2
MO #49  energy= -10.1784544649541  occ= 2
MO #50  energy= -10.1765101123444  occ= 2
MO #51  energy= -10.1759498367389  occ= 2
MO #52  energy= -10.174156329132   occ= 2
MO #53  energy= -10.1727427998997  occ= 2
MO #54  energy= -6.69344491880104  occ= 2
MO #55  energy= -4.86097550720691  occ= 2
MO #56  energy= -4.86050902337951  occ= 2
MO #57  energy= -4.85872424829614  occ= 2
MO #58  energy= -1.11974112336204  occ= 2
MO #59  energy= -1.05749868423132  occ= 2
MO #60  energy= -1.04524941798453  occ= 2
MO #61  energy= -0.958686525415777 occ= 2
MO #62  energy= -0.893988606213937 occ= 2
MO #63  energy= -0.884679186830589 occ= 2
MO #64  energy= -0.878025233480791 occ= 2
MO #65  energy= -0.872476151231389 occ= 2
MO #66  energy= -0.846026642262485 occ= 2
MO #67  energy= -0.840427768542522 occ= 2
MO #68  energy= -0.836641807005601 occ= 2
MO #69  energy= -0.831246483172463 occ= 2
MO #70  energy= -0.815001084687989 occ= 2
MO #71  energy= -0.795856735781165 occ= 2
MO #72  energy= -0.790606121649156 occ= 2
MO #73  energy= -0.782472378760077 occ= 2
MO #74  energy= -0.777015966559446 occ= 2
MO #75  energy= -0.76349337529617  occ= 2
MO #76  energy= -0.748046215467063 occ= 2
MO #77  energy= -0.744354900910669 occ= 2
MO #78  energy= -0.740357730060525 occ= 2
MO #79  energy= -0.739297594111015 occ= 2
MO #80  energy= -0.735823833424668 occ= 2
MO #81  energy= -0.732958940625444 occ= 2
MO #82  energy= -0.727411863569096 occ= 2
MO #83  energy= -0.714608293453917 occ= 2
MO #84  energy= -0.694082223716042 occ= 2
MO #85  energy= -0.689128563152855 occ= 2
MO #86  energy= -0.676898063348759 occ= 2
MO #87  energy= -0.647752839119244 occ= 2
MO #88  energy= -0.642831459963405 occ= 2
MO #89  energy= -0.637246298617903 occ= 2
MO #90  energy= -0.633354282558237 occ= 2
MO #91  energy= -0.626404492369173 occ= 2
MO #92  energy= -0.621061252480729 occ= 2
MO #93  energy= -0.612832922866048 occ= 2
MO #94  energy= -0.607717909200267 occ= 2
MO #95  energy= -0.604353236032536 occ= 2
MO #96  energy= -0.588463081540824 occ= 2
MO #97  energy= -0.585969445333231 occ= 2
MO #98  energy= -0.58524936136512  occ= 2
MO #99  energy= -0.580259893281249 occ= 2
MO #100 energy= -0.572555411468797 occ= 2
MO #101 energy= -0.565154754184286 occ= 2
MO #102 energy= -0.555568086269804 occ= 2
MO #103 energy= -0.54221370692649  occ= 2
MO #104 energy= -0.535480172361296 occ= 2
MO #105 energy= -0.530084686934545 occ= 2
MO #106 energy= -0.527530093269478 occ= 2
MO #107 energy= -0.52326032786368  occ= 2
MO #108 energy= -0.519932393063018 occ= 2
MO #109 energy= -0.518490893707498 occ= 2
MO #110 energy= -0.506898302584308 occ= 2
MO #111 energy= -0.495203190431249 occ= 2
MO #112 energy= -0.48858661075288  occ= 2
MO #113 energy= -0.483563628805686 occ= 2
MO #114 energy= -0.478013491194795 occ= 2
MO #115 energy= -0.469486947421006 occ= 2
MO #116 energy= -0.46381952652726  occ= 2
MO #117 energy= -0.459304327196328 occ= 2
MO #118 energy= -0.458588972407575 occ= 2
MO #119 energy= -0.458106614647718 occ= 2
MO #120 energy= -0.455802811269819 occ= 2
MO #121 energy= -0.453286015198327 occ= 2
MO #122 energy= -0.451702502241151 occ= 2
MO #123 energy= -0.449687289532657 occ= 2
MO #124 energy= -0.448336774787336 occ= 2
MO #125 energy= -0.444148773192502 occ= 2
MO #126 energy= -0.443403175294644 occ= 2
MO #127 energy= -0.438044360618106 occ= 2
MO #128 energy= -0.435634486453771 occ= 2
MO #129 energy= -0.433430257876837 occ= 2
MO #130 energy= -0.430717422919176 occ= 2
MO #131 energy= -0.426191863672356 occ= 2
MO #132 energy= -0.422051555849375 occ= 2
MO #133 energy= -0.419381820017885 occ= 2
MO #134 energy= -0.416427136464846 occ= 2
MO #135 energy= -0.410227495570393 occ= 2
MO #136 energy= -0.407739840733541 occ= 2
MO #137 energy= -0.404806377650942 occ= 2
MO #138 energy= -0.403731888340882 occ= 2
MO #139 energy= -0.400125886930476 occ= 2
MO #140 energy= -0.398098128658603 occ= 2
MO #141 energy= -0.396981747938969 occ= 2
MO #142 energy= -0.393870485650313 occ= 2
MO #143 energy= -0.391143490931533 occ= 2
MO #144 energy= -0.386672373205514 occ= 2
MO #145 energy= -0.379300774580308 occ= 2
MO #146 energy= -0.378733682264355 occ= 2
MO #147 energy= -0.376386244684703 occ= 2
MO #148 energy= -0.371169492737716 occ= 2
MO #149 energy= -0.366080545442771 occ= 2
MO #150 energy= -0.364319035770074 occ= 2
MO #151 energy= -0.362871051804354 occ= 2
MO #152 energy= -0.359157706478553 occ= 2
MO #153 energy= -0.357585942871241 occ= 2
MO #154 energy= -0.354073018632111 occ= 2
MO #155 energy= -0.346973709848614 occ= 2
MO #156 energy= -0.342451358711574 occ= 2
MO #157 energy= -0.340988209662971 occ= 2
MO #158 energy= -0.339286769254667 occ= 2
MO #159 energy= -0.337911124980404 occ= 2
MO #160 energy= -0.33635044340291  occ= 2
MO #161 energy= -0.32865337817556  occ= 2
MO #162 energy= -0.327399264894367 occ= 2
MO #163 energy= -0.322310795664683 occ= 2
MO #164 energy= -0.317679682027204 occ= 2
MO #165 energy= -0.306439568554061 occ= 2
MO #166 energy= -0.303263732712103 occ= 2
MO #167 energy= -0.302609672799348 occ= 2
MO #168 energy= -0.299754242313002 occ= 2
MO #169 energy= -0.29762746085971  occ= 2
MO #170 energy= -0.294768428129733 occ= 2
MO #171 energy= -0.29149556386691  occ= 2
MO #172 energy= -0.288546276264735 occ= 2
MO #173 energy= -0.257448084528882 occ= 2
MO #174 energy= -0.25492476958281  occ= 2
MO #175 energy= -0.251698960627728 occ= 2
MO #176 energy= -0.249413020685068 occ= 2
MO #177 energy= -0.243652743822539 occ= 2
MO #178 energy= -0.237606826648323 occ= 2
MO #179 energy= -0.231043695988675 occ= 2
MO #180 energy= -0.221262232661728 occ= 2
MO #181 energy= -0.194901564904502 occ= 2
MO #182 energy= -0.189407294503936 occ= 2
MO #183 energy= -0.0672643733948176 occ= 0
MO #184 energy= -0.0625059216705362 occ= 0
MO #185 energy= -0.0582208028034933 occ= 0
MO #186 energy= -0.049107642225441 occ= 0
MO #187 energy= -0.0250682895111274 occ= 0
MO #188 energy= -0.0185614799249057 occ= 0
MO #189 energy= -0.0133969302610989 occ= 0
MO #190 energy= -0.00777452293427249 occ= 0
MO #191 energy= 0.00459958424695966 occ= 0
MO #192 energy= 0.00952288033792828 occ= 0
MO #193 energy= 0.0139869009105878 occ= 0
MO #194 energy= 0.0267549596503557 occ= 0
MO #195 energy= 0.0376887848937072 occ= 0
MO #196 energy= 0.0422622824949969 occ= 0
MO #197 energy= 0.0491354078414788 occ= 0
MO #198 energy= 0.0641039282748256 occ= 0
MO #199 energy= 0.0662092970915202 occ= 0
MO #200 energy= 0.0667725924786691 occ= 0
MO #201 energy= 0.0701461128011438 occ= 0
MO #202 energy= 0.0718453484702915 occ= 0
MO #203 energy= 0.0740707235382487 occ= 0
MO #204 energy= 0.0770181641526209 occ= 0
MO #205 energy= 0.0814604370134035 occ= 0
MO #206 energy= 0.0828793867378444 occ= 0
MO #207 energy= 0.0841125267904931 occ= 0
MO #208 energy= 0.0855872653103536 occ= 0
MO #209 energy= 0.0888845134510789 occ= 0
MO #210 energy= 0.0936975753528971 occ= 0
MO #211 energy= 0.095412389153328  occ= 0
MO #212 energy= 0.107890286707119  occ= 0
MO #213 energy= 0.110585773151498  occ= 0
MO #214 energy= 0.111577710029226  occ= 0
MO #215 energy= 0.115415324439577  occ= 0
MO #216 energy= 0.118601450473382  occ= 0
MO #217 energy= 0.123857625230698  occ= 0
MO #218 energy= 0.128636502009097  occ= 0
MO #219 energy= 0.131944946073451  occ= 0
MO #220 energy= 0.136063438927723  occ= 0
MO #221 energy= 0.139072136730161  occ= 0
MO #222 energy= 0.141082717018866  occ= 0
MO #223 energy= 0.14456659141892   occ= 0
MO #224 energy= 0.148681087656021  occ= 0
MO #225 energy= 0.150272428252832  occ= 0
MO #226 energy= 0.152910388032955  occ= 0
MO #227 energy= 0.156204371555605  occ= 0
MO #228 energy= 0.160017435525548  occ= 0
MO #229 energy= 0.16076759625136   occ= 0
MO #230 energy= 0.16440392112174   occ= 0
MO #231 energy= 0.170594042783052  occ= 0
MO #232 energy= 0.17309294759329   occ= 0
MO #233 energy= 0.176985929479624  occ= 0
MO #234 energy= 0.177607395495384  occ= 0
MO #235 energy= 0.184042584677823  occ= 0
MO #236 energy= 0.184978626975648  occ= 0
MO #237 energy= 0.191130014280664  occ= 0
MO #238 energy= 0.204373673701325  occ= 0
MO #239 energy= 0.21028333266981   occ= 0
MO #240 energy= 0.214106412745607  occ= 0
MO #241 energy= 0.217323938273771  occ= 0
MO #242 energy= 0.241028394867398  occ= 0
MO #243 energy= 0.243486440497894  occ= 0
MO #244 energy= 0.24795562720711   occ= 0
MO #245 energy= 0.252147524231995  occ= 0
MO #246 energy= 0.256439139093633  occ= 0
MO #247 energy= 0.257511539899373  occ= 0
MO #248 energy= 0.270015780404115  occ= 0
MO #249 energy= 0.272700771987012  occ= 0
MO #250 energy= 0.275525162561587  occ= 0
MO #251 energy= 0.277150086456524  occ= 0
MO #252 energy= 0.278298187957018  occ= 0
MO #253 energy= 0.279821733841951  occ= 0
MO #254 energy= 0.281380669447165  occ= 0
MO #255 energy= 0.2845435569872    occ= 0
MO #256 energy= 0.291320643975254  occ= 0
MO #257 energy= 0.292478541623335  occ= 0
MO #258 energy= 0.293823079068446  occ= 0
MO #259 energy= 0.294832962810459  occ= 0
MO #260 energy= 0.296655660177236  occ= 0
MO #261 energy= 0.2998455864497    occ= 0
MO #262 energy= 0.303993012512548  occ= 0
MO #263 energy= 0.304477649212741  occ= 0
MO #264 energy= 0.305674794280019  occ= 0
MO #265 energy= 0.310831571173548  occ= 0
MO #266 energy= 0.313864246924015  occ= 0
MO #267 energy= 0.317587682058638  occ= 0
MO #268 energy= 0.321368537527191  occ= 0
MO #269 energy= 0.321928207538649  occ= 0
MO #270 energy= 0.3256942817662    occ= 0
MO #271 energy= 0.327638877624101  occ= 0
MO #272 energy= 0.335818240589804  occ= 0
MO #273 energy= 0.337720108141965  occ= 0
MO #274 energy= 0.339825040346627  occ= 0
MO #275 energy= 0.340741043979411  occ= 0
MO #276 energy= 0.341381926153107  occ= 0
MO #277 energy= 0.348011366233909  occ= 0
MO #278 energy= 0.352046784813184  occ= 0
MO #279 energy= 0.353409544969465  occ= 0
MO #280 energy= 0.356091078894221  occ= 0
MO #281 energy= 0.361353847924029  occ= 0
MO #282 energy= 0.363022169739483  occ= 0
MO #283 energy= 0.369349996869298  occ= 0
MO #284 energy= 0.370077678098369  occ= 0
MO #285 energy= 0.375537507831397  occ= 0
MO #286 energy= 0.379768248847737  occ= 0
MO #287 energy= 0.381114236604234  occ= 0
MO #288 energy= 0.383675688417724  occ= 0
MO #289 energy= 0.385696407897958  occ= 0
MO #290 energy= 0.390928943412033  occ= 0
MO #291 energy= 0.392644530684321  occ= 0
MO #292 energy= 0.394004664299451  occ= 0
MO #293 energy= 0.398997811163906  occ= 0
MO #294 energy= 0.400993787101406  occ= 0
MO #295 energy= 0.403280682178779  occ= 0
MO #296 energy= 0.406070708420897  occ= 0
MO #297 energy= 0.409631107037184  occ= 0
MO #298 energy= 0.41184625566643   occ= 0
MO #299 energy= 0.419585201102767  occ= 0
MO #300 energy= 0.422340512802974  occ= 0
MO #301 energy= 0.426558433069158  occ= 0
MO #302 energy= 0.428471120568702  occ= 0
MO #303 energy= 0.437104034021878  occ= 0
MO #304 energy= 0.439967399838652  occ= 0
MO #305 energy= 0.444304946071056  occ= 0
MO #306 energy= 0.448964718652695  occ= 0
MO #307 energy= 0.450155441206223  occ= 0
MO #308 energy= 0.452162694742084  occ= 0
MO #309 energy= 0.45648849486604   occ= 0
MO #310 energy= 0.458674785899653  occ= 0
MO #311 energy= 0.466191581323447  occ= 0
MO #312 energy= 0.468373026713889  occ= 0
MO #313 energy= 0.469171605530569  occ= 0
MO #314 energy= 0.469964259164404  occ= 0
MO #315 energy= 0.472419647772225  occ= 0
MO #316 energy= 0.4730229636664    occ= 0
MO #317 energy= 0.474479046740169  occ= 0
MO #318 energy= 0.474733824436987  occ= 0
MO #319 energy= 0.475623253091226  occ= 0
MO #320 energy= 0.477160703088034  occ= 0
MO #321 energy= 0.480445988042752  occ= 0
MO #322 energy= 0.481937553205947  occ= 0
MO #323 energy= 0.483300180631742  occ= 0
MO #324 energy= 0.484381077394411  occ= 0
MO #325 energy= 0.485572609307087  occ= 0
MO #326 energy= 0.488658647409012  occ= 0
MO #327 energy= 0.489693467690794  occ= 0
MO #328 energy= 0.49177841304842   occ= 0
MO #329 energy= 0.493384441317748  occ= 0
MO #330 energy= 0.495653656327711  occ= 0
MO #331 energy= 0.501308251737049  occ= 0
MO #332 energy= 0.502586219092032  occ= 0
MO #333 energy= 0.504751963238841  occ= 0
MO #334 energy= 0.506979157199084  occ= 0
MO #335 energy= 0.509874295965271  occ= 0
MO #336 energy= 0.511203031548294  occ= 0
MO #337 energy= 0.512631682649874  occ= 0
MO #338 energy= 0.514020098912862  occ= 0
MO #339 energy= 0.516055254316894  occ= 0
MO #340 energy= 0.516887902737809  occ= 0
MO #341 energy= 0.518785635616715  occ= 0
MO #342 energy= 0.524753827750553  occ= 0
MO #343 energy= 0.528389206776268  occ= 0
MO #344 energy= 0.532734984726344  occ= 0
MO #345 energy= 0.536491426307942  occ= 0
MO #346 energy= 0.539974477593738  occ= 0
MO #347 energy= 0.541922286324102  occ= 0
MO #348 energy= 0.544254205443515  occ= 0
MO #349 energy= 0.548387435598619  occ= 0
MO #350 energy= 0.558892871249814  occ= 0
MO #351 energy= 0.561257048814825  occ= 0
MO #352 energy= 0.562641469922446  occ= 0
MO #353 energy= 0.566774376325688  occ= 0
MO #354 energy= 0.56863400468168   occ= 0
MO #355 energy= 0.569543685404208  occ= 0
MO #356 energy= 0.576263822132478  occ= 0
MO #357 energy= 0.579786189759418  occ= 0
MO #358 energy= 0.5816608305056    occ= 0
MO #359 energy= 0.584747766896428  occ= 0
MO #360 energy= 0.588933731175707  occ= 0
MO #361 energy= 0.591434704246014  occ= 0
MO #362 energy= 0.594284251465325  occ= 0
MO #363 energy= 0.598145495884113  occ= 0
MO #364 energy= 0.599432778128958  occ= 0
MO #365 energy= 0.602567414371209  occ= 0
MO #366 energy= 0.606336000022755  occ= 0
MO #367 energy= 0.607254046132433  occ= 0
MO #368 energy= 0.612879535217823  occ= 0
MO #369 energy= 0.616813017603293  occ= 0
MO #370 energy= 0.622541507053802  occ= 0
MO #371 energy= 0.632105320148251  occ= 0
MO #372 energy= 0.636453375123438  occ= 0
MO #373 energy= 0.637854552700806  occ= 0
MO #374 energy= 0.641203295612809  occ= 0
MO #375 energy= 0.642612770837129  occ= 0
MO #376 energy= 0.648105770185353  occ= 0
MO #377 energy= 0.651911730798559  occ= 0
MO #378 energy= 0.656158319210955  occ= 0
MO #379 energy= 0.659125772416143  occ= 0
MO #380 energy= 0.65992601362024   occ= 0
MO #381 energy= 0.662590772545204  occ= 0
MO #382 energy= 0.66404478517843   occ= 0
MO #383 energy= 0.66441417861085   occ= 0
MO #384 energy= 0.665506175812514  occ= 0
MO #385 energy= 0.666825142999517  occ= 0
MO #386 energy= 0.667946465152916  occ= 0
MO #387 energy= 0.669064865831305  occ= 0
MO #388 energy= 0.670237701885578  occ= 0
MO #389 energy= 0.673427466766266  occ= 0
MO #390 energy= 0.675079379188403  occ= 0
MO #391 energy= 0.675866663351262  occ= 0
MO #392 energy= 0.679654362117707  occ= 0
MO #393 energy= 0.682610310912195  occ= 0
MO #394 energy= 0.687619347773365  occ= 0
MO #395 energy= 0.687873432866204  occ= 0
MO #396 energy= 0.694033711571577  occ= 0
MO #397 energy= 0.695407479205552  occ= 0
MO #398 energy= 0.697957096504732  occ= 0
MO #399 energy= 0.701074368618857  occ= 0
MO #400 energy= 0.70433421421992   occ= 0
MO #401 energy= 0.706340127775718  occ= 0
MO #402 energy= 0.709061445089452  occ= 0
MO #403 energy= 0.709949761593439  occ= 0
MO #404 energy= 0.712398636397056  occ= 0
MO #405 energy= 0.714656944700761  occ= 0
MO #406 energy= 0.716385706068295  occ= 0
MO #407 energy= 0.720095363973108  occ= 0
MO #408 energy= 0.722933052814573  occ= 0
MO #409 energy= 0.727699710059766  occ= 0
MO #410 energy= 0.730234243763494  occ= 0
MO #411 energy= 0.732156502404489  occ= 0
MO #412 energy= 0.73949727222276   occ= 0
MO #413 energy= 0.74178227370128   occ= 0
MO #414 energy= 0.743396188700734  occ= 0
MO #415 energy= 0.744958308555663  occ= 0
MO #416 energy= 0.749529286218493  occ= 0
MO #417 energy= 0.752116886189754  occ= 0
MO #418 energy= 0.755705651209928  occ= 0
MO #419 energy= 0.758905632869528  occ= 0
MO #420 energy= 0.759616563723234  occ= 0
MO #421 energy= 0.762118403920279  occ= 0
MO #422 energy= 0.762873457437364  occ= 0
MO #423 energy= 0.765733128987764  occ= 0
MO #424 energy= 0.769166789737725  occ= 0
MO #425 energy= 0.770184300366811  occ= 0
MO #426 energy= 0.774702687469313  occ= 0
MO #427 energy= 0.777378856941668  occ= 0
MO #428 energy= 0.778523439609162  occ= 0
MO #429 energy= 0.785377662572294  occ= 0
MO #430 energy= 0.789714209463494  occ= 0
MO #431 energy= 0.794575299446707  occ= 0
MO #432 energy= 0.795698588255927  occ= 0
MO #433 energy= 0.798632999212611  occ= 0
MO #434 energy= 0.802634928465391  occ= 0
MO #435 energy= 0.80691782704357   occ= 0
MO #436 energy= 0.81146281576381   occ= 0
MO #437 energy= 0.812434372133177  occ= 0
MO #438 energy= 0.816723316461998  occ= 0
MO #439 energy= 0.817020556182586  occ= 0
MO #440 energy= 0.81913169003184   occ= 0
MO #441 energy= 0.819570519435758  occ= 0
MO #442 energy= 0.823905506421414  occ= 0
MO #443 energy= 0.825306116672244  occ= 0
MO #444 energy= 0.829383864741744  occ= 0
MO #445 energy= 0.831162787790153  occ= 0
MO #446 energy= 0.83732816677267   occ= 0
MO #447 energy= 0.839884086030248  occ= 0
MO #448 energy= 0.84229881382402   occ= 0
MO #449 energy= 0.848818920981412  occ= 0
MO #450 energy= 0.850923027798692  occ= 0
MO #451 energy= 0.856335210621713  occ= 0
MO #452 energy= 0.862998053909474  occ= 0
MO #453 energy= 0.87176592231035   occ= 0
MO #454 energy= 0.873581263569566  occ= 0
MO #455 energy= 0.877168762334273  occ= 0
MO #456 energy= 0.886919077274112  occ= 0
MO #457 energy= 0.890812263011138  occ= 0
MO #458 energy= 0.898456717685933  occ= 0
MO #459 energy= 0.904887493981447  occ= 0
MO #460 energy= 0.908559879074831  occ= 0
MO #461 energy= 0.913454230482932  occ= 0
MO #462 energy= 0.915191584643324  occ= 0
MO #463 energy= 0.924214604321761  occ= 0
MO #464 energy= 0.930499986341028  occ= 0
MO #465 energy= 0.935155682406719  occ= 0
MO #466 energy= 0.938978023479676  occ= 0
MO #467 energy= 0.944286669954549  occ= 0
MO #468 energy= 0.956393673708505  occ= 0
MO #469 energy= 0.962921586873697  occ= 0
MO #470 energy= 0.967394842817767  occ= 0
MO #471 energy= 0.968664045823117  occ= 0
MO #472 energy= 0.985422260764852  occ= 0
MO #473 energy= 0.986386926618692  occ= 0
MO #474 energy= 0.993843389891768  occ= 0
MO #475 energy= 1.00080694779053   occ= 0
MO #476 energy= 1.00783721413016   occ= 0
MO #477 energy= 1.02604915162463   occ= 0
MO #478 energy= 1.03642841520851   occ= 0
MO #479 energy= 1.04438318792151   occ= 0
MO #480 energy= 1.05171037253505   occ= 0
MO #481 energy= 1.06669638679514   occ= 0
MO #482 energy= 1.06889348655512   occ= 0
MO #483 energy= 1.0824734506968    occ= 0
MO #484 energy= 1.08731892608547   occ= 0
MO #485 energy= 1.09202506503966   occ= 0
MO #486 energy= 1.09720174354066   occ= 0
MO #487 energy= 1.11517836138119   occ= 0
MO #488 energy= 1.11761699504851   occ= 0
MO #489 energy= 1.12767786628496   occ= 0
MO #490 energy= 1.13656397690316   occ= 0
MO #491 energy= 1.14073526730074   occ= 0
MO #492 energy= 1.15062674288434   occ= 0
MO #493 energy= 1.15671314693265   occ= 0
MO #494 energy= 1.15881303048497   occ= 0
MO #495 energy= 1.16402723349723   occ= 0
MO #496 energy= 1.16889891960584   occ= 0
MO #497 energy= 1.17033186401675   occ= 0
MO #498 energy= 1.17890702177897   occ= 0
MO #499 energy= 1.1801254533836    occ= 0
MO #500 energy= 1.18559076786356   occ= 0
MO #501 energy= 1.19048332027179   occ= 0
MO #502 energy= 1.19260670691632   occ= 0
MO #503 energy= 1.19591933280014   occ= 0
MO #504 energy= 1.19933402470087   occ= 0
MO #505 energy= 1.2003332399832    occ= 0
MO #506 energy= 1.20247419574562   occ= 0
MO #507 energy= 1.20421108432034   occ= 0
MO #508 energy= 1.20860083028567   occ= 0
MO #509 energy= 1.21963418493096   occ= 0
MO #510 energy= 1.22271196975985   occ= 0
MO #511 energy= 1.22843150700474   occ= 0
MO #512 energy= 1.23109180302109   occ= 0
MO #513 energy= 1.23713187652569   occ= 0
MO #514 energy= 1.23952635663813   occ= 0
MO #515 energy= 1.24000748761799   occ= 0
MO #516 energy= 1.24315137336769   occ= 0
MO #517 energy= 1.24750301015378   occ= 0
MO #518 energy= 1.24954459609001   occ= 0
MO #519 energy= 1.25291554697183   occ= 0
MO #520 energy= 1.25408605746896   occ= 0
MO #521 energy= 1.25524153659075   occ= 0
MO #522 energy= 1.26043886401954   occ= 0
MO #523 energy= 1.26185963657498   occ= 0
MO #524 energy= 1.26361771066714   occ= 0
MO #525 energy= 1.26761445942357   occ= 0
MO #526 energy= 1.27261403972338   occ= 0
MO #527 energy= 1.27358358423809   occ= 0
MO #528 energy= 1.27407901790101   occ= 0
MO #529 energy= 1.27728022500606   occ= 0
MO #530 energy= 1.27885464842022   occ= 0
MO #531 energy= 1.28388046967652   occ= 0
MO #532 energy= 1.2864219948819    occ= 0
MO #533 energy= 1.28967711612724   occ= 0
MO #534 energy= 1.29095321166986   occ= 0
MO #535 energy= 1.29488827952231   occ= 0
MO #536 energy= 1.3023733437643    occ= 0
MO #537 energy= 1.30648350573404   occ= 0
MO #538 energy= 1.30768438847726   occ= 0
MO #539 energy= 1.30834569585573   occ= 0
MO #540 energy= 1.31128342298467   occ= 0
MO #541 energy= 1.31284714739669   occ= 0
MO #542 energy= 1.32170765122624   occ= 0
MO #543 energy= 1.32436872484277   occ= 0
MO #544 energy= 1.32786247964442   occ= 0
MO #545 energy= 1.32907256143713   occ= 0
MO #546 energy= 1.33773242898142   occ= 0
MO #547 energy= 1.34136764406933   occ= 0
MO #548 energy= 1.34323550416844   occ= 0
MO #549 energy= 1.34737494830313   occ= 0
MO #550 energy= 1.34977453023597   occ= 0
MO #551 energy= 1.35603977163412   occ= 0
MO #552 energy= 1.36281981310931   occ= 0
MO #553 energy= 1.36379713973482   occ= 0
MO #554 energy= 1.36636125323268   occ= 0
MO #555 energy= 1.37853022058929   occ= 0
MO #556 energy= 1.38310522627013   occ= 0
MO #557 energy= 1.38790385461133   occ= 0
MO #558 energy= 1.40787880321033   occ= 0
MO #559 energy= 1.41329049457024   occ= 0
MO #560 energy= 1.41884685729097   occ= 0
MO #561 energy= 1.42722525644117   occ= 0
MO #562 energy= 1.43884226108251   occ= 0
MO #563 energy= 1.45594320048514   occ= 0
MO #564 energy= 1.4700157647352    occ= 0
MO #565 energy= 1.47406254734035   occ= 0
MO #566 energy= 1.48902303819183   occ= 0
MO #567 energy= 1.50071596506734   occ= 0
MO #568 energy= 1.51400370584985   occ= 0
MO #569 energy= 1.51954575655259   occ= 0
MO #570 energy= 1.531736711397     occ= 0
MO #571 energy= 1.54178946529985   occ= 0
MO #572 energy= 1.54592055598009   occ= 0
MO #573 energy= 1.55295846579939   occ= 0
MO #574 energy= 1.55691536032764   occ= 0
MO #575 energy= 1.55924524693924   occ= 0
MO #576 energy= 1.56906674446101   occ= 0
MO #577 energy= 1.57718093538513   occ= 0
MO #578 energy= 1.58286974819709   occ= 0
MO #579 energy= 1.60581841077592   occ= 0
MO #580 energy= 1.61430128475906   occ= 0
MO #581 energy= 1.62487491202511   occ= 0
MO #582 energy= 1.62837313527772   occ= 0
MO #583 energy= 1.63712679957159   occ= 0
MO #584 energy= 1.6455198332688    occ= 0
MO #585 energy= 1.6486200535983    occ= 0
MO #586 energy= 1.658647161839     occ= 0
MO #587 energy= 1.66267421446847   occ= 0
MO #588 energy= 1.66457147208717   occ= 0
MO #589 energy= 1.66843068301352   occ= 0
MO #590 energy= 1.67590227116088   occ= 0
MO #591 energy= 1.68283437035934   occ= 0
MO #592 energy= 1.68533098683955   occ= 0
MO #593 energy= 1.6908898573087    occ= 0
MO #594 energy= 1.69190432195142   occ= 0
MO #595 energy= 1.6967735943089    occ= 0
MO #596 energy= 1.69955974540576   occ= 0
MO #597 energy= 1.70079291914748   occ= 0
MO #598 energy= 1.70266008495433   occ= 0
MO #599 energy= 1.70517653386692   occ= 0
MO #600 energy= 1.71224641262822   occ= 0
MO #601 energy= 1.71488843363172   occ= 0
MO #602 energy= 1.72154078529806   occ= 0
MO #603 energy= 1.72210357119978   occ= 0
MO #604 energy= 1.73113051059286   occ= 0
MO #605 energy= 1.73453677750832   occ= 0
MO #606 energy= 1.73703998259372   occ= 0
MO #607 energy= 1.73875878653991   occ= 0
MO #608 energy= 1.74308056045958   occ= 0
MO #609 energy= 1.74707603494522   occ= 0
MO #610 energy= 1.74833972873891   occ= 0
MO #611 energy= 1.75004254513823   occ= 0
MO #612 energy= 1.75188294000614   occ= 0
MO #613 energy= 1.75273440322516   occ= 0
MO #614 energy= 1.75464674253896   occ= 0
MO #615 energy= 1.75664506224661   occ= 0
MO #616 energy= 1.75705805643387   occ= 0
MO #617 energy= 1.75999290412246   occ= 0
MO #618 energy= 1.76144622488599   occ= 0
MO #619 energy= 1.7648284772585    occ= 0
MO #620 energy= 1.76679895538805   occ= 0
MO #621 energy= 1.76869917994974   occ= 0
MO #622 energy= 1.77155916773391   occ= 0
MO #623 energy= 1.77490876305942   occ= 0
MO #624 energy= 1.77835131013549   occ= 0
MO #625 energy= 1.77959085632446   occ= 0
MO #626 energy= 1.7837726849324    occ= 0
MO #627 energy= 1.78479480206802   occ= 0
MO #628 energy= 1.78510342476562   occ= 0
MO #629 energy= 1.78693031133153   occ= 0
MO #630 energy= 1.78717476303823   occ= 0
MO #631 energy= 1.7888748813899    occ= 0
MO #632 energy= 1.79301696011412   occ= 0
MO #633 energy= 1.79708711715582   occ= 0
MO #634 energy= 1.80023523845473   occ= 0
MO #635 energy= 1.80156919876277   occ= 0
MO #636 energy= 1.80464159337101   occ= 0
MO #637 energy= 1.80952750820742   occ= 0
MO #638 energy= 1.81818584937509   occ= 0
MO #639 energy= 1.81973732928743   occ= 0
MO #640 energy= 1.82119521413214   occ= 0
MO #641 energy= 1.82538455388306   occ= 0
MO #642 energy= 1.82657225354765   occ= 0
MO #643 energy= 1.83601232936431   occ= 0
MO #644 energy= 1.83990131584218   occ= 0
MO #645 energy= 1.84110324480982   occ= 0
MO #646 energy= 1.84885699879514   occ= 0
MO #647 energy= 1.85668025534968   occ= 0
MO #648 energy= 1.85879926263323   occ= 0
MO #649 energy= 1.86260876194571   occ= 0
MO #650 energy= 1.86458389395196   occ= 0
MO #651 energy= 1.87803689253106   occ= 0
MO #652 energy= 1.88258690989005   occ= 0
MO #653 energy= 1.88558404522299   occ= 0
MO #654 energy= 1.89553076584895   occ= 0
MO #655 energy= 1.91002833060428   occ= 0
MO #656 energy= 1.9162431973813    occ= 0
MO #657 energy= 1.91828706182269   occ= 0
MO #658 energy= 1.92286420627728   occ= 0
MO #659 energy= 1.92367050154673   occ= 0
MO #660 energy= 1.9293711727847    occ= 0
MO #661 energy= 1.93413559922373   occ= 0
MO #662 energy= 1.94686339485715   occ= 0
MO #663 energy= 1.95256559660431   occ= 0
MO #664 energy= 1.95717027798333   occ= 0
MO #665 energy= 1.96202452588821   occ= 0
MO #666 energy= 1.96385248357278   occ= 0
MO #667 energy= 1.96619679441439   occ= 0
MO #668 energy= 1.96693906586344   occ= 0
MO #669 energy= 1.9694524078725    occ= 0
MO #670 energy= 1.97346174609162   occ= 0
MO #671 energy= 1.98106482340761   occ= 0
MO #672 energy= 1.984614616905     occ= 0
MO #673 energy= 1.99211031759633   occ= 0
MO #674 energy= 1.99664163429784   occ= 0
MO #675 energy= 1.99754784556628   occ= 0
MO #676 energy= 2.00704760515201   occ= 0
MO #677 energy= 2.00807736003142   occ= 0
MO #678 energy= 2.01353405662891   occ= 0
MO #679 energy= 2.01621870878022   occ= 0
MO #680 energy= 2.0253063531607    occ= 0
MO #681 energy= 2.0301160369626    occ= 0
MO #682 energy= 2.03600893760516   occ= 0
MO #683 energy= 2.0370454055418    occ= 0
MO #684 energy= 2.04156409836654   occ= 0
MO #685 energy= 2.04326222266143   occ= 0
MO #686 energy= 2.04443315113731   occ= 0
MO #687 energy= 2.05474313728432   occ= 0
MO #688 energy= 2.05679054250026   occ= 0
MO #689 energy= 2.05867040215062   occ= 0
MO #690 energy= 2.06255928016992   occ= 0
MO #691 energy= 2.0662180372449    occ= 0
MO #692 energy= 2.07294746054269   occ= 0
MO #693 energy= 2.09082119410474   occ= 0
MO #694 energy= 2.09386452498968   occ= 0
MO #695 energy= 2.09663827038875   occ= 0
MO #696 energy= 2.09974290154006   occ= 0
MO #697 energy= 2.10228394789435   occ= 0
MO #698 energy= 2.1072535976913    occ= 0
MO #699 energy= 2.10933899198174   occ= 0
MO #700 energy= 2.11370451655565   occ= 0
MO #701 energy= 2.11777878974381   occ= 0
MO #702 energy= 2.12097001224539   occ= 0
MO #703 energy= 2.12847825921502   occ= 0
MO #704 energy= 2.13302934220363   occ= 0
MO #705 energy= 2.13783364971275   occ= 0
MO #706 energy= 2.14094101146427   occ= 0
MO #707 energy= 2.14861293278621   occ= 0
MO #708 energy= 2.15032437126951   occ= 0
MO #709 energy= 2.1548653086228    occ= 0
MO #710 energy= 2.15544687438223   occ= 0
MO #711 energy= 2.15948788511422   occ= 0
MO #712 energy= 2.16307513314977   occ= 0
MO #713 energy= 2.16641158744752   occ= 0
MO #714 energy= 2.17001331551936   occ= 0
MO #715 energy= 2.17367223131407   occ= 0
MO #716 energy= 2.17764591072281   occ= 0
MO #717 energy= 2.18046448155396   occ= 0
MO #718 energy= 2.18319050152036   occ= 0
MO #719 energy= 2.18662438680596   occ= 0
MO #720 energy= 2.19103939322733   occ= 0
MO #721 energy= 2.19277995029705   occ= 0
MO #722 energy= 2.20332014083015   occ= 0
MO #723 energy= 2.20886410304838   occ= 0
MO #724 energy= 2.20955339433604   occ= 0
MO #725 energy= 2.21338120362468   occ= 0
MO #726 energy= 2.21730371236209   occ= 0
MO #727 energy= 2.2219475180804    occ= 0
MO #728 energy= 2.22858092821527   occ= 0
MO #729 energy= 2.23103555586731   occ= 0
MO #730 energy= 2.23475927718063   occ= 0
MO #731 energy= 2.24049622543041   occ= 0
MO #732 energy= 2.24568378832996   occ= 0
MO #733 energy= 2.25169624850948   occ= 0
MO #734 energy= 2.25988106550736   occ= 0
MO #735 energy= 2.26294897546482   occ= 0
MO #736 energy= 2.26958074015418   occ= 0
MO #737 energy= 2.27075058225474   occ= 0
MO #738 energy= 2.27505629427741   occ= 0
MO #739 energy= 2.27916000089841   occ= 0
MO #740 energy= 2.28486964458543   occ= 0
MO #741 energy= 2.29130661511886   occ= 0
MO #742 energy= 2.30306447637236   occ= 0
MO #743 energy= 2.31291662660582   occ= 0
MO #744 energy= 2.31915529882464   occ= 0
MO #745 energy= 2.32189636176284   occ= 0
MO #746 energy= 2.32514091908776   occ= 0
MO #747 energy= 2.32969821177267   occ= 0
MO #748 energy= 2.33503468469368   occ= 0
MO #749 energy= 2.3504645775011    occ= 0
MO #750 energy= 2.35654421102457   occ= 0
MO #751 energy= 2.35916831674996   occ= 0
MO #752 energy= 2.36040675842759   occ= 0
MO #753 energy= 2.36222421454291   occ= 0
MO #754 energy= 2.36520237012778   occ= 0
MO #755 energy= 2.38357742944676   occ= 0
MO #756 energy= 2.38801059188553   occ= 0
MO #757 energy= 2.39091492094631   occ= 0
MO #758 energy= 2.39288521557405   occ= 0
MO #759 energy= 2.39479756205607   occ= 0
MO #760 energy= 2.40051103292276   occ= 0
MO #761 energy= 2.40964132987175   occ= 0
MO #762 energy= 2.4178613117334    occ= 0
MO #763 energy= 2.4215780410123    occ= 0
MO #764 energy= 2.42379116465135   occ= 0
MO #765 energy= 2.42932096961123   occ= 0
MO #766 energy= 2.43422194265305   occ= 0
MO #767 energy= 2.44183919759755   occ= 0
MO #768 energy= 2.45868704906949   occ= 0
MO #769 energy= 2.45881083734587   occ= 0
MO #770 energy= 2.46212566806097   occ= 0
MO #771 energy= 2.46407071945303   occ= 0
MO #772 energy= 2.46727551225465   occ= 0
MO #773 energy= 2.49775398227041   occ= 0
MO #774 energy= 2.50205857870365   occ= 0
MO #775 energy= 2.51611654759126   occ= 0
MO #776 energy= 2.5465331616353    occ= 0
MO #777 energy= 2.56192095680291   occ= 0
MO #778 energy= 2.56409236419711   occ= 0
MO #779 energy= 2.56624412549678   occ= 0
MO #780 energy= 2.57099776114823   occ= 0
MO #781 energy= 2.58161116389211   occ= 0
MO #782 energy= 2.58503184806068   occ= 0
MO #783 energy= 2.59041483424924   occ= 0
MO #784 energy= 2.59192969791833   occ= 0
MO #785 energy= 2.59572155057786   occ= 0
MO #786 energy= 2.60265633981661   occ= 0
MO #787 energy= 2.61217638681749   occ= 0
MO #788 energy= 2.61323910050839   occ= 0
MO #789 energy= 2.6164520406303    occ= 0
MO #790 energy= 2.61817823067665   occ= 0
MO #791 energy= 2.62252273521462   occ= 0
MO #792 energy= 2.62621889198133   occ= 0
MO #793 energy= 2.63042055385403   occ= 0
MO #794 energy= 2.63314537171469   occ= 0
MO #795 energy= 2.63778448753536   occ= 0
MO #796 energy= 2.64037590464354   occ= 0
MO #797 energy= 2.65192437218095   occ= 0
MO #798 energy= 2.66089365078703   occ= 0
MO #799 energy= 2.66419161083854   occ= 0
MO #800 energy= 2.66821664610257   occ= 0
MO #801 energy= 2.67066284863424   occ= 0
MO #802 energy= 2.67481065550178   occ= 0
MO #803 energy= 2.67951772544085   occ= 0
MO #804 energy= 2.68023684664356   occ= 0
MO #805 energy= 2.68453158617274   occ= 0
MO #806 energy= 2.69141489177972   occ= 0
MO #807 energy= 2.69516270569628   occ= 0
MO #808 energy= 2.7018302685911    occ= 0
MO #809 energy= 2.7105553223549    occ= 0
MO #810 energy= 2.71405374483358   occ= 0
MO #811 energy= 2.72197884458696   occ= 0
MO #812 energy= 2.72390693579257   occ= 0
MO #813 energy= 2.72729802399857   occ= 0
MO #814 energy= 2.73030725249999   occ= 0
MO #815 energy= 2.73454920312465   occ= 0
MO #816 energy= 2.73599058304177   occ= 0
MO #817 energy= 2.7398487392487    occ= 0
MO #818 energy= 2.74601635843296   occ= 0
MO #819 energy= 2.7511981980797    occ= 0
MO #820 energy= 2.75584929702931   occ= 0
MO #821 energy= 2.75896541457607   occ= 0
MO #822 energy= 2.76148657698234   occ= 0
MO #823 energy= 2.7666506453498    occ= 0
MO #824 energy= 2.76787764986052   occ= 0
MO #825 energy= 2.78201060788799   occ= 0
MO #826 energy= 2.79145255688103   occ= 0
MO #827 energy= 2.79274238664461   occ= 0
MO #828 energy= 2.80224463742273   occ= 0
MO #829 energy= 2.80603514144915   occ= 0
MO #830 energy= 2.81300609453852   occ= 0
MO #831 energy= 2.81589305397901   occ= 0
MO #832 energy= 2.83086486488386   occ= 0
MO #833 energy= 2.85540737029559   occ= 0
MO #834 energy= 2.86160136802699   occ= 0
MO #835 energy= 2.86477281455653   occ= 0
MO #836 energy= 2.87376090102506   occ= 0
MO #837 energy= 2.88834177464902   occ= 0
MO #838 energy= 2.90228241685139   occ= 0
MO #839 energy= 2.91491480712563   occ= 0
MO #840 energy= 2.9233622450443    occ= 0
MO #841 energy= 2.93027436007028   occ= 0
MO #842 energy= 2.93397062636185   occ= 0
MO #843 energy= 2.93852059885185   occ= 0
MO #844 energy= 2.93998618237698   occ= 0
MO #845 energy= 2.9456248951895    occ= 0
MO #846 energy= 2.95154338832217   occ= 0
MO #847 energy= 2.95879024653276   occ= 0
MO #848 energy= 2.97330635776889   occ= 0
MO #849 energy= 2.97950314780917   occ= 0
MO #850 energy= 2.98046236564834   occ= 0
MO #851 energy= 2.98260331419419   occ= 0
MO #852 energy= 2.99800075412291   occ= 0
MO #853 energy= 3.00844740164509   occ= 0
MO #854 energy= 3.0097580993436    occ= 0
MO #855 energy= 3.01173507927761   occ= 0
MO #856 energy= 3.063603706631     occ= 0
MO #857 energy= 3.0764482497529    occ= 0
MO #858 energy= 3.08174361763737   occ= 0
MO #859 energy= 3.08842007619019   occ= 0
MO #860 energy= 3.0942042024831    occ= 0
MO #861 energy= 3.09616218585492   occ= 0
MO #862 energy= 3.12498739275928   occ= 0
MO #863 energy= 3.13002571283145   occ= 0
MO #864 energy= 3.14497561093492   occ= 0
MO #865 energy= 3.15041784813864   occ= 0
MO #866 energy= 3.15563757399945   occ= 0
MO #867 energy= 3.16133381474316   occ= 0
MO #868 energy= 3.1792718450056    occ= 0
MO #869 energy= 3.18375819307263   occ= 0
MO #870 energy= 3.19267887093463   occ= 0
MO #871 energy= 3.19738340887648   occ= 0
MO #872 energy= 3.20092234442511   occ= 0
MO #873 energy= 3.22380937559899   occ= 0
MO #874 energy= 3.23760931317451   occ= 0
MO #875 energy= 3.30031545557122   occ= 0
MO #876 energy= 3.31414624802633   occ= 0
MO #877 energy= 3.32716211301246   occ= 0
MO #878 energy= 3.37353127061027   occ= 0
MO #879 energy= 3.40724331283143   occ= 0
MO #880 energy= 3.44293872202186   occ= 0
MO #881 energy= 3.4761013949283    occ= 0
MO #882 energy= 3.48137029958809   occ= 0
MO #883 energy= 3.57737577238574   occ= 0
MO #884 energy= 3.5974257332985    occ= 0
MO #885 energy= 3.65802064786777   occ= 0
MO #886 energy= 3.67488532629261   occ= 0
MO #887 energy= 3.67554069280326   occ= 0
MO #888 energy= 3.68170506396155   occ= 0
MO #889 energy= 3.68831300718276   occ= 0
MO #890 energy= 3.70317768093511   occ= 0
MO #891 energy= 3.70750899654873   occ= 0
 ** Mulliken atomic charges  **
charge of  0O =     -0.77556
charge of  1P =      1.75147
charge of  2O =     -0.65202
charge of  3O =     -0.53792
charge of  4C =      0.17900
charge of  5C =     -0.00696
charge of  6C =     -0.00787
charge of  7C =      0.01126
charge of  8C =     -0.09197
charge of  9C =     -0.09690
charge of  10C =     -0.10042
charge of  11C =     -0.10272
charge of  12C =      0.01160
charge of  13C =     -0.10539
charge of  14C =      0.00664
charge of  15C =      0.00348
charge of  16C =     -0.10264
charge of  17C =     -0.10303
charge of  18C =     -0.10637
charge of  19C =     -0.10148
charge of  20C =     -0.09954
charge of  21C =      0.00663
charge of  22C =      0.00170
charge of  23C =     -0.10567
charge of  24C =     -0.09829
charge of  25C =     -0.10188
charge of  26C =     -0.10054
charge of  27C =     -0.02960
charge of  28C =     -0.02681
charge of  29C =      0.17958
charge of  30O =     -0.53360
charge of  31C =     -0.00883
charge of  32C =     -0.00659
charge of  33C =      0.00396
charge of  34C =     -0.09748
charge of  35C =     -0.10525
charge of  36C =     -0.10576
charge of  37C =     -0.10393
charge of  38C =      0.00629
charge of  39C =     -0.10515
charge of  40C =      0.00909
charge of  41C =      0.00585
charge of  42C =     -0.10012
charge of  43C =     -0.09920
charge of  44C =     -0.10243
charge of  45C =     -0.10046
charge of  46C =     -0.10054
charge of  47C =      0.00634
charge of  48C =      0.00234
charge of  49C =     -0.10471
charge of  50C =     -0.09806
charge of  51C =     -0.10156
charge of  52C =     -0.10112
charge of  53H =      0.35498
charge of  54H =      0.10610
charge of  55H =      0.10206
charge of  56H =      0.10101
charge of  57H =      0.09737
charge of  58H =      0.09566
charge of  59H =      0.10342
charge of  60H =      0.10117
charge of  61H =      0.10099
charge of  62H =      0.09840
charge of  63H =      0.10989
charge of  64H =      0.11035
charge of  65H =      0.10471
charge of  66H =      0.10438
charge of  67H =      0.10245
charge of  68H =      0.10858
charge of  69H =      0.10207
charge of  70H =      0.10178
charge of  71H =      0.09895
charge of  72H =      0.09687
charge of  73H =      0.10474
charge of  74H =      0.10286
charge of  75H =      0.10259
charge of  76H =      0.09937
charge of  77H =      0.10938
charge of  78H =      0.11130
charge of  79H =      0.10506
charge of  80H =      0.10453
charge of  81H =      0.10216
Dipole moment(X, Y, Z, Debye):  2.32198,  0.35244, -0.33520
def2-svp b3lyp 186.6647219657898
