/public3/home/scg5914/software-scg5914/LSW/1/data/data2/std_data/def2svp_b3lyp/cat_34.xyz
converged SCF energy = -2564.48013033134
**** MO energy ****
MO #1   energy= -77.2298812216141  occ= 2
MO #2   energy= -19.1915643645267  occ= 2
MO #3   energy= -19.1893185919932  occ= 2
MO #4   energy= -19.1863258085736  occ= 2
MO #5   energy= -19.1009941033951  occ= 2
MO #6   energy= -10.2626270226539  occ= 2
MO #7   energy= -10.2584317203106  occ= 2
MO #8   energy= -10.2108653950258  occ= 2
MO #9   energy= -10.2079450241094  occ= 2
MO #10  energy= -10.2075389602246  occ= 2
MO #11  energy= -10.2046913285192  occ= 2
MO #12  energy= -10.2021320709271  occ= 2
MO #13  energy= -10.2010157900442  occ= 2
MO #14  energy= -10.2007942882202  occ= 2
MO #15  energy= -10.1981362595917  occ= 2
MO #16  energy= -10.1972656905593  occ= 2
MO #17  energy= -10.196764150399   occ= 2
MO #18  energy= -10.1964273862102  occ= 2
MO #19  energy= -10.1954218773257  occ= 2
MO #20  energy= -10.1950401761607  occ= 2
MO #21  energy= -10.1946438353536  occ= 2
MO #22  energy= -10.1940893329521  occ= 2
MO #23  energy= -10.1934056939703  occ= 2
MO #24  energy= -10.1928385651852  occ= 2
MO #25  energy= -10.1925087887266  occ= 2
MO #26  energy= -10.1913385682078  occ= 2
MO #27  energy= -10.1908835467527  occ= 2
MO #28  energy= -10.1903510691706  occ= 2
MO #29  energy= -10.1901362470557  occ= 2
MO #30  energy= -10.1896167071741  occ= 2
MO #31  energy= -10.189249080836   occ= 2
MO #32  energy= -10.189145464941   occ= 2
MO #33  energy= -10.1890819331036  occ= 2
MO #34  energy= -10.1887646494765  occ= 2
MO #35  energy= -10.1885054911771  occ= 2
MO #36  energy= -10.1884732237593  occ= 2
MO #37  energy= -10.1883322475538  occ= 2
MO #38  energy= -10.1882312094622  occ= 2
MO #39  energy= -10.1880251160847  occ= 2
MO #40  energy= -10.1877600310101  occ= 2
MO #41  energy= -10.1875091273922  occ= 2
MO #42  energy= -10.1872986098096  occ= 2
MO #43  energy= -10.1867240309553  occ= 2
MO #44  energy= -10.1861686726788  occ= 2
MO #45  energy= -10.1843523740735  occ= 2
MO #46  energy= -10.1840097983373  occ= 2
MO #47  energy= -10.1827981896313  occ= 2
MO #48  energy= -10.1826065107889  occ= 2
MO #49  energy= -10.1818138347825  occ= 2
MO #50  energy= -10.1816710790631  occ= 2
MO #51  energy= -10.1791858274879  occ= 2
MO #52  energy= -10.1776424315696  occ= 2
MO #53  energy= -10.1768843778309  occ= 2
MO #54  energy= -10.1739000655804  occ= 2
MO #55  energy= -10.1700162835723  occ= 2
MO #56  energy= -6.70540047948086  occ= 2
MO #57  energy= -4.87305343168884  occ= 2
MO #58  energy= -4.87273580622347  occ= 2
MO #59  energy= -4.87043334837952  occ= 2
MO #60  energy= -1.12779296376022  occ= 2
MO #61  energy= -1.06364351352673  occ= 2
MO #62  energy= -1.05442252528526  occ= 2
MO #63  energy= -0.974787501061473 occ= 2
MO #64  energy= -0.89331960574545  occ= 2
MO #65  energy= -0.88581963566195  occ= 2
MO #66  energy= -0.879028953287798 occ= 2
MO #67  energy= -0.87415418673277  occ= 2
MO #68  energy= -0.85162976390955  occ= 2
MO #69  energy= -0.841368329763648 occ= 2
MO #70  energy= -0.839024558813421 occ= 2
MO #71  energy= -0.833003740510416 occ= 2
MO #72  energy= -0.819394480038376 occ= 2
MO #73  energy= -0.803674632091603 occ= 2
MO #74  energy= -0.796112737288274 occ= 2
MO #75  energy= -0.790947112464218 occ= 2
MO #76  energy= -0.783461655433513 occ= 2
MO #77  energy= -0.762662234833112 occ= 2
MO #78  energy= -0.759351860419047 occ= 2
MO #79  energy= -0.752819864063834 occ= 2
MO #80  energy= -0.75022112800041  occ= 2
MO #81  energy= -0.741617346279217 occ= 2
MO #82  energy= -0.739762548699098 occ= 2
MO #83  energy= -0.738230430231662 occ= 2
MO #84  energy= -0.728184959793281 occ= 2
MO #85  energy= -0.723099066380377 occ= 2
MO #86  energy= -0.710850327809016 occ= 2
MO #87  energy= -0.700972291038391 occ= 2
MO #88  energy= -0.6834960346409   occ= 2
MO #89  energy= -0.677163721814838 occ= 2
MO #90  energy= -0.674380481904711 occ= 2
MO #91  energy= -0.645827209455298 occ= 2
MO #92  energy= -0.63787192236124  occ= 2
MO #93  energy= -0.636099076969817 occ= 2
MO #94  energy= -0.631938847574356 occ= 2
MO #95  energy= -0.618760634970492 occ= 2
MO #96  energy= -0.613469901997362 occ= 2
MO #97  energy= -0.6114670495462   occ= 2
MO #98  energy= -0.609111852229368 occ= 2
MO #99  energy= -0.608673761290177 occ= 2
MO #100 energy= -0.592172358788957 occ= 2
MO #101 energy= -0.588379427156314 occ= 2
MO #102 energy= -0.581971875297513 occ= 2
MO #103 energy= -0.579951290331926 occ= 2
MO #104 energy= -0.575561207724527 occ= 2
MO #105 energy= -0.569498334796593 occ= 2
MO #106 energy= -0.559948753787596 occ= 2
MO #107 energy= -0.544110102082519 occ= 2
MO #108 energy= -0.53772249558927  occ= 2
MO #109 energy= -0.534849623855538 occ= 2
MO #110 energy= -0.529527648967478 occ= 2
MO #111 energy= -0.525585203483026 occ= 2
MO #112 energy= -0.523912268049427 occ= 2
MO #113 energy= -0.514612790595715 occ= 2
MO #114 energy= -0.504244451100654 occ= 2
MO #115 energy= -0.497203908172759 occ= 2
MO #116 energy= -0.494384697205237 occ= 2
MO #117 energy= -0.49172611433526  occ= 2
MO #118 energy= -0.487227987786725 occ= 2
MO #119 energy= -0.474938136598519 occ= 2
MO #120 energy= -0.470274793988495 occ= 2
MO #121 energy= -0.469435727593687 occ= 2
MO #122 energy= -0.465162076719946 occ= 2
MO #123 energy= -0.460678257250938 occ= 2
MO #124 energy= -0.459741858026034 occ= 2
MO #125 energy= -0.455642755269402 occ= 2
MO #126 energy= -0.454591341776628 occ= 2
MO #127 energy= -0.452064477483668 occ= 2
MO #128 energy= -0.450152859549245 occ= 2
MO #129 energy= -0.44806548432892  occ= 2
MO #130 energy= -0.441207999266361 occ= 2
MO #131 energy= -0.44080908123304  occ= 2
MO #132 energy= -0.437540213394852 occ= 2
MO #133 energy= -0.433516142140754 occ= 2
MO #134 energy= -0.432808432349442 occ= 2
MO #135 energy= -0.431930662700378 occ= 2
MO #136 energy= -0.427867819335943 occ= 2
MO #137 energy= -0.422878834764961 occ= 2
MO #138 energy= -0.417628153595319 occ= 2
MO #139 energy= -0.41551871416711  occ= 2
MO #140 energy= -0.413444141179242 occ= 2
MO #141 energy= -0.409858681720904 occ= 2
MO #142 energy= -0.406620348044573 occ= 2
MO #143 energy= -0.405302606349532 occ= 2
MO #144 energy= -0.404455284854572 occ= 2
MO #145 energy= -0.402985353775772 occ= 2
MO #146 energy= -0.398170753697609 occ= 2
MO #147 energy= -0.395462946101252 occ= 2
MO #148 energy= -0.393973540461014 occ= 2
MO #149 energy= -0.391628639073717 occ= 2
MO #150 energy= -0.389974183621001 occ= 2
MO #151 energy= -0.38957051379218  occ= 2
MO #152 energy= -0.38441444299364  occ= 2
MO #153 energy= -0.383029443529082 occ= 2
MO #154 energy= -0.381702476952492 occ= 2
MO #155 energy= -0.378616879251569 occ= 2
MO #156 energy= -0.371653466969965 occ= 2
MO #157 energy= -0.371526985666562 occ= 2
MO #158 energy= -0.369363127320576 occ= 2
MO #159 energy= -0.363507488644876 occ= 2
MO #160 energy= -0.361492559333612 occ= 2
MO #161 energy= -0.356192323791233 occ= 2
MO #162 energy= -0.353458077058521 occ= 2
MO #163 energy= -0.352227325121149 occ= 2
MO #164 energy= -0.345617311442231 occ= 2
MO #165 energy= -0.340888634393989 occ= 2
MO #166 energy= -0.340670241632659 occ= 2
MO #167 energy= -0.335204802640996 occ= 2
MO #168 energy= -0.332317077233968 occ= 2
MO #169 energy= -0.331183889499242 occ= 2
MO #170 energy= -0.327129693981488 occ= 2
MO #171 energy= -0.324688118189606 occ= 2
MO #172 energy= -0.317279473934475 occ= 2
MO #173 energy= -0.311610729742481 occ= 2
MO #174 energy= -0.309920240902638 occ= 2
MO #175 energy= -0.308778413737606 occ= 2
MO #176 energy= -0.301636317788832 occ= 2
MO #177 energy= -0.301385311695378 occ= 2
MO #178 energy= -0.297194899914666 occ= 2
MO #179 energy= -0.291090804200731 occ= 2
MO #180 energy= -0.289256314676452 occ= 2
MO #181 energy= -0.265162633953023 occ= 2
MO #182 energy= -0.255716827003502 occ= 2
MO #183 energy= -0.253297946150462 occ= 2
MO #184 energy= -0.249248729530402 occ= 2
MO #185 energy= -0.246363780389543 occ= 2
MO #186 energy= -0.239472064203296 occ= 2
MO #187 energy= -0.229940364272576 occ= 2
MO #188 energy= -0.219685842840138 occ= 2
MO #189 energy= -0.200178994995821 occ= 2
MO #190 energy= -0.190271007889822 occ= 2
MO #191 energy= -0.071681791598893 occ= 0
MO #192 energy= -0.0625796081367314 occ= 0
MO #193 energy= -0.0592694217460913 occ= 0
MO #194 energy= -0.04729692241971  occ= 0
MO #195 energy= -0.026989034738341 occ= 0
MO #196 energy= -0.020241667515954 occ= 0
MO #197 energy= -0.0169937051326014 occ= 0
MO #198 energy= -0.00884235077154754 occ= 0
MO #199 energy= -0.00105111023295111 occ= 0
MO #200 energy= 0.00872996166499462 occ= 0
MO #201 energy= 0.0129272410028066 occ= 0
MO #202 energy= 0.0173017851537586 occ= 0
MO #203 energy= 0.0279769699407359 occ= 0
MO #204 energy= 0.0334176256396808 occ= 0
MO #205 energy= 0.0428353383581077 occ= 0
MO #206 energy= 0.0568866126781548 occ= 0
MO #207 energy= 0.0648999235486827 occ= 0
MO #208 energy= 0.0665691791036482 occ= 0
MO #209 energy= 0.0669553410944535 occ= 0
MO #210 energy= 0.069850921567015  occ= 0
MO #211 energy= 0.0700844576857079 occ= 0
MO #212 energy= 0.0723560284279368 occ= 0
MO #213 energy= 0.0767729026569618 occ= 0
MO #214 energy= 0.0793304601578357 occ= 0
MO #215 energy= 0.0826650173044615 occ= 0
MO #216 energy= 0.083731217063931  occ= 0
MO #217 energy= 0.0885577186105706 occ= 0
MO #218 energy= 0.0936367906917888 occ= 0
MO #219 energy= 0.0955384069145009 occ= 0
MO #220 energy= 0.100422898267833  occ= 0
MO #221 energy= 0.103089631145126  occ= 0
MO #222 energy= 0.110087663494259  occ= 0
MO #223 energy= 0.110541752580504  occ= 0
MO #224 energy= 0.114522351671025  occ= 0
MO #225 energy= 0.121512680878483  occ= 0
MO #226 energy= 0.125315237294996  occ= 0
MO #227 energy= 0.127091533305529  occ= 0
MO #228 energy= 0.130421530876598  occ= 0
MO #229 energy= 0.132321296987423  occ= 0
MO #230 energy= 0.136605408371133  occ= 0
MO #231 energy= 0.138977914904339  occ= 0
MO #232 energy= 0.142334363452348  occ= 0
MO #233 energy= 0.144620314510829  occ= 0
MO #234 energy= 0.145785325965431  occ= 0
MO #235 energy= 0.149580391870821  occ= 0
MO #236 energy= 0.15147604694664   occ= 0
MO #237 energy= 0.156893797217591  occ= 0
MO #238 energy= 0.158974556293811  occ= 0
MO #239 energy= 0.160574882979982  occ= 0
MO #240 energy= 0.160758821522046  occ= 0
MO #241 energy= 0.167257386225767  occ= 0
MO #242 energy= 0.170215423623048  occ= 0
MO #243 energy= 0.173437230837586  occ= 0
MO #244 energy= 0.176131312233425  occ= 0
MO #245 energy= 0.183302178684208  occ= 0
MO #246 energy= 0.185478894736177  occ= 0
MO #247 energy= 0.186919662303342  occ= 0
MO #248 energy= 0.190433754463988  occ= 0
MO #249 energy= 0.196331476178116  occ= 0
MO #250 energy= 0.201919858604472  occ= 0
MO #251 energy= 0.205349006632693  occ= 0
MO #252 energy= 0.2101098043362    occ= 0
MO #253 energy= 0.223922802975861  occ= 0
MO #254 energy= 0.225526500717854  occ= 0
MO #255 energy= 0.231691781982627  occ= 0
MO #256 energy= 0.242467476847828  occ= 0
MO #257 energy= 0.244461545857361  occ= 0
MO #258 energy= 0.250040590822208  occ= 0
MO #259 energy= 0.25176434406553   occ= 0
MO #260 energy= 0.258695938178316  occ= 0
MO #261 energy= 0.264032790854149  occ= 0
MO #262 energy= 0.264702464765637  occ= 0
MO #263 energy= 0.268841194020303  occ= 0
MO #264 energy= 0.273670359582066  occ= 0
MO #265 energy= 0.274260350499938  occ= 0
MO #266 energy= 0.277530485349644  occ= 0
MO #267 energy= 0.282990407483286  occ= 0
MO #268 energy= 0.283649061095001  occ= 0
MO #269 energy= 0.287583404842856  occ= 0
MO #270 energy= 0.288623814604032  occ= 0
MO #271 energy= 0.290179381623816  occ= 0
MO #272 energy= 0.292457100818062  occ= 0
MO #273 energy= 0.294290328657345  occ= 0
MO #274 energy= 0.296682278985148  occ= 0
MO #275 energy= 0.29786807678931   occ= 0
MO #276 energy= 0.302690207856837  occ= 0
MO #277 energy= 0.307581117065881  occ= 0
MO #278 energy= 0.308326861373619  occ= 0
MO #279 energy= 0.312525430091108  occ= 0
MO #280 energy= 0.313529625898886  occ= 0
MO #281 energy= 0.31473220630699   occ= 0
MO #282 energy= 0.318735541446148  occ= 0
MO #283 energy= 0.320136119923065  occ= 0
MO #284 energy= 0.324097385897417  occ= 0
MO #285 energy= 0.325453453429115  occ= 0
MO #286 energy= 0.329575120890764  occ= 0
MO #287 energy= 0.33157719515393   occ= 0
MO #288 energy= 0.334566836247427  occ= 0
MO #289 energy= 0.339051525147152  occ= 0
MO #290 energy= 0.342552938896825  occ= 0
MO #291 energy= 0.344085056697697  occ= 0
MO #292 energy= 0.347890046304326  occ= 0
MO #293 energy= 0.35344760717105   occ= 0
MO #294 energy= 0.356298993672057  occ= 0
MO #295 energy= 0.359140517788431  occ= 0
MO #296 energy= 0.362717661491245  occ= 0
MO #297 energy= 0.366484335933305  occ= 0
MO #298 energy= 0.367346722914537  occ= 0
MO #299 energy= 0.371350277796084  occ= 0
MO #300 energy= 0.372054637071893  occ= 0
MO #301 energy= 0.376314517180966  occ= 0
MO #302 energy= 0.377810983366914  occ= 0
MO #303 energy= 0.381155807757659  occ= 0
MO #304 energy= 0.385259528264777  occ= 0
MO #305 energy= 0.386602646791887  occ= 0
MO #306 energy= 0.38781170813485   occ= 0
MO #307 energy= 0.39504647575409   occ= 0
MO #308 energy= 0.397850077054288  occ= 0
MO #309 energy= 0.406218428978924  occ= 0
MO #310 energy= 0.408998837770972  occ= 0
MO #311 energy= 0.41020353521302   occ= 0
MO #312 energy= 0.411213717160265  occ= 0
MO #313 energy= 0.4153080382521    occ= 0
MO #314 energy= 0.41622465013337   occ= 0
MO #315 energy= 0.420849365306169  occ= 0
MO #316 energy= 0.42112062202301   occ= 0
MO #317 energy= 0.422369858150159  occ= 0
MO #318 energy= 0.426174415632148  occ= 0
MO #319 energy= 0.433005122017488  occ= 0
MO #320 energy= 0.442807957350538  occ= 0
MO #321 energy= 0.447101369526235  occ= 0
MO #322 energy= 0.45317189963423   occ= 0
MO #323 energy= 0.455262326447779  occ= 0
MO #324 energy= 0.457222923308234  occ= 0
MO #325 energy= 0.457750852260285  occ= 0
MO #326 energy= 0.460844112052878  occ= 0
MO #327 energy= 0.463180101588244  occ= 0
MO #328 energy= 0.464684108691897  occ= 0
MO #329 energy= 0.467356802163609  occ= 0
MO #330 energy= 0.467866818556762  occ= 0
MO #331 energy= 0.469612141632624  occ= 0
MO #332 energy= 0.471656073461024  occ= 0
MO #333 energy= 0.473025836139008  occ= 0
MO #334 energy= 0.474670069993693  occ= 0
MO #335 energy= 0.475295467573625  occ= 0
MO #336 energy= 0.477101447533168  occ= 0
MO #337 energy= 0.479631411434308  occ= 0
MO #338 energy= 0.48161471421469   occ= 0
MO #339 energy= 0.484362327973293  occ= 0
MO #340 energy= 0.485784517903807  occ= 0
MO #341 energy= 0.486583607730242  occ= 0
MO #342 energy= 0.487860279479194  occ= 0
MO #343 energy= 0.489871052011559  occ= 0
MO #344 energy= 0.494719088269767  occ= 0
MO #345 energy= 0.496187639409996  occ= 0
MO #346 energy= 0.497108437464526  occ= 0
MO #347 energy= 0.497839026683405  occ= 0
MO #348 energy= 0.499545558817804  occ= 0
MO #349 energy= 0.500876885594323  occ= 0
MO #350 energy= 0.503910746536729  occ= 0
MO #351 energy= 0.5059497408836    occ= 0
MO #352 energy= 0.508669421190375  occ= 0
MO #353 energy= 0.510332567786111  occ= 0
MO #354 energy= 0.511503205250831  occ= 0
MO #355 energy= 0.51552432786944   occ= 0
MO #356 energy= 0.520128693504151  occ= 0
MO #357 energy= 0.52192010796493   occ= 0
MO #358 energy= 0.530053530677118  occ= 0
MO #359 energy= 0.53267734081163   occ= 0
MO #360 energy= 0.537365515280905  occ= 0
MO #361 energy= 0.538807295000685  occ= 0
MO #362 energy= 0.541878347681606  occ= 0
MO #363 energy= 0.544388893452128  occ= 0
MO #364 energy= 0.549497278405403  occ= 0
MO #365 energy= 0.552271494949181  occ= 0
MO #366 energy= 0.553000348652074  occ= 0
MO #367 energy= 0.556058063846657  occ= 0
MO #368 energy= 0.559126676386315  occ= 0
MO #369 energy= 0.562344790225459  occ= 0
MO #370 energy= 0.566639811784863  occ= 0
MO #371 energy= 0.567136888516683  occ= 0
MO #372 energy= 0.569433093630412  occ= 0
MO #373 energy= 0.574430658103645  occ= 0
MO #374 energy= 0.575840096254922  occ= 0
MO #375 energy= 0.577986033046691  occ= 0
MO #376 energy= 0.580203471402686  occ= 0
MO #377 energy= 0.585959841798831  occ= 0
MO #378 energy= 0.586654197174027  occ= 0
MO #379 energy= 0.588944140192989  occ= 0
MO #380 energy= 0.592651193555202  occ= 0
MO #381 energy= 0.59441309217077   occ= 0
MO #382 energy= 0.595766033675268  occ= 0
MO #383 energy= 0.604176821847291  occ= 0
MO #384 energy= 0.60596705465773   occ= 0
MO #385 energy= 0.611435161139518  occ= 0
MO #386 energy= 0.614157059842416  occ= 0
MO #387 energy= 0.615387632509662  occ= 0
MO #388 energy= 0.620308523347459  occ= 0
MO #389 energy= 0.626102632891127  occ= 0
MO #390 energy= 0.631366700729752  occ= 0
MO #391 energy= 0.63567806844989   occ= 0
MO #392 energy= 0.639385418995427  occ= 0
MO #393 energy= 0.645108206959383  occ= 0
MO #394 energy= 0.646360028502488  occ= 0
MO #395 energy= 0.650766306492707  occ= 0
MO #396 energy= 0.653362901297466  occ= 0
MO #397 energy= 0.653796861935007  occ= 0
MO #398 energy= 0.657087989119943  occ= 0
MO #399 energy= 0.658318739693431  occ= 0
MO #400 energy= 0.659731688423267  occ= 0
MO #401 energy= 0.660790929450425  occ= 0
MO #402 energy= 0.662608954966333  occ= 0
MO #403 energy= 0.665039131347325  occ= 0
MO #404 energy= 0.665976156433913  occ= 0
MO #405 energy= 0.667324024672711  occ= 0
MO #406 energy= 0.669180786815346  occ= 0
MO #407 energy= 0.670542695930387  occ= 0
MO #408 energy= 0.67164983552366   occ= 0
MO #409 energy= 0.6724345907668    occ= 0
MO #410 energy= 0.677573681068165  occ= 0
MO #411 energy= 0.679786457505358  occ= 0
MO #412 energy= 0.680846541475317  occ= 0
MO #413 energy= 0.684548700311575  occ= 0
MO #414 energy= 0.687036106090576  occ= 0
MO #415 energy= 0.693213416067427  occ= 0
MO #416 energy= 0.693601914377326  occ= 0
MO #417 energy= 0.695352592174885  occ= 0
MO #418 energy= 0.697483464232977  occ= 0
MO #419 energy= 0.700067511829408  occ= 0
MO #420 energy= 0.700896735160085  occ= 0
MO #421 energy= 0.703525303239274  occ= 0
MO #422 energy= 0.706029642091777  occ= 0
MO #423 energy= 0.708587288823988  occ= 0
MO #424 energy= 0.709651247977739  occ= 0
MO #425 energy= 0.711539698843959  occ= 0
MO #426 energy= 0.715322605145491  occ= 0
MO #427 energy= 0.720682204497036  occ= 0
MO #428 energy= 0.722979966847544  occ= 0
MO #429 energy= 0.72637043663114   occ= 0
MO #430 energy= 0.728067003369386  occ= 0
MO #431 energy= 0.731604249567923  occ= 0
MO #432 energy= 0.734628069764514  occ= 0
MO #433 energy= 0.736141731578568  occ= 0
MO #434 energy= 0.738949321242843  occ= 0
MO #435 energy= 0.740265154100778  occ= 0
MO #436 energy= 0.742660268126549  occ= 0
MO #437 energy= 0.744659049657634  occ= 0
MO #438 energy= 0.746898712152152  occ= 0
MO #439 energy= 0.749950315994965  occ= 0
MO #440 energy= 0.751585161442157  occ= 0
MO #441 energy= 0.754288538813128  occ= 0
MO #442 energy= 0.759091336099399  occ= 0
MO #443 energy= 0.760944872399988  occ= 0
MO #444 energy= 0.763295025808887  occ= 0
MO #445 energy= 0.765668431812925  occ= 0
MO #446 energy= 0.769035809563907  occ= 0
MO #447 energy= 0.770560510727864  occ= 0
MO #448 energy= 0.775380688606986  occ= 0
MO #449 energy= 0.778846204642336  occ= 0
MO #450 energy= 0.78372407059825   occ= 0
MO #451 energy= 0.78496755459616   occ= 0
MO #452 energy= 0.791865120826867  occ= 0
MO #453 energy= 0.793307489418761  occ= 0
MO #454 energy= 0.795020160226029  occ= 0
MO #455 energy= 0.798656673326553  occ= 0
MO #456 energy= 0.803999371699841  occ= 0
MO #457 energy= 0.807731856932908  occ= 0
MO #458 energy= 0.810756232344597  occ= 0
MO #459 energy= 0.811781004168171  occ= 0
MO #460 energy= 0.812599955631337  occ= 0
MO #461 energy= 0.815205247215282  occ= 0
MO #462 energy= 0.8193409442632    occ= 0
MO #463 energy= 0.822572921068265  occ= 0
MO #464 energy= 0.824164447627735  occ= 0
MO #465 energy= 0.825477260509644  occ= 0
MO #466 energy= 0.827496665542974  occ= 0
MO #467 energy= 0.830706899296906  occ= 0
MO #468 energy= 0.834776709002799  occ= 0
MO #469 energy= 0.837703811472377  occ= 0
MO #470 energy= 0.838156095154066  occ= 0
MO #471 energy= 0.844275919008801  occ= 0
MO #472 energy= 0.849704233106147  occ= 0
MO #473 energy= 0.850013028043842  occ= 0
MO #474 energy= 0.8570867775837    occ= 0
MO #475 energy= 0.859606948767381  occ= 0
MO #476 energy= 0.86469009612159   occ= 0
MO #477 energy= 0.866681701587634  occ= 0
MO #478 energy= 0.87077188848211   occ= 0
MO #479 energy= 0.874001078103592  occ= 0
MO #480 energy= 0.878352229648463  occ= 0
MO #481 energy= 0.892826128957538  occ= 0
MO #482 energy= 0.893965229070623  occ= 0
MO #483 energy= 0.902704336741872  occ= 0
MO #484 energy= 0.906121619705568  occ= 0
MO #485 energy= 0.912079290086613  occ= 0
MO #486 energy= 0.918815462665182  occ= 0
MO #487 energy= 0.920556502721683  occ= 0
MO #488 energy= 0.930512328844447  occ= 0
MO #489 energy= 0.936146030090047  occ= 0
MO #490 energy= 0.939485746957914  occ= 0
MO #491 energy= 0.946120255472746  occ= 0
MO #492 energy= 0.953061668113118  occ= 0
MO #493 energy= 0.958264450784518  occ= 0
MO #494 energy= 0.961117069386163  occ= 0
MO #495 energy= 0.969524538450695  occ= 0
MO #496 energy= 0.973332150729737  occ= 0
MO #497 energy= 0.981286931902281  occ= 0
MO #498 energy= 0.985442887797307  occ= 0
MO #499 energy= 0.998498163799043  occ= 0
MO #500 energy= 1.00138162716476   occ= 0
MO #501 energy= 1.02794839807962   occ= 0
MO #502 energy= 1.03019977953013   occ= 0
MO #503 energy= 1.03782176278053   occ= 0
MO #504 energy= 1.04542685765301   occ= 0
MO #505 energy= 1.05514030317423   occ= 0
MO #506 energy= 1.06598651253229   occ= 0
MO #507 energy= 1.07171363987477   occ= 0
MO #508 energy= 1.07753569748676   occ= 0
MO #509 energy= 1.08363409582131   occ= 0
MO #510 energy= 1.09279535220369   occ= 0
MO #511 energy= 1.09778962369607   occ= 0
MO #512 energy= 1.10028158057319   occ= 0
MO #513 energy= 1.11432955120685   occ= 0
MO #514 energy= 1.1205868992961    occ= 0
MO #515 energy= 1.13684608389094   occ= 0
MO #516 energy= 1.14557918280374   occ= 0
MO #517 energy= 1.14905065811222   occ= 0
MO #518 energy= 1.15169664373409   occ= 0
MO #519 energy= 1.15406750291009   occ= 0
MO #520 energy= 1.15864198497631   occ= 0
MO #521 energy= 1.16358341323931   occ= 0
MO #522 energy= 1.16714600779485   occ= 0
MO #523 energy= 1.16998147106726   occ= 0
MO #524 energy= 1.1734534607608    occ= 0
MO #525 energy= 1.17788800129702   occ= 0
MO #526 energy= 1.18220072824588   occ= 0
MO #527 energy= 1.18788776384356   occ= 0
MO #528 energy= 1.19064578718661   occ= 0
MO #529 energy= 1.19270152377008   occ= 0
MO #530 energy= 1.19887334193093   occ= 0
MO #531 energy= 1.20075510708243   occ= 0
MO #532 energy= 1.20398672030339   occ= 0
MO #533 energy= 1.2055644946561    occ= 0
MO #534 energy= 1.20888037111352   occ= 0
MO #535 energy= 1.20983062970417   occ= 0
MO #536 energy= 1.21860172436682   occ= 0
MO #537 energy= 1.22165092895185   occ= 0
MO #538 energy= 1.22806709398003   occ= 0
MO #539 energy= 1.23620454905266   occ= 0
MO #540 energy= 1.23736655365196   occ= 0
MO #541 energy= 1.2415694392468    occ= 0
MO #542 energy= 1.24462036048365   occ= 0
MO #543 energy= 1.2472801186509    occ= 0
MO #544 energy= 1.2486439598275    occ= 0
MO #545 energy= 1.25073648633535   occ= 0
MO #546 energy= 1.25266380318689   occ= 0
MO #547 energy= 1.25559549575849   occ= 0
MO #548 energy= 1.2579174540744    occ= 0
MO #549 energy= 1.26359708574542   occ= 0
MO #550 energy= 1.26455843006317   occ= 0
MO #551 energy= 1.26544840844681   occ= 0
MO #552 energy= 1.26779503644528   occ= 0
MO #553 energy= 1.27093495387984   occ= 0
MO #554 energy= 1.27274275567343   occ= 0
MO #555 energy= 1.27807921442307   occ= 0
MO #556 energy= 1.28272650503076   occ= 0
MO #557 energy= 1.28346394101385   occ= 0
MO #558 energy= 1.28622682022158   occ= 0
MO #559 energy= 1.28877062398265   occ= 0
MO #560 energy= 1.2905136506626    occ= 0
MO #561 energy= 1.2955110991366    occ= 0
MO #562 energy= 1.29699518017366   occ= 0
MO #563 energy= 1.30350193796831   occ= 0
MO #564 energy= 1.3050874738262    occ= 0
MO #565 energy= 1.30865680361298   occ= 0
MO #566 energy= 1.31336334950418   occ= 0
MO #567 energy= 1.31538648979765   occ= 0
MO #568 energy= 1.31771190888285   occ= 0
MO #569 energy= 1.32038228919633   occ= 0
MO #570 energy= 1.32391354846291   occ= 0
MO #571 energy= 1.32498373326641   occ= 0
MO #572 energy= 1.32692059261244   occ= 0
MO #573 energy= 1.33185685136945   occ= 0
MO #574 energy= 1.33207129554524   occ= 0
MO #575 energy= 1.33635358899834   occ= 0
MO #576 energy= 1.34407838765609   occ= 0
MO #577 energy= 1.34746889693408   occ= 0
MO #578 energy= 1.35507205336712   occ= 0
MO #579 energy= 1.36253182230612   occ= 0
MO #580 energy= 1.36940367868154   occ= 0
MO #581 energy= 1.37824358677606   occ= 0
MO #582 energy= 1.38960270068833   occ= 0
MO #583 energy= 1.39438629653923   occ= 0
MO #584 energy= 1.40353992124149   occ= 0
MO #585 energy= 1.40799244803683   occ= 0
MO #586 energy= 1.41002028097799   occ= 0
MO #587 energy= 1.41840317439358   occ= 0
MO #588 energy= 1.42578384966164   occ= 0
MO #589 energy= 1.42811707574303   occ= 0
MO #590 energy= 1.45506012426475   occ= 0
MO #591 energy= 1.46229810266387   occ= 0
MO #592 energy= 1.47882554088211   occ= 0
MO #593 energy= 1.48343406559381   occ= 0
MO #594 energy= 1.49431585546301   occ= 0
MO #595 energy= 1.50238894406535   occ= 0
MO #596 energy= 1.50553916220618   occ= 0
MO #597 energy= 1.51365093915026   occ= 0
MO #598 energy= 1.51753203049066   occ= 0
MO #599 energy= 1.52799824038598   occ= 0
MO #600 energy= 1.53018612699364   occ= 0
MO #601 energy= 1.53746741042175   occ= 0
MO #602 energy= 1.53960625373969   occ= 0
MO #603 energy= 1.5524502272672    occ= 0
MO #604 energy= 1.55624259939023   occ= 0
MO #605 energy= 1.55876351424428   occ= 0
MO #606 energy= 1.56617515682116   occ= 0
MO #607 energy= 1.57417999538195   occ= 0
MO #608 energy= 1.59671743798674   occ= 0
MO #609 energy= 1.60663927129244   occ= 0
MO #610 energy= 1.61578119326028   occ= 0
MO #611 energy= 1.61760761668581   occ= 0
MO #612 energy= 1.63919606391713   occ= 0
MO #613 energy= 1.64231505623772   occ= 0
MO #614 energy= 1.6509659582044    occ= 0
MO #615 energy= 1.6567319134309    occ= 0
MO #616 energy= 1.66011429430456   occ= 0
MO #617 energy= 1.66292421002852   occ= 0
MO #618 energy= 1.66893001095784   occ= 0
MO #619 energy= 1.67418511185627   occ= 0
MO #620 energy= 1.67579056797798   occ= 0
MO #621 energy= 1.68049853432707   occ= 0
MO #622 energy= 1.68179780228343   occ= 0
MO #623 energy= 1.68562609612978   occ= 0
MO #624 energy= 1.68871613301871   occ= 0
MO #625 energy= 1.69175090067013   occ= 0
MO #626 energy= 1.69391105372453   occ= 0
MO #627 energy= 1.69952074396621   occ= 0
MO #628 energy= 1.70101913414329   occ= 0
MO #629 energy= 1.70438644601719   occ= 0
MO #630 energy= 1.70629453516644   occ= 0
MO #631 energy= 1.71151624542615   occ= 0
MO #632 energy= 1.71729469203476   occ= 0
MO #633 energy= 1.71996444846173   occ= 0
MO #634 energy= 1.72270231569288   occ= 0
MO #635 energy= 1.72326215173871   occ= 0
MO #636 energy= 1.72771616439085   occ= 0
MO #637 energy= 1.72996004649807   occ= 0
MO #638 energy= 1.73183549880482   occ= 0
MO #639 energy= 1.73654987186922   occ= 0
MO #640 energy= 1.73699919182546   occ= 0
MO #641 energy= 1.73827320901497   occ= 0
MO #642 energy= 1.74269593731604   occ= 0
MO #643 energy= 1.74538339840083   occ= 0
MO #644 energy= 1.74836502273923   occ= 0
MO #645 energy= 1.75004003835686   occ= 0
MO #646 energy= 1.75396907637748   occ= 0
MO #647 energy= 1.75412457897129   occ= 0
MO #648 energy= 1.75535220947607   occ= 0
MO #649 energy= 1.75760808345411   occ= 0
MO #650 energy= 1.76332206753983   occ= 0
MO #651 energy= 1.76467249714064   occ= 0
MO #652 energy= 1.76598779934402   occ= 0
MO #653 energy= 1.76755961514966   occ= 0
MO #654 energy= 1.76897065712076   occ= 0
MO #655 energy= 1.77107856776577   occ= 0
MO #656 energy= 1.77275641874324   occ= 0
MO #657 energy= 1.77501803408774   occ= 0
MO #658 energy= 1.77755853005746   occ= 0
MO #659 energy= 1.77794241433475   occ= 0
MO #660 energy= 1.78375052224075   occ= 0
MO #661 energy= 1.78707626628143   occ= 0
MO #662 energy= 1.78892248942448   occ= 0
MO #663 energy= 1.79294018861827   occ= 0
MO #664 energy= 1.79333046264207   occ= 0
MO #665 energy= 1.79660467110217   occ= 0
MO #666 energy= 1.8006395434429    occ= 0
MO #667 energy= 1.80278225163993   occ= 0
MO #668 energy= 1.80469111970148   occ= 0
MO #669 energy= 1.80649421772944   occ= 0
MO #670 energy= 1.80842380620681   occ= 0
MO #671 energy= 1.81114356215571   occ= 0
MO #672 energy= 1.81367978423776   occ= 0
MO #673 energy= 1.81542150627374   occ= 0
MO #674 energy= 1.81762414457154   occ= 0
MO #675 energy= 1.82396020882005   occ= 0
MO #676 energy= 1.82469145708167   occ= 0
MO #677 energy= 1.82882001927601   occ= 0
MO #678 energy= 1.83364470223925   occ= 0
MO #679 energy= 1.83964621177742   occ= 0
MO #680 energy= 1.84100825399234   occ= 0
MO #681 energy= 1.84670140478208   occ= 0
MO #682 energy= 1.84808935321933   occ= 0
MO #683 energy= 1.8563109485233    occ= 0
MO #684 energy= 1.86338975989364   occ= 0
MO #685 energy= 1.87343218444263   occ= 0
MO #686 energy= 1.88539773981975   occ= 0
MO #687 energy= 1.89224271480075   occ= 0
MO #688 energy= 1.89693290600597   occ= 0
MO #689 energy= 1.90142276793004   occ= 0
MO #690 energy= 1.90917060565096   occ= 0
MO #691 energy= 1.91303614508038   occ= 0
MO #692 energy= 1.91376721545682   occ= 0
MO #693 energy= 1.91524897532699   occ= 0
MO #694 energy= 1.91779246933862   occ= 0
MO #695 energy= 1.93075425003749   occ= 0
MO #696 energy= 1.94557196000327   occ= 0
MO #697 energy= 1.9489342814017    occ= 0
MO #698 energy= 1.95309298869105   occ= 0
MO #699 energy= 1.95533604344284   occ= 0
MO #700 energy= 1.95799126519778   occ= 0
MO #701 energy= 1.95877065361668   occ= 0
MO #702 energy= 1.96072462218634   occ= 0
MO #703 energy= 1.96357613437694   occ= 0
MO #704 energy= 1.96913869806159   occ= 0
MO #705 energy= 1.97081157076104   occ= 0
MO #706 energy= 1.97321984462075   occ= 0
MO #707 energy= 1.98352631846122   occ= 0
MO #708 energy= 1.98980668491842   occ= 0
MO #709 energy= 1.991544223295     occ= 0
MO #710 energy= 1.99549616016331   occ= 0
MO #711 energy= 2.00172536511571   occ= 0
MO #712 energy= 2.00702145733367   occ= 0
MO #713 energy= 2.0083533380679    occ= 0
MO #714 energy= 2.00953375764946   occ= 0
MO #715 energy= 2.01362081201557   occ= 0
MO #716 energy= 2.01762042295063   occ= 0
MO #717 energy= 2.02237125675546   occ= 0
MO #718 energy= 2.02525396682936   occ= 0
MO #719 energy= 2.0312893496527    occ= 0
MO #720 energy= 2.03339040363665   occ= 0
MO #721 energy= 2.0343696521066    occ= 0
MO #722 energy= 2.03692119546412   occ= 0
MO #723 energy= 2.04308043315674   occ= 0
MO #724 energy= 2.04562083196742   occ= 0
MO #725 energy= 2.04788780564193   occ= 0
MO #726 energy= 2.05114256465429   occ= 0
MO #727 energy= 2.05299956867904   occ= 0
MO #728 energy= 2.05801943961201   occ= 0
MO #729 energy= 2.06582430048292   occ= 0
MO #730 energy= 2.06977763513409   occ= 0
MO #731 energy= 2.08231565187454   occ= 0
MO #732 energy= 2.08972398646612   occ= 0
MO #733 energy= 2.09245046811239   occ= 0
MO #734 energy= 2.09722087491194   occ= 0
MO #735 energy= 2.10427489789816   occ= 0
MO #736 energy= 2.10543986360307   occ= 0
MO #737 energy= 2.10868678510627   occ= 0
MO #738 energy= 2.11422571038329   occ= 0
MO #739 energy= 2.1230632345094    occ= 0
MO #740 energy= 2.12698035988392   occ= 0
MO #741 energy= 2.12884402439328   occ= 0
MO #742 energy= 2.13292187260825   occ= 0
MO #743 energy= 2.1341026047032    occ= 0
MO #744 energy= 2.1362374792283    occ= 0
MO #745 energy= 2.14140716787738   occ= 0
MO #746 energy= 2.14310153618162   occ= 0
MO #747 energy= 2.15004967791967   occ= 0
MO #748 energy= 2.15309451968325   occ= 0
MO #749 energy= 2.15695566480827   occ= 0
MO #750 energy= 2.16344181536602   occ= 0
MO #751 energy= 2.16564372082041   occ= 0
MO #752 energy= 2.16899763412798   occ= 0
MO #753 energy= 2.17343942964985   occ= 0
MO #754 energy= 2.17544574730116   occ= 0
MO #755 energy= 2.18049025526408   occ= 0
MO #756 energy= 2.18774781011555   occ= 0
MO #757 energy= 2.19279806407095   occ= 0
MO #758 energy= 2.1953516511967    occ= 0
MO #759 energy= 2.19753089521126   occ= 0
MO #760 energy= 2.2003194401971    occ= 0
MO #761 energy= 2.20216867251053   occ= 0
MO #762 energy= 2.20484285045091   occ= 0
MO #763 energy= 2.20571492121107   occ= 0
MO #764 energy= 2.21346737857881   occ= 0
MO #765 energy= 2.21931131397024   occ= 0
MO #766 energy= 2.22870207754365   occ= 0
MO #767 energy= 2.23632969749664   occ= 0
MO #768 energy= 2.2405551808655    occ= 0
MO #769 energy= 2.24549922327567   occ= 0
MO #770 energy= 2.24786002906896   occ= 0
MO #771 energy= 2.24857957130404   occ= 0
MO #772 energy= 2.25577982636798   occ= 0
MO #773 energy= 2.25894276980814   occ= 0
MO #774 energy= 2.26040753380995   occ= 0
MO #775 energy= 2.26271572969365   occ= 0
MO #776 energy= 2.2638956059214    occ= 0
MO #777 energy= 2.26762612604707   occ= 0
MO #778 energy= 2.27245554746653   occ= 0
MO #779 energy= 2.27388653856087   occ= 0
MO #780 energy= 2.27739773886632   occ= 0
MO #781 energy= 2.28759137144542   occ= 0
MO #782 energy= 2.29684410390297   occ= 0
MO #783 energy= 2.3147312335489    occ= 0
MO #784 energy= 2.3215181469603    occ= 0
MO #785 energy= 2.32417682340798   occ= 0
MO #786 energy= 2.33489236791225   occ= 0
MO #787 energy= 2.34066079003994   occ= 0
MO #788 energy= 2.34275625635533   occ= 0
MO #789 energy= 2.34936595232251   occ= 0
MO #790 energy= 2.34972184697243   occ= 0
MO #791 energy= 2.35618571436625   occ= 0
MO #792 energy= 2.3599036854531    occ= 0
MO #793 energy= 2.36179074756244   occ= 0
MO #794 energy= 2.36682680392682   occ= 0
MO #795 energy= 2.37158463255061   occ= 0
MO #796 energy= 2.37853704297214   occ= 0
MO #797 energy= 2.38148769078359   occ= 0
MO #798 energy= 2.38636488512165   occ= 0
MO #799 energy= 2.395987275701     occ= 0
MO #800 energy= 2.40312955581907   occ= 0
MO #801 energy= 2.40397462758908   occ= 0
MO #802 energy= 2.40888120599398   occ= 0
MO #803 energy= 2.41820853757859   occ= 0
MO #804 energy= 2.42064321173418   occ= 0
MO #805 energy= 2.42511958243708   occ= 0
MO #806 energy= 2.43219976731625   occ= 0
MO #807 energy= 2.43420752784708   occ= 0
MO #808 energy= 2.44126078032831   occ= 0
MO #809 energy= 2.45395019210957   occ= 0
MO #810 energy= 2.45946081864806   occ= 0
MO #811 energy= 2.46293469919634   occ= 0
MO #812 energy= 2.47004376422231   occ= 0
MO #813 energy= 2.47848478669394   occ= 0
MO #814 energy= 2.48207404257146   occ= 0
MO #815 energy= 2.50978316606625   occ= 0
MO #816 energy= 2.52002013255951   occ= 0
MO #817 energy= 2.52267927897482   occ= 0
MO #818 energy= 2.52931523140615   occ= 0
MO #819 energy= 2.53556546705292   occ= 0
MO #820 energy= 2.55557595118468   occ= 0
MO #821 energy= 2.55950945125987   occ= 0
MO #822 energy= 2.56513624206741   occ= 0
MO #823 energy= 2.57259387703946   occ= 0
MO #824 energy= 2.57523269105692   occ= 0
MO #825 energy= 2.58186876999266   occ= 0
MO #826 energy= 2.58854527586693   occ= 0
MO #827 energy= 2.59201951890506   occ= 0
MO #828 energy= 2.5990686053199    occ= 0
MO #829 energy= 2.59983830381708   occ= 0
MO #830 energy= 2.61088737476591   occ= 0
MO #831 energy= 2.61325415437444   occ= 0
MO #832 energy= 2.61655184906265   occ= 0
MO #833 energy= 2.61964621923897   occ= 0
MO #834 energy= 2.62108800069938   occ= 0
MO #835 energy= 2.62240888601295   occ= 0
MO #836 energy= 2.62435365439411   occ= 0
MO #837 energy= 2.62673172839519   occ= 0
MO #838 energy= 2.63366605333748   occ= 0
MO #839 energy= 2.64498711648283   occ= 0
MO #840 energy= 2.65068544929872   occ= 0
MO #841 energy= 2.65588969385753   occ= 0
MO #842 energy= 2.65866042786908   occ= 0
MO #843 energy= 2.66283173247552   occ= 0
MO #844 energy= 2.66471917788512   occ= 0
MO #845 energy= 2.6682785650755    occ= 0
MO #846 energy= 2.67302686219293   occ= 0
MO #847 energy= 2.67926651375621   occ= 0
MO #848 energy= 2.6881272174209    occ= 0
MO #849 energy= 2.68948858460992   occ= 0
MO #850 energy= 2.69205470351543   occ= 0
MO #851 energy= 2.69777250314555   occ= 0
MO #852 energy= 2.70344665939599   occ= 0
MO #853 energy= 2.70856662125246   occ= 0
MO #854 energy= 2.71223348093441   occ= 0
MO #855 energy= 2.71411643641595   occ= 0
MO #856 energy= 2.71785182626515   occ= 0
MO #857 energy= 2.73002171295706   occ= 0
MO #858 energy= 2.73241761485851   occ= 0
MO #859 energy= 2.73890846978235   occ= 0
MO #860 energy= 2.73956310295365   occ= 0
MO #861 energy= 2.74508078382655   occ= 0
MO #862 energy= 2.74864058957457   occ= 0
MO #863 energy= 2.7533020803031    occ= 0
MO #864 energy= 2.75439779341762   occ= 0
MO #865 energy= 2.75828252828      occ= 0
MO #866 energy= 2.7604673294796    occ= 0
MO #867 energy= 2.764347926541     occ= 0
MO #868 energy= 2.76956402596916   occ= 0
MO #869 energy= 2.77489396507024   occ= 0
MO #870 energy= 2.78257973424759   occ= 0
MO #871 energy= 2.79055724805228   occ= 0
MO #872 energy= 2.79816310741941   occ= 0
MO #873 energy= 2.8068212804577    occ= 0
MO #874 energy= 2.81731188611139   occ= 0
MO #875 energy= 2.82329038420151   occ= 0
MO #876 energy= 2.82828612587686   occ= 0
MO #877 energy= 2.85270543551939   occ= 0
MO #878 energy= 2.86034232500564   occ= 0
MO #879 energy= 2.86467375921585   occ= 0
MO #880 energy= 2.86703827721531   occ= 0
MO #881 energy= 2.87926132211783   occ= 0
MO #882 energy= 2.88234675104285   occ= 0
MO #883 energy= 2.89072366751946   occ= 0
MO #884 energy= 2.89889072024967   occ= 0
MO #885 energy= 2.92383009158767   occ= 0
MO #886 energy= 2.92615536015638   occ= 0
MO #887 energy= 2.92990997286926   occ= 0
MO #888 energy= 2.9307748966728    occ= 0
MO #889 energy= 2.93852272279742   occ= 0
MO #890 energy= 2.94120627406651   occ= 0
MO #891 energy= 2.95507916378113   occ= 0
MO #892 energy= 2.96050622691586   occ= 0
MO #893 energy= 2.96920351592151   occ= 0
MO #894 energy= 2.97250316051398   occ= 0
MO #895 energy= 2.97755094595988   occ= 0
MO #896 energy= 2.98546570855369   occ= 0
MO #897 energy= 2.99153347920106   occ= 0
MO #898 energy= 2.99984928815197   occ= 0
MO #899 energy= 3.00464274983245   occ= 0
MO #900 energy= 3.01427298039323   occ= 0
MO #901 energy= 3.01859711983559   occ= 0
MO #902 energy= 3.03326416411023   occ= 0
MO #903 energy= 3.03721970131245   occ= 0
MO #904 energy= 3.04968816684294   occ= 0
MO #905 energy= 3.07411103021977   occ= 0
MO #906 energy= 3.07954968461529   occ= 0
MO #907 energy= 3.09100877060518   occ= 0
MO #908 energy= 3.09910044351205   occ= 0
MO #909 energy= 3.10774029529384   occ= 0
MO #910 energy= 3.11728112454113   occ= 0
MO #911 energy= 3.1289558948566    occ= 0
MO #912 energy= 3.14687055551134   occ= 0
MO #913 energy= 3.14827095700222   occ= 0
MO #914 energy= 3.16100780656732   occ= 0
MO #915 energy= 3.17040904374228   occ= 0
MO #916 energy= 3.17625214894907   occ= 0
MO #917 energy= 3.18275326565579   occ= 0
MO #918 energy= 3.19014862029081   occ= 0
MO #919 energy= 3.19975451264637   occ= 0
MO #920 energy= 3.20871275793647   occ= 0
MO #921 energy= 3.21728800915431   occ= 0
MO #922 energy= 3.24438497392238   occ= 0
MO #923 energy= 3.30683972219981   occ= 0
MO #924 energy= 3.31009179171373   occ= 0
MO #925 energy= 3.31624525806321   occ= 0
MO #926 energy= 3.36709308548295   occ= 0
MO #927 energy= 3.39704817173035   occ= 0
MO #928 energy= 3.46369733566982   occ= 0
MO #929 energy= 3.47081860617582   occ= 0
MO #930 energy= 3.48184442777268   occ= 0
MO #931 energy= 3.56550279998197   occ= 0
MO #932 energy= 3.59091152499036   occ= 0
MO #933 energy= 3.66177362632138   occ= 0
MO #934 energy= 3.66661904961298   occ= 0
MO #935 energy= 3.66888400578804   occ= 0
MO #936 energy= 3.67084747645685   occ= 0
MO #937 energy= 3.67589191856827   occ= 0
MO #938 energy= 3.68254152549361   occ= 0
MO #939 energy= 3.69702082246447   occ= 0
 ** Mulliken atomic charges  **
charge of  0O =     -0.76864
charge of  1P =      1.76112
charge of  2O =     -0.64773
charge of  3O =     -0.53760
charge of  4C =      0.16413
charge of  5C =     -0.00647
charge of  6C =     -0.18473
charge of  7C =      0.00677
charge of  8C =     -0.00492
charge of  9C =     -0.10754
charge of  10C =     -0.09762
charge of  11C =     -0.10333
charge of  12C =     -0.09881
charge of  13C =      0.00896
charge of  14C =     -0.10579
charge of  15C =      0.00754
charge of  16C =     -0.00783
charge of  17C =     -0.11017
charge of  18C =     -0.10015
charge of  19C =     -0.10532
charge of  20C =     -0.09738
charge of  21C =     -0.10919
charge of  22C =      0.00829
charge of  23C =     -0.00036
charge of  24C =     -0.10474
charge of  25C =     -0.09894
charge of  26C =     -0.10135
charge of  27C =     -0.10108
charge of  28C =     -0.02717
charge of  29C =     -0.02844
charge of  30C =      0.16989
charge of  31O =     -0.55702
charge of  32C =      0.00416
charge of  33C =     -0.18522
charge of  34C =      0.00604
charge of  35C =     -0.00419
charge of  36C =     -0.10753
charge of  37C =     -0.09758
charge of  38C =     -0.10258
charge of  39C =     -0.10351
charge of  40C =      0.00862
charge of  41C =     -0.10751
charge of  42C =      0.00603
charge of  43C =     -0.01053
charge of  44C =     -0.11139
charge of  45C =     -0.10277
charge of  46C =     -0.10770
charge of  47C =     -0.09876
charge of  48C =     -0.10510
charge of  49C =      0.01085
charge of  50C =      0.00043
charge of  51C =     -0.10618
charge of  52C =     -0.09930
charge of  53C =     -0.10169
charge of  54C =     -0.09934
charge of  55H =      0.34925
charge of  56H =      0.10680
charge of  57H =      0.11607
charge of  58H =      0.10435
charge of  59H =      0.10407
charge of  60H =      0.10354
charge of  61H =      0.09994
charge of  62H =      0.09683
charge of  63H =      0.09635
charge of  64H =      0.10248
charge of  65H =      0.10359
charge of  66H =      0.10037
charge of  67H =      0.11129
charge of  68H =      0.11195
charge of  69H =      0.10500
charge of  70H =      0.10449
charge of  71H =      0.10294
charge of  72H =      0.10631
charge of  73H =      0.11943
charge of  74H =      0.11998
charge of  75H =      0.10570
charge of  76H =      0.10139
charge of  77H =      0.09726
charge of  78H =      0.09499
charge of  79H =      0.09977
charge of  80H =      0.10089
charge of  81H =      0.10160
charge of  82H =      0.09895
charge of  83H =      0.11323
charge of  84H =      0.10988
charge of  85H =      0.10405
charge of  86H =      0.10402
charge of  87H =      0.10363
Dipole moment(X, Y, Z, Debye):  2.76961, -3.53968,  2.33341
def2-svp b3lyp 204.6629114151001
