/public3/home/scg5914/software-scg5914/LSW/1/data/data2/std_data/def2svp_b3lyp/cat_40.xyz
converged SCF energy = -3376.33040344705
**** MO energy ****
MO #1   energy= -77.2184493801586  occ= 2
MO #2   energy= -66.1109319272939  occ= 2
MO #3   energy= -66.1086812713838  occ= 2
MO #4   energy= -19.1854703841283  occ= 2
MO #5   energy= -19.1792433514445  occ= 2
MO #6   energy= -19.17068708748    occ= 2
MO #7   energy= -19.0840206197279  occ= 2
MO #8   energy= -10.2597040964101  occ= 2
MO #9   energy= -10.2579244123043  occ= 2
MO #10  energy= -10.2073080598331  occ= 2
MO #11  energy= -10.2065555406142  occ= 2
MO #12  energy= -10.2057858136212  occ= 2
MO #13  energy= -10.2036527447839  occ= 2
MO #14  energy= -10.200028864996   occ= 2
MO #15  energy= -10.1986431045292  occ= 2
MO #16  energy= -10.1981764436895  occ= 2
MO #17  energy= -10.1967789103001  occ= 2
MO #18  energy= -10.1944235533805  occ= 2
MO #19  energy= -10.1942579538493  occ= 2
MO #20  energy= -10.1927565274017  occ= 2
MO #21  energy= -10.1922076015515  occ= 2
MO #22  energy= -10.1921011077449  occ= 2
MO #23  energy= -10.1917036680874  occ= 2
MO #24  energy= -10.1907747757751  occ= 2
MO #25  energy= -10.1899840204654  occ= 2
MO #26  energy= -10.1861485342351  occ= 2
MO #27  energy= -10.1859222706026  occ= 2
MO #28  energy= -10.1850744772408  occ= 2
MO #29  energy= -10.18321866937    occ= 2
MO #30  energy= -10.1827575462016  occ= 2
MO #31  energy= -10.1824435270199  occ= 2
MO #32  energy= -10.1823056401289  occ= 2
MO #33  energy= -10.1822051744136  occ= 2
MO #34  energy= -10.1818462118777  occ= 2
MO #35  energy= -10.1818220815639  occ= 2
MO #36  energy= -10.181279989045   occ= 2
MO #37  energy= -10.1812054689293  occ= 2
MO #38  energy= -10.1806779015963  occ= 2
MO #39  energy= -10.1806148614672  occ= 2
MO #40  energy= -10.1803976408519  occ= 2
MO #41  energy= -10.180031263172   occ= 2
MO #42  energy= -10.1799027601976  occ= 2
MO #43  energy= -10.179870458997   occ= 2
MO #44  energy= -10.1798031202304  occ= 2
MO #45  energy= -10.1794714037917  occ= 2
MO #46  energy= -10.1793310506159  occ= 2
MO #47  energy= -10.1790866947249  occ= 2
MO #48  energy= -10.1748887904023  occ= 2
MO #49  energy= -10.174458657665   occ= 2
MO #50  energy= -10.1735340409634  occ= 2
MO #51  energy= -10.1719119148943  occ= 2
MO #52  energy= -10.1715501370119  occ= 2
MO #53  energy= -10.1708728405817  occ= 2
MO #54  energy= -10.1701700506295  occ= 2
MO #55  energy= -10.1696202139199  occ= 2
MO #56  energy= -10.16956440664    occ= 2
MO #57  energy= -10.1690799458171  occ= 2
MO #58  energy= -10.1690007410366  occ= 2
MO #59  energy= -10.1678486635365  occ= 2
MO #60  energy= -10.1675410616204  occ= 2
MO #61  energy= -10.1661387575655  occ= 2
MO #62  energy= -10.1627124872561  occ= 2
MO #63  energy= -10.1603608468454  occ= 2
MO #64  energy= -6.69331444171838  occ= 2
MO #65  energy= -5.27323272999112  occ= 2
MO #66  energy= -5.27114835602904  occ= 2
MO #67  energy= -4.86121317423147  occ= 2
MO #68  energy= -4.86058436668361  occ= 2
MO #69  energy= -4.85824134604223  occ= 2
MO #70  energy= -3.63582177359559  occ= 2
MO #71  energy= -3.63510083849408  occ= 2
MO #72  energy= -3.6346259213311   occ= 2
MO #73  energy= -3.63346673096134  occ= 2
MO #74  energy= -3.63315641351273  occ= 2
MO #75  energy= -3.63264239655524  occ= 2
MO #76  energy= -1.11941936246516  occ= 2
MO #77  energy= -1.05855956296026  occ= 2
MO #78  energy= -1.0434178893421   occ= 2
MO #79  energy= -0.960787295707761 occ= 2
MO #80  energy= -0.89051623149592  occ= 2
MO #81  energy= -0.876203898486743 occ= 2
MO #82  energy= -0.84943581726275  occ= 2
MO #83  energy= -0.846392455162494 occ= 2
MO #84  energy= -0.845055671193868 occ= 2
MO #85  energy= -0.843619503329966 occ= 2
MO #86  energy= -0.837292247725937 occ= 2
MO #87  energy= -0.83519620463436  occ= 2
MO #88  energy= -0.832999534535213 occ= 2
MO #89  energy= -0.82248380483689  occ= 2
MO #90  energy= -0.800453253817705 occ= 2
MO #91  energy= -0.763697060552177 occ= 2
MO #92  energy= -0.751722396558533 occ= 2
MO #93  energy= -0.746772704115692 occ= 2
MO #94  energy= -0.742918592469184 occ= 2
MO #95  energy= -0.739437151142067 occ= 2
MO #96  energy= -0.73831814134517  occ= 2
MO #97  energy= -0.735820840072156 occ= 2
MO #98  energy= -0.735308171449087 occ= 2
MO #99  energy= -0.734200326377647 occ= 2
MO #100 energy= -0.733032307321575 occ= 2
MO #101 energy= -0.731925633763331 occ= 2
MO #102 energy= -0.730023554634717 occ= 2
MO #103 energy= -0.726619971488073 occ= 2
MO #104 energy= -0.724757457338443 occ= 2
MO #105 energy= -0.724049973454195 occ= 2
MO #106 energy= -0.722456213818389 occ= 2
MO #107 energy= -0.710615318356651 occ= 2
MO #108 energy= -0.674956449467344 occ= 2
MO #109 energy= -0.638347517650851 occ= 2
MO #110 energy= -0.638192875154929 occ= 2
MO #111 energy= -0.623363934233534 occ= 2
MO #112 energy= -0.618560165878871 occ= 2
MO #113 energy= -0.60543570843762  occ= 2
MO #114 energy= -0.602848267511712 occ= 2
MO #115 energy= -0.600147310382758 occ= 2
MO #116 energy= -0.598210849554597 occ= 2
MO #117 energy= -0.596124401483595 occ= 2
MO #118 energy= -0.594391309708866 occ= 2
MO #119 energy= -0.593429095018414 occ= 2
MO #120 energy= -0.58944298459278  occ= 2
MO #121 energy= -0.587305323082654 occ= 2
MO #122 energy= -0.584521910624491 occ= 2
MO #123 energy= -0.583332877415011 occ= 2
MO #124 energy= -0.582664017115597 occ= 2
MO #125 energy= -0.580007710589834 occ= 2
MO #126 energy= -0.578693956521369 occ= 2
MO #127 energy= -0.572399913946994 occ= 2
MO #128 energy= -0.56207301666356  occ= 2
MO #129 energy= -0.540408898431625 occ= 2
MO #130 energy= -0.538751289317975 occ= 2
MO #131 energy= -0.533944287486236 occ= 2
MO #132 energy= -0.523162045048717 occ= 2
MO #133 energy= -0.515602483022391 occ= 2
MO #134 energy= -0.513427683798462 occ= 2
MO #135 energy= -0.512068835141104 occ= 2
MO #136 energy= -0.506760384818579 occ= 2
MO #137 energy= -0.505235482241368 occ= 2
MO #138 energy= -0.493520281935055 occ= 2
MO #139 energy= -0.4901111709516   occ= 2
MO #140 energy= -0.482471591864065 occ= 2
MO #141 energy= -0.473987940022097 occ= 2
MO #142 energy= -0.466937106452111 occ= 2
MO #143 energy= -0.463247000994107 occ= 2
MO #144 energy= -0.460818563791512 occ= 2
MO #145 energy= -0.453356569603978 occ= 2
MO #146 energy= -0.451092372801058 occ= 2
MO #147 energy= -0.449891018647143 occ= 2
MO #148 energy= -0.448388195801823 occ= 2
MO #149 energy= -0.447383497071701 occ= 2
MO #150 energy= -0.446033084037622 occ= 2
MO #151 energy= -0.444135772063785 occ= 2
MO #152 energy= -0.443951833650454 occ= 2
MO #153 energy= -0.440962968944263 occ= 2
MO #154 energy= -0.439825086985113 occ= 2
MO #155 energy= -0.438636362891011 occ= 2
MO #156 energy= -0.438140582735457 occ= 2
MO #157 energy= -0.437967813188487 occ= 2
MO #158 energy= -0.436915277364825 occ= 2
MO #159 energy= -0.431047776599344 occ= 2
MO #160 energy= -0.430266247605526 occ= 2
MO #161 energy= -0.4298114493861   occ= 2
MO #162 energy= -0.420909120297018 occ= 2
MO #163 energy= -0.419847486632832 occ= 2
MO #164 energy= -0.417718163949473 occ= 2
MO #165 energy= -0.416388440661405 occ= 2
MO #166 energy= -0.415412227828341 occ= 2
MO #167 energy= -0.414779944911349 occ= 2
MO #168 energy= -0.411245116657952 occ= 2
MO #169 energy= -0.408418420541197 occ= 2
MO #170 energy= -0.407636490899079 occ= 2
MO #171 energy= -0.402915891953458 occ= 2
MO #172 energy= -0.399028291739468 occ= 2
MO #173 energy= -0.393355124620248 occ= 2
MO #174 energy= -0.390803878049613 occ= 2
MO #175 energy= -0.389678968612117 occ= 2
MO #176 energy= -0.389086702843518 occ= 2
MO #177 energy= -0.38640842150533  occ= 2
MO #178 energy= -0.382308674179311 occ= 2
MO #179 energy= -0.37847135622717  occ= 2
MO #180 energy= -0.376847064662235 occ= 2
MO #181 energy= -0.372252239563746 occ= 2
MO #182 energy= -0.369061612013954 occ= 2
MO #183 energy= -0.367721990207609 occ= 2
MO #184 energy= -0.365478157595656 occ= 2
MO #185 energy= -0.364082877979874 occ= 2
MO #186 energy= -0.360920574083531 occ= 2
MO #187 energy= -0.359305403625637 occ= 2
MO #188 energy= -0.354370634642376 occ= 2
MO #189 energy= -0.350995050878522 occ= 2
MO #190 energy= -0.347469269338825 occ= 2
MO #191 energy= -0.342346589678457 occ= 2
MO #192 energy= -0.341667201869968 occ= 2
MO #193 energy= -0.339457662903848 occ= 2
MO #194 energy= -0.338915663174835 occ= 2
MO #195 energy= -0.33823993928188  occ= 2
MO #196 energy= -0.337597627030756 occ= 2
MO #197 energy= -0.333232019684937 occ= 2
MO #198 energy= -0.332108438440385 occ= 2
MO #199 energy= -0.329351113111751 occ= 2
MO #200 energy= -0.329279988719481 occ= 2
MO #201 energy= -0.31382088895412  occ= 2
MO #202 energy= -0.308364892426616 occ= 2
MO #203 energy= -0.304449275812587 occ= 2
MO #204 energy= -0.302715377607487 occ= 2
MO #205 energy= -0.296933205365694 occ= 2
MO #206 energy= -0.294893451510324 occ= 2
MO #207 energy= -0.294530232500981 occ= 2
MO #208 energy= -0.293088812067892 occ= 2
MO #209 energy= -0.291159163777117 occ= 2
MO #210 energy= -0.288303545848313 occ= 2
MO #211 energy= -0.258202178266911 occ= 2
MO #212 energy= -0.257244597211051 occ= 2
MO #213 energy= -0.25600129782493  occ= 2
MO #214 energy= -0.254493746954947 occ= 2
MO #215 energy= -0.252818435395699 occ= 2
MO #216 energy= -0.25250406131926  occ= 2
MO #217 energy= -0.252051601713812 occ= 2
MO #218 energy= -0.25051277883456  occ= 2
MO #219 energy= -0.250392410012541 occ= 2
MO #220 energy= -0.244269634010321 occ= 2
MO #221 energy= -0.241587040810322 occ= 2
MO #222 energy= -0.240820867041293 occ= 2
MO #223 energy= -0.238527378691644 occ= 2
MO #224 energy= -0.2359474938365   occ= 2
MO #225 energy= -0.231641897478613 occ= 2
MO #226 energy= -0.22016316126447  occ= 2
MO #227 energy= -0.0625308179935433 occ= 0
MO #228 energy= -0.0517028879569328 occ= 0
MO #229 energy= -0.0299831322932178 occ= 0
MO #230 energy= -0.0249918713506286 occ= 0
MO #231 energy= -0.0200116283896991 occ= 0
MO #232 energy= -0.0158650238850094 occ= 0
MO #233 energy= -0.0133200516856273 occ= 0
MO #234 energy= -0.0111610169807733 occ= 0
MO #235 energy= -0.00778559009549026 occ= 0
MO #236 energy= -0.00587472684873473 occ= 0
MO #237 energy= -0.00317343135192386 occ= 0
MO #238 energy= -0.0012174242359591 occ= 0
MO #239 energy= 4.78667252544951e-05 occ= 0
MO #240 energy= 0.00242299048600872 occ= 0
MO #241 energy= 0.00788121518260327 occ= 0
MO #242 energy= 0.0100888511492009 occ= 0
MO #243 energy= 0.0114426264650542 occ= 0
MO #244 energy= 0.0246744060168093 occ= 0
MO #245 energy= 0.0400463999747098 occ= 0
MO #246 energy= 0.0616915550093674 occ= 0
MO #247 energy= 0.0640799633039686 occ= 0
MO #248 energy= 0.064632329821371  occ= 0
MO #249 energy= 0.065365324014365  occ= 0
MO #250 energy= 0.0701986012468452 occ= 0
MO #251 energy= 0.0723423463111352 occ= 0
MO #252 energy= 0.0728790633833758 occ= 0
MO #253 energy= 0.075338829685757  occ= 0
MO #254 energy= 0.076912594994761  occ= 0
MO #255 energy= 0.0871666067046365 occ= 0
MO #256 energy= 0.08856475580461   occ= 0
MO #257 energy= 0.09107909891551   occ= 0
MO #258 energy= 0.0991457886199579 occ= 0
MO #259 energy= 0.101578287801161  occ= 0
MO #260 energy= 0.103722412409357  occ= 0
MO #261 energy= 0.106312687473225  occ= 0
MO #262 energy= 0.108176556434967  occ= 0
MO #263 energy= 0.109017121511024  occ= 0
MO #264 energy= 0.11274887355666   occ= 0
MO #265 energy= 0.113786736931734  occ= 0
MO #266 energy= 0.115021521969664  occ= 0
MO #267 energy= 0.117001233104372  occ= 0
MO #268 energy= 0.11905878232018   occ= 0
MO #269 energy= 0.123208846822079  occ= 0
MO #270 energy= 0.125499357610347  occ= 0
MO #271 energy= 0.126733937753886  occ= 0
MO #272 energy= 0.127770454308088  occ= 0
MO #273 energy= 0.129195207726507  occ= 0
MO #274 energy= 0.13384112263527   occ= 0
MO #275 energy= 0.135322622142839  occ= 0
MO #276 energy= 0.137653730409906  occ= 0
MO #277 energy= 0.13838066443829   occ= 0
MO #278 energy= 0.141418939748369  occ= 0
MO #279 energy= 0.144168453021759  occ= 0
MO #280 energy= 0.146285180591311  occ= 0
MO #281 energy= 0.147584759261774  occ= 0
MO #282 energy= 0.151519798359243  occ= 0
MO #283 energy= 0.152024573944291  occ= 0
MO #284 energy= 0.155234008556829  occ= 0
MO #285 energy= 0.156764964924296  occ= 0
MO #286 energy= 0.157697143931591  occ= 0
MO #287 energy= 0.158785346852418  occ= 0
MO #288 energy= 0.16036848114993   occ= 0
MO #289 energy= 0.163243823360783  occ= 0
MO #290 energy= 0.166337518486934  occ= 0
MO #291 energy= 0.167942550151883  occ= 0
MO #292 energy= 0.1701415591354    occ= 0
MO #293 energy= 0.172075092884806  occ= 0
MO #294 energy= 0.177769888743266  occ= 0
MO #295 energy= 0.179489546997289  occ= 0
MO #296 energy= 0.181173221887106  occ= 0
MO #297 energy= 0.183110991456196  occ= 0
MO #298 energy= 0.187420319774354  occ= 0
MO #299 energy= 0.188833470906533  occ= 0
MO #300 energy= 0.189262218316891  occ= 0
MO #301 energy= 0.190748683831383  occ= 0
MO #302 energy= 0.195279817283385  occ= 0
MO #303 energy= 0.198970314512461  occ= 0
MO #304 energy= 0.202217277881652  occ= 0
MO #305 energy= 0.206115280451083  occ= 0
MO #306 energy= 0.210234565584294  occ= 0
MO #307 energy= 0.216344052232959  occ= 0
MO #308 energy= 0.221924644289085  occ= 0
MO #309 energy= 0.236701542988434  occ= 0
MO #310 energy= 0.248412587161558  occ= 0
MO #311 energy= 0.249216140398603  occ= 0
MO #312 energy= 0.256817157183948  occ= 0
MO #313 energy= 0.258233088625767  occ= 0
MO #314 energy= 0.267771011848081  occ= 0
MO #315 energy= 0.270302661479829  occ= 0
MO #316 energy= 0.273110996045389  occ= 0
MO #317 energy= 0.278436865470527  occ= 0
MO #318 energy= 0.282525432054779  occ= 0
MO #319 energy= 0.286541036762036  occ= 0
MO #320 energy= 0.290222087464356  occ= 0
MO #321 energy= 0.291137240660479  occ= 0
MO #322 energy= 0.294274228479946  occ= 0
MO #323 energy= 0.296274404890618  occ= 0
MO #324 energy= 0.296862665008859  occ= 0
MO #325 energy= 0.298544438557483  occ= 0
MO #326 energy= 0.299812015830083  occ= 0
MO #327 energy= 0.301987899197146  occ= 0
MO #328 energy= 0.304821935939769  occ= 0
MO #329 energy= 0.305638602453243  occ= 0
MO #330 energy= 0.306272796691581  occ= 0
MO #331 energy= 0.308207780446305  occ= 0
MO #332 energy= 0.310872754697379  occ= 0
MO #333 energy= 0.313302324587358  occ= 0
MO #334 energy= 0.313948678103938  occ= 0
MO #335 energy= 0.315210940668369  occ= 0
MO #336 energy= 0.316859243890177  occ= 0
MO #337 energy= 0.318633673389293  occ= 0
MO #338 energy= 0.320052507691391  occ= 0
MO #339 energy= 0.323589682306297  occ= 0
MO #340 energy= 0.325817674287286  occ= 0
MO #341 energy= 0.328245362622407  occ= 0
MO #342 energy= 0.329567905925072  occ= 0
MO #343 energy= 0.331177232815172  occ= 0
MO #344 energy= 0.333686294087431  occ= 0
MO #345 energy= 0.334148982159659  occ= 0
MO #346 energy= 0.339909931619487  occ= 0
MO #347 energy= 0.341650516940953  occ= 0
MO #348 energy= 0.342889336447387  occ= 0
MO #349 energy= 0.347624600625476  occ= 0
MO #350 energy= 0.354302240144948  occ= 0
MO #351 energy= 0.356681090647461  occ= 0
MO #352 energy= 0.368421174424471  occ= 0
MO #353 energy= 0.369830211744747  occ= 0
MO #354 energy= 0.372058527740982  occ= 0
MO #355 energy= 0.37401635254098   occ= 0
MO #356 energy= 0.380816449481471  occ= 0
MO #357 energy= 0.383254664966695  occ= 0
MO #358 energy= 0.383778860005166  occ= 0
MO #359 energy= 0.386660960979448  occ= 0
MO #360 energy= 0.389027262383435  occ= 0
MO #361 energy= 0.390902249003967  occ= 0
MO #362 energy= 0.394991364304346  occ= 0
MO #363 energy= 0.397945787860729  occ= 0
MO #364 energy= 0.400952381483724  occ= 0
MO #365 energy= 0.403303248861796  occ= 0
MO #366 energy= 0.406149308847002  occ= 0
MO #367 energy= 0.410758714802121  occ= 0
MO #368 energy= 0.412924721564087  occ= 0
MO #369 energy= 0.415580146971347  occ= 0
MO #370 energy= 0.420269246977035  occ= 0
MO #371 energy= 0.420445740627763  occ= 0
MO #372 energy= 0.421620926847578  occ= 0
MO #373 energy= 0.42472148624813   occ= 0
MO #374 energy= 0.432241724313257  occ= 0
MO #375 energy= 0.434701495646911  occ= 0
MO #376 energy= 0.435047810761536  occ= 0
MO #377 energy= 0.436907332999227  occ= 0
MO #378 energy= 0.439371460994528  occ= 0
MO #379 energy= 0.442598885131468  occ= 0
MO #380 energy= 0.447101103743348  occ= 0
MO #381 energy= 0.449312039278088  occ= 0
MO #382 energy= 0.451749031966523  occ= 0
MO #383 energy= 0.453077159842639  occ= 0
MO #384 energy= 0.454049196272568  occ= 0
MO #385 energy= 0.456192797222568  occ= 0
MO #386 energy= 0.458835425126905  occ= 0
MO #387 energy= 0.461889889958748  occ= 0
MO #388 energy= 0.464054072060396  occ= 0
MO #389 energy= 0.465579609717063  occ= 0
MO #390 energy= 0.466990842586881  occ= 0
MO #391 energy= 0.468694645866947  occ= 0
MO #392 energy= 0.4700810151932    occ= 0
MO #393 energy= 0.472321831463799  occ= 0
MO #394 energy= 0.47448948822498   occ= 0
MO #395 energy= 0.476323446568053  occ= 0
MO #396 energy= 0.477068296148042  occ= 0
MO #397 energy= 0.478909619786355  occ= 0
MO #398 energy= 0.480887136893425  occ= 0
MO #399 energy= 0.482293222697827  occ= 0
MO #400 energy= 0.482404864812457  occ= 0
MO #401 energy= 0.483672786277316  occ= 0
MO #402 energy= 0.485582902457597  occ= 0
MO #403 energy= 0.486990381175248  occ= 0
MO #404 energy= 0.48888522664437   occ= 0
MO #405 energy= 0.490120280706016  occ= 0
MO #406 energy= 0.490330308505107  occ= 0
MO #407 energy= 0.492927503463828  occ= 0
MO #408 energy= 0.493955562450539  occ= 0
MO #409 energy= 0.495269634944894  occ= 0
MO #410 energy= 0.49707384699448   occ= 0
MO #411 energy= 0.498847134478783  occ= 0
MO #412 energy= 0.499268357758762  occ= 0
MO #413 energy= 0.501956609341089  occ= 0
MO #414 energy= 0.503677493148946  occ= 0
MO #415 energy= 0.504896722429167  occ= 0
MO #416 energy= 0.505518683860771  occ= 0
MO #417 energy= 0.507768749336459  occ= 0
MO #418 energy= 0.509592127263467  occ= 0
MO #419 energy= 0.510816250250227  occ= 0
MO #420 energy= 0.518774688142541  occ= 0
MO #421 energy= 0.520086561704439  occ= 0
MO #422 energy= 0.521604187858768  occ= 0
MO #423 energy= 0.525151664694572  occ= 0
MO #424 energy= 0.526024601868206  occ= 0
MO #425 energy= 0.530603347671071  occ= 0
MO #426 energy= 0.533951735494151  occ= 0
MO #427 energy= 0.535204540392959  occ= 0
MO #428 energy= 0.537476857550958  occ= 0
MO #429 energy= 0.539539750779814  occ= 0
MO #430 energy= 0.544453630618176  occ= 0
MO #431 energy= 0.547249383111475  occ= 0
MO #432 energy= 0.55053708793078   occ= 0
MO #433 energy= 0.55230828310429   occ= 0
MO #434 energy= 0.555849823017183  occ= 0
MO #435 energy= 0.558382915708472  occ= 0
MO #436 energy= 0.560432445097243  occ= 0
MO #437 energy= 0.563048769097457  occ= 0
MO #438 energy= 0.565732072630699  occ= 0
MO #439 energy= 0.566983667882797  occ= 0
MO #440 energy= 0.569802583078251  occ= 0
MO #441 energy= 0.572328579691051  occ= 0
MO #442 energy= 0.572893085220782  occ= 0
MO #443 energy= 0.579625963813837  occ= 0
MO #444 energy= 0.582085165644844  occ= 0
MO #445 energy= 0.586365060580803  occ= 0
MO #446 energy= 0.587801179494345  occ= 0
MO #447 energy= 0.59010462443259   occ= 0
MO #448 energy= 0.594773448153732  occ= 0
MO #449 energy= 0.597244958738221  occ= 0
MO #450 energy= 0.597972446562951  occ= 0
MO #451 energy= 0.599980918330562  occ= 0
MO #452 energy= 0.603785477085025  occ= 0
MO #453 energy= 0.606433309081989  occ= 0
MO #454 energy= 0.611204568170196  occ= 0
MO #455 energy= 0.613917589151664  occ= 0
MO #456 energy= 0.615827693572358  occ= 0
MO #457 energy= 0.620769468523537  occ= 0
MO #458 energy= 0.622261854195757  occ= 0
MO #459 energy= 0.624882114615287  occ= 0
MO #460 energy= 0.628114690763543  occ= 0
MO #461 energy= 0.634120800315357  occ= 0
MO #462 energy= 0.635619129218422  occ= 0
MO #463 energy= 0.636342366150668  occ= 0
MO #464 energy= 0.643622889784916  occ= 0
MO #465 energy= 0.644294477326951  occ= 0
MO #466 energy= 0.645514846086088  occ= 0
MO #467 energy= 0.646640742672496  occ= 0
MO #468 energy= 0.650892496849699  occ= 0
MO #469 energy= 0.653900918406863  occ= 0
MO #470 energy= 0.655050560014274  occ= 0
MO #471 energy= 0.655609944610655  occ= 0
MO #472 energy= 0.656264044213481  occ= 0
MO #473 energy= 0.658772802114591  occ= 0
MO #474 energy= 0.659327737857076  occ= 0
MO #475 energy= 0.661788658637159  occ= 0
MO #476 energy= 0.663573675481239  occ= 0
MO #477 energy= 0.665828938325784  occ= 0
MO #478 energy= 0.668130197672199  occ= 0
MO #479 energy= 0.671496401169861  occ= 0
MO #480 energy= 0.671958967726444  occ= 0
MO #481 energy= 0.673458131714886  occ= 0
MO #482 energy= 0.675465090476996  occ= 0
MO #483 energy= 0.677076612094573  occ= 0
MO #484 energy= 0.680050529056082  occ= 0
MO #485 energy= 0.682144803765341  occ= 0
MO #486 energy= 0.682973464518136  occ= 0
MO #487 energy= 0.685436585815728  occ= 0
MO #488 energy= 0.686878691741892  occ= 0
MO #489 energy= 0.688346440799862  occ= 0
MO #490 energy= 0.689945829006823  occ= 0
MO #491 energy= 0.691762023589993  occ= 0
MO #492 energy= 0.693772230593036  occ= 0
MO #493 energy= 0.695773470016382  occ= 0
MO #494 energy= 0.698817696471202  occ= 0
MO #495 energy= 0.700366917399233  occ= 0
MO #496 energy= 0.70113957854998   occ= 0
MO #497 energy= 0.702212577363048  occ= 0
MO #498 energy= 0.707203810793651  occ= 0
MO #499 energy= 0.708031294749045  occ= 0
MO #500 energy= 0.709581423592886  occ= 0
MO #501 energy= 0.713769649295231  occ= 0
MO #502 energy= 0.716726069338157  occ= 0
MO #503 energy= 0.71817642052904   occ= 0
MO #504 energy= 0.720202797228817  occ= 0
MO #505 energy= 0.721665142938884  occ= 0
MO #506 energy= 0.723100178685806  occ= 0
MO #507 energy= 0.724085217926279  occ= 0
MO #508 energy= 0.72729006069599   occ= 0
MO #509 energy= 0.727445567616194  occ= 0
MO #510 energy= 0.728020093266398  occ= 0
MO #511 energy= 0.732057805305963  occ= 0
MO #512 energy= 0.73267338935617   occ= 0
MO #513 energy= 0.735364630876582  occ= 0
MO #514 energy= 0.736504151479116  occ= 0
MO #515 energy= 0.738402233610479  occ= 0
MO #516 energy= 0.740446878227706  occ= 0
MO #517 energy= 0.742240909241255  occ= 0
MO #518 energy= 0.744617358813074  occ= 0
MO #519 energy= 0.745877737921728  occ= 0
MO #520 energy= 0.748883233964747  occ= 0
MO #521 energy= 0.749974484766156  occ= 0
MO #522 energy= 0.751614946322133  occ= 0
MO #523 energy= 0.753990918448705  occ= 0
MO #524 energy= 0.756563081781737  occ= 0
MO #525 energy= 0.760049970649772  occ= 0
MO #526 energy= 0.761089309870986  occ= 0
MO #527 energy= 0.762105598847691  occ= 0
MO #528 energy= 0.764834550031678  occ= 0
MO #529 energy= 0.766593508866978  occ= 0
MO #530 energy= 0.768864807556314  occ= 0
MO #531 energy= 0.773907408957254  occ= 0
MO #532 energy= 0.775833485783222  occ= 0
MO #533 energy= 0.7777569910131    occ= 0
MO #534 energy= 0.779372001444301  occ= 0
MO #535 energy= 0.780215814496734  occ= 0
MO #536 energy= 0.783242376059341  occ= 0
MO #537 energy= 0.786254728067805  occ= 0
MO #538 energy= 0.788815193472542  occ= 0
MO #539 energy= 0.789535067216472  occ= 0
MO #540 energy= 0.791060147351699  occ= 0
MO #541 energy= 0.794579385163346  occ= 0
MO #542 energy= 0.797090816328245  occ= 0
MO #543 energy= 0.799087972091849  occ= 0
MO #544 energy= 0.800564642225304  occ= 0
MO #545 energy= 0.80155689593764   occ= 0
MO #546 energy= 0.806557128254019  occ= 0
MO #547 energy= 0.808723632856145  occ= 0
MO #548 energy= 0.812891446336671  occ= 0
MO #549 energy= 0.813393649803192  occ= 0
MO #550 energy= 0.817014221262859  occ= 0
MO #551 energy= 0.82178956302158   occ= 0
MO #552 energy= 0.823819589170957  occ= 0
MO #553 energy= 0.824964863025833  occ= 0
MO #554 energy= 0.828970306587823  occ= 0
MO #555 energy= 0.829466331097749  occ= 0
MO #556 energy= 0.834062286732859  occ= 0
MO #557 energy= 0.837044163630074  occ= 0
MO #558 energy= 0.840538648140671  occ= 0
MO #559 energy= 0.848775861805138  occ= 0
MO #560 energy= 0.849984993672261  occ= 0
MO #561 energy= 0.857033377252769  occ= 0
MO #562 energy= 0.860573567632072  occ= 0
MO #563 energy= 0.865163700281581  occ= 0
MO #564 energy= 0.867583197298994  occ= 0
MO #565 energy= 0.872582813312641  occ= 0
MO #566 energy= 0.877845570570948  occ= 0
MO #567 energy= 0.880827666397155  occ= 0
MO #568 energy= 0.882416939729721  occ= 0
MO #569 energy= 0.884889419082194  occ= 0
MO #570 energy= 0.891134411255487  occ= 0
MO #571 energy= 0.89401781679788   occ= 0
MO #572 energy= 0.899093279423288  occ= 0
MO #573 energy= 0.900519495786774  occ= 0
MO #574 energy= 0.904177388773116  occ= 0
MO #575 energy= 0.905695701844004  occ= 0
MO #576 energy= 0.909632090734825  occ= 0
MO #577 energy= 0.911408605710716  occ= 0
MO #578 energy= 0.914892918257546  occ= 0
MO #579 energy= 0.920150499581914  occ= 0
MO #580 energy= 0.924272001666094  occ= 0
MO #581 energy= 0.929166310753986  occ= 0
MO #582 energy= 0.930453209170478  occ= 0
MO #583 energy= 0.934397625765052  occ= 0
MO #584 energy= 0.934871009852891  occ= 0
MO #585 energy= 0.93655070276573   occ= 0
MO #586 energy= 0.942930298826876  occ= 0
MO #587 energy= 0.948823752141232  occ= 0
MO #588 energy= 0.950907432639447  occ= 0
MO #589 energy= 0.953157023622498  occ= 0
MO #590 energy= 0.962989045259092  occ= 0
MO #591 energy= 0.964094625347673  occ= 0
MO #592 energy= 0.968485108404582  occ= 0
MO #593 energy= 0.970295707293703  occ= 0
MO #594 energy= 0.977074101942134  occ= 0
MO #595 energy= 0.983225947815394  occ= 0
MO #596 energy= 0.986006247285565  occ= 0
MO #597 energy= 0.988793202089043  occ= 0
MO #598 energy= 0.996973013896375  occ= 0
MO #599 energy= 1.00152386697613   occ= 0
MO #600 energy= 1.00505062225102   occ= 0
MO #601 energy= 1.00692430639809   occ= 0
MO #602 energy= 1.01008624937702   occ= 0
MO #603 energy= 1.01717066774831   occ= 0
MO #604 energy= 1.02539278864341   occ= 0
MO #605 energy= 1.03329730171632   occ= 0
MO #606 energy= 1.03935562429847   occ= 0
MO #607 energy= 1.05110307376508   occ= 0
MO #608 energy= 1.05456838893295   occ= 0
MO #609 energy= 1.06367518439453   occ= 0
MO #610 energy= 1.07066555317249   occ= 0
MO #611 energy= 1.07627368757571   occ= 0
MO #612 energy= 1.08280115932614   occ= 0
MO #613 energy= 1.09627279434748   occ= 0
MO #614 energy= 1.10198728612291   occ= 0
MO #615 energy= 1.10662389304661   occ= 0
MO #616 energy= 1.11110757283493   occ= 0
MO #617 energy= 1.11759813575009   occ= 0
MO #618 energy= 1.12364276017544   occ= 0
MO #619 energy= 1.12832220838413   occ= 0
MO #620 energy= 1.12922692566325   occ= 0
MO #621 energy= 1.13810033040371   occ= 0
MO #622 energy= 1.14222466029569   occ= 0
MO #623 energy= 1.14378086840594   occ= 0
MO #624 energy= 1.15141823179844   occ= 0
MO #625 energy= 1.15518617810725   occ= 0
MO #626 energy= 1.15839321219908   occ= 0
MO #627 energy= 1.16385932475139   occ= 0
MO #628 energy= 1.17295091208731   occ= 0
MO #629 energy= 1.18165941092548   occ= 0
MO #630 energy= 1.1854328202714    occ= 0
MO #631 energy= 1.18661756016895   occ= 0
MO #632 energy= 1.19263081647319   occ= 0
MO #633 energy= 1.19287306779028   occ= 0
MO #634 energy= 1.19935275265287   occ= 0
MO #635 energy= 1.20113674785168   occ= 0
MO #636 energy= 1.20754773765023   occ= 0
MO #637 energy= 1.21194261927418   occ= 0
MO #638 energy= 1.2145007556436    occ= 0
MO #639 energy= 1.21531468919922   occ= 0
MO #640 energy= 1.22157240189821   occ= 0
MO #641 energy= 1.2240470655075    occ= 0
MO #642 energy= 1.22710101063026   occ= 0
MO #643 energy= 1.23027376734007   occ= 0
MO #644 energy= 1.23547207755415   occ= 0
MO #645 energy= 1.23911674365462   occ= 0
MO #646 energy= 1.24244565894762   occ= 0
MO #647 energy= 1.24644269882941   occ= 0
MO #648 energy= 1.25063616707406   occ= 0
MO #649 energy= 1.25248094883633   occ= 0
MO #650 energy= 1.25345708989188   occ= 0
MO #651 energy= 1.25619316272457   occ= 0
MO #652 energy= 1.25696003556285   occ= 0
MO #653 energy= 1.25876830997221   occ= 0
MO #654 energy= 1.26008634765398   occ= 0
MO #655 energy= 1.26255825380895   occ= 0
MO #656 energy= 1.26368565860388   occ= 0
MO #657 energy= 1.2652275661542    occ= 0
MO #658 energy= 1.26683086760907   occ= 0
MO #659 energy= 1.26828845757136   occ= 0
MO #660 energy= 1.26977489491309   occ= 0
MO #661 energy= 1.27222045538695   occ= 0
MO #662 energy= 1.27585370221768   occ= 0
MO #663 energy= 1.2777735823444    occ= 0
MO #664 energy= 1.28168740730267   occ= 0
MO #665 energy= 1.2850686464348    occ= 0
MO #666 energy= 1.28756401314985   occ= 0
MO #667 energy= 1.289186231525     occ= 0
MO #668 energy= 1.29482900086672   occ= 0
MO #669 energy= 1.29659348537286   occ= 0
MO #670 energy= 1.29677569297405   occ= 0
MO #671 energy= 1.30038136219409   occ= 0
MO #672 energy= 1.30149829331499   occ= 0
MO #673 energy= 1.30676154085666   occ= 0
MO #674 energy= 1.30827113969509   occ= 0
MO #675 energy= 1.3102769269779    occ= 0
MO #676 energy= 1.31129557172393   occ= 0
MO #677 energy= 1.31346656306029   occ= 0
MO #678 energy= 1.31514289792652   occ= 0
MO #679 energy= 1.31922337868866   occ= 0
MO #680 energy= 1.32003886056912   occ= 0
MO #681 energy= 1.32331698456465   occ= 0
MO #682 energy= 1.32556581704312   occ= 0
MO #683 energy= 1.33070915012168   occ= 0
MO #684 energy= 1.33148872288232   occ= 0
MO #685 energy= 1.33526168352412   occ= 0
MO #686 energy= 1.33979010041485   occ= 0
MO #687 energy= 1.34106143971773   occ= 0
MO #688 energy= 1.34351903786734   occ= 0
MO #689 energy= 1.34697649323861   occ= 0
MO #690 energy= 1.35513483765674   occ= 0
MO #691 energy= 1.36304481196177   occ= 0
MO #692 energy= 1.36452039359647   occ= 0
MO #693 energy= 1.37306303416685   occ= 0
MO #694 energy= 1.37855821636577   occ= 0
MO #695 energy= 1.3876608486568    occ= 0
MO #696 energy= 1.39505317064768   occ= 0
MO #697 energy= 1.40119179135316   occ= 0
MO #698 energy= 1.40261046383205   occ= 0
MO #699 energy= 1.41203188256794   occ= 0
MO #700 energy= 1.42295121612447   occ= 0
MO #701 energy= 1.42625192515258   occ= 0
MO #702 energy= 1.4425565611762    occ= 0
MO #703 energy= 1.45480348028538   occ= 0
MO #704 energy= 1.47103450965519   occ= 0
MO #705 energy= 1.49334352548519   occ= 0
MO #706 energy= 1.50204126969423   occ= 0
MO #707 energy= 1.51757143251244   occ= 0
MO #708 energy= 1.52309488014347   occ= 0
MO #709 energy= 1.52570668181126   occ= 0
MO #710 energy= 1.52964230998765   occ= 0
MO #711 energy= 1.5357756723748    occ= 0
MO #712 energy= 1.54249647738961   occ= 0
MO #713 energy= 1.54856085899546   occ= 0
MO #714 energy= 1.55096863030208   occ= 0
MO #715 energy= 1.55768504174957   occ= 0
MO #716 energy= 1.55949774837632   occ= 0
MO #717 energy= 1.56844810509001   occ= 0
MO #718 energy= 1.57827901770509   occ= 0
MO #719 energy= 1.5856207512513    occ= 0
MO #720 energy= 1.5919365318251    occ= 0
MO #721 energy= 1.59853876635627   occ= 0
MO #722 energy= 1.60252263689484   occ= 0
MO #723 energy= 1.61222153716141   occ= 0
MO #724 energy= 1.62525666251457   occ= 0
MO #725 energy= 1.63272658537314   occ= 0
MO #726 energy= 1.64743532339278   occ= 0
MO #727 energy= 1.65360397894558   occ= 0
MO #728 energy= 1.66114089585826   occ= 0
MO #729 energy= 1.67406997599217   occ= 0
MO #730 energy= 1.68022164932931   occ= 0
MO #731 energy= 1.6846979973167    occ= 0
MO #732 energy= 1.68529176616258   occ= 0
MO #733 energy= 1.68539925705398   occ= 0
MO #734 energy= 1.68763021721693   occ= 0
MO #735 energy= 1.68832929014979   occ= 0
MO #736 energy= 1.69141174890261   occ= 0
MO #737 energy= 1.69271398589496   occ= 0
MO #738 energy= 1.69550566744143   occ= 0
MO #739 energy= 1.6963207077876    occ= 0
MO #740 energy= 1.69990877122373   occ= 0
MO #741 energy= 1.70413379823352   occ= 0
MO #742 energy= 1.71358777713163   occ= 0
MO #743 energy= 1.71661691828178   occ= 0
MO #744 energy= 1.7184432674238    occ= 0
MO #745 energy= 1.72020389678966   occ= 0
MO #746 energy= 1.72184043515171   occ= 0
MO #747 energy= 1.72279172487279   occ= 0
MO #748 energy= 1.7294422069234    occ= 0
MO #749 energy= 1.73200540867703   occ= 0
MO #750 energy= 1.7330030297964    occ= 0
MO #751 energy= 1.73431993101702   occ= 0
MO #752 energy= 1.73685640765358   occ= 0
MO #753 energy= 1.74057947209796   occ= 0
MO #754 energy= 1.7414328545143    occ= 0
MO #755 energy= 1.7458401400562    occ= 0
MO #756 energy= 1.74821948800901   occ= 0
MO #757 energy= 1.74982916439459   occ= 0
MO #758 energy= 1.75357622947496   occ= 0
MO #759 energy= 1.75579287802889   occ= 0
MO #760 energy= 1.75624001315574   occ= 0
MO #761 energy= 1.75904085101705   occ= 0
MO #762 energy= 1.75918206758805   occ= 0
MO #763 energy= 1.76087999246458   occ= 0
MO #764 energy= 1.76264403714407   occ= 0
MO #765 energy= 1.76295296825815   occ= 0
MO #766 energy= 1.76735469464239   occ= 0
MO #767 energy= 1.77206064273968   occ= 0
MO #768 energy= 1.7725317949164    occ= 0
MO #769 energy= 1.77389157984549   occ= 0
MO #770 energy= 1.77578533116996   occ= 0
MO #771 energy= 1.77689063294606   occ= 0
MO #772 energy= 1.77869495390952   occ= 0
MO #773 energy= 1.77990633339027   occ= 0
MO #774 energy= 1.78183440635716   occ= 0
MO #775 energy= 1.7827266997541    occ= 0
MO #776 energy= 1.78305693725514   occ= 0
MO #777 energy= 1.78598693149924   occ= 0
MO #778 energy= 1.78623704629843   occ= 0
MO #779 energy= 1.78671768440775   occ= 0
MO #780 energy= 1.78778063527422   occ= 0
MO #781 energy= 1.78931559703184   occ= 0
MO #782 energy= 1.79290931933463   occ= 0
MO #783 energy= 1.79555296513864   occ= 0
MO #784 energy= 1.7986739259256    occ= 0
MO #785 energy= 1.80045008710077   occ= 0
MO #786 energy= 1.80318870472085   occ= 0
MO #787 energy= 1.80648011903587   occ= 0
MO #788 energy= 1.80864963032766   occ= 0
MO #789 energy= 1.81458986206377   occ= 0
MO #790 energy= 1.81524616285666   occ= 0
MO #791 energy= 1.81715547839393   occ= 0
MO #792 energy= 1.81955207995662   occ= 0
MO #793 energy= 1.82304364243093   occ= 0
MO #794 energy= 1.82756646363212   occ= 0
MO #795 energy= 1.83322087650354   occ= 0
MO #796 energy= 1.83493203953469   occ= 0
MO #797 energy= 1.8375389238316    occ= 0
MO #798 energy= 1.83947160123831   occ= 0
MO #799 energy= 1.84015779286473   occ= 0
MO #800 energy= 1.84118302868467   occ= 0
MO #801 energy= 1.84687113768398   occ= 0
MO #802 energy= 1.85525720700256   occ= 0
MO #803 energy= 1.85566162783187   occ= 0
MO #804 energy= 1.85870045306606   occ= 0
MO #805 energy= 1.86250335587896   occ= 0
MO #806 energy= 1.86360047859278   occ= 0
MO #807 energy= 1.86725460263739   occ= 0
MO #808 energy= 1.87120953224295   occ= 0
MO #809 energy= 1.87832763488904   occ= 0
MO #810 energy= 1.88349008377935   occ= 0
MO #811 energy= 1.88690739533308   occ= 0
MO #812 energy= 1.89066824206353   occ= 0
MO #813 energy= 1.89537792848815   occ= 0
MO #814 energy= 1.89618736356634   occ= 0
MO #815 energy= 1.90353154982286   occ= 0
MO #816 energy= 1.90553871480995   occ= 0
MO #817 energy= 1.91115296876569   occ= 0
MO #818 energy= 1.91468136118154   occ= 0
MO #819 energy= 1.92351526271644   occ= 0
MO #820 energy= 1.92586798036864   occ= 0
MO #821 energy= 1.93477795363991   occ= 0
MO #822 energy= 1.94219458984841   occ= 0
MO #823 energy= 1.94456697630182   occ= 0
MO #824 energy= 1.95322092410131   occ= 0
MO #825 energy= 1.95519538916545   occ= 0
MO #826 energy= 1.95851541258268   occ= 0
MO #827 energy= 1.95974984939055   occ= 0
MO #828 energy= 1.96152816500356   occ= 0
MO #829 energy= 1.96206757423378   occ= 0
MO #830 energy= 1.96268705430294   occ= 0
MO #831 energy= 1.96598680945297   occ= 0
MO #832 energy= 1.9681453132598    occ= 0
MO #833 energy= 1.97170114112723   occ= 0
MO #834 energy= 1.97642144839195   occ= 0
MO #835 energy= 1.97836430962598   occ= 0
MO #836 energy= 1.98395713130719   occ= 0
MO #837 energy= 1.98703764313983   occ= 0
MO #838 energy= 1.98987730949765   occ= 0
MO #839 energy= 1.99155290336775   occ= 0
MO #840 energy= 1.99350074429594   occ= 0
MO #841 energy= 1.99507982777065   occ= 0
MO #842 energy= 1.9994804697941    occ= 0
MO #843 energy= 2.00264365862042   occ= 0
MO #844 energy= 2.00615659358653   occ= 0
MO #845 energy= 2.0102159674276    occ= 0
MO #846 energy= 2.01320795306372   occ= 0
MO #847 energy= 2.01373317758065   occ= 0
MO #848 energy= 2.01481487165287   occ= 0
MO #849 energy= 2.01899802908154   occ= 0
MO #850 energy= 2.02044692954405   occ= 0
MO #851 energy= 2.02114456820563   occ= 0
MO #852 energy= 2.02476896506277   occ= 0
MO #853 energy= 2.02631791969655   occ= 0
MO #854 energy= 2.03242383961558   occ= 0
MO #855 energy= 2.03391024945434   occ= 0
MO #856 energy= 2.04066865917032   occ= 0
MO #857 energy= 2.0431265354695    occ= 0
MO #858 energy= 2.04943944509656   occ= 0
MO #859 energy= 2.05222597473167   occ= 0
MO #860 energy= 2.05796127439733   occ= 0
MO #861 energy= 2.06155272267055   occ= 0
MO #862 energy= 2.06596375715367   occ= 0
MO #863 energy= 2.06744555035347   occ= 0
MO #864 energy= 2.07420068753695   occ= 0
MO #865 energy= 2.0767477442622    occ= 0
MO #866 energy= 2.08169146334365   occ= 0
MO #867 energy= 2.08550263997482   occ= 0
MO #868 energy= 2.08848162861053   occ= 0
MO #869 energy= 2.09357948090325   occ= 0
MO #870 energy= 2.10038713966635   occ= 0
MO #871 energy= 2.10868372569453   occ= 0
MO #872 energy= 2.11038903432652   occ= 0
MO #873 energy= 2.11776922130822   occ= 0
MO #874 energy= 2.11910852062145   occ= 0
MO #875 energy= 2.12557126516205   occ= 0
MO #876 energy= 2.12710076011283   occ= 0
MO #877 energy= 2.13808203267694   occ= 0
MO #878 energy= 2.13910381046214   occ= 0
MO #879 energy= 2.14093879512103   occ= 0
MO #880 energy= 2.14436384978972   occ= 0
MO #881 energy= 2.1470628482533    occ= 0
MO #882 energy= 2.15095819473461   occ= 0
MO #883 energy= 2.15991359084606   occ= 0
MO #884 energy= 2.16028513430762   occ= 0
MO #885 energy= 2.16271603142522   occ= 0
MO #886 energy= 2.16593868721072   occ= 0
MO #887 energy= 2.16716331919015   occ= 0
MO #888 energy= 2.17048994739055   occ= 0
MO #889 energy= 2.1773140338146    occ= 0
MO #890 energy= 2.17961378374225   occ= 0
MO #891 energy= 2.18404941805613   occ= 0
MO #892 energy= 2.18709955833123   occ= 0
MO #893 energy= 2.19721238368679   occ= 0
MO #894 energy= 2.19814373735916   occ= 0
MO #895 energy= 2.20465908119284   occ= 0
MO #896 energy= 2.20580568737053   occ= 0
MO #897 energy= 2.20953794740699   occ= 0
MO #898 energy= 2.21011032541551   occ= 0
MO #899 energy= 2.21533441886644   occ= 0
MO #900 energy= 2.21968233370193   occ= 0
MO #901 energy= 2.22075851148737   occ= 0
MO #902 energy= 2.22622831521432   occ= 0
MO #903 energy= 2.23590624464741   occ= 0
MO #904 energy= 2.2390504627662    occ= 0
MO #905 energy= 2.24179658780845   occ= 0
MO #906 energy= 2.24927455249588   occ= 0
MO #907 energy= 2.25162813542075   occ= 0
MO #908 energy= 2.2595652667648    occ= 0
MO #909 energy= 2.26089011827063   occ= 0
MO #910 energy= 2.26394437950535   occ= 0
MO #911 energy= 2.26746342486005   occ= 0
MO #912 energy= 2.27272977585247   occ= 0
MO #913 energy= 2.29277002125111   occ= 0
MO #914 energy= 2.29443263491491   occ= 0
MO #915 energy= 2.30585360979895   occ= 0
MO #916 energy= 2.30896404182319   occ= 0
MO #917 energy= 2.3094079170478    occ= 0
MO #918 energy= 2.31108254560965   occ= 0
MO #919 energy= 2.31213909222539   occ= 0
MO #920 energy= 2.31402072057581   occ= 0
MO #921 energy= 2.31572522034903   occ= 0
MO #922 energy= 2.321487885347     occ= 0
MO #923 energy= 2.32470177554296   occ= 0
MO #924 energy= 2.32516516225995   occ= 0
MO #925 energy= 2.32661023640319   occ= 0
MO #926 energy= 2.32823011438872   occ= 0
MO #927 energy= 2.32953662356791   occ= 0
MO #928 energy= 2.33298415741679   occ= 0
MO #929 energy= 2.33397666331874   occ= 0
MO #930 energy= 2.33838889519413   occ= 0
MO #931 energy= 2.34376275061211   occ= 0
MO #932 energy= 2.34430549092647   occ= 0
MO #933 energy= 2.34777861556656   occ= 0
MO #934 energy= 2.35152341633476   occ= 0
MO #935 energy= 2.35498866121673   occ= 0
MO #936 energy= 2.36149879090196   occ= 0
MO #937 energy= 2.36289056864884   occ= 0
MO #938 energy= 2.36624553033611   occ= 0
MO #939 energy= 2.36768380789682   occ= 0
MO #940 energy= 2.36819096789932   occ= 0
MO #941 energy= 2.37003153676902   occ= 0
MO #942 energy= 2.37032810207677   occ= 0
MO #943 energy= 2.3733165675442    occ= 0
MO #944 energy= 2.3747422864298    occ= 0
MO #945 energy= 2.37912539757343   occ= 0
MO #946 energy= 2.38116097889896   occ= 0
MO #947 energy= 2.38400544309904   occ= 0
MO #948 energy= 2.38783192867946   occ= 0
MO #949 energy= 2.39484088675353   occ= 0
MO #950 energy= 2.39798881112995   occ= 0
MO #951 energy= 2.39975719664814   occ= 0
MO #952 energy= 2.40167329863392   occ= 0
MO #953 energy= 2.4054514551939    occ= 0
MO #954 energy= 2.40885764394421   occ= 0
MO #955 energy= 2.41209497404183   occ= 0
MO #956 energy= 2.42023447775641   occ= 0
MO #957 energy= 2.42385995882573   occ= 0
MO #958 energy= 2.42445848078351   occ= 0
MO #959 energy= 2.4288857861198    occ= 0
MO #960 energy= 2.4317870575434    occ= 0
MO #961 energy= 2.43471144560981   occ= 0
MO #962 energy= 2.48952868282314   occ= 0
MO #963 energy= 2.4977509013958    occ= 0
MO #964 energy= 2.49935096822281   occ= 0
MO #965 energy= 2.55631748549097   occ= 0
MO #966 energy= 2.55772062257735   occ= 0
MO #967 energy= 2.55976323810696   occ= 0
MO #968 energy= 2.5631761652936    occ= 0
MO #969 energy= 2.56536137571703   occ= 0
MO #970 energy= 2.5707857717143    occ= 0
MO #971 energy= 2.57238811081759   occ= 0
MO #972 energy= 2.5732820862381    occ= 0
MO #973 energy= 2.58833450288564   occ= 0
MO #974 energy= 2.59762021250143   occ= 0
MO #975 energy= 2.60441312043526   occ= 0
MO #976 energy= 2.61180997836297   occ= 0
MO #977 energy= 2.61540536518148   occ= 0
MO #978 energy= 2.63012390893926   occ= 0
MO #979 energy= 2.63338595180901   occ= 0
MO #980 energy= 2.6350854554805    occ= 0
MO #981 energy= 2.63535903177167   occ= 0
MO #982 energy= 2.63616669057993   occ= 0
MO #983 energy= 2.64098065637812   occ= 0
MO #984 energy= 2.64336209413962   occ= 0
MO #985 energy= 2.6465343841113    occ= 0
MO #986 energy= 2.64752710160861   occ= 0
MO #987 energy= 2.64812100244831   occ= 0
MO #988 energy= 2.64895953892267   occ= 0
MO #989 energy= 2.6498043316994    occ= 0
MO #990 energy= 2.65512122087204   occ= 0
MO #991 energy= 2.65894722946134   occ= 0
MO #992 energy= 2.66245290093864   occ= 0
MO #993 energy= 2.66526718876655   occ= 0
MO #994 energy= 2.67041584592874   occ= 0
MO #995 energy= 2.67334294109824   occ= 0
MO #996 energy= 2.67513171040611   occ= 0
MO #997 energy= 2.67553267342637   occ= 0
MO #998 energy= 2.67731905703512   occ= 0
MO #999 energy= 2.67882501642552   occ= 0
MO #1000 energy= 2.68351010174554   occ= 0
MO #1001 energy= 2.68762922331899   occ= 0
MO #1002 energy= 2.68948864785641   occ= 0
MO #1003 energy= 2.69295357276693   occ= 0
MO #1004 energy= 2.70233788346711   occ= 0
MO #1005 energy= 2.70904547414584   occ= 0
MO #1006 energy= 2.72030107279149   occ= 0
MO #1007 energy= 2.73000981499814   occ= 0
MO #1008 energy= 2.74642782417533   occ= 0
MO #1009 energy= 2.74998557758766   occ= 0
MO #1010 energy= 2.75036910914495   occ= 0
MO #1011 energy= 2.75129714523398   occ= 0
MO #1012 energy= 2.75217439346363   occ= 0
MO #1013 energy= 2.75585321999651   occ= 0
MO #1014 energy= 2.75898837618218   occ= 0
MO #1015 energy= 2.76011067472378   occ= 0
MO #1016 energy= 2.76140615258464   occ= 0
MO #1017 energy= 2.76718318863743   occ= 0
MO #1018 energy= 2.7677499845378    occ= 0
MO #1019 energy= 2.77183605361174   occ= 0
MO #1020 energy= 2.77254861617259   occ= 0
MO #1021 energy= 2.77735849616373   occ= 0
MO #1022 energy= 2.77948778336673   occ= 0
MO #1023 energy= 2.78700650215024   occ= 0
MO #1024 energy= 2.80532765850407   occ= 0
MO #1025 energy= 2.81387521895354   occ= 0
MO #1026 energy= 2.82512768462743   occ= 0
MO #1027 energy= 2.84780960160309   occ= 0
MO #1028 energy= 2.85055911746959   occ= 0
MO #1029 energy= 2.85455457314981   occ= 0
MO #1030 energy= 2.85827822981608   occ= 0
MO #1031 energy= 2.86196048144031   occ= 0
MO #1032 energy= 2.8651329296252    occ= 0
MO #1033 energy= 2.86961514779978   occ= 0
MO #1034 energy= 2.8745202125272    occ= 0
MO #1035 energy= 2.88301038585502   occ= 0
MO #1036 energy= 2.89450782690155   occ= 0
MO #1037 energy= 2.89721752241938   occ= 0
MO #1038 energy= 2.90794291184658   occ= 0
MO #1039 energy= 2.90823159371988   occ= 0
MO #1040 energy= 2.9094904101867    occ= 0
MO #1041 energy= 2.91453171535346   occ= 0
MO #1042 energy= 2.91781860893433   occ= 0
MO #1043 energy= 2.92100655684875   occ= 0
MO #1044 energy= 2.92332346022291   occ= 0
MO #1045 energy= 2.92569544645534   occ= 0
MO #1046 energy= 2.92787604791327   occ= 0
MO #1047 energy= 2.93033593569901   occ= 0
MO #1048 energy= 2.93093972666146   occ= 0
MO #1049 energy= 2.93384724936017   occ= 0
MO #1050 energy= 2.93501501783688   occ= 0
MO #1051 energy= 2.94310405950873   occ= 0
MO #1052 energy= 2.94783080554182   occ= 0
MO #1053 energy= 2.95744914851659   occ= 0
MO #1054 energy= 2.99689130825763   occ= 0
MO #1055 energy= 3.00254896920602   occ= 0
MO #1056 energy= 3.01263056487677   occ= 0
MO #1057 energy= 3.02938584859275   occ= 0
MO #1058 energy= 3.05771306428461   occ= 0
MO #1059 energy= 3.06369496710119   occ= 0
MO #1060 energy= 3.06471270081856   occ= 0
MO #1061 energy= 3.06635381663774   occ= 0
MO #1062 energy= 3.0676656523146    occ= 0
MO #1063 energy= 3.07450322514216   occ= 0
MO #1064 energy= 3.07642232741408   occ= 0
MO #1065 energy= 3.07940137747836   occ= 0
MO #1066 energy= 3.14309754784967   occ= 0
MO #1067 energy= 3.1454142623134    occ= 0
MO #1068 energy= 3.14795088008228   occ= 0
MO #1069 energy= 3.15105950181591   occ= 0
MO #1070 energy= 3.15494830384141   occ= 0
MO #1071 energy= 3.15971021199182   occ= 0
MO #1072 energy= 3.16248420984573   occ= 0
MO #1073 energy= 3.16304315837721   occ= 0
MO #1074 energy= 3.17385980635466   occ= 0
MO #1075 energy= 3.17669339185763   occ= 0
MO #1076 energy= 3.19160323606823   occ= 0
MO #1077 energy= 3.20902072962491   occ= 0
MO #1078 energy= 3.24278503531968   occ= 0
MO #1079 energy= 3.24447341121518   occ= 0
MO #1080 energy= 3.2455921245803    occ= 0
MO #1081 energy= 3.24791735824654   occ= 0
MO #1082 energy= 3.25477909776392   occ= 0
MO #1083 energy= 3.25778586839486   occ= 0
MO #1084 energy= 3.26087305094826   occ= 0
MO #1085 energy= 3.32822089884381   occ= 0
MO #1086 energy= 3.37414810540623   occ= 0
MO #1087 energy= 3.41831515200255   occ= 0
MO #1088 energy= 3.48559316356426   occ= 0
MO #1089 energy= 3.56379897438084   occ= 0
MO #1090 energy= 3.58901029194725   occ= 0
MO #1091 energy= 3.64452871655373   occ= 0
MO #1092 energy= 3.64747370556951   occ= 0
MO #1093 energy= 3.65202251013855   occ= 0
MO #1094 energy= 3.65364020465488   occ= 0
MO #1095 energy= 3.65604672170907   occ= 0
MO #1096 energy= 3.66269221550638   occ= 0
MO #1097 energy= 3.66595649796385   occ= 0
MO #1098 energy= 3.68609769878402   occ= 0
MO #1099 energy= 3.711683138288     occ= 0
 ** Mulliken atomic charges  **
charge of  0O =     -0.76750
charge of  1P =      1.76445
charge of  2O =     -0.64054
charge of  3O =     -0.55657
charge of  4C =      0.18952
charge of  5C =     -0.24009
charge of  6Si =      0.84509
charge of  7C =     -0.22285
charge of  8C =     -0.07449
charge of  9C =     -0.08817
charge of  10C =     -0.08777
charge of  11C =     -0.09430
charge of  12C =     -0.09556
charge of  13C =     -0.21889
charge of  14C =     -0.09135
charge of  15C =     -0.10324
charge of  16C =     -0.09861
charge of  17C =     -0.10570
charge of  18C =     -0.09372
charge of  19C =     -0.22312
charge of  20C =     -0.09452
charge of  21C =     -0.10170
charge of  22C =     -0.09616
charge of  23C =     -0.10329
charge of  24C =     -0.09481
charge of  25C =     -0.08125
charge of  26C =      0.00550
charge of  27C =      0.00676
charge of  28C =     -0.10580
charge of  29C =     -0.09522
charge of  30C =     -0.10290
charge of  31C =     -0.09710
charge of  32C =     -0.03215
charge of  33C =     -0.03599
charge of  34C =      0.18946
charge of  35O =     -0.53523
charge of  36C =     -0.24808
charge of  37Si =      0.84180
charge of  38C =     -0.22311
charge of  39C =     -0.09047
charge of  40C =     -0.10012
charge of  41C =     -0.09635
charge of  42C =     -0.10418
charge of  43C =     -0.10144
charge of  44C =     -0.22417
charge of  45C =     -0.09451
charge of  46C =     -0.10284
charge of  47C =     -0.09046
charge of  48C =     -0.08766
charge of  49C =     -0.09105
charge of  50C =     -0.22246
charge of  51C =     -0.09450
charge of  52C =     -0.10218
charge of  53C =     -0.09426
charge of  54C =     -0.10072
charge of  55C =     -0.08905
charge of  56C =     -0.08504
charge of  57C =      0.00197
charge of  58C =      0.00554
charge of  59C =     -0.10803
charge of  60C =     -0.09532
charge of  61C =     -0.10422
charge of  62C =     -0.09780
charge of  63H =      0.34780
charge of  64H =      0.09345
charge of  65H =      0.09886
charge of  66H =      0.09735
charge of  67H =      0.09826
charge of  68H =      0.09449
charge of  69H =      0.09760
charge of  70H =      0.10033
charge of  71H =      0.10000
charge of  72H =      0.09879
charge of  73H =      0.09476
charge of  74H =      0.10149
charge of  75H =      0.10053
charge of  76H =      0.10090
charge of  77H =      0.09987
charge of  78H =      0.09485
charge of  79H =      0.10682
charge of  80H =      0.10978
charge of  81H =      0.10487
charge of  82H =      0.10432
charge of  83H =      0.10308
charge of  84H =      0.10125
charge of  85H =      0.10128
charge of  86H =      0.10148
charge of  87H =      0.09999
charge of  88H =      0.09160
charge of  89H =      0.09287
charge of  90H =      0.09637
charge of  91H =      0.09793
charge of  92H =      0.10781
charge of  93H =      0.10829
charge of  94H =      0.09880
charge of  95H =      0.10103
charge of  96H =      0.10142
charge of  97H =      0.10034
charge of  98H =      0.09714
charge of  99H =      0.10733
charge of  100H =      0.11070
charge of  101H =      0.10528
charge of  102H =      0.10438
charge of  103H =      0.10308
Dipole moment(X, Y, Z, Debye):  1.08861, -0.61930, -3.56014
def2-svp b3lyp 307.5431740283966
